these derivations will be built:
  /nix/store/2623nx934n2nyns3ifl0m402qsrqg88f-perl5.32.0-File-ShareDir-Install-0.13.drv
  /nix/store/50f0cjf9z3ac5g0hylvav3hv7j356a7d-perl5.32.0-Module-Build-0.4231.drv
  /nix/store/l066ky04spmnrdbcf3cicijs77ziadcc-perl5.32.0-ExtUtils-Config-0.008.drv
  /nix/store/9q4kk3g8dr8l2qs9fjqcjg6pfryxv4s7-perl5.32.0-ExtUtils-InstallPaths-0.012.drv
  /nix/store/5hidnxmjmikwwl882rbqc58ydly7w8ha-perl5.32.0-Class-Inspector-1.36.drv
  /nix/store/f6xkqdg52fkd1qc9l8pm8ycnfyj0ys4p-perl5.32.0-File-ShareDir-1.116.drv
  /nix/store/qy2md08ff6q8nzwwxmm2idc2qivim8pc-perl5.32.0-ExtUtils-Helpers-0.026.drv
  /nix/store/f0q7f24r1m822pxsmmy7ys6h42b59gpa-perl5.32.0-Module-Build-Tiny-0.039.drv
  /nix/store/2njrzz9i2mqw1r6awn4yf51xd8sf99mb-perl5.32.0-aliased-0.34.drv
building '/nix/store/50f0cjf9z3ac5g0hylvav3hv7j356a7d-perl5.32.0-Module-Build-0.4231.drv'...
building '/nix/store/qy2md08ff6q8nzwwxmm2idc2qivim8pc-perl5.32.0-ExtUtils-Helpers-0.026.drv'...
building '/nix/store/5hidnxmjmikwwl882rbqc58ydly7w8ha-perl5.32.0-Class-Inspector-1.36.drv'...
building '/nix/store/l066ky04spmnrdbcf3cicijs77ziadcc-perl5.32.0-ExtUtils-Config-0.008.drv'...
building '/nix/store/2623nx934n2nyns3ifl0m402qsrqg88f-perl5.32.0-File-ShareDir-Install-0.13.drv'...
unpacking sources
unpacking source archive /nix/store/pm54fbqaak7i30i6axai653vs487rfal-Module-Build-0.4231.tar.gz
source root is Module-Build-0.4231
setting SOURCE_DATE_EPOCH to timestamp 1580284283 of file Module-Build-0.4231/t/xs.t
patching sources
configuring
unpacking sources
unpacking source archive /nix/store/q8zzs2b6yy9rl3j2mcqglsjxqpmxf3jm-ExtUtils-Helpers-0.026.tar.gz
source root is ExtUtils-Helpers-0.026
unpacking sources
unpacking source archive /nix/store/jb9i197jh68w5kr23sp7c84pa6xcg6x7-File-ShareDir-Install-0.13.tar.gz
setting SOURCE_DATE_EPOCH to timestamp 1473442019 of file ExtUtils-Helpers-0.026/xt/author/pod-syntax.t
unpacking sources
unpacking source archive /nix/store/jwfp9lqcvfnci65gyh6yv0cg2r232zfv-ExtUtils-Config-0.008.tar.gz
patching sources
source root is File-ShareDir-Install-0.13
configuring
patching ./t/extend.t...
unpacking sources
source root is ExtUtils-Config-0.008
unpacking source archive /nix/store/9ddis9ghpvlbw4sf6dhnfk14a9j15psc-Class-Inspector-1.36.tar.gz
setting SOURCE_DATE_EPOCH to timestamp 1524385146 of file File-ShareDir-Install-0.13/xt/release/distmeta.t
patching ./t/manifypods.t...
patching sources
configuring
source root is Class-Inspector-1.36
setting SOURCE_DATE_EPOCH to timestamp 1403710651 of file ExtUtils-Config-0.008/t/release-pod-syntax.t
patching sources
patching ./t/mymeta.t...
configuring
setting SOURCE_DATE_EPOCH to timestamp 1563539755 of file Class-Inspector-1.36/xt/release/fixme.t
patching sources
configuring
patching ./t/files.t...
patching ./xt/author/pod-coverage.t...
patching ./xt/author/pod-syntax.t...
patching ./t/debug.t...
patching ./t/signature.t...
patching ./t/split_like_shell.t...
patching ./t/pod_parser.t...
patching ./xt/release/distmeta.t...
patching ./t/man_pagename.t...
patching ./t/release-pod-syntax.t...
patching ./t/versions.t...
patching ./maint/cip-before-install...
patching ./t/compat.t...
patching ./t/tilde.t...
patching ./t/basics.t...
patching ./xt/author/pod-coverage.t...
patching ./maint/cip-test...
patching ./t/par.t...
patching ./t/make_executable.t...
patching ./t/release-pod-coverage.t...
patching ./xt/author/mojibake.t...
patching ./t/notes.t...
patching ./xt/author/pod-syntax.t...
patching ./t/write_default_maniskip.t...
patching ./t/test_type.t...
patching ./t/help.t...
patching ./t/add_property_hash.t...
patching ./t/runthrough.t...
patching ./xt/author/pod-no404s.t...
patching ./t/test_reqs.t...
patching ./xt/author/minimum-version.t...
patching ./t/destinations.t...
patching ./t/parents.t...
patching ./t/00-report-prereqs.t...
patching ./t/new_from_context.t...
patching ./t/metadata2.t...
patching ./t/ext.t...
patching ./t/ppm.t...
patching ./t/tilde.t...
patching ./t/use_tap_harness.t...
patching ./t/install_extra_target.t...
patching ./t/add_property_array.t...
patching ./t/add_property.t...
patching ./t/basic.t...
patching ./t/PL_files.t...
patching ./t/metadata.t...
patching ./t/install.t...
patching ./t/unit_run_test_harness.t...
patching ./t/xs.t...
patching ./t/script_dist.t...
patching ./t/test_file_exts.t...
patching ./t/compat/exit.t...
patching ./t/properties/share_dir.t...
patching ./t/test_types.t...
Checking if your kit is complete...
Looks good
Checking if your kit is complete...
patching ./bin/config_data...
Looks good
Checking if your kit is complete...
Generating a Unix-style Makefile
Writing Makefile for ExtUtils::Config
Checking if your kit is complete...
Looks good
Looks good
Writing MYMETA.yml and MYMETA.json
no configure script, doing nothing
building
build flags: SHELL=/nix/store/9fqwwd4iybmhjqyxiaxycknslw6bgwh1-bash-4.4-p23/bin/bash
Generating a Unix-style Makefile
Writing Makefile for ExtUtils::Helpers
# running Build.PL --prefix /nix/store/fznxrsrf0z6vhr2i509i7hsa5sgffbl1-perl5.32.0-Module-Build-0.4231 --installdirs site --config perl=/nix/store/7c044di03qa7qgr5kjjc2d787aspzp0m-perl-5.32.0/bin/perl --fullperl "/nix/store/7c044di03qa7qgr5kjjc2d787aspzp0m-perl-5.32.0/bin/perl"
Generating a Unix-style Makefile
Writing Makefile for File::ShareDir::Install
Generating a Unix-style Makefile
Writing Makefile for Class::Inspector
Writing MYMETA.yml and MYMETA.json
no configure script, doing nothing
building
build flags: SHELL=/nix/store/9fqwwd4iybmhjqyxiaxycknslw6bgwh1-bash-4.4-p23/bin/bash
Writing MYMETA.yml and MYMETA.json
no configure script, doing nothing
building
build flags: SHELL=/nix/store/9fqwwd4iybmhjqyxiaxycknslw6bgwh1-bash-4.4-p23/bin/bash
Writing MYMETA.yml and MYMETA.json
no configure script, doing nothing
building
build flags: SHELL=/nix/store/9fqwwd4iybmhjqyxiaxycknslw6bgwh1-bash-4.4-p23/bin/bash

Checking optional features...
inc_bundling_support....disabled
  requires:
    ! inc::latest is not installed

ERRORS/WARNINGS FOUND IN PREREQUISITES.  You may wish to install the versions
of the modules indicated above before proceeding with this installation

cp lib/ExtUtils/Config.pm blib/lib/ExtUtils/Config.pm
cp lib/ExtUtils/Helpers.pm blib/lib/ExtUtils/Helpers.pm
cp lib/ExtUtils/Helpers/Windows.pm blib/lib/ExtUtils/Helpers/Windows.pm
cp lib/ExtUtils/Helpers/VMS.pm blib/lib/ExtUtils/Helpers/VMS.pm
cp lib/ExtUtils/Helpers/Unix.pm blib/lib/ExtUtils/Helpers/Unix.pm
cp lib/Class/Inspector.pm blib/lib/Class/Inspector.pm
Created MYMETA.yml and MYMETA.json
Creating new 'Build' script for 'Module-Build' version '0.4231'
cp lib/Class/Inspector/Functions.pm blib/lib/Class/Inspector/Functions.pm
no configure script, doing nothing
building
build flags: SHELL=/nix/store/9fqwwd4iybmhjqyxiaxycknslw6bgwh1-bash-4.4-p23/bin/bash
/nix/store/7c044di03qa7qgr5kjjc2d787aspzp0m-perl-5.32.0/bin/perl Build --makefile_env_macros 1
Manifying 1 pod document
running tests
check flags: SHELL=/nix/store/9fqwwd4iybmhjqyxiaxycknslw6bgwh1-bash-4.4-p23/bin/bash VERBOSE=y test
Manifying 4 pod documents
PERL_DL_NONLAZY=1 "/nix/store/7c044di03qa7qgr5kjjc2d787aspzp0m-perl-5.32.0/bin/perl" "-MExtUtils::Command::MM" "-MTest::Harness" "-e" "undef *Test::Harness::Switches; test_harness(0, 'blib/lib', 'blib/arch')" t/*.t
Manifying 2 pod documents
running tests
check flags: SHELL=/nix/store/9fqwwd4iybmhjqyxiaxycknslw6bgwh1-bash-4.4-p23/bin/bash VERBOSE=y test
PERL_DL_NONLAZY=1 "/nix/store/7c044di03qa7qgr5kjjc2d787aspzp0m-perl-5.32.0/bin/perl" "-MExtUtils::Command::MM" "-MTest::Harness" "-e" "undef *Test::Harness::Switches; test_harness(0, 'blib/lib', 'blib/arch')" t/*.t
cp lib/File/ShareDir/Install.pm blib/lib/File/ShareDir/Install.pm
running tests
check flags: SHELL=/nix/store/9fqwwd4iybmhjqyxiaxycknslw6bgwh1-bash-4.4-p23/bin/bash VERBOSE=y test
PERL_DL_NONLAZY=1 "/nix/store/7c044di03qa7qgr5kjjc2d787aspzp0m-perl-5.32.0/bin/perl" "-MExtUtils::Command::MM" "-MTest::Harness" "-e" "undef *Test::Harness::Switches; test_harness(0, 'blib/lib', 'blib/arch')" t/*.t
Building Module-Build
Manifying 1 pod document
running tests
check flags: SHELL=/nix/store/9fqwwd4iybmhjqyxiaxycknslw6bgwh1-bash-4.4-p23/bin/bash VERBOSE=y test
PERL_DL_NONLAZY=1 "/nix/store/7c044di03qa7qgr5kjjc2d787aspzp0m-perl-5.32.0/bin/perl" "-MExtUtils::Command::MM" "-MTest::Harness" "-e" "undef *Test::Harness::Switches; test_harness(0, 'blib/lib', 'blib/arch')" t/*.t
t/00-compile.t ............ ok
t/00_diag.t ........................ 1/1 #
#
#
# HARNESS_ACTIVE=1
# HARNESS_VERSION=3.42
# PERL5LIB=/build/Class-Inspector-1.36/blib/lib:/build/Class-Inspector-1.36/blib/arch:/nix/store/7c044di03qa7qgr5kjjc2d787aspzp0m-perl-5.32.0/lib/perl5/site_perl:/nix/store/cbpyi2a7py0siyds9mgn7d9bvwvg2d3f-perl5.32.0-Class-Inspector-1.36/lib/perl5/site_perl:/nix/store/7c044di03qa7qgr5kjjc2d787aspzp0m-perl-5.32.0/lib/perl5/site_perl:/nix/store/7c044di03qa7qgr5kjjc2d787aspzp0m-perl-5.32.0/lib/perl5/site_perl:/nix/store/7c044di03qa7qgr5kjjc2d787aspzp0m-perl-5.32.0/lib/perl5/site_perl:/nix/store/7c044di03qa7qgr5kjjc2d787aspzp0m-perl-5.32.0/lib/perl5/site_perl:/nix/store/7c044di03qa7qgr5kjjc2d787aspzp0m-perl-5.32.0/lib/perl5/site_perl:/nix/store/cbpyi2a7py0siyds9mgn7d9bvwvg2d3f-perl5.32.0-Class-Inspector-1.36/lib/perl5/site_perl
# PERL_AUTOINSTALL=--skipdeps
# PERL_DL_NONLAZY=1
# PERL_USE_UNSAFE_INC=1
# SHELL=/nix/store/9fqwwd4iybmhjqyxiaxycknslw6bgwh1-bash-4.4-p23/bin/bash
# fullperl=/nix/store/7c044di03qa7qgr5kjjc2d787aspzp0m-perl-5.32.0
# shell=/nix/store/9fqwwd4iybmhjqyxiaxycknslw6bgwh1-bash-4.4-p23/bin/bash
#
#
#
# PERL5LIB path
# /build/Class-Inspector-1.36/blib/lib
# /build/Class-Inspector-1.36/blib/arch
# /nix/store/7c044di03qa7qgr5kjjc2d787aspzp0m-perl-5.32.0/lib/perl5/site_perl
# /nix/store/cbpyi2a7py0siyds9mgn7d9bvwvg2d3f-perl5.32.0-Class-Inspector-1.36/lib/perl5/site_perl
# /nix/store/7c044di03qa7qgr5kjjc2d787aspzp0m-perl-5.32.0/lib/perl5/site_perl
# /nix/store/7c044di03qa7qgr5kjjc2d787aspzp0m-perl-5.32.0/lib/perl5/site_perl
# /nix/store/7c044di03qa7qgr5kjjc2d787aspzp0m-perl-5.32.0/lib/perl5/site_perl
# /nix/store/7c044di03qa7qgr5kjjc2d787aspzp0m-perl-5.32.0/lib/perl5/site_perl
# /nix/store/7c044di03qa7qgr5kjjc2d787aspzp0m-perl-5.32.0/lib/perl5/site_perl
# /nix/store/cbpyi2a7py0siyds9mgn7d9bvwvg2d3f-perl5.32.0-Class-Inspector-1.36/lib/perl5/site_perl
#
#
#
# perl                5.032000
t/make_executable.t ... ok
t/basics.t ................ ok
# ExtUtils::MakeMaker 7.44
# File::Spec          3.78
# Test::More          1.302175
#
#
#
t/man_pagename.t ...... ok
t/00_diag.t ........................ ok
t/release-pod-coverage.t .. skipped: these tests are for release candidate testing
t/01_use.t ......................... ok
t/release-pod-syntax.t .... skipped: these tests are for release candidate testing
All tests successful.
Files=4, Tests=9,  0 wallclock secs ( 0.03 usr  0.01 sys +  0.32 cusr  0.04 csys =  0.40 CPU)
Result: PASS
installing
install flags: SHELL=/nix/store/9fqwwd4iybmhjqyxiaxycknslw6bgwh1-bash-4.4-p23/bin/bash pkgconfigdir=/nix/store/krm6dcd801l4fx1qzz4wr30060jrfgxd-perl5.32.0-ExtUtils-Config-0.008/lib/pkgconfig m4datadir=/nix/store/krm6dcd801l4fx1qzz4wr30060jrfgxd-perl5.32.0-ExtUtils-Config-0.008/share/aclocal aclocaldir=/nix/store/krm6dcd801l4fx1qzz4wr30060jrfgxd-perl5.32.0-ExtUtils-Config-0.008/share/aclocal install
t/split_like_shell.t .. ok
Manifying 1 pod document
t/class_inspector.t ................ ok
t/tilde.t ............. ok
All tests successful.
Files=4, Tests=30,  0 wallclock secs ( 0.04 usr  0.00 sys +  0.37 cusr  0.06 csys =  0.47 CPU)
Result: PASS
installing
install flags: SHELL=/nix/store/9fqwwd4iybmhjqyxiaxycknslw6bgwh1-bash-4.4-p23/bin/bash pkgconfigdir=/nix/store/xqkv7ah4ndbkcz0ij5gzn7qzx07f80i0-perl5.32.0-ExtUtils-Helpers-0.026/lib/pkgconfig m4datadir=/nix/store/xqkv7ah4ndbkcz0ij5gzn7qzx07f80i0-perl5.32.0-ExtUtils-Helpers-0.026/share/aclocal aclocaldir=/nix/store/xqkv7ah4ndbkcz0ij5gzn7qzx07f80i0-perl5.32.0-ExtUtils-Helpers-0.026/share/aclocal install
Installing /nix/store/krm6dcd801l4fx1qzz4wr30060jrfgxd-perl5.32.0-ExtUtils-Config-0.008/lib/perl5/site_perl/5.32.0/ExtUtils/Config.pm
Installing /nix/store/krm6dcd801l4fx1qzz4wr30060jrfgxd-perl5.32.0-ExtUtils-Config-0.008/share/man/man3/ExtUtils::Config.3
Appending installation info to /nix/store/krm6dcd801l4fx1qzz4wr30060jrfgxd-perl5.32.0-ExtUtils-Config-0.008/lib/perl5/5.32.0/x86_64-linux-thread-multi/perllocal.pod
running tests
check flags: SHELL=/nix/store/9fqwwd4iybmhjqyxiaxycknslw6bgwh1-bash-4.4-p23/bin/bash VERBOSE=y test
/nix/store/7c044di03qa7qgr5kjjc2d787aspzp0m-perl-5.32.0/bin/perl Build --makefile_env_macros 1 test
post-installation fixup
Moving /nix/store/krm6dcd801l4fx1qzz4wr30060jrfgxd-perl5.32.0-ExtUtils-Config-0.008/share/man/man3 to /nix/store/f352pnr2cv9pfj63drzbmylnq6d175mw-perl5.32.0-ExtUtils-Config-0.008-devdoc/share/man/man3
Removing empty /nix/store/krm6dcd801l4fx1qzz4wr30060jrfgxd-perl5.32.0-ExtUtils-Config-0.008/share/man/ and (possibly) its parents
shrinking RPATHs of ELF executables and libraries in /nix/store/krm6dcd801l4fx1qzz4wr30060jrfgxd-perl5.32.0-ExtUtils-Config-0.008
strip is /nix/store/psyzbhp4p088sb9qcs378hfbslcalasl-binutils-2.31.1/bin/strip
stripping (with command strip and flags -S) in /nix/store/krm6dcd801l4fx1qzz4wr30060jrfgxd-perl5.32.0-ExtUtils-Config-0.008/lib
patching script interpreter paths in /nix/store/krm6dcd801l4fx1qzz4wr30060jrfgxd-perl5.32.0-ExtUtils-Config-0.008
checking for references to /build/ in /nix/store/krm6dcd801l4fx1qzz4wr30060jrfgxd-perl5.32.0-ExtUtils-Config-0.008...
t/class_inspector__devel_hide.t .... skipped: test requires Devel::Hide
shrinking RPATHs of ELF executables and libraries in /nix/store/f352pnr2cv9pfj63drzbmylnq6d175mw-perl5.32.0-ExtUtils-Config-0.008-devdoc
gzipping man pages under /nix/store/f352pnr2cv9pfj63drzbmylnq6d175mw-perl5.32.0-ExtUtils-Config-0.008-devdoc/share/man/
strip is /nix/store/psyzbhp4p088sb9qcs378hfbslcalasl-binutils-2.31.1/bin/strip
patching script interpreter paths in /nix/store/f352pnr2cv9pfj63drzbmylnq6d175mw-perl5.32.0-ExtUtils-Config-0.008-devdoc
checking for references to /build/ in /nix/store/f352pnr2cv9pfj63drzbmylnq6d175mw-perl5.32.0-ExtUtils-Config-0.008-devdoc...
Manifying 4 pod documents
building '/nix/store/9q4kk3g8dr8l2qs9fjqcjg6pfryxv4s7-perl5.32.0-ExtUtils-InstallPaths-0.012.drv'...
Installing /nix/store/xqkv7ah4ndbkcz0ij5gzn7qzx07f80i0-perl5.32.0-ExtUtils-Helpers-0.026/lib/perl5/site_perl/5.32.0/ExtUtils/Helpers.pm
Installing /nix/store/xqkv7ah4ndbkcz0ij5gzn7qzx07f80i0-perl5.32.0-ExtUtils-Helpers-0.026/lib/perl5/site_perl/5.32.0/ExtUtils/Helpers/VMS.pm
Installing /nix/store/xqkv7ah4ndbkcz0ij5gzn7qzx07f80i0-perl5.32.0-ExtUtils-Helpers-0.026/lib/perl5/site_perl/5.32.0/ExtUtils/Helpers/Unix.pm
Installing /nix/store/xqkv7ah4ndbkcz0ij5gzn7qzx07f80i0-perl5.32.0-ExtUtils-Helpers-0.026/lib/perl5/site_perl/5.32.0/ExtUtils/Helpers/Windows.pm
Installing /nix/store/xqkv7ah4ndbkcz0ij5gzn7qzx07f80i0-perl5.32.0-ExtUtils-Helpers-0.026/share/man/man3/ExtUtils::Helpers::Unix.3
Installing /nix/store/xqkv7ah4ndbkcz0ij5gzn7qzx07f80i0-perl5.32.0-ExtUtils-Helpers-0.026/share/man/man3/ExtUtils::Helpers::VMS.3
Installing /nix/store/xqkv7ah4ndbkcz0ij5gzn7qzx07f80i0-perl5.32.0-ExtUtils-Helpers-0.026/share/man/man3/ExtUtils::Helpers::Windows.3
Installing /nix/store/xqkv7ah4ndbkcz0ij5gzn7qzx07f80i0-perl5.32.0-ExtUtils-Helpers-0.026/share/man/man3/ExtUtils::Helpers.3
t/class_inspector__inc_to_local.t .. ok
Appending installation info to /nix/store/xqkv7ah4ndbkcz0ij5gzn7qzx07f80i0-perl5.32.0-ExtUtils-Helpers-0.026/lib/perl5/5.32.0/x86_64-linux-thread-multi/perllocal.pod
post-installation fixup
Moving /nix/store/xqkv7ah4ndbkcz0ij5gzn7qzx07f80i0-perl5.32.0-ExtUtils-Helpers-0.026/share/man/man3 to /nix/store/qfmsaaqny72rcmqwgjb2dw8asfg4n3cl-perl5.32.0-ExtUtils-Helpers-0.026-devdoc/share/man/man3
unpacking sources
Removing empty /nix/store/xqkv7ah4ndbkcz0ij5gzn7qzx07f80i0-perl5.32.0-ExtUtils-Helpers-0.026/share/man/ and (possibly) its parents
unpacking source archive /nix/store/5mh6hznysj45k5rz84fqpryyiwi9vczm-ExtUtils-InstallPaths-0.012.tar.gz
source root is ExtUtils-InstallPaths-0.012
shrinking RPATHs of ELF executables and libraries in /nix/store/xqkv7ah4ndbkcz0ij5gzn7qzx07f80i0-perl5.32.0-ExtUtils-Helpers-0.026
setting SOURCE_DATE_EPOCH to timestamp 1525979015 of file ExtUtils-InstallPaths-0.012/xt/author/pod-syntax.t
strip is /nix/store/psyzbhp4p088sb9qcs378hfbslcalasl-binutils-2.31.1/bin/strip
stripping (with command strip and flags -S) in /nix/store/xqkv7ah4ndbkcz0ij5gzn7qzx07f80i0-perl5.32.0-ExtUtils-Helpers-0.026/lib
patching sources
configuring
patching script interpreter paths in /nix/store/xqkv7ah4ndbkcz0ij5gzn7qzx07f80i0-perl5.32.0-ExtUtils-Helpers-0.026
checking for references to /build/ in /nix/store/xqkv7ah4ndbkcz0ij5gzn7qzx07f80i0-perl5.32.0-ExtUtils-Helpers-0.026...
shrinking RPATHs of ELF executables and libraries in /nix/store/qfmsaaqny72rcmqwgjb2dw8asfg4n3cl-perl5.32.0-ExtUtils-Helpers-0.026-devdoc
patching ./xt/author/pod-coverage.t...
gzipping man pages under /nix/store/qfmsaaqny72rcmqwgjb2dw8asfg4n3cl-perl5.32.0-ExtUtils-Helpers-0.026-devdoc/share/man/
patching ./xt/author/pod-syntax.t...
patching ./t/destinations.t...
strip is /nix/store/psyzbhp4p088sb9qcs378hfbslcalasl-binutils-2.31.1/bin/strip
patching script interpreter paths in /nix/store/qfmsaaqny72rcmqwgjb2dw8asfg4n3cl-perl5.32.0-ExtUtils-Helpers-0.026-devdoc
checking for references to /build/ in /nix/store/qfmsaaqny72rcmqwgjb2dw8asfg4n3cl-perl5.32.0-ExtUtils-Helpers-0.026-devdoc...
t/class_inspector_functions.t ...... ok
All tests successful.
Files=6, Tests=86,  1 wallclock secs ( 0.04 usr  0.02 sys +  0.61 cusr  0.07 csys =  0.74 CPU)
Result: PASS
installing
install flags: SHELL=/nix/store/9fqwwd4iybmhjqyxiaxycknslw6bgwh1-bash-4.4-p23/bin/bash pkgconfigdir=/nix/store/cbpyi2a7py0siyds9mgn7d9bvwvg2d3f-perl5.32.0-Class-Inspector-1.36/lib/pkgconfig m4datadir=/nix/store/cbpyi2a7py0siyds9mgn7d9bvwvg2d3f-perl5.32.0-Class-Inspector-1.36/share/aclocal aclocaldir=/nix/store/cbpyi2a7py0siyds9mgn7d9bvwvg2d3f-perl5.32.0-Class-Inspector-1.36/share/aclocal install
Manifying 2 pod documents
Checking if your kit is complete...
Installing /nix/store/cbpyi2a7py0siyds9mgn7d9bvwvg2d3f-perl5.32.0-Class-Inspector-1.36/lib/perl5/site_perl/5.32.0/Class/Inspector.pm
Installing /nix/store/cbpyi2a7py0siyds9mgn7d9bvwvg2d3f-perl5.32.0-Class-Inspector-1.36/lib/perl5/site_perl/5.32.0/Class/Inspector/Functions.pm
Installing /nix/store/cbpyi2a7py0siyds9mgn7d9bvwvg2d3f-perl5.32.0-Class-Inspector-1.36/share/man/man3/Class::Inspector.3
Installing /nix/store/cbpyi2a7py0siyds9mgn7d9bvwvg2d3f-perl5.32.0-Class-Inspector-1.36/share/man/man3/Class::Inspector::Functions.3
Looks good
Appending installation info to /nix/store/cbpyi2a7py0siyds9mgn7d9bvwvg2d3f-perl5.32.0-Class-Inspector-1.36/lib/perl5/5.32.0/x86_64-linux-thread-multi/perllocal.pod
post-installation fixup
Generating a Unix-style Makefile
Writing Makefile for ExtUtils::InstallPaths
Moving /nix/store/cbpyi2a7py0siyds9mgn7d9bvwvg2d3f-perl5.32.0-Class-Inspector-1.36/share/man/man3 to /nix/store/l34hm1spj6jpgcv9p5m2ilv6nr1fiab6-perl5.32.0-Class-Inspector-1.36-devdoc/share/man/man3
Removing empty /nix/store/cbpyi2a7py0siyds9mgn7d9bvwvg2d3f-perl5.32.0-Class-Inspector-1.36/share/man/ and (possibly) its parents
shrinking RPATHs of ELF executables and libraries in /nix/store/cbpyi2a7py0siyds9mgn7d9bvwvg2d3f-perl5.32.0-Class-Inspector-1.36
strip is /nix/store/psyzbhp4p088sb9qcs378hfbslcalasl-binutils-2.31.1/bin/strip
stripping (with command strip and flags -S) in /nix/store/cbpyi2a7py0siyds9mgn7d9bvwvg2d3f-perl5.32.0-Class-Inspector-1.36/lib
Writing MYMETA.yml and MYMETA.json
patching script interpreter paths in /nix/store/cbpyi2a7py0siyds9mgn7d9bvwvg2d3f-perl5.32.0-Class-Inspector-1.36
checking for references to /build/ in /nix/store/cbpyi2a7py0siyds9mgn7d9bvwvg2d3f-perl5.32.0-Class-Inspector-1.36...
no configure script, doing nothing
building
shrinking RPATHs of ELF executables and libraries in /nix/store/l34hm1spj6jpgcv9p5m2ilv6nr1fiab6-perl5.32.0-Class-Inspector-1.36-devdoc
build flags: SHELL=/nix/store/9fqwwd4iybmhjqyxiaxycknslw6bgwh1-bash-4.4-p23/bin/bash
gzipping man pages under /nix/store/l34hm1spj6jpgcv9p5m2ilv6nr1fiab6-perl5.32.0-Class-Inspector-1.36-devdoc/share/man/
strip is /nix/store/psyzbhp4p088sb9qcs378hfbslcalasl-binutils-2.31.1/bin/strip
patching script interpreter paths in /nix/store/l34hm1spj6jpgcv9p5m2ilv6nr1fiab6-perl5.32.0-Class-Inspector-1.36-devdoc
checking for references to /build/ in /nix/store/l34hm1spj6jpgcv9p5m2ilv6nr1fiab6-perl5.32.0-Class-Inspector-1.36-devdoc...
t/10_makefile.t ........ ok
cp lib/ExtUtils/InstallPaths.pm blib/lib/ExtUtils/InstallPaths.pm
Manifying 1 pod document
running tests
check flags: SHELL=/nix/store/9fqwwd4iybmhjqyxiaxycknslw6bgwh1-bash-4.4-p23/bin/bash VERBOSE=y test
PERL_DL_NONLAZY=1 "/nix/store/7c044di03qa7qgr5kjjc2d787aspzp0m-perl-5.32.0/bin/perl" "-MExtUtils::Command::MM" "-MTest::Harness" "-e" "undef *Test::Harness::Switches; test_harness(0, 'blib/lib', 'blib/arch')" t/*.t
t/destinations.t .. ok
All tests successful.
Files=1, Tests=111,  0 wallclock secs ( 0.03 usr  0.01 sys +  0.10 cusr  0.02 csys =  0.16 CPU)
Result: PASS
installing
install flags: SHELL=/nix/store/9fqwwd4iybmhjqyxiaxycknslw6bgwh1-bash-4.4-p23/bin/bash pkgconfigdir=/nix/store/1yyz4awsj646jgvz335s5z4ra1pqlr6f-perl5.32.0-ExtUtils-InstallPaths-0.012/lib/pkgconfig m4datadir=/nix/store/1yyz4awsj646jgvz335s5z4ra1pqlr6f-perl5.32.0-ExtUtils-InstallPaths-0.012/share/aclocal aclocaldir=/nix/store/1yyz4awsj646jgvz335s5z4ra1pqlr6f-perl5.32.0-ExtUtils-InstallPaths-0.012/share/aclocal install
Manifying 1 pod document
Installing /nix/store/1yyz4awsj646jgvz335s5z4ra1pqlr6f-perl5.32.0-ExtUtils-InstallPaths-0.012/lib/perl5/site_perl/5.32.0/ExtUtils/InstallPaths.pm
Installing /nix/store/1yyz4awsj646jgvz335s5z4ra1pqlr6f-perl5.32.0-ExtUtils-InstallPaths-0.012/share/man/man3/ExtUtils::InstallPaths.3
Appending installation info to /nix/store/1yyz4awsj646jgvz335s5z4ra1pqlr6f-perl5.32.0-ExtUtils-InstallPaths-0.012/lib/perl5/5.32.0/x86_64-linux-thread-multi/perllocal.pod
post-installation fixup
Moving /nix/store/1yyz4awsj646jgvz335s5z4ra1pqlr6f-perl5.32.0-ExtUtils-InstallPaths-0.012/share/man/man3 to /nix/store/6vvvsdh3mab996fg2y9h5frbv1xx4w56-perl5.32.0-ExtUtils-InstallPaths-0.012-devdoc/share/man/man3
Removing empty /nix/store/1yyz4awsj646jgvz335s5z4ra1pqlr6f-perl5.32.0-ExtUtils-InstallPaths-0.012/share/man/ and (possibly) its parents
shrinking RPATHs of ELF executables and libraries in /nix/store/1yyz4awsj646jgvz335s5z4ra1pqlr6f-perl5.32.0-ExtUtils-InstallPaths-0.012
t/11_dotfile.t ......... ok
strip is /nix/store/psyzbhp4p088sb9qcs378hfbslcalasl-binutils-2.31.1/bin/strip
stripping (with command strip and flags -S) in /nix/store/1yyz4awsj646jgvz335s5z4ra1pqlr6f-perl5.32.0-ExtUtils-InstallPaths-0.012/lib
patching script interpreter paths in /nix/store/1yyz4awsj646jgvz335s5z4ra1pqlr6f-perl5.32.0-ExtUtils-InstallPaths-0.012
checking for references to /build/ in /nix/store/1yyz4awsj646jgvz335s5z4ra1pqlr6f-perl5.32.0-ExtUtils-InstallPaths-0.012...
shrinking RPATHs of ELF executables and libraries in /nix/store/6vvvsdh3mab996fg2y9h5frbv1xx4w56-perl5.32.0-ExtUtils-InstallPaths-0.012-devdoc
gzipping man pages under /nix/store/6vvvsdh3mab996fg2y9h5frbv1xx4w56-perl5.32.0-ExtUtils-InstallPaths-0.012-devdoc/share/man/
strip is /nix/store/psyzbhp4p088sb9qcs378hfbslcalasl-binutils-2.31.1/bin/strip
patching script interpreter paths in /nix/store/6vvvsdh3mab996fg2y9h5frbv1xx4w56-perl5.32.0-ExtUtils-InstallPaths-0.012-devdoc
checking for references to /build/ in /nix/store/6vvvsdh3mab996fg2y9h5frbv1xx4w56-perl5.32.0-ExtUtils-InstallPaths-0.012-devdoc...
t/00-compile.t ................. ok
t/12_delete.t .......... ok
t/PL_files.t ................... ok
t/00-report-prereqs.t .. #
# Versions for all modules listed in MYMETA.json (including optional ones):
#
# === Configure Requires ===
#
#     Module              Want Have
#     ------------------- ---- ----
#     ExtUtils::MakeMaker  any 7.44
#
# === Build Requires ===
#
#     Module              Want Have
#     ------------------- ---- ----
#     ExtUtils::MakeMaker  any 7.44
#
# === Test Requires ===
#
#     Module              Want     Have
#     ------------------- ---- --------
#     ExtUtils::MakeMaker  any     7.44
#     File::Path           any     2.16
#     File::Spec           any     3.78
#     Test::More           any 1.302175
#
# === Test Recommends ===
#
#     Module         Want     Have
#     ---------- -------- --------
#     CPAN::Meta 2.120900 2.150010
#
# === Runtime Requires ===
#
#     Module     Want Have
#     ---------- ---- ----
#     Carp        any 1.50
#     Exporter    any 5.74
#     File::Spec  any 3.78
#     IO::Dir     any 1.41
#     strict      any 1.11
#     warnings    any 1.47
#
# === Other Modules ===
#
#     Module           Have
#     ------------- -------
#     Encode           3.06
#     JSON::PP         4.04
#     Pod::Coverage missing
#     Sub::Name     missing
#     YAML          missing
#     autodie          2.32
#
t/00-report-prereqs.t .. ok
All tests successful.
Files=4, Tests=39,  2 wallclock secs ( 0.03 usr  0.01 sys +  1.92 cusr  0.28 csys =  2.24 CPU)
Result: PASS
installing
install flags: SHELL=/nix/store/9fqwwd4iybmhjqyxiaxycknslw6bgwh1-bash-4.4-p23/bin/bash pkgconfigdir=/nix/store/qcf8f9b6jk1xp3766wnaw8bmxcr34rkz-perl5.32.0-File-ShareDir-Install-0.13/lib/pkgconfig m4datadir=/nix/store/qcf8f9b6jk1xp3766wnaw8bmxcr34rkz-perl5.32.0-File-ShareDir-Install-0.13/share/aclocal aclocaldir=/nix/store/qcf8f9b6jk1xp3766wnaw8bmxcr34rkz-perl5.32.0-File-ShareDir-Install-0.13/share/aclocal install
Manifying 1 pod document
Installing /nix/store/qcf8f9b6jk1xp3766wnaw8bmxcr34rkz-perl5.32.0-File-ShareDir-Install-0.13/lib/perl5/site_perl/5.32.0/File/ShareDir/Install.pm
Installing /nix/store/qcf8f9b6jk1xp3766wnaw8bmxcr34rkz-perl5.32.0-File-ShareDir-Install-0.13/share/man/man3/File::ShareDir::Install.3
Appending installation info to /nix/store/qcf8f9b6jk1xp3766wnaw8bmxcr34rkz-perl5.32.0-File-ShareDir-Install-0.13/lib/perl5/5.32.0/x86_64-linux-thread-multi/perllocal.pod
post-installation fixup
Moving /nix/store/qcf8f9b6jk1xp3766wnaw8bmxcr34rkz-perl5.32.0-File-ShareDir-Install-0.13/share/man/man3 to /nix/store/c26462pfqmx5f5i5rndkxdsnd6cds3fd-perl5.32.0-File-ShareDir-Install-0.13-devdoc/share/man/man3
Removing empty /nix/store/qcf8f9b6jk1xp3766wnaw8bmxcr34rkz-perl5.32.0-File-ShareDir-Install-0.13/share/man/ and (possibly) its parents
shrinking RPATHs of ELF executables and libraries in /nix/store/qcf8f9b6jk1xp3766wnaw8bmxcr34rkz-perl5.32.0-File-ShareDir-Install-0.13
strip is /nix/store/psyzbhp4p088sb9qcs378hfbslcalasl-binutils-2.31.1/bin/strip
stripping (with command strip and flags -S) in /nix/store/qcf8f9b6jk1xp3766wnaw8bmxcr34rkz-perl5.32.0-File-ShareDir-Install-0.13/lib
patching script interpreter paths in /nix/store/qcf8f9b6jk1xp3766wnaw8bmxcr34rkz-perl5.32.0-File-ShareDir-Install-0.13
checking for references to /build/ in /nix/store/qcf8f9b6jk1xp3766wnaw8bmxcr34rkz-perl5.32.0-File-ShareDir-Install-0.13...
shrinking RPATHs of ELF executables and libraries in /nix/store/c26462pfqmx5f5i5rndkxdsnd6cds3fd-perl5.32.0-File-ShareDir-Install-0.13-devdoc
gzipping man pages under /nix/store/c26462pfqmx5f5i5rndkxdsnd6cds3fd-perl5.32.0-File-ShareDir-Install-0.13-devdoc/share/man/
strip is /nix/store/psyzbhp4p088sb9qcs378hfbslcalasl-binutils-2.31.1/bin/strip
patching script interpreter paths in /nix/store/c26462pfqmx5f5i5rndkxdsnd6cds3fd-perl5.32.0-File-ShareDir-Install-0.13-devdoc
checking for references to /build/ in /nix/store/c26462pfqmx5f5i5rndkxdsnd6cds3fd-perl5.32.0-File-ShareDir-Install-0.13-devdoc...
building '/nix/store/f6xkqdg52fkd1qc9l8pm8ycnfyj0ys4p-perl5.32.0-File-ShareDir-1.116.drv'...
t/actions/installdeps.t ........ ok
unpacking sources
unpacking source archive /nix/store/5m1hvr0yisyryyvpjayyr0gsjgfkvlb4-File-ShareDir-1.116.tar.gz
source root is File-ShareDir-1.116
setting SOURCE_DATE_EPOCH to timestamp 1529854263 of file File-ShareDir-1.116/META.yml
patching sources
configuring
patching ./t/06_old.t...
patching ./t/04_fail.t...
patching ./t/05_class.t...
patching ./t/01_compile.t...
patching ./t/00_prereqs.t...
patching ./t/02_main.t...
patching ./Makefile.PL...
Checking if your kit is complete...
Looks good
Generating a Unix-style Makefile
Writing Makefile for File::ShareDir
Writing MYMETA.yml and MYMETA.json
no configure script, doing nothing
building
build flags: SHELL=/nix/store/9fqwwd4iybmhjqyxiaxycknslw6bgwh1-bash-4.4-p23/bin/bash
cp share/sample.txt blib/lib/auto/share/dist/File-ShareDir/sample.txt
cp share/subdir/sample.txt blib/lib/auto/share/dist/File-ShareDir/subdir/sample.txt
cp foo/test_file.txt blib/lib/auto/share/module/File-ShareDir/test_file.txt
t/actions/manifest_skip.t ...... ok
cp lib/File/ShareDir.pm blib/lib/File/ShareDir.pm
Manifying 1 pod document
running tests
check flags: SHELL=/nix/store/9fqwwd4iybmhjqyxiaxycknslw6bgwh1-bash-4.4-p23/bin/bash VERBOSE=y test
Skip blib/lib/auto/share/dist/File-ShareDir/subdir/sample.txt (unchanged)
Skip blib/lib/auto/share/dist/File-ShareDir/sample.txt (unchanged)
t/add_property.t ............... ok
Skip blib/lib/auto/share/module/File-ShareDir/test_file.txt (unchanged)
PERL_DL_NONLAZY=1 "/nix/store/7c044di03qa7qgr5kjjc2d787aspzp0m-perl-5.32.0/bin/perl" "-MExtUtils::Command::MM" "-MTest::Harness" "-e" "undef *Test::Harness::Switches; test_harness(0, 'blib/lib', 'blib/arch')" t/*.t xt/*.t
t/add_property_array.t ......... ok
t/add_property_hash.t .......... ok
t/00_prereqs.t ..... 6/? Use of uninitialized value in numeric lt (<) at t/00_prereqs.t line 52.
Use of uninitialized value $version in concatenation (.) or string at t/00_prereqs.t line 53.
Use of uninitialized value in numeric lt (<) at t/00_prereqs.t line 52.
Use of uninitialized value $version in concatenation (.) or string at t/00_prereqs.t line 53.
Use of uninitialized value in numeric lt (<) at t/00_prereqs.t line 52.
Use of uninitialized value $version in concatenation (.) or string at t/00_prereqs.t line 53.
# Requirements for File-ShareDir version 1.116
#                    module |  version |  wanted | status
# - configure / requires ---+----------+---------+---------
#       ExtUtils::MakeMaker |     7.44 |       0 | ok
#   File::ShareDir::Install |     0.13 |    0.13 | ok
# - configure / recommends -+----------+---------+---------
Use of uninitialized value $have in sprintf at t/00_prereqs.t line 89.
#               inc::latest |          |   0.500 | not ok
# - runtime / requires -----+----------+---------+---------
#                      Carp |     1.50 |       0 | ok
#          Class::Inspector |     1.36 |    1.12 | ok
#                File::Spec |     3.78 |    0.80 | ok
#                  warnings |     1.47 |       0 | ok
# - runtime / recommends ---+----------+---------+---------
Use of uninitialized value $have in sprintf at t/00_prereqs.t line 89.
#           List::MoreUtils |          |   0.428 | not ok
Use of uninitialized value $have in sprintf at t/00_prereqs.t line 89.
#              Params::Util |          |    1.07 | not ok
# - test / requires --------+----------+---------+---------
#                File::Path |     2.16 |    2.08 | ok
#                Test::More | 1.302175 |    0.90 | ok
# - test / recommends ------+----------+---------+---------
#                CPAN::Meta | 2.150010 | 2.11044 | ok
# --------------------------+----------+---------+---------
t/00_prereqs.t ..... ok
t/01_compile.t ..... 1/? # Testing File::ShareDir 1.116, Perl 5.032000, /nix/store/7c044di03qa7qgr5kjjc2d787aspzp0m-perl-5.32.0/bin/perl, UID: 1000
t/01_compile.t ..... ok
t/02_main.t ........ ok
t/03_extensions.t .. ok
t/04_fail.t ........ ok
t/05_class.t ....... ok
t/06_old.t ......... ok
All tests successful.

Test Summary Report
-------------------
t/00_prereqs.t   (Wstat: 0 Tests: 25 Failed: 0)
  TODO passed:   1, 6, 24-25
Files=7, Tests=96,  1 wallclock secs ( 0.04 usr  0.01 sys +  0.56 cusr  0.17 csys =  0.78 CPU)
Result: PASS
installing
install flags: SHELL=/nix/store/9fqwwd4iybmhjqyxiaxycknslw6bgwh1-bash-4.4-p23/bin/bash pkgconfigdir=/nix/store/jyh6dm8kfpdpf4yvcxjc5w00r7lycdxp-perl5.32.0-File-ShareDir-1.116/lib/pkgconfig m4datadir=/nix/store/jyh6dm8kfpdpf4yvcxjc5w00r7lycdxp-perl5.32.0-File-ShareDir-1.116/share/aclocal aclocaldir=/nix/store/jyh6dm8kfpdpf4yvcxjc5w00r7lycdxp-perl5.32.0-File-ShareDir-1.116/share/aclocal install
Skip blib/lib/auto/share/dist/File-ShareDir/sample.txt (unchanged)
Skip blib/lib/auto/share/dist/File-ShareDir/subdir/sample.txt (unchanged)
Skip blib/lib/auto/share/module/File-ShareDir/test_file.txt (unchanged)
Manifying 1 pod document
Installing /nix/store/jyh6dm8kfpdpf4yvcxjc5w00r7lycdxp-perl5.32.0-File-ShareDir-1.116/lib/perl5/site_perl/5.32.0/File/ShareDir.pm
Installing /nix/store/jyh6dm8kfpdpf4yvcxjc5w00r7lycdxp-perl5.32.0-File-ShareDir-1.116/lib/perl5/site_perl/5.32.0/auto/share/module/File-ShareDir/test_file.txt
Installing /nix/store/jyh6dm8kfpdpf4yvcxjc5w00r7lycdxp-perl5.32.0-File-ShareDir-1.116/lib/perl5/site_perl/5.32.0/auto/share/dist/File-ShareDir/sample.txt
Installing /nix/store/jyh6dm8kfpdpf4yvcxjc5w00r7lycdxp-perl5.32.0-File-ShareDir-1.116/lib/perl5/site_perl/5.32.0/auto/share/dist/File-ShareDir/subdir/sample.txt
Installing /nix/store/jyh6dm8kfpdpf4yvcxjc5w00r7lycdxp-perl5.32.0-File-ShareDir-1.116/share/man/man3/File::ShareDir.3
Appending installation info to /nix/store/jyh6dm8kfpdpf4yvcxjc5w00r7lycdxp-perl5.32.0-File-ShareDir-1.116/lib/perl5/5.32.0/x86_64-linux-thread-multi/perllocal.pod
post-installation fixup
Moving /nix/store/jyh6dm8kfpdpf4yvcxjc5w00r7lycdxp-perl5.32.0-File-ShareDir-1.116/share/man/man3 to /nix/store/dpz5d7523sw0a712css6fxq92kk5zpn6-perl5.32.0-File-ShareDir-1.116-devdoc/share/man/man3
Removing empty /nix/store/jyh6dm8kfpdpf4yvcxjc5w00r7lycdxp-perl5.32.0-File-ShareDir-1.116/share/man/ and (possibly) its parents
shrinking RPATHs of ELF executables and libraries in /nix/store/jyh6dm8kfpdpf4yvcxjc5w00r7lycdxp-perl5.32.0-File-ShareDir-1.116
strip is /nix/store/psyzbhp4p088sb9qcs378hfbslcalasl-binutils-2.31.1/bin/strip
stripping (with command strip and flags -S) in /nix/store/jyh6dm8kfpdpf4yvcxjc5w00r7lycdxp-perl5.32.0-File-ShareDir-1.116/lib
patching script interpreter paths in /nix/store/jyh6dm8kfpdpf4yvcxjc5w00r7lycdxp-perl5.32.0-File-ShareDir-1.116
checking for references to /build/ in /nix/store/jyh6dm8kfpdpf4yvcxjc5w00r7lycdxp-perl5.32.0-File-ShareDir-1.116...
shrinking RPATHs of ELF executables and libraries in /nix/store/dpz5d7523sw0a712css6fxq92kk5zpn6-perl5.32.0-File-ShareDir-1.116-devdoc
gzipping man pages under /nix/store/dpz5d7523sw0a712css6fxq92kk5zpn6-perl5.32.0-File-ShareDir-1.116-devdoc/share/man/
strip is /nix/store/psyzbhp4p088sb9qcs378hfbslcalasl-binutils-2.31.1/bin/strip
patching script interpreter paths in /nix/store/dpz5d7523sw0a712css6fxq92kk5zpn6-perl5.32.0-File-ShareDir-1.116-devdoc
checking for references to /build/ in /nix/store/dpz5d7523sw0a712css6fxq92kk5zpn6-perl5.32.0-File-ShareDir-1.116-devdoc...
t/basic.t ...................... ok
t/bundle_inc.t ................. skipped: $ENV{MB_TEST_EXPERIMENTAL} is not set
t/compat.t ..................... ok
t/compat/exit.t ................ ok
t/debug.t ...................... ok
t/destinations.t ............... ok
t/ext.t ........................ ok
t/extend.t ..................... ok
t/files.t ...................... ok
t/help.t ....................... ok
t/install.t .................... ok
t/install_extra_target.t ....... ok
t/manifypods.t ................. ok
t/manifypods_with_utf8.t ....... ok
t/metadata.t ................... ok
t/metadata2.t .................. ok
t/mymeta.t ..................... ok
t/new_from_context.t ........... ok
t/notes.t ...................... ok
t/par.t ........................ skipped: PAR::Dist 0.17 or up not installed to check .par's.
t/parents.t .................... ok
t/perl_mb_opt.t ................ ok
t/pod_parser.t ................. ok
t/ppm.t ........................ ok
t/properties/dist_suffix.t ..... ok
t/properties/license.t ......... ok
t/properties/module_name.t ..... ok
t/properties/needs_compiler.t .. ok
t/properties/release_status.t .. ok
t/properties/requires.t ........ ok
t/properties/share_dir.t ....... ok
t/resume.t ..................... ok
t/runthrough.t ................. ok
t/sample.t ..................... ok
t/script_dist.t ................ ok
t/signature.t .................. ok
t/test_file_exts.t ............. ok
t/test_reqs.t .................. ok
t/test_type.t .................. ok
t/test_types.t ................. ok
t/tilde.t ...................... ok
t/unit_run_test_harness.t ...... ok
t/use_tap_harness.t ............ ok
t/versions.t ................... ok
t/write_default_maniskip.t ..... ok
t/xs.t ......................... ok
All tests successful.
Files=53, Tests=1167, 39 wallclock secs ( 0.26 usr  0.05 sys + 33.56 cusr  5.99 csys = 39.86 CPU)
Result: PASS
installing
install flags: SHELL=/nix/store/9fqwwd4iybmhjqyxiaxycknslw6bgwh1-bash-4.4-p23/bin/bash pkgconfigdir=/nix/store/fznxrsrf0z6vhr2i509i7hsa5sgffbl1-perl5.32.0-Module-Build-0.4231/lib/pkgconfig m4datadir=/nix/store/fznxrsrf0z6vhr2i509i7hsa5sgffbl1-perl5.32.0-Module-Build-0.4231/share/aclocal aclocaldir=/nix/store/fznxrsrf0z6vhr2i509i7hsa5sgffbl1-perl5.32.0-Module-Build-0.4231/share/aclocal install
/nix/store/7c044di03qa7qgr5kjjc2d787aspzp0m-perl-5.32.0/bin/perl Build --makefile_env_macros 1 install
Building Module-Build
Installing /nix/store/fznxrsrf0z6vhr2i509i7hsa5sgffbl1-perl5.32.0-Module-Build-0.4231/share/man/man1/config_data.1
Installing /nix/store/fznxrsrf0z6vhr2i509i7hsa5sgffbl1-perl5.32.0-Module-Build-0.4231/lib/perl5/site_perl/5.32.0/Module/Build.pm
Installing /nix/store/fznxrsrf0z6vhr2i509i7hsa5sgffbl1-perl5.32.0-Module-Build-0.4231/lib/perl5/site_perl/5.32.0/Module/Build/Config.pm
Installing /nix/store/fznxrsrf0z6vhr2i509i7hsa5sgffbl1-perl5.32.0-Module-Build-0.4231/lib/perl5/site_perl/5.32.0/Module/Build/Cookbook.pm
Installing /nix/store/fznxrsrf0z6vhr2i509i7hsa5sgffbl1-perl5.32.0-Module-Build-0.4231/lib/perl5/site_perl/5.32.0/Module/Build/Dumper.pm
Installing /nix/store/fznxrsrf0z6vhr2i509i7hsa5sgffbl1-perl5.32.0-Module-Build-0.4231/lib/perl5/site_perl/5.32.0/Module/Build/PPMMaker.pm
Installing /nix/store/fznxrsrf0z6vhr2i509i7hsa5sgffbl1-perl5.32.0-Module-Build-0.4231/lib/perl5/site_perl/5.32.0/Module/Build/Notes.pm
Installing /nix/store/fznxrsrf0z6vhr2i509i7hsa5sgffbl1-perl5.32.0-Module-Build-0.4231/lib/perl5/site_perl/5.32.0/Module/Build/PodParser.pm
Installing /nix/store/fznxrsrf0z6vhr2i509i7hsa5sgffbl1-perl5.32.0-Module-Build-0.4231/lib/perl5/site_perl/5.32.0/Module/Build/Bundling.pod
Installing /nix/store/fznxrsrf0z6vhr2i509i7hsa5sgffbl1-perl5.32.0-Module-Build-0.4231/lib/perl5/site_perl/5.32.0/Module/Build/Compat.pm
Installing /nix/store/fznxrsrf0z6vhr2i509i7hsa5sgffbl1-perl5.32.0-Module-Build-0.4231/lib/perl5/site_perl/5.32.0/Module/Build/Authoring.pod
Installing /nix/store/fznxrsrf0z6vhr2i509i7hsa5sgffbl1-perl5.32.0-Module-Build-0.4231/lib/perl5/site_perl/5.32.0/Module/Build/API.pod
Installing /nix/store/fznxrsrf0z6vhr2i509i7hsa5sgffbl1-perl5.32.0-Module-Build-0.4231/lib/perl5/site_perl/5.32.0/Module/Build/ConfigData.pm
Installing /nix/store/fznxrsrf0z6vhr2i509i7hsa5sgffbl1-perl5.32.0-Module-Build-0.4231/lib/perl5/site_perl/5.32.0/Module/Build/Base.pm
Installing /nix/store/fznxrsrf0z6vhr2i509i7hsa5sgffbl1-perl5.32.0-Module-Build-0.4231/lib/perl5/site_perl/5.32.0/Module/Build/Platform/VMS.pm
Installing /nix/store/fznxrsrf0z6vhr2i509i7hsa5sgffbl1-perl5.32.0-Module-Build-0.4231/lib/perl5/site_perl/5.32.0/Module/Build/Platform/cygwin.pm
Installing /nix/store/fznxrsrf0z6vhr2i509i7hsa5sgffbl1-perl5.32.0-Module-Build-0.4231/lib/perl5/site_perl/5.32.0/Module/Build/Platform/aix.pm
Installing /nix/store/fznxrsrf0z6vhr2i509i7hsa5sgffbl1-perl5.32.0-Module-Build-0.4231/lib/perl5/site_perl/5.32.0/Module/Build/Platform/Unix.pm
Installing /nix/store/fznxrsrf0z6vhr2i509i7hsa5sgffbl1-perl5.32.0-Module-Build-0.4231/lib/perl5/site_perl/5.32.0/Module/Build/Platform/os2.pm
Installing /nix/store/fznxrsrf0z6vhr2i509i7hsa5sgffbl1-perl5.32.0-Module-Build-0.4231/lib/perl5/site_perl/5.32.0/Module/Build/Platform/VOS.pm
Installing /nix/store/fznxrsrf0z6vhr2i509i7hsa5sgffbl1-perl5.32.0-Module-Build-0.4231/lib/perl5/site_perl/5.32.0/Module/Build/Platform/Windows.pm
Installing /nix/store/fznxrsrf0z6vhr2i509i7hsa5sgffbl1-perl5.32.0-Module-Build-0.4231/lib/perl5/site_perl/5.32.0/Module/Build/Platform/darwin.pm
Installing /nix/store/fznxrsrf0z6vhr2i509i7hsa5sgffbl1-perl5.32.0-Module-Build-0.4231/lib/perl5/site_perl/5.32.0/Module/Build/Platform/MacOS.pm
Installing /nix/store/fznxrsrf0z6vhr2i509i7hsa5sgffbl1-perl5.32.0-Module-Build-0.4231/lib/perl5/site_perl/5.32.0/Module/Build/Platform/Default.pm
Installing /nix/store/fznxrsrf0z6vhr2i509i7hsa5sgffbl1-perl5.32.0-Module-Build-0.4231/share/man/man3/Module::Build::Platform::VMS.3
Installing /nix/store/fznxrsrf0z6vhr2i509i7hsa5sgffbl1-perl5.32.0-Module-Build-0.4231/share/man/man3/Module::Build::Base.3
Installing /nix/store/fznxrsrf0z6vhr2i509i7hsa5sgffbl1-perl5.32.0-Module-Build-0.4231/share/man/man3/Module::Build::Notes.3
Installing /nix/store/fznxrsrf0z6vhr2i509i7hsa5sgffbl1-perl5.32.0-Module-Build-0.4231/share/man/man3/Module::Build::Platform::Windows.3
Installing /nix/store/fznxrsrf0z6vhr2i509i7hsa5sgffbl1-perl5.32.0-Module-Build-0.4231/share/man/man3/Module::Build::Platform::cygwin.3
Installing /nix/store/fznxrsrf0z6vhr2i509i7hsa5sgffbl1-perl5.32.0-Module-Build-0.4231/share/man/man3/Module::Build::Bundling.3
Installing /nix/store/fznxrsrf0z6vhr2i509i7hsa5sgffbl1-perl5.32.0-Module-Build-0.4231/share/man/man3/Module::Build::Platform::aix.3
Installing /nix/store/fznxrsrf0z6vhr2i509i7hsa5sgffbl1-perl5.32.0-Module-Build-0.4231/share/man/man3/Module::Build::Cookbook.3
Installing /nix/store/fznxrsrf0z6vhr2i509i7hsa5sgffbl1-perl5.32.0-Module-Build-0.4231/share/man/man3/Module::Build.3
Installing /nix/store/fznxrsrf0z6vhr2i509i7hsa5sgffbl1-perl5.32.0-Module-Build-0.4231/share/man/man3/Module::Build::Compat.3
Installing /nix/store/fznxrsrf0z6vhr2i509i7hsa5sgffbl1-perl5.32.0-Module-Build-0.4231/share/man/man3/Module::Build::API.3
Installing /nix/store/fznxrsrf0z6vhr2i509i7hsa5sgffbl1-perl5.32.0-Module-Build-0.4231/share/man/man3/Module::Build::ConfigData.3
Installing /nix/store/fznxrsrf0z6vhr2i509i7hsa5sgffbl1-perl5.32.0-Module-Build-0.4231/share/man/man3/Module::Build::Platform::darwin.3
Installing /nix/store/fznxrsrf0z6vhr2i509i7hsa5sgffbl1-perl5.32.0-Module-Build-0.4231/share/man/man3/Module::Build::Platform::os2.3
Installing /nix/store/fznxrsrf0z6vhr2i509i7hsa5sgffbl1-perl5.32.0-Module-Build-0.4231/share/man/man3/Module::Build::Authoring.3
Installing /nix/store/fznxrsrf0z6vhr2i509i7hsa5sgffbl1-perl5.32.0-Module-Build-0.4231/share/man/man3/Module::Build::Platform::Default.3
Installing /nix/store/fznxrsrf0z6vhr2i509i7hsa5sgffbl1-perl5.32.0-Module-Build-0.4231/share/man/man3/Module::Build::Platform::VOS.3
Installing /nix/store/fznxrsrf0z6vhr2i509i7hsa5sgffbl1-perl5.32.0-Module-Build-0.4231/share/man/man3/Module::Build::Platform::Unix.3
Installing /nix/store/fznxrsrf0z6vhr2i509i7hsa5sgffbl1-perl5.32.0-Module-Build-0.4231/share/man/man3/Module::Build::Platform::MacOS.3
Installing /nix/store/fznxrsrf0z6vhr2i509i7hsa5sgffbl1-perl5.32.0-Module-Build-0.4231/share/man/man3/Module::Build::PPMMaker.3
Installing /nix/store/fznxrsrf0z6vhr2i509i7hsa5sgffbl1-perl5.32.0-Module-Build-0.4231/bin/config_data
post-installation fixup
Moving /nix/store/fznxrsrf0z6vhr2i509i7hsa5sgffbl1-perl5.32.0-Module-Build-0.4231/share/man/man3 to /nix/store/jkw3hqmnrvlcpjzbmvkhkqzp0dl1v8cv-perl5.32.0-Module-Build-0.4231-devdoc/share/man/man3
rmdir: failed to remove '/nix/store/fznxrsrf0z6vhr2i509i7hsa5sgffbl1-perl5.32.0-Module-Build-0.4231/share/man': Directory not empty
shrinking RPATHs of ELF executables and libraries in /nix/store/fznxrsrf0z6vhr2i509i7hsa5sgffbl1-perl5.32.0-Module-Build-0.4231
gzipping man pages under /nix/store/fznxrsrf0z6vhr2i509i7hsa5sgffbl1-perl5.32.0-Module-Build-0.4231/share/man/
strip is /nix/store/psyzbhp4p088sb9qcs378hfbslcalasl-binutils-2.31.1/bin/strip
stripping (with command strip and flags -S) in /nix/store/fznxrsrf0z6vhr2i509i7hsa5sgffbl1-perl5.32.0-Module-Build-0.4231/lib  /nix/store/fznxrsrf0z6vhr2i509i7hsa5sgffbl1-perl5.32.0-Module-Build-0.4231/bin
patching script interpreter paths in /nix/store/fznxrsrf0z6vhr2i509i7hsa5sgffbl1-perl5.32.0-Module-Build-0.4231
checking for references to /build/ in /nix/store/fznxrsrf0z6vhr2i509i7hsa5sgffbl1-perl5.32.0-Module-Build-0.4231...
shrinking RPATHs of ELF executables and libraries in /nix/store/jkw3hqmnrvlcpjzbmvkhkqzp0dl1v8cv-perl5.32.0-Module-Build-0.4231-devdoc
gzipping man pages under /nix/store/jkw3hqmnrvlcpjzbmvkhkqzp0dl1v8cv-perl5.32.0-Module-Build-0.4231-devdoc/share/man/
strip is /nix/store/psyzbhp4p088sb9qcs378hfbslcalasl-binutils-2.31.1/bin/strip
patching script interpreter paths in /nix/store/jkw3hqmnrvlcpjzbmvkhkqzp0dl1v8cv-perl5.32.0-Module-Build-0.4231-devdoc
checking for references to /build/ in /nix/store/jkw3hqmnrvlcpjzbmvkhkqzp0dl1v8cv-perl5.32.0-Module-Build-0.4231-devdoc...
building '/nix/store/f0q7f24r1m822pxsmmy7ys6h42b59gpa-perl5.32.0-Module-Build-Tiny-0.039.drv'...
unpacking sources
unpacking source archive /nix/store/33p1sg3v920crqzkqv86br93infx046v-Module-Build-Tiny-0.039.tar.gz
source root is Module-Build-Tiny-0.039
setting SOURCE_DATE_EPOCH to timestamp 1413103144 of file Module-Build-Tiny-0.039/t/simple.t
patching sources
configuring
patching ./t/release-pod-syntax.t...
patching ./t/simple.t...
no configure script, doing nothing
building
Creating new 'Build' script for 'Module-Build-Tiny' version '0.039'
cp lib/Module/Build/Tiny.pm blib/lib/Module/Build/Tiny.pm
running tests
t/00-compile.t .......... ok
t/release-pod-syntax.t .. skipped: these tests are for release candidate testing
t/simple.t .............. ok
All tests successful.
Files=3, Tests=28,  1 wallclock secs ( 0.03 usr  0.00 sys +  0.41 cusr  0.14 csys =  0.58 CPU)
Result: PASS
installing
Installing /nix/store/6vsilizdgwp6sfbpmp8fl8z4kgrx7x1h-perl5.32.0-Module-Build-Tiny-0.039/lib/perl5/site_perl/5.32.0/Module/Build/Tiny.pm
Installing /nix/store/6vsilizdgwp6sfbpmp8fl8z4kgrx7x1h-perl5.32.0-Module-Build-Tiny-0.039/share/man/man3/Module::Build::Tiny.3
post-installation fixup
Moving /nix/store/6vsilizdgwp6sfbpmp8fl8z4kgrx7x1h-perl5.32.0-Module-Build-Tiny-0.039/share/man/man3 to /nix/store/3n8k2nk20kps9ahdkfgx93b1ci5cgfxj-perl5.32.0-Module-Build-Tiny-0.039-devdoc/share/man/man3
Removing empty /nix/store/6vsilizdgwp6sfbpmp8fl8z4kgrx7x1h-perl5.32.0-Module-Build-Tiny-0.039/share/man/ and (possibly) its parents
shrinking RPATHs of ELF executables and libraries in /nix/store/6vsilizdgwp6sfbpmp8fl8z4kgrx7x1h-perl5.32.0-Module-Build-Tiny-0.039
strip is /nix/store/psyzbhp4p088sb9qcs378hfbslcalasl-binutils-2.31.1/bin/strip
stripping (with command strip and flags -S) in /nix/store/6vsilizdgwp6sfbpmp8fl8z4kgrx7x1h-perl5.32.0-Module-Build-Tiny-0.039/lib
patching script interpreter paths in /nix/store/6vsilizdgwp6sfbpmp8fl8z4kgrx7x1h-perl5.32.0-Module-Build-Tiny-0.039
checking for references to /build/ in /nix/store/6vsilizdgwp6sfbpmp8fl8z4kgrx7x1h-perl5.32.0-Module-Build-Tiny-0.039...
shrinking RPATHs of ELF executables and libraries in /nix/store/3n8k2nk20kps9ahdkfgx93b1ci5cgfxj-perl5.32.0-Module-Build-Tiny-0.039-devdoc
gzipping man pages under /nix/store/3n8k2nk20kps9ahdkfgx93b1ci5cgfxj-perl5.32.0-Module-Build-Tiny-0.039-devdoc/share/man/
strip is /nix/store/psyzbhp4p088sb9qcs378hfbslcalasl-binutils-2.31.1/bin/strip
patching script interpreter paths in /nix/store/3n8k2nk20kps9ahdkfgx93b1ci5cgfxj-perl5.32.0-Module-Build-Tiny-0.039-devdoc
checking for references to /build/ in /nix/store/3n8k2nk20kps9ahdkfgx93b1ci5cgfxj-perl5.32.0-Module-Build-Tiny-0.039-devdoc...
building '/nix/store/2njrzz9i2mqw1r6awn4yf51xd8sf99mb-perl5.32.0-aliased-0.34.drv'...
unpacking sources
unpacking source archive /nix/store/95bigh2n5mfcv048842sb1dbriqi8bj4-aliased-0.34.tar.gz
source root is aliased-0.34
setting SOURCE_DATE_EPOCH to timestamp 1420317589 of file aliased-0.34/xt/release/portability.t
patching sources
configuring
patching ./xt/release/pod-coverage.t...
patching ./xt/release/mojibake.t...
patching ./xt/release/pod-syntax.t...
patching ./xt/release/changes_has_content.t...
patching ./xt/release/portability.t...
patching ./xt/release/distmeta.t...
patching ./xt/release/pod-no404s.t...
patching ./xt/release/cpan-changes.t...
patching ./xt/release/minimum-version.t...
patching ./t/00-report-prereqs.t...
patching ./t/import.t...
patching ./t/sigdie.t...
patching ./t/aliased.t...
patching ./t/export.t...
patching ./t/prefix.t...
Congratulations, your toolchain understands 'configure_requires'!

Checking if your kit is complete...
Looks good
Generating a Unix-style Makefile
Writing Makefile for aliased
Writing MYMETA.yml and MYMETA.json
no configure script, doing nothing
building
Congratulations, your toolchain understands 'configure_requires'!

Creating new 'Build' script for 'aliased' version '0.34'
cp lib/aliased.pm blib/lib/aliased.pm
running tests
t/00-report-prereqs.t .. #
# Versions for all modules listed in MYMETA.json (including optional ones):
#
# === Configure Requires ===
#
#     Module               Want  Have
#     ------------------- ----- -----
#     Module::Build::Tiny 0.039 0.039
#
# === Test Requires ===
#
#     Module              Want     Have
#     ------------------- ---- --------
#     B                    any     1.80
#     ExtUtils::MakeMaker  any     7.44
#     File::Spec           any     3.78
#     Test::More           any 1.302175
#     if                   any   0.0608
#     lib                  any     0.65
#
# === Test Recommends ===
#
#     Module         Want     Have
#     ---------- -------- --------
#     CPAN::Meta 2.120900 2.150010
#
# === Runtime Requires ===
#
#     Module   Want Have
#     -------- ---- ----
#     Carp      any 1.50
#     Exporter  any 5.74
#     strict    any 1.11
#     warnings  any 1.47
#
t/00-report-prereqs.t .. ok
t/aliased.t ............ ok
t/export.t ............. ok
t/import.t ............. ok
t/prefix.t ............. ok
t/sigdie.t ............. ok
All tests successful.
Files=6, Tests=40,  1 wallclock secs ( 0.04 usr  0.01 sys +  0.49 cusr  0.16 csys =  0.70 CPU)
Result: PASS
installing
Installing /nix/store/n30fg115fbk9ps3z3gfwziypdnjf70y2-perl5.32.0-aliased-0.34/lib/perl5/site_perl/5.32.0/aliased.pm
Installing /nix/store/n30fg115fbk9ps3z3gfwziypdnjf70y2-perl5.32.0-aliased-0.34/share/man/man3/aliased.3
post-installation fixup
Moving /nix/store/n30fg115fbk9ps3z3gfwziypdnjf70y2-perl5.32.0-aliased-0.34/share/man/man3 to /nix/store/6sc7fixhqh2x7849l74jy6vcm0v8qv3k-perl5.32.0-aliased-0.34-devdoc/share/man/man3
Removing empty /nix/store/n30fg115fbk9ps3z3gfwziypdnjf70y2-perl5.32.0-aliased-0.34/share/man/ and (possibly) its parents
shrinking RPATHs of ELF executables and libraries in /nix/store/n30fg115fbk9ps3z3gfwziypdnjf70y2-perl5.32.0-aliased-0.34
strip is /nix/store/psyzbhp4p088sb9qcs378hfbslcalasl-binutils-2.31.1/bin/strip
stripping (with command strip and flags -S) in /nix/store/n30fg115fbk9ps3z3gfwziypdnjf70y2-perl5.32.0-aliased-0.34/lib
patching script interpreter paths in /nix/store/n30fg115fbk9ps3z3gfwziypdnjf70y2-perl5.32.0-aliased-0.34
checking for references to /build/ in /nix/store/n30fg115fbk9ps3z3gfwziypdnjf70y2-perl5.32.0-aliased-0.34...
shrinking RPATHs of ELF executables and libraries in /nix/store/6sc7fixhqh2x7849l74jy6vcm0v8qv3k-perl5.32.0-aliased-0.34-devdoc
gzipping man pages under /nix/store/6sc7fixhqh2x7849l74jy6vcm0v8qv3k-perl5.32.0-aliased-0.34-devdoc/share/man/
strip is /nix/store/psyzbhp4p088sb9qcs378hfbslcalasl-binutils-2.31.1/bin/strip
patching script interpreter paths in /nix/store/6sc7fixhqh2x7849l74jy6vcm0v8qv3k-perl5.32.0-aliased-0.34-devdoc
checking for references to /build/ in /nix/store/6sc7fixhqh2x7849l74jy6vcm0v8qv3k-perl5.32.0-aliased-0.34-devdoc...
/nix/store/n30fg115fbk9ps3z3gfwziypdnjf70y2-perl5.32.0-aliased-0.34
