these derivations will be built:
  /nix/store/xvi3p4kli1aw0172q6l7fvk0y15hgjgz-perl5.32.0-Any-URI-Escape-0.01.drv
these paths will be fetched (0.00 MiB download, 0.00 MiB unpacked):
  /nix/store/0naidzbjr8zz36dz3vhnhddp8v9ccpyr-Any-URI-Escape-0.01.tar.gz
copying path '/nix/store/0naidzbjr8zz36dz3vhnhddp8v9ccpyr-Any-URI-Escape-0.01.tar.gz' from 'https://cache.nixos.org'...
building '/nix/store/xvi3p4kli1aw0172q6l7fvk0y15hgjgz-perl5.32.0-Any-URI-Escape-0.01.drv'...
unpacking sources
unpacking source archive /nix/store/0naidzbjr8zz36dz3vhnhddp8v9ccpyr-Any-URI-Escape-0.01.tar.gz
source root is Any-URI-Escape-0.01
setting SOURCE_DATE_EPOCH to timestamp 1274206068 of file Any-URI-Escape-0.01/META.yml
patching sources
configuring
patching ./t/Any-URI-Escape.t...
patching ./Makefile.PL...
Checking if your kit is complete...
Looks good
Generating a Unix-style Makefile
Writing Makefile for Any::URI::Escape
Writing MYMETA.yml and MYMETA.json
no configure script, doing nothing
building
build flags: SHELL=/nix/store/9fqwwd4iybmhjqyxiaxycknslw6bgwh1-bash-4.4-p23/bin/bash
cp lib/Any/URI/Escape.pm blib/lib/Any/URI/Escape.pm
Manifying 1 pod document
running tests
check flags: SHELL=/nix/store/9fqwwd4iybmhjqyxiaxycknslw6bgwh1-bash-4.4-p23/bin/bash VERBOSE=y test
PERL_DL_NONLAZY=1 "/nix/store/7c044di03qa7qgr5kjjc2d787aspzp0m-perl-5.32.0/bin/perl" "-MExtUtils::Command::MM" "-MTest::Harness" "-e" "undef *Test::Harness::Switches; test_harness(0, 'blib/lib', 'blib/arch')" t/*.t
t/Any-URI-Escape.t .. ok
All tests successful.
Files=1, Tests=4,  0 wallclock secs ( 0.02 usr  0.00 sys +  0.05 cusr  0.01 csys =  0.08 CPU)
Result: PASS
installing
install flags: SHELL=/nix/store/9fqwwd4iybmhjqyxiaxycknslw6bgwh1-bash-4.4-p23/bin/bash pkgconfigdir=/nix/store/c3gsc5q6l0gyxrlqv024jhi9pyg31blm-perl5.32.0-Any-URI-Escape-0.01/lib/pkgconfig m4datadir=/nix/store/c3gsc5q6l0gyxrlqv024jhi9pyg31blm-perl5.32.0-Any-URI-Escape-0.01/share/aclocal aclocaldir=/nix/store/c3gsc5q6l0gyxrlqv024jhi9pyg31blm-perl5.32.0-Any-URI-Escape-0.01/share/aclocal install
Manifying 1 pod document
Installing /nix/store/c3gsc5q6l0gyxrlqv024jhi9pyg31blm-perl5.32.0-Any-URI-Escape-0.01/lib/perl5/site_perl/5.32.0/Any/URI/Escape.pm
Installing /nix/store/c3gsc5q6l0gyxrlqv024jhi9pyg31blm-perl5.32.0-Any-URI-Escape-0.01/share/man/man3/Any::URI::Escape.3
Appending installation info to /nix/store/c3gsc5q6l0gyxrlqv024jhi9pyg31blm-perl5.32.0-Any-URI-Escape-0.01/lib/perl5/5.32.0/x86_64-linux-thread-multi/perllocal.pod
post-installation fixup
Moving /nix/store/c3gsc5q6l0gyxrlqv024jhi9pyg31blm-perl5.32.0-Any-URI-Escape-0.01/share/man/man3 to /nix/store/jzs77ihaqm4hj8prcqydbg0ibizslgzb-perl5.32.0-Any-URI-Escape-0.01-devdoc/share/man/man3
Removing empty /nix/store/c3gsc5q6l0gyxrlqv024jhi9pyg31blm-perl5.32.0-Any-URI-Escape-0.01/share/man/ and (possibly) its parents
shrinking RPATHs of ELF executables and libraries in /nix/store/c3gsc5q6l0gyxrlqv024jhi9pyg31blm-perl5.32.0-Any-URI-Escape-0.01
strip is /nix/store/psyzbhp4p088sb9qcs378hfbslcalasl-binutils-2.31.1/bin/strip
stripping (with command strip and flags -S) in /nix/store/c3gsc5q6l0gyxrlqv024jhi9pyg31blm-perl5.32.0-Any-URI-Escape-0.01/lib
patching script interpreter paths in /nix/store/c3gsc5q6l0gyxrlqv024jhi9pyg31blm-perl5.32.0-Any-URI-Escape-0.01
checking for references to /build/ in /nix/store/c3gsc5q6l0gyxrlqv024jhi9pyg31blm-perl5.32.0-Any-URI-Escape-0.01...
shrinking RPATHs of ELF executables and libraries in /nix/store/jzs77ihaqm4hj8prcqydbg0ibizslgzb-perl5.32.0-Any-URI-Escape-0.01-devdoc
gzipping man pages under /nix/store/jzs77ihaqm4hj8prcqydbg0ibizslgzb-perl5.32.0-Any-URI-Escape-0.01-devdoc/share/man/
strip is /nix/store/psyzbhp4p088sb9qcs378hfbslcalasl-binutils-2.31.1/bin/strip
patching script interpreter paths in /nix/store/jzs77ihaqm4hj8prcqydbg0ibizslgzb-perl5.32.0-Any-URI-Escape-0.01-devdoc
checking for references to /build/ in /nix/store/jzs77ihaqm4hj8prcqydbg0ibizslgzb-perl5.32.0-Any-URI-Escape-0.01-devdoc...
/nix/store/c3gsc5q6l0gyxrlqv024jhi9pyg31blm-perl5.32.0-Any-URI-Escape-0.01
