these derivations will be built:
  /nix/store/9nsa3fw4l8hnwx0n6kk2q4pcixq5z5vl-perl5.32.0-AppConfig-1.71.drv
these paths will be fetched (0.05 MiB download, 0.05 MiB unpacked):
  /nix/store/0k8qvrhx4pf1g7v07yj76m6nfghi10mr-AppConfig-1.71.tar.gz
copying path '/nix/store/0k8qvrhx4pf1g7v07yj76m6nfghi10mr-AppConfig-1.71.tar.gz' from 'https://cache.nixos.org'...
building '/nix/store/9nsa3fw4l8hnwx0n6kk2q4pcixq5z5vl-perl5.32.0-AppConfig-1.71.drv'...
unpacking sources
unpacking source archive /nix/store/0k8qvrhx4pf1g7v07yj76m6nfghi10mr-AppConfig-1.71.tar.gz
source root is AppConfig-1.71
setting SOURCE_DATE_EPOCH to timestamp 1425249362 of file AppConfig-1.71/META.json
patching sources
configuring
patching ./t/default.t...
patching ./t/appconfig.t...
patching ./t/file.t...
patching ./t/block.t...
patching ./t/sys.t...
patching ./t/novars.t...
patching ./t/97-pod.t...
patching ./t/compact.t...
patching ./t/getopt.t...
patching ./t/multi.t...
patching ./t/99_author.t...
patching ./t/cgi.t...
patching ./t/args.t...
patching ./t/state.t...
patching ./t/flag.t...
patching ./t/const.t...
Checking if your kit is complete...
Looks good
Generating a Unix-style Makefile
Writing Makefile for AppConfig
Writing MYMETA.yml and MYMETA.json
no configure script, doing nothing
building
build flags: SHELL=/nix/store/9fqwwd4iybmhjqyxiaxycknslw6bgwh1-bash-4.4-p23/bin/bash
cp lib/AppConfig/Sys.pm blib/lib/AppConfig/Sys.pm
cp lib/AppConfig.pm blib/lib/AppConfig.pm
cp lib/AppConfig/CGI.pm blib/lib/AppConfig/CGI.pm
cp lib/AppConfig/Getopt.pm blib/lib/AppConfig/Getopt.pm
cp lib/AppConfig/State.pm blib/lib/AppConfig/State.pm
cp lib/AppConfig/Args.pm blib/lib/AppConfig/Args.pm
cp lib/AppConfig/File.pm blib/lib/AppConfig/File.pm
Manifying 7 pod documents
running tests
check flags: SHELL=/nix/store/9fqwwd4iybmhjqyxiaxycknslw6bgwh1-bash-4.4-p23/bin/bash VERBOSE=y test
PERL_DL_NONLAZY=1 "/nix/store/7c044di03qa7qgr5kjjc2d787aspzp0m-perl-5.32.0/bin/perl" "-MExtUtils::Command::MM" "-MTest::Harness" "-e" "undef *Test::Harness::Switches; test_harness(0, 'blib/lib', 'blib/arch')" t/*.t
t/97-pod.t ..... ok
t/99_author.t .. ok
t/appconfig.t .. ok
t/args.t ....... ok
t/block.t ...... ok
t/cgi.t ........ ok
t/compact.t .... ok
t/const.t ...... ok
t/default.t .... ok
t/file.t ....... ok
t/flag.t ....... ok
t/getopt.t ..... ok
t/multi.t ...... ok
t/novars.t ..... ok
t/state.t ...... ok
t/sys.t ........ ok
All tests successful.
Files=16, Tests=267,  0 wallclock secs ( 0.06 usr  0.02 sys +  0.67 cusr  0.11 csys =  0.86 CPU)
Result: PASS
installing
install flags: SHELL=/nix/store/9fqwwd4iybmhjqyxiaxycknslw6bgwh1-bash-4.4-p23/bin/bash pkgconfigdir=/nix/store/i3rs0fis1wh98jwwdy63qkn9z44217ws-perl5.32.0-AppConfig-1.71/lib/pkgconfig m4datadir=/nix/store/i3rs0fis1wh98jwwdy63qkn9z44217ws-perl5.32.0-AppConfig-1.71/share/aclocal aclocaldir=/nix/store/i3rs0fis1wh98jwwdy63qkn9z44217ws-perl5.32.0-AppConfig-1.71/share/aclocal install
Manifying 7 pod documents
Installing /nix/store/i3rs0fis1wh98jwwdy63qkn9z44217ws-perl5.32.0-AppConfig-1.71/lib/perl5/site_perl/5.32.0/AppConfig.pm
Installing /nix/store/i3rs0fis1wh98jwwdy63qkn9z44217ws-perl5.32.0-AppConfig-1.71/lib/perl5/site_perl/5.32.0/AppConfig/Args.pm
Installing /nix/store/i3rs0fis1wh98jwwdy63qkn9z44217ws-perl5.32.0-AppConfig-1.71/lib/perl5/site_perl/5.32.0/AppConfig/File.pm
Installing /nix/store/i3rs0fis1wh98jwwdy63qkn9z44217ws-perl5.32.0-AppConfig-1.71/lib/perl5/site_perl/5.32.0/AppConfig/CGI.pm
Installing /nix/store/i3rs0fis1wh98jwwdy63qkn9z44217ws-perl5.32.0-AppConfig-1.71/lib/perl5/site_perl/5.32.0/AppConfig/Getopt.pm
Installing /nix/store/i3rs0fis1wh98jwwdy63qkn9z44217ws-perl5.32.0-AppConfig-1.71/lib/perl5/site_perl/5.32.0/AppConfig/State.pm
Installing /nix/store/i3rs0fis1wh98jwwdy63qkn9z44217ws-perl5.32.0-AppConfig-1.71/lib/perl5/site_perl/5.32.0/AppConfig/Sys.pm
Installing /nix/store/i3rs0fis1wh98jwwdy63qkn9z44217ws-perl5.32.0-AppConfig-1.71/share/man/man3/AppConfig::CGI.3
Installing /nix/store/i3rs0fis1wh98jwwdy63qkn9z44217ws-perl5.32.0-AppConfig-1.71/share/man/man3/AppConfig::Getopt.3
Installing /nix/store/i3rs0fis1wh98jwwdy63qkn9z44217ws-perl5.32.0-AppConfig-1.71/share/man/man3/AppConfig::State.3
Installing /nix/store/i3rs0fis1wh98jwwdy63qkn9z44217ws-perl5.32.0-AppConfig-1.71/share/man/man3/AppConfig::Sys.3
Installing /nix/store/i3rs0fis1wh98jwwdy63qkn9z44217ws-perl5.32.0-AppConfig-1.71/share/man/man3/AppConfig::File.3
Installing /nix/store/i3rs0fis1wh98jwwdy63qkn9z44217ws-perl5.32.0-AppConfig-1.71/share/man/man3/AppConfig::Args.3
Installing /nix/store/i3rs0fis1wh98jwwdy63qkn9z44217ws-perl5.32.0-AppConfig-1.71/share/man/man3/AppConfig.3
Appending installation info to /nix/store/i3rs0fis1wh98jwwdy63qkn9z44217ws-perl5.32.0-AppConfig-1.71/lib/perl5/5.32.0/x86_64-linux-thread-multi/perllocal.pod
post-installation fixup
Moving /nix/store/i3rs0fis1wh98jwwdy63qkn9z44217ws-perl5.32.0-AppConfig-1.71/share/man/man3 to /nix/store/ljyx8qf96avff4sp3zhzcxy4bqcgzyan-perl5.32.0-AppConfig-1.71-devdoc/share/man/man3
Removing empty /nix/store/i3rs0fis1wh98jwwdy63qkn9z44217ws-perl5.32.0-AppConfig-1.71/share/man/ and (possibly) its parents
shrinking RPATHs of ELF executables and libraries in /nix/store/i3rs0fis1wh98jwwdy63qkn9z44217ws-perl5.32.0-AppConfig-1.71
strip is /nix/store/psyzbhp4p088sb9qcs378hfbslcalasl-binutils-2.31.1/bin/strip
stripping (with command strip and flags -S) in /nix/store/i3rs0fis1wh98jwwdy63qkn9z44217ws-perl5.32.0-AppConfig-1.71/lib
patching script interpreter paths in /nix/store/i3rs0fis1wh98jwwdy63qkn9z44217ws-perl5.32.0-AppConfig-1.71
checking for references to /build/ in /nix/store/i3rs0fis1wh98jwwdy63qkn9z44217ws-perl5.32.0-AppConfig-1.71...
shrinking RPATHs of ELF executables and libraries in /nix/store/ljyx8qf96avff4sp3zhzcxy4bqcgzyan-perl5.32.0-AppConfig-1.71-devdoc
gzipping man pages under /nix/store/ljyx8qf96avff4sp3zhzcxy4bqcgzyan-perl5.32.0-AppConfig-1.71-devdoc/share/man/
strip is /nix/store/psyzbhp4p088sb9qcs378hfbslcalasl-binutils-2.31.1/bin/strip
patching script interpreter paths in /nix/store/ljyx8qf96avff4sp3zhzcxy4bqcgzyan-perl5.32.0-AppConfig-1.71-devdoc
checking for references to /build/ in /nix/store/ljyx8qf96avff4sp3zhzcxy4bqcgzyan-perl5.32.0-AppConfig-1.71-devdoc...
/nix/store/i3rs0fis1wh98jwwdy63qkn9z44217ws-perl5.32.0-AppConfig-1.71
