these derivations will be built:
  /nix/store/6a8mkj6sfpd9ramcnr41012myhd7xpni-perl5.32.0-Tie-IxHash-1.23.drv
  /nix/store/9am0p13jyvskl5gj93rwa3p6wcnx0k7m-perl5.32.0-Test-NoWarnings-1.04.drv
  /nix/store/dbmyqaaarf94njjbblw6pvhfjxsvr2sa-perl5.32.0-Path-Class-0.37.drv
  /nix/store/g2shn9rvmh3vd21f7hh86lmncg77pq0n-perl5.32.0-local-lib-2.000024.drv
  /nix/store/pph15kgkcmvv8xks86pkv9naqv50mjzi-perl5.32.0-File-Temp-0.2309.drv
  /nix/store/kp629cqq80d33h7ip4mvw7m0jxfrhnyd-perl5.32.0-Test-TempDir-Tiny-0.018.drv
  /nix/store/lw5b40cqybw3p4bc45hq71279gw2sh59-perl5.32.0-CPAN-Perl-Releases-5.20200607.drv
  /nix/store/mfmbf5bh806ndr302nw0pc6hbscbm6xf-perl5.32.0-Devel-PatchPerl-2.00.drv
  /nix/store/rrh11f5qj3zd7jpsslh7ldhczbnzzqcj-perl5.32.0-IO-All-0.87.drv
  /nix/store/kyi8cn5khiyk4zwyvmvl0iycpr6bjic1-perl5.32.0-Devel-GlobalPhase-0.003003.drv
  /nix/store/v11n2p8lfn7cz9hh7z1hlj2r5gp5yvw0-perl5.32.0-Test-Spec-0.54.drv
  /nix/store/jz1cmypbp4qa32mvc6jw0qidy24719x7-perl5.32.0-App-perlbrew-0.88.drv
these paths will be fetched (0.47 MiB download, 0.47 MiB unpacked):
  /nix/store/01a563y10hgm4rhp42mm3d8zs1131aj1-Devel-PatchPerl-2.00.tar.gz
  /nix/store/2ksagq8k87srdjmz6czcsv69hji7avvy-Test-Spec-0.54.tar.gz
  /nix/store/7ygf4s6200m8a7irhn4p3qsjvvcjh37j-Devel-GlobalPhase-0.003003.tar.gz
  /nix/store/ggliyf9wqk8jfia4agslv1ws41l3ypn9-Test-TempDir-Tiny-0.018.tar.gz
  /nix/store/i0l9fs2mzswyag9zzp7iyqvaa7jf1kyn-CPAN-Perl-Releases-5.20200607.tar.gz
  /nix/store/lyxkg6hrkkglah0r9bs10mgr1aj02kyn-local-lib-2.000024.tar.gz
  /nix/store/phzimfslsl4z8r6w8d24pm0nw2f9h8pw-File-Temp-0.2309.tar.gz
  /nix/store/ygw0x112fazpcvjv3kypp9axawyayymk-App-perlbrew-0.88.tar.gz
copying path '/nix/store/ygw0x112fazpcvjv3kypp9axawyayymk-App-perlbrew-0.88.tar.gz' from 'https://cache.nixos.org'...
copying path '/nix/store/01a563y10hgm4rhp42mm3d8zs1131aj1-Devel-PatchPerl-2.00.tar.gz' from 'https://cache.nixos.org'...
copying path '/nix/store/i0l9fs2mzswyag9zzp7iyqvaa7jf1kyn-CPAN-Perl-Releases-5.20200607.tar.gz' from 'https://cache.nixos.org'...
copying path '/nix/store/2ksagq8k87srdjmz6czcsv69hji7avvy-Test-Spec-0.54.tar.gz' from 'https://cache.nixos.org'...
copying path '/nix/store/ggliyf9wqk8jfia4agslv1ws41l3ypn9-Test-TempDir-Tiny-0.018.tar.gz' from 'https://cache.nixos.org'...
copying path '/nix/store/lyxkg6hrkkglah0r9bs10mgr1aj02kyn-local-lib-2.000024.tar.gz' from 'https://cache.nixos.org'...
building '/nix/store/rrh11f5qj3zd7jpsslh7ldhczbnzzqcj-perl5.32.0-IO-All-0.87.drv'...
building '/nix/store/dbmyqaaarf94njjbblw6pvhfjxsvr2sa-perl5.32.0-Path-Class-0.37.drv'...
unpacking sources
unpacking source archive /nix/store/b300ifbvd2ldl4wabbcni2n9df992fm5-IO-All-0.87.tar.gz
source root is IO-All-0.87
setting SOURCE_DATE_EPOCH to timestamp 1500411958 of file IO-All-0.87/t/xxx.t
patching sources
configuring
unpacking sources
unpacking source archive /nix/store/r5i35whmcgrbmh7gzc7w33a90lzjjg9d-Path-Class-0.37.tar.gz
source root is Path-Class-0.37
setting SOURCE_DATE_EPOCH to timestamp 1471142204 of file Path-Class-0.37/t/author-critic.t
patching ./example/create-cat-to.pl...
patching sources
configuring
patching ./t/author-pod-syntax.t...
patching ./t/in-place.t...
patching ./t/author-critic.t...
patching ./t/04-subclass.t...
patching ./t/05-traverse.t...
patching ./t/07-recurseprune.t...
patching ./t/06-traverse_filt.t...
copying path '/nix/store/7ygf4s6200m8a7irhn4p3qsjvvcjh37j-Devel-GlobalPhase-0.003003.tar.gz' from 'https://cache.nixos.org'...
copying path '/nix/store/phzimfslsl4z8r6w8d24pm0nw2f9h8pw-File-Temp-0.2309.tar.gz' from 'https://cache.nixos.org'...
patching ./t/head.t...
building '/nix/store/9am0p13jyvskl5gj93rwa3p6wcnx0k7m-perl5.32.0-Test-NoWarnings-1.04.drv'...
building '/nix/store/lw5b40cqybw3p4bc45hq71279gw2sh59-perl5.32.0-CPAN-Perl-Releases-5.20200607.drv'...
Checking if your kit is complete...
unpacking sources
unpacking source archive /nix/store/bgcz7bvwhnds797c8j57ncr8hkq9a8hh-Test-NoWarnings-1.04.tar.gz
Looks good
source root is Test-NoWarnings-1.04
setting SOURCE_DATE_EPOCH to timestamp 1322702338 of file Test-NoWarnings-1.04/MANIFEST
WARNING: Older versions of ExtUtils::MakeMaker may errantly install README.pod as part of this distribution. It is recommended to avoid using this path in CPAN modules.
patching sources
configuring
building '/nix/store/6a8mkj6sfpd9ramcnr41012myhd7xpni-perl5.32.0-Tie-IxHash-1.23.drv'...
building '/nix/store/g2shn9rvmh3vd21f7hh86lmncg77pq0n-perl5.32.0-local-lib-2.000024.drv'...
patching ./xt/meta.t...
patching ./xt/pod.t...
patching ./xt/pmv.t...
patching ./t/04_no_tests.t...
patching ./t/05_no_end.t...
patching ./t/06_fork.t...
patching ./t/01_compile.t...
unpacking sources
unpacking source archive /nix/store/i0l9fs2mzswyag9zzp7iyqvaa7jf1kyn-CPAN-Perl-Releases-5.20200607.tar.gz
source root is CPAN-Perl-Releases-5.20200607
patching ./t/03_end.t...
patching ./t/02_none.t...
setting SOURCE_DATE_EPOCH to timestamp 1591564700 of file CPAN-Perl-Releases-5.20200607/tools/perls.data
patching sources
configuring
building '/nix/store/mfmbf5bh806ndr302nw0pc6hbscbm6xf-perl5.32.0-Devel-PatchPerl-2.00.drv'...
Generating a Unix-style Makefile
Writing Makefile for Path::Class
Writing MYMETA.yml and MYMETA.json
patching ./t/author-pod-syntax.t...
patching ./t/author-pod-coverage.t...
no configure script, doing nothing
building
unpacking sources
unpacking source archive /nix/store/8cf7k2ayahmczsazbi1m895xwzs2mwa7-Tie-IxHash-1.23.tar.gz
unpacking sources
unpacking source archive /nix/store/lyxkg6hrkkglah0r9bs10mgr1aj02kyn-local-lib-2.000024.tar.gz
source root is local-lib-2.000024
Checking if your kit is complete...
source root is Tie-IxHash-1.23
setting SOURCE_DATE_EPOCH to timestamp 1507476136 of file local-lib-2.000024/MANIFEST
patching sources
configuring
Looks good
setting SOURCE_DATE_EPOCH to timestamp 1361705741 of file Tie-IxHash-1.23/META.yml
unpacking sources
unpacking source archive /nix/store/01a563y10hgm4rhp42mm3d8zs1131aj1-Devel-PatchPerl-2.00.tar.gz
patching sources
configuring
source root is Devel-PatchPerl-2.00
patching ./t/pod.t...
setting SOURCE_DATE_EPOCH to timestamp 1591266207 of file Devel-PatchPerl-2.00/tools/audit_hints.pl
patching sources
patching ./t/ixhash.t...
configuring
Generating a Unix-style Makefile
Writing Makefile for IO::All
Checking if your kit is complete...
patching ./t/author-pod-syntax.t...
Writing MYMETA.yml and MYMETA.json
patching ./t/author-pod-coverage.t...
no configure script, doing nothing
building
Looks good
build flags: SHELL=/nix/store/9fqwwd4iybmhjqyxiaxycknslw6bgwh1-bash-4.4-p23/bin/bash
building '/nix/store/kyi8cn5khiyk4zwyvmvl0iycpr6bjic1-perl5.32.0-Devel-GlobalPhase-0.003003.drv'...
patching ./eg/scripted_install.pl...
patching ./bin/patchperl...
Checking if your kit is complete...
Generating a Unix-style Makefile
Writing Makefile for Test::NoWarnings
Looks good
Writing MYMETA.yml and MYMETA.json
no configure script, doing nothing
building
build flags: SHELL=/nix/store/9fqwwd4iybmhjqyxiaxycknslw6bgwh1-bash-4.4-p23/bin/bash
Created MYMETA.yml and MYMETA.json
Creating new 'Build' script for 'Path-Class' version '0.37'
Checking if your kit is complete...
Generating a Unix-style Makefile
Writing Makefile for CPAN::Perl::Releases
unpacking sources
unpacking source archive /nix/store/7ygf4s6200m8a7irhn4p3qsjvvcjh37j-Devel-GlobalPhase-0.003003.tar.gz
source root is Devel-GlobalPhase-0.003003
Writing MYMETA.yml and MYMETA.json
Looks good
setting SOURCE_DATE_EPOCH to timestamp 1517089801 of file Devel-GlobalPhase-0.003003/MANIFEST
patching sources
configuring
Checking if your kit is complete...
no configure script, doing nothing
building
build flags: SHELL=/nix/store/9fqwwd4iybmhjqyxiaxycknslw6bgwh1-bash-4.4-p23/bin/bash
Looks good
Generating a Unix-style Makefile
Writing Makefile for Tie::IxHash
Writing MYMETA.yml and MYMETA.json
no configure script, doing nothing
building
Generating a Unix-style Makefile
Writing Makefile for Devel::PatchPerl
Building Path-Class
Writing MYMETA.yml and MYMETA.json
no configure script, doing nothing
building
build flags: SHELL=/nix/store/9fqwwd4iybmhjqyxiaxycknslw6bgwh1-bash-4.4-p23/bin/bash
cp lib/Test/NoWarnings/Warning.pm blib/lib/Test/NoWarnings/Warning.pm
cp lib/IO/All/Temp.pod blib/lib/IO/All/Temp.pod
cp lib/IO/All/File.pod blib/lib/IO/All/File.pod
cp lib/IO/All/DBM.pod blib/lib/IO/All/DBM.pod
cp lib/IO/All/MLDBM.pod blib/lib/IO/All/MLDBM.pod
cp lib/IO/All/STDIO.pm blib/lib/IO/All/STDIO.pm
cp lib/Test/NoWarnings.pm blib/lib/Test/NoWarnings.pm
cp lib/IO/All/Link.pod blib/lib/IO/All/Link.pod
cp lib/IO/All/Pipe.pm blib/lib/IO/All/Pipe.pm
cp lib/IO/All/Dir.pod blib/lib/IO/All/Dir.pod
cp lib/IO/All/Link.pm blib/lib/IO/All/Link.pm
cp lib/IO/All.pod blib/lib/IO/All.pod
cp lib/IO/All/File.pm blib/lib/IO/All/File.pm
cp lib/IO/All.pm blib/lib/IO/All.pm
cp lib/IO/All/Temp.pm blib/lib/IO/All/Temp.pm
cp lib/IO/All/Dir.pm blib/lib/IO/All/Dir.pm
cp lib/IO/All/Socket.pod blib/lib/IO/All/Socket.pod
cp lib/IO/All/MLDBM.pm blib/lib/IO/All/MLDBM.pm
cp lib/IO/All/String.pod blib/lib/IO/All/String.pod
cp lib/IO/All/STDIO.pod blib/lib/IO/All/STDIO.pod
cp lib/IO/All/Filesys.pod blib/lib/IO/All/Filesys.pod
cp lib/IO/All/Socket.pm blib/lib/IO/All/Socket.pm
cp lib/IO/All/DBM.pm blib/lib/IO/All/DBM.pm
cp lib/IO/All/Pipe.pod blib/lib/IO/All/Pipe.pod
cp lib/IO/All/Base.pm blib/lib/IO/All/Base.pm
cp lib/IO/All/String.pm blib/lib/IO/All/String.pm
cp lib/IO/All/Filesys.pm blib/lib/IO/All/Filesys.pm
running tests
Checking if your kit is complete...
Created MYMETA.yml and MYMETA.json
Creating new 'Build' script for 'Tie-IxHash' version '1.23'
Looks good
Manifying 12 pod documents
cp lib/CPAN/Perl/Releases.pm blib/lib/CPAN/Perl/Releases.pm
Manifying 1 pod document
Generating a Unix-style Makefile
Writing Makefile for Devel::GlobalPhase
Writing MYMETA.yml and MYMETA.json
running tests
check flags: SHELL=/nix/store/9fqwwd4iybmhjqyxiaxycknslw6bgwh1-bash-4.4-p23/bin/bash VERBOSE=y test
no configure script, doing nothing
building
build flags: SHELL=/nix/store/9fqwwd4iybmhjqyxiaxycknslw6bgwh1-bash-4.4-p23/bin/bash
PERL_DL_NONLAZY=1 "/nix/store/7c044di03qa7qgr5kjjc2d787aspzp0m-perl-5.32.0/bin/perl" "-MExtUtils::Command::MM" "-MTest::Harness" "-e" "undef *Test::Harness::Switches; test_harness(0, 'blib/lib', 'blib/arch')" t/*.t
Building Tie-IxHash
Manifying 1 pod document
running tests
check flags: SHELL=/nix/store/9fqwwd4iybmhjqyxiaxycknslw6bgwh1-bash-4.4-p23/bin/bash VERBOSE=y test
cp lib/Devel/PatchPerl/Plugin.pm blib/lib/Devel/PatchPerl/Plugin.pm
cp lib/Devel/PatchPerl.pm blib/lib/Devel/PatchPerl.pm
PERL_DL_NONLAZY=1 "/nix/store/7c044di03qa7qgr5kjjc2d787aspzp0m-perl-5.32.0/bin/perl" "-MExtUtils::Command::MM" "-MTest::Harness" "-e" "undef *Test::Harness::Switches; test_harness(0, 'blib/lib', 'blib/arch')" t/*.t
running tests
check flags: SHELL=/nix/store/9fqwwd4iybmhjqyxiaxycknslw6bgwh1-bash-4.4-p23/bin/bash VERBOSE=y test
cp lib/Devel/PatchPerl/Hints.pm blib/lib/Devel/PatchPerl/Hints.pm
running tests
PERL_DL_NONLAZY=1 "/nix/store/7c044di03qa7qgr5kjjc2d787aspzp0m-perl-5.32.0/bin/perl" "-MExtUtils::Command::MM" "-MTest::Harness" "-e" "undef *Test::Harness::Switches; test_harness(0, 'blib/lib', 'blib/arch')" t/*.t
t/01-basic.t .......... ok
cp bin/patchperl blib/script/patchperl
"/nix/store/7c044di03qa7qgr5kjjc2d787aspzp0m-perl-5.32.0/bin/perl" -MExtUtils::MY -e 'MY->fixin(shift)' -- blib/script/patchperl
t/01_compile.t ... ok
t/02-foreign.t ........ ok
t/02_none.t ...... ok
cp lib/Devel/GlobalPhase.pm blib/lib/Devel/GlobalPhase.pm
t/00-compile.t ........... ok
Manifying 1 pod document
Manifying 1 pod document
t/03_end.t ....... ok
running tests
check flags: SHELL=/nix/store/9fqwwd4iybmhjqyxiaxycknslw6bgwh1-bash-4.4-p23/bin/bash VERBOSE=y test
t/03-filesystem.t ..... ok
t/000-compile-modules.t .. ok
t/each-delete.t .. ok
Checking if your kit is complete...
PERL_DL_NONLAZY=1 "/nix/store/7c044di03qa7qgr5kjjc2d787aspzp0m-perl-5.32.0/bin/perl" "-MExtUtils::Command::MM" "-MTest::Harness" "-e" "undef *Test::Harness::Switches; test_harness(0, 'blib/lib', 'blib/arch')" t/*.t
Manifying 3 pod documents
t/ixhash.t ....... ok
Looks good
t/01-releases.t .......... ok
t/04_no_tests.t .. ok
Generating a Unix-style Makefile
Writing Makefile for local::lib
t/pod.t .......... skipped: Test::Pod 1.14 required for testing POD
All tests successful.
Files=3, Tests=28,  1 wallclock secs ( 0.03 usr  0.00 sys +  0.19 cusr  0.05 csys =  0.27 CPU)
Result: PASS
Writing MYMETA.yml and MYMETA.json
t/04-subclass.t ....... ok
installing
t/05_no_end.t .... ok
no configure script, doing nothing
building
build flags: SHELL=/nix/store/9fqwwd4iybmhjqyxiaxycknslw6bgwh1-bash-4.4-p23/bin/bash
t/02-refactor.t .......... ok
t/author-pod-coverage.t .. skipped: these tests are for testing by the author
t/author-pod-syntax.t .... skipped: these tests are for testing by the author
All tests successful.
Files=5, Tests=115,  1 wallclock secs ( 0.05 usr  0.00 sys +  0.32 cusr  0.05 csys =  0.42 CPU)
Result: PASS
installing
install flags: SHELL=/nix/store/9fqwwd4iybmhjqyxiaxycknslw6bgwh1-bash-4.4-p23/bin/bash pkgconfigdir=/nix/store/48gm13m533drva6v1yc2c4a1vqy12kmy-perl5.32.0-CPAN-Perl-Releases-5.20200607/lib/pkgconfig m4datadir=/nix/store/48gm13m533drva6v1yc2c4a1vqy12kmy-perl5.32.0-CPAN-Perl-Releases-5.20200607/share/aclocal aclocaldir=/nix/store/48gm13m533drva6v1yc2c4a1vqy12kmy-perl5.32.0-CPAN-Perl-Releases-5.20200607/share/aclocal install
running tests
check flags: SHELL=/nix/store/9fqwwd4iybmhjqyxiaxycknslw6bgwh1-bash-4.4-p23/bin/bash VERBOSE=y test
PERL_DL_NONLAZY=1 "/nix/store/7c044di03qa7qgr5kjjc2d787aspzp0m-perl-5.32.0/bin/perl" "-MExtUtils::Command::MM" "-MTest::Harness" "-e" "undef *Test::Harness::Switches; test_harness(0, 'blib/lib', 'blib/arch')" t/*.t
t/06_fork.t ...... ok
All tests successful.
Files=6, Tests=46,  1 wallclock secs ( 0.05 usr  0.01 sys +  0.51 cusr  0.10 csys =  0.67 CPU)
Result: PASS
installing
install flags: SHELL=/nix/store/9fqwwd4iybmhjqyxiaxycknslw6bgwh1-bash-4.4-p23/bin/bash pkgconfigdir=/nix/store/lm2fcizphrzqq4lfspc1i5fnpij8rqy5-perl5.32.0-Test-NoWarnings-1.04/lib/pkgconfig m4datadir=/nix/store/lm2fcizphrzqq4lfspc1i5fnpij8rqy5-perl5.32.0-Test-NoWarnings-1.04/share/aclocal aclocaldir=/nix/store/lm2fcizphrzqq4lfspc1i5fnpij8rqy5-perl5.32.0-Test-NoWarnings-1.04/share/aclocal install
t/load-in-gd.t ....... ok
Manifying 1 pod document
t/main.t ............. ok
t/05-traverse.t ....... ok
Building Tie-IxHash
t/minus_c.t .......... ok
Installing /nix/store/48gm13m533drva6v1yc2c4a1vqy12kmy-perl5.32.0-CPAN-Perl-Releases-5.20200607/lib/perl5/site_perl/5.32.0/CPAN/Perl/Releases.pm
Installing /nix/store/48gm13m533drva6v1yc2c4a1vqy12kmy-perl5.32.0-CPAN-Perl-Releases-5.20200607/share/man/man3/CPAN::Perl::Releases.3
t/runtime.t .......... ok
Appending installation info to /nix/store/48gm13m533drva6v1yc2c4a1vqy12kmy-perl5.32.0-CPAN-Perl-Releases-5.20200607/lib/perl5/5.32.0/x86_64-linux-thread-multi/perllocal.pod
Manifying 1 pod document
post-installation fixup
Installing /nix/store/yw2anx51dxf9pmrlvf3hin3m4gh761yq-perl5.32.0-Tie-IxHash-1.23/lib/perl5/site_perl/5.32.0/Tie/IxHash.pm
Installing /nix/store/yw2anx51dxf9pmrlvf3hin3m4gh761yq-perl5.32.0-Tie-IxHash-1.23/share/man/man3/Tie::IxHash.3
Moving /nix/store/48gm13m533drva6v1yc2c4a1vqy12kmy-perl5.32.0-CPAN-Perl-Releases-5.20200607/share/man/man3 to /nix/store/8xswhha5ak0qqbja9w8hknqff9cfwlgq-perl5.32.0-CPAN-Perl-Releases-5.20200607-devdoc/share/man/man3
post-installation fixup
Moving /nix/store/yw2anx51dxf9pmrlvf3hin3m4gh761yq-perl5.32.0-Tie-IxHash-1.23/share/man/man3 to /nix/store/ldb51axqgd5ky3p5pyzkbww0b92z56dp-perl5.32.0-Tie-IxHash-1.23-devdoc/share/man/man3
Removing empty /nix/store/48gm13m533drva6v1yc2c4a1vqy12kmy-perl5.32.0-CPAN-Perl-Releases-5.20200607/share/man/ and (possibly) its parents
t/segfault.t ......... ok
Removing empty /nix/store/yw2anx51dxf9pmrlvf3hin3m4gh761yq-perl5.32.0-Tie-IxHash-1.23/share/man/ and (possibly) its parents
shrinking RPATHs of ELF executables and libraries in /nix/store/48gm13m533drva6v1yc2c4a1vqy12kmy-perl5.32.0-CPAN-Perl-Releases-5.20200607
shrinking RPATHs of ELF executables and libraries in /nix/store/yw2anx51dxf9pmrlvf3hin3m4gh761yq-perl5.32.0-Tie-IxHash-1.23
strip is /nix/store/psyzbhp4p088sb9qcs378hfbslcalasl-binutils-2.31.1/bin/strip
stripping (with command strip and flags -S) in /nix/store/48gm13m533drva6v1yc2c4a1vqy12kmy-perl5.32.0-CPAN-Perl-Releases-5.20200607/lib
cp lib/local/lib.pm blib/lib/local/lib.pm
Installing /nix/store/lm2fcizphrzqq4lfspc1i5fnpij8rqy5-perl5.32.0-Test-NoWarnings-1.04/lib/perl5/site_perl/5.32.0/Test/NoWarnings.pm
Installing /nix/store/lm2fcizphrzqq4lfspc1i5fnpij8rqy5-perl5.32.0-Test-NoWarnings-1.04/lib/perl5/site_perl/5.32.0/Test/NoWarnings/Warning.pm
Installing /nix/store/lm2fcizphrzqq4lfspc1i5fnpij8rqy5-perl5.32.0-Test-NoWarnings-1.04/share/man/man3/Test::NoWarnings.3
cp lib/lib/core/only.pm blib/lib/lib/core/only.pm
t/01-hints.t ............. ok
cp lib/POD2/PT_BR/local/lib.pod blib/lib/POD2/PT_BR/local/lib.pod
strip is /nix/store/psyzbhp4p088sb9qcs378hfbslcalasl-binutils-2.31.1/bin/strip
cp lib/POD2/DE/local/lib.pod blib/lib/POD2/DE/local/lib.pod
stripping (with command strip and flags -S) in /nix/store/yw2anx51dxf9pmrlvf3hin3m4gh761yq-perl5.32.0-Tie-IxHash-1.23/lib
patching script interpreter paths in /nix/store/48gm13m533drva6v1yc2c4a1vqy12kmy-perl5.32.0-CPAN-Perl-Releases-5.20200607
checking for references to /build/ in /nix/store/48gm13m533drva6v1yc2c4a1vqy12kmy-perl5.32.0-CPAN-Perl-Releases-5.20200607...
t/absolute.t ............. ok
t/06-traverse_filt.t .. ok
shrinking RPATHs of ELF executables and libraries in /nix/store/8xswhha5ak0qqbja9w8hknqff9cfwlgq-perl5.32.0-CPAN-Perl-Releases-5.20200607-devdoc
Appending installation info to /nix/store/lm2fcizphrzqq4lfspc1i5fnpij8rqy5-perl5.32.0-Test-NoWarnings-1.04/lib/perl5/5.32.0/x86_64-linux-thread-multi/perllocal.pod
gzipping man pages under /nix/store/8xswhha5ak0qqbja9w8hknqff9cfwlgq-perl5.32.0-CPAN-Perl-Releases-5.20200607-devdoc/share/man/
patching script interpreter paths in /nix/store/yw2anx51dxf9pmrlvf3hin3m4gh761yq-perl5.32.0-Tie-IxHash-1.23
t/threads-runtime.t .. ok
strip is /nix/store/psyzbhp4p088sb9qcs378hfbslcalasl-binutils-2.31.1/bin/strip
patching script interpreter paths in /nix/store/8xswhha5ak0qqbja9w8hknqff9cfwlgq-perl5.32.0-CPAN-Perl-Releases-5.20200607-devdoc
checking for references to /build/ in /nix/store/8xswhha5ak0qqbja9w8hknqff9cfwlgq-perl5.32.0-CPAN-Perl-Releases-5.20200607-devdoc...
checking for references to /build/ in /nix/store/yw2anx51dxf9pmrlvf3hin3m4gh761yq-perl5.32.0-Tie-IxHash-1.23...
shrinking RPATHs of ELF executables and libraries in /nix/store/ldb51axqgd5ky3p5pyzkbww0b92z56dp-perl5.32.0-Tie-IxHash-1.23-devdoc
gzipping man pages under /nix/store/ldb51axqgd5ky3p5pyzkbww0b92z56dp-perl5.32.0-Tie-IxHash-1.23-devdoc/share/man/
strip is /nix/store/psyzbhp4p088sb9qcs378hfbslcalasl-binutils-2.31.1/bin/strip
patching script interpreter paths in /nix/store/ldb51axqgd5ky3p5pyzkbww0b92z56dp-perl5.32.0-Tie-IxHash-1.23-devdoc
post-installation fixup
checking for references to /build/ in /nix/store/ldb51axqgd5ky3p5pyzkbww0b92z56dp-perl5.32.0-Tie-IxHash-1.23-devdoc...
Moving /nix/store/lm2fcizphrzqq4lfspc1i5fnpij8rqy5-perl5.32.0-Test-NoWarnings-1.04/share/man/man3 to /nix/store/f464xghb3v3w1wafffkifj36nz8iiqya-perl5.32.0-Test-NoWarnings-1.04-devdoc/share/man/man3
building '/nix/store/pph15kgkcmvv8xks86pkv9naqv50mjzi-perl5.32.0-File-Temp-0.2309.drv'...
Removing empty /nix/store/lm2fcizphrzqq4lfspc1i5fnpij8rqy5-perl5.32.0-Test-NoWarnings-1.04/share/man/ and (possibly) its parents
shrinking RPATHs of ELF executables and libraries in /nix/store/lm2fcizphrzqq4lfspc1i5fnpij8rqy5-perl5.32.0-Test-NoWarnings-1.04
t/threads.t .......... ok
Manifying 4 pod documents
t/tie.t .............. ok
All tests successful.
Files=8, Tests=42,  0 wallclock secs ( 0.05 usr  0.01 sys +  0.19 cusr  0.03 csys =  0.28 CPU)
Result: PASS
installing
install flags: SHELL=/nix/store/9fqwwd4iybmhjqyxiaxycknslw6bgwh1-bash-4.4-p23/bin/bash pkgconfigdir=/nix/store/rag0sxy19zki0zlh4bn7j2jaf8xc76mj-perl5.32.0-Devel-GlobalPhase-0.003003/lib/pkgconfig m4datadir=/nix/store/rag0sxy19zki0zlh4bn7j2jaf8xc76mj-perl5.32.0-Devel-GlobalPhase-0.003003/share/aclocal aclocaldir=/nix/store/rag0sxy19zki0zlh4bn7j2jaf8xc76mj-perl5.32.0-Devel-GlobalPhase-0.003003/share/aclocal install
strip is /nix/store/psyzbhp4p088sb9qcs378hfbslcalasl-binutils-2.31.1/bin/strip
stripping (with command strip and flags -S) in /nix/store/lm2fcizphrzqq4lfspc1i5fnpij8rqy5-perl5.32.0-Test-NoWarnings-1.04/lib
patching script interpreter paths in /nix/store/lm2fcizphrzqq4lfspc1i5fnpij8rqy5-perl5.32.0-Test-NoWarnings-1.04
checking for references to /build/ in /nix/store/lm2fcizphrzqq4lfspc1i5fnpij8rqy5-perl5.32.0-Test-NoWarnings-1.04...
shrinking RPATHs of ELF executables and libraries in /nix/store/f464xghb3v3w1wafffkifj36nz8iiqya-perl5.32.0-Test-NoWarnings-1.04-devdoc
gzipping man pages under /nix/store/f464xghb3v3w1wafffkifj36nz8iiqya-perl5.32.0-Test-NoWarnings-1.04-devdoc/share/man/
t/07-recurseprune.t ... ok
strip is /nix/store/psyzbhp4p088sb9qcs378hfbslcalasl-binutils-2.31.1/bin/strip
patching script interpreter paths in /nix/store/f464xghb3v3w1wafffkifj36nz8iiqya-perl5.32.0-Test-NoWarnings-1.04-devdoc
checking for references to /build/ in /nix/store/f464xghb3v3w1wafffkifj36nz8iiqya-perl5.32.0-Test-NoWarnings-1.04-devdoc...
Manifying 1 pod document
unpacking sources
unpacking source archive /nix/store/phzimfslsl4z8r6w8d24pm0nw2f9h8pw-File-Temp-0.2309.tar.gz
source root is File-Temp-0.2309
setting SOURCE_DATE_EPOCH to timestamp 1546806562 of file File-Temp-0.2309/xt/release/distmeta.t
patching sources
configuring
patching ./misc/benchmark.pl...
patching ./xt/release/distmeta.t...
patching ./xt/author/pod-coverage.t...
patching ./xt/author/mojibake.t...
patching ./xt/author/pod-syntax.t...
patching ./xt/author/pod-no404s.t...
t/author-critic.t ..... skipped: these tests are for testing by the author
All tests successful.
Files=8, Tests=248,  1 wallclock secs ( 0.07 usr  0.01 sys +  0.90 cusr  0.20 csys =  1.18 CPU)
Result: PASS
patching ./t/mktemp.t...
installing
Installing /nix/store/rag0sxy19zki0zlh4bn7j2jaf8xc76mj-perl5.32.0-Devel-GlobalPhase-0.003003/lib/perl5/site_perl/5.32.0/Devel/GlobalPhase.pm
Installing /nix/store/rag0sxy19zki0zlh4bn7j2jaf8xc76mj-perl5.32.0-Devel-GlobalPhase-0.003003/share/man/man3/Devel::GlobalPhase.3
patching ./t/00-report-prereqs.t...
patching ./t/security.t...
patching ./t/lock.t...
patching ./t/posix.t...
Appending installation info to /nix/store/rag0sxy19zki0zlh4bn7j2jaf8xc76mj-perl5.32.0-Devel-GlobalPhase-0.003003/lib/perl5/5.32.0/x86_64-linux-thread-multi/perllocal.pod
patching ./t/object.t...
patching ./t/cmp.t...
t/02_vers.t .............. ok
patching ./t/fork.t...
patching ./t/rmtree.t...
running tests
patching ./t/tempfile.t...
check flags: SHELL=/nix/store/9fqwwd4iybmhjqyxiaxycknslw6bgwh1-bash-4.4-p23/bin/bash VERBOSE=y test
PERL_DL_NONLAZY=1 "/nix/store/7c044di03qa7qgr5kjjc2d787aspzp0m-perl-5.32.0/bin/perl" "-MExtUtils::Command::MM" "-MTest::Harness" "-e" "undef *Test::Harness::Switches; test_harness(0, 'blib/lib', 'blib/arch')" t/*.t
post-installation fixup
Moving /nix/store/rag0sxy19zki0zlh4bn7j2jaf8xc76mj-perl5.32.0-Devel-GlobalPhase-0.003003/share/man/man3 to /nix/store/9nfsqnhrg7faw3l3c7g7yql5bdxm0sy3-perl5.32.0-Devel-GlobalPhase-0.003003-devdoc/share/man/man3
Removing empty /nix/store/rag0sxy19zki0zlh4bn7j2jaf8xc76mj-perl5.32.0-Devel-GlobalPhase-0.003003/share/man/ and (possibly) its parents
shrinking RPATHs of ELF executables and libraries in /nix/store/rag0sxy19zki0zlh4bn7j2jaf8xc76mj-perl5.32.0-Devel-GlobalPhase-0.003003
strip is /nix/store/psyzbhp4p088sb9qcs378hfbslcalasl-binutils-2.31.1/bin/strip
stripping (with command strip and flags -S) in /nix/store/rag0sxy19zki0zlh4bn7j2jaf8xc76mj-perl5.32.0-Devel-GlobalPhase-0.003003/lib
patching script interpreter paths in /nix/store/rag0sxy19zki0zlh4bn7j2jaf8xc76mj-perl5.32.0-Devel-GlobalPhase-0.003003
checking for references to /build/ in /nix/store/rag0sxy19zki0zlh4bn7j2jaf8xc76mj-perl5.32.0-Devel-GlobalPhase-0.003003...
shrinking RPATHs of ELF executables and libraries in /nix/store/9nfsqnhrg7faw3l3c7g7yql5bdxm0sy3-perl5.32.0-Devel-GlobalPhase-0.003003-devdoc
gzipping man pages under /nix/store/9nfsqnhrg7faw3l3c7g7yql5bdxm0sy3-perl5.32.0-Devel-GlobalPhase-0.003003-devdoc/share/man/
strip is /nix/store/psyzbhp4p088sb9qcs378hfbslcalasl-binutils-2.31.1/bin/strip
patching script interpreter paths in /nix/store/9nfsqnhrg7faw3l3c7g7yql5bdxm0sy3-perl5.32.0-Devel-GlobalPhase-0.003003-devdoc
checking for references to /build/ in /nix/store/9nfsqnhrg7faw3l3c7g7yql5bdxm0sy3-perl5.32.0-Devel-GlobalPhase-0.003003-devdoc...
building '/nix/store/v11n2p8lfn7cz9hh7z1hlj2r5gp5yvw0-perl5.32.0-Test-Spec-0.54.drv'...
Building Path-Class
Checking if your kit is complete...
Looks good
t/03_plugin.t ............ I AM A TEST PLUGIN
t/03_plugin.t ............ ok
Generating a Unix-style Makefile
Writing Makefile for File::Temp
Installing /nix/store/aq7mqrbgz0s67zwg505jm940j2wsgszy-perl5.32.0-Path-Class-0.37/lib/perl5/site_perl/5.32.0/Path/Class.pm
Installing /nix/store/aq7mqrbgz0s67zwg505jm940j2wsgszy-perl5.32.0-Path-Class-0.37/lib/perl5/site_perl/5.32.0/Path/Class/File.pm
Installing /nix/store/aq7mqrbgz0s67zwg505jm940j2wsgszy-perl5.32.0-Path-Class-0.37/lib/perl5/site_perl/5.32.0/Path/Class/Dir.pm
Installing /nix/store/aq7mqrbgz0s67zwg505jm940j2wsgszy-perl5.32.0-Path-Class-0.37/lib/perl5/site_perl/5.32.0/Path/Class/Entity.pm
Installing /nix/store/aq7mqrbgz0s67zwg505jm940j2wsgszy-perl5.32.0-Path-Class-0.37/share/man/man3/Path::Class.3
Installing /nix/store/aq7mqrbgz0s67zwg505jm940j2wsgszy-perl5.32.0-Path-Class-0.37/share/man/man3/Path::Class::Entity.3
Installing /nix/store/aq7mqrbgz0s67zwg505jm940j2wsgszy-perl5.32.0-Path-Class-0.37/share/man/man3/Path::Class::Dir.3
Installing /nix/store/aq7mqrbgz0s67zwg505jm940j2wsgszy-perl5.32.0-Path-Class-0.37/share/man/man3/Path::Class::File.3
post-installation fixup
Moving /nix/store/aq7mqrbgz0s67zwg505jm940j2wsgszy-perl5.32.0-Path-Class-0.37/share/man/man3 to /nix/store/7kvxfy0kmgiwhhcavi55m8bzb29fdq6s-perl5.32.0-Path-Class-0.37-devdoc/share/man/man3
Removing empty /nix/store/aq7mqrbgz0s67zwg505jm940j2wsgszy-perl5.32.0-Path-Class-0.37/share/man/ and (possibly) its parents
shrinking RPATHs of ELF executables and libraries in /nix/store/aq7mqrbgz0s67zwg505jm940j2wsgszy-perl5.32.0-Path-Class-0.37
unpacking sources
unpacking source archive /nix/store/2ksagq8k87srdjmz6czcsv69hji7avvy-Test-Spec-0.54.tar.gz
source root is Test-Spec-0.54
strip is /nix/store/psyzbhp4p088sb9qcs378hfbslcalasl-binutils-2.31.1/bin/strip
stripping (with command strip and flags -S) in /nix/store/aq7mqrbgz0s67zwg505jm940j2wsgszy-perl5.32.0-Path-Class-0.37/lib
t/bad_variables.t ...... ok
patching script interpreter paths in /nix/store/aq7mqrbgz0s67zwg505jm940j2wsgszy-perl5.32.0-Path-Class-0.37
setting SOURCE_DATE_EPOCH to timestamp 1511258816 of file Test-Spec-0.54/META.json
patching sources
checking for references to /build/ in /nix/store/aq7mqrbgz0s67zwg505jm940j2wsgszy-perl5.32.0-Path-Class-0.37...
configuring
shrinking RPATHs of ELF executables and libraries in /nix/store/7kvxfy0kmgiwhhcavi55m8bzb29fdq6s-perl5.32.0-Path-Class-0.37-devdoc
gzipping man pages under /nix/store/7kvxfy0kmgiwhhcavi55m8bzb29fdq6s-perl5.32.0-Path-Class-0.37-devdoc/share/man/
patching ./t/show_exceptions.t...
patching ./t/disabled_spec.pl...
patching ./t/shared_examples.t...
strip is /nix/store/psyzbhp4p088sb9qcs378hfbslcalasl-binutils-2.31.1/bin/strip
patching script interpreter paths in /nix/store/7kvxfy0kmgiwhhcavi55m8bzb29fdq6s-perl5.32.0-Path-Class-0.37-devdoc
patching ./t/data_sharing.t...
checking for references to /build/ in /nix/store/7kvxfy0kmgiwhhcavi55m8bzb29fdq6s-perl5.32.0-Path-Class-0.37-devdoc...
patching ./t/empty.t...
patching ./t/import_strict.t...
patching ./t/predictable_destroy_spec.t...
patching ./t/example_in_handler.t...
patching ./t/runtests_subset.t...
Writing MYMETA.yml and MYMETA.json
patching ./t/define.t...
no configure script, doing nothing
building
build flags: SHELL=/nix/store/9fqwwd4iybmhjqyxiaxycknslw6bgwh1-bash-4.4-p23/bin/bash
patching ./t/strict_violating_spec.pl...
patching ./t/subset_spec.pl...
patching ./t/disabled.t...
patching ./t/shared_examples_spec.pl...
patching ./t/another_shared_examples_spec.pl...
patching ./t/ordering.t...
patching ./t/import_warnings.t...
patching ./t/auto_inherit.t...
patching ./t/dying_spec.pl...
patching ./t/spec_helper.t...
patching ./t/around.t...
patching ./t/perl_warning_spec.pl...
patching ./t/uncompilable_spec.pl...
patching ./t/predictable_destroy.pl...
patching ./t/mocks_imports.t...
patching ./t/mocks.t...
t/carp-mismatch.t ...... ok
t/04_noplugin.t .......... # You specified a plugin 'BOLLUCKS' that isn't installed, just thought you might be interested.
t/04_noplugin.t .......... ok
t/author-pod-coverage.t .. skipped: these tests are for testing by the author
t/author-pod-syntax.t .... skipped: these tests are for testing by the author
All tests successful.
Files=6, Tests=44,  1 wallclock secs ( 0.04 usr  0.02 sys +  0.69 cusr  0.10 csys =  0.85 CPU)
Result: PASS
installing
install flags: SHELL=/nix/store/9fqwwd4iybmhjqyxiaxycknslw6bgwh1-bash-4.4-p23/bin/bash pkgconfigdir=/nix/store/49jy3dhiff1wcds4bl670rd1lvnsaaxk-perl5.32.0-Devel-PatchPerl-2.00/lib/pkgconfig m4datadir=/nix/store/49jy3dhiff1wcds4bl670rd1lvnsaaxk-perl5.32.0-Devel-PatchPerl-2.00/share/aclocal aclocaldir=/nix/store/49jy3dhiff1wcds4bl670rd1lvnsaaxk-perl5.32.0-Devel-PatchPerl-2.00/share/aclocal install
t/classmethod.t ........ ok
Manifying 1 pod document
Checking if your kit is complete...
Looks good
Manifying 3 pod documents
t/de-dup.t ............. ok
Generating a Unix-style Makefile
Writing Makefile for Test::Spec
cp lib/File/Temp.pm blib/lib/File/Temp.pm
Writing MYMETA.yml and MYMETA.json
no configure script, doing nothing
building
build flags: SHELL=/nix/store/9fqwwd4iybmhjqyxiaxycknslw6bgwh1-bash-4.4-p23/bin/bash
Installing /nix/store/49jy3dhiff1wcds4bl670rd1lvnsaaxk-perl5.32.0-Devel-PatchPerl-2.00/lib/perl5/site_perl/5.32.0/Devel/PatchPerl.pm
Installing /nix/store/49jy3dhiff1wcds4bl670rd1lvnsaaxk-perl5.32.0-Devel-PatchPerl-2.00/lib/perl5/site_perl/5.32.0/Devel/PatchPerl/Plugin.pm
Installing /nix/store/49jy3dhiff1wcds4bl670rd1lvnsaaxk-perl5.32.0-Devel-PatchPerl-2.00/lib/perl5/site_perl/5.32.0/Devel/PatchPerl/Hints.pm
Installing /nix/store/49jy3dhiff1wcds4bl670rd1lvnsaaxk-perl5.32.0-Devel-PatchPerl-2.00/share/man/man1/patchperl.1
Installing /nix/store/49jy3dhiff1wcds4bl670rd1lvnsaaxk-perl5.32.0-Devel-PatchPerl-2.00/share/man/man3/Devel::PatchPerl::Plugin.3
Installing /nix/store/49jy3dhiff1wcds4bl670rd1lvnsaaxk-perl5.32.0-Devel-PatchPerl-2.00/share/man/man3/Devel::PatchPerl.3
Installing /nix/store/49jy3dhiff1wcds4bl670rd1lvnsaaxk-perl5.32.0-Devel-PatchPerl-2.00/share/man/man3/Devel::PatchPerl::Hints.3
Installing /nix/store/49jy3dhiff1wcds4bl670rd1lvnsaaxk-perl5.32.0-Devel-PatchPerl-2.00/bin/patchperl
Appending installation info to /nix/store/49jy3dhiff1wcds4bl670rd1lvnsaaxk-perl5.32.0-Devel-PatchPerl-2.00/lib/perl5/5.32.0/x86_64-linux-thread-multi/perllocal.pod
post-installation fixup
Moving /nix/store/49jy3dhiff1wcds4bl670rd1lvnsaaxk-perl5.32.0-Devel-PatchPerl-2.00/share/man/man3 to /nix/store/89j51gxpb1xb9is10ni3fwkfk13dxx8y-perl5.32.0-Devel-PatchPerl-2.00-devdoc/share/man/man3
rmdir: failed to remove '/nix/store/49jy3dhiff1wcds4bl670rd1lvnsaaxk-perl5.32.0-Devel-PatchPerl-2.00/share/man': Directory not empty
shrinking RPATHs of ELF executables and libraries in /nix/store/49jy3dhiff1wcds4bl670rd1lvnsaaxk-perl5.32.0-Devel-PatchPerl-2.00
t/lib-core-only.t ...... ok
gzipping man pages under /nix/store/49jy3dhiff1wcds4bl670rd1lvnsaaxk-perl5.32.0-Devel-PatchPerl-2.00/share/man/
Manifying 1 pod document
strip is /nix/store/psyzbhp4p088sb9qcs378hfbslcalasl-binutils-2.31.1/bin/strip
stripping (with command strip and flags -S) in /nix/store/49jy3dhiff1wcds4bl670rd1lvnsaaxk-perl5.32.0-Devel-PatchPerl-2.00/lib  /nix/store/49jy3dhiff1wcds4bl670rd1lvnsaaxk-perl5.32.0-Devel-PatchPerl-2.00/bin
patching script interpreter paths in /nix/store/49jy3dhiff1wcds4bl670rd1lvnsaaxk-perl5.32.0-Devel-PatchPerl-2.00
checking for references to /build/ in /nix/store/49jy3dhiff1wcds4bl670rd1lvnsaaxk-perl5.32.0-Devel-PatchPerl-2.00...
shrinking RPATHs of ELF executables and libraries in /nix/store/89j51gxpb1xb9is10ni3fwkfk13dxx8y-perl5.32.0-Devel-PatchPerl-2.00-devdoc
gzipping man pages under /nix/store/89j51gxpb1xb9is10ni3fwkfk13dxx8y-perl5.32.0-Devel-PatchPerl-2.00-devdoc/share/man/
strip is /nix/store/psyzbhp4p088sb9qcs378hfbslcalasl-binutils-2.31.1/bin/strip
patching script interpreter paths in /nix/store/89j51gxpb1xb9is10ni3fwkfk13dxx8y-perl5.32.0-Devel-PatchPerl-2.00-devdoc
checking for references to /build/ in /nix/store/89j51gxpb1xb9is10ni3fwkfk13dxx8y-perl5.32.0-Devel-PatchPerl-2.00-devdoc...
t/pipeline.t ........... ok
running tests
check flags: SHELL=/nix/store/9fqwwd4iybmhjqyxiaxycknslw6bgwh1-bash-4.4-p23/bin/bash VERBOSE=y test
PERL_DL_NONLAZY=1 "/nix/store/7c044di03qa7qgr5kjjc2d787aspzp0m-perl-5.32.0/bin/perl" "-MExtUtils::Command::MM" "-MTest::Harness" "-e" "undef *Test::Harness::Switches; test_harness(0, 'blib/lib', 'blib/arch')" t/*.t
t/accept.t ............... ok
cp lib/Test/Spec/Example.pm blib/lib/Test/Spec/Example.pm
cp lib/Test/Spec/SharedHash.pm blib/lib/Test/Spec/SharedHash.pm
cp lib/Test/Spec/Mocks.pm blib/lib/Test/Spec/Mocks.pm
cp lib/Test/Spec.pm blib/lib/Test/Spec.pm
cp lib/Test/Spec/TodoExample.pm blib/lib/Test/Spec/TodoExample.pm
cp lib/Test/Spec/Context.pm blib/lib/Test/Spec/Context.pm
Manifying 2 pod documents
t/all.t .................. ok
running tests
check flags: SHELL=/nix/store/9fqwwd4iybmhjqyxiaxycknslw6bgwh1-bash-4.4-p23/bin/bash VERBOSE=y test
PERL_DL_NONLAZY=1 "/nix/store/7c044di03qa7qgr5kjjc2d787aspzp0m-perl-5.32.0/bin/perl" "-MExtUtils::Command::MM" "-MTest::Harness" "-e" "undef *Test::Harness::Switches; test_harness(0, 'blib/lib', 'blib/arch')" t/*.t
t/all2.t ................. ok
t/shell.t .............. ok
t/00-report-prereqs.t .. #
# Versions for all modules listed in MYMETA.json (including optional ones):
#
# === Configure Requires ===
#
#     Module              Want Have
#     ------------------- ---- ----
#     ExtUtils::MakeMaker  any 7.44
#
# === Build Requires ===
#
#     Module              Want Have
#     ------------------- ---- ----
#     ExtUtils::MakeMaker  any 7.44
#
# === Test Requires ===
#
#     Module              Want     Have
#     ------------------- ---- --------
#     ExtUtils::MakeMaker  any     7.44
#     File::Spec           0.8     3.78
#     FileHandle           any     2.03
#     Test::More           any 1.302175
#     warnings             any     1.47
#
# === Test Recommends ===
#
#     Module         Want     Have
#     ---------- -------- --------
#     CPAN::Meta 2.120900 2.150010
#
# === Runtime Requires ===
#
#     Module        Want  Have
#     ------------ ----- -----
#     Carp           any  1.50
#     Carp::Heavy    any  1.50
#     Cwd            any  3.78
#     Exporter      5.57  5.74
#     Fcntl         1.03  1.13
#     File::Path    2.06  2.16
#     File::Spec     0.8  3.78
#     IO::Handle     any  1.42
#     IO::Seekable   any  1.41
#     POSIX          any  1.94
#     Scalar::Util   any  1.55
#     Symbol         any  1.08
#     constant       any  1.33
#     overload       any  1.31
#     parent       0.221 0.238
#     strict         any  1.11
#
# === Other Modules ===
#
#     Module             Have
#     --------------- -------
#     Encode             3.06
#     File::Temp       0.2309
#     JSON::PP           4.04
#     Module::Runtime missing
#     Pod::Coverage   missing
#     Sub::Name       missing
#     YAML            missing
#     autodie            2.32
#
t/00-report-prereqs.t .. ok
t/append.t ............... ok
t/stackable.t .......... ok
t/cmp.t ................ ok
t/assert.t ............... ok
t/around.t .................... ok
t/subroutine-in-inc.t .. ok
t/assert2.t .............. ok
t/author-pod-syntax.t .... skipped: these tests are for testing by the author
t/taint-mode.t ......... ok
All tests successful.
Files=10, Tests=100,  2 wallclock secs ( 0.06 usr  0.01 sys +  1.10 cusr  0.23 csys =  1.40 CPU)
Result: PASS
installing
install flags: SHELL=/nix/store/9fqwwd4iybmhjqyxiaxycknslw6bgwh1-bash-4.4-p23/bin/bash pkgconfigdir=/nix/store/rhcl6m4366gzxw8j3cl59haj98r9aby7-perl5.32.0-local-lib-2.000024/lib/pkgconfig m4datadir=/nix/store/rhcl6m4366gzxw8j3cl59haj98r9aby7-perl5.32.0-local-lib-2.000024/share/aclocal aclocaldir=/nix/store/rhcl6m4366gzxw8j3cl59haj98r9aby7-perl5.32.0-local-lib-2.000024/share/aclocal install
t/autotie.t .............. ok
Manifying 4 pod documents
t/auto_inherit.t .............. ok
Installing /nix/store/rhcl6m4366gzxw8j3cl59haj98r9aby7-perl5.32.0-local-lib-2.000024/lib/perl5/site_perl/5.32.0/POD2/DE/local/lib.pod
Installing /nix/store/rhcl6m4366gzxw8j3cl59haj98r9aby7-perl5.32.0-local-lib-2.000024/lib/perl5/site_perl/5.32.0/POD2/PT_BR/local/lib.pod
Installing /nix/store/rhcl6m4366gzxw8j3cl59haj98r9aby7-perl5.32.0-local-lib-2.000024/lib/perl5/site_perl/5.32.0/lib/core/only.pm
Installing /nix/store/rhcl6m4366gzxw8j3cl59haj98r9aby7-perl5.32.0-local-lib-2.000024/lib/perl5/site_perl/5.32.0/local/lib.pm
Installing /nix/store/rhcl6m4366gzxw8j3cl59haj98r9aby7-perl5.32.0-local-lib-2.000024/share/man/man3/POD2::DE::local::lib.3
Installing /nix/store/rhcl6m4366gzxw8j3cl59haj98r9aby7-perl5.32.0-local-lib-2.000024/share/man/man3/lib::core::only.3
Installing /nix/store/rhcl6m4366gzxw8j3cl59haj98r9aby7-perl5.32.0-local-lib-2.000024/share/man/man3/POD2::PT_BR::local::lib.3
Installing /nix/store/rhcl6m4366gzxw8j3cl59haj98r9aby7-perl5.32.0-local-lib-2.000024/share/man/man3/local::lib.3
t/backwards.t ............ skipped: requires File::ReadBackwards
Appending installation info to /nix/store/rhcl6m4366gzxw8j3cl59haj98r9aby7-perl5.32.0-local-lib-2.000024/lib/perl5/5.32.0/x86_64-linux-thread-multi/perllocal.pod
post-installation fixup
Moving /nix/store/rhcl6m4366gzxw8j3cl59haj98r9aby7-perl5.32.0-local-lib-2.000024/share/man/man3 to /nix/store/pn8f2a5015fy8majakr5p95mxcmslb28-perl5.32.0-local-lib-2.000024-devdoc/share/man/man3
Removing empty /nix/store/rhcl6m4366gzxw8j3cl59haj98r9aby7-perl5.32.0-local-lib-2.000024/share/man/ and (possibly) its parents
shrinking RPATHs of ELF executables and libraries in /nix/store/rhcl6m4366gzxw8j3cl59haj98r9aby7-perl5.32.0-local-lib-2.000024
strip is /nix/store/psyzbhp4p088sb9qcs378hfbslcalasl-binutils-2.31.1/bin/strip
stripping (with command strip and flags -S) in /nix/store/rhcl6m4366gzxw8j3cl59haj98r9aby7-perl5.32.0-local-lib-2.000024/lib
patching script interpreter paths in /nix/store/rhcl6m4366gzxw8j3cl59haj98r9aby7-perl5.32.0-local-lib-2.000024
checking for references to /build/ in /nix/store/rhcl6m4366gzxw8j3cl59haj98r9aby7-perl5.32.0-local-lib-2.000024...
shrinking RPATHs of ELF executables and libraries in /nix/store/pn8f2a5015fy8majakr5p95mxcmslb28-perl5.32.0-local-lib-2.000024-devdoc
gzipping man pages under /nix/store/pn8f2a5015fy8majakr5p95mxcmslb28-perl5.32.0-local-lib-2.000024-devdoc/share/man/
strip is /nix/store/psyzbhp4p088sb9qcs378hfbslcalasl-binutils-2.31.1/bin/strip
patching script interpreter paths in /nix/store/pn8f2a5015fy8majakr5p95mxcmslb28-perl5.32.0-local-lib-2.000024-devdoc
checking for references to /build/ in /nix/store/pn8f2a5015fy8majakr5p95mxcmslb28-perl5.32.0-local-lib-2.000024-devdoc...
t/binary_utf8.t .......... ok
t/data_sharing.t .............. ok
t/chdir.t ................ ok
t/chomp.t ................ ok
t/define.t .................... ok
t/construct.t ............ ok
t/copy.t ................. ok
t/dbm.t .................. ok
t/devnull.t .............. ok
t/empty.t ................ ok
t/encoding.t ............. ok
t/disabled.t .................. ok
t/error1.t ............... ok
t/file_spec.t ............ ok
t/file_subclass.t ........ ok
t/empty.t ..................... ok
t/fileno.t ............... ok
t/glob.t ................. ok
t/example_in_handler.t ........ ok
t/head.t ................. ok
t/import_flags.t ......... ok
t/in-place.t ............. ok
t/inline_subclass.t ...... ok
t/input.t ................ ok
t/link.t ................. ok
t/import_strict.t ............. ok
t/link2.t ................ ok
t/import_warnings.t ........... ok
t/manifest.t .................. skipped: Author tests not required for installation
t/meta.t ...................... skipped: Author tests not required for installation
t/mocks.t ..................... ok
t/lock.t ................. ok
t/mocks_imports.t ............. ok
t/mldbm.t ................ skipped: requires MLDBM
t/new.t .................. ok
t/ordering.t .................. ok
t/os.t ................... ok
t/overload.t ............. ok
t/pipe.t ................. ok
t/print.t ................ ok
t/println.t .............. ok
t/read.t ................. ok
t/predictable_destroy_spec.t .. ok
t/read_write.t ........... ok
t/round_robin.t .......... ok
t/rt-41819.t ............. ok
t/RT81224.t .............. ok
t/scalar.t ............... ok
t/seek.t ................. ok
t/separator.t ............ ok
t/stat.t ................. ok
t/string_open.t .......... ok
t/subtleties.t ........... ok
t/synopsis1.t ............ ok
t/synopsis2.t ............ ok
t/synopsis3.t ............ ok
t/synopsis5.t ............ ok
t/tie.t .................. ok
t/tie_file.t ............. ok
t/xxx.t .................. ok
All tests successful.

Test Summary Report
-------------------
t/os.t                 (Wstat: 0 Tests: 14 Failed: 0)
  TODO passed:   5-6
Files=58, Tests=393,  8 wallclock secs ( 0.18 usr  0.06 sys +  5.20 cusr  0.56 csys =  6.00 CPU)
Result: PASS
installing
install flags: SHELL=/nix/store/9fqwwd4iybmhjqyxiaxycknslw6bgwh1-bash-4.4-p23/bin/bash pkgconfigdir=/nix/store/g911ya3264jlmffj9xzi74gkg55bl7hs-perl5.32.0-IO-All-0.87/lib/pkgconfig m4datadir=/nix/store/g911ya3264jlmffj9xzi74gkg55bl7hs-perl5.32.0-IO-All-0.87/share/aclocal aclocaldir=/nix/store/g911ya3264jlmffj9xzi74gkg55bl7hs-perl5.32.0-IO-All-0.87/share/aclocal install
Manifying 12 pod documents
Installing /nix/store/g911ya3264jlmffj9xzi74gkg55bl7hs-perl5.32.0-IO-All-0.87/lib/perl5/site_perl/5.32.0/IO/All.pod
Installing /nix/store/g911ya3264jlmffj9xzi74gkg55bl7hs-perl5.32.0-IO-All-0.87/lib/perl5/site_perl/5.32.0/IO/All.pm
Installing /nix/store/g911ya3264jlmffj9xzi74gkg55bl7hs-perl5.32.0-IO-All-0.87/lib/perl5/site_perl/5.32.0/IO/All/Pipe.pod
Installing /nix/store/g911ya3264jlmffj9xzi74gkg55bl7hs-perl5.32.0-IO-All-0.87/lib/perl5/site_perl/5.32.0/IO/All/String.pod
Installing /nix/store/g911ya3264jlmffj9xzi74gkg55bl7hs-perl5.32.0-IO-All-0.87/lib/perl5/site_perl/5.32.0/IO/All/Socket.pm
Installing /nix/store/g911ya3264jlmffj9xzi74gkg55bl7hs-perl5.32.0-IO-All-0.87/lib/perl5/site_perl/5.32.0/IO/All/DBM.pm
Installing /nix/store/g911ya3264jlmffj9xzi74gkg55bl7hs-perl5.32.0-IO-All-0.87/lib/perl5/site_perl/5.32.0/IO/All/Link.pod
Installing /nix/store/g911ya3264jlmffj9xzi74gkg55bl7hs-perl5.32.0-IO-All-0.87/lib/perl5/site_perl/5.32.0/IO/All/Pipe.pm
Installing /nix/store/g911ya3264jlmffj9xzi74gkg55bl7hs-perl5.32.0-IO-All-0.87/lib/perl5/site_perl/5.32.0/IO/All/File.pm
Installing /nix/store/g911ya3264jlmffj9xzi74gkg55bl7hs-perl5.32.0-IO-All-0.87/lib/perl5/site_perl/5.32.0/IO/All/Dir.pm
Installing /nix/store/g911ya3264jlmffj9xzi74gkg55bl7hs-perl5.32.0-IO-All-0.87/lib/perl5/site_perl/5.32.0/IO/All/Filesys.pm
Installing /nix/store/g911ya3264jlmffj9xzi74gkg55bl7hs-perl5.32.0-IO-All-0.87/lib/perl5/site_perl/5.32.0/IO/All/Link.pm
Installing /nix/store/g911ya3264jlmffj9xzi74gkg55bl7hs-perl5.32.0-IO-All-0.87/lib/perl5/site_perl/5.32.0/IO/All/MLDBM.pm
Installing /nix/store/g911ya3264jlmffj9xzi74gkg55bl7hs-perl5.32.0-IO-All-0.87/lib/perl5/site_perl/5.32.0/IO/All/Socket.pod
Installing /nix/store/g911ya3264jlmffj9xzi74gkg55bl7hs-perl5.32.0-IO-All-0.87/lib/perl5/site_perl/5.32.0/IO/All/File.pod
Installing /nix/store/g911ya3264jlmffj9xzi74gkg55bl7hs-perl5.32.0-IO-All-0.87/lib/perl5/site_perl/5.32.0/IO/All/STDIO.pm
Installing /nix/store/g911ya3264jlmffj9xzi74gkg55bl7hs-perl5.32.0-IO-All-0.87/lib/perl5/site_perl/5.32.0/IO/All/DBM.pod
Installing /nix/store/g911ya3264jlmffj9xzi74gkg55bl7hs-perl5.32.0-IO-All-0.87/lib/perl5/site_perl/5.32.0/IO/All/Filesys.pod
Installing /nix/store/g911ya3264jlmffj9xzi74gkg55bl7hs-perl5.32.0-IO-All-0.87/lib/perl5/site_perl/5.32.0/IO/All/String.pm
Installing /nix/store/g911ya3264jlmffj9xzi74gkg55bl7hs-perl5.32.0-IO-All-0.87/lib/perl5/site_perl/5.32.0/IO/All/MLDBM.pod
Installing /nix/store/g911ya3264jlmffj9xzi74gkg55bl7hs-perl5.32.0-IO-All-0.87/lib/perl5/site_perl/5.32.0/IO/All/Temp.pod
Installing /nix/store/g911ya3264jlmffj9xzi74gkg55bl7hs-perl5.32.0-IO-All-0.87/lib/perl5/site_perl/5.32.0/IO/All/Base.pm
Installing /nix/store/g911ya3264jlmffj9xzi74gkg55bl7hs-perl5.32.0-IO-All-0.87/lib/perl5/site_perl/5.32.0/IO/All/Temp.pm
Installing /nix/store/g911ya3264jlmffj9xzi74gkg55bl7hs-perl5.32.0-IO-All-0.87/lib/perl5/site_perl/5.32.0/IO/All/Dir.pod
Installing /nix/store/g911ya3264jlmffj9xzi74gkg55bl7hs-perl5.32.0-IO-All-0.87/lib/perl5/site_perl/5.32.0/IO/All/STDIO.pod
Installing /nix/store/g911ya3264jlmffj9xzi74gkg55bl7hs-perl5.32.0-IO-All-0.87/share/man/man3/IO::All::MLDBM.3
Installing /nix/store/g911ya3264jlmffj9xzi74gkg55bl7hs-perl5.32.0-IO-All-0.87/share/man/man3/IO::All.3
Installing /nix/store/g911ya3264jlmffj9xzi74gkg55bl7hs-perl5.32.0-IO-All-0.87/share/man/man3/IO::All::Temp.3
Installing /nix/store/g911ya3264jlmffj9xzi74gkg55bl7hs-perl5.32.0-IO-All-0.87/share/man/man3/IO::All::Link.3
Installing /nix/store/g911ya3264jlmffj9xzi74gkg55bl7hs-perl5.32.0-IO-All-0.87/share/man/man3/IO::All::Filesys.3
Installing /nix/store/g911ya3264jlmffj9xzi74gkg55bl7hs-perl5.32.0-IO-All-0.87/share/man/man3/IO::All::DBM.3
Installing /nix/store/g911ya3264jlmffj9xzi74gkg55bl7hs-perl5.32.0-IO-All-0.87/share/man/man3/IO::All::STDIO.3
Installing /nix/store/g911ya3264jlmffj9xzi74gkg55bl7hs-perl5.32.0-IO-All-0.87/share/man/man3/IO::All::Dir.3
Installing /nix/store/g911ya3264jlmffj9xzi74gkg55bl7hs-perl5.32.0-IO-All-0.87/share/man/man3/IO::All::String.3
Installing /nix/store/g911ya3264jlmffj9xzi74gkg55bl7hs-perl5.32.0-IO-All-0.87/share/man/man3/IO::All::File.3
Installing /nix/store/g911ya3264jlmffj9xzi74gkg55bl7hs-perl5.32.0-IO-All-0.87/share/man/man3/IO::All::Socket.3
Installing /nix/store/g911ya3264jlmffj9xzi74gkg55bl7hs-perl5.32.0-IO-All-0.87/share/man/man3/IO::All::Pipe.3
Appending installation info to /nix/store/g911ya3264jlmffj9xzi74gkg55bl7hs-perl5.32.0-IO-All-0.87/lib/perl5/5.32.0/x86_64-linux-thread-multi/perllocal.pod
post-installation fixup
Moving /nix/store/g911ya3264jlmffj9xzi74gkg55bl7hs-perl5.32.0-IO-All-0.87/share/man/man3 to /nix/store/x6aybqlm034d9kw4ypax8rgzmjgwzwnm-perl5.32.0-IO-All-0.87-devdoc/share/man/man3
Removing empty /nix/store/g911ya3264jlmffj9xzi74gkg55bl7hs-perl5.32.0-IO-All-0.87/share/man/ and (possibly) its parents
shrinking RPATHs of ELF executables and libraries in /nix/store/g911ya3264jlmffj9xzi74gkg55bl7hs-perl5.32.0-IO-All-0.87
strip is /nix/store/psyzbhp4p088sb9qcs378hfbslcalasl-binutils-2.31.1/bin/strip
stripping (with command strip and flags -S) in /nix/store/g911ya3264jlmffj9xzi74gkg55bl7hs-perl5.32.0-IO-All-0.87/lib
patching script interpreter paths in /nix/store/g911ya3264jlmffj9xzi74gkg55bl7hs-perl5.32.0-IO-All-0.87
checking for references to /build/ in /nix/store/g911ya3264jlmffj9xzi74gkg55bl7hs-perl5.32.0-IO-All-0.87...
shrinking RPATHs of ELF executables and libraries in /nix/store/x6aybqlm034d9kw4ypax8rgzmjgwzwnm-perl5.32.0-IO-All-0.87-devdoc
gzipping man pages under /nix/store/x6aybqlm034d9kw4ypax8rgzmjgwzwnm-perl5.32.0-IO-All-0.87-devdoc/share/man/
strip is /nix/store/psyzbhp4p088sb9qcs378hfbslcalasl-binutils-2.31.1/bin/strip
patching script interpreter paths in /nix/store/x6aybqlm034d9kw4ypax8rgzmjgwzwnm-perl5.32.0-IO-All-0.87-devdoc
checking for references to /build/ in /nix/store/x6aybqlm034d9kw4ypax8rgzmjgwzwnm-perl5.32.0-IO-All-0.87-devdoc...
t/runtests_subset.t ........... ok
t/shared_examples.t ........... ok
t/show_exceptions.t ........... ok
t/spec_helper.t ............... ok
All tests successful.
Files=19, Tests=171,  9 wallclock secs ( 0.09 usr  0.03 sys +  4.60 cusr  3.46 csys =  8.18 CPU)
Result: PASS
installing
install flags: SHELL=/nix/store/9fqwwd4iybmhjqyxiaxycknslw6bgwh1-bash-4.4-p23/bin/bash pkgconfigdir=/nix/store/isna1kjqp6b98vq0svf0r3z2lh0dgc5q-perl5.32.0-Test-Spec-0.54/lib/pkgconfig m4datadir=/nix/store/isna1kjqp6b98vq0svf0r3z2lh0dgc5q-perl5.32.0-Test-Spec-0.54/share/aclocal aclocaldir=/nix/store/isna1kjqp6b98vq0svf0r3z2lh0dgc5q-perl5.32.0-Test-Spec-0.54/share/aclocal install
Manifying 2 pod documents
Installing /nix/store/isna1kjqp6b98vq0svf0r3z2lh0dgc5q-perl5.32.0-Test-Spec-0.54/lib/perl5/site_perl/5.32.0/Test/Spec.pm
Installing /nix/store/isna1kjqp6b98vq0svf0r3z2lh0dgc5q-perl5.32.0-Test-Spec-0.54/lib/perl5/site_perl/5.32.0/Test/Spec/SharedHash.pm
Installing /nix/store/isna1kjqp6b98vq0svf0r3z2lh0dgc5q-perl5.32.0-Test-Spec-0.54/lib/perl5/site_perl/5.32.0/Test/Spec/Context.pm
Installing /nix/store/isna1kjqp6b98vq0svf0r3z2lh0dgc5q-perl5.32.0-Test-Spec-0.54/lib/perl5/site_perl/5.32.0/Test/Spec/Mocks.pm
Installing /nix/store/isna1kjqp6b98vq0svf0r3z2lh0dgc5q-perl5.32.0-Test-Spec-0.54/lib/perl5/site_perl/5.32.0/Test/Spec/TodoExample.pm
Installing /nix/store/isna1kjqp6b98vq0svf0r3z2lh0dgc5q-perl5.32.0-Test-Spec-0.54/lib/perl5/site_perl/5.32.0/Test/Spec/Example.pm
Installing /nix/store/isna1kjqp6b98vq0svf0r3z2lh0dgc5q-perl5.32.0-Test-Spec-0.54/share/man/man3/Test::Spec.3
Installing /nix/store/isna1kjqp6b98vq0svf0r3z2lh0dgc5q-perl5.32.0-Test-Spec-0.54/share/man/man3/Test::Spec::Mocks.3
Appending installation info to /nix/store/isna1kjqp6b98vq0svf0r3z2lh0dgc5q-perl5.32.0-Test-Spec-0.54/lib/perl5/5.32.0/x86_64-linux-thread-multi/perllocal.pod
post-installation fixup
Moving /nix/store/isna1kjqp6b98vq0svf0r3z2lh0dgc5q-perl5.32.0-Test-Spec-0.54/share/man/man3 to /nix/store/d57hlwzc3vch82n1mairspc2ij4jayvf-perl5.32.0-Test-Spec-0.54-devdoc/share/man/man3
Removing empty /nix/store/isna1kjqp6b98vq0svf0r3z2lh0dgc5q-perl5.32.0-Test-Spec-0.54/share/man/ and (possibly) its parents
shrinking RPATHs of ELF executables and libraries in /nix/store/isna1kjqp6b98vq0svf0r3z2lh0dgc5q-perl5.32.0-Test-Spec-0.54
strip is /nix/store/psyzbhp4p088sb9qcs378hfbslcalasl-binutils-2.31.1/bin/strip
stripping (with command strip and flags -S) in /nix/store/isna1kjqp6b98vq0svf0r3z2lh0dgc5q-perl5.32.0-Test-Spec-0.54/lib
patching script interpreter paths in /nix/store/isna1kjqp6b98vq0svf0r3z2lh0dgc5q-perl5.32.0-Test-Spec-0.54
checking for references to /build/ in /nix/store/isna1kjqp6b98vq0svf0r3z2lh0dgc5q-perl5.32.0-Test-Spec-0.54...
shrinking RPATHs of ELF executables and libraries in /nix/store/d57hlwzc3vch82n1mairspc2ij4jayvf-perl5.32.0-Test-Spec-0.54-devdoc
gzipping man pages under /nix/store/d57hlwzc3vch82n1mairspc2ij4jayvf-perl5.32.0-Test-Spec-0.54-devdoc/share/man/
strip is /nix/store/psyzbhp4p088sb9qcs378hfbslcalasl-binutils-2.31.1/bin/strip
patching script interpreter paths in /nix/store/d57hlwzc3vch82n1mairspc2ij4jayvf-perl5.32.0-Test-Spec-0.54-devdoc
checking for references to /build/ in /nix/store/d57hlwzc3vch82n1mairspc2ij4jayvf-perl5.32.0-Test-Spec-0.54-devdoc...
t/fork.t ............... ok
t/lock.t ............... skipped: Do not seem to have O_EXLOCK
t/mktemp.t ............. ok
t/object.t ............. ok
t/posix.t .............. ok
t/rmtree.t ............. ok
t/security.t ........... 1/12 uid=65534 topuid=10 euid=1000 path='/' at /build/File-Temp-0.2309/blib/lib/File/Temp.pm line 683.
        File::Temp::_is_safe("/", SCALAR(0xd1d020)) called at /build/File-Temp-0.2309/blib/lib/File/Temp.pm line 782
        File::Temp::_is_verysafe("/build/", SCALAR(0xd1d020)) called at /build/File-Temp-0.2309/blib/lib/File/Temp.pm line 477
        File::Temp::_gettemp("/build/tmpXXXXX", "open", 1, "mkdir", 0, "unlink_on_close", 0, "suffixlen", ...) called at /build/File-Temp-0.2309/blib/lib/File/Temp.pm line 1473
        File::Temp::tempfile("tmpXXXXX", "DIR", "/build", "UNLINK", 1) called at t/security.t line 79
        eval {...} called at t/security.t line 79
        main::test_security() called at t/security.t line 67
uid=65534 topuid=10 euid=1000 path='/' at /build/File-Temp-0.2309/blib/lib/File/Temp.pm line 683.
        File::Temp::_is_safe("/", SCALAR(0xbfa628)) called at /build/File-Temp-0.2309/blib/lib/File/Temp.pm line 782
        File::Temp::_is_verysafe(".", SCALAR(0xbfa628)) called at /build/File-Temp-0.2309/blib/lib/File/Temp.pm line 477
        File::Temp::_gettemp("tmpXXXXX", "open", 1, "mkdir", 0, "unlink_on_close", 0, "suffixlen", ...) called at /build/File-Temp-0.2309/blib/lib/File/Temp.pm line 1473
        File::Temp::tempfile("tmpXXXXX", "UNLINK", 1) called at t/security.t line 105
        eval {...} called at t/security.t line 105
        main::test_security() called at t/security.t line 67
t/security.t ........... ok
t/seekable.t ........... ok
t/tempfile.t ........... ok
All tests successful.
Files=11, Tests=130, 14 wallclock secs ( 0.05 usr  0.01 sys +  0.97 cusr  0.13 csys =  1.16 CPU)
Result: PASS
installing
install flags: SHELL=/nix/store/9fqwwd4iybmhjqyxiaxycknslw6bgwh1-bash-4.4-p23/bin/bash pkgconfigdir=/nix/store/hbwjyv8slzw8jnf46g4vj61dis9k7612-perl5.32.0-File-Temp-0.2309/lib/pkgconfig m4datadir=/nix/store/hbwjyv8slzw8jnf46g4vj61dis9k7612-perl5.32.0-File-Temp-0.2309/share/aclocal aclocaldir=/nix/store/hbwjyv8slzw8jnf46g4vj61dis9k7612-perl5.32.0-File-Temp-0.2309/share/aclocal install
Manifying 1 pod document
Installing /nix/store/hbwjyv8slzw8jnf46g4vj61dis9k7612-perl5.32.0-File-Temp-0.2309/lib/perl5/site_perl/5.32.0/File/Temp.pm
Installing /nix/store/hbwjyv8slzw8jnf46g4vj61dis9k7612-perl5.32.0-File-Temp-0.2309/share/man/man3/File::Temp.3
Appending installation info to /nix/store/hbwjyv8slzw8jnf46g4vj61dis9k7612-perl5.32.0-File-Temp-0.2309/lib/perl5/5.32.0/x86_64-linux-thread-multi/perllocal.pod
post-installation fixup
Moving /nix/store/hbwjyv8slzw8jnf46g4vj61dis9k7612-perl5.32.0-File-Temp-0.2309/share/man/man3 to /nix/store/spfjggvmav483kzwmf17yv7cn4vbr3gk-perl5.32.0-File-Temp-0.2309-devdoc/share/man/man3
Removing empty /nix/store/hbwjyv8slzw8jnf46g4vj61dis9k7612-perl5.32.0-File-Temp-0.2309/share/man/ and (possibly) its parents
shrinking RPATHs of ELF executables and libraries in /nix/store/hbwjyv8slzw8jnf46g4vj61dis9k7612-perl5.32.0-File-Temp-0.2309
strip is /nix/store/psyzbhp4p088sb9qcs378hfbslcalasl-binutils-2.31.1/bin/strip
stripping (with command strip and flags -S) in /nix/store/hbwjyv8slzw8jnf46g4vj61dis9k7612-perl5.32.0-File-Temp-0.2309/lib
patching script interpreter paths in /nix/store/hbwjyv8slzw8jnf46g4vj61dis9k7612-perl5.32.0-File-Temp-0.2309
checking for references to /build/ in /nix/store/hbwjyv8slzw8jnf46g4vj61dis9k7612-perl5.32.0-File-Temp-0.2309...
shrinking RPATHs of ELF executables and libraries in /nix/store/spfjggvmav483kzwmf17yv7cn4vbr3gk-perl5.32.0-File-Temp-0.2309-devdoc
gzipping man pages under /nix/store/spfjggvmav483kzwmf17yv7cn4vbr3gk-perl5.32.0-File-Temp-0.2309-devdoc/share/man/
strip is /nix/store/psyzbhp4p088sb9qcs378hfbslcalasl-binutils-2.31.1/bin/strip
patching script interpreter paths in /nix/store/spfjggvmav483kzwmf17yv7cn4vbr3gk-perl5.32.0-File-Temp-0.2309-devdoc
checking for references to /build/ in /nix/store/spfjggvmav483kzwmf17yv7cn4vbr3gk-perl5.32.0-File-Temp-0.2309-devdoc...
building '/nix/store/kp629cqq80d33h7ip4mvw7m0jxfrhnyd-perl5.32.0-Test-TempDir-Tiny-0.018.drv'...
unpacking sources
unpacking source archive /nix/store/ggliyf9wqk8jfia4agslv1ws41l3ypn9-Test-TempDir-Tiny-0.018.tar.gz
source root is Test-TempDir-Tiny-0.018
setting SOURCE_DATE_EPOCH to timestamp 1531398123 of file Test-TempDir-Tiny-0.018/xt/release/distmeta.t
patching sources
configuring
patching ./xt/release/distmeta.t...
patching ./xt/author/pod-coverage.t...
patching ./xt/author/critic.t...
patching ./xt/author/pod-syntax.t...
patching ./xt/author/minimum-version.t...
patching ./t/00-report-prereqs.t...
patching ./t/taint.t...
Checking if your kit is complete...
Looks good
Generating a Unix-style Makefile
Writing Makefile for Test::TempDir::Tiny
Writing MYMETA.yml and MYMETA.json
no configure script, doing nothing
building
build flags: SHELL=/nix/store/9fqwwd4iybmhjqyxiaxycknslw6bgwh1-bash-4.4-p23/bin/bash
cp lib/Test/TempDir/Tiny.pm blib/lib/Test/TempDir/Tiny.pm
Manifying 1 pod document
running tests
check flags: SHELL=/nix/store/9fqwwd4iybmhjqyxiaxycknslw6bgwh1-bash-4.4-p23/bin/bash VERBOSE=y test
PERL_DL_NONLAZY=1 "/nix/store/7c044di03qa7qgr5kjjc2d787aspzp0m-perl-5.32.0/bin/perl" "-MExtUtils::Command::MM" "-MTest::Harness" "-e" "undef *Test::Harness::Switches; test_harness(0, 'blib/lib', 'blib/arch')" t/*.t
t/00-report-prereqs.t .. #
# Versions for all modules listed in MYMETA.json (including optional ones):
#
# === Configure Requires ===
#
#     Module              Want Have
#     ------------------- ---- ----
#     ExtUtils::MakeMaker 6.17 7.44
#
# === Build Requires ===
#
#     Module              Want Have
#     ------------------- ---- ----
#     ExtUtils::MakeMaker  any 7.44
#
# === Test Requires ===
#
#     Module              Want     Have
#     ------------------- ---- --------
#     ExtUtils::MakeMaker  any     7.44
#     File::Copy           any     2.34
#     File::Spec           any     3.78
#     Test::More           any 1.302175
#
# === Test Recommends ===
#
#     Module            Want     Have
#     ------------- -------- --------
#     CPAN::Meta    2.120900 2.150010
#     Capture::Tiny     0.12  missing
#
# === Runtime Requires ===
#
#     Module                  Want   Have
#     --------------------- ------ ------
#     B                        any   1.80
#     Carp                     any   1.50
#     Cwd                      any   3.78
#     Exporter                5.57   5.74
#     File::Path              2.07   2.16
#     File::Spec::Functions    any   3.78
#     File::Temp            0.2308 0.2309
#     strict                   any   1.11
#     warnings                 any   1.47
#
t/00-report-prereqs.t .. ok
t/basic.t .............. 1/15 # START SUBTEST OUTPUT
# END SUBTEST OUTPUT
t/basic.t .............. 7/15 # START SUBTEST OUTPUT

#   Failed test 'just give up already, OK'
#   at t/01-fail.t line 27.
# Looks like you failed 1 test of 5.
Failed 1/1 test programs. 1/5 subtests failed.
# END SUBTEST OUTPUT
t/basic.t .............. ok
t/taint.t .............. ok
All tests successful.
Files=3, Tests=17,  1 wallclock secs ( 0.02 usr  0.00 sys +  0.59 cusr  0.11 csys =  0.72 CPU)
Result: PASS
installing
install flags: SHELL=/nix/store/9fqwwd4iybmhjqyxiaxycknslw6bgwh1-bash-4.4-p23/bin/bash pkgconfigdir=/nix/store/4fgf2f30nn3zzaljxbld0px98kj6g2kw-perl5.32.0-Test-TempDir-Tiny-0.018/lib/pkgconfig m4datadir=/nix/store/4fgf2f30nn3zzaljxbld0px98kj6g2kw-perl5.32.0-Test-TempDir-Tiny-0.018/share/aclocal aclocaldir=/nix/store/4fgf2f30nn3zzaljxbld0px98kj6g2kw-perl5.32.0-Test-TempDir-Tiny-0.018/share/aclocal install
Manifying 1 pod document
Installing /nix/store/4fgf2f30nn3zzaljxbld0px98kj6g2kw-perl5.32.0-Test-TempDir-Tiny-0.018/lib/perl5/site_perl/5.32.0/Test/TempDir/Tiny.pm
Installing /nix/store/4fgf2f30nn3zzaljxbld0px98kj6g2kw-perl5.32.0-Test-TempDir-Tiny-0.018/share/man/man3/Test::TempDir::Tiny.3
Appending installation info to /nix/store/4fgf2f30nn3zzaljxbld0px98kj6g2kw-perl5.32.0-Test-TempDir-Tiny-0.018/lib/perl5/5.32.0/x86_64-linux-thread-multi/perllocal.pod
post-installation fixup
Moving /nix/store/4fgf2f30nn3zzaljxbld0px98kj6g2kw-perl5.32.0-Test-TempDir-Tiny-0.018/share/man/man3 to /nix/store/d2h8p42b1ir6161nys8qfpsf7njr81aj-perl5.32.0-Test-TempDir-Tiny-0.018-devdoc/share/man/man3
Removing empty /nix/store/4fgf2f30nn3zzaljxbld0px98kj6g2kw-perl5.32.0-Test-TempDir-Tiny-0.018/share/man/ and (possibly) its parents
shrinking RPATHs of ELF executables and libraries in /nix/store/4fgf2f30nn3zzaljxbld0px98kj6g2kw-perl5.32.0-Test-TempDir-Tiny-0.018
strip is /nix/store/psyzbhp4p088sb9qcs378hfbslcalasl-binutils-2.31.1/bin/strip
stripping (with command strip and flags -S) in /nix/store/4fgf2f30nn3zzaljxbld0px98kj6g2kw-perl5.32.0-Test-TempDir-Tiny-0.018/lib
patching script interpreter paths in /nix/store/4fgf2f30nn3zzaljxbld0px98kj6g2kw-perl5.32.0-Test-TempDir-Tiny-0.018
checking for references to /build/ in /nix/store/4fgf2f30nn3zzaljxbld0px98kj6g2kw-perl5.32.0-Test-TempDir-Tiny-0.018...
shrinking RPATHs of ELF executables and libraries in /nix/store/d2h8p42b1ir6161nys8qfpsf7njr81aj-perl5.32.0-Test-TempDir-Tiny-0.018-devdoc
gzipping man pages under /nix/store/d2h8p42b1ir6161nys8qfpsf7njr81aj-perl5.32.0-Test-TempDir-Tiny-0.018-devdoc/share/man/
strip is /nix/store/psyzbhp4p088sb9qcs378hfbslcalasl-binutils-2.31.1/bin/strip
patching script interpreter paths in /nix/store/d2h8p42b1ir6161nys8qfpsf7njr81aj-perl5.32.0-Test-TempDir-Tiny-0.018-devdoc
checking for references to /build/ in /nix/store/d2h8p42b1ir6161nys8qfpsf7njr81aj-perl5.32.0-Test-TempDir-Tiny-0.018-devdoc...
building '/nix/store/jz1cmypbp4qa32mvc6jw0qidy24719x7-perl5.32.0-App-perlbrew-0.88.drv'...
unpacking sources
unpacking source archive /nix/store/ygw0x112fazpcvjv3kypp9axawyayymk-App-perlbrew-0.88.tar.gz
source root is App-perlbrew-0.88
setting SOURCE_DATE_EPOCH to timestamp 1580301872 of file App-perlbrew-0.88/t/unit-files-are-the-same.t
patching sources
configuring
patching ./script/perlbrew...
patching ./t/command-list.t...
patching ./t/command-install-from-archive.t...
patching ./t/command-install-patchperl.t...
patching ./t/installation.t...
patching ./t/18.release-detail-perl-local.t...
patching ./t/command-compgen.t...
patching ./t/failure-command-install-patchperl.t...
patching ./t/01.options.t...
patching ./t/http-program-control.t...
patching ./t/command-alias.t...
patching ./t/command-install.t...
patching ./t/18.release-detail-perl-remote.t...
patching ./t/command-help.t...
patching ./t/http-ua-detect.t...
patching ./t/17.release-detail-cperl-local.t...
patching ./t/14.perl_version_parsing.t...
patching ./t/02.format_perl_version.t...
patching ./t/builddir.t...
patching ./t/unit-files-are-the-same.t...
patching ./t/command-display-rc.t...
patching ./t/11.root_from_arg.t...
patching ./t/17.release-detail-cperl-remote.t...
patching ./t/installation3.t...
patching ./t/installation2.t...
patching ./t/12.sitecustomize.t...
patching ./t/command-exec.t...
patching ./t/home.t...
patching ./t/do_system.t...
patching ./t/08.error_install.t...
patching ./t/06.installed_perls.t...
patching ./t/07.argv.t...
patching ./t/app-perlbrew-path.t...
patching ./t/command-lib.t...
patching ./t/00.load.t...
patching ./t/03.test_get_available_versions.t...
patching ./t/http.t...
patching ./t/10.resolve.t...
patching ./t/11.editdist.t...
patching ./t/command-install-cpanm.t...
patching ./t/fake-bin/curl...
patching ./t/http-ua-detect-non-curl.t...
patching ./t/command-env.t...
patching ./t/08.error_install_cpanm.t...
patching ./t/04.find_available_perls.t...
patching ./t/failure-command-install-cpanm.t...
patching ./t/05.get_current_perl.t...
patching ./t/08.error_install_blead.t...
patching ./t/app-perlbrew-path-installation.t...
patching ./t/16.release-detail.t...
patching ./t/current_perl.t...
patching ./t/12.destdir.t...
patching ./t/installation-perlbrew.t...
patching ./t/08.error_available.t...
patching ./t/13.perl_release.t...
patching ./t/bashrc_content.t...
patching ./t/command-info.t...
patching ./t/09.exit_status.t...
patching ./t/command-available.t...
no configure script, doing nothing
building
Creating new 'Build' script for 'App-perlbrew' version '0.88'
cp lib/App/Perlbrew/Path/Installation.pm blib/lib/App/Perlbrew/Path/Installation.pm
cp lib/App/Perlbrew/Path/Installations.pm blib/lib/App/Perlbrew/Path/Installations.pm
cp lib/App/Perlbrew/Util.pm blib/lib/App/Perlbrew/Util.pm
cp lib/App/Perlbrew/Path/Root.pm blib/lib/App/Perlbrew/Path/Root.pm
cp lib/App/Perlbrew/Path.pm blib/lib/App/Perlbrew/Path.pm
cp lib/App/perlbrew.pm blib/lib/App/perlbrew.pm
cp script/perlbrew blib/script/perlbrew
installing
Installing /nix/store/2xsd7lc178jn8nvnggya21s844z4qzsw-perl5.32.0-App-perlbrew-0.88/share/man/man1/perlbrew.1
Installing /nix/store/2xsd7lc178jn8nvnggya21s844z4qzsw-perl5.32.0-App-perlbrew-0.88/lib/perl5/site_perl/5.32.0/App/perlbrew.pm
Installing /nix/store/2xsd7lc178jn8nvnggya21s844z4qzsw-perl5.32.0-App-perlbrew-0.88/lib/perl5/site_perl/5.32.0/App/Perlbrew/Path.pm
Installing /nix/store/2xsd7lc178jn8nvnggya21s844z4qzsw-perl5.32.0-App-perlbrew-0.88/lib/perl5/site_perl/5.32.0/App/Perlbrew/Util.pm
Installing /nix/store/2xsd7lc178jn8nvnggya21s844z4qzsw-perl5.32.0-App-perlbrew-0.88/lib/perl5/site_perl/5.32.0/App/Perlbrew/Path/Root.pm
Installing /nix/store/2xsd7lc178jn8nvnggya21s844z4qzsw-perl5.32.0-App-perlbrew-0.88/lib/perl5/site_perl/5.32.0/App/Perlbrew/Path/Installation.pm
Installing /nix/store/2xsd7lc178jn8nvnggya21s844z4qzsw-perl5.32.0-App-perlbrew-0.88/lib/perl5/site_perl/5.32.0/App/Perlbrew/Path/Installations.pm
Installing /nix/store/2xsd7lc178jn8nvnggya21s844z4qzsw-perl5.32.0-App-perlbrew-0.88/share/man/man3/App::Perlbrew::Path::Installations.3
Installing /nix/store/2xsd7lc178jn8nvnggya21s844z4qzsw-perl5.32.0-App-perlbrew-0.88/share/man/man3/App::Perlbrew::Util.3
Installing /nix/store/2xsd7lc178jn8nvnggya21s844z4qzsw-perl5.32.0-App-perlbrew-0.88/share/man/man3/App::Perlbrew::Path::Root.3
Installing /nix/store/2xsd7lc178jn8nvnggya21s844z4qzsw-perl5.32.0-App-perlbrew-0.88/share/man/man3/App::Perlbrew::Path::Installation.3
Installing /nix/store/2xsd7lc178jn8nvnggya21s844z4qzsw-perl5.32.0-App-perlbrew-0.88/share/man/man3/App::Perlbrew::Path.3
Installing /nix/store/2xsd7lc178jn8nvnggya21s844z4qzsw-perl5.32.0-App-perlbrew-0.88/share/man/man3/App::perlbrew.3
Installing /nix/store/2xsd7lc178jn8nvnggya21s844z4qzsw-perl5.32.0-App-perlbrew-0.88/bin/perlbrew
post-installation fixup
Moving /nix/store/2xsd7lc178jn8nvnggya21s844z4qzsw-perl5.32.0-App-perlbrew-0.88/share/man/man3 to /nix/store/kvih5rrzkr51jjlpb33wbgar4rk4y3sg-perl5.32.0-App-perlbrew-0.88-devdoc/share/man/man3
rmdir: failed to remove '/nix/store/2xsd7lc178jn8nvnggya21s844z4qzsw-perl5.32.0-App-perlbrew-0.88/share/man': Directory not empty
shrinking RPATHs of ELF executables and libraries in /nix/store/2xsd7lc178jn8nvnggya21s844z4qzsw-perl5.32.0-App-perlbrew-0.88
gzipping man pages under /nix/store/2xsd7lc178jn8nvnggya21s844z4qzsw-perl5.32.0-App-perlbrew-0.88/share/man/
strip is /nix/store/psyzbhp4p088sb9qcs378hfbslcalasl-binutils-2.31.1/bin/strip
stripping (with command strip and flags -S) in /nix/store/2xsd7lc178jn8nvnggya21s844z4qzsw-perl5.32.0-App-perlbrew-0.88/lib  /nix/store/2xsd7lc178jn8nvnggya21s844z4qzsw-perl5.32.0-App-perlbrew-0.88/bin
patching script interpreter paths in /nix/store/2xsd7lc178jn8nvnggya21s844z4qzsw-perl5.32.0-App-perlbrew-0.88
checking for references to /build/ in /nix/store/2xsd7lc178jn8nvnggya21s844z4qzsw-perl5.32.0-App-perlbrew-0.88...
shrinking RPATHs of ELF executables and libraries in /nix/store/kvih5rrzkr51jjlpb33wbgar4rk4y3sg-perl5.32.0-App-perlbrew-0.88-devdoc
gzipping man pages under /nix/store/kvih5rrzkr51jjlpb33wbgar4rk4y3sg-perl5.32.0-App-perlbrew-0.88-devdoc/share/man/
strip is /nix/store/psyzbhp4p088sb9qcs378hfbslcalasl-binutils-2.31.1/bin/strip
patching script interpreter paths in /nix/store/kvih5rrzkr51jjlpb33wbgar4rk4y3sg-perl5.32.0-App-perlbrew-0.88-devdoc
checking for references to /build/ in /nix/store/kvih5rrzkr51jjlpb33wbgar4rk4y3sg-perl5.32.0-App-perlbrew-0.88-devdoc...
/nix/store/2xsd7lc178jn8nvnggya21s844z4qzsw-perl5.32.0-App-perlbrew-0.88
