these derivations will be built:
  /nix/store/fj1kalssngxiadb2wy98kg9x11v0jilb-perl5.32.0-Archive-Cpio-0.10.drv
these paths will be fetched (0.01 MiB download, 0.01 MiB unpacked):
  /nix/store/s7si1i7p045as48hwmzxy744k7f0fapa-Archive-Cpio-0.10.tar.gz
copying path '/nix/store/s7si1i7p045as48hwmzxy744k7f0fapa-Archive-Cpio-0.10.tar.gz' from 'https://cache.nixos.org'...
building '/nix/store/fj1kalssngxiadb2wy98kg9x11v0jilb-perl5.32.0-Archive-Cpio-0.10.drv'...
unpacking sources
unpacking source archive /nix/store/s7si1i7p045as48hwmzxy744k7f0fapa-Archive-Cpio-0.10.tar.gz
source root is Archive-Cpio-0.10
setting SOURCE_DATE_EPOCH to timestamp 1446392346 of file Archive-Cpio-0.10/META.yml
patching sources
configuring
patching ./bin/cpio-filter...
Checking if your kit is complete...
Looks good
Generating a Unix-style Makefile
Writing Makefile for Archive::Cpio
Writing MYMETA.yml and MYMETA.json
no configure script, doing nothing
building
build flags: SHELL=/nix/store/9fqwwd4iybmhjqyxiaxycknslw6bgwh1-bash-4.4-p23/bin/bash
cp lib/Archive/Cpio/Common.pm blib/lib/Archive/Cpio/Common.pm
cp lib/Archive/Cpio.pm blib/lib/Archive/Cpio.pm
cp lib/Archive/Cpio/File.pm blib/lib/Archive/Cpio/File.pm
cp lib/Archive/Cpio/FileHandle_with_pushback.pm blib/lib/Archive/Cpio/FileHandle_with_pushback.pm
cp lib/Archive/Cpio/ODC.pm blib/lib/Archive/Cpio/ODC.pm
cp lib/Archive/Cpio/OldBinary.pm blib/lib/Archive/Cpio/OldBinary.pm
cp lib/Archive/Cpio/NewAscii.pm blib/lib/Archive/Cpio/NewAscii.pm
cp bin/cpio-filter blib/script/cpio-filter
"/nix/store/7c044di03qa7qgr5kjjc2d787aspzp0m-perl-5.32.0/bin/perl" -MExtUtils::MY -e 'MY->fixin(shift)' -- blib/script/cpio-filter
Manifying 1 pod document
Manifying 1 pod document
running tests
check flags: SHELL=/nix/store/9fqwwd4iybmhjqyxiaxycknslw6bgwh1-bash-4.4-p23/bin/bash VERBOSE=y test
PERL_DL_NONLAZY=1 "/nix/store/7c044di03qa7qgr5kjjc2d787aspzp0m-perl-5.32.0/bin/perl" "-MExtUtils::Command::MM" "-MTest::Harness" "-e" "undef *Test::Harness::Switches; test_harness(0, 'blib/lib', 'blib/arch')" t/*.t
t/00basic.t .. ok
All tests successful.
Files=1, Tests=1,  0 wallclock secs ( 0.02 usr +  0.00 sys =  0.02 CPU)
Result: PASS
installing
install flags: SHELL=/nix/store/9fqwwd4iybmhjqyxiaxycknslw6bgwh1-bash-4.4-p23/bin/bash pkgconfigdir=/nix/store/vv9k6w0biczhi9jg36c7dqqlvbnvijpq-perl5.32.0-Archive-Cpio-0.10/lib/pkgconfig m4datadir=/nix/store/vv9k6w0biczhi9jg36c7dqqlvbnvijpq-perl5.32.0-Archive-Cpio-0.10/share/aclocal aclocaldir=/nix/store/vv9k6w0biczhi9jg36c7dqqlvbnvijpq-perl5.32.0-Archive-Cpio-0.10/share/aclocal install
Manifying 1 pod document
Manifying 1 pod document
Installing /nix/store/vv9k6w0biczhi9jg36c7dqqlvbnvijpq-perl5.32.0-Archive-Cpio-0.10/lib/perl5/site_perl/5.32.0/Archive/Cpio.pm
Installing /nix/store/vv9k6w0biczhi9jg36c7dqqlvbnvijpq-perl5.32.0-Archive-Cpio-0.10/lib/perl5/site_perl/5.32.0/Archive/Cpio/NewAscii.pm
Installing /nix/store/vv9k6w0biczhi9jg36c7dqqlvbnvijpq-perl5.32.0-Archive-Cpio-0.10/lib/perl5/site_perl/5.32.0/Archive/Cpio/OldBinary.pm
Installing /nix/store/vv9k6w0biczhi9jg36c7dqqlvbnvijpq-perl5.32.0-Archive-Cpio-0.10/lib/perl5/site_perl/5.32.0/Archive/Cpio/ODC.pm
Installing /nix/store/vv9k6w0biczhi9jg36c7dqqlvbnvijpq-perl5.32.0-Archive-Cpio-0.10/lib/perl5/site_perl/5.32.0/Archive/Cpio/Common.pm
Installing /nix/store/vv9k6w0biczhi9jg36c7dqqlvbnvijpq-perl5.32.0-Archive-Cpio-0.10/lib/perl5/site_perl/5.32.0/Archive/Cpio/File.pm
Installing /nix/store/vv9k6w0biczhi9jg36c7dqqlvbnvijpq-perl5.32.0-Archive-Cpio-0.10/lib/perl5/site_perl/5.32.0/Archive/Cpio/FileHandle_with_pushback.pm
Installing /nix/store/vv9k6w0biczhi9jg36c7dqqlvbnvijpq-perl5.32.0-Archive-Cpio-0.10/share/man/man1/cpio-filter.1
Installing /nix/store/vv9k6w0biczhi9jg36c7dqqlvbnvijpq-perl5.32.0-Archive-Cpio-0.10/share/man/man3/Archive::Cpio.3
Installing /nix/store/vv9k6w0biczhi9jg36c7dqqlvbnvijpq-perl5.32.0-Archive-Cpio-0.10/bin/cpio-filter
Appending installation info to /nix/store/vv9k6w0biczhi9jg36c7dqqlvbnvijpq-perl5.32.0-Archive-Cpio-0.10/lib/perl5/5.32.0/x86_64-linux-thread-multi/perllocal.pod
post-installation fixup
Moving /nix/store/vv9k6w0biczhi9jg36c7dqqlvbnvijpq-perl5.32.0-Archive-Cpio-0.10/share/man/man3 to /nix/store/mjs012rs6sr39cwvxnyg6niddns6477i-perl5.32.0-Archive-Cpio-0.10-devdoc/share/man/man3
rmdir: failed to remove '/nix/store/vv9k6w0biczhi9jg36c7dqqlvbnvijpq-perl5.32.0-Archive-Cpio-0.10/share/man': Directory not empty
shrinking RPATHs of ELF executables and libraries in /nix/store/vv9k6w0biczhi9jg36c7dqqlvbnvijpq-perl5.32.0-Archive-Cpio-0.10
gzipping man pages under /nix/store/vv9k6w0biczhi9jg36c7dqqlvbnvijpq-perl5.32.0-Archive-Cpio-0.10/share/man/
strip is /nix/store/psyzbhp4p088sb9qcs378hfbslcalasl-binutils-2.31.1/bin/strip
stripping (with command strip and flags -S) in /nix/store/vv9k6w0biczhi9jg36c7dqqlvbnvijpq-perl5.32.0-Archive-Cpio-0.10/lib  /nix/store/vv9k6w0biczhi9jg36c7dqqlvbnvijpq-perl5.32.0-Archive-Cpio-0.10/bin
patching script interpreter paths in /nix/store/vv9k6w0biczhi9jg36c7dqqlvbnvijpq-perl5.32.0-Archive-Cpio-0.10
checking for references to /build/ in /nix/store/vv9k6w0biczhi9jg36c7dqqlvbnvijpq-perl5.32.0-Archive-Cpio-0.10...
shrinking RPATHs of ELF executables and libraries in /nix/store/mjs012rs6sr39cwvxnyg6niddns6477i-perl5.32.0-Archive-Cpio-0.10-devdoc
gzipping man pages under /nix/store/mjs012rs6sr39cwvxnyg6niddns6477i-perl5.32.0-Archive-Cpio-0.10-devdoc/share/man/
strip is /nix/store/psyzbhp4p088sb9qcs378hfbslcalasl-binutils-2.31.1/bin/strip
patching script interpreter paths in /nix/store/mjs012rs6sr39cwvxnyg6niddns6477i-perl5.32.0-Archive-Cpio-0.10-devdoc
checking for references to /build/ in /nix/store/mjs012rs6sr39cwvxnyg6niddns6477i-perl5.32.0-Archive-Cpio-0.10-devdoc...
/nix/store/vv9k6w0biczhi9jg36c7dqqlvbnvijpq-perl5.32.0-Archive-Cpio-0.10
