these derivations will be built:
  /nix/store/ylr1ggvscyadbfhn91vmfbc14xshjxlw-perl5.32.0-Array-FIFO-0.13.drv
these paths will be fetched (0.01 MiB download, 0.01 MiB unpacked):
  /nix/store/mah007abix04q01xgv4qhs6bm80p6rsa-Array-FIFO-0.13.tar.gz
copying path '/nix/store/mah007abix04q01xgv4qhs6bm80p6rsa-Array-FIFO-0.13.tar.gz' from 'https://cache.nixos.org'...
building '/nix/store/ylr1ggvscyadbfhn91vmfbc14xshjxlw-perl5.32.0-Array-FIFO-0.13.drv'...
unpacking sources
unpacking source archive /nix/store/mah007abix04q01xgv4qhs6bm80p6rsa-Array-FIFO-0.13.tar.gz
source root is Array-FIFO-0.13
setting SOURCE_DATE_EPOCH to timestamp 1547068454 of file Array-FIFO-0.13/t/01_the_things.t
patching sources
configuring
Checking if your kit is complete...
Looks good
Generating a Unix-style Makefile
Writing Makefile for Array::FIFO
Writing MYMETA.yml and MYMETA.json
no configure script, doing nothing
building
build flags: SHELL=/nix/store/9fqwwd4iybmhjqyxiaxycknslw6bgwh1-bash-4.4-p23/bin/bash
cp lib/Array/FIFO.pm blib/lib/Array/FIFO.pm
Manifying 1 pod document
running tests
check flags: SHELL=/nix/store/9fqwwd4iybmhjqyxiaxycknslw6bgwh1-bash-4.4-p23/bin/bash VERBOSE=y test
PERL_DL_NONLAZY=1 "/nix/store/7c044di03qa7qgr5kjjc2d787aspzp0m-perl-5.32.0/bin/perl" "-MExtUtils::Command::MM" "-MTest::Harness" "-e" "undef *Test::Harness::Switches; test_harness(0, 'blib/lib', 'blib/arch')" t/*.t
t/01_the_things.t .. ok
All tests successful.
Files=1, Tests=18,  1 wallclock secs ( 0.04 usr  0.02 sys +  0.31 cusr  0.13 csys =  0.50 CPU)
Result: PASS
installing
install flags: SHELL=/nix/store/9fqwwd4iybmhjqyxiaxycknslw6bgwh1-bash-4.4-p23/bin/bash pkgconfigdir=/nix/store/lyvmhlqib2mg5ri839cy0dz4k41cxwid-perl5.32.0-Array-FIFO-0.13/lib/pkgconfig m4datadir=/nix/store/lyvmhlqib2mg5ri839cy0dz4k41cxwid-perl5.32.0-Array-FIFO-0.13/share/aclocal aclocaldir=/nix/store/lyvmhlqib2mg5ri839cy0dz4k41cxwid-perl5.32.0-Array-FIFO-0.13/share/aclocal install
Manifying 1 pod document
Installing /nix/store/lyvmhlqib2mg5ri839cy0dz4k41cxwid-perl5.32.0-Array-FIFO-0.13/lib/perl5/site_perl/5.32.0/Array/FIFO.pm
Installing /nix/store/lyvmhlqib2mg5ri839cy0dz4k41cxwid-perl5.32.0-Array-FIFO-0.13/share/man/man3/Array::FIFO.3
Appending installation info to /nix/store/lyvmhlqib2mg5ri839cy0dz4k41cxwid-perl5.32.0-Array-FIFO-0.13/lib/perl5/5.32.0/x86_64-linux-thread-multi/perllocal.pod
post-installation fixup
Moving /nix/store/lyvmhlqib2mg5ri839cy0dz4k41cxwid-perl5.32.0-Array-FIFO-0.13/share/man/man3 to /nix/store/9pdmcxb65iwszv9ssalmijg978by7sk3-perl5.32.0-Array-FIFO-0.13-devdoc/share/man/man3
Removing empty /nix/store/lyvmhlqib2mg5ri839cy0dz4k41cxwid-perl5.32.0-Array-FIFO-0.13/share/man/ and (possibly) its parents
shrinking RPATHs of ELF executables and libraries in /nix/store/lyvmhlqib2mg5ri839cy0dz4k41cxwid-perl5.32.0-Array-FIFO-0.13
strip is /nix/store/psyzbhp4p088sb9qcs378hfbslcalasl-binutils-2.31.1/bin/strip
stripping (with command strip and flags -S) in /nix/store/lyvmhlqib2mg5ri839cy0dz4k41cxwid-perl5.32.0-Array-FIFO-0.13/lib
patching script interpreter paths in /nix/store/lyvmhlqib2mg5ri839cy0dz4k41cxwid-perl5.32.0-Array-FIFO-0.13
checking for references to /build/ in /nix/store/lyvmhlqib2mg5ri839cy0dz4k41cxwid-perl5.32.0-Array-FIFO-0.13...
shrinking RPATHs of ELF executables and libraries in /nix/store/9pdmcxb65iwszv9ssalmijg978by7sk3-perl5.32.0-Array-FIFO-0.13-devdoc
gzipping man pages under /nix/store/9pdmcxb65iwszv9ssalmijg978by7sk3-perl5.32.0-Array-FIFO-0.13-devdoc/share/man/
strip is /nix/store/psyzbhp4p088sb9qcs378hfbslcalasl-binutils-2.31.1/bin/strip
patching script interpreter paths in /nix/store/9pdmcxb65iwszv9ssalmijg978by7sk3-perl5.32.0-Array-FIFO-0.13-devdoc
checking for references to /build/ in /nix/store/9pdmcxb65iwszv9ssalmijg978by7sk3-perl5.32.0-Array-FIFO-0.13-devdoc...
/nix/store/lyvmhlqib2mg5ri839cy0dz4k41cxwid-perl5.32.0-Array-FIFO-0.13
