these derivations will be built:
  /nix/store/0sf8i8adr6hbkm6lbdgrw67whci1q23g-perl5.32.0-AsyncPing-2016.1207.drv
these paths will be fetched (0.01 MiB download, 0.01 MiB unpacked):
  /nix/store/zl0idhv5pmzf6vv8vwzyc1bz2dd1bjya-AsyncPing-2016.1207.tar.gz
copying path '/nix/store/zl0idhv5pmzf6vv8vwzyc1bz2dd1bjya-AsyncPing-2016.1207.tar.gz' from 'https://cache.nixos.org'...
building '/nix/store/0sf8i8adr6hbkm6lbdgrw67whci1q23g-perl5.32.0-AsyncPing-2016.1207.drv'...
unpacking sources
unpacking source archive /nix/store/zl0idhv5pmzf6vv8vwzyc1bz2dd1bjya-AsyncPing-2016.1207.tar.gz
source root is AsyncPing-2016.1207
setting SOURCE_DATE_EPOCH to timestamp 1481158872 of file AsyncPing-2016.1207/META.yml
patching sources
configuring
patching ./t/pod-coverage.t...
patching ./t/manifest.t...
patching ./t/pod.t...
patching ./t/00-load.t...
Checking if your kit is complete...
Looks good
Generating a Unix-style Makefile
Writing Makefile for AsyncPing
Writing MYMETA.yml and MYMETA.json
no configure script, doing nothing
building
build flags: SHELL=/nix/store/9fqwwd4iybmhjqyxiaxycknslw6bgwh1-bash-4.4-p23/bin/bash
cp lib/AsyncPing.pm blib/lib/AsyncPing.pm
Manifying 1 pod document
running tests
check flags: SHELL=/nix/store/9fqwwd4iybmhjqyxiaxycknslw6bgwh1-bash-4.4-p23/bin/bash VERBOSE=y test
PERL_DL_NONLAZY=1 "/nix/store/7c044di03qa7qgr5kjjc2d787aspzp0m-perl-5.32.0/bin/perl" "-MExtUtils::Command::MM" "-MTest::Harness" "-e" "undef *Test::Harness::Switches; test_harness(0, 'blib/lib', 'blib/arch')" t/*.t
t/00-load.t ....... 1/? # Testing AsyncPing 2016.1207, Perl 5.032000, /nix/store/7c044di03qa7qgr5kjjc2d787aspzp0m-perl-5.32.0/bin/perl
t/00-load.t ....... ok
t/manifest.t ...... skipped: Author tests not required for installation
t/pod-coverage.t .. skipped: Author tests not required for installation
t/pod.t ........... skipped: Author tests not required for installation
All tests successful.
Files=4, Tests=1,  0 wallclock secs ( 0.02 usr  0.01 sys +  0.19 cusr  0.03 csys =  0.25 CPU)
Result: PASS
installing
install flags: SHELL=/nix/store/9fqwwd4iybmhjqyxiaxycknslw6bgwh1-bash-4.4-p23/bin/bash pkgconfigdir=/nix/store/p7x58a9wilfzzr9xyvlnbydkfk6a6dfi-perl5.32.0-AsyncPing-2016.1207/lib/pkgconfig m4datadir=/nix/store/p7x58a9wilfzzr9xyvlnbydkfk6a6dfi-perl5.32.0-AsyncPing-2016.1207/share/aclocal aclocaldir=/nix/store/p7x58a9wilfzzr9xyvlnbydkfk6a6dfi-perl5.32.0-AsyncPing-2016.1207/share/aclocal install
Manifying 1 pod document
Installing /nix/store/p7x58a9wilfzzr9xyvlnbydkfk6a6dfi-perl5.32.0-AsyncPing-2016.1207/lib/perl5/site_perl/5.32.0/AsyncPing.pm
Installing /nix/store/p7x58a9wilfzzr9xyvlnbydkfk6a6dfi-perl5.32.0-AsyncPing-2016.1207/share/man/man3/AsyncPing.3
Appending installation info to /nix/store/p7x58a9wilfzzr9xyvlnbydkfk6a6dfi-perl5.32.0-AsyncPing-2016.1207/lib/perl5/5.32.0/x86_64-linux-thread-multi/perllocal.pod
post-installation fixup
Moving /nix/store/p7x58a9wilfzzr9xyvlnbydkfk6a6dfi-perl5.32.0-AsyncPing-2016.1207/share/man/man3 to /nix/store/v1s48qz6538zv0rd1dlmcxn726hwmf5i-perl5.32.0-AsyncPing-2016.1207-devdoc/share/man/man3
Removing empty /nix/store/p7x58a9wilfzzr9xyvlnbydkfk6a6dfi-perl5.32.0-AsyncPing-2016.1207/share/man/ and (possibly) its parents
shrinking RPATHs of ELF executables and libraries in /nix/store/p7x58a9wilfzzr9xyvlnbydkfk6a6dfi-perl5.32.0-AsyncPing-2016.1207
strip is /nix/store/psyzbhp4p088sb9qcs378hfbslcalasl-binutils-2.31.1/bin/strip
stripping (with command strip and flags -S) in /nix/store/p7x58a9wilfzzr9xyvlnbydkfk6a6dfi-perl5.32.0-AsyncPing-2016.1207/lib
patching script interpreter paths in /nix/store/p7x58a9wilfzzr9xyvlnbydkfk6a6dfi-perl5.32.0-AsyncPing-2016.1207
checking for references to /build/ in /nix/store/p7x58a9wilfzzr9xyvlnbydkfk6a6dfi-perl5.32.0-AsyncPing-2016.1207...
shrinking RPATHs of ELF executables and libraries in /nix/store/v1s48qz6538zv0rd1dlmcxn726hwmf5i-perl5.32.0-AsyncPing-2016.1207-devdoc
gzipping man pages under /nix/store/v1s48qz6538zv0rd1dlmcxn726hwmf5i-perl5.32.0-AsyncPing-2016.1207-devdoc/share/man/
strip is /nix/store/psyzbhp4p088sb9qcs378hfbslcalasl-binutils-2.31.1/bin/strip
patching script interpreter paths in /nix/store/v1s48qz6538zv0rd1dlmcxn726hwmf5i-perl5.32.0-AsyncPing-2016.1207-devdoc
checking for references to /build/ in /nix/store/v1s48qz6538zv0rd1dlmcxn726hwmf5i-perl5.32.0-AsyncPing-2016.1207-devdoc...
/nix/store/p7x58a9wilfzzr9xyvlnbydkfk6a6dfi-perl5.32.0-AsyncPing-2016.1207
