these derivations will be built:
  /nix/store/41yj2w7g3c47hfrpn370pdfpzzp2mcvd-perl5.32.0-Digest-SHA1-2.13.drv
  /nix/store/511g4lzkxbc2l820k2ij13kdyz9zlxcp-perl5.32.0-Crypt-PasswdMD5-1.40.drv
  /nix/store/ygl6nv19j6vgnavb1n5a39nyz5qhkyl0-perl5.32.0-IO-LockedFile-0.23.drv
  /nix/store/1m1ybcwflr5585fzz27swyqk0mi20p51-perl5.32.0-Authen-Htpasswd-0.171.drv
these paths will be fetched (0.01 MiB download, 0.01 MiB unpacked):
  /nix/store/cal9f3rzhl8m6p0ik2awbya8xb0hh28s-Authen-Htpasswd-0.171.tar.gz
copying path '/nix/store/cal9f3rzhl8m6p0ik2awbya8xb0hh28s-Authen-Htpasswd-0.171.tar.gz' from 'https://cache.nixos.org'...
building '/nix/store/511g4lzkxbc2l820k2ij13kdyz9zlxcp-perl5.32.0-Crypt-PasswdMD5-1.40.drv'...
building '/nix/store/41yj2w7g3c47hfrpn370pdfpzzp2mcvd-perl5.32.0-Digest-SHA1-2.13.drv'...
building '/nix/store/ygl6nv19j6vgnavb1n5a39nyz5qhkyl0-perl5.32.0-IO-LockedFile-0.23.drv'...
unpacking sources
unpacking sources
unpacking source archive /nix/store/4drdy9w1wdbcvv8rwd1aimk0kpv3j0r2-Digest-SHA1-2.13.tar.gz
unpacking source archive /nix/store/9ah9saxi6hn2axi5yrfnb24c76vlqwcv-Crypt-PasswdMD5-1.40.tgz
source root is Crypt-PasswdMD5-1.40
source root is Digest-SHA1-2.13
unpacking sources
unpacking source archive /nix/store/ka9891cd70ifch8b8x7xbfr3pslkg4q5-IO-LockedFile-0.23.tar.gz
setting SOURCE_DATE_EPOCH to timestamp 1278163425 of file Digest-SHA1-2.13/META.yml
setting SOURCE_DATE_EPOCH to timestamp 1380536586 of file Crypt-PasswdMD5-1.40/xt/author/pod.t
source root is IO-LockedFile-0.23
patching sources
patching sources
configuring
configuring
setting SOURCE_DATE_EPOCH to timestamp 1045744209 of file IO-LockedFile-0.23/LockedFile/Flock.pm
patching sources
configuring
patching ./t/bits.t...
Undefined requirement for IO::File treated as '0' at /nix/store/7c044di03qa7qgr5kjjc2d787aspzp0m-perl-5.32.0/lib/perl5/5.32.0/ExtUtils/MakeMaker.pm line 470.
Undefined requirement for Fcntl treated as '0' at /nix/store/7c044di03qa7qgr5kjjc2d787aspzp0m-perl-5.32.0/lib/perl5/5.32.0/ExtUtils/MakeMaker.pm line 470.
Checking if your kit is complete...
Checking if your kit is complete...
Checking if your kit is complete...
Looks good
Looks good
Looks good
Generating a Unix-style Makefile
Writing Makefile for IO::LockedFile
Writing MYMETA.yml and MYMETA.json
Generating a Unix-style Makefile
Writing Makefile for Digest::SHA1
Generating a Unix-style Makefile
Writing Makefile for Crypt::PasswdMD5
no configure script, doing nothing
building
build flags: SHELL=/nix/store/9fqwwd4iybmhjqyxiaxycknslw6bgwh1-bash-4.4-p23/bin/bash
Writing MYMETA.yml and MYMETA.json
Writing MYMETA.yml and MYMETA.json
no configure script, doing nothing
building
build flags: SHELL=/nix/store/9fqwwd4iybmhjqyxiaxycknslw6bgwh1-bash-4.4-p23/bin/bash
no configure script, doing nothing
building
Created MYMETA.yml and MYMETA.json
Creating new 'Build' script for 'Crypt-PasswdMD5' version '1.40'
cp SHA1.pm blib/lib/Digest/SHA1.pm
cp LockedFile/Flock.pm blib/lib/IO/LockedFile/Flock.pm
cp LockedFile.pm blib/lib/IO/LockedFile.pm
Running Mkbootstrap for SHA1 ()
chmod 644 "SHA1.bs"
"/nix/store/7c044di03qa7qgr5kjjc2d787aspzp0m-perl-5.32.0/bin/perl" -MExtUtils::Command::MM -e 'cp_nonempty' -- SHA1.bs blib/arch/auto/Digest/SHA1/SHA1.bs 644
"/nix/store/7c044di03qa7qgr5kjjc2d787aspzp0m-perl-5.32.0/bin/perl" "/nix/store/7c044di03qa7qgr5kjjc2d787aspzp0m-perl-5.32.0/lib/perl5/5.32.0/ExtUtils/xsubpp"  -typemap '/nix/store/7c044di03qa7qgr5kjjc2d787aspzp0m-perl-5.32.0/lib/perl5/5.32.0/ExtUtils/typemap' -typemap '/build/Digest-SHA1-2.13/typemap'  SHA1.xs > SHA1.xsc
Building Crypt-PasswdMD5
Manifying 2 pod documents
mv SHA1.xsc SHA1.c
cc -c   -D_REENTRANT -D_GNU_SOURCE -fwrapv -fno-strict-aliasing -pipe -fstack-protector-strong -I/no-such-path/include -D_LARGEFILE_SOURCE -D_FILE_OFFSET_BITS=64 -O2   -DVERSION=\"2.13\" -DXS_VERSION=\"2.13\" -fPIC "-I/nix/store/7c044di03qa7qgr5kjjc2d787aspzp0m-perl-5.32.0/lib/perl5/5.32.0/x86_64-linux-thread-multi/CORE"   SHA1.c
running tests
check flags: SHELL=/nix/store/9fqwwd4iybmhjqyxiaxycknslw6bgwh1-bash-4.4-p23/bin/bash VERBOSE=y test
PERL_DL_NONLAZY=1 "/nix/store/7c044di03qa7qgr5kjjc2d787aspzp0m-perl-5.32.0/bin/perl" "-Iblib/lib" "-Iblib/arch" test.pl
1..13
running tests
ok 1
ok 2 the file is locked exclussivly, so we could not open it to write
ok 3 the file is locked exclussivly, so we could not open it to read
ok 4 the file has a shared lock, so we could not open it to write
ok 5 the file has a shared lock, so we could open it to read
ok 6 the file is locked exclussivly, so we could not open it to write
ok 7 the file is locked exclussivly, so we could not open it to read
ok 8 the file has a shared lock, so we could not open it to write
ok 9 the file has a shared lock, so we could open it to read
ok 10 the file is locked exclussivly, so we could not open it to write
ok 11 the file is locked exclussivly, so we could not open it to read
ok 12 the file has a shared lock, so we could not open it to write
ok 13 the file has a shared lock, so we could open it to read
installing
install flags: SHELL=/nix/store/9fqwwd4iybmhjqyxiaxycknslw6bgwh1-bash-4.4-p23/bin/bash pkgconfigdir=/nix/store/0nvwfgw9ifrcq7pjrsqwpnv56i95sfj3-perl5.32.0-IO-LockedFile-0.23/lib/pkgconfig m4datadir=/nix/store/0nvwfgw9ifrcq7pjrsqwpnv56i95sfj3-perl5.32.0-IO-LockedFile-0.23/share/aclocal aclocaldir=/nix/store/0nvwfgw9ifrcq7pjrsqwpnv56i95sfj3-perl5.32.0-IO-LockedFile-0.23/share/aclocal install
t/basic.t ........ ok
In file included from /nix/store/7c044di03qa7qgr5kjjc2d787aspzp0m-perl-5.32.0/lib/perl5/5.32.0/x86_64-linux-thread-multi/CORE/perl.h:2753,
                 from SHA1.xs:6:
SHA1.xs: In function 'XS_Digest__SHA1_sha1':
/nix/store/7c044di03qa7qgr5kjjc2d787aspzp0m-perl-5.32.0/lib/perl5/5.32.0/x86_64-linux-thread-multi/CORE/handy.h:538:23: warning: null argument where non-null required (argument 1) [-Wnonnull]
  538 | #define strEQ(s1,s2) (strcmp(s1,s2) == 0)
      |                       ^~~~~~
SHA1.xs:576:27: note: in expansion of macro 'strEQ'
  576 |       if (SvOBJECT(sv) && strEQ(HvNAME(SvSTASH(sv)), "Digest::SHA1"))
      |                           ^~~~~
Manifying 2 pod documents
t/random.salt.t .. ok
All tests successful.
Files=2, Tests=17,  0 wallclock secs ( 0.02 usr  0.00 sys +  0.13 cusr  0.03 csys =  0.18 CPU)
Result: PASS
Installing /nix/store/0nvwfgw9ifrcq7pjrsqwpnv56i95sfj3-perl5.32.0-IO-LockedFile-0.23/lib/perl5/site_perl/5.32.0/IO/LockedFile.pm
Installing /nix/store/0nvwfgw9ifrcq7pjrsqwpnv56i95sfj3-perl5.32.0-IO-LockedFile-0.23/lib/perl5/site_perl/5.32.0/IO/LockedFile/Flock.pm
Installing /nix/store/0nvwfgw9ifrcq7pjrsqwpnv56i95sfj3-perl5.32.0-IO-LockedFile-0.23/share/man/man3/IO::LockedFile.3
Installing /nix/store/0nvwfgw9ifrcq7pjrsqwpnv56i95sfj3-perl5.32.0-IO-LockedFile-0.23/share/man/man3/IO::LockedFile::Flock.3
installing
Appending installation info to /nix/store/0nvwfgw9ifrcq7pjrsqwpnv56i95sfj3-perl5.32.0-IO-LockedFile-0.23/lib/perl5/5.32.0/x86_64-linux-thread-multi/perllocal.pod
post-installation fixup
Moving /nix/store/0nvwfgw9ifrcq7pjrsqwpnv56i95sfj3-perl5.32.0-IO-LockedFile-0.23/share/man/man3 to /nix/store/2z5gddzhldymnpavdzl3mk9xffiwf1l4-perl5.32.0-IO-LockedFile-0.23-devdoc/share/man/man3
Removing empty /nix/store/0nvwfgw9ifrcq7pjrsqwpnv56i95sfj3-perl5.32.0-IO-LockedFile-0.23/share/man/ and (possibly) its parents
shrinking RPATHs of ELF executables and libraries in /nix/store/0nvwfgw9ifrcq7pjrsqwpnv56i95sfj3-perl5.32.0-IO-LockedFile-0.23
strip is /nix/store/psyzbhp4p088sb9qcs378hfbslcalasl-binutils-2.31.1/bin/strip
stripping (with command strip and flags -S) in /nix/store/0nvwfgw9ifrcq7pjrsqwpnv56i95sfj3-perl5.32.0-IO-LockedFile-0.23/lib
patching script interpreter paths in /nix/store/0nvwfgw9ifrcq7pjrsqwpnv56i95sfj3-perl5.32.0-IO-LockedFile-0.23
checking for references to /build/ in /nix/store/0nvwfgw9ifrcq7pjrsqwpnv56i95sfj3-perl5.32.0-IO-LockedFile-0.23...
shrinking RPATHs of ELF executables and libraries in /nix/store/2z5gddzhldymnpavdzl3mk9xffiwf1l4-perl5.32.0-IO-LockedFile-0.23-devdoc
gzipping man pages under /nix/store/2z5gddzhldymnpavdzl3mk9xffiwf1l4-perl5.32.0-IO-LockedFile-0.23-devdoc/share/man/
strip is /nix/store/psyzbhp4p088sb9qcs378hfbslcalasl-binutils-2.31.1/bin/strip
patching script interpreter paths in /nix/store/2z5gddzhldymnpavdzl3mk9xffiwf1l4-perl5.32.0-IO-LockedFile-0.23-devdoc
checking for references to /build/ in /nix/store/2z5gddzhldymnpavdzl3mk9xffiwf1l4-perl5.32.0-IO-LockedFile-0.23-devdoc...
Building Crypt-PasswdMD5
Installing /nix/store/p1k1dab5pmh5sx9wfccxx3rwk2v5cws6-perl5.32.0-Crypt-PasswdMD5-1.40/lib/perl5/site_perl/5.32.0/Crypt/PasswdMD5.pm
Installing /nix/store/p1k1dab5pmh5sx9wfccxx3rwk2v5cws6-perl5.32.0-Crypt-PasswdMD5-1.40/share/man/man3/Crypt::PasswdMD5.3
post-installation fixup
Moving /nix/store/p1k1dab5pmh5sx9wfccxx3rwk2v5cws6-perl5.32.0-Crypt-PasswdMD5-1.40/share/man/man3 to /nix/store/l7xgybs74w33780bkdq9j5f4v393w7bp-perl5.32.0-Crypt-PasswdMD5-1.40-devdoc/share/man/man3
Removing empty /nix/store/p1k1dab5pmh5sx9wfccxx3rwk2v5cws6-perl5.32.0-Crypt-PasswdMD5-1.40/share/man/ and (possibly) its parents
shrinking RPATHs of ELF executables and libraries in /nix/store/p1k1dab5pmh5sx9wfccxx3rwk2v5cws6-perl5.32.0-Crypt-PasswdMD5-1.40
strip is /nix/store/psyzbhp4p088sb9qcs378hfbslcalasl-binutils-2.31.1/bin/strip
stripping (with command strip and flags -S) in /nix/store/p1k1dab5pmh5sx9wfccxx3rwk2v5cws6-perl5.32.0-Crypt-PasswdMD5-1.40/lib
patching script interpreter paths in /nix/store/p1k1dab5pmh5sx9wfccxx3rwk2v5cws6-perl5.32.0-Crypt-PasswdMD5-1.40
checking for references to /build/ in /nix/store/p1k1dab5pmh5sx9wfccxx3rwk2v5cws6-perl5.32.0-Crypt-PasswdMD5-1.40...
shrinking RPATHs of ELF executables and libraries in /nix/store/l7xgybs74w33780bkdq9j5f4v393w7bp-perl5.32.0-Crypt-PasswdMD5-1.40-devdoc
gzipping man pages under /nix/store/l7xgybs74w33780bkdq9j5f4v393w7bp-perl5.32.0-Crypt-PasswdMD5-1.40-devdoc/share/man/
strip is /nix/store/psyzbhp4p088sb9qcs378hfbslcalasl-binutils-2.31.1/bin/strip
patching script interpreter paths in /nix/store/l7xgybs74w33780bkdq9j5f4v393w7bp-perl5.32.0-Crypt-PasswdMD5-1.40-devdoc
checking for references to /build/ in /nix/store/l7xgybs74w33780bkdq9j5f4v393w7bp-perl5.32.0-Crypt-PasswdMD5-1.40-devdoc...
rm -f blib/arch/auto/Digest/SHA1/SHA1.so
cc  -shared -O2 -L/nix/store/68pw3wxwkrx0rwzjifm7g1jxy5g2sg1p-glibc-2.31/lib -fstack-protector-strong  SHA1.o  -o blib/arch/auto/Digest/SHA1/SHA1.so  \
      \

chmod 755 blib/arch/auto/Digest/SHA1/SHA1.so
Manifying 1 pod document
running tests
check flags: SHELL=/nix/store/9fqwwd4iybmhjqyxiaxycknslw6bgwh1-bash-4.4-p23/bin/bash VERBOSE=y test
"/nix/store/7c044di03qa7qgr5kjjc2d787aspzp0m-perl-5.32.0/bin/perl" -MExtUtils::Command::MM -e 'cp_nonempty' -- SHA1.bs blib/arch/auto/Digest/SHA1/SHA1.bs 644
PERL_DL_NONLAZY=1 "/nix/store/7c044di03qa7qgr5kjjc2d787aspzp0m-perl-5.32.0/bin/perl" "-MExtUtils::Command::MM" "-MTest::Harness" "-e" "undef *Test::Harness::Switches; test_harness(0, 'blib/lib', 'blib/arch')" t/*.t
t/badfile.t .. ok
t/bits.t ..... ok
t/sha1.t ..... ok
All tests successful.
Files=3, Tests=17,  0 wallclock secs ( 0.02 usr  0.01 sys +  0.02 cusr  0.00 csys =  0.05 CPU)
Result: PASS
installing
install flags: SHELL=/nix/store/9fqwwd4iybmhjqyxiaxycknslw6bgwh1-bash-4.4-p23/bin/bash pkgconfigdir=/nix/store/2h23q1lkawcfvg49kfn16acbqi39nqb6-perl5.32.0-Digest-SHA1-2.13/lib/pkgconfig m4datadir=/nix/store/2h23q1lkawcfvg49kfn16acbqi39nqb6-perl5.32.0-Digest-SHA1-2.13/share/aclocal aclocaldir=/nix/store/2h23q1lkawcfvg49kfn16acbqi39nqb6-perl5.32.0-Digest-SHA1-2.13/share/aclocal install
"/nix/store/7c044di03qa7qgr5kjjc2d787aspzp0m-perl-5.32.0/bin/perl" -MExtUtils::Command::MM -e 'cp_nonempty' -- SHA1.bs blib/arch/auto/Digest/SHA1/SHA1.bs 644
Manifying 1 pod document
Files found in blib/arch: installing files in blib/lib into architecture dependent library tree
Installing /nix/store/2h23q1lkawcfvg49kfn16acbqi39nqb6-perl5.32.0-Digest-SHA1-2.13/lib/perl5/site_perl/5.32.0/x86_64-linux-thread-multi/auto/Digest/SHA1/SHA1.so
Installing /nix/store/2h23q1lkawcfvg49kfn16acbqi39nqb6-perl5.32.0-Digest-SHA1-2.13/lib/perl5/site_perl/5.32.0/x86_64-linux-thread-multi/Digest/SHA1.pm
Installing /nix/store/2h23q1lkawcfvg49kfn16acbqi39nqb6-perl5.32.0-Digest-SHA1-2.13/share/man/man3/Digest::SHA1.3
Appending installation info to /nix/store/2h23q1lkawcfvg49kfn16acbqi39nqb6-perl5.32.0-Digest-SHA1-2.13/lib/perl5/5.32.0/x86_64-linux-thread-multi/perllocal.pod
post-installation fixup
Moving /nix/store/2h23q1lkawcfvg49kfn16acbqi39nqb6-perl5.32.0-Digest-SHA1-2.13/share/man/man3 to /nix/store/nd81bmawdllc3pkg63k9w0sn5ikz2n1p-perl5.32.0-Digest-SHA1-2.13-devdoc/share/man/man3
Removing empty /nix/store/2h23q1lkawcfvg49kfn16acbqi39nqb6-perl5.32.0-Digest-SHA1-2.13/share/man/ and (possibly) its parents
shrinking RPATHs of ELF executables and libraries in /nix/store/2h23q1lkawcfvg49kfn16acbqi39nqb6-perl5.32.0-Digest-SHA1-2.13
shrinking /nix/store/2h23q1lkawcfvg49kfn16acbqi39nqb6-perl5.32.0-Digest-SHA1-2.13/lib/perl5/site_perl/5.32.0/x86_64-linux-thread-multi/auto/Digest/SHA1/SHA1.so
strip is /nix/store/psyzbhp4p088sb9qcs378hfbslcalasl-binutils-2.31.1/bin/strip
stripping (with command strip and flags -S) in /nix/store/2h23q1lkawcfvg49kfn16acbqi39nqb6-perl5.32.0-Digest-SHA1-2.13/lib
patching script interpreter paths in /nix/store/2h23q1lkawcfvg49kfn16acbqi39nqb6-perl5.32.0-Digest-SHA1-2.13
checking for references to /build/ in /nix/store/2h23q1lkawcfvg49kfn16acbqi39nqb6-perl5.32.0-Digest-SHA1-2.13...
shrinking RPATHs of ELF executables and libraries in /nix/store/nd81bmawdllc3pkg63k9w0sn5ikz2n1p-perl5.32.0-Digest-SHA1-2.13-devdoc
gzipping man pages under /nix/store/nd81bmawdllc3pkg63k9w0sn5ikz2n1p-perl5.32.0-Digest-SHA1-2.13-devdoc/share/man/
strip is /nix/store/psyzbhp4p088sb9qcs378hfbslcalasl-binutils-2.31.1/bin/strip
patching script interpreter paths in /nix/store/nd81bmawdllc3pkg63k9w0sn5ikz2n1p-perl5.32.0-Digest-SHA1-2.13-devdoc
checking for references to /build/ in /nix/store/nd81bmawdllc3pkg63k9w0sn5ikz2n1p-perl5.32.0-Digest-SHA1-2.13-devdoc...
building '/nix/store/1m1ybcwflr5585fzz27swyqk0mi20p51-perl5.32.0-Authen-Htpasswd-0.171.drv'...
unpacking sources
unpacking source archive /nix/store/cal9f3rzhl8m6p0ik2awbya8xb0hh28s-Authen-Htpasswd-0.171.tar.gz
source root is Authen-Htpasswd-0.171
setting SOURCE_DATE_EPOCH to timestamp 1312891769 of file Authen-Htpasswd-0.171/META.yml
patching sources
configuring
patching ./t/02pod.t...
patching ./t/03podcoverage.t...
patching ./t/05edit.t...
patching ./t/01use.t...
patching ./t/04core.t...
Checking if your kit is complete...
Looks good
Generating a Unix-style Makefile
Writing Makefile for Authen::Htpasswd
Writing MYMETA.yml and MYMETA.json
no configure script, doing nothing
building
build flags: SHELL=/nix/store/9fqwwd4iybmhjqyxiaxycknslw6bgwh1-bash-4.4-p23/bin/bash
cp lib/Authen/Htpasswd/User.pm blib/lib/Authen/Htpasswd/User.pm
cp lib/Authen/Htpasswd/Util.pm blib/lib/Authen/Htpasswd/Util.pm
cp lib/Authen/Htpasswd.pm blib/lib/Authen/Htpasswd.pm
Manifying 3 pod documents
running tests
check flags: SHELL=/nix/store/9fqwwd4iybmhjqyxiaxycknslw6bgwh1-bash-4.4-p23/bin/bash VERBOSE=y test
PERL_DL_NONLAZY=1 "/nix/store/7c044di03qa7qgr5kjjc2d787aspzp0m-perl-5.32.0/bin/perl" "-MExtUtils::Command::MM" "-MTest::Harness" "-e" "undef *Test::Harness::Switches; test_harness(0, 'blib/lib', 'blib/arch')" t/*.t
t/01use.t .......... ok
t/02pod.t .......... skipped: Test::Pod 1.14 required
t/03podcoverage.t .. skipped: Test::Pod::Coverage 1.04 required
t/04core.t ......... 1/13 Use of uninitialized value in string eq at /build/Authen-Htpasswd-0.171/blib/lib/Authen/Htpasswd/User.pm line 86.
Use of uninitialized value in string eq at /build/Authen-Htpasswd-0.171/blib/lib/Authen/Htpasswd/User.pm line 86.
t/04core.t ......... ok
t/05edit.t ......... ok
All tests successful.
Files=5, Tests=42,  1 wallclock secs ( 0.04 usr  0.00 sys +  0.36 cusr  0.15 csys =  0.55 CPU)
Result: PASS
installing
install flags: SHELL=/nix/store/9fqwwd4iybmhjqyxiaxycknslw6bgwh1-bash-4.4-p23/bin/bash pkgconfigdir=/nix/store/s7d990x4q3g240bnwd5khxqgspsyvyv4-perl5.32.0-Authen-Htpasswd-0.171/lib/pkgconfig m4datadir=/nix/store/s7d990x4q3g240bnwd5khxqgspsyvyv4-perl5.32.0-Authen-Htpasswd-0.171/share/aclocal aclocaldir=/nix/store/s7d990x4q3g240bnwd5khxqgspsyvyv4-perl5.32.0-Authen-Htpasswd-0.171/share/aclocal install
Manifying 3 pod documents
Installing /nix/store/s7d990x4q3g240bnwd5khxqgspsyvyv4-perl5.32.0-Authen-Htpasswd-0.171/lib/perl5/site_perl/5.32.0/Authen/Htpasswd.pm
Installing /nix/store/s7d990x4q3g240bnwd5khxqgspsyvyv4-perl5.32.0-Authen-Htpasswd-0.171/lib/perl5/site_perl/5.32.0/Authen/Htpasswd/Util.pm
Installing /nix/store/s7d990x4q3g240bnwd5khxqgspsyvyv4-perl5.32.0-Authen-Htpasswd-0.171/lib/perl5/site_perl/5.32.0/Authen/Htpasswd/User.pm
Installing /nix/store/s7d990x4q3g240bnwd5khxqgspsyvyv4-perl5.32.0-Authen-Htpasswd-0.171/share/man/man3/Authen::Htpasswd.3
Installing /nix/store/s7d990x4q3g240bnwd5khxqgspsyvyv4-perl5.32.0-Authen-Htpasswd-0.171/share/man/man3/Authen::Htpasswd::User.3
Installing /nix/store/s7d990x4q3g240bnwd5khxqgspsyvyv4-perl5.32.0-Authen-Htpasswd-0.171/share/man/man3/Authen::Htpasswd::Util.3
Appending installation info to /nix/store/s7d990x4q3g240bnwd5khxqgspsyvyv4-perl5.32.0-Authen-Htpasswd-0.171/lib/perl5/5.32.0/x86_64-linux-thread-multi/perllocal.pod
post-installation fixup
Moving /nix/store/s7d990x4q3g240bnwd5khxqgspsyvyv4-perl5.32.0-Authen-Htpasswd-0.171/share/man/man3 to /nix/store/zx90k9vxcybjn5x0ffhhc5ck92glmirz-perl5.32.0-Authen-Htpasswd-0.171-devdoc/share/man/man3
Removing empty /nix/store/s7d990x4q3g240bnwd5khxqgspsyvyv4-perl5.32.0-Authen-Htpasswd-0.171/share/man/ and (possibly) its parents
shrinking RPATHs of ELF executables and libraries in /nix/store/s7d990x4q3g240bnwd5khxqgspsyvyv4-perl5.32.0-Authen-Htpasswd-0.171
strip is /nix/store/psyzbhp4p088sb9qcs378hfbslcalasl-binutils-2.31.1/bin/strip
stripping (with command strip and flags -S) in /nix/store/s7d990x4q3g240bnwd5khxqgspsyvyv4-perl5.32.0-Authen-Htpasswd-0.171/lib
patching script interpreter paths in /nix/store/s7d990x4q3g240bnwd5khxqgspsyvyv4-perl5.32.0-Authen-Htpasswd-0.171
checking for references to /build/ in /nix/store/s7d990x4q3g240bnwd5khxqgspsyvyv4-perl5.32.0-Authen-Htpasswd-0.171...
shrinking RPATHs of ELF executables and libraries in /nix/store/zx90k9vxcybjn5x0ffhhc5ck92glmirz-perl5.32.0-Authen-Htpasswd-0.171-devdoc
gzipping man pages under /nix/store/zx90k9vxcybjn5x0ffhhc5ck92glmirz-perl5.32.0-Authen-Htpasswd-0.171-devdoc/share/man/
strip is /nix/store/psyzbhp4p088sb9qcs378hfbslcalasl-binutils-2.31.1/bin/strip
patching script interpreter paths in /nix/store/zx90k9vxcybjn5x0ffhhc5ck92glmirz-perl5.32.0-Authen-Htpasswd-0.171-devdoc
checking for references to /build/ in /nix/store/zx90k9vxcybjn5x0ffhhc5ck92glmirz-perl5.32.0-Authen-Htpasswd-0.171-devdoc...
/nix/store/s7d990x4q3g240bnwd5khxqgspsyvyv4-perl5.32.0-Authen-Htpasswd-0.171
