these derivations will be built:
  /nix/store/klq3rqp6n0sg3v1wd61kk8y5mxnhj4l4-perl5.32.0-autobox-3.0.1.drv
these paths will be fetched (0.08 MiB download, 0.08 MiB unpacked):
  /nix/store/w1v2ja2kqj0zb6hypckjvc9dkxndxn89-autobox-v3.0.1.tar.gz
copying path '/nix/store/w1v2ja2kqj0zb6hypckjvc9dkxndxn89-autobox-v3.0.1.tar.gz' from 'https://cache.nixos.org'...
building '/nix/store/klq3rqp6n0sg3v1wd61kk8y5mxnhj4l4-perl5.32.0-autobox-3.0.1.drv'...
unpacking sources
unpacking source archive /nix/store/w1v2ja2kqj0zb6hypckjvc9dkxndxn89-autobox-v3.0.1.tar.gz
source root is autobox-v3.0.1
setting SOURCE_DATE_EPOCH to timestamp 1525550676 of file autobox-v3.0.1/META.json
patching sources
configuring
patching ./t/default.t...
patching ./t/rt_71777.t...
patching ./t/universal_type.t...
patching ./t/import_hashref.t...
patching ./t/rt_55652.t...
patching ./t/merge.t...
patching ./t/rt_46814.t...
patching ./t/name.t...
patching ./t/debugger.t...
patching ./t/debugger.pl...
patching ./t/version.t...
patching ./t/export.t...
patching ./t/autoload.t...
patching ./t/type.t...
patching ./t/autoref.t...
patching ./t/unmerge.t...
patching ./t/scalar.t...
patching ./t/can.t...
patching ./t/rt_80400.t...
patching ./t/hints.t...
patching ./t/isa.t...
patching ./t/coderef.t...
Checking if your kit is complete...
Looks good
Generating a Unix-style Makefile
Writing Makefile for autobox
Writing MYMETA.yml and MYMETA.json
no configure script, doing nothing
building
build flags: SHELL=/nix/store/9fqwwd4iybmhjqyxiaxycknslw6bgwh1-bash-4.4-p23/bin/bash
cp lib/autobox.pm blib/lib/autobox.pm
cp lib/autobox.pod blib/lib/autobox.pod
cp lib/autobox/universal.pm blib/lib/autobox/universal.pm
Running Mkbootstrap for autobox ()
chmod 644 "autobox.bs"
"/nix/store/7c044di03qa7qgr5kjjc2d787aspzp0m-perl-5.32.0/bin/perl" -MExtUtils::Command::MM -e 'cp_nonempty' -- autobox.bs blib/arch/auto/autobox/autobox.bs 644
"/nix/store/7c044di03qa7qgr5kjjc2d787aspzp0m-perl-5.32.0/bin/perl" "/nix/store/7c044di03qa7qgr5kjjc2d787aspzp0m-perl-5.32.0/lib/perl5/5.32.0/ExtUtils/xsubpp"  -typemap '/nix/store/7c044di03qa7qgr5kjjc2d787aspzp0m-perl-5.32.0/lib/perl5/5.32.0/ExtUtils/typemap'  autobox.xs > autobox.xsc
mv autobox.xsc autobox.c
cc -c  -I. -D_REENTRANT -D_GNU_SOURCE -fwrapv -fno-strict-aliasing -pipe -fstack-protector-strong -I/no-such-path/include -D_LARGEFILE_SOURCE -D_FILE_OFFSET_BITS=64 -O3 -Wall   -DVERSION=\"v3.0.1\" -DXS_VERSION=\"v3.0.1\" -fPIC "-I/nix/store/7c044di03qa7qgr5kjjc2d787aspzp0m-perl-5.32.0/lib/perl5/5.32.0/x86_64-linux-thread-multi/CORE"   autobox.c
rm -f blib/arch/auto/autobox/autobox.so
cc  -shared -O2 -L/nix/store/68pw3wxwkrx0rwzjifm7g1jxy5g2sg1p-glibc-2.31/lib -fstack-protector-strong  autobox.o  -o blib/arch/auto/autobox/autobox.so  \
      \

chmod 755 blib/arch/auto/autobox/autobox.so
Manifying 1 pod document
running tests
check flags: SHELL=/nix/store/9fqwwd4iybmhjqyxiaxycknslw6bgwh1-bash-4.4-p23/bin/bash VERBOSE=y test
"/nix/store/7c044di03qa7qgr5kjjc2d787aspzp0m-perl-5.32.0/bin/perl" -MExtUtils::Command::MM -e 'cp_nonempty' -- autobox.bs blib/arch/auto/autobox/autobox.bs 644
PERL_DL_NONLAZY=1 "/nix/store/7c044di03qa7qgr5kjjc2d787aspzp0m-perl-5.32.0/bin/perl" "-MExtUtils::Command::MM" "-MTest::Harness" "-e" "undef *Test::Harness::Switches; test_harness(0, 'blib/lib', 'blib/arch')" t/*.t
t/all.t ............. ok
t/autoload.t ........ ok
t/autoref.t ......... ok
t/can.t ............. ok
t/coderef.t ......... ok
t/debugger.t ........ ok
t/default.t ......... ok
t/export.t .......... ok
t/hints.t ........... ok
t/import_hashref.t .. ok
t/isa.t ............. ok
t/merge.t ........... ok
t/name.t ............ ok
t/rt_46814.t ........ ok
t/rt_55652.t ........ ok
t/rt_71777.t ........ ok
t/rt_80400.t ........ ok
t/scalar.t .......... ok
t/type.t ............ ok
t/universal_type.t .. ok
t/unmerge.t ......... ok
t/version.t ......... ok
All tests successful.
Files=22, Tests=669,  2 wallclock secs ( 0.10 usr  0.03 sys +  1.52 cusr  0.58 csys =  2.23 CPU)
Result: PASS
installing
install flags: SHELL=/nix/store/9fqwwd4iybmhjqyxiaxycknslw6bgwh1-bash-4.4-p23/bin/bash pkgconfigdir=/nix/store/myxq2bc5702zgjdvmsq0alnxr9kszhnd-perl5.32.0-autobox-3.0.1/lib/pkgconfig m4datadir=/nix/store/myxq2bc5702zgjdvmsq0alnxr9kszhnd-perl5.32.0-autobox-3.0.1/share/aclocal aclocaldir=/nix/store/myxq2bc5702zgjdvmsq0alnxr9kszhnd-perl5.32.0-autobox-3.0.1/share/aclocal install
"/nix/store/7c044di03qa7qgr5kjjc2d787aspzp0m-perl-5.32.0/bin/perl" -MExtUtils::Command::MM -e 'cp_nonempty' -- autobox.bs blib/arch/auto/autobox/autobox.bs 644
Manifying 1 pod document
Files found in blib/arch: installing files in blib/lib into architecture dependent library tree
Installing /nix/store/myxq2bc5702zgjdvmsq0alnxr9kszhnd-perl5.32.0-autobox-3.0.1/lib/perl5/site_perl/5.32.0/x86_64-linux-thread-multi/auto/autobox/autobox.so
Installing /nix/store/myxq2bc5702zgjdvmsq0alnxr9kszhnd-perl5.32.0-autobox-3.0.1/lib/perl5/site_perl/5.32.0/x86_64-linux-thread-multi/autobox.pod
Installing /nix/store/myxq2bc5702zgjdvmsq0alnxr9kszhnd-perl5.32.0-autobox-3.0.1/lib/perl5/site_perl/5.32.0/x86_64-linux-thread-multi/autobox.pm
Installing /nix/store/myxq2bc5702zgjdvmsq0alnxr9kszhnd-perl5.32.0-autobox-3.0.1/lib/perl5/site_perl/5.32.0/x86_64-linux-thread-multi/autobox/universal.pm
Installing /nix/store/myxq2bc5702zgjdvmsq0alnxr9kszhnd-perl5.32.0-autobox-3.0.1/share/man/man3/autobox.3
Appending installation info to /nix/store/myxq2bc5702zgjdvmsq0alnxr9kszhnd-perl5.32.0-autobox-3.0.1/lib/perl5/5.32.0/x86_64-linux-thread-multi/perllocal.pod
post-installation fixup
Moving /nix/store/myxq2bc5702zgjdvmsq0alnxr9kszhnd-perl5.32.0-autobox-3.0.1/share/man/man3 to /nix/store/2xlk54wx88mx3f0j88p8cvb6c9h2hyr9-perl5.32.0-autobox-3.0.1-devdoc/share/man/man3
Removing empty /nix/store/myxq2bc5702zgjdvmsq0alnxr9kszhnd-perl5.32.0-autobox-3.0.1/share/man/ and (possibly) its parents
shrinking RPATHs of ELF executables and libraries in /nix/store/myxq2bc5702zgjdvmsq0alnxr9kszhnd-perl5.32.0-autobox-3.0.1
shrinking /nix/store/myxq2bc5702zgjdvmsq0alnxr9kszhnd-perl5.32.0-autobox-3.0.1/lib/perl5/site_perl/5.32.0/x86_64-linux-thread-multi/auto/autobox/autobox.so
strip is /nix/store/psyzbhp4p088sb9qcs378hfbslcalasl-binutils-2.31.1/bin/strip
stripping (with command strip and flags -S) in /nix/store/myxq2bc5702zgjdvmsq0alnxr9kszhnd-perl5.32.0-autobox-3.0.1/lib
patching script interpreter paths in /nix/store/myxq2bc5702zgjdvmsq0alnxr9kszhnd-perl5.32.0-autobox-3.0.1
checking for references to /build/ in /nix/store/myxq2bc5702zgjdvmsq0alnxr9kszhnd-perl5.32.0-autobox-3.0.1...
shrinking RPATHs of ELF executables and libraries in /nix/store/2xlk54wx88mx3f0j88p8cvb6c9h2hyr9-perl5.32.0-autobox-3.0.1-devdoc
gzipping man pages under /nix/store/2xlk54wx88mx3f0j88p8cvb6c9h2hyr9-perl5.32.0-autobox-3.0.1-devdoc/share/man/
strip is /nix/store/psyzbhp4p088sb9qcs378hfbslcalasl-binutils-2.31.1/bin/strip
patching script interpreter paths in /nix/store/2xlk54wx88mx3f0j88p8cvb6c9h2hyr9-perl5.32.0-autobox-3.0.1-devdoc
checking for references to /build/ in /nix/store/2xlk54wx88mx3f0j88p8cvb6c9h2hyr9-perl5.32.0-autobox-3.0.1-devdoc...
/nix/store/myxq2bc5702zgjdvmsq0alnxr9kszhnd-perl5.32.0-autobox-3.0.1
