these derivations will be built:
  /nix/store/4xkl266ihv63xjlddmjffm561zns5l4p-perl5.32.0-Carp-Clan-6.08.drv
  /nix/store/28l24ljm3pfkmvwhvklrlmr91423zpqj-perl5.32.0-Bit-Vector-7.4.drv
building '/nix/store/4xkl266ihv63xjlddmjffm561zns5l4p-perl5.32.0-Carp-Clan-6.08.drv'...
unpacking sources
unpacking source archive /nix/store/3bh76h31rpr7d7h1dqwpkan58h04c1hq-Carp-Clan-6.08.tar.gz
source root is Carp-Clan-6.08
setting SOURCE_DATE_EPOCH to timestamp 1568480988 of file Carp-Clan-6.08/xt/release/distmeta.t
patching sources
configuring
patching ./xt/release/distmeta.t...
patching ./xt/author/mojibake.t...
patching ./xt/author/pod-syntax.t...
patching ./xt/author/pod-no404s.t...
patching ./t/00-report-prereqs.t...
Checking if your kit is complete...
Looks good
Generating a Unix-style Makefile
Writing Makefile for Carp::Clan
Writing MYMETA.yml and MYMETA.json
no configure script, doing nothing
building
build flags: SHELL=/nix/store/9fqwwd4iybmhjqyxiaxycknslw6bgwh1-bash-4.4-p23/bin/bash
cp lib/Carp/Clan.pm blib/lib/Carp/Clan.pm
Manifying 1 pod document
running tests
check flags: SHELL=/nix/store/9fqwwd4iybmhjqyxiaxycknslw6bgwh1-bash-4.4-p23/bin/bash VERBOSE=y test
PERL_DL_NONLAZY=1 "/nix/store/7c044di03qa7qgr5kjjc2d787aspzp0m-perl-5.32.0/bin/perl" "-MExtUtils::Command::MM" "-MTest::Harness" "-e" "undef *Test::Harness::Switches; test_harness(0, 'blib/lib', 'blib/arch')" t/*.t
t/00-report-prereqs.t .. #
# Versions for all modules listed in MYMETA.json (including optional ones):
#
# === Configure Requires ===
#
#     Module              Want Have
#     ------------------- ---- ----
#     ExtUtils::MakeMaker  any 7.44
#
# === Build Requires ===
#
#     Module              Want Have
#     ------------------- ---- ----
#     ExtUtils::MakeMaker  any 7.44
#
# === Test Requires ===
#
#     Module              Want     Have
#     ------------------- ---- --------
#     ExtUtils::MakeMaker  any     7.44
#     File::Spec           any     3.78
#     Test::More           any 1.302175
#     warnings             any     1.47
#
# === Test Recommends ===
#
#     Module         Want     Have
#     ---------- -------- --------
#     CPAN::Meta 2.120900 2.150010
#
# === Runtime Requires ===
#
#     Module   Want Have
#     -------- ---- ----
#     overload  any 1.31
#     strict    any 1.11
#
# === Other Modules ===
#
#     Module             Have
#     --------------- -------
#     Encode             3.06
#     File::Temp       0.2309
#     JSON::PP           4.04
#     Module::Runtime missing
#     Sub::Name       missing
#     YAML            missing
#     autodie            2.32
#
t/00-report-prereqs.t .. ok
t/10basic.t ............ ok
t/11basic.t ............ ok
t/21pre560.t ........... ok
All tests successful.
Files=4, Tests=116,  0 wallclock secs ( 0.02 usr  0.00 sys +  0.25 cusr  0.03 csys =  0.30 CPU)
Result: PASS
installing
install flags: SHELL=/nix/store/9fqwwd4iybmhjqyxiaxycknslw6bgwh1-bash-4.4-p23/bin/bash pkgconfigdir=/nix/store/gqbisi08nyipgd99qj9pzgjc57md1cr7-perl5.32.0-Carp-Clan-6.08/lib/pkgconfig m4datadir=/nix/store/gqbisi08nyipgd99qj9pzgjc57md1cr7-perl5.32.0-Carp-Clan-6.08/share/aclocal aclocaldir=/nix/store/gqbisi08nyipgd99qj9pzgjc57md1cr7-perl5.32.0-Carp-Clan-6.08/share/aclocal install
Manifying 1 pod document
Installing /nix/store/gqbisi08nyipgd99qj9pzgjc57md1cr7-perl5.32.0-Carp-Clan-6.08/lib/perl5/site_perl/5.32.0/Carp/Clan.pm
Installing /nix/store/gqbisi08nyipgd99qj9pzgjc57md1cr7-perl5.32.0-Carp-Clan-6.08/share/man/man3/Carp::Clan.3
Appending installation info to /nix/store/gqbisi08nyipgd99qj9pzgjc57md1cr7-perl5.32.0-Carp-Clan-6.08/lib/perl5/5.32.0/x86_64-linux-thread-multi/perllocal.pod
post-installation fixup
Moving /nix/store/gqbisi08nyipgd99qj9pzgjc57md1cr7-perl5.32.0-Carp-Clan-6.08/share/man/man3 to /nix/store/v2cmrf899w8cm7v88wpasbv9z2c71xl5-perl5.32.0-Carp-Clan-6.08-devdoc/share/man/man3
Removing empty /nix/store/gqbisi08nyipgd99qj9pzgjc57md1cr7-perl5.32.0-Carp-Clan-6.08/share/man/ and (possibly) its parents
shrinking RPATHs of ELF executables and libraries in /nix/store/gqbisi08nyipgd99qj9pzgjc57md1cr7-perl5.32.0-Carp-Clan-6.08
strip is /nix/store/psyzbhp4p088sb9qcs378hfbslcalasl-binutils-2.31.1/bin/strip
stripping (with command strip and flags -S) in /nix/store/gqbisi08nyipgd99qj9pzgjc57md1cr7-perl5.32.0-Carp-Clan-6.08/lib
patching script interpreter paths in /nix/store/gqbisi08nyipgd99qj9pzgjc57md1cr7-perl5.32.0-Carp-Clan-6.08
checking for references to /build/ in /nix/store/gqbisi08nyipgd99qj9pzgjc57md1cr7-perl5.32.0-Carp-Clan-6.08...
shrinking RPATHs of ELF executables and libraries in /nix/store/v2cmrf899w8cm7v88wpasbv9z2c71xl5-perl5.32.0-Carp-Clan-6.08-devdoc
gzipping man pages under /nix/store/v2cmrf899w8cm7v88wpasbv9z2c71xl5-perl5.32.0-Carp-Clan-6.08-devdoc/share/man/
strip is /nix/store/psyzbhp4p088sb9qcs378hfbslcalasl-binutils-2.31.1/bin/strip
patching script interpreter paths in /nix/store/v2cmrf899w8cm7v88wpasbv9z2c71xl5-perl5.32.0-Carp-Clan-6.08-devdoc
checking for references to /build/ in /nix/store/v2cmrf899w8cm7v88wpasbv9z2c71xl5-perl5.32.0-Carp-Clan-6.08-devdoc...
building '/nix/store/28l24ljm3pfkmvwhvklrlmr91423zpqj-perl5.32.0-Bit-Vector-7.4.drv'...
unpacking sources
unpacking source archive /nix/store/hkd6a6db2187mwyil7s6rwygg2hpxv08-Bit-Vector-7.4.tar.gz
source root is Bit-Vector-7.4
setting SOURCE_DATE_EPOCH to timestamp 1378219553 of file Bit-Vector-7.4/META.yml
patching sources
configuring
patching ./examples/SetObject.pl...
patching ./examples/benchmk1.pl...
patching ./examples/benchmk2.pl...
patching ./examples/primes.pl...
patching ./examples/benchmk3.pl...
patching ./t/09__parameters.t...
patching ./t/01_________new.t...
patching ./t/50_freeze_thaw.t...
patching ./t/51_file_nstore.t...
patching ./t/12______string.t...
patching ./t/05______primes.t...
patching ./t/02_____destroy.t...
patching ./t/28___chunklist.t...
patching ./t/13___increment.t...
patching ./t/06______subset.t...
patching ./t/11_______shift.t...
patching ./t/17_________gcd.t...
patching ./t/00_____version.t...
patching ./t/14_______empty.t...
patching ./t/40___auxiliary.t...
patching ./t/30__overloaded.t...
patching ./t/07_____compare.t...
patching ./t/04___functions.t...
patching ./t/15_________add.t...
patching ./t/03__operations.t...
patching ./t/10___intervals.t...
patching ./t/08______resize.t...
patching ./t/16____subtract.t...
patching ./Makefile.PL...
Checking if your kit is complete...
Looks good
Generating a Unix-style Makefile
Writing Makefile for Bit::Vector
Writing MYMETA.yml and MYMETA.json
Writing patchlevel.h for perl (5.032000)
no configure script, doing nothing
building
build flags: SHELL=/nix/store/9fqwwd4iybmhjqyxiaxycknslw6bgwh1-bash-4.4-p23/bin/bash
cp lib/Bit/Vector/String.pod blib/lib/Bit/Vector/String.pod
cp lib/Bit/Vector/String.pm blib/lib/Bit/Vector/String.pm
cp lib/Bit/Vector/Overload.pod blib/lib/Bit/Vector/Overload.pod
cp Vector.pm blib/lib/Bit/Vector.pm
cp Vector.pod blib/lib/Bit/Vector.pod
cp lib/Bit/Vector/Overload.pm blib/lib/Bit/Vector/Overload.pm
Running Mkbootstrap for Vector ()
chmod 644 "Vector.bs"
"/nix/store/7c044di03qa7qgr5kjjc2d787aspzp0m-perl-5.32.0/bin/perl" -MExtUtils::Command::MM -e 'cp_nonempty' -- Vector.bs blib/arch/auto/Bit/Vector/Vector.bs 644
cc -c   -D_REENTRANT -D_GNU_SOURCE -fwrapv -fno-strict-aliasing -pipe -fstack-protector-strong -I/no-such-path/include -D_LARGEFILE_SOURCE -D_FILE_OFFSET_BITS=64 -O2   -DVERSION=\"7.4\" -DXS_VERSION=\"7.4\" -fPIC "-I/nix/store/7c044di03qa7qgr5kjjc2d787aspzp0m-perl-5.32.0/lib/perl5/5.32.0/x86_64-linux-thread-multi/CORE"   BitVector.c
"/nix/store/7c044di03qa7qgr5kjjc2d787aspzp0m-perl-5.32.0/bin/perl" "/nix/store/7c044di03qa7qgr5kjjc2d787aspzp0m-perl-5.32.0/lib/perl5/5.32.0/ExtUtils/xsubpp"  -typemap '/nix/store/7c044di03qa7qgr5kjjc2d787aspzp0m-perl-5.32.0/lib/perl5/5.32.0/ExtUtils/typemap' -typemap '/build/Bit-Vector-7.4/typemap'  Vector.xs > Vector.xsc
mv Vector.xsc Vector.c
cc -c   -D_REENTRANT -D_GNU_SOURCE -fwrapv -fno-strict-aliasing -pipe -fstack-protector-strong -I/no-such-path/include -D_LARGEFILE_SOURCE -D_FILE_OFFSET_BITS=64 -O2   -DVERSION=\"7.4\" -DXS_VERSION=\"7.4\" -fPIC "-I/nix/store/7c044di03qa7qgr5kjjc2d787aspzp0m-perl-5.32.0/lib/perl5/5.32.0/x86_64-linux-thread-multi/CORE"   Vector.c
rm -f blib/arch/auto/Bit/Vector/Vector.so
cc  -shared -O2 -L/nix/store/68pw3wxwkrx0rwzjifm7g1jxy5g2sg1p-glibc-2.31/lib -fstack-protector-strong  BitVector.o Vector.o  -o blib/arch/auto/Bit/Vector/Vector.so  \
      \

chmod 755 blib/arch/auto/Bit/Vector/Vector.so
Manifying 3 pod documents
running tests
check flags: SHELL=/nix/store/9fqwwd4iybmhjqyxiaxycknslw6bgwh1-bash-4.4-p23/bin/bash VERBOSE=y test
"/nix/store/7c044di03qa7qgr5kjjc2d787aspzp0m-perl-5.32.0/bin/perl" -MExtUtils::Command::MM -e 'cp_nonempty' -- Vector.bs blib/arch/auto/Bit/Vector/Vector.bs 644
PERL_DL_NONLAZY=1 "/nix/store/7c044di03qa7qgr5kjjc2d787aspzp0m-perl-5.32.0/bin/perl" "-MExtUtils::Command::MM" "-MTest::Harness" "-e" "undef *Test::Harness::Switches; test_harness(0, 'blib/lib', 'blib/arch')" t/*.t
t/00_____version.t .. ok
t/01_________new.t .. ok
t/02_____destroy.t .. ok
t/03__operations.t .. ok
t/04___functions.t .. ok
t/05______primes.t .. ok
t/06______subset.t .. ok
t/07_____compare.t .. ok
t/08______resize.t .. ok
t/09__parameters.t .. ok
t/10___intervals.t .. ok
t/11_______shift.t .. ok
t/12______string.t .. ok
t/13___increment.t .. ok
t/14_______empty.t .. ok
t/15_________add.t .. ok
t/16____subtract.t .. ok
t/17_________gcd.t .. ok
t/28___chunklist.t .. ok
t/30__overloaded.t .. ok
t/40___auxiliary.t .. ok
t/50_freeze_thaw.t .. ok
t/51_file_nstore.t .. ok
All tests successful.
Files=23, Tests=91963,  4 wallclock secs ( 3.50 usr  0.02 sys +  0.57 cusr  0.10 csys =  4.19 CPU)
Result: PASS
installing
install flags: SHELL=/nix/store/9fqwwd4iybmhjqyxiaxycknslw6bgwh1-bash-4.4-p23/bin/bash pkgconfigdir=/nix/store/ax1i7iwcqh7vi2pn336813g18p74l18h-perl5.32.0-Bit-Vector-7.4/lib/pkgconfig m4datadir=/nix/store/ax1i7iwcqh7vi2pn336813g18p74l18h-perl5.32.0-Bit-Vector-7.4/share/aclocal aclocaldir=/nix/store/ax1i7iwcqh7vi2pn336813g18p74l18h-perl5.32.0-Bit-Vector-7.4/share/aclocal install
"/nix/store/7c044di03qa7qgr5kjjc2d787aspzp0m-perl-5.32.0/bin/perl" -MExtUtils::Command::MM -e 'cp_nonempty' -- Vector.bs blib/arch/auto/Bit/Vector/Vector.bs 644
Manifying 3 pod documents
Files found in blib/arch: installing files in blib/lib into architecture dependent library tree
Installing /nix/store/ax1i7iwcqh7vi2pn336813g18p74l18h-perl5.32.0-Bit-Vector-7.4/lib/perl5/site_perl/5.32.0/x86_64-linux-thread-multi/auto/Bit/Vector/Vector.so
Installing /nix/store/ax1i7iwcqh7vi2pn336813g18p74l18h-perl5.32.0-Bit-Vector-7.4/lib/perl5/site_perl/5.32.0/x86_64-linux-thread-multi/Bit/Vector.pm
Installing /nix/store/ax1i7iwcqh7vi2pn336813g18p74l18h-perl5.32.0-Bit-Vector-7.4/lib/perl5/site_perl/5.32.0/x86_64-linux-thread-multi/Bit/Vector.pod
Installing /nix/store/ax1i7iwcqh7vi2pn336813g18p74l18h-perl5.32.0-Bit-Vector-7.4/lib/perl5/site_perl/5.32.0/x86_64-linux-thread-multi/Bit/Vector/String.pod
Installing /nix/store/ax1i7iwcqh7vi2pn336813g18p74l18h-perl5.32.0-Bit-Vector-7.4/lib/perl5/site_perl/5.32.0/x86_64-linux-thread-multi/Bit/Vector/Overload.pm
Installing /nix/store/ax1i7iwcqh7vi2pn336813g18p74l18h-perl5.32.0-Bit-Vector-7.4/lib/perl5/site_perl/5.32.0/x86_64-linux-thread-multi/Bit/Vector/Overload.pod
Installing /nix/store/ax1i7iwcqh7vi2pn336813g18p74l18h-perl5.32.0-Bit-Vector-7.4/lib/perl5/site_perl/5.32.0/x86_64-linux-thread-multi/Bit/Vector/String.pm
Installing /nix/store/ax1i7iwcqh7vi2pn336813g18p74l18h-perl5.32.0-Bit-Vector-7.4/share/man/man3/Bit::Vector::String.3
Installing /nix/store/ax1i7iwcqh7vi2pn336813g18p74l18h-perl5.32.0-Bit-Vector-7.4/share/man/man3/Bit::Vector.3
Installing /nix/store/ax1i7iwcqh7vi2pn336813g18p74l18h-perl5.32.0-Bit-Vector-7.4/share/man/man3/Bit::Vector::Overload.3
Appending installation info to /nix/store/ax1i7iwcqh7vi2pn336813g18p74l18h-perl5.32.0-Bit-Vector-7.4/lib/perl5/5.32.0/x86_64-linux-thread-multi/perllocal.pod
post-installation fixup
Moving /nix/store/ax1i7iwcqh7vi2pn336813g18p74l18h-perl5.32.0-Bit-Vector-7.4/share/man/man3 to /nix/store/39ldyviribd90r70mf4r3qqwxqh55rxp-perl5.32.0-Bit-Vector-7.4-devdoc/share/man/man3
Removing empty /nix/store/ax1i7iwcqh7vi2pn336813g18p74l18h-perl5.32.0-Bit-Vector-7.4/share/man/ and (possibly) its parents
shrinking RPATHs of ELF executables and libraries in /nix/store/ax1i7iwcqh7vi2pn336813g18p74l18h-perl5.32.0-Bit-Vector-7.4
shrinking /nix/store/ax1i7iwcqh7vi2pn336813g18p74l18h-perl5.32.0-Bit-Vector-7.4/lib/perl5/site_perl/5.32.0/x86_64-linux-thread-multi/auto/Bit/Vector/Vector.so
strip is /nix/store/psyzbhp4p088sb9qcs378hfbslcalasl-binutils-2.31.1/bin/strip
stripping (with command strip and flags -S) in /nix/store/ax1i7iwcqh7vi2pn336813g18p74l18h-perl5.32.0-Bit-Vector-7.4/lib
patching script interpreter paths in /nix/store/ax1i7iwcqh7vi2pn336813g18p74l18h-perl5.32.0-Bit-Vector-7.4
checking for references to /build/ in /nix/store/ax1i7iwcqh7vi2pn336813g18p74l18h-perl5.32.0-Bit-Vector-7.4...
shrinking RPATHs of ELF executables and libraries in /nix/store/39ldyviribd90r70mf4r3qqwxqh55rxp-perl5.32.0-Bit-Vector-7.4-devdoc
gzipping man pages under /nix/store/39ldyviribd90r70mf4r3qqwxqh55rxp-perl5.32.0-Bit-Vector-7.4-devdoc/share/man/
strip is /nix/store/psyzbhp4p088sb9qcs378hfbslcalasl-binutils-2.31.1/bin/strip
patching script interpreter paths in /nix/store/39ldyviribd90r70mf4r3qqwxqh55rxp-perl5.32.0-Bit-Vector-7.4-devdoc
checking for references to /build/ in /nix/store/39ldyviribd90r70mf4r3qqwxqh55rxp-perl5.32.0-Bit-Vector-7.4-devdoc...
/nix/store/ax1i7iwcqh7vi2pn336813g18p74l18h-perl5.32.0-Bit-Vector-7.4
