these derivations will be built:
  /nix/store/83dvbcdvzazk20hllsgxv83h6jrpbj9a-perl5.32.0-BSD-Resource-1.2911.drv
these paths will be fetched (0.07 MiB download, 0.07 MiB unpacked):
  /nix/store/g8l7lrlnpvj90v9zinsjzr0dh0wxdg09-BSD-Resource-1.2911.tar.gz
copying path '/nix/store/g8l7lrlnpvj90v9zinsjzr0dh0wxdg09-BSD-Resource-1.2911.tar.gz' from 'https://cache.nixos.org'...
building '/nix/store/83dvbcdvzazk20hllsgxv83h6jrpbj9a-perl5.32.0-BSD-Resource-1.2911.drv'...
unpacking sources
unpacking source archive /nix/store/g8l7lrlnpvj90v9zinsjzr0dh0wxdg09-BSD-Resource-1.2911.tar.gz
source root is BSD-Resource-1.2911
setting SOURCE_DATE_EPOCH to timestamp 1491566709 of file BSD-Resource-1.2911/META.yml
patching sources
configuring

Configuring BSD::Resource...

Checking whether you have certain header files...
(trying first the CC from your environment)
You do have <sys/resource.h>.  Excellent.
Checking to see whether you have rlim_t...
You seem to have rlim_t defined (which is nice).
Checking if your kit is complete...
Looks good
Generating a Unix-style Makefile
Writing Makefile for BSD::Resource
Writing MYMETA.yml and MYMETA.json

Done configuring BSD::Resource.

Now you may issue 'make'.  Do not forget also 'make test'.
If some tests fail, please rerun the tests (see INSTALL).

no configure script, doing nothing
building
build flags: SHELL=/nix/store/9fqwwd4iybmhjqyxiaxycknslw6bgwh1-bash-4.4-p23/bin/bash
cp Resource.pm blib/lib/BSD/Resource.pm
AutoSplitting blib/lib/BSD/Resource.pm (blib/lib/auto/BSD/Resource)
Running Mkbootstrap for Resource ()
chmod 644 "Resource.bs"
"/nix/store/7c044di03qa7qgr5kjjc2d787aspzp0m-perl-5.32.0/bin/perl" -MExtUtils::Command::MM -e 'cp_nonempty' -- Resource.bs blib/arch/auto/BSD/Resource/Resource.bs 644
"/nix/store/7c044di03qa7qgr5kjjc2d787aspzp0m-perl-5.32.0/bin/perl" "/nix/store/7c044di03qa7qgr5kjjc2d787aspzp0m-perl-5.32.0/lib/perl5/5.32.0/ExtUtils/xsubpp"  -typemap '/nix/store/7c044di03qa7qgr5kjjc2d787aspzp0m-perl-5.32.0/lib/perl5/5.32.0/ExtUtils/typemap'  Resource.xs > Resource.xsc
mv Resource.xsc Resource.c
cc -c   -D_REENTRANT -D_GNU_SOURCE -fwrapv -fno-strict-aliasing -pipe -fstack-protector-strong -I/no-such-path/include -D_LARGEFILE_SOURCE -D_FILE_OFFSET_BITS=64 -O2   -DVERSION=\"1.2911\" -DXS_VERSION=\"1.2911\" -fPIC "-I/nix/store/7c044di03qa7qgr5kjjc2d787aspzp0m-perl-5.32.0/lib/perl5/5.32.0/x86_64-linux-thread-multi/CORE"  -DRlim_t=rlim_t Resource.c
rm -f blib/arch/auto/BSD/Resource/Resource.so
cc  -shared -O2 -L/nix/store/68pw3wxwkrx0rwzjifm7g1jxy5g2sg1p-glibc-2.31/lib -fstack-protector-strong  Resource.o  -o blib/arch/auto/BSD/Resource/Resource.so  \
      \

chmod 755 blib/arch/auto/BSD/Resource/Resource.so
Manifying 1 pod document
running tests
check flags: SHELL=/nix/store/9fqwwd4iybmhjqyxiaxycknslw6bgwh1-bash-4.4-p23/bin/bash VERBOSE=y test
"/nix/store/7c044di03qa7qgr5kjjc2d787aspzp0m-perl-5.32.0/bin/perl" -MExtUtils::Command::MM -e 'cp_nonempty' -- Resource.bs blib/arch/auto/BSD/Resource/Resource.bs 644
PERL_DL_NONLAZY=1 "/nix/store/7c044di03qa7qgr5kjjc2d787aspzp0m-perl-5.32.0/bin/perl" "-MExtUtils::Command::MM" "-MTest::Harness" "-e" "undef *Test::Harness::Switches; test_harness(0, 'blib/lib', 'blib/arch')" t/*.t
t/get_rlimits.t ... ok
t/getpriority.t ... ok
t/getrlimit.t ..... ok
t/getrusage.t ..... ok
t/pod-coverage.t .. skipped: Test::Pod::Coverage required for testing POD coverage
t/pod.t ........... skipped: Test::Pod required for testing POD
t/setpriority.t ... ok
t/setrlimit.t ..... ok
t/times.t ......... ok
All tests successful.
Files=9, Tests=68, 26 wallclock secs ( 0.03 usr  0.01 sys + 11.36 cusr  6.49 csys = 17.89 CPU)
Result: PASS
installing
install flags: SHELL=/nix/store/9fqwwd4iybmhjqyxiaxycknslw6bgwh1-bash-4.4-p23/bin/bash pkgconfigdir=/nix/store/ixv0zksqpal247w26zs9sd6m4vnlh8s3-perl5.32.0-BSD-Resource-1.2911/lib/pkgconfig m4datadir=/nix/store/ixv0zksqpal247w26zs9sd6m4vnlh8s3-perl5.32.0-BSD-Resource-1.2911/share/aclocal aclocaldir=/nix/store/ixv0zksqpal247w26zs9sd6m4vnlh8s3-perl5.32.0-BSD-Resource-1.2911/share/aclocal install
"/nix/store/7c044di03qa7qgr5kjjc2d787aspzp0m-perl-5.32.0/bin/perl" -MExtUtils::Command::MM -e 'cp_nonempty' -- Resource.bs blib/arch/auto/BSD/Resource/Resource.bs 644
Manifying 1 pod document
Files found in blib/arch: installing files in blib/lib into architecture dependent library tree
Installing /nix/store/ixv0zksqpal247w26zs9sd6m4vnlh8s3-perl5.32.0-BSD-Resource-1.2911/lib/perl5/site_perl/5.32.0/x86_64-linux-thread-multi/auto/BSD/Resource/Resource.so
Installing /nix/store/ixv0zksqpal247w26zs9sd6m4vnlh8s3-perl5.32.0-BSD-Resource-1.2911/lib/perl5/site_perl/5.32.0/x86_64-linux-thread-multi/auto/BSD/Resource/autosplit.ix
Installing /nix/store/ixv0zksqpal247w26zs9sd6m4vnlh8s3-perl5.32.0-BSD-Resource-1.2911/lib/perl5/site_perl/5.32.0/x86_64-linux-thread-multi/auto/BSD/Resource/utime.al
Installing /nix/store/ixv0zksqpal247w26zs9sd6m4vnlh8s3-perl5.32.0-BSD-Resource-1.2911/lib/perl5/site_perl/5.32.0/x86_64-linux-thread-multi/auto/BSD/Resource/getrlimit.al
Installing /nix/store/ixv0zksqpal247w26zs9sd6m4vnlh8s3-perl5.32.0-BSD-Resource-1.2911/lib/perl5/site_perl/5.32.0/x86_64-linux-thread-multi/auto/BSD/Resource/get_prios.al
Installing /nix/store/ixv0zksqpal247w26zs9sd6m4vnlh8s3-perl5.32.0-BSD-Resource-1.2911/lib/perl5/site_perl/5.32.0/x86_64-linux-thread-multi/auto/BSD/Resource/majflt.al
Installing /nix/store/ixv0zksqpal247w26zs9sd6m4vnlh8s3-perl5.32.0-BSD-Resource-1.2911/lib/perl5/site_perl/5.32.0/x86_64-linux-thread-multi/auto/BSD/Resource/setpriority.al
Installing /nix/store/ixv0zksqpal247w26zs9sd6m4vnlh8s3-perl5.32.0-BSD-Resource-1.2911/lib/perl5/site_perl/5.32.0/x86_64-linux-thread-multi/auto/BSD/Resource/_find_rlimit.al
Installing /nix/store/ixv0zksqpal247w26zs9sd6m4vnlh8s3-perl5.32.0-BSD-Resource-1.2911/lib/perl5/site_perl/5.32.0/x86_64-linux-thread-multi/auto/BSD/Resource/maxrss.al
Installing /nix/store/ixv0zksqpal247w26zs9sd6m4vnlh8s3-perl5.32.0-BSD-Resource-1.2911/lib/perl5/site_perl/5.32.0/x86_64-linux-thread-multi/auto/BSD/Resource/nvcsw.al
Installing /nix/store/ixv0zksqpal247w26zs9sd6m4vnlh8s3-perl5.32.0-BSD-Resource-1.2911/lib/perl5/site_perl/5.32.0/x86_64-linux-thread-multi/auto/BSD/Resource/isrss.al
Installing /nix/store/ixv0zksqpal247w26zs9sd6m4vnlh8s3-perl5.32.0-BSD-Resource-1.2911/lib/perl5/site_perl/5.32.0/x86_64-linux-thread-multi/auto/BSD/Resource/msgrcv.al
Installing /nix/store/ixv0zksqpal247w26zs9sd6m4vnlh8s3-perl5.32.0-BSD-Resource-1.2911/lib/perl5/site_perl/5.32.0/x86_64-linux-thread-multi/auto/BSD/Resource/idrss.al
Installing /nix/store/ixv0zksqpal247w26zs9sd6m4vnlh8s3-perl5.32.0-BSD-Resource-1.2911/lib/perl5/site_perl/5.32.0/x86_64-linux-thread-multi/auto/BSD/Resource/nsignals.al
Installing /nix/store/ixv0zksqpal247w26zs9sd6m4vnlh8s3-perl5.32.0-BSD-Resource-1.2911/lib/perl5/site_perl/5.32.0/x86_64-linux-thread-multi/auto/BSD/Resource/ixrss.al
Installing /nix/store/ixv0zksqpal247w26zs9sd6m4vnlh8s3-perl5.32.0-BSD-Resource-1.2911/lib/perl5/site_perl/5.32.0/x86_64-linux-thread-multi/auto/BSD/Resource/soft.al
Installing /nix/store/ixv0zksqpal247w26zs9sd6m4vnlh8s3-perl5.32.0-BSD-Resource-1.2911/lib/perl5/site_perl/5.32.0/x86_64-linux-thread-multi/auto/BSD/Resource/msgsnd.al
Installing /nix/store/ixv0zksqpal247w26zs9sd6m4vnlh8s3-perl5.32.0-BSD-Resource-1.2911/lib/perl5/site_perl/5.32.0/x86_64-linux-thread-multi/auto/BSD/Resource/get_rlimits.al
Installing /nix/store/ixv0zksqpal247w26zs9sd6m4vnlh8s3-perl5.32.0-BSD-Resource-1.2911/lib/perl5/site_perl/5.32.0/x86_64-linux-thread-multi/auto/BSD/Resource/inblock.al
Installing /nix/store/ixv0zksqpal247w26zs9sd6m4vnlh8s3-perl5.32.0-BSD-Resource-1.2911/lib/perl5/site_perl/5.32.0/x86_64-linux-thread-multi/auto/BSD/Resource/_find_prio.al
Installing /nix/store/ixv0zksqpal247w26zs9sd6m4vnlh8s3-perl5.32.0-BSD-Resource-1.2911/lib/perl5/site_perl/5.32.0/x86_64-linux-thread-multi/auto/BSD/Resource/stime.al
Installing /nix/store/ixv0zksqpal247w26zs9sd6m4vnlh8s3-perl5.32.0-BSD-Resource-1.2911/lib/perl5/site_perl/5.32.0/x86_64-linux-thread-multi/auto/BSD/Resource/minflt.al
Installing /nix/store/ixv0zksqpal247w26zs9sd6m4vnlh8s3-perl5.32.0-BSD-Resource-1.2911/lib/perl5/site_perl/5.32.0/x86_64-linux-thread-multi/auto/BSD/Resource/_g.al
Installing /nix/store/ixv0zksqpal247w26zs9sd6m4vnlh8s3-perl5.32.0-BSD-Resource-1.2911/lib/perl5/site_perl/5.32.0/x86_64-linux-thread-multi/auto/BSD/Resource/getpriority.al
Installing /nix/store/ixv0zksqpal247w26zs9sd6m4vnlh8s3-perl5.32.0-BSD-Resource-1.2911/lib/perl5/site_perl/5.32.0/x86_64-linux-thread-multi/auto/BSD/Resource/setrlimit.al
Installing /nix/store/ixv0zksqpal247w26zs9sd6m4vnlh8s3-perl5.32.0-BSD-Resource-1.2911/lib/perl5/site_perl/5.32.0/x86_64-linux-thread-multi/auto/BSD/Resource/nivcsw.al
Installing /nix/store/ixv0zksqpal247w26zs9sd6m4vnlh8s3-perl5.32.0-BSD-Resource-1.2911/lib/perl5/site_perl/5.32.0/x86_64-linux-thread-multi/auto/BSD/Resource/getrusage.al
Installing /nix/store/ixv0zksqpal247w26zs9sd6m4vnlh8s3-perl5.32.0-BSD-Resource-1.2911/lib/perl5/site_perl/5.32.0/x86_64-linux-thread-multi/auto/BSD/Resource/oublock.al
Installing /nix/store/ixv0zksqpal247w26zs9sd6m4vnlh8s3-perl5.32.0-BSD-Resource-1.2911/lib/perl5/site_perl/5.32.0/x86_64-linux-thread-multi/auto/BSD/Resource/times.al
Installing /nix/store/ixv0zksqpal247w26zs9sd6m4vnlh8s3-perl5.32.0-BSD-Resource-1.2911/lib/perl5/site_perl/5.32.0/x86_64-linux-thread-multi/auto/BSD/Resource/nswap.al
Installing /nix/store/ixv0zksqpal247w26zs9sd6m4vnlh8s3-perl5.32.0-BSD-Resource-1.2911/lib/perl5/site_perl/5.32.0/x86_64-linux-thread-multi/auto/BSD/Resource/hard.al
Installing /nix/store/ixv0zksqpal247w26zs9sd6m4vnlh8s3-perl5.32.0-BSD-Resource-1.2911/lib/perl5/site_perl/5.32.0/x86_64-linux-thread-multi/BSD/Resource.pm
Installing /nix/store/ixv0zksqpal247w26zs9sd6m4vnlh8s3-perl5.32.0-BSD-Resource-1.2911/share/man/man3/BSD::Resource.3
Appending installation info to /nix/store/ixv0zksqpal247w26zs9sd6m4vnlh8s3-perl5.32.0-BSD-Resource-1.2911/lib/perl5/5.32.0/x86_64-linux-thread-multi/perllocal.pod
post-installation fixup
Moving /nix/store/ixv0zksqpal247w26zs9sd6m4vnlh8s3-perl5.32.0-BSD-Resource-1.2911/share/man/man3 to /nix/store/s56y8qv4hy5b73adcvkj6gvmwzkqhgi1-perl5.32.0-BSD-Resource-1.2911-devdoc/share/man/man3
Removing empty /nix/store/ixv0zksqpal247w26zs9sd6m4vnlh8s3-perl5.32.0-BSD-Resource-1.2911/share/man/ and (possibly) its parents
shrinking RPATHs of ELF executables and libraries in /nix/store/ixv0zksqpal247w26zs9sd6m4vnlh8s3-perl5.32.0-BSD-Resource-1.2911
shrinking /nix/store/ixv0zksqpal247w26zs9sd6m4vnlh8s3-perl5.32.0-BSD-Resource-1.2911/lib/perl5/site_perl/5.32.0/x86_64-linux-thread-multi/auto/BSD/Resource/Resource.so
strip is /nix/store/psyzbhp4p088sb9qcs378hfbslcalasl-binutils-2.31.1/bin/strip
stripping (with command strip and flags -S) in /nix/store/ixv0zksqpal247w26zs9sd6m4vnlh8s3-perl5.32.0-BSD-Resource-1.2911/lib
patching script interpreter paths in /nix/store/ixv0zksqpal247w26zs9sd6m4vnlh8s3-perl5.32.0-BSD-Resource-1.2911
checking for references to /build/ in /nix/store/ixv0zksqpal247w26zs9sd6m4vnlh8s3-perl5.32.0-BSD-Resource-1.2911...
shrinking RPATHs of ELF executables and libraries in /nix/store/s56y8qv4hy5b73adcvkj6gvmwzkqhgi1-perl5.32.0-BSD-Resource-1.2911-devdoc
gzipping man pages under /nix/store/s56y8qv4hy5b73adcvkj6gvmwzkqhgi1-perl5.32.0-BSD-Resource-1.2911-devdoc/share/man/
strip is /nix/store/psyzbhp4p088sb9qcs378hfbslcalasl-binutils-2.31.1/bin/strip
patching script interpreter paths in /nix/store/s56y8qv4hy5b73adcvkj6gvmwzkqhgi1-perl5.32.0-BSD-Resource-1.2911-devdoc
checking for references to /build/ in /nix/store/s56y8qv4hy5b73adcvkj6gvmwzkqhgi1-perl5.32.0-BSD-Resource-1.2911-devdoc...
/nix/store/ixv0zksqpal247w26zs9sd6m4vnlh8s3-perl5.32.0-BSD-Resource-1.2911
