these derivations will be built:
  /nix/store/1wkfhlv7bhf05f812y5i8c7f8jni24ai-perl5.32.0-Set-IntSpan-1.19.drv
  /nix/store/8kxjj0yf7id0x0xmjsgb1zw10im2lnc1-perl5.32.0-Business-Hours-0.13.drv
these paths will be fetched (0.04 MiB download, 0.04 MiB unpacked):
  /nix/store/6l69cyackn7l9zhlr7bs1bahnvkg9q00-Set-IntSpan-1.19.tar.gz
  /nix/store/mnc9xd6fw4mdfwdgqbrca830ykjbbldn-Business-Hours-0.13.tar.gz
copying path '/nix/store/mnc9xd6fw4mdfwdgqbrca830ykjbbldn-Business-Hours-0.13.tar.gz' from 'https://cache.nixos.org'...
copying path '/nix/store/6l69cyackn7l9zhlr7bs1bahnvkg9q00-Set-IntSpan-1.19.tar.gz' from 'https://cache.nixos.org'...
building '/nix/store/1wkfhlv7bhf05f812y5i8c7f8jni24ai-perl5.32.0-Set-IntSpan-1.19.drv'...
unpacking sources
unpacking source archive /nix/store/6l69cyackn7l9zhlr7bs1bahnvkg9q00-Set-IntSpan-1.19.tar.gz
source root is Set-IntSpan-1.19
setting SOURCE_DATE_EPOCH to timestamp 1365514348 of file Set-IntSpan-1.19/META.yml
patching sources
configuring
Checking if your kit is complete...
Looks good
Generating a Unix-style Makefile
Writing Makefile for Set::IntSpan
Writing MYMETA.yml and MYMETA.json
no configure script, doing nothing
building
build flags: SHELL=/nix/store/9fqwwd4iybmhjqyxiaxycknslw6bgwh1-bash-4.4-p23/bin/bash
cp IntSpan.pm blib/lib/Set/IntSpan.pm
Manifying 1 pod document
running tests
check flags: SHELL=/nix/store/9fqwwd4iybmhjqyxiaxycknslw6bgwh1-bash-4.4-p23/bin/bash VERBOSE=y test
PERL_DL_NONLAZY=1 "/nix/store/7c044di03qa7qgr5kjjc2d787aspzp0m-perl-5.32.0/bin/perl" "-MExtUtils::Command::MM" "-MTest::Harness" "-e" "undef *Test::Harness::Switches; test_harness(0, 'blib/lib', 'blib/arch')" t/*.t
t/binary.t .... ok
t/bsearch.t ... ok
t/cardinal.t .. ok
t/creation.t .. ok
t/error.t ..... ok
t/index.t ..... ok
t/island.t .... ok
t/iterator.t .. ok
t/member.t .... ok
t/no-int.t .... ok
t/ord.t ....... ok
t/overload.t .. ok
t/real_set.t .. ok
t/relation.t .. ok
t/set_spec.t .. ok
t/span_ord.t .. ok
t/spans.t ..... ok
t/subclass.t .. ok
t/unary.t ..... ok
t/use-int.t ... ok
All tests successful.
Files=20, Tests=1947,  1 wallclock secs ( 0.16 usr  0.01 sys +  0.32 cusr  0.03 csys =  0.52 CPU)
Result: PASS
installing
install flags: SHELL=/nix/store/9fqwwd4iybmhjqyxiaxycknslw6bgwh1-bash-4.4-p23/bin/bash pkgconfigdir=/nix/store/nnskl8kljy5m5g2kfdxq9h18m3zq2v80-perl5.32.0-Set-IntSpan-1.19/lib/pkgconfig m4datadir=/nix/store/nnskl8kljy5m5g2kfdxq9h18m3zq2v80-perl5.32.0-Set-IntSpan-1.19/share/aclocal aclocaldir=/nix/store/nnskl8kljy5m5g2kfdxq9h18m3zq2v80-perl5.32.0-Set-IntSpan-1.19/share/aclocal install
Manifying 1 pod document
Installing /nix/store/nnskl8kljy5m5g2kfdxq9h18m3zq2v80-perl5.32.0-Set-IntSpan-1.19/lib/perl5/site_perl/5.32.0/Set/IntSpan.pm
Installing /nix/store/nnskl8kljy5m5g2kfdxq9h18m3zq2v80-perl5.32.0-Set-IntSpan-1.19/share/man/man3/Set::IntSpan.3
Appending installation info to /nix/store/nnskl8kljy5m5g2kfdxq9h18m3zq2v80-perl5.32.0-Set-IntSpan-1.19/lib/perl5/5.32.0/x86_64-linux-thread-multi/perllocal.pod
post-installation fixup
Moving /nix/store/nnskl8kljy5m5g2kfdxq9h18m3zq2v80-perl5.32.0-Set-IntSpan-1.19/share/man/man3 to /nix/store/1fjkmdg829ax513v3xqk48xzdlbs15ch-perl5.32.0-Set-IntSpan-1.19-devdoc/share/man/man3
Removing empty /nix/store/nnskl8kljy5m5g2kfdxq9h18m3zq2v80-perl5.32.0-Set-IntSpan-1.19/share/man/ and (possibly) its parents
shrinking RPATHs of ELF executables and libraries in /nix/store/nnskl8kljy5m5g2kfdxq9h18m3zq2v80-perl5.32.0-Set-IntSpan-1.19
strip is /nix/store/psyzbhp4p088sb9qcs378hfbslcalasl-binutils-2.31.1/bin/strip
stripping (with command strip and flags -S) in /nix/store/nnskl8kljy5m5g2kfdxq9h18m3zq2v80-perl5.32.0-Set-IntSpan-1.19/lib
patching script interpreter paths in /nix/store/nnskl8kljy5m5g2kfdxq9h18m3zq2v80-perl5.32.0-Set-IntSpan-1.19
checking for references to /build/ in /nix/store/nnskl8kljy5m5g2kfdxq9h18m3zq2v80-perl5.32.0-Set-IntSpan-1.19...
shrinking RPATHs of ELF executables and libraries in /nix/store/1fjkmdg829ax513v3xqk48xzdlbs15ch-perl5.32.0-Set-IntSpan-1.19-devdoc
gzipping man pages under /nix/store/1fjkmdg829ax513v3xqk48xzdlbs15ch-perl5.32.0-Set-IntSpan-1.19-devdoc/share/man/
strip is /nix/store/psyzbhp4p088sb9qcs378hfbslcalasl-binutils-2.31.1/bin/strip
patching script interpreter paths in /nix/store/1fjkmdg829ax513v3xqk48xzdlbs15ch-perl5.32.0-Set-IntSpan-1.19-devdoc
checking for references to /build/ in /nix/store/1fjkmdg829ax513v3xqk48xzdlbs15ch-perl5.32.0-Set-IntSpan-1.19-devdoc...
building '/nix/store/8kxjj0yf7id0x0xmjsgb1zw10im2lnc1-perl5.32.0-Business-Hours-0.13.drv'...
unpacking sources
unpacking source archive /nix/store/mnc9xd6fw4mdfwdgqbrca830ykjbbldn-Business-Hours-0.13.tar.gz
source root is Business-Hours-0.13
setting SOURCE_DATE_EPOCH to timestamp 1547235146 of file Business-Hours-0.13/SIGNATURE
patching sources
configuring
Checking if your kit is complete...
Looks good
Generating a Unix-style Makefile
Writing Makefile for Business::Hours
Writing MYMETA.yml and MYMETA.json
no configure script, doing nothing
building
build flags: SHELL=/nix/store/9fqwwd4iybmhjqyxiaxycknslw6bgwh1-bash-4.4-p23/bin/bash
cp lib/Business/Hours.pm blib/lib/Business/Hours.pm
Manifying 1 pod document
running tests
check flags: SHELL=/nix/store/9fqwwd4iybmhjqyxiaxycknslw6bgwh1-bash-4.4-p23/bin/bash VERBOSE=y test
PERL_DL_NONLAZY=1 "/nix/store/7c044di03qa7qgr5kjjc2d787aspzp0m-perl-5.32.0/bin/perl" "-MExtUtils::Command::MM" "-MTest::Harness" "-e" "undef *Test::Harness::Switches; test_harness(0, 'blib/lib', 'blib/arch')" t/*.t
t/1-business-hours.t .. ok
t/2-holidays.t ........ ok
t/99-pod-coverage.t ... skipped: Test::Pod::Coverage 1.00 required for testing POD coverage
t/99-pod.t ............ skipped: Test::Pod 1.00 required for testing POD
All tests successful.
Files=4, Tests=23,  0 wallclock secs ( 0.03 usr  0.01 sys +  0.21 cusr  0.04 csys =  0.29 CPU)
Result: PASS
installing
install flags: SHELL=/nix/store/9fqwwd4iybmhjqyxiaxycknslw6bgwh1-bash-4.4-p23/bin/bash pkgconfigdir=/nix/store/4qjpcmwyjs3vvnn2cwqv4ymlp2xsh93v-perl5.32.0-Business-Hours-0.13/lib/pkgconfig m4datadir=/nix/store/4qjpcmwyjs3vvnn2cwqv4ymlp2xsh93v-perl5.32.0-Business-Hours-0.13/share/aclocal aclocaldir=/nix/store/4qjpcmwyjs3vvnn2cwqv4ymlp2xsh93v-perl5.32.0-Business-Hours-0.13/share/aclocal install
Manifying 1 pod document
Installing /nix/store/4qjpcmwyjs3vvnn2cwqv4ymlp2xsh93v-perl5.32.0-Business-Hours-0.13/lib/perl5/site_perl/5.32.0/Business/Hours.pm
Installing /nix/store/4qjpcmwyjs3vvnn2cwqv4ymlp2xsh93v-perl5.32.0-Business-Hours-0.13/share/man/man3/Business::Hours.3
Appending installation info to /nix/store/4qjpcmwyjs3vvnn2cwqv4ymlp2xsh93v-perl5.32.0-Business-Hours-0.13/lib/perl5/5.32.0/x86_64-linux-thread-multi/perllocal.pod
post-installation fixup
Moving /nix/store/4qjpcmwyjs3vvnn2cwqv4ymlp2xsh93v-perl5.32.0-Business-Hours-0.13/share/man/man3 to /nix/store/87c0ilgwgx0cj2ydz1g707fa23ygnrv1-perl5.32.0-Business-Hours-0.13-devdoc/share/man/man3
Removing empty /nix/store/4qjpcmwyjs3vvnn2cwqv4ymlp2xsh93v-perl5.32.0-Business-Hours-0.13/share/man/ and (possibly) its parents
shrinking RPATHs of ELF executables and libraries in /nix/store/4qjpcmwyjs3vvnn2cwqv4ymlp2xsh93v-perl5.32.0-Business-Hours-0.13
strip is /nix/store/psyzbhp4p088sb9qcs378hfbslcalasl-binutils-2.31.1/bin/strip
stripping (with command strip and flags -S) in /nix/store/4qjpcmwyjs3vvnn2cwqv4ymlp2xsh93v-perl5.32.0-Business-Hours-0.13/lib
patching script interpreter paths in /nix/store/4qjpcmwyjs3vvnn2cwqv4ymlp2xsh93v-perl5.32.0-Business-Hours-0.13
checking for references to /build/ in /nix/store/4qjpcmwyjs3vvnn2cwqv4ymlp2xsh93v-perl5.32.0-Business-Hours-0.13...
shrinking RPATHs of ELF executables and libraries in /nix/store/87c0ilgwgx0cj2ydz1g707fa23ygnrv1-perl5.32.0-Business-Hours-0.13-devdoc
gzipping man pages under /nix/store/87c0ilgwgx0cj2ydz1g707fa23ygnrv1-perl5.32.0-Business-Hours-0.13-devdoc/share/man/
strip is /nix/store/psyzbhp4p088sb9qcs378hfbslcalasl-binutils-2.31.1/bin/strip
patching script interpreter paths in /nix/store/87c0ilgwgx0cj2ydz1g707fa23ygnrv1-perl5.32.0-Business-Hours-0.13-devdoc
checking for references to /build/ in /nix/store/87c0ilgwgx0cj2ydz1g707fa23ygnrv1-perl5.32.0-Business-Hours-0.13-devdoc...
/nix/store/4qjpcmwyjs3vvnn2cwqv4ymlp2xsh93v-perl5.32.0-Business-Hours-0.13
