these derivations will be built:
  /nix/store/6b20im4dpdvypcphpbcmxfq122mzrznv-perl5.32.0-Carp-Assert-0.21.drv
these paths will be fetched (0.01 MiB download, 0.01 MiB unpacked):
  /nix/store/a6zy7cvggfxsg4pq5p4sd7q0ayr9d03s-Carp-Assert-0.21.tar.gz
copying path '/nix/store/a6zy7cvggfxsg4pq5p4sd7q0ayr9d03s-Carp-Assert-0.21.tar.gz' from 'https://cache.nixos.org'...
building '/nix/store/6b20im4dpdvypcphpbcmxfq122mzrznv-perl5.32.0-Carp-Assert-0.21.drv'...
unpacking sources
unpacking source archive /nix/store/a6zy7cvggfxsg4pq5p4sd7q0ayr9d03s-Carp-Assert-0.21.tar.gz
source root is Carp-Assert-0.21
setting SOURCE_DATE_EPOCH to timestamp 1403731324 of file Carp-Assert-0.21/META.json
patching sources
configuring
patching ./t/10enabled.t...
patching ./t/20disabled.t...
patching ./t/embedded-Carp-Assert.t...
Checking if your kit is complete...
Looks good
Generating a Unix-style Makefile
Writing Makefile for Carp::Assert
Writing MYMETA.yml and MYMETA.json
no configure script, doing nothing
building
build flags: SHELL=/nix/store/9fqwwd4iybmhjqyxiaxycknslw6bgwh1-bash-4.4-p23/bin/bash
cp lib/Carp/Assert.pm blib/lib/Carp/Assert.pm
Manifying 1 pod document
running tests
check flags: SHELL=/nix/store/9fqwwd4iybmhjqyxiaxycknslw6bgwh1-bash-4.4-p23/bin/bash VERBOSE=y test
PERL_DL_NONLAZY=1 "/nix/store/7c044di03qa7qgr5kjjc2d787aspzp0m-perl-5.32.0/bin/perl" "-MExtUtils::Command::MM" "-MTest::Harness" "-e" "undef *Test::Harness::Switches; test_harness(0, 'blib/lib', 'blib/arch')" t/*.t
t/10enabled.t ............. ok
t/20disabled.t ............ ok
t/embedded-Carp-Assert.t .. ok
All tests successful.
Files=3, Tests=45,  1 wallclock secs ( 0.02 usr  0.01 sys +  0.18 cusr  0.03 csys =  0.24 CPU)
Result: PASS
installing
install flags: SHELL=/nix/store/9fqwwd4iybmhjqyxiaxycknslw6bgwh1-bash-4.4-p23/bin/bash pkgconfigdir=/nix/store/79myzl3zn1jq0aqn6wlgkpl8bl3zrdkr-perl5.32.0-Carp-Assert-0.21/lib/pkgconfig m4datadir=/nix/store/79myzl3zn1jq0aqn6wlgkpl8bl3zrdkr-perl5.32.0-Carp-Assert-0.21/share/aclocal aclocaldir=/nix/store/79myzl3zn1jq0aqn6wlgkpl8bl3zrdkr-perl5.32.0-Carp-Assert-0.21/share/aclocal install
Manifying 1 pod document
Installing /nix/store/79myzl3zn1jq0aqn6wlgkpl8bl3zrdkr-perl5.32.0-Carp-Assert-0.21/lib/perl5/site_perl/5.32.0/Carp/Assert.pm
Installing /nix/store/79myzl3zn1jq0aqn6wlgkpl8bl3zrdkr-perl5.32.0-Carp-Assert-0.21/share/man/man3/Carp::Assert.3
Appending installation info to /nix/store/79myzl3zn1jq0aqn6wlgkpl8bl3zrdkr-perl5.32.0-Carp-Assert-0.21/lib/perl5/5.32.0/x86_64-linux-thread-multi/perllocal.pod
post-installation fixup
Moving /nix/store/79myzl3zn1jq0aqn6wlgkpl8bl3zrdkr-perl5.32.0-Carp-Assert-0.21/share/man/man3 to /nix/store/zk78p4k239rc8k9kxbmpjkvpcy3yl7ii-perl5.32.0-Carp-Assert-0.21-devdoc/share/man/man3
Removing empty /nix/store/79myzl3zn1jq0aqn6wlgkpl8bl3zrdkr-perl5.32.0-Carp-Assert-0.21/share/man/ and (possibly) its parents
shrinking RPATHs of ELF executables and libraries in /nix/store/79myzl3zn1jq0aqn6wlgkpl8bl3zrdkr-perl5.32.0-Carp-Assert-0.21
strip is /nix/store/psyzbhp4p088sb9qcs378hfbslcalasl-binutils-2.31.1/bin/strip
stripping (with command strip and flags -S) in /nix/store/79myzl3zn1jq0aqn6wlgkpl8bl3zrdkr-perl5.32.0-Carp-Assert-0.21/lib
patching script interpreter paths in /nix/store/79myzl3zn1jq0aqn6wlgkpl8bl3zrdkr-perl5.32.0-Carp-Assert-0.21
checking for references to /build/ in /nix/store/79myzl3zn1jq0aqn6wlgkpl8bl3zrdkr-perl5.32.0-Carp-Assert-0.21...
shrinking RPATHs of ELF executables and libraries in /nix/store/zk78p4k239rc8k9kxbmpjkvpcy3yl7ii-perl5.32.0-Carp-Assert-0.21-devdoc
gzipping man pages under /nix/store/zk78p4k239rc8k9kxbmpjkvpcy3yl7ii-perl5.32.0-Carp-Assert-0.21-devdoc/share/man/
strip is /nix/store/psyzbhp4p088sb9qcs378hfbslcalasl-binutils-2.31.1/bin/strip
patching script interpreter paths in /nix/store/zk78p4k239rc8k9kxbmpjkvpcy3yl7ii-perl5.32.0-Carp-Assert-0.21-devdoc
checking for references to /build/ in /nix/store/zk78p4k239rc8k9kxbmpjkvpcy3yl7ii-perl5.32.0-Carp-Assert-0.21-devdoc...
/nix/store/79myzl3zn1jq0aqn6wlgkpl8bl3zrdkr-perl5.32.0-Carp-Assert-0.21
