these derivations will be built:
  /nix/store/34bkbs12faiz499d7a2dxqgdbhsm14pn-perl5.32.0-Catalyst-View-JSON-0.37.drv
these paths will be fetched (0.02 MiB download, 0.02 MiB unpacked):
  /nix/store/n19996xfjyxn2w7s3p4i3w41g8zdyh08-Catalyst-View-JSON-0.37.tar.gz
copying path '/nix/store/n19996xfjyxn2w7s3p4i3w41g8zdyh08-Catalyst-View-JSON-0.37.tar.gz' from 'https://cache.nixos.org'...
building '/nix/store/34bkbs12faiz499d7a2dxqgdbhsm14pn-perl5.32.0-Catalyst-View-JSON-0.37.drv'...
unpacking sources
unpacking source archive /nix/store/n19996xfjyxn2w7s3p4i3w41g8zdyh08-Catalyst-View-JSON-0.37.tar.gz
source root is Catalyst-View-JSON-0.37
setting SOURCE_DATE_EPOCH to timestamp 1556458058 of file Catalyst-View-JSON-0.37/README
patching sources
configuring
Checking if your kit is complete...
Looks good
Generating a Unix-style Makefile
Writing Makefile for Catalyst::View::JSON
Writing MYMETA.yml and MYMETA.json
no configure script, doing nothing
building
build flags: SHELL=/nix/store/9fqwwd4iybmhjqyxiaxycknslw6bgwh1-bash-4.4-p23/bin/bash
cp lib/Catalyst/Helper/View/JSON.pm blib/lib/Catalyst/Helper/View/JSON.pm
cp lib/Catalyst/View/JSON.pm blib/lib/Catalyst/View/JSON.pm
Manifying 2 pod documents
running tests
check flags: SHELL=/nix/store/9fqwwd4iybmhjqyxiaxycknslw6bgwh1-bash-4.4-p23/bin/bash VERBOSE=y test
PERL_DL_NONLAZY=1 "/nix/store/7c044di03qa7qgr5kjjc2d787aspzp0m-perl-5.32.0/bin/perl" "-MExtUtils::Command::MM" "-MTest::Harness" "-e" "undef *Test::Harness::Switches; test_harness(0, 'blib/lib', 'blib/arch')" t/*.t
t/00_compile.t .. ok
t/01_server.t ... 1/47 [error] Invalid callback parameter foobar(
[debug] Catalyst encoding config is set to encode in 'UTF-8', content type is 'euc-jp', not encoding
[warn] expose_stash should be an array reference, Regexp object, or key for a single stash entry.
[warn] Returning all stash entries
t/01_server.t ... ok
All tests successful.
Files=2, Tests=48,  1 wallclock secs ( 0.08 usr  0.07 sys +  1.11 cusr  0.59 csys =  1.85 CPU)
Result: PASS
installing
install flags: SHELL=/nix/store/9fqwwd4iybmhjqyxiaxycknslw6bgwh1-bash-4.4-p23/bin/bash pkgconfigdir=/nix/store/1v18j6xhxvndhm5r551njy0mni6a844j-perl5.32.0-Catalyst-View-JSON-0.37/lib/pkgconfig m4datadir=/nix/store/1v18j6xhxvndhm5r551njy0mni6a844j-perl5.32.0-Catalyst-View-JSON-0.37/share/aclocal aclocaldir=/nix/store/1v18j6xhxvndhm5r551njy0mni6a844j-perl5.32.0-Catalyst-View-JSON-0.37/share/aclocal install
Manifying 2 pod documents
Installing /nix/store/1v18j6xhxvndhm5r551njy0mni6a844j-perl5.32.0-Catalyst-View-JSON-0.37/lib/perl5/site_perl/5.32.0/Catalyst/View/JSON.pm
Installing /nix/store/1v18j6xhxvndhm5r551njy0mni6a844j-perl5.32.0-Catalyst-View-JSON-0.37/lib/perl5/site_perl/5.32.0/Catalyst/Helper/View/JSON.pm
Installing /nix/store/1v18j6xhxvndhm5r551njy0mni6a844j-perl5.32.0-Catalyst-View-JSON-0.37/share/man/man3/Catalyst::View::JSON.3
Installing /nix/store/1v18j6xhxvndhm5r551njy0mni6a844j-perl5.32.0-Catalyst-View-JSON-0.37/share/man/man3/Catalyst::Helper::View::JSON.3
Appending installation info to /nix/store/1v18j6xhxvndhm5r551njy0mni6a844j-perl5.32.0-Catalyst-View-JSON-0.37/lib/perl5/5.32.0/x86_64-linux-thread-multi/perllocal.pod
post-installation fixup
Moving /nix/store/1v18j6xhxvndhm5r551njy0mni6a844j-perl5.32.0-Catalyst-View-JSON-0.37/share/man/man3 to /nix/store/y0kc5c2v92qnnmbk1ss9xxzfc0xb1pdw-perl5.32.0-Catalyst-View-JSON-0.37-devdoc/share/man/man3
Removing empty /nix/store/1v18j6xhxvndhm5r551njy0mni6a844j-perl5.32.0-Catalyst-View-JSON-0.37/share/man/ and (possibly) its parents
shrinking RPATHs of ELF executables and libraries in /nix/store/1v18j6xhxvndhm5r551njy0mni6a844j-perl5.32.0-Catalyst-View-JSON-0.37
strip is /nix/store/psyzbhp4p088sb9qcs378hfbslcalasl-binutils-2.31.1/bin/strip
stripping (with command strip and flags -S) in /nix/store/1v18j6xhxvndhm5r551njy0mni6a844j-perl5.32.0-Catalyst-View-JSON-0.37/lib
patching script interpreter paths in /nix/store/1v18j6xhxvndhm5r551njy0mni6a844j-perl5.32.0-Catalyst-View-JSON-0.37
checking for references to /build/ in /nix/store/1v18j6xhxvndhm5r551njy0mni6a844j-perl5.32.0-Catalyst-View-JSON-0.37...
shrinking RPATHs of ELF executables and libraries in /nix/store/y0kc5c2v92qnnmbk1ss9xxzfc0xb1pdw-perl5.32.0-Catalyst-View-JSON-0.37-devdoc
gzipping man pages under /nix/store/y0kc5c2v92qnnmbk1ss9xxzfc0xb1pdw-perl5.32.0-Catalyst-View-JSON-0.37-devdoc/share/man/
strip is /nix/store/psyzbhp4p088sb9qcs378hfbslcalasl-binutils-2.31.1/bin/strip
patching script interpreter paths in /nix/store/y0kc5c2v92qnnmbk1ss9xxzfc0xb1pdw-perl5.32.0-Catalyst-View-JSON-0.37-devdoc
checking for references to /build/ in /nix/store/y0kc5c2v92qnnmbk1ss9xxzfc0xb1pdw-perl5.32.0-Catalyst-View-JSON-0.37-devdoc...
/nix/store/1v18j6xhxvndhm5r551njy0mni6a844j-perl5.32.0-Catalyst-View-JSON-0.37
