these derivations will be built:
  /nix/store/dxy7ac5dpigy20p3wbb1l1x3iihfry01-perl5.32.0-Catalyst-View-Download-0.09.drv
these paths will be fetched (0.08 MiB download, 0.08 MiB unpacked):
  /nix/store/a3b85p9kwvv0pivffgdz0g0yhiirxj4v-Catalyst-View-Download-0.09.tar.gz
copying path '/nix/store/a3b85p9kwvv0pivffgdz0g0yhiirxj4v-Catalyst-View-Download-0.09.tar.gz' from 'https://cache.nixos.org'...
building '/nix/store/dxy7ac5dpigy20p3wbb1l1x3iihfry01-perl5.32.0-Catalyst-View-Download-0.09.drv'...
unpacking sources
unpacking source archive /nix/store/a3b85p9kwvv0pivffgdz0g0yhiirxj4v-Catalyst-View-Download-0.09.tar.gz
source root is Catalyst-View-Download-0.09
setting SOURCE_DATE_EPOCH to timestamp 1371135167 of file Catalyst-View-Download-0.09/MANIFEST
patching sources
configuring
patching ./t/lib/script/testapp_server.pl...
patching ./t/lib/script/testapp_test.pl...
patching ./t/00-load.t...
patching ./t/author/pod-coverage.t...
patching ./t/author/pod.t...
patching ./t/01-live-test.t...
Cannot determine perl version info from lib/Catalyst/View/Download.pm
Checking if your kit is complete...
Warning: the following files are missing in your kit:
        gitignore
Please inform the author.
Generating a Unix-style Makefile
Writing Makefile for Catalyst::View::Download
Writing MYMETA.yml and MYMETA.json
no configure script, doing nothing
building
build flags: SHELL=/nix/store/9fqwwd4iybmhjqyxiaxycknslw6bgwh1-bash-4.4-p23/bin/bash
cp lib/Catalyst/View/Download/CSV.pm blib/lib/Catalyst/View/Download/CSV.pm
cp lib/Catalyst/View/Download/HTML.pm blib/lib/Catalyst/View/Download/HTML.pm
cp lib/Catalyst/Helper/View/Download.pm blib/lib/Catalyst/Helper/View/Download.pm
cp lib/Catalyst/View/Download/XML.pm blib/lib/Catalyst/View/Download/XML.pm
cp lib/Catalyst/View/Download/Plain.pm blib/lib/Catalyst/View/Download/Plain.pm
cp lib/Catalyst/View/Download.pm blib/lib/Catalyst/View/Download.pm
Manifying 6 pod documents
running tests
check flags: SHELL=/nix/store/9fqwwd4iybmhjqyxiaxycknslw6bgwh1-bash-4.4-p23/bin/bash VERBOSE=y test
PERL_DL_NONLAZY=1 "/nix/store/7c044di03qa7qgr5kjjc2d787aspzp0m-perl-5.32.0/bin/perl" "-MExtUtils::Command::MM" "-MTest::Harness" "-e" "undef *Test::Harness::Switches; test_harness(0, 'inc', 'blib/lib', 'blib/arch')" t/*.t
t/00-load.t ....... ok
t/01-live-test.t .. ok
All tests successful.
Files=2, Tests=16,  2 wallclock secs ( 0.08 usr  0.08 sys +  1.36 cusr  0.88 csys =  2.40 CPU)
Result: PASS
installing
install flags: SHELL=/nix/store/9fqwwd4iybmhjqyxiaxycknslw6bgwh1-bash-4.4-p23/bin/bash pkgconfigdir=/nix/store/sbnpk7kx74d7b72jqgynrsgrh0xkqq22-perl5.32.0-Catalyst-View-Download-0.09/lib/pkgconfig m4datadir=/nix/store/sbnpk7kx74d7b72jqgynrsgrh0xkqq22-perl5.32.0-Catalyst-View-Download-0.09/share/aclocal aclocaldir=/nix/store/sbnpk7kx74d7b72jqgynrsgrh0xkqq22-perl5.32.0-Catalyst-View-Download-0.09/share/aclocal install
Manifying 6 pod documents
Installing /nix/store/sbnpk7kx74d7b72jqgynrsgrh0xkqq22-perl5.32.0-Catalyst-View-Download-0.09/lib/perl5/site_perl/5.32.0/Catalyst/View/Download.pm
Installing /nix/store/sbnpk7kx74d7b72jqgynrsgrh0xkqq22-perl5.32.0-Catalyst-View-Download-0.09/lib/perl5/site_perl/5.32.0/Catalyst/View/Download/Plain.pm
Installing /nix/store/sbnpk7kx74d7b72jqgynrsgrh0xkqq22-perl5.32.0-Catalyst-View-Download-0.09/lib/perl5/site_perl/5.32.0/Catalyst/View/Download/CSV.pm
Installing /nix/store/sbnpk7kx74d7b72jqgynrsgrh0xkqq22-perl5.32.0-Catalyst-View-Download-0.09/lib/perl5/site_perl/5.32.0/Catalyst/View/Download/HTML.pm
Installing /nix/store/sbnpk7kx74d7b72jqgynrsgrh0xkqq22-perl5.32.0-Catalyst-View-Download-0.09/lib/perl5/site_perl/5.32.0/Catalyst/View/Download/XML.pm
Installing /nix/store/sbnpk7kx74d7b72jqgynrsgrh0xkqq22-perl5.32.0-Catalyst-View-Download-0.09/lib/perl5/site_perl/5.32.0/Catalyst/Helper/View/Download.pm
Installing /nix/store/sbnpk7kx74d7b72jqgynrsgrh0xkqq22-perl5.32.0-Catalyst-View-Download-0.09/share/man/man3/Catalyst::View::Download::Plain.3
Installing /nix/store/sbnpk7kx74d7b72jqgynrsgrh0xkqq22-perl5.32.0-Catalyst-View-Download-0.09/share/man/man3/Catalyst::Helper::View::Download.3
Installing /nix/store/sbnpk7kx74d7b72jqgynrsgrh0xkqq22-perl5.32.0-Catalyst-View-Download-0.09/share/man/man3/Catalyst::View::Download::XML.3
Installing /nix/store/sbnpk7kx74d7b72jqgynrsgrh0xkqq22-perl5.32.0-Catalyst-View-Download-0.09/share/man/man3/Catalyst::View::Download::CSV.3
Installing /nix/store/sbnpk7kx74d7b72jqgynrsgrh0xkqq22-perl5.32.0-Catalyst-View-Download-0.09/share/man/man3/Catalyst::View::Download::HTML.3
Installing /nix/store/sbnpk7kx74d7b72jqgynrsgrh0xkqq22-perl5.32.0-Catalyst-View-Download-0.09/share/man/man3/Catalyst::View::Download.3
Appending installation info to /nix/store/sbnpk7kx74d7b72jqgynrsgrh0xkqq22-perl5.32.0-Catalyst-View-Download-0.09/lib/perl5/5.32.0/x86_64-linux-thread-multi/perllocal.pod
post-installation fixup
Moving /nix/store/sbnpk7kx74d7b72jqgynrsgrh0xkqq22-perl5.32.0-Catalyst-View-Download-0.09/share/man/man3 to /nix/store/k15q44xgfqidcdrwnxafffqmz6184338-perl5.32.0-Catalyst-View-Download-0.09-devdoc/share/man/man3
Removing empty /nix/store/sbnpk7kx74d7b72jqgynrsgrh0xkqq22-perl5.32.0-Catalyst-View-Download-0.09/share/man/ and (possibly) its parents
shrinking RPATHs of ELF executables and libraries in /nix/store/sbnpk7kx74d7b72jqgynrsgrh0xkqq22-perl5.32.0-Catalyst-View-Download-0.09
strip is /nix/store/psyzbhp4p088sb9qcs378hfbslcalasl-binutils-2.31.1/bin/strip
stripping (with command strip and flags -S) in /nix/store/sbnpk7kx74d7b72jqgynrsgrh0xkqq22-perl5.32.0-Catalyst-View-Download-0.09/lib
patching script interpreter paths in /nix/store/sbnpk7kx74d7b72jqgynrsgrh0xkqq22-perl5.32.0-Catalyst-View-Download-0.09
checking for references to /build/ in /nix/store/sbnpk7kx74d7b72jqgynrsgrh0xkqq22-perl5.32.0-Catalyst-View-Download-0.09...
shrinking RPATHs of ELF executables and libraries in /nix/store/k15q44xgfqidcdrwnxafffqmz6184338-perl5.32.0-Catalyst-View-Download-0.09-devdoc
gzipping man pages under /nix/store/k15q44xgfqidcdrwnxafffqmz6184338-perl5.32.0-Catalyst-View-Download-0.09-devdoc/share/man/
strip is /nix/store/psyzbhp4p088sb9qcs378hfbslcalasl-binutils-2.31.1/bin/strip
patching script interpreter paths in /nix/store/k15q44xgfqidcdrwnxafffqmz6184338-perl5.32.0-Catalyst-View-Download-0.09-devdoc
checking for references to /build/ in /nix/store/k15q44xgfqidcdrwnxafffqmz6184338-perl5.32.0-Catalyst-View-Download-0.09-devdoc...
/nix/store/sbnpk7kx74d7b72jqgynrsgrh0xkqq22-perl5.32.0-Catalyst-View-Download-0.09
