these derivations will be built:
  /nix/store/scycj8zy2v0ppsxz7ph8g81piwshjqls-perl5.32.0-Catalyst-Plugin-AccessLog-1.10.drv
these paths will be fetched (0.01 MiB download, 0.01 MiB unpacked):
  /nix/store/l8x8bd01n6w2fb5kikz5nyl2ha4hdzar-Catalyst-Plugin-AccessLog-1.10.tar.gz
copying path '/nix/store/l8x8bd01n6w2fb5kikz5nyl2ha4hdzar-Catalyst-Plugin-AccessLog-1.10.tar.gz' from 'https://cache.nixos.org'...
building '/nix/store/scycj8zy2v0ppsxz7ph8g81piwshjqls-perl5.32.0-Catalyst-Plugin-AccessLog-1.10.drv'...
unpacking sources
unpacking source archive /nix/store/l8x8bd01n6w2fb5kikz5nyl2ha4hdzar-Catalyst-Plugin-AccessLog-1.10.tar.gz
source root is Catalyst-Plugin-AccessLog-1.10
setting SOURCE_DATE_EPOCH to timestamp 1430334239 of file Catalyst-Plugin-AccessLog-1.10/t/01-basic.t
patching sources
configuring
Checking if your kit is complete...
Looks good
Generating a Unix-style Makefile
Writing Makefile for Catalyst::Plugin::AccessLog
Writing MYMETA.yml and MYMETA.json
no configure script, doing nothing
building
build flags: SHELL=/nix/store/9fqwwd4iybmhjqyxiaxycknslw6bgwh1-bash-4.4-p23/bin/bash
cp lib/Catalyst/Plugin/AccessLog/Formatter.pm blib/lib/Catalyst/Plugin/AccessLog/Formatter.pm
cp lib/Catalyst/Plugin/AccessLog.pm blib/lib/Catalyst/Plugin/AccessLog.pm
Manifying 2 pod documents
running tests
check flags: SHELL=/nix/store/9fqwwd4iybmhjqyxiaxycknslw6bgwh1-bash-4.4-p23/bin/bash VERBOSE=y test
PERL_DL_NONLAZY=1 "/nix/store/7c044di03qa7qgr5kjjc2d787aspzp0m-perl-5.32.0/bin/perl" "-MExtUtils::Command::MM" "-MTest::Harness" "-e" "undef *Test::Harness::Switches; test_harness(0, 'blib/lib', 'blib/arch')" t/*.t
t/01-basic.t .. ok
All tests successful.
Files=1, Tests=1,  1 wallclock secs ( 0.07 usr  0.07 sys +  0.41 cusr  0.41 csys =  0.96 CPU)
Result: PASS
installing
install flags: SHELL=/nix/store/9fqwwd4iybmhjqyxiaxycknslw6bgwh1-bash-4.4-p23/bin/bash pkgconfigdir=/nix/store/x9kssaljr7lhv151lihz0irmr92zjrdw-perl5.32.0-Catalyst-Plugin-AccessLog-1.10/lib/pkgconfig m4datadir=/nix/store/x9kssaljr7lhv151lihz0irmr92zjrdw-perl5.32.0-Catalyst-Plugin-AccessLog-1.10/share/aclocal aclocaldir=/nix/store/x9kssaljr7lhv151lihz0irmr92zjrdw-perl5.32.0-Catalyst-Plugin-AccessLog-1.10/share/aclocal install
Manifying 2 pod documents
Installing /nix/store/x9kssaljr7lhv151lihz0irmr92zjrdw-perl5.32.0-Catalyst-Plugin-AccessLog-1.10/lib/perl5/site_perl/5.32.0/Catalyst/Plugin/AccessLog.pm
Installing /nix/store/x9kssaljr7lhv151lihz0irmr92zjrdw-perl5.32.0-Catalyst-Plugin-AccessLog-1.10/lib/perl5/site_perl/5.32.0/Catalyst/Plugin/AccessLog/Formatter.pm
Installing /nix/store/x9kssaljr7lhv151lihz0irmr92zjrdw-perl5.32.0-Catalyst-Plugin-AccessLog-1.10/share/man/man3/Catalyst::Plugin::AccessLog::Formatter.3
Installing /nix/store/x9kssaljr7lhv151lihz0irmr92zjrdw-perl5.32.0-Catalyst-Plugin-AccessLog-1.10/share/man/man3/Catalyst::Plugin::AccessLog.3
Appending installation info to /nix/store/x9kssaljr7lhv151lihz0irmr92zjrdw-perl5.32.0-Catalyst-Plugin-AccessLog-1.10/lib/perl5/5.32.0/x86_64-linux-thread-multi/perllocal.pod
post-installation fixup
Moving /nix/store/x9kssaljr7lhv151lihz0irmr92zjrdw-perl5.32.0-Catalyst-Plugin-AccessLog-1.10/share/man/man3 to /nix/store/85fzffls0g94nq7z25ff9qg8vm3xva7p-perl5.32.0-Catalyst-Plugin-AccessLog-1.10-devdoc/share/man/man3
Removing empty /nix/store/x9kssaljr7lhv151lihz0irmr92zjrdw-perl5.32.0-Catalyst-Plugin-AccessLog-1.10/share/man/ and (possibly) its parents
shrinking RPATHs of ELF executables and libraries in /nix/store/x9kssaljr7lhv151lihz0irmr92zjrdw-perl5.32.0-Catalyst-Plugin-AccessLog-1.10
strip is /nix/store/psyzbhp4p088sb9qcs378hfbslcalasl-binutils-2.31.1/bin/strip
stripping (with command strip and flags -S) in /nix/store/x9kssaljr7lhv151lihz0irmr92zjrdw-perl5.32.0-Catalyst-Plugin-AccessLog-1.10/lib
patching script interpreter paths in /nix/store/x9kssaljr7lhv151lihz0irmr92zjrdw-perl5.32.0-Catalyst-Plugin-AccessLog-1.10
checking for references to /build/ in /nix/store/x9kssaljr7lhv151lihz0irmr92zjrdw-perl5.32.0-Catalyst-Plugin-AccessLog-1.10...
shrinking RPATHs of ELF executables and libraries in /nix/store/85fzffls0g94nq7z25ff9qg8vm3xva7p-perl5.32.0-Catalyst-Plugin-AccessLog-1.10-devdoc
gzipping man pages under /nix/store/85fzffls0g94nq7z25ff9qg8vm3xva7p-perl5.32.0-Catalyst-Plugin-AccessLog-1.10-devdoc/share/man/
strip is /nix/store/psyzbhp4p088sb9qcs378hfbslcalasl-binutils-2.31.1/bin/strip
patching script interpreter paths in /nix/store/85fzffls0g94nq7z25ff9qg8vm3xva7p-perl5.32.0-Catalyst-Plugin-AccessLog-1.10-devdoc
checking for references to /build/ in /nix/store/85fzffls0g94nq7z25ff9qg8vm3xva7p-perl5.32.0-Catalyst-Plugin-AccessLog-1.10-devdoc...
/nix/store/x9kssaljr7lhv151lihz0irmr92zjrdw-perl5.32.0-Catalyst-Plugin-AccessLog-1.10
