these derivations will be built:
  /nix/store/q05734p43075rw88gshccs23m6b3qr6w-perl5.32.0-FCGI-0.79.drv
  /nix/store/s8grxk10rzblifpy73nkjfsq0j09ajz9-perl5.32.0-CGI-Fast-2.15.drv
these paths will be fetched (0.10 MiB download, 0.10 MiB unpacked):
  /nix/store/5w00my9xpw3rxdrxfk76mcjznp7dxf76-FCGI-0.79.tar.gz
  /nix/store/a7wvnrcdbj7v8ma1jqv61ck3ycz4aycb-CGI-Fast-2.15.tar.gz
copying path '/nix/store/a7wvnrcdbj7v8ma1jqv61ck3ycz4aycb-CGI-Fast-2.15.tar.gz' from 'https://cache.nixos.org'...
copying path '/nix/store/5w00my9xpw3rxdrxfk76mcjznp7dxf76-FCGI-0.79.tar.gz' from 'https://cache.nixos.org'...
building '/nix/store/q05734p43075rw88gshccs23m6b3qr6w-perl5.32.0-FCGI-0.79.drv'...
unpacking sources
unpacking source archive /nix/store/5w00my9xpw3rxdrxfk76mcjznp7dxf76-FCGI-0.79.tar.gz
source root is FCGI-0.79
setting SOURCE_DATE_EPOCH to timestamp 1576348119 of file FCGI-0.79/os_win32.c
patching sources
configuring
patching ./configure...
patching ./eg/threaded.pl...
patching ./eg/echo.pl...
patching ./eg/remote.pl...
Checking if your kit is complete...
Looks good
Generating a Unix-style Makefile
Writing Makefile for FCGI
Writing MYMETA.yml and MYMETA.json
Running ./configure for you
Please read configure.readme for information on how to run it yourself
checking for gcc... cc
checking whether the C compiler works... yes
checking for C compiler default output file name... a.out
checking for suffix of executables...
checking whether we are cross compiling... no
checking for suffix of object files... o
checking whether we are using the GNU C compiler... yes
checking whether cc accepts -g... yes
checking for cc option to accept ISO C89... none needed
checking how to run the C preprocessor... cc -E
checking for grep that handles long lines and -e... /nix/store/0b0kdaczss42xfn3wdpz83sjhnsk2708-gnugrep-3.4/bin/grep
checking for egrep... /nix/store/0b0kdaczss42xfn3wdpz83sjhnsk2708-gnugrep-3.4/bin/grep -E
checking for ANSI C header files... yes
checking for sys/types.h... yes
checking for sys/stat.h... yes
checking for stdlib.h... yes
checking for string.h... yes
checking for memory.h... yes
checking for strings.h... yes
checking for inttypes.h... yes
checking for stdint.h... yes
checking for unistd.h... yes
checking for ssize_t... yes
checking for sun_len in sys/un.h... no
checking for fpos_t in stdio.h... yes
checking sys/socket.h usability... yes
checking sys/socket.h presence... yes
checking for sys/socket.h... yes
checking netdb.h usability... yes
checking netdb.h presence... yes
checking for netdb.h... yes
checking netinet/in.h usability... yes
checking netinet/in.h presence... yes
checking for netinet/in.h... yes
checking arpa/inet.h usability... yes
checking arpa/inet.h presence... yes
checking for arpa/inet.h... yes
checking sys/time.h usability... yes
checking sys/time.h presence... yes
checking for sys/time.h... yes
checking limits.h usability... yes
checking limits.h presence... yes
checking for limits.h... yes
checking sys/param.h usability... yes
checking sys/param.h presence... yes
checking for sys/param.h... yes
checking for unistd.h... (cached) yes
checking for a fileno() prototype in stdio.h... yes
checking whether cross-process locking is required by accept()... no
checking whether va_arg(arg, long double) crashes the compiler... no
checking for an ANSI C-conforming const... yes
configure: creating ./config.status
config.status: creating fcgi_config.h
configure flags: --prefix=/nix/store/wxac9r2b9yr1h8bxj0sm6xhvf4ag5gw5-perl5.32.0-FCGI-0.79 --bindir=/nix/store/wxac9r2b9yr1h8bxj0sm6xhvf4ag5gw5-perl5.32.0-FCGI-0.79/bin --sbindir=/nix/store/wxac9r2b9yr1h8bxj0sm6xhvf4ag5gw5-perl5.32.0-FCGI-0.79/sbin --includedir=/nix/store/wxac9r2b9yr1h8bxj0sm6xhvf4ag5gw5-perl5.32.0-FCGI-0.79/include --oldincludedir=/nix/store/wxac9r2b9yr1h8bxj0sm6xhvf4ag5gw5-perl5.32.0-FCGI-0.79/include --mandir=/nix/store/wxac9r2b9yr1h8bxj0sm6xhvf4ag5gw5-perl5.32.0-FCGI-0.79/share/man --infodir=/nix/store/wxac9r2b9yr1h8bxj0sm6xhvf4ag5gw5-perl5.32.0-FCGI-0.79/share/info --docdir=/nix/store/wxac9r2b9yr1h8bxj0sm6xhvf4ag5gw5-perl5.32.0-FCGI-0.79/share/doc/perl5.32.0-FCGI --libdir=/nix/store/wxac9r2b9yr1h8bxj0sm6xhvf4ag5gw5-perl5.32.0-FCGI-0.79/lib --libexecdir=/nix/store/wxac9r2b9yr1h8bxj0sm6xhvf4ag5gw5-perl5.32.0-FCGI-0.79/libexec --localedir=/nix/store/wxac9r2b9yr1h8bxj0sm6xhvf4ag5gw5-perl5.32.0-FCGI-0.79/share/locale
checking for gcc... gcc
checking whether the C compiler works... yes
checking for C compiler default output file name... a.out
checking for suffix of executables...
checking whether we are cross compiling... no
checking for suffix of object files... o
checking whether we are using the GNU C compiler... yes
checking whether gcc accepts -g... yes
checking for gcc option to accept ISO C89... none needed
checking how to run the C preprocessor... gcc -E
checking for grep that handles long lines and -e... /nix/store/0b0kdaczss42xfn3wdpz83sjhnsk2708-gnugrep-3.4/bin/grep
checking for egrep... /nix/store/0b0kdaczss42xfn3wdpz83sjhnsk2708-gnugrep-3.4/bin/grep -E
checking for ANSI C header files... yes
checking for sys/types.h... yes
checking for sys/stat.h... yes
checking for stdlib.h... yes
checking for string.h... yes
checking for memory.h... yes
checking for strings.h... yes
checking for inttypes.h... yes
checking for stdint.h... yes
checking for unistd.h... yes
checking for ssize_t... yes
checking for sun_len in sys/un.h... no
checking for fpos_t in stdio.h... yes
checking sys/socket.h usability... yes
checking sys/socket.h presence... yes
checking for sys/socket.h... yes
checking netdb.h usability... yes
checking netdb.h presence... yes
checking for netdb.h... yes
checking netinet/in.h usability... yes
checking netinet/in.h presence... yes
checking for netinet/in.h... yes
checking arpa/inet.h usability... yes
checking arpa/inet.h presence... yes
checking for arpa/inet.h... yes
checking sys/time.h usability... yes
checking sys/time.h presence... yes
checking for sys/time.h... yes
checking limits.h usability... yes
checking limits.h presence... yes
checking for limits.h... yes
checking sys/param.h usability... yes
checking sys/param.h presence... yes
checking for sys/param.h... yes
checking for unistd.h... (cached) yes
checking for a fileno() prototype in stdio.h... yes
checking whether cross-process locking is required by accept()... no
checking whether va_arg(arg, long double) crashes the compiler... no
checking for an ANSI C-conforming const... yes
configure: creating ./config.status
config.status: creating fcgi_config.h
config.status: fcgi_config.h is unchanged
building
build flags: SHELL=/nix/store/9fqwwd4iybmhjqyxiaxycknslw6bgwh1-bash-4.4-p23/bin/bash
cp FCGI.pm blib/arch/FCGI.pm
Running Mkbootstrap for FCGI ()
chmod 644 "FCGI.bs"
"/nix/store/7c044di03qa7qgr5kjjc2d787aspzp0m-perl-5.32.0/bin/perl" -MExtUtils::Command::MM -e 'cp_nonempty' -- FCGI.bs blib/arch/auto/FCGI/FCGI.bs 644
"/nix/store/7c044di03qa7qgr5kjjc2d787aspzp0m-perl-5.32.0/bin/perl" "/nix/store/7c044di03qa7qgr5kjjc2d787aspzp0m-perl-5.32.0/lib/perl5/5.32.0/ExtUtils/xsubpp"  -typemap '/nix/store/7c044di03qa7qgr5kjjc2d787aspzp0m-perl-5.32.0/lib/perl5/5.32.0/ExtUtils/typemap' -typemap '/build/FCGI-0.79/typemap'  FCGI.xs > FCGI.xsc
mv FCGI.xsc FCGI.c
cc -c  -I. -D_REENTRANT -D_GNU_SOURCE -fwrapv -fno-strict-aliasing -pipe -fstack-protector-strong -I/no-such-path/include -D_LARGEFILE_SOURCE -D_FILE_OFFSET_BITS=64 -O2   -DVERSION=\"0.79\" -DXS_VERSION=\"0.79\" -fPIC "-I/nix/store/7c044di03qa7qgr5kjjc2d787aspzp0m-perl-5.32.0/lib/perl5/5.32.0/x86_64-linux-thread-multi/CORE"   FCGI.c
cc -c  -I. -D_REENTRANT -D_GNU_SOURCE -fwrapv -fno-strict-aliasing -pipe -fstack-protector-strong -I/no-such-path/include -D_LARGEFILE_SOURCE -D_FILE_OFFSET_BITS=64 -O2   -DVERSION=\"0.79\" -DXS_VERSION=\"0.79\" -fPIC "-I/nix/store/7c044di03qa7qgr5kjjc2d787aspzp0m-perl-5.32.0/lib/perl5/5.32.0/x86_64-linux-thread-multi/CORE"   fcgiapp.c
cc -c  -I. -D_REENTRANT -D_GNU_SOURCE -fwrapv -fno-strict-aliasing -pipe -fstack-protector-strong -I/no-such-path/include -D_LARGEFILE_SOURCE -D_FILE_OFFSET_BITS=64 -O2   -DVERSION=\"0.79\" -DXS_VERSION=\"0.79\" -fPIC "-I/nix/store/7c044di03qa7qgr5kjjc2d787aspzp0m-perl-5.32.0/lib/perl5/5.32.0/x86_64-linux-thread-multi/CORE"   os_unix.c
rm -f blib/arch/auto/FCGI/FCGI.so
cc  -shared -O2 -L/nix/store/68pw3wxwkrx0rwzjifm7g1jxy5g2sg1p-glibc-2.31/lib -fstack-protector-strong  FCGI.o fcgiapp.o os_unix.o  -o blib/arch/auto/FCGI/FCGI.so  \
      \

chmod 755 blib/arch/auto/FCGI/FCGI.so
Manifying 1 pod document
running tests
check flags: SHELL=/nix/store/9fqwwd4iybmhjqyxiaxycknslw6bgwh1-bash-4.4-p23/bin/bash VERBOSE=y test
"/nix/store/7c044di03qa7qgr5kjjc2d787aspzp0m-perl-5.32.0/bin/perl" -MExtUtils::Command::MM -e 'cp_nonempty' -- FCGI.bs blib/arch/auto/FCGI/FCGI.bs 644
PERL_DL_NONLAZY=1 "/nix/store/7c044di03qa7qgr5kjjc2d787aspzp0m-perl-5.32.0/bin/perl" "-Iblib/lib" "-Iblib/arch" test.pl
1..1
# Running under perl version 5.032000 for linux
# Current time local: Wed Jul 15 02:47:24 2020
# Current time GMT:   Wed Jul 15 02:47:24 2020
# Using Test.pm version 1.31
ok 1
installing
install flags: SHELL=/nix/store/9fqwwd4iybmhjqyxiaxycknslw6bgwh1-bash-4.4-p23/bin/bash pkgconfigdir=/nix/store/wxac9r2b9yr1h8bxj0sm6xhvf4ag5gw5-perl5.32.0-FCGI-0.79/lib/pkgconfig m4datadir=/nix/store/wxac9r2b9yr1h8bxj0sm6xhvf4ag5gw5-perl5.32.0-FCGI-0.79/share/aclocal aclocaldir=/nix/store/wxac9r2b9yr1h8bxj0sm6xhvf4ag5gw5-perl5.32.0-FCGI-0.79/share/aclocal install
"/nix/store/7c044di03qa7qgr5kjjc2d787aspzp0m-perl-5.32.0/bin/perl" -MExtUtils::Command::MM -e 'cp_nonempty' -- FCGI.bs blib/arch/auto/FCGI/FCGI.bs 644
Manifying 1 pod document
Files found in blib/arch: installing files in blib/lib into architecture dependent library tree
Installing /nix/store/wxac9r2b9yr1h8bxj0sm6xhvf4ag5gw5-perl5.32.0-FCGI-0.79/lib/perl5/site_perl/5.32.0/x86_64-linux-thread-multi/FCGI.pm
Installing /nix/store/wxac9r2b9yr1h8bxj0sm6xhvf4ag5gw5-perl5.32.0-FCGI-0.79/lib/perl5/site_perl/5.32.0/x86_64-linux-thread-multi/auto/FCGI/FCGI.so
Installing /nix/store/wxac9r2b9yr1h8bxj0sm6xhvf4ag5gw5-perl5.32.0-FCGI-0.79/share/man/man3/FCGI.3
Appending installation info to /nix/store/wxac9r2b9yr1h8bxj0sm6xhvf4ag5gw5-perl5.32.0-FCGI-0.79/lib/perl5/5.32.0/x86_64-linux-thread-multi/perllocal.pod
post-installation fixup
Moving /nix/store/wxac9r2b9yr1h8bxj0sm6xhvf4ag5gw5-perl5.32.0-FCGI-0.79/share/man/man3 to /nix/store/fs37qx8zdlrmv3llg8m2b5v18kdir60s-perl5.32.0-FCGI-0.79-devdoc/share/man/man3
Removing empty /nix/store/wxac9r2b9yr1h8bxj0sm6xhvf4ag5gw5-perl5.32.0-FCGI-0.79/share/man/ and (possibly) its parents
shrinking RPATHs of ELF executables and libraries in /nix/store/wxac9r2b9yr1h8bxj0sm6xhvf4ag5gw5-perl5.32.0-FCGI-0.79
shrinking /nix/store/wxac9r2b9yr1h8bxj0sm6xhvf4ag5gw5-perl5.32.0-FCGI-0.79/lib/perl5/site_perl/5.32.0/x86_64-linux-thread-multi/auto/FCGI/FCGI.so
strip is /nix/store/psyzbhp4p088sb9qcs378hfbslcalasl-binutils-2.31.1/bin/strip
stripping (with command strip and flags -S) in /nix/store/wxac9r2b9yr1h8bxj0sm6xhvf4ag5gw5-perl5.32.0-FCGI-0.79/lib
patching script interpreter paths in /nix/store/wxac9r2b9yr1h8bxj0sm6xhvf4ag5gw5-perl5.32.0-FCGI-0.79
checking for references to /build/ in /nix/store/wxac9r2b9yr1h8bxj0sm6xhvf4ag5gw5-perl5.32.0-FCGI-0.79...
shrinking RPATHs of ELF executables and libraries in /nix/store/fs37qx8zdlrmv3llg8m2b5v18kdir60s-perl5.32.0-FCGI-0.79-devdoc
gzipping man pages under /nix/store/fs37qx8zdlrmv3llg8m2b5v18kdir60s-perl5.32.0-FCGI-0.79-devdoc/share/man/
strip is /nix/store/psyzbhp4p088sb9qcs378hfbslcalasl-binutils-2.31.1/bin/strip
patching script interpreter paths in /nix/store/fs37qx8zdlrmv3llg8m2b5v18kdir60s-perl5.32.0-FCGI-0.79-devdoc
checking for references to /build/ in /nix/store/fs37qx8zdlrmv3llg8m2b5v18kdir60s-perl5.32.0-FCGI-0.79-devdoc...
building '/nix/store/s8grxk10rzblifpy73nkjfsq0j09ajz9-perl5.32.0-CGI-Fast-2.15.drv'...
unpacking sources
unpacking source archive /nix/store/a7wvnrcdbj7v8ma1jqv61ck3ycz4aycb-CGI-Fast-2.15.tar.gz
source root is CGI-Fast-2.15
setting SOURCE_DATE_EPOCH to timestamp 1554099574 of file CGI-Fast-2.15/META.yml
patching sources
configuring
patching ./t/004_fcgi_file_handles.t...
patching ./t/001_basic.t...
patching ./t/007_socket_perm.t...
patching ./t/003_env_pollution.t...
patching ./t/006_changes.t...
patching ./t/005_no_file_handles.t...
patching ./t/002_import.t...
Checking if your kit is complete...
Looks good
Warning: LINKTYPE set to '', no longer necessary
Generating a Unix-style Makefile
Writing Makefile for CGI::Fast
Writing MYMETA.yml and MYMETA.json
no configure script, doing nothing
building
build flags: SHELL=/nix/store/9fqwwd4iybmhjqyxiaxycknslw6bgwh1-bash-4.4-p23/bin/bash
cp lib/CGI/Fast.pm blib/lib/CGI/Fast.pm
Manifying 1 pod document
installing
install flags: SHELL=/nix/store/9fqwwd4iybmhjqyxiaxycknslw6bgwh1-bash-4.4-p23/bin/bash pkgconfigdir=/nix/store/213j8k5njykhwpkfqfhr20z7sl01rp7w-perl5.32.0-CGI-Fast-2.15/lib/pkgconfig m4datadir=/nix/store/213j8k5njykhwpkfqfhr20z7sl01rp7w-perl5.32.0-CGI-Fast-2.15/share/aclocal aclocaldir=/nix/store/213j8k5njykhwpkfqfhr20z7sl01rp7w-perl5.32.0-CGI-Fast-2.15/share/aclocal install
Manifying 1 pod document
Installing /nix/store/213j8k5njykhwpkfqfhr20z7sl01rp7w-perl5.32.0-CGI-Fast-2.15/lib/perl5/site_perl/5.32.0/CGI/Fast.pm
Installing /nix/store/213j8k5njykhwpkfqfhr20z7sl01rp7w-perl5.32.0-CGI-Fast-2.15/share/man/man3/CGI::Fast.3
Appending installation info to /nix/store/213j8k5njykhwpkfqfhr20z7sl01rp7w-perl5.32.0-CGI-Fast-2.15/lib/perl5/5.32.0/x86_64-linux-thread-multi/perllocal.pod
post-installation fixup
Moving /nix/store/213j8k5njykhwpkfqfhr20z7sl01rp7w-perl5.32.0-CGI-Fast-2.15/share/man/man3 to /nix/store/gw9szz1hbf7b56lnp17npqcbz2qa78yl-perl5.32.0-CGI-Fast-2.15-devdoc/share/man/man3
Removing empty /nix/store/213j8k5njykhwpkfqfhr20z7sl01rp7w-perl5.32.0-CGI-Fast-2.15/share/man/ and (possibly) its parents
shrinking RPATHs of ELF executables and libraries in /nix/store/213j8k5njykhwpkfqfhr20z7sl01rp7w-perl5.32.0-CGI-Fast-2.15
strip is /nix/store/psyzbhp4p088sb9qcs378hfbslcalasl-binutils-2.31.1/bin/strip
stripping (with command strip and flags -S) in /nix/store/213j8k5njykhwpkfqfhr20z7sl01rp7w-perl5.32.0-CGI-Fast-2.15/lib
patching script interpreter paths in /nix/store/213j8k5njykhwpkfqfhr20z7sl01rp7w-perl5.32.0-CGI-Fast-2.15
checking for references to /build/ in /nix/store/213j8k5njykhwpkfqfhr20z7sl01rp7w-perl5.32.0-CGI-Fast-2.15...
shrinking RPATHs of ELF executables and libraries in /nix/store/gw9szz1hbf7b56lnp17npqcbz2qa78yl-perl5.32.0-CGI-Fast-2.15-devdoc
gzipping man pages under /nix/store/gw9szz1hbf7b56lnp17npqcbz2qa78yl-perl5.32.0-CGI-Fast-2.15-devdoc/share/man/
strip is /nix/store/psyzbhp4p088sb9qcs378hfbslcalasl-binutils-2.31.1/bin/strip
patching script interpreter paths in /nix/store/gw9szz1hbf7b56lnp17npqcbz2qa78yl-perl5.32.0-CGI-Fast-2.15-devdoc
checking for references to /build/ in /nix/store/gw9szz1hbf7b56lnp17npqcbz2qa78yl-perl5.32.0-CGI-Fast-2.15-devdoc...
/nix/store/213j8k5njykhwpkfqfhr20z7sl01rp7w-perl5.32.0-CGI-Fast-2.15
