these derivations will be built:
  /nix/store/n3l9yl4060c32h0iriin8kxdyncjv01c-perl5.32.0-Cisco-IPPhone-0.05.drv
building '/nix/store/n3l9yl4060c32h0iriin8kxdyncjv01c-perl5.32.0-Cisco-IPPhone-0.05.drv'...
unpacking sources
unpacking source archive /nix/store/sxj5v3r62gajsvfapn42lj61l2wxvi1c-Cisco-IPPhone-0.05.tar.gz
source root is Cisco-IPPhone-0.05
setting SOURCE_DATE_EPOCH to timestamp 1038903496 of file Cisco-IPPhone-0.05/examples/iconmenu.cgi
patching sources
configuring
patching ./graphics/cip2img...
patching ./graphics/img2cip...
patching ./examples/ticker.cgi...
patching ./examples/image.cgi...
patching ./examples/nfl.cgi...
patching ./examples/printenv.cgi...
patching ./examples/directory.cgi...
patching ./examples/menu.cgi...
patching ./examples/iconmenu.cgi...
patching ./examples/text.cgi...
patching ./examples/image_ibm.cgi...
patching ./examples/response.cgi...
patching ./examples/input.cgi...
patching ./examples/weatherinput.cgi...
patching ./examples/error.cgi...
patching ./examples/execute.cgi...
patching ./examples/imagecap.cgi...
patching ./examples/graphicmenu.cgi...
patching ./examples/weather.cgi...
patching ./examples/tickerinput.cgi...
Checking if your kit is complete...
Looks good
Generating a Unix-style Makefile
Writing Makefile for Cisco::IPPhone
Writing MYMETA.yml and MYMETA.json
no configure script, doing nothing
building
build flags: SHELL=/nix/store/9fqwwd4iybmhjqyxiaxycknslw6bgwh1-bash-4.4-p23/bin/bash
cp IPPhone.pm blib/lib/Cisco/IPPhone.pm
Manifying 1 pod document
running tests
check flags: SHELL=/nix/store/9fqwwd4iybmhjqyxiaxycknslw6bgwh1-bash-4.4-p23/bin/bash VERBOSE=y test
PERL_DL_NONLAZY=1 "/nix/store/7c044di03qa7qgr5kjjc2d787aspzp0m-perl-5.32.0/bin/perl" "-Iblib/lib" "-Iblib/arch" test.pl
1..1
ok 1
installing
install flags: SHELL=/nix/store/9fqwwd4iybmhjqyxiaxycknslw6bgwh1-bash-4.4-p23/bin/bash pkgconfigdir=/nix/store/7jhkrnyiqssg24yhfzz85mhbjvjmnd5m-perl5.32.0-Cisco-IPPhone-0.05/lib/pkgconfig m4datadir=/nix/store/7jhkrnyiqssg24yhfzz85mhbjvjmnd5m-perl5.32.0-Cisco-IPPhone-0.05/share/aclocal aclocaldir=/nix/store/7jhkrnyiqssg24yhfzz85mhbjvjmnd5m-perl5.32.0-Cisco-IPPhone-0.05/share/aclocal install
Manifying 1 pod document
Installing /nix/store/7jhkrnyiqssg24yhfzz85mhbjvjmnd5m-perl5.32.0-Cisco-IPPhone-0.05/lib/perl5/site_perl/5.32.0/Cisco/IPPhone.pm
Installing /nix/store/7jhkrnyiqssg24yhfzz85mhbjvjmnd5m-perl5.32.0-Cisco-IPPhone-0.05/share/man/man3/Cisco::IPPhone.3
Appending installation info to /nix/store/7jhkrnyiqssg24yhfzz85mhbjvjmnd5m-perl5.32.0-Cisco-IPPhone-0.05/lib/perl5/5.32.0/x86_64-linux-thread-multi/perllocal.pod
post-installation fixup
Moving /nix/store/7jhkrnyiqssg24yhfzz85mhbjvjmnd5m-perl5.32.0-Cisco-IPPhone-0.05/share/man/man3 to /nix/store/bvzqaiz3cdrxiai4vz2iv33hw993xdpj-perl5.32.0-Cisco-IPPhone-0.05-devdoc/share/man/man3
Removing empty /nix/store/7jhkrnyiqssg24yhfzz85mhbjvjmnd5m-perl5.32.0-Cisco-IPPhone-0.05/share/man/ and (possibly) its parents
shrinking RPATHs of ELF executables and libraries in /nix/store/7jhkrnyiqssg24yhfzz85mhbjvjmnd5m-perl5.32.0-Cisco-IPPhone-0.05
strip is /nix/store/psyzbhp4p088sb9qcs378hfbslcalasl-binutils-2.31.1/bin/strip
stripping (with command strip and flags -S) in /nix/store/7jhkrnyiqssg24yhfzz85mhbjvjmnd5m-perl5.32.0-Cisco-IPPhone-0.05/lib
patching script interpreter paths in /nix/store/7jhkrnyiqssg24yhfzz85mhbjvjmnd5m-perl5.32.0-Cisco-IPPhone-0.05
checking for references to /build/ in /nix/store/7jhkrnyiqssg24yhfzz85mhbjvjmnd5m-perl5.32.0-Cisco-IPPhone-0.05...
shrinking RPATHs of ELF executables and libraries in /nix/store/bvzqaiz3cdrxiai4vz2iv33hw993xdpj-perl5.32.0-Cisco-IPPhone-0.05-devdoc
gzipping man pages under /nix/store/bvzqaiz3cdrxiai4vz2iv33hw993xdpj-perl5.32.0-Cisco-IPPhone-0.05-devdoc/share/man/
strip is /nix/store/psyzbhp4p088sb9qcs378hfbslcalasl-binutils-2.31.1/bin/strip
patching script interpreter paths in /nix/store/bvzqaiz3cdrxiai4vz2iv33hw993xdpj-perl5.32.0-Cisco-IPPhone-0.05-devdoc
checking for references to /build/ in /nix/store/bvzqaiz3cdrxiai4vz2iv33hw993xdpj-perl5.32.0-Cisco-IPPhone-0.05-devdoc...
/nix/store/7jhkrnyiqssg24yhfzz85mhbjvjmnd5m-perl5.32.0-Cisco-IPPhone-0.05
