these derivations will be built:
  /nix/store/3ckwk8gn0g67d35ip8ivcw76rxjcr70c-perl5.32.0-Class-Factory-1.06.drv
these paths will be fetched (0.01 MiB download, 0.01 MiB unpacked):
  /nix/store/i1df1dqdnl434ji4q0wzphf1z953yg0h-Class-Factory-1.06.tar.gz
copying path '/nix/store/i1df1dqdnl434ji4q0wzphf1z953yg0h-Class-Factory-1.06.tar.gz' from 'https://cache.nixos.org'...
building '/nix/store/3ckwk8gn0g67d35ip8ivcw76rxjcr70c-perl5.32.0-Class-Factory-1.06.drv'...
unpacking sources
unpacking source archive /nix/store/i1df1dqdnl434ji4q0wzphf1z953yg0h-Class-Factory-1.06.tar.gz
source root is Class-Factory-1.06
setting SOURCE_DATE_EPOCH to timestamp 1194394116 of file Class-Factory-1.06/META.yml
patching sources
configuring
Checking if your kit is complete...
Looks good
Generating a Unix-style Makefile
Writing Makefile for Class::Factory
Writing MYMETA.yml and MYMETA.json
no configure script, doing nothing
building
build flags: SHELL=/nix/store/9fqwwd4iybmhjqyxiaxycknslw6bgwh1-bash-4.4-p23/bin/bash
cp lib/Class/Factory.pm blib/lib/Class/Factory.pm
Manifying 1 pod document
running tests
check flags: SHELL=/nix/store/9fqwwd4iybmhjqyxiaxycknslw6bgwh1-bash-4.4-p23/bin/bash VERBOSE=y test
PERL_DL_NONLAZY=1 "/nix/store/7c044di03qa7qgr5kjjc2d787aspzp0m-perl-5.32.0/bin/perl" "-MExtUtils::Command::MM" "-MTest::Harness" "-e" "undef *Test::Harness::Switches; test_harness(0, 'blib/lib', 'blib/arch')" t/*.t
t/factory.t .. ok
All tests successful.
Files=1, Tests=39,  0 wallclock secs ( 0.02 usr  0.01 sys +  0.05 cusr  0.00 csys =  0.08 CPU)
Result: PASS
installing
install flags: SHELL=/nix/store/9fqwwd4iybmhjqyxiaxycknslw6bgwh1-bash-4.4-p23/bin/bash pkgconfigdir=/nix/store/bpwrvi2xjfdg78mahmyj8b2n9nh68wv4-perl5.32.0-Class-Factory-1.06/lib/pkgconfig m4datadir=/nix/store/bpwrvi2xjfdg78mahmyj8b2n9nh68wv4-perl5.32.0-Class-Factory-1.06/share/aclocal aclocaldir=/nix/store/bpwrvi2xjfdg78mahmyj8b2n9nh68wv4-perl5.32.0-Class-Factory-1.06/share/aclocal install
Manifying 1 pod document
Installing /nix/store/bpwrvi2xjfdg78mahmyj8b2n9nh68wv4-perl5.32.0-Class-Factory-1.06/lib/perl5/site_perl/5.32.0/Class/Factory.pm
Installing /nix/store/bpwrvi2xjfdg78mahmyj8b2n9nh68wv4-perl5.32.0-Class-Factory-1.06/share/man/man3/Class::Factory.3
Appending installation info to /nix/store/bpwrvi2xjfdg78mahmyj8b2n9nh68wv4-perl5.32.0-Class-Factory-1.06/lib/perl5/5.32.0/x86_64-linux-thread-multi/perllocal.pod
post-installation fixup
Moving /nix/store/bpwrvi2xjfdg78mahmyj8b2n9nh68wv4-perl5.32.0-Class-Factory-1.06/share/man/man3 to /nix/store/n5bmf9j2rs27gj3n3d2gizlg6n0rv743-perl5.32.0-Class-Factory-1.06-devdoc/share/man/man3
Removing empty /nix/store/bpwrvi2xjfdg78mahmyj8b2n9nh68wv4-perl5.32.0-Class-Factory-1.06/share/man/ and (possibly) its parents
shrinking RPATHs of ELF executables and libraries in /nix/store/bpwrvi2xjfdg78mahmyj8b2n9nh68wv4-perl5.32.0-Class-Factory-1.06
strip is /nix/store/psyzbhp4p088sb9qcs378hfbslcalasl-binutils-2.31.1/bin/strip
stripping (with command strip and flags -S) in /nix/store/bpwrvi2xjfdg78mahmyj8b2n9nh68wv4-perl5.32.0-Class-Factory-1.06/lib
patching script interpreter paths in /nix/store/bpwrvi2xjfdg78mahmyj8b2n9nh68wv4-perl5.32.0-Class-Factory-1.06
checking for references to /build/ in /nix/store/bpwrvi2xjfdg78mahmyj8b2n9nh68wv4-perl5.32.0-Class-Factory-1.06...
shrinking RPATHs of ELF executables and libraries in /nix/store/n5bmf9j2rs27gj3n3d2gizlg6n0rv743-perl5.32.0-Class-Factory-1.06-devdoc
gzipping man pages under /nix/store/n5bmf9j2rs27gj3n3d2gizlg6n0rv743-perl5.32.0-Class-Factory-1.06-devdoc/share/man/
strip is /nix/store/psyzbhp4p088sb9qcs378hfbslcalasl-binutils-2.31.1/bin/strip
patching script interpreter paths in /nix/store/n5bmf9j2rs27gj3n3d2gizlg6n0rv743-perl5.32.0-Class-Factory-1.06-devdoc
checking for references to /build/ in /nix/store/n5bmf9j2rs27gj3n3d2gizlg6n0rv743-perl5.32.0-Class-Factory-1.06-devdoc...
/nix/store/bpwrvi2xjfdg78mahmyj8b2n9nh68wv4-perl5.32.0-Class-Factory-1.06
