these derivations will be built:
  /nix/store/n3gn2l7w806hq7w9mnzzya6nyjj4nxvl-perl5.32.0-Class-EHierarchy-2.01.drv
these paths will be fetched (0.03 MiB download, 0.03 MiB unpacked):
  /nix/store/fkqj90mrv4f1w7z36fpynzqzfz7igg3a-Class-EHierarchy-2.01.tar.gz
copying path '/nix/store/fkqj90mrv4f1w7z36fpynzqzfz7igg3a-Class-EHierarchy-2.01.tar.gz' from 'https://cache.nixos.org'...
building '/nix/store/n3gn2l7w806hq7w9mnzzya6nyjj4nxvl-perl5.32.0-Class-EHierarchy-2.01.drv'...
unpacking sources
unpacking source archive /nix/store/fkqj90mrv4f1w7z36fpynzqzfz7igg3a-Class-EHierarchy-2.01.tar.gz
source root is Class-EHierarchy-2.01
setting SOURCE_DATE_EPOCH to timestamp 1558639133 of file Class-EHierarchy-2.01/META.yml
patching sources
configuring
patching ./t/99_pod.t...
patching ./t/98_pod_coverage.t...
Checking if your kit is complete...
Looks good
Generating a Unix-style Makefile
Writing Makefile for Class::EHierarchy
Writing MYMETA.yml and MYMETA.json
no configure script, doing nothing
building
build flags: SHELL=/nix/store/9fqwwd4iybmhjqyxiaxycknslw6bgwh1-bash-4.4-p23/bin/bash
cp lib/Class/EHierarchy.pm blib/lib/Class/EHierarchy.pm
Manifying 1 pod document
running tests
check flags: SHELL=/nix/store/9fqwwd4iybmhjqyxiaxycknslw6bgwh1-bash-4.4-p23/bin/bash VERBOSE=y test
PERL_DL_NONLAZY=1 "/nix/store/7c044di03qa7qgr5kjjc2d787aspzp0m-perl-5.32.0/bin/perl" "-MExtUtils::Command::MM" "-MTest::Harness" "-e" "undef *Test::Harness::Switches; test_harness(0, 'blib/lib', 'blib/arch')" t/*.t
t/01_init.t .............. ok
t/02_object_hierarchy.t .. 1/27 root method called on stale object at t/02_object_hierarchy.t line 31.
parent method called on stale object at t/02_object_hierarchy.t line 32.
children method called on stale object at t/02_object_hierarchy.t line 33.
siblings method called on stale object at t/02_object_hierarchy.t line 34.
descendents method called on stale object at t/02_object_hierarchy.t line 35.
object attempted to adopt itself at t/02_object_hierarchy.t line 41.
object attempted to adopt the root at t/02_object_hierarchy.t line 45.
object attempted to adopt the root at t/02_object_hierarchy.t line 50.
t/02_object_hierarchy.t .. ok
t/03_class_hierarchy.t ... ok
t/04_alias.t ............. 1/46 object already has an alias: o3 at t/04_alias.t line 39.
object already has an alias: o3 at t/04_alias.t line 51.
t/04_alias.t ............. ok
t/05_properties.t ........ 1/61 property access violation at t/05_properties.t line 133.
property access violation at t/05_properties.t line 135.
property access violation at t/05_properties.t line 137.
method called with an nonexistent property at t/05_properties.t line 141.
method called with an nonexistent property at t/05_properties.t line 143.
method called with an nonexistent property at t/05_properties.t line 144.
method called with an nonexistent property at t/05_properties.t line 145.
property access violation at t/05_properties.t line 149.
method called with an nonexistent property at t/05_properties.t line 156.
data type mismatch for noundef at t/05_properties.t line 164.
data type mismatch for code at t/05_properties.t line 168.
data type mismatch for glob at t/05_properties.t line 175.
data type mismatch for ref at t/05_properties.t line 182.
t/05_properties.t ........ ok
t/06_methods.t ........... 1/21 Attempted to call private method mpriv from main at t/06_methods.t line 131.
Attempted to call private method mpriv from Bar at t/06_methods.t line 138.
Attempted to call private method mpriv from Foo at t/06_methods.t line 139.
Attempted to call restricted method mrestr from main at t/06_methods.t line 144.
Attempted to call restricted method mrestr from Foo at t/06_methods.t line 154.
t/06_methods.t ........... ok
t/07_type_methods.t ...... ok
t/98_pod_coverage.t ...... skipped: Test::Pod::Coverage 1.00 required for testing POD coverage
t/99_pod.t ............... skipped: Test::Pod 1.00 required for testing POD
All tests successful.
Files=9, Tests=225,  0 wallclock secs ( 0.04 usr  0.02 sys +  0.48 cusr  0.05 csys =  0.59 CPU)
Result: PASS
installing
install flags: SHELL=/nix/store/9fqwwd4iybmhjqyxiaxycknslw6bgwh1-bash-4.4-p23/bin/bash pkgconfigdir=/nix/store/dhcnxp6990iyy5dqbs62h89v9zpgl15b-perl5.32.0-Class-EHierarchy-2.01/lib/pkgconfig m4datadir=/nix/store/dhcnxp6990iyy5dqbs62h89v9zpgl15b-perl5.32.0-Class-EHierarchy-2.01/share/aclocal aclocaldir=/nix/store/dhcnxp6990iyy5dqbs62h89v9zpgl15b-perl5.32.0-Class-EHierarchy-2.01/share/aclocal install
Manifying 1 pod document
Installing /nix/store/dhcnxp6990iyy5dqbs62h89v9zpgl15b-perl5.32.0-Class-EHierarchy-2.01/lib/perl5/site_perl/5.32.0/Class/EHierarchy.pm
Installing /nix/store/dhcnxp6990iyy5dqbs62h89v9zpgl15b-perl5.32.0-Class-EHierarchy-2.01/share/man/man3/Class::EHierarchy.3
Appending installation info to /nix/store/dhcnxp6990iyy5dqbs62h89v9zpgl15b-perl5.32.0-Class-EHierarchy-2.01/lib/perl5/5.32.0/x86_64-linux-thread-multi/perllocal.pod
post-installation fixup
Moving /nix/store/dhcnxp6990iyy5dqbs62h89v9zpgl15b-perl5.32.0-Class-EHierarchy-2.01/share/man/man3 to /nix/store/bsn8fk6w7phalq44vhym3plhfv0qb4sd-perl5.32.0-Class-EHierarchy-2.01-devdoc/share/man/man3
Removing empty /nix/store/dhcnxp6990iyy5dqbs62h89v9zpgl15b-perl5.32.0-Class-EHierarchy-2.01/share/man/ and (possibly) its parents
shrinking RPATHs of ELF executables and libraries in /nix/store/dhcnxp6990iyy5dqbs62h89v9zpgl15b-perl5.32.0-Class-EHierarchy-2.01
strip is /nix/store/psyzbhp4p088sb9qcs378hfbslcalasl-binutils-2.31.1/bin/strip
stripping (with command strip and flags -S) in /nix/store/dhcnxp6990iyy5dqbs62h89v9zpgl15b-perl5.32.0-Class-EHierarchy-2.01/lib
patching script interpreter paths in /nix/store/dhcnxp6990iyy5dqbs62h89v9zpgl15b-perl5.32.0-Class-EHierarchy-2.01
checking for references to /build/ in /nix/store/dhcnxp6990iyy5dqbs62h89v9zpgl15b-perl5.32.0-Class-EHierarchy-2.01...
shrinking RPATHs of ELF executables and libraries in /nix/store/bsn8fk6w7phalq44vhym3plhfv0qb4sd-perl5.32.0-Class-EHierarchy-2.01-devdoc
gzipping man pages under /nix/store/bsn8fk6w7phalq44vhym3plhfv0qb4sd-perl5.32.0-Class-EHierarchy-2.01-devdoc/share/man/
strip is /nix/store/psyzbhp4p088sb9qcs378hfbslcalasl-binutils-2.31.1/bin/strip
patching script interpreter paths in /nix/store/bsn8fk6w7phalq44vhym3plhfv0qb4sd-perl5.32.0-Class-EHierarchy-2.01-devdoc
checking for references to /build/ in /nix/store/bsn8fk6w7phalq44vhym3plhfv0qb4sd-perl5.32.0-Class-EHierarchy-2.01-devdoc...
/nix/store/dhcnxp6990iyy5dqbs62h89v9zpgl15b-perl5.32.0-Class-EHierarchy-2.01
