these derivations will be built:
  /nix/store/q936f68w1mjfazynyac99gajcfp2kdd0-perl5.32.0-Convert-Base32-0.06.drv
these paths will be fetched (0.00 MiB download, 0.00 MiB unpacked):
  /nix/store/l8z00a6ymcrmmi7qlrsg9n3vrpvgzzxl-Convert-Base32-0.06.tar.gz
copying path '/nix/store/l8z00a6ymcrmmi7qlrsg9n3vrpvgzzxl-Convert-Base32-0.06.tar.gz' from 'https://cache.nixos.org'...
building '/nix/store/q936f68w1mjfazynyac99gajcfp2kdd0-perl5.32.0-Convert-Base32-0.06.drv'...
unpacking sources
unpacking source archive /nix/store/l8z00a6ymcrmmi7qlrsg9n3vrpvgzzxl-Convert-Base32-0.06.tar.gz
source root is Convert-Base32-0.06
setting SOURCE_DATE_EPOCH to timestamp 1335129342 of file Convert-Base32-0.06/META.yml
patching sources
configuring
Checking if your kit is complete...
Looks good
Generating a Unix-style Makefile
Writing Makefile for Convert::Base32
Writing MYMETA.yml and MYMETA.json
no configure script, doing nothing
building
build flags: SHELL=/nix/store/9fqwwd4iybmhjqyxiaxycknslw6bgwh1-bash-4.4-p23/bin/bash
cp lib/Convert/Base32.pm blib/lib/Convert/Base32.pm
Manifying 1 pod document
running tests
check flags: SHELL=/nix/store/9fqwwd4iybmhjqyxiaxycknslw6bgwh1-bash-4.4-p23/bin/bash VERBOSE=y test
PERL_DL_NONLAZY=1 "/nix/store/7c044di03qa7qgr5kjjc2d787aspzp0m-perl-5.32.0/bin/perl" "-MExtUtils::Command::MM" "-MTest::Harness" "-e" "undef *Test::Harness::Switches; test_harness(0, 'blib/lib', 'blib/arch')" t/*.t
t/00_enc_dec.t ....... ok
t/01_error_checks.t .. ok
All tests successful.
Files=2, Tests=1072,  1 wallclock secs ( 0.09 usr  0.01 sys +  0.23 cusr  0.03 csys =  0.36 CPU)
Result: PASS
installing
install flags: SHELL=/nix/store/9fqwwd4iybmhjqyxiaxycknslw6bgwh1-bash-4.4-p23/bin/bash pkgconfigdir=/nix/store/7b9b9kb123i5hkfyjv8xixshnz33c8l1-perl5.32.0-Convert-Base32-0.06/lib/pkgconfig m4datadir=/nix/store/7b9b9kb123i5hkfyjv8xixshnz33c8l1-perl5.32.0-Convert-Base32-0.06/share/aclocal aclocaldir=/nix/store/7b9b9kb123i5hkfyjv8xixshnz33c8l1-perl5.32.0-Convert-Base32-0.06/share/aclocal install
Manifying 1 pod document
Installing /nix/store/7b9b9kb123i5hkfyjv8xixshnz33c8l1-perl5.32.0-Convert-Base32-0.06/lib/perl5/site_perl/5.32.0/Convert/Base32.pm
Installing /nix/store/7b9b9kb123i5hkfyjv8xixshnz33c8l1-perl5.32.0-Convert-Base32-0.06/share/man/man3/Convert::Base32.3
Appending installation info to /nix/store/7b9b9kb123i5hkfyjv8xixshnz33c8l1-perl5.32.0-Convert-Base32-0.06/lib/perl5/5.32.0/x86_64-linux-thread-multi/perllocal.pod
post-installation fixup
Moving /nix/store/7b9b9kb123i5hkfyjv8xixshnz33c8l1-perl5.32.0-Convert-Base32-0.06/share/man/man3 to /nix/store/wbgk5fyqqnvbxmhj8lzq7swrfsxf55hr-perl5.32.0-Convert-Base32-0.06-devdoc/share/man/man3
Removing empty /nix/store/7b9b9kb123i5hkfyjv8xixshnz33c8l1-perl5.32.0-Convert-Base32-0.06/share/man/ and (possibly) its parents
shrinking RPATHs of ELF executables and libraries in /nix/store/7b9b9kb123i5hkfyjv8xixshnz33c8l1-perl5.32.0-Convert-Base32-0.06
strip is /nix/store/psyzbhp4p088sb9qcs378hfbslcalasl-binutils-2.31.1/bin/strip
stripping (with command strip and flags -S) in /nix/store/7b9b9kb123i5hkfyjv8xixshnz33c8l1-perl5.32.0-Convert-Base32-0.06/lib
patching script interpreter paths in /nix/store/7b9b9kb123i5hkfyjv8xixshnz33c8l1-perl5.32.0-Convert-Base32-0.06
checking for references to /build/ in /nix/store/7b9b9kb123i5hkfyjv8xixshnz33c8l1-perl5.32.0-Convert-Base32-0.06...
shrinking RPATHs of ELF executables and libraries in /nix/store/wbgk5fyqqnvbxmhj8lzq7swrfsxf55hr-perl5.32.0-Convert-Base32-0.06-devdoc
gzipping man pages under /nix/store/wbgk5fyqqnvbxmhj8lzq7swrfsxf55hr-perl5.32.0-Convert-Base32-0.06-devdoc/share/man/
strip is /nix/store/psyzbhp4p088sb9qcs378hfbslcalasl-binutils-2.31.1/bin/strip
patching script interpreter paths in /nix/store/wbgk5fyqqnvbxmhj8lzq7swrfsxf55hr-perl5.32.0-Convert-Base32-0.06-devdoc
checking for references to /build/ in /nix/store/wbgk5fyqqnvbxmhj8lzq7swrfsxf55hr-perl5.32.0-Convert-Base32-0.06-devdoc...
/nix/store/7b9b9kb123i5hkfyjv8xixshnz33c8l1-perl5.32.0-Convert-Base32-0.06
