these derivations will be built:
  /nix/store/bqfz8l63z6q0xxijga92bs09nyps3809-perl5.32.0-Convert-Bencode-1.03.drv
these paths will be fetched (0.01 MiB download, 0.01 MiB unpacked):
  /nix/store/ljgrmwbl8xpp4bldizdp14kaw7j96i4c-Convert-Bencode-1.03.tar.gz
copying path '/nix/store/ljgrmwbl8xpp4bldizdp14kaw7j96i4c-Convert-Bencode-1.03.tar.gz' from 'https://cache.nixos.org'...
building '/nix/store/bqfz8l63z6q0xxijga92bs09nyps3809-perl5.32.0-Convert-Bencode-1.03.drv'...
unpacking sources
unpacking source archive /nix/store/ljgrmwbl8xpp4bldizdp14kaw7j96i4c-Convert-Bencode-1.03.tar.gz
source root is Convert-Bencode-1.03
setting SOURCE_DATE_EPOCH to timestamp 1065474544 of file Convert-Bencode-1.03/README
patching sources
configuring
patching ./lib/Convert/Bencode.pm...
Checking if your kit is complete...
Looks good
Generating a Unix-style Makefile
Writing Makefile for Convert::Bencode
Writing MYMETA.yml and MYMETA.json
no configure script, doing nothing
building
build flags: SHELL=/nix/store/9fqwwd4iybmhjqyxiaxycknslw6bgwh1-bash-4.4-p23/bin/bash
cp lib/Convert/Bencode.pm blib/lib/Convert/Bencode.pm
Manifying 1 pod document
running tests
check flags: SHELL=/nix/store/9fqwwd4iybmhjqyxiaxycknslw6bgwh1-bash-4.4-p23/bin/bash VERBOSE=y test
PERL_DL_NONLAZY=1 "/nix/store/7c044di03qa7qgr5kjjc2d787aspzp0m-perl-5.32.0/bin/perl" "-MExtUtils::Command::MM" "-MTest::Harness" "-e" "undef *Test::Harness::Switches; test_harness(0, 'blib/lib', 'blib/arch')" t/*.t
t/001_basic.t .. ok
All tests successful.
Files=1, Tests=14,  0 wallclock secs ( 0.02 usr  0.01 sys +  0.04 cusr  0.00 csys =  0.07 CPU)
Result: PASS
installing
install flags: SHELL=/nix/store/9fqwwd4iybmhjqyxiaxycknslw6bgwh1-bash-4.4-p23/bin/bash pkgconfigdir=/nix/store/mc29rz4308x4p0li3l48l80v2p13634w-perl5.32.0-Convert-Bencode-1.03/lib/pkgconfig m4datadir=/nix/store/mc29rz4308x4p0li3l48l80v2p13634w-perl5.32.0-Convert-Bencode-1.03/share/aclocal aclocaldir=/nix/store/mc29rz4308x4p0li3l48l80v2p13634w-perl5.32.0-Convert-Bencode-1.03/share/aclocal install
Manifying 1 pod document
Installing /nix/store/mc29rz4308x4p0li3l48l80v2p13634w-perl5.32.0-Convert-Bencode-1.03/lib/perl5/site_perl/5.32.0/Convert/Bencode.pm
Installing /nix/store/mc29rz4308x4p0li3l48l80v2p13634w-perl5.32.0-Convert-Bencode-1.03/share/man/man3/Convert::Bencode.3
Appending installation info to /nix/store/mc29rz4308x4p0li3l48l80v2p13634w-perl5.32.0-Convert-Bencode-1.03/lib/perl5/5.32.0/x86_64-linux-thread-multi/perllocal.pod
post-installation fixup
Moving /nix/store/mc29rz4308x4p0li3l48l80v2p13634w-perl5.32.0-Convert-Bencode-1.03/share/man/man3 to /nix/store/ynwdaad70wpb21l4hjvcnxib2vwm1vin-perl5.32.0-Convert-Bencode-1.03-devdoc/share/man/man3
Removing empty /nix/store/mc29rz4308x4p0li3l48l80v2p13634w-perl5.32.0-Convert-Bencode-1.03/share/man/ and (possibly) its parents
shrinking RPATHs of ELF executables and libraries in /nix/store/mc29rz4308x4p0li3l48l80v2p13634w-perl5.32.0-Convert-Bencode-1.03
strip is /nix/store/psyzbhp4p088sb9qcs378hfbslcalasl-binutils-2.31.1/bin/strip
stripping (with command strip and flags -S) in /nix/store/mc29rz4308x4p0li3l48l80v2p13634w-perl5.32.0-Convert-Bencode-1.03/lib
patching script interpreter paths in /nix/store/mc29rz4308x4p0li3l48l80v2p13634w-perl5.32.0-Convert-Bencode-1.03
checking for references to /build/ in /nix/store/mc29rz4308x4p0li3l48l80v2p13634w-perl5.32.0-Convert-Bencode-1.03...
shrinking RPATHs of ELF executables and libraries in /nix/store/ynwdaad70wpb21l4hjvcnxib2vwm1vin-perl5.32.0-Convert-Bencode-1.03-devdoc
gzipping man pages under /nix/store/ynwdaad70wpb21l4hjvcnxib2vwm1vin-perl5.32.0-Convert-Bencode-1.03-devdoc/share/man/
strip is /nix/store/psyzbhp4p088sb9qcs378hfbslcalasl-binutils-2.31.1/bin/strip
patching script interpreter paths in /nix/store/ynwdaad70wpb21l4hjvcnxib2vwm1vin-perl5.32.0-Convert-Bencode-1.03-devdoc
checking for references to /build/ in /nix/store/ynwdaad70wpb21l4hjvcnxib2vwm1vin-perl5.32.0-Convert-Bencode-1.03-devdoc...
/nix/store/mc29rz4308x4p0li3l48l80v2p13634w-perl5.32.0-Convert-Bencode-1.03
