these derivations will be built:
  /nix/store/zyfim7hz2yz9v4d8zmpv73ixay062r2r-perl5.32.0-Convert-UU-0.5201.drv
these paths will be fetched (0.01 MiB download, 0.01 MiB unpacked):
  /nix/store/zwn86cs41f2yrcdllw6i511vnbcdvh7d-Convert-UU-0.5201.tar.gz
copying path '/nix/store/zwn86cs41f2yrcdllw6i511vnbcdvh7d-Convert-UU-0.5201.tar.gz' from 'https://cache.nixos.org'...
building '/nix/store/zyfim7hz2yz9v4d8zmpv73ixay062r2r-perl5.32.0-Convert-UU-0.5201.drv'...
unpacking sources
unpacking source archive /nix/store/zwn86cs41f2yrcdllw6i511vnbcdvh7d-Convert-UU-0.5201.tar.gz
source root is Convert-UU-0.5201
setting SOURCE_DATE_EPOCH to timestamp 1204495863 of file Convert-UU-0.5201/MANIFEST
patching sources
configuring
patching ./puudecode...
patching ./t/ext-uu.t...
patching ./t/uu.t...
patching ./puuencode...
Checking if your kit is complete...
Looks good
Generating a Unix-style Makefile
Writing Makefile for Convert::UU
Writing MYMETA.yml and MYMETA.json
no configure script, doing nothing
building
build flags: SHELL=/nix/store/9fqwwd4iybmhjqyxiaxycknslw6bgwh1-bash-4.4-p23/bin/bash
cp lib/Convert/UU.pm blib/lib/Convert/UU.pm
cp puudecode blib/script/puudecode
"/nix/store/7c044di03qa7qgr5kjjc2d787aspzp0m-perl-5.32.0/bin/perl" -MExtUtils::MY -e 'MY->fixin(shift)' -- blib/script/puudecode
cp puuencode blib/script/puuencode
"/nix/store/7c044di03qa7qgr5kjjc2d787aspzp0m-perl-5.32.0/bin/perl" -MExtUtils::MY -e 'MY->fixin(shift)' -- blib/script/puuencode
Manifying 2 pod documents
Manifying 1 pod document
running tests
check flags: SHELL=/nix/store/9fqwwd4iybmhjqyxiaxycknslw6bgwh1-bash-4.4-p23/bin/bash VERBOSE=y test
PERL_DL_NONLAZY=1 "/nix/store/7c044di03qa7qgr5kjjc2d787aspzp0m-perl-5.32.0/bin/perl" "-MExtUtils::Command::MM" "-MTest::Harness" "-e" "undef *Test::Harness::Switches; test_harness(0, 'blib/lib', 'blib/arch')" t/*.t
t/ext-uu.t .... skipped: (no reason given)
t/pod.t ....... skipped: Test::Pod 1.00 required for testing POD
t/podcover.t .. skipped: Test::Pod::Coverage required for testing pod coverage
t/uu.t ........ ok
All tests successful.
Files=4, Tests=7,  0 wallclock secs ( 0.03 usr  0.00 sys +  0.10 cusr  0.01 csys =  0.14 CPU)
Result: PASS
installing
install flags: SHELL=/nix/store/9fqwwd4iybmhjqyxiaxycknslw6bgwh1-bash-4.4-p23/bin/bash pkgconfigdir=/nix/store/2i268s9dgwd2rmw1ikjgv926anifkmnf-perl5.32.0-Convert-UU-0.5201/lib/pkgconfig m4datadir=/nix/store/2i268s9dgwd2rmw1ikjgv926anifkmnf-perl5.32.0-Convert-UU-0.5201/share/aclocal aclocaldir=/nix/store/2i268s9dgwd2rmw1ikjgv926anifkmnf-perl5.32.0-Convert-UU-0.5201/share/aclocal install
Manifying 2 pod documents
Manifying 1 pod document
Installing /nix/store/2i268s9dgwd2rmw1ikjgv926anifkmnf-perl5.32.0-Convert-UU-0.5201/lib/perl5/site_perl/5.32.0/Convert/UU.pm
Installing /nix/store/2i268s9dgwd2rmw1ikjgv926anifkmnf-perl5.32.0-Convert-UU-0.5201/share/man/man1/puuencode.1
Installing /nix/store/2i268s9dgwd2rmw1ikjgv926anifkmnf-perl5.32.0-Convert-UU-0.5201/share/man/man1/puudecode.1
Installing /nix/store/2i268s9dgwd2rmw1ikjgv926anifkmnf-perl5.32.0-Convert-UU-0.5201/share/man/man3/Convert::UU.3
Installing /nix/store/2i268s9dgwd2rmw1ikjgv926anifkmnf-perl5.32.0-Convert-UU-0.5201/bin/puudecode
Installing /nix/store/2i268s9dgwd2rmw1ikjgv926anifkmnf-perl5.32.0-Convert-UU-0.5201/bin/puuencode
Appending installation info to /nix/store/2i268s9dgwd2rmw1ikjgv926anifkmnf-perl5.32.0-Convert-UU-0.5201/lib/perl5/5.32.0/x86_64-linux-thread-multi/perllocal.pod
post-installation fixup
Moving /nix/store/2i268s9dgwd2rmw1ikjgv926anifkmnf-perl5.32.0-Convert-UU-0.5201/share/man/man3 to /nix/store/s44mp1lvwjg7fp036zfw7rkiplhxjs4z-perl5.32.0-Convert-UU-0.5201-devdoc/share/man/man3
rmdir: failed to remove '/nix/store/2i268s9dgwd2rmw1ikjgv926anifkmnf-perl5.32.0-Convert-UU-0.5201/share/man': Directory not empty
shrinking RPATHs of ELF executables and libraries in /nix/store/2i268s9dgwd2rmw1ikjgv926anifkmnf-perl5.32.0-Convert-UU-0.5201
gzipping man pages under /nix/store/2i268s9dgwd2rmw1ikjgv926anifkmnf-perl5.32.0-Convert-UU-0.5201/share/man/
strip is /nix/store/psyzbhp4p088sb9qcs378hfbslcalasl-binutils-2.31.1/bin/strip
stripping (with command strip and flags -S) in /nix/store/2i268s9dgwd2rmw1ikjgv926anifkmnf-perl5.32.0-Convert-UU-0.5201/lib  /nix/store/2i268s9dgwd2rmw1ikjgv926anifkmnf-perl5.32.0-Convert-UU-0.5201/bin
patching script interpreter paths in /nix/store/2i268s9dgwd2rmw1ikjgv926anifkmnf-perl5.32.0-Convert-UU-0.5201
checking for references to /build/ in /nix/store/2i268s9dgwd2rmw1ikjgv926anifkmnf-perl5.32.0-Convert-UU-0.5201...
shrinking RPATHs of ELF executables and libraries in /nix/store/s44mp1lvwjg7fp036zfw7rkiplhxjs4z-perl5.32.0-Convert-UU-0.5201-devdoc
gzipping man pages under /nix/store/s44mp1lvwjg7fp036zfw7rkiplhxjs4z-perl5.32.0-Convert-UU-0.5201-devdoc/share/man/
strip is /nix/store/psyzbhp4p088sb9qcs378hfbslcalasl-binutils-2.31.1/bin/strip
patching script interpreter paths in /nix/store/s44mp1lvwjg7fp036zfw7rkiplhxjs4z-perl5.32.0-Convert-UU-0.5201-devdoc
checking for references to /build/ in /nix/store/s44mp1lvwjg7fp036zfw7rkiplhxjs4z-perl5.32.0-Convert-UU-0.5201-devdoc...
/nix/store/2i268s9dgwd2rmw1ikjgv926anifkmnf-perl5.32.0-Convert-UU-0.5201
