these derivations will be built:
  /nix/store/kphaqa46ff8jb17b59g562wn3jzydcn4-perl5.32.0-Cpanel-JSON-XS-4.17.drv
building '/nix/store/kphaqa46ff8jb17b59g562wn3jzydcn4-perl5.32.0-Cpanel-JSON-XS-4.17.drv'...
unpacking sources
unpacking source archive /nix/store/hy0xvz0ji3hp09cmplf13pprwz791p1h-Cpanel-JSON-XS-4.17.tar.gz
source root is Cpanel-JSON-XS-4.17
setting SOURCE_DATE_EPOCH to timestamp 1572960568 of file Cpanel-JSON-XS-4.17/SIGNATURE
patching sources
configuring
patching ./xt/leaktrace.t...
patching ./xt/gh70-asan.t...
patching ./t/18_json_checker.t...
patching ./t/zero-mojibake.t...
patching ./t/20_faihu.t...
patching ./t/06_pc_pretty.t...
patching ./t/55_modifiable.t...
patching ./t/54_stringify.t...
patching ./t/113_overloaded_eq.t...
patching ./t/20_unknown.t...
patching ./t/114_decode_prefix.t...
patching ./t/05_dwiw_decode.t...
patching ./t/21_evans.t...
patching ./t/04_dwiw_encode.t...
patching ./t/116_incr_parse_fixed.t...
patching ./t/19_incr.t...
patching ./t/53_readonly.t...
/nix/store/qf3mzpvsmkrw963xchbivcci06078n13-builder.sh: line 17: warning: command substitution: ignored null byte in input
/nix/store/qf3mzpvsmkrw963xchbivcci06078n13-builder.sh: line 17: warning: command substitution: ignored null byte in input
/nix/store/qf3mzpvsmkrw963xchbivcci06078n13-builder.sh: line 17: warning: command substitution: ignored null byte in input
patching ./bin/cpanel_json_xs...
patching ./eg/bench...
Checking if your kit is complete...
Looks good
Generating a Unix-style Makefile
Writing Makefile for Cpanel::JSON::XS
Writing MYMETA.yml and MYMETA.json
no configure script, doing nothing
building
build flags: SHELL=/nix/store/9fqwwd4iybmhjqyxiaxycknslw6bgwh1-bash-4.4-p23/bin/bash
cp XS/Type.pm blib/lib/Cpanel/JSON/XS/Type.pm
cp XS/Boolean.pm blib/lib/Cpanel/JSON/XS/Boolean.pm
cp XS.pm blib/lib/Cpanel/JSON/XS.pm
Running Mkbootstrap for XS ()
chmod 644 "XS.bs"
"/nix/store/7c044di03qa7qgr5kjjc2d787aspzp0m-perl-5.32.0/bin/perl" -MExtUtils::Command::MM -e 'cp_nonempty' -- XS.bs blib/arch/auto/Cpanel/JSON/XS/XS.bs 644
"/nix/store/7c044di03qa7qgr5kjjc2d787aspzp0m-perl-5.32.0/bin/perl" "/nix/store/7c044di03qa7qgr5kjjc2d787aspzp0m-perl-5.32.0/lib/perl5/5.32.0/ExtUtils/xsubpp"  -typemap '/nix/store/7c044di03qa7qgr5kjjc2d787aspzp0m-perl-5.32.0/lib/perl5/5.32.0/ExtUtils/typemap' -typemap '/build/Cpanel-JSON-XS-4.17/typemap'  XS.xs > XS.xsc
mv XS.xsc XS.c
cc -c   -D_REENTRANT -D_GNU_SOURCE -fwrapv -fno-strict-aliasing -pipe -fstack-protector-strong -I/no-such-path/include -D_LARGEFILE_SOURCE -D_FILE_OFFSET_BITS=64 -O2   -DVERSION=\"4.17\" -DXS_VERSION=\"4.17\" -fPIC "-I/nix/store/7c044di03qa7qgr5kjjc2d787aspzp0m-perl-5.32.0/lib/perl5/5.32.0/x86_64-linux-thread-multi/CORE"  -Wall -Werror=declaration-after-statement -Wextra -W XS.c
XS.xs: In function 'decode_utf8':
XS.xs:506:5: warning: 'Perl_utf8n_to_uvuni' is deprecated [-Wdeprecated-declarations]
  506 |     UV c = utf8n_to_uvuni (s, len, clen,
      |     ^~
In file included from /nix/store/7c044di03qa7qgr5kjjc2d787aspzp0m-perl-5.32.0/lib/perl5/5.32.0/x86_64-linux-thread-multi/CORE/perl.h:5564,
                 from XS.xs:3:
/nix/store/7c044di03qa7qgr5kjjc2d787aspzp0m-perl-5.32.0/lib/perl5/5.32.0/x86_64-linux-thread-multi/CORE/proto.h:3989:18: note: declared here
 3989 | PERL_CALLCONV UV Perl_utf8n_to_uvuni(pTHX_ const U8 *s, STRLEN curlen, STRLEN *retlen, U32 flags)
      |                  ^~~~~~~~~~~~~~~~~~~
rm -f blib/arch/auto/Cpanel/JSON/XS/XS.so
cc  -shared -O2 -L/nix/store/68pw3wxwkrx0rwzjifm7g1jxy5g2sg1p-glibc-2.31/lib -fstack-protector-strong  XS.o  -o blib/arch/auto/Cpanel/JSON/XS/XS.so  \
      \

chmod 755 blib/arch/auto/Cpanel/JSON/XS/XS.so
cp bin/cpanel_json_xs blib/script/cpanel_json_xs
"/nix/store/7c044di03qa7qgr5kjjc2d787aspzp0m-perl-5.32.0/bin/perl" -MExtUtils::MY -e 'MY->fixin(shift)' -- blib/script/cpanel_json_xs
Manifying 1 pod document
Manifying 3 pod documents
running tests
check flags: SHELL=/nix/store/9fqwwd4iybmhjqyxiaxycknslw6bgwh1-bash-4.4-p23/bin/bash VERBOSE=y test
"/nix/store/7c044di03qa7qgr5kjjc2d787aspzp0m-perl-5.32.0/bin/perl" -MExtUtils::Command::MM -e 'cp_nonempty' -- XS.bs blib/arch/auto/Cpanel/JSON/XS/XS.bs 644
PERL_DL_NONLAZY=1 "/nix/store/7c044di03qa7qgr5kjjc2d787aspzp0m-perl-5.32.0/bin/perl" "-MExtUtils::Command::MM" "-MTest::Harness" "-e" "undef *Test::Harness::Switches; test_harness(0, 'blib/lib', 'blib/arch')" t/*.t
t/00_load.t ................ ok
t/01_utf8.t ................ ok
t/02_error.t ............... ok
t/03_types.t ............... ok
t/04_dwiw_encode.t ......... ok
t/05_dwiw_decode.t ......... ok
t/06_pc_pretty.t ........... ok
t/07_pc_esc.t .............. ok
t/08_pc_base.t ............. ok
t/08_pc_base_nv.t .......... ok
t/09_pc_extra_number.t ..... ok
t/104_sortby.t ............. ok
t/105_esc_slash.t .......... ok
t/106_allow_barekey.t ...... ok
t/107_allow_singlequote.t .. ok
t/108_decode.t ............. ok
t/109_encode.t ............. ok
t/10_pc_keysort.t .......... ok
t/110_bignum.t ............. ok
t/112_upgrade.t ............ ok
t/113_overloaded_eq.t ...... ok
t/114_decode_prefix.t ...... ok
t/115_tie_ixhash.t ......... ok
t/116_incr_parse_fixed.t ... ok
t/117_numbers.t ............ ok
t/118_type.t ............... ok
t/119_type_decode.t ........ ok
t/11_pc_expo.t ............. ok
t/12_blessed.t ............. ok
t/13_limit.t ............... ok
t/14_latin1.t .............. ok
t/15_prefix.t .............. ok
t/16_tied.t ................ ok
t/17_relaxed.t ............. ok
t/18_json_checker.t ........ ok
t/19_incr.t ................ ok
t/20_faihu.t ............... ok
t/20_unknown.t ............. ok
t/21_evans.t ............... ok
t/22_comment_at_eof.t ...... ok
t/23_array_ctx.t ........... ok
t/24_freeze_recursion.t .... ok
t/25_boolean.t ............. ok
t/26_duplicate.t ........... ok
t/30_jsonspec.t ............ ok
t/31_bom.t ................. ok
t/52_object.t .............. ok
t/53_readonly.t ............ ok
t/54_stringify.t ........... skipped: JSON required for cross testing
t/55_modifiable.t .......... ok
t/96_interop.t ............. skipped: JSON::XS and JSON required for testing interop
t/96_interop_pp.t .......... ok
t/96_mojo.t ................ skipped: Mojo::JSON required for testing interop
t/97_unshare_hek.t ......... ok
t/98_56only.t .............. ok
t/99_binary.t .............. ok
t/zero-mojibake.t .......... ok
All tests successful.
Files=57, Tests=2828,  3 wallclock secs ( 0.27 usr  0.06 sys +  2.78 cusr  0.43 csys =  3.54 CPU)
Result: PASS
installing
install flags: SHELL=/nix/store/9fqwwd4iybmhjqyxiaxycknslw6bgwh1-bash-4.4-p23/bin/bash pkgconfigdir=/nix/store/230p6yli6wzazj03mi5pqvm8bcx1wl9h-perl5.32.0-Cpanel-JSON-XS-4.17/lib/pkgconfig m4datadir=/nix/store/230p6yli6wzazj03mi5pqvm8bcx1wl9h-perl5.32.0-Cpanel-JSON-XS-4.17/share/aclocal aclocaldir=/nix/store/230p6yli6wzazj03mi5pqvm8bcx1wl9h-perl5.32.0-Cpanel-JSON-XS-4.17/share/aclocal install
"/nix/store/7c044di03qa7qgr5kjjc2d787aspzp0m-perl-5.32.0/bin/perl" -MExtUtils::Command::MM -e 'cp_nonempty' -- XS.bs blib/arch/auto/Cpanel/JSON/XS/XS.bs 644
Manifying 1 pod document
Manifying 3 pod documents
Files found in blib/arch: installing files in blib/lib into architecture dependent library tree
Installing /nix/store/230p6yli6wzazj03mi5pqvm8bcx1wl9h-perl5.32.0-Cpanel-JSON-XS-4.17/lib/perl5/site_perl/5.32.0/x86_64-linux-thread-multi/auto/Cpanel/JSON/XS/XS.so
Installing /nix/store/230p6yli6wzazj03mi5pqvm8bcx1wl9h-perl5.32.0-Cpanel-JSON-XS-4.17/lib/perl5/site_perl/5.32.0/x86_64-linux-thread-multi/Cpanel/JSON/XS.pm
Installing /nix/store/230p6yli6wzazj03mi5pqvm8bcx1wl9h-perl5.32.0-Cpanel-JSON-XS-4.17/lib/perl5/site_perl/5.32.0/x86_64-linux-thread-multi/Cpanel/JSON/XS/Boolean.pm
Installing /nix/store/230p6yli6wzazj03mi5pqvm8bcx1wl9h-perl5.32.0-Cpanel-JSON-XS-4.17/lib/perl5/site_perl/5.32.0/x86_64-linux-thread-multi/Cpanel/JSON/XS/Type.pm
Installing /nix/store/230p6yli6wzazj03mi5pqvm8bcx1wl9h-perl5.32.0-Cpanel-JSON-XS-4.17/share/man/man1/cpanel_json_xs.1
Installing /nix/store/230p6yli6wzazj03mi5pqvm8bcx1wl9h-perl5.32.0-Cpanel-JSON-XS-4.17/share/man/man3/Cpanel::JSON::XS::Boolean.3
Installing /nix/store/230p6yli6wzazj03mi5pqvm8bcx1wl9h-perl5.32.0-Cpanel-JSON-XS-4.17/share/man/man3/Cpanel::JSON::XS::Type.3
Installing /nix/store/230p6yli6wzazj03mi5pqvm8bcx1wl9h-perl5.32.0-Cpanel-JSON-XS-4.17/share/man/man3/Cpanel::JSON::XS.3
Installing /nix/store/230p6yli6wzazj03mi5pqvm8bcx1wl9h-perl5.32.0-Cpanel-JSON-XS-4.17/bin/cpanel_json_xs
Appending installation info to /nix/store/230p6yli6wzazj03mi5pqvm8bcx1wl9h-perl5.32.0-Cpanel-JSON-XS-4.17/lib/perl5/5.32.0/x86_64-linux-thread-multi/perllocal.pod
post-installation fixup
Moving /nix/store/230p6yli6wzazj03mi5pqvm8bcx1wl9h-perl5.32.0-Cpanel-JSON-XS-4.17/share/man/man3 to /nix/store/v3bgzl5pmna4j5jfjh1kmyrfkd0gwllz-perl5.32.0-Cpanel-JSON-XS-4.17-devdoc/share/man/man3
rmdir: failed to remove '/nix/store/230p6yli6wzazj03mi5pqvm8bcx1wl9h-perl5.32.0-Cpanel-JSON-XS-4.17/share/man': Directory not empty
shrinking RPATHs of ELF executables and libraries in /nix/store/230p6yli6wzazj03mi5pqvm8bcx1wl9h-perl5.32.0-Cpanel-JSON-XS-4.17
shrinking /nix/store/230p6yli6wzazj03mi5pqvm8bcx1wl9h-perl5.32.0-Cpanel-JSON-XS-4.17/lib/perl5/site_perl/5.32.0/x86_64-linux-thread-multi/auto/Cpanel/JSON/XS/XS.so
gzipping man pages under /nix/store/230p6yli6wzazj03mi5pqvm8bcx1wl9h-perl5.32.0-Cpanel-JSON-XS-4.17/share/man/
strip is /nix/store/psyzbhp4p088sb9qcs378hfbslcalasl-binutils-2.31.1/bin/strip
stripping (with command strip and flags -S) in /nix/store/230p6yli6wzazj03mi5pqvm8bcx1wl9h-perl5.32.0-Cpanel-JSON-XS-4.17/lib  /nix/store/230p6yli6wzazj03mi5pqvm8bcx1wl9h-perl5.32.0-Cpanel-JSON-XS-4.17/bin
patching script interpreter paths in /nix/store/230p6yli6wzazj03mi5pqvm8bcx1wl9h-perl5.32.0-Cpanel-JSON-XS-4.17
checking for references to /build/ in /nix/store/230p6yli6wzazj03mi5pqvm8bcx1wl9h-perl5.32.0-Cpanel-JSON-XS-4.17...
shrinking RPATHs of ELF executables and libraries in /nix/store/v3bgzl5pmna4j5jfjh1kmyrfkd0gwllz-perl5.32.0-Cpanel-JSON-XS-4.17-devdoc
gzipping man pages under /nix/store/v3bgzl5pmna4j5jfjh1kmyrfkd0gwllz-perl5.32.0-Cpanel-JSON-XS-4.17-devdoc/share/man/
strip is /nix/store/psyzbhp4p088sb9qcs378hfbslcalasl-binutils-2.31.1/bin/strip
patching script interpreter paths in /nix/store/v3bgzl5pmna4j5jfjh1kmyrfkd0gwllz-perl5.32.0-Cpanel-JSON-XS-4.17-devdoc
checking for references to /build/ in /nix/store/v3bgzl5pmna4j5jfjh1kmyrfkd0gwllz-perl5.32.0-Cpanel-JSON-XS-4.17-devdoc...
/nix/store/230p6yli6wzazj03mi5pqvm8bcx1wl9h-perl5.32.0-Cpanel-JSON-XS-4.17
