these derivations will be built:
  /nix/store/xm7gyvn3z1i7b57b1bz3iz2jw6ls4sfn-perl5.32.0-Log-Message-0.08.drv
  /nix/store/430llpg8mcwddnjbbm4sgm0b7bi8bqyg-perl5.32.0-Log-Message-Simple-0.10.drv
  /nix/store/234bal03z4f0w06dbhva6a2gx8ql2yp5-perl5.32.0-Term-UI-0.46.drv
  /nix/store/kxvmvvgsssvfydchx32f5dmyc4pw8zmb-perl5.32.0-Object-Accessor-0.48.drv
  /nix/store/lx1symfnjpmckwcn8041szpjgmhx3f55-perl5.32.0-Package-Constants-0.06.drv
  /nix/store/hsz59s61rb19yaml0m95d1774j2picvc-perl5.32.0-CPANPLUS-0.9908.drv
these paths will be fetched (0.63 MiB download, 0.63 MiB unpacked):
  /nix/store/2br5nazbxmj3mdpwhfhv0ysrhjpzg6hp-Term-UI-0.46.tar.gz
  /nix/store/2fk85vbs12a8hg2jykcdvgq721xchncd-Package-Constants-0.06.tar.gz
  /nix/store/9afcqid045yxwhqxdj81drcfd5469s26-CPANPLUS-0.9908.tar.gz
  /nix/store/l4kh5f4jhql6hbqjnjdby36b4n87nsbl-Object-Accessor-0.48.tar.gz
  /nix/store/s1hrfgqma8zrmmhyia5qx8lnnxnd2vhd-Log-Message-0.08.tar.gz
  /nix/store/vydhdcpbnv2dvhgf2q3p5l3m1b1vhyl2-Log-Message-Simple-0.10.tar.gz
copying path '/nix/store/9afcqid045yxwhqxdj81drcfd5469s26-CPANPLUS-0.9908.tar.gz' from 'https://cache.nixos.org'...
copying path '/nix/store/2fk85vbs12a8hg2jykcdvgq721xchncd-Package-Constants-0.06.tar.gz' from 'https://cache.nixos.org'...
copying path '/nix/store/2br5nazbxmj3mdpwhfhv0ysrhjpzg6hp-Term-UI-0.46.tar.gz' from 'https://cache.nixos.org'...
copying path '/nix/store/l4kh5f4jhql6hbqjnjdby36b4n87nsbl-Object-Accessor-0.48.tar.gz' from 'https://cache.nixos.org'...
copying path '/nix/store/vydhdcpbnv2dvhgf2q3p5l3m1b1vhyl2-Log-Message-Simple-0.10.tar.gz' from 'https://cache.nixos.org'...
copying path '/nix/store/s1hrfgqma8zrmmhyia5qx8lnnxnd2vhd-Log-Message-0.08.tar.gz' from 'https://cache.nixos.org'...
building '/nix/store/kxvmvvgsssvfydchx32f5dmyc4pw8zmb-perl5.32.0-Object-Accessor-0.48.drv'...
building '/nix/store/lx1symfnjpmckwcn8041szpjgmhx3f55-perl5.32.0-Package-Constants-0.06.drv'...
building '/nix/store/xm7gyvn3z1i7b57b1bz3iz2jw6ls4sfn-perl5.32.0-Log-Message-0.08.drv'...
unpacking sources
unpacking source archive /nix/store/l4kh5f4jhql6hbqjnjdby36b4n87nsbl-Object-Accessor-0.48.tar.gz
source root is Object-Accessor-0.48
setting SOURCE_DATE_EPOCH to timestamp 1370510260 of file Object-Accessor-0.48/META.yml
patching sources
configuring
unpacking sources
unpacking source archive /nix/store/2fk85vbs12a8hg2jykcdvgq721xchncd-Package-Constants-0.06.tar.gz
unpacking sources
unpacking source archive /nix/store/s1hrfgqma8zrmmhyia5qx8lnnxnd2vhd-Log-Message-0.08.tar.gz
source root is Package-Constants-0.06
source root is Log-Message-0.08
setting SOURCE_DATE_EPOCH to timestamp 1419414005 of file Package-Constants-0.06/META.yml
patching sources
setting SOURCE_DATE_EPOCH to timestamp 1366928583 of file Log-Message-0.08/META.yml
configuring
patching sources
configuring
Checking if your kit is complete...
Looks good
Checking if your kit is complete...
Looks good
Checking if your kit is complete...
Looks good
Generating a Unix-style Makefile
Writing Makefile for Object::Accessor
Writing MYMETA.yml and MYMETA.json
Generating a Unix-style Makefile
Writing Makefile for Package::Constants
no configure script, doing nothing
building
build flags: SHELL=/nix/store/9fqwwd4iybmhjqyxiaxycknslw6bgwh1-bash-4.4-p23/bin/bash
Writing MYMETA.yml and MYMETA.json
no configure script, doing nothing
building
build flags: SHELL=/nix/store/9fqwwd4iybmhjqyxiaxycknslw6bgwh1-bash-4.4-p23/bin/bash
Generating a Unix-style Makefile
Writing Makefile for Log::Message
Writing MYMETA.yml and MYMETA.json
no configure script, doing nothing
building
build flags: SHELL=/nix/store/9fqwwd4iybmhjqyxiaxycknslw6bgwh1-bash-4.4-p23/bin/bash
cp lib/Object/Accessor.pm blib/lib/Object/Accessor.pm
cp lib/Package/Constants.pm blib/lib/Package/Constants.pm
cp lib/Log/Message.pm blib/lib/Log/Message.pm
cp lib/Log/Message/Item.pm blib/lib/Log/Message/Item.pm
cp lib/Log/Message/Handlers.pm blib/lib/Log/Message/Handlers.pm
cp lib/Log/Message/Config.pm blib/lib/Log/Message/Config.pm
Manifying 1 pod document
Manifying 1 pod document
running tests
check flags: SHELL=/nix/store/9fqwwd4iybmhjqyxiaxycknslw6bgwh1-bash-4.4-p23/bin/bash VERBOSE=y test
running tests
Manifying 4 pod documents
check flags: SHELL=/nix/store/9fqwwd4iybmhjqyxiaxycknslw6bgwh1-bash-4.4-p23/bin/bash VERBOSE=y test
PERL_DL_NONLAZY=1 "/nix/store/7c044di03qa7qgr5kjjc2d787aspzp0m-perl-5.32.0/bin/perl" "-MExtUtils::Command::MM" "-MTest::Harness" "-e" "undef *Test::Harness::Switches; test_harness(0, 'blib/lib', 'blib/arch')" t/*.t
PERL_DL_NONLAZY=1 "/nix/store/7c044di03qa7qgr5kjjc2d787aspzp0m-perl-5.32.0/bin/perl" "-MExtUtils::Command::MM" "-MTest::Harness" "-e" "undef *Test::Harness::Switches; test_harness(0, 'blib/lib', 'blib/arch')" t/*.t
running tests
check flags: SHELL=/nix/store/9fqwwd4iybmhjqyxiaxycknslw6bgwh1-bash-4.4-p23/bin/bash VERBOSE=y test
PERL_DL_NONLAZY=1 "/nix/store/7c044di03qa7qgr5kjjc2d787aspzp0m-perl-5.32.0/bin/perl" "-MExtUtils::Command::MM" "-MTest::Harness" "-e" "undef *Test::Harness::Switches; test_harness(0, 'blib/lib', 'blib/arch')" t/*.t
t/01_list.t .. ok
All tests successful.
Files=1, Tests=4,  0 wallclock secs ( 0.01 usr  0.00 sys +  0.06 cusr  0.00 csys =  0.07 CPU)
Result: PASS
installing
install flags: SHELL=/nix/store/9fqwwd4iybmhjqyxiaxycknslw6bgwh1-bash-4.4-p23/bin/bash pkgconfigdir=/nix/store/nx0yp4abnfi6bws1drgx5lr0kinjnbp1-perl5.32.0-Package-Constants-0.06/lib/pkgconfig m4datadir=/nix/store/nx0yp4abnfi6bws1drgx5lr0kinjnbp1-perl5.32.0-Package-Constants-0.06/share/aclocal aclocaldir=/nix/store/nx0yp4abnfi6bws1drgx5lr0kinjnbp1-perl5.32.0-Package-Constants-0.06/share/aclocal install
t/00_Object-Accessor.t ............. ok
t/01_Log-Message-Config.t .. ok
Manifying 1 pod document
t/01_Object-Accessor-Subclassed.t .. ok
Installing /nix/store/nx0yp4abnfi6bws1drgx5lr0kinjnbp1-perl5.32.0-Package-Constants-0.06/lib/perl5/site_perl/5.32.0/Package/Constants.pm
Installing /nix/store/nx0yp4abnfi6bws1drgx5lr0kinjnbp1-perl5.32.0-Package-Constants-0.06/share/man/man3/Package::Constants.3
Appending installation info to /nix/store/nx0yp4abnfi6bws1drgx5lr0kinjnbp1-perl5.32.0-Package-Constants-0.06/lib/perl5/5.32.0/x86_64-linux-thread-multi/perllocal.pod
t/02_Log-Message.t ......... ok
All tests successful.
Files=2, Tests=40,  0 wallclock secs ( 0.02 usr  0.01 sys +  0.14 cusr  0.01 csys =  0.18 CPU)
Result: PASS
t/02_Object-Accessor-allow.t ....... ok
installing
post-installation fixup
install flags: SHELL=/nix/store/9fqwwd4iybmhjqyxiaxycknslw6bgwh1-bash-4.4-p23/bin/bash pkgconfigdir=/nix/store/0gn13vclvdc46fx8znxvn99gkfawfcmn-perl5.32.0-Log-Message-0.08/lib/pkgconfig m4datadir=/nix/store/0gn13vclvdc46fx8znxvn99gkfawfcmn-perl5.32.0-Log-Message-0.08/share/aclocal aclocaldir=/nix/store/0gn13vclvdc46fx8znxvn99gkfawfcmn-perl5.32.0-Log-Message-0.08/share/aclocal install
Moving /nix/store/nx0yp4abnfi6bws1drgx5lr0kinjnbp1-perl5.32.0-Package-Constants-0.06/share/man/man3 to /nix/store/z0hqlh5h118x6nmlgy0w8nw0jzn12l3i-perl5.32.0-Package-Constants-0.06-devdoc/share/man/man3
Removing empty /nix/store/nx0yp4abnfi6bws1drgx5lr0kinjnbp1-perl5.32.0-Package-Constants-0.06/share/man/ and (possibly) its parents
shrinking RPATHs of ELF executables and libraries in /nix/store/nx0yp4abnfi6bws1drgx5lr0kinjnbp1-perl5.32.0-Package-Constants-0.06
strip is /nix/store/psyzbhp4p088sb9qcs378hfbslcalasl-binutils-2.31.1/bin/strip
stripping (with command strip and flags -S) in /nix/store/nx0yp4abnfi6bws1drgx5lr0kinjnbp1-perl5.32.0-Package-Constants-0.06/lib
patching script interpreter paths in /nix/store/nx0yp4abnfi6bws1drgx5lr0kinjnbp1-perl5.32.0-Package-Constants-0.06
checking for references to /build/ in /nix/store/nx0yp4abnfi6bws1drgx5lr0kinjnbp1-perl5.32.0-Package-Constants-0.06...
shrinking RPATHs of ELF executables and libraries in /nix/store/z0hqlh5h118x6nmlgy0w8nw0jzn12l3i-perl5.32.0-Package-Constants-0.06-devdoc
gzipping man pages under /nix/store/z0hqlh5h118x6nmlgy0w8nw0jzn12l3i-perl5.32.0-Package-Constants-0.06-devdoc/share/man/
strip is /nix/store/psyzbhp4p088sb9qcs378hfbslcalasl-binutils-2.31.1/bin/strip
patching script interpreter paths in /nix/store/z0hqlh5h118x6nmlgy0w8nw0jzn12l3i-perl5.32.0-Package-Constants-0.06-devdoc
checking for references to /build/ in /nix/store/z0hqlh5h118x6nmlgy0w8nw0jzn12l3i-perl5.32.0-Package-Constants-0.06-devdoc...
t/03_Object-Accessor-local.t ....... ok
Manifying 4 pod documents
Installing /nix/store/0gn13vclvdc46fx8znxvn99gkfawfcmn-perl5.32.0-Log-Message-0.08/lib/perl5/site_perl/5.32.0/Log/Message.pm
Installing /nix/store/0gn13vclvdc46fx8znxvn99gkfawfcmn-perl5.32.0-Log-Message-0.08/lib/perl5/site_perl/5.32.0/Log/Message/Config.pm
Installing /nix/store/0gn13vclvdc46fx8znxvn99gkfawfcmn-perl5.32.0-Log-Message-0.08/lib/perl5/site_perl/5.32.0/Log/Message/Item.pm
Installing /nix/store/0gn13vclvdc46fx8znxvn99gkfawfcmn-perl5.32.0-Log-Message-0.08/lib/perl5/site_perl/5.32.0/Log/Message/Handlers.pm
Installing /nix/store/0gn13vclvdc46fx8znxvn99gkfawfcmn-perl5.32.0-Log-Message-0.08/share/man/man3/Log::Message::Config.3
Installing /nix/store/0gn13vclvdc46fx8znxvn99gkfawfcmn-perl5.32.0-Log-Message-0.08/share/man/man3/Log::Message::Item.3
Installing /nix/store/0gn13vclvdc46fx8znxvn99gkfawfcmn-perl5.32.0-Log-Message-0.08/share/man/man3/Log::Message::Handlers.3
Installing /nix/store/0gn13vclvdc46fx8znxvn99gkfawfcmn-perl5.32.0-Log-Message-0.08/share/man/man3/Log::Message.3
Appending installation info to /nix/store/0gn13vclvdc46fx8znxvn99gkfawfcmn-perl5.32.0-Log-Message-0.08/lib/perl5/5.32.0/x86_64-linux-thread-multi/perllocal.pod
t/04_Object-Accessor-lvalue.t ...... ok
post-installation fixup
Moving /nix/store/0gn13vclvdc46fx8znxvn99gkfawfcmn-perl5.32.0-Log-Message-0.08/share/man/man3 to /nix/store/xija2a1sv6gs35ax35hmb19di5clnm4n-perl5.32.0-Log-Message-0.08-devdoc/share/man/man3
Removing empty /nix/store/0gn13vclvdc46fx8znxvn99gkfawfcmn-perl5.32.0-Log-Message-0.08/share/man/ and (possibly) its parents
shrinking RPATHs of ELF executables and libraries in /nix/store/0gn13vclvdc46fx8znxvn99gkfawfcmn-perl5.32.0-Log-Message-0.08
strip is /nix/store/psyzbhp4p088sb9qcs378hfbslcalasl-binutils-2.31.1/bin/strip
stripping (with command strip and flags -S) in /nix/store/0gn13vclvdc46fx8znxvn99gkfawfcmn-perl5.32.0-Log-Message-0.08/lib
patching script interpreter paths in /nix/store/0gn13vclvdc46fx8znxvn99gkfawfcmn-perl5.32.0-Log-Message-0.08
checking for references to /build/ in /nix/store/0gn13vclvdc46fx8znxvn99gkfawfcmn-perl5.32.0-Log-Message-0.08...
shrinking RPATHs of ELF executables and libraries in /nix/store/xija2a1sv6gs35ax35hmb19di5clnm4n-perl5.32.0-Log-Message-0.08-devdoc
gzipping man pages under /nix/store/xija2a1sv6gs35ax35hmb19di5clnm4n-perl5.32.0-Log-Message-0.08-devdoc/share/man/
strip is /nix/store/psyzbhp4p088sb9qcs378hfbslcalasl-binutils-2.31.1/bin/strip
patching script interpreter paths in /nix/store/xija2a1sv6gs35ax35hmb19di5clnm4n-perl5.32.0-Log-Message-0.08-devdoc
checking for references to /build/ in /nix/store/xija2a1sv6gs35ax35hmb19di5clnm4n-perl5.32.0-Log-Message-0.08-devdoc...
t/05_Object-Accessor-callback.t .... ok
building '/nix/store/430llpg8mcwddnjbbm4sgm0b7bi8bqyg-perl5.32.0-Log-Message-Simple-0.10.drv'...
t/06_Object-Accessor-alias.t ....... ok
All tests successful.
Files=7, Tests=155,  1 wallclock secs ( 0.04 usr  0.01 sys +  0.42 cusr  0.03 csys =  0.50 CPU)
Result: PASS
installing
install flags: SHELL=/nix/store/9fqwwd4iybmhjqyxiaxycknslw6bgwh1-bash-4.4-p23/bin/bash pkgconfigdir=/nix/store/ikj7ky7snmmrparwh4p975k2cax4s4h8-perl5.32.0-Object-Accessor-0.48/lib/pkgconfig m4datadir=/nix/store/ikj7ky7snmmrparwh4p975k2cax4s4h8-perl5.32.0-Object-Accessor-0.48/share/aclocal aclocaldir=/nix/store/ikj7ky7snmmrparwh4p975k2cax4s4h8-perl5.32.0-Object-Accessor-0.48/share/aclocal install
unpacking sources
unpacking source archive /nix/store/vydhdcpbnv2dvhgf2q3p5l3m1b1vhyl2-Log-Message-Simple-0.10.tar.gz
source root is Log-Message-Simple-0.10
setting SOURCE_DATE_EPOCH to timestamp 1358929067 of file Log-Message-Simple-0.10/META.yml
patching sources
configuring
Manifying 1 pod document
Installing /nix/store/ikj7ky7snmmrparwh4p975k2cax4s4h8-perl5.32.0-Object-Accessor-0.48/lib/perl5/site_perl/5.32.0/Object/Accessor.pm
Installing /nix/store/ikj7ky7snmmrparwh4p975k2cax4s4h8-perl5.32.0-Object-Accessor-0.48/share/man/man3/Object::Accessor.3
Appending installation info to /nix/store/ikj7ky7snmmrparwh4p975k2cax4s4h8-perl5.32.0-Object-Accessor-0.48/lib/perl5/5.32.0/x86_64-linux-thread-multi/perllocal.pod
Checking if your kit is complete...
post-installation fixup
Moving /nix/store/ikj7ky7snmmrparwh4p975k2cax4s4h8-perl5.32.0-Object-Accessor-0.48/share/man/man3 to /nix/store/nk9f3h5314sf2v6cq7mshy51xihk1dcy-perl5.32.0-Object-Accessor-0.48-devdoc/share/man/man3
Looks good
Removing empty /nix/store/ikj7ky7snmmrparwh4p975k2cax4s4h8-perl5.32.0-Object-Accessor-0.48/share/man/ and (possibly) its parents
shrinking RPATHs of ELF executables and libraries in /nix/store/ikj7ky7snmmrparwh4p975k2cax4s4h8-perl5.32.0-Object-Accessor-0.48
strip is /nix/store/psyzbhp4p088sb9qcs378hfbslcalasl-binutils-2.31.1/bin/strip
stripping (with command strip and flags -S) in /nix/store/ikj7ky7snmmrparwh4p975k2cax4s4h8-perl5.32.0-Object-Accessor-0.48/lib
patching script interpreter paths in /nix/store/ikj7ky7snmmrparwh4p975k2cax4s4h8-perl5.32.0-Object-Accessor-0.48
checking for references to /build/ in /nix/store/ikj7ky7snmmrparwh4p975k2cax4s4h8-perl5.32.0-Object-Accessor-0.48...
shrinking RPATHs of ELF executables and libraries in /nix/store/nk9f3h5314sf2v6cq7mshy51xihk1dcy-perl5.32.0-Object-Accessor-0.48-devdoc
gzipping man pages under /nix/store/nk9f3h5314sf2v6cq7mshy51xihk1dcy-perl5.32.0-Object-Accessor-0.48-devdoc/share/man/
strip is /nix/store/psyzbhp4p088sb9qcs378hfbslcalasl-binutils-2.31.1/bin/strip
patching script interpreter paths in /nix/store/nk9f3h5314sf2v6cq7mshy51xihk1dcy-perl5.32.0-Object-Accessor-0.48-devdoc
checking for references to /build/ in /nix/store/nk9f3h5314sf2v6cq7mshy51xihk1dcy-perl5.32.0-Object-Accessor-0.48-devdoc...
Generating a Unix-style Makefile
Writing Makefile for Log::Message::Simple
Writing MYMETA.yml and MYMETA.json
no configure script, doing nothing
building
build flags: SHELL=/nix/store/9fqwwd4iybmhjqyxiaxycknslw6bgwh1-bash-4.4-p23/bin/bash
cp lib/Log/Message/Simple.pm blib/lib/Log/Message/Simple.pm
Manifying 1 pod document
running tests
check flags: SHELL=/nix/store/9fqwwd4iybmhjqyxiaxycknslw6bgwh1-bash-4.4-p23/bin/bash VERBOSE=y test
PERL_DL_NONLAZY=1 "/nix/store/7c044di03qa7qgr5kjjc2d787aspzp0m-perl-5.32.0/bin/perl" "-MExtUtils::Command::MM" "-MTest::Harness" "-e" "undef *Test::Harness::Switches; test_harness(0, 'blib/lib', 'blib/arch')" t/*.t
t/01_use.t ........ 1/? # Testing Log::Message::Simple version 0.10
t/01_use.t ........ ok
t/02_imports.t .... ok
t/03_functions.t .. ok
All tests successful.
Files=3, Tests=97,  0 wallclock secs ( 0.03 usr  0.01 sys +  0.18 cusr  0.04 csys =  0.26 CPU)
Result: PASS
installing
install flags: SHELL=/nix/store/9fqwwd4iybmhjqyxiaxycknslw6bgwh1-bash-4.4-p23/bin/bash pkgconfigdir=/nix/store/6zicdv4y8zb050yq2kn3q28nb37w6fbg-perl5.32.0-Log-Message-Simple-0.10/lib/pkgconfig m4datadir=/nix/store/6zicdv4y8zb050yq2kn3q28nb37w6fbg-perl5.32.0-Log-Message-Simple-0.10/share/aclocal aclocaldir=/nix/store/6zicdv4y8zb050yq2kn3q28nb37w6fbg-perl5.32.0-Log-Message-Simple-0.10/share/aclocal install
Manifying 1 pod document
Installing /nix/store/6zicdv4y8zb050yq2kn3q28nb37w6fbg-perl5.32.0-Log-Message-Simple-0.10/lib/perl5/site_perl/5.32.0/Log/Message/Simple.pm
Installing /nix/store/6zicdv4y8zb050yq2kn3q28nb37w6fbg-perl5.32.0-Log-Message-Simple-0.10/share/man/man3/Log::Message::Simple.3
Appending installation info to /nix/store/6zicdv4y8zb050yq2kn3q28nb37w6fbg-perl5.32.0-Log-Message-Simple-0.10/lib/perl5/5.32.0/x86_64-linux-thread-multi/perllocal.pod
post-installation fixup
Moving /nix/store/6zicdv4y8zb050yq2kn3q28nb37w6fbg-perl5.32.0-Log-Message-Simple-0.10/share/man/man3 to /nix/store/m2h11rjn0bh4skp7qkhq1vs6s9p70a5k-perl5.32.0-Log-Message-Simple-0.10-devdoc/share/man/man3
Removing empty /nix/store/6zicdv4y8zb050yq2kn3q28nb37w6fbg-perl5.32.0-Log-Message-Simple-0.10/share/man/ and (possibly) its parents
shrinking RPATHs of ELF executables and libraries in /nix/store/6zicdv4y8zb050yq2kn3q28nb37w6fbg-perl5.32.0-Log-Message-Simple-0.10
strip is /nix/store/psyzbhp4p088sb9qcs378hfbslcalasl-binutils-2.31.1/bin/strip
stripping (with command strip and flags -S) in /nix/store/6zicdv4y8zb050yq2kn3q28nb37w6fbg-perl5.32.0-Log-Message-Simple-0.10/lib
patching script interpreter paths in /nix/store/6zicdv4y8zb050yq2kn3q28nb37w6fbg-perl5.32.0-Log-Message-Simple-0.10
checking for references to /build/ in /nix/store/6zicdv4y8zb050yq2kn3q28nb37w6fbg-perl5.32.0-Log-Message-Simple-0.10...
shrinking RPATHs of ELF executables and libraries in /nix/store/m2h11rjn0bh4skp7qkhq1vs6s9p70a5k-perl5.32.0-Log-Message-Simple-0.10-devdoc
gzipping man pages under /nix/store/m2h11rjn0bh4skp7qkhq1vs6s9p70a5k-perl5.32.0-Log-Message-Simple-0.10-devdoc/share/man/
strip is /nix/store/psyzbhp4p088sb9qcs378hfbslcalasl-binutils-2.31.1/bin/strip
patching script interpreter paths in /nix/store/m2h11rjn0bh4skp7qkhq1vs6s9p70a5k-perl5.32.0-Log-Message-Simple-0.10-devdoc
checking for references to /build/ in /nix/store/m2h11rjn0bh4skp7qkhq1vs6s9p70a5k-perl5.32.0-Log-Message-Simple-0.10-devdoc...
building '/nix/store/234bal03z4f0w06dbhva6a2gx8ql2yp5-perl5.32.0-Term-UI-0.46.drv'...
unpacking sources
unpacking source archive /nix/store/2br5nazbxmj3mdpwhfhv0ysrhjpzg6hp-Term-UI-0.46.tar.gz
source root is Term-UI-0.46
setting SOURCE_DATE_EPOCH to timestamp 1432576131 of file Term-UI-0.46/META.yml
patching sources
configuring
Checking if your kit is complete...
Looks good
Generating a Unix-style Makefile
Writing Makefile for Term::UI
Writing MYMETA.yml and MYMETA.json
no configure script, doing nothing
building
build flags: SHELL=/nix/store/9fqwwd4iybmhjqyxiaxycknslw6bgwh1-bash-4.4-p23/bin/bash
cp lib/Term/UI/History.pm blib/lib/Term/UI/History.pm
cp lib/Term/UI.pm blib/lib/Term/UI.pm
Manifying 2 pod documents
running tests
check flags: SHELL=/nix/store/9fqwwd4iybmhjqyxiaxycknslw6bgwh1-bash-4.4-p23/bin/bash VERBOSE=y test
PERL_DL_NONLAZY=1 "/nix/store/7c044di03qa7qgr5kjjc2d787aspzp0m-perl-5.32.0/bin/perl" "-MExtUtils::Command::MM" "-MTest::Harness" "-e" "undef *Test::Harness::Switches; test_harness(0, 'blib/lib', 'blib/arch')" t/*.t
t/00_load.t ..... 1/? # Testing Term::UI 0.46
t/00_load.t ..... ok
t/01_history.t .. ok
t/02_ui.t ....... ok
All tests successful.
Files=3, Tests=35,  0 wallclock secs ( 0.02 usr  0.00 sys +  0.19 cusr  0.03 csys =  0.24 CPU)
Result: PASS
installing
install flags: SHELL=/nix/store/9fqwwd4iybmhjqyxiaxycknslw6bgwh1-bash-4.4-p23/bin/bash pkgconfigdir=/nix/store/fazryf9s1cjx539vas9kkk0j13z6zi7a-perl5.32.0-Term-UI-0.46/lib/pkgconfig m4datadir=/nix/store/fazryf9s1cjx539vas9kkk0j13z6zi7a-perl5.32.0-Term-UI-0.46/share/aclocal aclocaldir=/nix/store/fazryf9s1cjx539vas9kkk0j13z6zi7a-perl5.32.0-Term-UI-0.46/share/aclocal install
Manifying 2 pod documents
Installing /nix/store/fazryf9s1cjx539vas9kkk0j13z6zi7a-perl5.32.0-Term-UI-0.46/lib/perl5/site_perl/5.32.0/Term/UI.pm
Installing /nix/store/fazryf9s1cjx539vas9kkk0j13z6zi7a-perl5.32.0-Term-UI-0.46/lib/perl5/site_perl/5.32.0/Term/UI/History.pm
Installing /nix/store/fazryf9s1cjx539vas9kkk0j13z6zi7a-perl5.32.0-Term-UI-0.46/share/man/man3/Term::UI.3
Installing /nix/store/fazryf9s1cjx539vas9kkk0j13z6zi7a-perl5.32.0-Term-UI-0.46/share/man/man3/Term::UI::History.3
Appending installation info to /nix/store/fazryf9s1cjx539vas9kkk0j13z6zi7a-perl5.32.0-Term-UI-0.46/lib/perl5/5.32.0/x86_64-linux-thread-multi/perllocal.pod
post-installation fixup
Moving /nix/store/fazryf9s1cjx539vas9kkk0j13z6zi7a-perl5.32.0-Term-UI-0.46/share/man/man3 to /nix/store/sislq7dxhixkvc8v00ccjwi6a23iqbyg-perl5.32.0-Term-UI-0.46-devdoc/share/man/man3
Removing empty /nix/store/fazryf9s1cjx539vas9kkk0j13z6zi7a-perl5.32.0-Term-UI-0.46/share/man/ and (possibly) its parents
shrinking RPATHs of ELF executables and libraries in /nix/store/fazryf9s1cjx539vas9kkk0j13z6zi7a-perl5.32.0-Term-UI-0.46
strip is /nix/store/psyzbhp4p088sb9qcs378hfbslcalasl-binutils-2.31.1/bin/strip
stripping (with command strip and flags -S) in /nix/store/fazryf9s1cjx539vas9kkk0j13z6zi7a-perl5.32.0-Term-UI-0.46/lib
patching script interpreter paths in /nix/store/fazryf9s1cjx539vas9kkk0j13z6zi7a-perl5.32.0-Term-UI-0.46
checking for references to /build/ in /nix/store/fazryf9s1cjx539vas9kkk0j13z6zi7a-perl5.32.0-Term-UI-0.46...
shrinking RPATHs of ELF executables and libraries in /nix/store/sislq7dxhixkvc8v00ccjwi6a23iqbyg-perl5.32.0-Term-UI-0.46-devdoc
gzipping man pages under /nix/store/sislq7dxhixkvc8v00ccjwi6a23iqbyg-perl5.32.0-Term-UI-0.46-devdoc/share/man/
strip is /nix/store/psyzbhp4p088sb9qcs378hfbslcalasl-binutils-2.31.1/bin/strip
patching script interpreter paths in /nix/store/sislq7dxhixkvc8v00ccjwi6a23iqbyg-perl5.32.0-Term-UI-0.46-devdoc
checking for references to /build/ in /nix/store/sislq7dxhixkvc8v00ccjwi6a23iqbyg-perl5.32.0-Term-UI-0.46-devdoc...
building '/nix/store/hsz59s61rb19yaml0m95d1774j2picvc-perl5.32.0-CPANPLUS-0.9908.drv'...
unpacking sources
unpacking source archive /nix/store/9afcqid045yxwhqxdj81drcfd5469s26-CPANPLUS-0.9908.tar.gz
source root is CPANPLUS-0.9908
setting SOURCE_DATE_EPOCH to timestamp 1586691556 of file CPANPLUS-0.9908/lib/CPANPLUS/Shell/Default/Plugins/Source.pm
patching sources
configuring
patching ./inc/bundle/version.pm...
patching ./bin/cpanp-boxed...
patching ./bin/cpan2dist...
patching ./bin/cpanp-run-perl...
patching ./bin/cpanp...
patching ./Makefile.PL...

### IMPORTANT! ######################################################


As of CPANPLUS 0.070, configuration during 'perl Makefile.PL'
is no longer required. A default config is now shipped that
should work out of the box on most machines, for priviliged
and unprivileged users.

If you wish to configure CPANPLUS to your environment, you can
either do that from the interactive shell after installation:

    $ cpanp
    CPAN Terminal> s reconfigure

Or you can invoke this program as follows, to do it now:

    $ perl Makefile.PL --setup

This also means that any config created by any CPANPLUS older
than 0.070 will no longer work, and you are required to
reconfigure. See the ChangeLog file for details.

We appologize for the inconvenience.


### PLEASE NOTE ###################################################

CPANPLUS also ships a 'boxed' cpanp client, so you can run it
out of it's extraction dir, by typing:

    $ perl bin/cpanp-boxed

This may help you with bootstrap issues, or other situations
where you need to use CPANPLUS but can not use a system installation.

You can install all of CPANPLUS' dependencies like this, before
installing CPANPLUS itself by running:

    $ perl bin/cpanp-boxed -s selfupdate dependencies

All the modules bundled are found in the 'inc/bundle' directory. If
you, for whatever reason, wish to not install these from cpan, you
could include them into your environment as such (using tcsh):

    $ setenv PERL5LIB /build/CPANPLUS-0.9908/inc/bundle

###################################################################


Checking if your kit is complete...
Looks good
Generating a Unix-style Makefile
Writing Makefile for CPANPLUS
Subroutine load_file redefined at /nix/store/7c044di03qa7qgr5kjjc2d787aspzp0m-perl-5.32.0/lib/perl5/5.32.0/Parse/CPAN/Meta.pm line 15.
Subroutine load_string redefined at /nix/store/7c044di03qa7qgr5kjjc2d787aspzp0m-perl-5.32.0/lib/perl5/5.32.0/Parse/CPAN/Meta.pm line 31.
Subroutine load_yaml_string redefined at /nix/store/7c044di03qa7qgr5kjjc2d787aspzp0m-perl-5.32.0/lib/perl5/5.32.0/Parse/CPAN/Meta.pm line 44.
Subroutine load_json_string redefined at /nix/store/7c044di03qa7qgr5kjjc2d787aspzp0m-perl-5.32.0/lib/perl5/5.32.0/Parse/CPAN/Meta.pm line 52.
Subroutine yaml_backend redefined at /nix/store/7c044di03qa7qgr5kjjc2d787aspzp0m-perl-5.32.0/lib/perl5/5.32.0/Parse/CPAN/Meta.pm line 62.
Subroutine json_decoder redefined at /nix/store/7c044di03qa7qgr5kjjc2d787aspzp0m-perl-5.32.0/lib/perl5/5.32.0/Parse/CPAN/Meta.pm line 78.
Subroutine json_backend redefined at /nix/store/7c044di03qa7qgr5kjjc2d787aspzp0m-perl-5.32.0/lib/perl5/5.32.0/Parse/CPAN/Meta.pm line 94.
Subroutine _slurp redefined at /nix/store/7c044di03qa7qgr5kjjc2d787aspzp0m-perl-5.32.0/lib/perl5/5.32.0/Parse/CPAN/Meta.pm line 120.
Subroutine _can_load redefined at /nix/store/7c044di03qa7qgr5kjjc2d787aspzp0m-perl-5.32.0/lib/perl5/5.32.0/Parse/CPAN/Meta.pm line 129.
Subroutine LoadFile redefined at /nix/store/7c044di03qa7qgr5kjjc2d787aspzp0m-perl-5.32.0/lib/perl5/5.32.0/Parse/CPAN/Meta.pm line 146.
Subroutine Load redefined at /nix/store/7c044di03qa7qgr5kjjc2d787aspzp0m-perl-5.32.0/lib/perl5/5.32.0/Parse/CPAN/Meta.pm line 151.
Writing MYMETA.yml and MYMETA.json
no configure script, doing nothing
building
build flags: SHELL=/nix/store/9fqwwd4iybmhjqyxiaxycknslw6bgwh1-bash-4.4-p23/bin/bash
cp lib/CPANPLUS/Internals/Search.pm blib/lib/CPANPLUS/Internals/Search.pm
cp lib/CPANPLUS/Internals.pm blib/lib/CPANPLUS/Internals.pm
cp lib/CPANPLUS/Internals/Report.pm blib/lib/CPANPLUS/Internals/Report.pm
cp lib/CPANPLUS/Config/HomeEnv.pm blib/lib/CPANPLUS/Config/HomeEnv.pm
cp lib/CPANPLUS/Dist/MM.pm blib/lib/CPANPLUS/Dist/MM.pm
cp lib/CPANPLUS/FAQ.pod blib/lib/CPANPLUS/FAQ.pod
cp lib/CPANPLUS/Internals/Utils.pm blib/lib/CPANPLUS/Internals/Utils.pm
cp lib/CPANPLUS/Module/Fake.pm blib/lib/CPANPLUS/Module/Fake.pm
cp lib/CPANPLUS.pm blib/lib/CPANPLUS.pm
cp lib/CPANPLUS/Dist/Sample.pm blib/lib/CPANPLUS/Dist/Sample.pm
cp lib/CPANPLUS/Internals/Source/SQLite.pm blib/lib/CPANPLUS/Internals/Source/SQLite.pm
cp lib/CPANPLUS/Module/Signature.pm blib/lib/CPANPLUS/Module/Signature.pm
cp lib/CPANPLUS/Dist/Base.pm blib/lib/CPANPLUS/Dist/Base.pm
cp lib/CPANPLUS/Internals/Utils/Autoflush.pm blib/lib/CPANPLUS/Internals/Utils/Autoflush.pm
cp lib/CPANPLUS/Internals/Source.pm blib/lib/CPANPLUS/Internals/Source.pm
cp lib/CPANPLUS/Shell/Classic.pm blib/lib/CPANPLUS/Shell/Classic.pm
cp lib/CPANPLUS/Dist.pm blib/lib/CPANPLUS/Dist.pm
cp lib/CPANPLUS/Module/Author.pm blib/lib/CPANPLUS/Module/Author.pm
cp lib/CPANPLUS/Internals/Source/Memory.pm blib/lib/CPANPLUS/Internals/Source/Memory.pm
cp lib/CPANPLUS/Module/Checksums.pm blib/lib/CPANPLUS/Module/Checksums.pm
cp lib/CPANPLUS/Internals/Constants/Report.pm blib/lib/CPANPLUS/Internals/Constants/Report.pm
cp lib/CPANPLUS/Backend/RV.pm blib/lib/CPANPLUS/Backend/RV.pm
cp lib/CPANPLUS/Internals/Extract.pm blib/lib/CPANPLUS/Internals/Extract.pm
cp lib/CPANPLUS/Internals/Fetch.pm blib/lib/CPANPLUS/Internals/Fetch.pm
cp lib/CPANPLUS/Config.pm blib/lib/CPANPLUS/Config.pm
cp lib/CPANPLUS/Error.pm blib/lib/CPANPLUS/Error.pm
cp lib/CPANPLUS/Configure/Setup.pm blib/lib/CPANPLUS/Configure/Setup.pm
cp lib/CPANPLUS/Shell.pm blib/lib/CPANPLUS/Shell.pm
cp lib/CPANPLUS/Module/Author/Fake.pm blib/lib/CPANPLUS/Module/Author/Fake.pm
cp lib/CPANPLUS/Internals/Source/SQLite/Tie.pm blib/lib/CPANPLUS/Internals/Source/SQLite/Tie.pm
cp lib/CPANPLUS/Configure.pm blib/lib/CPANPLUS/Configure.pm
cp lib/CPANPLUS/Hacking.pod blib/lib/CPANPLUS/Hacking.pod
cp lib/CPANPLUS/Selfupdate.pm blib/lib/CPANPLUS/Selfupdate.pm
cp lib/CPANPLUS/Backend.pm blib/lib/CPANPLUS/Backend.pm
cp lib/CPANPLUS/Module.pm blib/lib/CPANPLUS/Module.pm
cp lib/CPANPLUS/Internals/Constants.pm blib/lib/CPANPLUS/Internals/Constants.pm
cp lib/CPANPLUS/Dist/Autobundle.pm blib/lib/CPANPLUS/Dist/Autobundle.pm
cp lib/CPANPLUS/Shell/Default.pm blib/lib/CPANPLUS/Shell/Default.pm
cp lib/CPANPLUS/Shell/Default/Plugins/CustomSource.pm blib/lib/CPANPLUS/Shell/Default/Plugins/CustomSource.pm
cp lib/CPANPLUS/Shell/Default/Plugins/Remote.pm blib/lib/CPANPLUS/Shell/Default/Plugins/Remote.pm
cp lib/CPANPLUS/Shell/Default/Plugins/Source.pm blib/lib/CPANPLUS/Shell/Default/Plugins/Source.pm
cp lib/CPANPLUS/Shell/Default/Plugins/HOWTO.pod blib/lib/CPANPLUS/Shell/Default/Plugins/HOWTO.pod
cp bin/cpan2dist blib/script/cpan2dist
"/nix/store/7c044di03qa7qgr5kjjc2d787aspzp0m-perl-5.32.0/bin/perl" "-Iinc" -MExtUtils::MY -e 'MY->fixin(shift)' -- blib/script/cpan2dist
cp bin/cpanp blib/script/cpanp
"/nix/store/7c044di03qa7qgr5kjjc2d787aspzp0m-perl-5.32.0/bin/perl" "-Iinc" -MExtUtils::MY -e 'MY->fixin(shift)' -- blib/script/cpanp
cp bin/cpanp-run-perl blib/script/cpanp-run-perl
"/nix/store/7c044di03qa7qgr5kjjc2d787aspzp0m-perl-5.32.0/bin/perl" "-Iinc" -MExtUtils::MY -e 'MY->fixin(shift)' -- blib/script/cpanp-run-perl
Manifying 2 pod documents
Manifying 33 pod documents
Manifying 3 pod documents
running tests
check flags: SHELL=/nix/store/9fqwwd4iybmhjqyxiaxycknslw6bgwh1-bash-4.4-p23/bin/bash VERBOSE=y test
PERL_DL_NONLAZY=1 "/nix/store/7c044di03qa7qgr5kjjc2d787aspzp0m-perl-5.32.0/bin/perl" "-MExtUtils::Command::MM" "-MTest::Harness" "-e" "undef *Test::Harness::Switches; test_harness(0, 'inc', 'blib/lib', 'blib/arch')" t/*.t
t/08_CPANPLUS-Backend.t ....................... ok
t/00_CPANPLUS-Internals-Utils.t ............... ok
t/01_CPANPLUS-Configure.t ..................... ok
t/02_CPANPLUS-Internals.t ..................... ok
t/031_CPANPLUS-Internals-Source-SQLite.t ...... skipped: SQLite engine not available
t/032_CPANPLUS-Internals-Source-via-sqlite.t .. skipped: SQLite engine not available
t/03_CPANPLUS-Internals-Source.t .............. ok
t/04_CPANPLUS-Module.t ........................ ok
t/05_CPANPLUS-Internals-Fetch.t ............... ok
t/06_CPANPLUS-Internals-Constants.t ........... ok
t/07_CPANPLUS-Internals-Extract.t ............. ok
t/09_CPANPLUS-Internals-Search.t .............. ok
t/10_CPANPLUS-Error.t ......................... ok
t/15_CPANPLUS-Shell.t ......................... ok
t/19_CPANPLUS-Dist.t .......................... ok
t/20_CPANPLUS-Dist-MM.t ....................... ok
t/21_CPANPLUS-Dist-No-Build.t ................. ok
t/25_CPANPLUS.t ............................... ok
t/30_CPANPLUS-Internals-Selfupdate.t .......... ok
t/40_CPANPLUS-Internals-Report.t .............. ok
All tests successful.
Files=20, Tests=1617, 17 wallclock secs ( 0.20 usr  0.02 sys + 10.32 cusr  2.78 csys = 13.32 CPU)
Result: PASS
installing
install flags: SHELL=/nix/store/9fqwwd4iybmhjqyxiaxycknslw6bgwh1-bash-4.4-p23/bin/bash pkgconfigdir=/nix/store/7997xscmij03angf8d700rpj94jlsrk7-perl5.32.0-CPANPLUS-0.9908/lib/pkgconfig m4datadir=/nix/store/7997xscmij03angf8d700rpj94jlsrk7-perl5.32.0-CPANPLUS-0.9908/share/aclocal aclocaldir=/nix/store/7997xscmij03angf8d700rpj94jlsrk7-perl5.32.0-CPANPLUS-0.9908/share/aclocal install
Manifying 2 pod documents
Manifying 33 pod documents
Manifying 3 pod documents
Installing /nix/store/7997xscmij03angf8d700rpj94jlsrk7-perl5.32.0-CPANPLUS-0.9908/lib/perl5/site_perl/5.32.0/CPANPLUS.pm
Installing /nix/store/7997xscmij03angf8d700rpj94jlsrk7-perl5.32.0-CPANPLUS-0.9908/lib/perl5/site_perl/5.32.0/CPANPLUS/Config.pm
Installing /nix/store/7997xscmij03angf8d700rpj94jlsrk7-perl5.32.0-CPANPLUS-0.9908/lib/perl5/site_perl/5.32.0/CPANPLUS/Dist.pm
Installing /nix/store/7997xscmij03angf8d700rpj94jlsrk7-perl5.32.0-CPANPLUS-0.9908/lib/perl5/site_perl/5.32.0/CPANPLUS/Backend.pm
Installing /nix/store/7997xscmij03angf8d700rpj94jlsrk7-perl5.32.0-CPANPLUS-0.9908/lib/perl5/site_perl/5.32.0/CPANPLUS/Shell.pm
Installing /nix/store/7997xscmij03angf8d700rpj94jlsrk7-perl5.32.0-CPANPLUS-0.9908/lib/perl5/site_perl/5.32.0/CPANPLUS/Selfupdate.pm
Installing /nix/store/7997xscmij03angf8d700rpj94jlsrk7-perl5.32.0-CPANPLUS-0.9908/lib/perl5/site_perl/5.32.0/CPANPLUS/Internals.pm
Installing /nix/store/7997xscmij03angf8d700rpj94jlsrk7-perl5.32.0-CPANPLUS-0.9908/lib/perl5/site_perl/5.32.0/CPANPLUS/Configure.pm
Installing /nix/store/7997xscmij03angf8d700rpj94jlsrk7-perl5.32.0-CPANPLUS-0.9908/lib/perl5/site_perl/5.32.0/CPANPLUS/Module.pm
Installing /nix/store/7997xscmij03angf8d700rpj94jlsrk7-perl5.32.0-CPANPLUS-0.9908/lib/perl5/site_perl/5.32.0/CPANPLUS/Hacking.pod
Installing /nix/store/7997xscmij03angf8d700rpj94jlsrk7-perl5.32.0-CPANPLUS-0.9908/lib/perl5/site_perl/5.32.0/CPANPLUS/Error.pm
Installing /nix/store/7997xscmij03angf8d700rpj94jlsrk7-perl5.32.0-CPANPLUS-0.9908/lib/perl5/site_perl/5.32.0/CPANPLUS/FAQ.pod
Installing /nix/store/7997xscmij03angf8d700rpj94jlsrk7-perl5.32.0-CPANPLUS-0.9908/lib/perl5/site_perl/5.32.0/CPANPLUS/Dist/Autobundle.pm
Installing /nix/store/7997xscmij03angf8d700rpj94jlsrk7-perl5.32.0-CPANPLUS-0.9908/lib/perl5/site_perl/5.32.0/CPANPLUS/Dist/MM.pm
Installing /nix/store/7997xscmij03angf8d700rpj94jlsrk7-perl5.32.0-CPANPLUS-0.9908/lib/perl5/site_perl/5.32.0/CPANPLUS/Dist/Sample.pm
Installing /nix/store/7997xscmij03angf8d700rpj94jlsrk7-perl5.32.0-CPANPLUS-0.9908/lib/perl5/site_perl/5.32.0/CPANPLUS/Dist/Base.pm
Installing /nix/store/7997xscmij03angf8d700rpj94jlsrk7-perl5.32.0-CPANPLUS-0.9908/lib/perl5/site_perl/5.32.0/CPANPLUS/Backend/RV.pm
Installing /nix/store/7997xscmij03angf8d700rpj94jlsrk7-perl5.32.0-CPANPLUS-0.9908/lib/perl5/site_perl/5.32.0/CPANPLUS/Internals/Search.pm
Installing /nix/store/7997xscmij03angf8d700rpj94jlsrk7-perl5.32.0-CPANPLUS-0.9908/lib/perl5/site_perl/5.32.0/CPANPLUS/Internals/Extract.pm
Installing /nix/store/7997xscmij03angf8d700rpj94jlsrk7-perl5.32.0-CPANPLUS-0.9908/lib/perl5/site_perl/5.32.0/CPANPLUS/Internals/Report.pm
Installing /nix/store/7997xscmij03angf8d700rpj94jlsrk7-perl5.32.0-CPANPLUS-0.9908/lib/perl5/site_perl/5.32.0/CPANPLUS/Internals/Fetch.pm
Installing /nix/store/7997xscmij03angf8d700rpj94jlsrk7-perl5.32.0-CPANPLUS-0.9908/lib/perl5/site_perl/5.32.0/CPANPLUS/Internals/Source.pm
Installing /nix/store/7997xscmij03angf8d700rpj94jlsrk7-perl5.32.0-CPANPLUS-0.9908/lib/perl5/site_perl/5.32.0/CPANPLUS/Internals/Utils.pm
Installing /nix/store/7997xscmij03angf8d700rpj94jlsrk7-perl5.32.0-CPANPLUS-0.9908/lib/perl5/site_perl/5.32.0/CPANPLUS/Internals/Constants.pm
Installing /nix/store/7997xscmij03angf8d700rpj94jlsrk7-perl5.32.0-CPANPLUS-0.9908/lib/perl5/site_perl/5.32.0/CPANPLUS/Internals/Constants/Report.pm
Installing /nix/store/7997xscmij03angf8d700rpj94jlsrk7-perl5.32.0-CPANPLUS-0.9908/lib/perl5/site_perl/5.32.0/CPANPLUS/Internals/Source/Memory.pm
Installing /nix/store/7997xscmij03angf8d700rpj94jlsrk7-perl5.32.0-CPANPLUS-0.9908/lib/perl5/site_perl/5.32.0/CPANPLUS/Internals/Source/SQLite.pm
Installing /nix/store/7997xscmij03angf8d700rpj94jlsrk7-perl5.32.0-CPANPLUS-0.9908/lib/perl5/site_perl/5.32.0/CPANPLUS/Internals/Source/SQLite/Tie.pm
Installing /nix/store/7997xscmij03angf8d700rpj94jlsrk7-perl5.32.0-CPANPLUS-0.9908/lib/perl5/site_perl/5.32.0/CPANPLUS/Internals/Utils/Autoflush.pm
Installing /nix/store/7997xscmij03angf8d700rpj94jlsrk7-perl5.32.0-CPANPLUS-0.9908/lib/perl5/site_perl/5.32.0/CPANPLUS/Shell/Classic.pm
Installing /nix/store/7997xscmij03angf8d700rpj94jlsrk7-perl5.32.0-CPANPLUS-0.9908/lib/perl5/site_perl/5.32.0/CPANPLUS/Shell/Default.pm
Installing /nix/store/7997xscmij03angf8d700rpj94jlsrk7-perl5.32.0-CPANPLUS-0.9908/lib/perl5/site_perl/5.32.0/CPANPLUS/Shell/Default/Plugins/CustomSource.pm
Installing /nix/store/7997xscmij03angf8d700rpj94jlsrk7-perl5.32.0-CPANPLUS-0.9908/lib/perl5/site_perl/5.32.0/CPANPLUS/Shell/Default/Plugins/Remote.pm
Installing /nix/store/7997xscmij03angf8d700rpj94jlsrk7-perl5.32.0-CPANPLUS-0.9908/lib/perl5/site_perl/5.32.0/CPANPLUS/Shell/Default/Plugins/Source.pm
Installing /nix/store/7997xscmij03angf8d700rpj94jlsrk7-perl5.32.0-CPANPLUS-0.9908/lib/perl5/site_perl/5.32.0/CPANPLUS/Shell/Default/Plugins/HOWTO.pod
Installing /nix/store/7997xscmij03angf8d700rpj94jlsrk7-perl5.32.0-CPANPLUS-0.9908/lib/perl5/site_perl/5.32.0/CPANPLUS/Configure/Setup.pm
Installing /nix/store/7997xscmij03angf8d700rpj94jlsrk7-perl5.32.0-CPANPLUS-0.9908/lib/perl5/site_perl/5.32.0/CPANPLUS/Config/HomeEnv.pm
Installing /nix/store/7997xscmij03angf8d700rpj94jlsrk7-perl5.32.0-CPANPLUS-0.9908/lib/perl5/site_perl/5.32.0/CPANPLUS/Module/Fake.pm
Installing /nix/store/7997xscmij03angf8d700rpj94jlsrk7-perl5.32.0-CPANPLUS-0.9908/lib/perl5/site_perl/5.32.0/CPANPLUS/Module/Author.pm
Installing /nix/store/7997xscmij03angf8d700rpj94jlsrk7-perl5.32.0-CPANPLUS-0.9908/lib/perl5/site_perl/5.32.0/CPANPLUS/Module/Signature.pm
Installing /nix/store/7997xscmij03angf8d700rpj94jlsrk7-perl5.32.0-CPANPLUS-0.9908/lib/perl5/site_perl/5.32.0/CPANPLUS/Module/Checksums.pm
Installing /nix/store/7997xscmij03angf8d700rpj94jlsrk7-perl5.32.0-CPANPLUS-0.9908/lib/perl5/site_perl/5.32.0/CPANPLUS/Module/Author/Fake.pm
Installing /nix/store/7997xscmij03angf8d700rpj94jlsrk7-perl5.32.0-CPANPLUS-0.9908/share/man/man1/cpan2dist.1
Installing /nix/store/7997xscmij03angf8d700rpj94jlsrk7-perl5.32.0-CPANPLUS-0.9908/share/man/man1/cpanp.1
Installing /nix/store/7997xscmij03angf8d700rpj94jlsrk7-perl5.32.0-CPANPLUS-0.9908/share/man/man3/CPANPLUS::Internals::Source.3
Installing /nix/store/7997xscmij03angf8d700rpj94jlsrk7-perl5.32.0-CPANPLUS-0.9908/share/man/man3/CPANPLUS::Dist::Sample.3
Installing /nix/store/7997xscmij03angf8d700rpj94jlsrk7-perl5.32.0-CPANPLUS-0.9908/share/man/man3/CPANPLUS::Config::HomeEnv.3
Installing /nix/store/7997xscmij03angf8d700rpj94jlsrk7-perl5.32.0-CPANPLUS-0.9908/share/man/man3/CPANPLUS::Internals.3
Installing /nix/store/7997xscmij03angf8d700rpj94jlsrk7-perl5.32.0-CPANPLUS-0.9908/share/man/man3/CPANPLUS::Shell::Default::Plugins::Remote.3
Installing /nix/store/7997xscmij03angf8d700rpj94jlsrk7-perl5.32.0-CPANPLUS-0.9908/share/man/man3/CPANPLUS::Internals::Utils.3
Installing /nix/store/7997xscmij03angf8d700rpj94jlsrk7-perl5.32.0-CPANPLUS-0.9908/share/man/man3/CPANPLUS::Module.3
Installing /nix/store/7997xscmij03angf8d700rpj94jlsrk7-perl5.32.0-CPANPLUS-0.9908/share/man/man3/CPANPLUS::Dist::Base.3
Installing /nix/store/7997xscmij03angf8d700rpj94jlsrk7-perl5.32.0-CPANPLUS-0.9908/share/man/man3/CPANPLUS::Shell::Default::Plugins::Source.3
Installing /nix/store/7997xscmij03angf8d700rpj94jlsrk7-perl5.32.0-CPANPLUS-0.9908/share/man/man3/CPANPLUS.3
Installing /nix/store/7997xscmij03angf8d700rpj94jlsrk7-perl5.32.0-CPANPLUS-0.9908/share/man/man3/CPANPLUS::Internals::Fetch.3
Installing /nix/store/7997xscmij03angf8d700rpj94jlsrk7-perl5.32.0-CPANPLUS-0.9908/share/man/man3/CPANPLUS::Internals::Source::SQLite.3
Installing /nix/store/7997xscmij03angf8d700rpj94jlsrk7-perl5.32.0-CPANPLUS-0.9908/share/man/man3/CPANPLUS::Dist::MM.3
Installing /nix/store/7997xscmij03angf8d700rpj94jlsrk7-perl5.32.0-CPANPLUS-0.9908/share/man/man3/CPANPLUS::Internals::Search.3
Installing /nix/store/7997xscmij03angf8d700rpj94jlsrk7-perl5.32.0-CPANPLUS-0.9908/share/man/man3/CPANPLUS::Hacking.3
Installing /nix/store/7997xscmij03angf8d700rpj94jlsrk7-perl5.32.0-CPANPLUS-0.9908/share/man/man3/CPANPLUS::Module::Fake.3
Installing /nix/store/7997xscmij03angf8d700rpj94jlsrk7-perl5.32.0-CPANPLUS-0.9908/share/man/man3/CPANPLUS::Shell::Classic.3
Installing /nix/store/7997xscmij03angf8d700rpj94jlsrk7-perl5.32.0-CPANPLUS-0.9908/share/man/man3/CPANPLUS::Backend.3
Installing /nix/store/7997xscmij03angf8d700rpj94jlsrk7-perl5.32.0-CPANPLUS-0.9908/share/man/man3/CPANPLUS::Shell::Default::Plugins::HOWTO.3
Installing /nix/store/7997xscmij03angf8d700rpj94jlsrk7-perl5.32.0-CPANPLUS-0.9908/share/man/man3/CPANPLUS::Internals::Report.3
Installing /nix/store/7997xscmij03angf8d700rpj94jlsrk7-perl5.32.0-CPANPLUS-0.9908/share/man/man3/CPANPLUS::Backend::RV.3
Installing /nix/store/7997xscmij03angf8d700rpj94jlsrk7-perl5.32.0-CPANPLUS-0.9908/share/man/man3/CPANPLUS::Internals::Extract.3
Installing /nix/store/7997xscmij03angf8d700rpj94jlsrk7-perl5.32.0-CPANPLUS-0.9908/share/man/man3/CPANPLUS::Module::Author::Fake.3
Installing /nix/store/7997xscmij03angf8d700rpj94jlsrk7-perl5.32.0-CPANPLUS-0.9908/share/man/man3/CPANPLUS::FAQ.3
Installing /nix/store/7997xscmij03angf8d700rpj94jlsrk7-perl5.32.0-CPANPLUS-0.9908/share/man/man3/CPANPLUS::Selfupdate.3
Installing /nix/store/7997xscmij03angf8d700rpj94jlsrk7-perl5.32.0-CPANPLUS-0.9908/share/man/man3/CPANPLUS::Shell.3
Installing /nix/store/7997xscmij03angf8d700rpj94jlsrk7-perl5.32.0-CPANPLUS-0.9908/share/man/man3/CPANPLUS::Shell::Default.3
Installing /nix/store/7997xscmij03angf8d700rpj94jlsrk7-perl5.32.0-CPANPLUS-0.9908/share/man/man3/CPANPLUS::Configure.3
Installing /nix/store/7997xscmij03angf8d700rpj94jlsrk7-perl5.32.0-CPANPLUS-0.9908/share/man/man3/CPANPLUS::Dist.3
Installing /nix/store/7997xscmij03angf8d700rpj94jlsrk7-perl5.32.0-CPANPLUS-0.9908/share/man/man3/CPANPLUS::Module::Checksums.3
Installing /nix/store/7997xscmij03angf8d700rpj94jlsrk7-perl5.32.0-CPANPLUS-0.9908/share/man/man3/CPANPLUS::Internals::Source::Memory.3
Installing /nix/store/7997xscmij03angf8d700rpj94jlsrk7-perl5.32.0-CPANPLUS-0.9908/share/man/man3/CPANPLUS::Dist::Autobundle.3
Installing /nix/store/7997xscmij03angf8d700rpj94jlsrk7-perl5.32.0-CPANPLUS-0.9908/share/man/man3/CPANPLUS::Shell::Default::Plugins::CustomSource.3
Installing /nix/store/7997xscmij03angf8d700rpj94jlsrk7-perl5.32.0-CPANPLUS-0.9908/share/man/man3/CPANPLUS::Error.3
Installing /nix/store/7997xscmij03angf8d700rpj94jlsrk7-perl5.32.0-CPANPLUS-0.9908/share/man/man3/CPANPLUS::Config.3
Installing /nix/store/7997xscmij03angf8d700rpj94jlsrk7-perl5.32.0-CPANPLUS-0.9908/share/man/man3/CPANPLUS::Module::Author.3
Installing /nix/store/7997xscmij03angf8d700rpj94jlsrk7-perl5.32.0-CPANPLUS-0.9908/bin/cpan2dist
Installing /nix/store/7997xscmij03angf8d700rpj94jlsrk7-perl5.32.0-CPANPLUS-0.9908/bin/cpanp-run-perl
Installing /nix/store/7997xscmij03angf8d700rpj94jlsrk7-perl5.32.0-CPANPLUS-0.9908/bin/cpanp
Appending installation info to /nix/store/7997xscmij03angf8d700rpj94jlsrk7-perl5.32.0-CPANPLUS-0.9908/lib/perl5/5.32.0/x86_64-linux-thread-multi/perllocal.pod
post-installation fixup
Moving /nix/store/7997xscmij03angf8d700rpj94jlsrk7-perl5.32.0-CPANPLUS-0.9908/share/man/man3 to /nix/store/p709v3w1gqqammkw3nrhcwbh2n0h2wwh-perl5.32.0-CPANPLUS-0.9908-devdoc/share/man/man3
rmdir: failed to remove '/nix/store/7997xscmij03angf8d700rpj94jlsrk7-perl5.32.0-CPANPLUS-0.9908/share/man': Directory not empty
shrinking RPATHs of ELF executables and libraries in /nix/store/7997xscmij03angf8d700rpj94jlsrk7-perl5.32.0-CPANPLUS-0.9908
gzipping man pages under /nix/store/7997xscmij03angf8d700rpj94jlsrk7-perl5.32.0-CPANPLUS-0.9908/share/man/
strip is /nix/store/psyzbhp4p088sb9qcs378hfbslcalasl-binutils-2.31.1/bin/strip
stripping (with command strip and flags -S) in /nix/store/7997xscmij03angf8d700rpj94jlsrk7-perl5.32.0-CPANPLUS-0.9908/lib  /nix/store/7997xscmij03angf8d700rpj94jlsrk7-perl5.32.0-CPANPLUS-0.9908/bin
patching script interpreter paths in /nix/store/7997xscmij03angf8d700rpj94jlsrk7-perl5.32.0-CPANPLUS-0.9908
checking for references to /build/ in /nix/store/7997xscmij03angf8d700rpj94jlsrk7-perl5.32.0-CPANPLUS-0.9908...
shrinking RPATHs of ELF executables and libraries in /nix/store/p709v3w1gqqammkw3nrhcwbh2n0h2wwh-perl5.32.0-CPANPLUS-0.9908-devdoc
gzipping man pages under /nix/store/p709v3w1gqqammkw3nrhcwbh2n0h2wwh-perl5.32.0-CPANPLUS-0.9908-devdoc/share/man/
strip is /nix/store/psyzbhp4p088sb9qcs378hfbslcalasl-binutils-2.31.1/bin/strip
patching script interpreter paths in /nix/store/p709v3w1gqqammkw3nrhcwbh2n0h2wwh-perl5.32.0-CPANPLUS-0.9908-devdoc
checking for references to /build/ in /nix/store/p709v3w1gqqammkw3nrhcwbh2n0h2wwh-perl5.32.0-CPANPLUS-0.9908-devdoc...
/nix/store/7997xscmij03angf8d700rpj94jlsrk7-perl5.32.0-CPANPLUS-0.9908
