these derivations will be built:
  /nix/store/861801ng5cy01cdyzki6dydaixxvi87r-perl5.32.0-Crypt-OpenSSL-AES-0.02.drv
these paths will be fetched (0.01 MiB download, 0.01 MiB unpacked):
  /nix/store/h4hg9mx6zz40lv90d3yjj8mxd5mvfimm-Crypt-OpenSSL-AES-0.02.tar.gz
copying path '/nix/store/h4hg9mx6zz40lv90d3yjj8mxd5mvfimm-Crypt-OpenSSL-AES-0.02.tar.gz' from 'https://cache.nixos.org'...
building '/nix/store/861801ng5cy01cdyzki6dydaixxvi87r-perl5.32.0-Crypt-OpenSSL-AES-0.02.drv'...
unpacking sources
unpacking source archive /nix/store/h4hg9mx6zz40lv90d3yjj8mxd5mvfimm-Crypt-OpenSSL-AES-0.02.tar.gz
source root is Crypt-OpenSSL-AES-0.02
setting SOURCE_DATE_EPOCH to timestamp 1195254393 of file Crypt-OpenSSL-AES-0.02/Changes
patching sources
configuring
Checking if your kit is complete...
Looks good
Use of uninitialized value $thispth in concatenation (.) or string at /nix/store/7c044di03qa7qgr5kjjc2d787aspzp0m-perl-5.32.0/lib/perl5/5.32.0/ExtUtils/Liblist/Kid.pm line 162.
Use of uninitialized value $thispth in concatenation (.) or string at /nix/store/7c044di03qa7qgr5kjjc2d787aspzp0m-perl-5.32.0/lib/perl5/5.32.0/ExtUtils/Liblist/Kid.pm line 166.
Use of uninitialized value $thispth in concatenation (.) or string at /nix/store/7c044di03qa7qgr5kjjc2d787aspzp0m-perl-5.32.0/lib/perl5/5.32.0/ExtUtils/Liblist/Kid.pm line 171.
Use of uninitialized value $thispth in concatenation (.) or string at /nix/store/7c044di03qa7qgr5kjjc2d787aspzp0m-perl-5.32.0/lib/perl5/5.32.0/ExtUtils/Liblist/Kid.pm line 173.
Use of uninitialized value $thispth in concatenation (.) or string at /nix/store/7c044di03qa7qgr5kjjc2d787aspzp0m-perl-5.32.0/lib/perl5/5.32.0/ExtUtils/Liblist/Kid.pm line 177.
Use of uninitialized value $thispth in concatenation (.) or string at /nix/store/7c044di03qa7qgr5kjjc2d787aspzp0m-perl-5.32.0/lib/perl5/5.32.0/ExtUtils/Liblist/Kid.pm line 179.
Use of uninitialized value $thispth in concatenation (.) or string at /nix/store/7c044di03qa7qgr5kjjc2d787aspzp0m-perl-5.32.0/lib/perl5/5.32.0/ExtUtils/Liblist/Kid.pm line 183.
Warning (mostly harmless): No library found for -lcrypto
Generating a Unix-style Makefile
Writing Makefile for Crypt::OpenSSL::AES
Writing MYMETA.yml and MYMETA.json
no configure script, doing nothing
building
build flags: SHELL=/nix/store/9fqwwd4iybmhjqyxiaxycknslw6bgwh1-bash-4.4-p23/bin/bash
cp lib/Crypt/OpenSSL/AES.pm blib/lib/Crypt/OpenSSL/AES.pm
Running Mkbootstrap for AES ()
chmod 644 "AES.bs"
"/nix/store/7c044di03qa7qgr5kjjc2d787aspzp0m-perl-5.32.0/bin/perl" -MExtUtils::Command::MM -e 'cp_nonempty' -- AES.bs blib/arch/auto/Crypt/OpenSSL/AES/AES.bs 644
"/nix/store/7c044di03qa7qgr5kjjc2d787aspzp0m-perl-5.32.0/bin/perl" "/nix/store/7c044di03qa7qgr5kjjc2d787aspzp0m-perl-5.32.0/lib/perl5/5.32.0/ExtUtils/xsubpp"  -typemap '/nix/store/7c044di03qa7qgr5kjjc2d787aspzp0m-perl-5.32.0/lib/perl5/5.32.0/ExtUtils/typemap' -typemap '/build/Crypt-OpenSSL-AES-0.02/typemap'  AES.xs > AES.xsc
mv AES.xsc AES.c
cc -c  -I. -D_REENTRANT -D_GNU_SOURCE -fwrapv -fno-strict-aliasing -pipe -fstack-protector-strong -I/no-such-path/include -D_LARGEFILE_SOURCE -D_FILE_OFFSET_BITS=64 -O2   -DVERSION=\"0.02\" -DXS_VERSION=\"0.02\" -fPIC "-I/nix/store/7c044di03qa7qgr5kjjc2d787aspzp0m-perl-5.32.0/lib/perl5/5.32.0/x86_64-linux-thread-multi/CORE"   AES.c
In file included from AES.xs:7:
ppport.h:231: warning: "PERL_UNUSED_DECL" redefined
  231 | #  define PERL_UNUSED_DECL
      |
In file included from AES.xs:2:
/nix/store/7c044di03qa7qgr5kjjc2d787aspzp0m-perl-5.32.0/lib/perl5/5.32.0/x86_64-linux-thread-multi/CORE/perl.h:435: note: this is the location of the previous definition
  435 | #  define PERL_UNUSED_DECL __attribute__unused__
      |
rm -f blib/arch/auto/Crypt/OpenSSL/AES/AES.so
cc  -shared -O2 -L/nix/store/68pw3wxwkrx0rwzjifm7g1jxy5g2sg1p-glibc-2.31/lib -fstack-protector-strong  AES.o  -o blib/arch/auto/Crypt/OpenSSL/AES/AES.so  \
      \

chmod 755 blib/arch/auto/Crypt/OpenSSL/AES/AES.so
Manifying 1 pod document
running tests
check flags: SHELL=/nix/store/9fqwwd4iybmhjqyxiaxycknslw6bgwh1-bash-4.4-p23/bin/bash VERBOSE=y test
"/nix/store/7c044di03qa7qgr5kjjc2d787aspzp0m-perl-5.32.0/bin/perl" -MExtUtils::Command::MM -e 'cp_nonempty' -- AES.bs blib/arch/auto/Crypt/OpenSSL/AES/AES.bs 644
PERL_DL_NONLAZY=1 "/nix/store/7c044di03qa7qgr5kjjc2d787aspzp0m-perl-5.32.0/bin/perl" "-MExtUtils::Command::MM" "-MTest::Harness" "-e" "undef *Test::Harness::Switches; test_harness(0, 'blib/lib', 'blib/arch')" t/*.t
t/Crypt-OpenSSL-AES.t .. ok
All tests successful.
Files=1, Tests=4,  0 wallclock secs ( 0.02 usr  0.01 sys +  0.04 cusr  0.00 csys =  0.07 CPU)
Result: PASS
installing
install flags: SHELL=/nix/store/9fqwwd4iybmhjqyxiaxycknslw6bgwh1-bash-4.4-p23/bin/bash pkgconfigdir=/nix/store/b6vv9l08psjkzbsad5fnpzkgx7xin2qk-perl5.32.0-Crypt-OpenSSL-AES-0.02/lib/pkgconfig m4datadir=/nix/store/b6vv9l08psjkzbsad5fnpzkgx7xin2qk-perl5.32.0-Crypt-OpenSSL-AES-0.02/share/aclocal aclocaldir=/nix/store/b6vv9l08psjkzbsad5fnpzkgx7xin2qk-perl5.32.0-Crypt-OpenSSL-AES-0.02/share/aclocal install
"/nix/store/7c044di03qa7qgr5kjjc2d787aspzp0m-perl-5.32.0/bin/perl" -MExtUtils::Command::MM -e 'cp_nonempty' -- AES.bs blib/arch/auto/Crypt/OpenSSL/AES/AES.bs 644
Manifying 1 pod document
Files found in blib/arch: installing files in blib/lib into architecture dependent library tree
Installing /nix/store/b6vv9l08psjkzbsad5fnpzkgx7xin2qk-perl5.32.0-Crypt-OpenSSL-AES-0.02/lib/perl5/site_perl/5.32.0/x86_64-linux-thread-multi/auto/Crypt/OpenSSL/AES/AES.so
Installing /nix/store/b6vv9l08psjkzbsad5fnpzkgx7xin2qk-perl5.32.0-Crypt-OpenSSL-AES-0.02/lib/perl5/site_perl/5.32.0/x86_64-linux-thread-multi/Crypt/OpenSSL/AES.pm
Installing /nix/store/b6vv9l08psjkzbsad5fnpzkgx7xin2qk-perl5.32.0-Crypt-OpenSSL-AES-0.02/share/man/man3/Crypt::OpenSSL::AES.3
Appending installation info to /nix/store/b6vv9l08psjkzbsad5fnpzkgx7xin2qk-perl5.32.0-Crypt-OpenSSL-AES-0.02/lib/perl5/5.32.0/x86_64-linux-thread-multi/perllocal.pod
post-installation fixup
Moving /nix/store/b6vv9l08psjkzbsad5fnpzkgx7xin2qk-perl5.32.0-Crypt-OpenSSL-AES-0.02/share/man/man3 to /nix/store/5j5y97s95c6c3allflfadf6qbsjrbjga-perl5.32.0-Crypt-OpenSSL-AES-0.02-devdoc/share/man/man3
Removing empty /nix/store/b6vv9l08psjkzbsad5fnpzkgx7xin2qk-perl5.32.0-Crypt-OpenSSL-AES-0.02/share/man/ and (possibly) its parents
shrinking RPATHs of ELF executables and libraries in /nix/store/b6vv9l08psjkzbsad5fnpzkgx7xin2qk-perl5.32.0-Crypt-OpenSSL-AES-0.02
shrinking /nix/store/b6vv9l08psjkzbsad5fnpzkgx7xin2qk-perl5.32.0-Crypt-OpenSSL-AES-0.02/lib/perl5/site_perl/5.32.0/x86_64-linux-thread-multi/auto/Crypt/OpenSSL/AES/AES.so
strip is /nix/store/psyzbhp4p088sb9qcs378hfbslcalasl-binutils-2.31.1/bin/strip
stripping (with command strip and flags -S) in /nix/store/b6vv9l08psjkzbsad5fnpzkgx7xin2qk-perl5.32.0-Crypt-OpenSSL-AES-0.02/lib
patching script interpreter paths in /nix/store/b6vv9l08psjkzbsad5fnpzkgx7xin2qk-perl5.32.0-Crypt-OpenSSL-AES-0.02
checking for references to /build/ in /nix/store/b6vv9l08psjkzbsad5fnpzkgx7xin2qk-perl5.32.0-Crypt-OpenSSL-AES-0.02...
shrinking RPATHs of ELF executables and libraries in /nix/store/5j5y97s95c6c3allflfadf6qbsjrbjga-perl5.32.0-Crypt-OpenSSL-AES-0.02-devdoc
gzipping man pages under /nix/store/5j5y97s95c6c3allflfadf6qbsjrbjga-perl5.32.0-Crypt-OpenSSL-AES-0.02-devdoc/share/man/
strip is /nix/store/psyzbhp4p088sb9qcs378hfbslcalasl-binutils-2.31.1/bin/strip
patching script interpreter paths in /nix/store/5j5y97s95c6c3allflfadf6qbsjrbjga-perl5.32.0-Crypt-OpenSSL-AES-0.02-devdoc
checking for references to /build/ in /nix/store/5j5y97s95c6c3allflfadf6qbsjrbjga-perl5.32.0-Crypt-OpenSSL-AES-0.02-devdoc...
/nix/store/b6vv9l08psjkzbsad5fnpzkgx7xin2qk-perl5.32.0-Crypt-OpenSSL-AES-0.02
