these derivations will be built:
  /nix/store/md4n204agg03spavs4wl9lvslgc12yh6-perl5.32.0-Crypt-SmbHash-0.12.drv
these paths will be fetched (0.01 MiB download, 0.01 MiB unpacked):
  /nix/store/51kyiz4pjwqs4q51g5hwf606pzd7c8n3-Crypt-SmbHash-0.12.tar.gz
copying path '/nix/store/51kyiz4pjwqs4q51g5hwf606pzd7c8n3-Crypt-SmbHash-0.12.tar.gz' from 'https://cache.nixos.org'...
building '/nix/store/md4n204agg03spavs4wl9lvslgc12yh6-perl5.32.0-Crypt-SmbHash-0.12.drv'...
unpacking sources
unpacking source archive /nix/store/51kyiz4pjwqs4q51g5hwf606pzd7c8n3-Crypt-SmbHash-0.12.tar.gz
source root is Crypt-SmbHash-0.12
setting SOURCE_DATE_EPOCH to timestamp 1097997284 of file Crypt-SmbHash-0.12/SmbHash.pm
patching sources
configuring
Checking if your kit is complete...
Looks good
Generating a Unix-style Makefile
Writing Makefile for Crypt::SmbHash
Writing MYMETA.yml and MYMETA.json
no configure script, doing nothing
building
build flags: SHELL=/nix/store/9fqwwd4iybmhjqyxiaxycknslw6bgwh1-bash-4.4-p23/bin/bash
cp SmbHash.pm blib/lib/Crypt/SmbHash.pm
Manifying 1 pod document
running tests
check flags: SHELL=/nix/store/9fqwwd4iybmhjqyxiaxycknslw6bgwh1-bash-4.4-p23/bin/bash VERBOSE=y test
PERL_DL_NONLAZY=1 "/nix/store/7c044di03qa7qgr5kjjc2d787aspzp0m-perl-5.32.0/bin/perl" "-Iblib/lib" "-Iblib/arch" test.pl
1..1
# Running under perl version 5.032000 for linux
# Current time local: Wed Jul 15 02:59:15 2020
# Current time GMT:   Wed Jul 15 02:59:15 2020
# Using Test.pm version 1.31
ok 1
ok 2
ok 3
ok 4
ok 5
ok 6
ok 7
ok 8
ok 9
ok 10
ok 11
ok 12
ok 13
installing
install flags: SHELL=/nix/store/9fqwwd4iybmhjqyxiaxycknslw6bgwh1-bash-4.4-p23/bin/bash pkgconfigdir=/nix/store/ddgj6fpl67akcynyhsdj4li9r4s36x68-perl5.32.0-Crypt-SmbHash-0.12/lib/pkgconfig m4datadir=/nix/store/ddgj6fpl67akcynyhsdj4li9r4s36x68-perl5.32.0-Crypt-SmbHash-0.12/share/aclocal aclocaldir=/nix/store/ddgj6fpl67akcynyhsdj4li9r4s36x68-perl5.32.0-Crypt-SmbHash-0.12/share/aclocal install
Manifying 1 pod document
Installing /nix/store/ddgj6fpl67akcynyhsdj4li9r4s36x68-perl5.32.0-Crypt-SmbHash-0.12/lib/perl5/site_perl/5.32.0/Crypt/SmbHash.pm
Installing /nix/store/ddgj6fpl67akcynyhsdj4li9r4s36x68-perl5.32.0-Crypt-SmbHash-0.12/share/man/man3/Crypt::SmbHash.3
Appending installation info to /nix/store/ddgj6fpl67akcynyhsdj4li9r4s36x68-perl5.32.0-Crypt-SmbHash-0.12/lib/perl5/5.32.0/x86_64-linux-thread-multi/perllocal.pod
post-installation fixup
Moving /nix/store/ddgj6fpl67akcynyhsdj4li9r4s36x68-perl5.32.0-Crypt-SmbHash-0.12/share/man/man3 to /nix/store/pbbysqbxp4hbmd1cpwki4a73z26p6643-perl5.32.0-Crypt-SmbHash-0.12-devdoc/share/man/man3
Removing empty /nix/store/ddgj6fpl67akcynyhsdj4li9r4s36x68-perl5.32.0-Crypt-SmbHash-0.12/share/man/ and (possibly) its parents
shrinking RPATHs of ELF executables and libraries in /nix/store/ddgj6fpl67akcynyhsdj4li9r4s36x68-perl5.32.0-Crypt-SmbHash-0.12
strip is /nix/store/psyzbhp4p088sb9qcs378hfbslcalasl-binutils-2.31.1/bin/strip
stripping (with command strip and flags -S) in /nix/store/ddgj6fpl67akcynyhsdj4li9r4s36x68-perl5.32.0-Crypt-SmbHash-0.12/lib
patching script interpreter paths in /nix/store/ddgj6fpl67akcynyhsdj4li9r4s36x68-perl5.32.0-Crypt-SmbHash-0.12
checking for references to /build/ in /nix/store/ddgj6fpl67akcynyhsdj4li9r4s36x68-perl5.32.0-Crypt-SmbHash-0.12...
shrinking RPATHs of ELF executables and libraries in /nix/store/pbbysqbxp4hbmd1cpwki4a73z26p6643-perl5.32.0-Crypt-SmbHash-0.12-devdoc
gzipping man pages under /nix/store/pbbysqbxp4hbmd1cpwki4a73z26p6643-perl5.32.0-Crypt-SmbHash-0.12-devdoc/share/man/
strip is /nix/store/psyzbhp4p088sb9qcs378hfbslcalasl-binutils-2.31.1/bin/strip
patching script interpreter paths in /nix/store/pbbysqbxp4hbmd1cpwki4a73z26p6643-perl5.32.0-Crypt-SmbHash-0.12-devdoc
checking for references to /build/ in /nix/store/pbbysqbxp4hbmd1cpwki4a73z26p6643-perl5.32.0-Crypt-SmbHash-0.12-devdoc...
/nix/store/ddgj6fpl67akcynyhsdj4li9r4s36x68-perl5.32.0-Crypt-SmbHash-0.12
