these derivations will be built:
  /nix/store/c0vqd25a5fbdmwl35zc502b77yjkmni7-perl5.32.0-Crypt-DH-GMP-0.00012.drv
these paths will be fetched (0.03 MiB download, 0.03 MiB unpacked):
  /nix/store/k1b28ahmidsnws0kx8nm2yxdhcnfv8pn-Crypt-DH-GMP-0.00012.tar.gz
copying path '/nix/store/k1b28ahmidsnws0kx8nm2yxdhcnfv8pn-Crypt-DH-GMP-0.00012.tar.gz' from 'https://cache.nixos.org'...
building '/nix/store/c0vqd25a5fbdmwl35zc502b77yjkmni7-perl5.32.0-Crypt-DH-GMP-0.00012.drv'...
unpacking sources
unpacking source archive /nix/store/k1b28ahmidsnws0kx8nm2yxdhcnfv8pn-Crypt-DH-GMP-0.00012.tar.gz
source root is Crypt-DH-GMP-0.00012
setting SOURCE_DATE_EPOCH to timestamp 1395467735 of file Crypt-DH-GMP-0.00012/MANIFEST
patching sources
configuring
Writing ppport.h
Checking if your kit is complete...
Looks good
Use of uninitialized value $thispth in concatenation (.) or string at /nix/store/7c044di03qa7qgr5kjjc2d787aspzp0m-perl-5.32.0/lib/perl5/5.32.0/ExtUtils/Liblist/Kid.pm line 162.
Use of uninitialized value $thispth in concatenation (.) or string at /nix/store/7c044di03qa7qgr5kjjc2d787aspzp0m-perl-5.32.0/lib/perl5/5.32.0/ExtUtils/Liblist/Kid.pm line 166.
Use of uninitialized value $thispth in concatenation (.) or string at /nix/store/7c044di03qa7qgr5kjjc2d787aspzp0m-perl-5.32.0/lib/perl5/5.32.0/ExtUtils/Liblist/Kid.pm line 171.
Use of uninitialized value $thispth in concatenation (.) or string at /nix/store/7c044di03qa7qgr5kjjc2d787aspzp0m-perl-5.32.0/lib/perl5/5.32.0/ExtUtils/Liblist/Kid.pm line 173.
Use of uninitialized value $thispth in concatenation (.) or string at /nix/store/7c044di03qa7qgr5kjjc2d787aspzp0m-perl-5.32.0/lib/perl5/5.32.0/ExtUtils/Liblist/Kid.pm line 177.
Use of uninitialized value $thispth in concatenation (.) or string at /nix/store/7c044di03qa7qgr5kjjc2d787aspzp0m-perl-5.32.0/lib/perl5/5.32.0/ExtUtils/Liblist/Kid.pm line 179.
Use of uninitialized value $thispth in concatenation (.) or string at /nix/store/7c044di03qa7qgr5kjjc2d787aspzp0m-perl-5.32.0/lib/perl5/5.32.0/ExtUtils/Liblist/Kid.pm line 183.
Warning (mostly harmless): No library found for -lgmp
Generating a Unix-style Makefile
Writing Makefile for Crypt::DH::GMP
Writing MYMETA.yml and MYMETA.json
no configure script, doing nothing
building
build flags: SHELL=/nix/store/9fqwwd4iybmhjqyxiaxycknslw6bgwh1-bash-4.4-p23/bin/bash
cp lib/Crypt/DH/GMP/Compat.pm blib/lib/Crypt/DH/GMP/Compat.pm
cp lib/Crypt/DH/GMP.pm blib/lib/Crypt/DH/GMP.pm
Running Mkbootstrap for GMP ()
chmod 644 "GMP.bs"
"/nix/store/7c044di03qa7qgr5kjjc2d787aspzp0m-perl-5.32.0/bin/perl" "-Iinc" -MExtUtils::Command::MM -e 'cp_nonempty' -- GMP.bs blib/arch/auto/Crypt/DH/GMP/GMP.bs 644
"/nix/store/7c044di03qa7qgr5kjjc2d787aspzp0m-perl-5.32.0/bin/perl" "-Iinc" "/nix/store/7c044di03qa7qgr5kjjc2d787aspzp0m-perl-5.32.0/lib/perl5/5.32.0/ExtUtils/xsubpp"  -typemap '/nix/store/7c044di03qa7qgr5kjjc2d787aspzp0m-perl-5.32.0/lib/perl5/5.32.0/ExtUtils/typemap'  xs/GMP.xs > xs/GMP.xsc
mv xs/GMP.xsc xs/GMP.c
cc -c  "-I."  "-I." -D_REENTRANT -D_GNU_SOURCE -fwrapv -fno-strict-aliasing -pipe -fstack-protector-strong -I/no-such-path/include -D_LARGEFILE_SOURCE -D_FILE_OFFSET_BITS=64 -O2   -DVERSION=\"0.00012\" -DXS_VERSION=\"0.00012\" -o xs/GMP.o -fPIC "-I/nix/store/7c044di03qa7qgr5kjjc2d787aspzp0m-perl-5.32.0/lib/perl5/5.32.0/x86_64-linux-thread-multi/CORE"  -DUSE_PPPORT  xs/GMP.c
cc -c  "-I."  "-I." -D_REENTRANT -D_GNU_SOURCE -fwrapv -fno-strict-aliasing -pipe -fstack-protector-strong -I/no-such-path/include -D_LARGEFILE_SOURCE -D_FILE_OFFSET_BITS=64 -O2   -DVERSION=\"0.00012\" -DXS_VERSION=\"0.00012\" -o xs/dh_gmp.o -fPIC "-I/nix/store/7c044di03qa7qgr5kjjc2d787aspzp0m-perl-5.32.0/lib/perl5/5.32.0/x86_64-linux-thread-multi/CORE"  -DUSE_PPPORT  xs/dh_gmp.c
rm -f blib/arch/auto/Crypt/DH/GMP/GMP.so
cc  -shared -O2 -L/nix/store/68pw3wxwkrx0rwzjifm7g1jxy5g2sg1p-glibc-2.31/lib -fstack-protector-strong  xs/GMP.o xs/dh_gmp.o  -o blib/arch/auto/Crypt/DH/GMP/GMP.so  \
      \

chmod 755 blib/arch/auto/Crypt/DH/GMP/GMP.so
Manifying 2 pod documents
running tests
check flags: SHELL=/nix/store/9fqwwd4iybmhjqyxiaxycknslw6bgwh1-bash-4.4-p23/bin/bash VERBOSE=y test
"/nix/store/7c044di03qa7qgr5kjjc2d787aspzp0m-perl-5.32.0/bin/perl" "-Iinc" -MExtUtils::Command::MM -e 'cp_nonempty' -- GMP.bs blib/arch/auto/Crypt/DH/GMP/GMP.bs 644
PERL_DL_NONLAZY=1 "/nix/store/7c044di03qa7qgr5kjjc2d787aspzp0m-perl-5.32.0/bin/perl" "-MExtUtils::Command::MM" "-MTest::Harness" "-e" "undef *Test::Harness::Switches; test_harness(0, 'inc', 'blib/lib', 'blib/arch')" t/*.t
t/00_compile.t ......... ok
t/01_dh.t .............. ok
t/02_binhack.t ......... ok
t/03_compat.t .......... ok
t/04_compat-results.t .. ok
All tests successful.
Files=5, Tests=46,  0 wallclock secs ( 0.03 usr  0.00 sys +  0.33 cusr  0.06 csys =  0.42 CPU)
Result: PASS
installing
install flags: SHELL=/nix/store/9fqwwd4iybmhjqyxiaxycknslw6bgwh1-bash-4.4-p23/bin/bash pkgconfigdir=/nix/store/3qwaqqbdm8415ibz09kmvfcp7pbs62wd-perl5.32.0-Crypt-DH-GMP-0.00012/lib/pkgconfig m4datadir=/nix/store/3qwaqqbdm8415ibz09kmvfcp7pbs62wd-perl5.32.0-Crypt-DH-GMP-0.00012/share/aclocal aclocaldir=/nix/store/3qwaqqbdm8415ibz09kmvfcp7pbs62wd-perl5.32.0-Crypt-DH-GMP-0.00012/share/aclocal install
"/nix/store/7c044di03qa7qgr5kjjc2d787aspzp0m-perl-5.32.0/bin/perl" "-Iinc" -MExtUtils::Command::MM -e 'cp_nonempty' -- GMP.bs blib/arch/auto/Crypt/DH/GMP/GMP.bs 644
Manifying 2 pod documents
Files found in blib/arch: installing files in blib/lib into architecture dependent library tree
Installing /nix/store/3qwaqqbdm8415ibz09kmvfcp7pbs62wd-perl5.32.0-Crypt-DH-GMP-0.00012/lib/perl5/site_perl/5.32.0/x86_64-linux-thread-multi/auto/Crypt/DH/GMP/GMP.so
Installing /nix/store/3qwaqqbdm8415ibz09kmvfcp7pbs62wd-perl5.32.0-Crypt-DH-GMP-0.00012/lib/perl5/site_perl/5.32.0/x86_64-linux-thread-multi/Crypt/DH/GMP.pm
Installing /nix/store/3qwaqqbdm8415ibz09kmvfcp7pbs62wd-perl5.32.0-Crypt-DH-GMP-0.00012/lib/perl5/site_perl/5.32.0/x86_64-linux-thread-multi/Crypt/DH/GMP/Compat.pm
Installing /nix/store/3qwaqqbdm8415ibz09kmvfcp7pbs62wd-perl5.32.0-Crypt-DH-GMP-0.00012/share/man/man3/Crypt::DH::GMP.3
Installing /nix/store/3qwaqqbdm8415ibz09kmvfcp7pbs62wd-perl5.32.0-Crypt-DH-GMP-0.00012/share/man/man3/Crypt::DH::GMP::Compat.3
Appending installation info to /nix/store/3qwaqqbdm8415ibz09kmvfcp7pbs62wd-perl5.32.0-Crypt-DH-GMP-0.00012/lib/perl5/5.32.0/x86_64-linux-thread-multi/perllocal.pod
post-installation fixup
Moving /nix/store/3qwaqqbdm8415ibz09kmvfcp7pbs62wd-perl5.32.0-Crypt-DH-GMP-0.00012/share/man/man3 to /nix/store/g0ng85prhakv6cvg95dqkb6zrdfqlrah-perl5.32.0-Crypt-DH-GMP-0.00012-devdoc/share/man/man3
Removing empty /nix/store/3qwaqqbdm8415ibz09kmvfcp7pbs62wd-perl5.32.0-Crypt-DH-GMP-0.00012/share/man/ and (possibly) its parents
shrinking RPATHs of ELF executables and libraries in /nix/store/3qwaqqbdm8415ibz09kmvfcp7pbs62wd-perl5.32.0-Crypt-DH-GMP-0.00012
shrinking /nix/store/3qwaqqbdm8415ibz09kmvfcp7pbs62wd-perl5.32.0-Crypt-DH-GMP-0.00012/lib/perl5/site_perl/5.32.0/x86_64-linux-thread-multi/auto/Crypt/DH/GMP/GMP.so
strip is /nix/store/psyzbhp4p088sb9qcs378hfbslcalasl-binutils-2.31.1/bin/strip
stripping (with command strip and flags -S) in /nix/store/3qwaqqbdm8415ibz09kmvfcp7pbs62wd-perl5.32.0-Crypt-DH-GMP-0.00012/lib
patching script interpreter paths in /nix/store/3qwaqqbdm8415ibz09kmvfcp7pbs62wd-perl5.32.0-Crypt-DH-GMP-0.00012
checking for references to /build/ in /nix/store/3qwaqqbdm8415ibz09kmvfcp7pbs62wd-perl5.32.0-Crypt-DH-GMP-0.00012...
shrinking RPATHs of ELF executables and libraries in /nix/store/g0ng85prhakv6cvg95dqkb6zrdfqlrah-perl5.32.0-Crypt-DH-GMP-0.00012-devdoc
gzipping man pages under /nix/store/g0ng85prhakv6cvg95dqkb6zrdfqlrah-perl5.32.0-Crypt-DH-GMP-0.00012-devdoc/share/man/
strip is /nix/store/psyzbhp4p088sb9qcs378hfbslcalasl-binutils-2.31.1/bin/strip
patching script interpreter paths in /nix/store/g0ng85prhakv6cvg95dqkb6zrdfqlrah-perl5.32.0-Crypt-DH-GMP-0.00012-devdoc
checking for references to /build/ in /nix/store/g0ng85prhakv6cvg95dqkb6zrdfqlrah-perl5.32.0-Crypt-DH-GMP-0.00012-devdoc...
/nix/store/3qwaqqbdm8415ibz09kmvfcp7pbs62wd-perl5.32.0-Crypt-DH-GMP-0.00012
