these derivations will be built:
  /nix/store/d4dpncghrwgh9yfrw3n8kghn8izkdgkn-perl5.32.0-Data-Password-1.12.drv
these paths will be fetched (0.01 MiB download, 0.01 MiB unpacked):
  /nix/store/chsd5hrdf2mkshf75n0kb18nbxk2wq35-Data-Password-1.12.tar.gz
copying path '/nix/store/chsd5hrdf2mkshf75n0kb18nbxk2wq35-Data-Password-1.12.tar.gz' from 'https://cache.nixos.org'...
building '/nix/store/d4dpncghrwgh9yfrw3n8kghn8izkdgkn-perl5.32.0-Data-Password-1.12.drv'...
unpacking sources
unpacking source archive /nix/store/chsd5hrdf2mkshf75n0kb18nbxk2wq35-Data-Password-1.12.tar.gz
source root is Data-Password-1.12
setting SOURCE_DATE_EPOCH to timestamp 1421443235 of file Data-Password-1.12/META.yml
patching sources
configuring
Checking if your kit is complete...
Looks good
Generating a Unix-style Makefile
Writing Makefile for Data::Password
Writing MYMETA.yml and MYMETA.json
no configure script, doing nothing
building
build flags: SHELL=/nix/store/9fqwwd4iybmhjqyxiaxycknslw6bgwh1-bash-4.4-p23/bin/bash
cp Password.pm blib/lib/Data/Password.pm
Manifying 1 pod document
running tests
check flags: SHELL=/nix/store/9fqwwd4iybmhjqyxiaxycknslw6bgwh1-bash-4.4-p23/bin/bash VERBOSE=y test
PERL_DL_NONLAZY=1 "/nix/store/7c044di03qa7qgr5kjjc2d787aspzp0m-perl-5.32.0/bin/perl" "-MExtUtils::Command::MM" "-MTest::Harness" "-e" "undef *Test::Harness::Switches; test_harness(0, 'blib/lib', 'blib/arch')" t/*.t
t/IsBadPassword.t ......... ok
t/IsBadPasswordChar.t ..... ok
t/IsBadPasswordForUNIX.t .. ok
All tests successful.
Files=3, Tests=34,  0 wallclock secs ( 0.02 usr  0.00 sys +  0.14 cusr  0.01 csys =  0.17 CPU)
Result: PASS
installing
install flags: SHELL=/nix/store/9fqwwd4iybmhjqyxiaxycknslw6bgwh1-bash-4.4-p23/bin/bash pkgconfigdir=/nix/store/b2kkdbxd0p265h11833qyb91z41x847a-perl5.32.0-Data-Password-1.12/lib/pkgconfig m4datadir=/nix/store/b2kkdbxd0p265h11833qyb91z41x847a-perl5.32.0-Data-Password-1.12/share/aclocal aclocaldir=/nix/store/b2kkdbxd0p265h11833qyb91z41x847a-perl5.32.0-Data-Password-1.12/share/aclocal install
Manifying 1 pod document
Installing /nix/store/b2kkdbxd0p265h11833qyb91z41x847a-perl5.32.0-Data-Password-1.12/lib/perl5/site_perl/5.32.0/Data/Password.pm
Installing /nix/store/b2kkdbxd0p265h11833qyb91z41x847a-perl5.32.0-Data-Password-1.12/share/man/man3/Data::Password.3
Appending installation info to /nix/store/b2kkdbxd0p265h11833qyb91z41x847a-perl5.32.0-Data-Password-1.12/lib/perl5/5.32.0/x86_64-linux-thread-multi/perllocal.pod
post-installation fixup
Moving /nix/store/b2kkdbxd0p265h11833qyb91z41x847a-perl5.32.0-Data-Password-1.12/share/man/man3 to /nix/store/ppx4l95p34xj7nm26399ijldl0aly9h9-perl5.32.0-Data-Password-1.12-devdoc/share/man/man3
Removing empty /nix/store/b2kkdbxd0p265h11833qyb91z41x847a-perl5.32.0-Data-Password-1.12/share/man/ and (possibly) its parents
shrinking RPATHs of ELF executables and libraries in /nix/store/b2kkdbxd0p265h11833qyb91z41x847a-perl5.32.0-Data-Password-1.12
strip is /nix/store/psyzbhp4p088sb9qcs378hfbslcalasl-binutils-2.31.1/bin/strip
stripping (with command strip and flags -S) in /nix/store/b2kkdbxd0p265h11833qyb91z41x847a-perl5.32.0-Data-Password-1.12/lib
patching script interpreter paths in /nix/store/b2kkdbxd0p265h11833qyb91z41x847a-perl5.32.0-Data-Password-1.12
checking for references to /build/ in /nix/store/b2kkdbxd0p265h11833qyb91z41x847a-perl5.32.0-Data-Password-1.12...
shrinking RPATHs of ELF executables and libraries in /nix/store/ppx4l95p34xj7nm26399ijldl0aly9h9-perl5.32.0-Data-Password-1.12-devdoc
gzipping man pages under /nix/store/ppx4l95p34xj7nm26399ijldl0aly9h9-perl5.32.0-Data-Password-1.12-devdoc/share/man/
strip is /nix/store/psyzbhp4p088sb9qcs378hfbslcalasl-binutils-2.31.1/bin/strip
patching script interpreter paths in /nix/store/ppx4l95p34xj7nm26399ijldl0aly9h9-perl5.32.0-Data-Password-1.12-devdoc
checking for references to /build/ in /nix/store/ppx4l95p34xj7nm26399ijldl0aly9h9-perl5.32.0-Data-Password-1.12-devdoc...
/nix/store/b2kkdbxd0p265h11833qyb91z41x847a-perl5.32.0-Data-Password-1.12
