these derivations will be built:
  /nix/store/7878vmqayk30dpc8gdavgg8nss9h922r-perl5.32.0-Data-Uniqid-0.12.drv
these paths will be fetched (0.00 MiB download, 0.00 MiB unpacked):
  /nix/store/6j499l4cgl1x8h7ym7aay7wx58m16q2m-Data-Uniqid-0.12.tar.gz
copying path '/nix/store/6j499l4cgl1x8h7ym7aay7wx58m16q2m-Data-Uniqid-0.12.tar.gz' from 'https://cache.nixos.org'...
building '/nix/store/7878vmqayk30dpc8gdavgg8nss9h922r-perl5.32.0-Data-Uniqid-0.12.drv'...
unpacking sources
unpacking source archive /nix/store/6j499l4cgl1x8h7ym7aay7wx58m16q2m-Data-Uniqid-0.12.tar.gz
source root is Data-Uniqid-0.12
setting SOURCE_DATE_EPOCH to timestamp 1262704893 of file Data-Uniqid-0.12/Uniqid.pm
patching sources
configuring
Checking if your kit is complete...
Looks good
Generating a Unix-style Makefile
Writing Makefile for Data::Uniqid
Writing MYMETA.yml and MYMETA.json
no configure script, doing nothing
building
build flags: SHELL=/nix/store/9fqwwd4iybmhjqyxiaxycknslw6bgwh1-bash-4.4-p23/bin/bash
cp Uniqid.pm blib/lib/Data/Uniqid.pm
AutoSplitting blib/lib/Data/Uniqid.pm (blib/lib/auto/Data/Uniqid)
Manifying 1 pod document
running tests
check flags: SHELL=/nix/store/9fqwwd4iybmhjqyxiaxycknslw6bgwh1-bash-4.4-p23/bin/bash VERBOSE=y test
PERL_DL_NONLAZY=1 "/nix/store/7c044di03qa7qgr5kjjc2d787aspzp0m-perl-5.32.0/bin/perl" "-Iblib/lib" "-Iblib/arch" test.pl
1..4
# Running under perl version 5.032000 for linux
# Current time local: Wed Jul 15 03:01:25 2020
# Current time GMT:   Wed Jul 15 03:01:25 2020
# Using Test.pm version 1.31
suniqid -> 3l6Mql0Wrm
uniqid  -> 1pb9uDgwA2lLO
luniqid -> oPh7INdHgvt29x81MDT
ok 1
ok 2
ok 3
not ok 4
# Failed test 4 in test.pl at line 35
#  test.pl line 35 is: else {;ok(0);}
installing
install flags: SHELL=/nix/store/9fqwwd4iybmhjqyxiaxycknslw6bgwh1-bash-4.4-p23/bin/bash pkgconfigdir=/nix/store/h9lch8frldd2dd4drraw1ix6md3s6n4p-perl5.32.0-Data-Uniqid-0.12/lib/pkgconfig m4datadir=/nix/store/h9lch8frldd2dd4drraw1ix6md3s6n4p-perl5.32.0-Data-Uniqid-0.12/share/aclocal aclocaldir=/nix/store/h9lch8frldd2dd4drraw1ix6md3s6n4p-perl5.32.0-Data-Uniqid-0.12/share/aclocal install
Manifying 1 pod document
Installing /nix/store/h9lch8frldd2dd4drraw1ix6md3s6n4p-perl5.32.0-Data-Uniqid-0.12/lib/perl5/site_perl/5.32.0/Data/Uniqid.pm
Installing /nix/store/h9lch8frldd2dd4drraw1ix6md3s6n4p-perl5.32.0-Data-Uniqid-0.12/lib/perl5/site_perl/5.32.0/auto/Data/Uniqid/autosplit.ix
Installing /nix/store/h9lch8frldd2dd4drraw1ix6md3s6n4p-perl5.32.0-Data-Uniqid-0.12/share/man/man3/Data::Uniqid.3
Appending installation info to /nix/store/h9lch8frldd2dd4drraw1ix6md3s6n4p-perl5.32.0-Data-Uniqid-0.12/lib/perl5/5.32.0/x86_64-linux-thread-multi/perllocal.pod
post-installation fixup
Moving /nix/store/h9lch8frldd2dd4drraw1ix6md3s6n4p-perl5.32.0-Data-Uniqid-0.12/share/man/man3 to /nix/store/valqp894x44q3h7vx936l5vrmgaz6nvw-perl5.32.0-Data-Uniqid-0.12-devdoc/share/man/man3
Removing empty /nix/store/h9lch8frldd2dd4drraw1ix6md3s6n4p-perl5.32.0-Data-Uniqid-0.12/share/man/ and (possibly) its parents
shrinking RPATHs of ELF executables and libraries in /nix/store/h9lch8frldd2dd4drraw1ix6md3s6n4p-perl5.32.0-Data-Uniqid-0.12
strip is /nix/store/psyzbhp4p088sb9qcs378hfbslcalasl-binutils-2.31.1/bin/strip
stripping (with command strip and flags -S) in /nix/store/h9lch8frldd2dd4drraw1ix6md3s6n4p-perl5.32.0-Data-Uniqid-0.12/lib
patching script interpreter paths in /nix/store/h9lch8frldd2dd4drraw1ix6md3s6n4p-perl5.32.0-Data-Uniqid-0.12
checking for references to /build/ in /nix/store/h9lch8frldd2dd4drraw1ix6md3s6n4p-perl5.32.0-Data-Uniqid-0.12...
shrinking RPATHs of ELF executables and libraries in /nix/store/valqp894x44q3h7vx936l5vrmgaz6nvw-perl5.32.0-Data-Uniqid-0.12-devdoc
gzipping man pages under /nix/store/valqp894x44q3h7vx936l5vrmgaz6nvw-perl5.32.0-Data-Uniqid-0.12-devdoc/share/man/
strip is /nix/store/psyzbhp4p088sb9qcs378hfbslcalasl-binutils-2.31.1/bin/strip
patching script interpreter paths in /nix/store/valqp894x44q3h7vx936l5vrmgaz6nvw-perl5.32.0-Data-Uniqid-0.12-devdoc
checking for references to /build/ in /nix/store/valqp894x44q3h7vx936l5vrmgaz6nvw-perl5.32.0-Data-Uniqid-0.12-devdoc...
/nix/store/h9lch8frldd2dd4drraw1ix6md3s6n4p-perl5.32.0-Data-Uniqid-0.12
