these derivations will be built:
  /nix/store/krb4hbmcdqyy65fgbc9j7247sb01hvx0-perl5.32.0-DateTime-Format-DateParse-0.05.drv
these paths will be fetched (0.02 MiB download, 0.02 MiB unpacked):
  /nix/store/7bvrdbwzdsv6pvdvr9bqxzvnxavmc9hp-DateTime-Format-DateParse-0.05.tar.gz
copying path '/nix/store/7bvrdbwzdsv6pvdvr9bqxzvnxavmc9hp-DateTime-Format-DateParse-0.05.tar.gz' from 'https://cache.nixos.org'...
building '/nix/store/krb4hbmcdqyy65fgbc9j7247sb01hvx0-perl5.32.0-DateTime-Format-DateParse-0.05.drv'...
unpacking sources
unpacking source archive /nix/store/7bvrdbwzdsv6pvdvr9bqxzvnxavmc9hp-DateTime-Format-DateParse-0.05.tar.gz
source root is DateTime-Format-DateParse-0.05
setting SOURCE_DATE_EPOCH to timestamp 1270927192 of file DateTime-Format-DateParse-0.05/t/03_getdate.t
patching sources
configuring
patching ./t/03_getdate.t...
patching ./t/02_date.t...
patching ./t/01_load.t...
# running Build.PL --prefix /nix/store/8hprcgbakind45mfj6rz2i0058jqcx5g-perl5.32.0-DateTime-Format-DateParse-0.05 --installdirs site --config perl=/nix/store/7c044di03qa7qgr5kjjc2d787aspzp0m-perl-5.32.0/bin/perl --fullperl "/nix/store/7c044di03qa7qgr5kjjc2d787aspzp0m-perl-5.32.0/bin/perl"
Created MYMETA.yml and MYMETA.json
Creating new 'Build' script for 'DateTime-Format-DateParse' version '0.05'
no configure script, doing nothing
building
Created MYMETA.yml and MYMETA.json
Creating new 'Build' script for 'DateTime-Format-DateParse' version '0.05'
Building DateTime-Format-DateParse
running tests
t/01_load.t ..... ok
t/02_date.t ..... ok
t/03_getdate.t .. ok
All tests successful.
Files=3, Tests=261,  1 wallclock secs ( 0.05 usr  0.02 sys +  0.65 cusr  0.12 csys =  0.84 CPU)
Result: PASS
installing
Building DateTime-Format-DateParse
Installing /nix/store/8hprcgbakind45mfj6rz2i0058jqcx5g-perl5.32.0-DateTime-Format-DateParse-0.05/lib/perl5/site_perl/5.32.0/DateTime/Format/DateParse.pm
Installing /nix/store/8hprcgbakind45mfj6rz2i0058jqcx5g-perl5.32.0-DateTime-Format-DateParse-0.05/lib/perl5/site_perl/5.32.0/DateTime/Format/DateParse.pod
Installing /nix/store/8hprcgbakind45mfj6rz2i0058jqcx5g-perl5.32.0-DateTime-Format-DateParse-0.05/share/man/man3/DateTime::Format::DateParse.3
post-installation fixup
Moving /nix/store/8hprcgbakind45mfj6rz2i0058jqcx5g-perl5.32.0-DateTime-Format-DateParse-0.05/share/man/man3 to /nix/store/iqsag47lqvkvfabkgy1wkhxkq29xfmsy-perl5.32.0-DateTime-Format-DateParse-0.05-devdoc/share/man/man3
Removing empty /nix/store/8hprcgbakind45mfj6rz2i0058jqcx5g-perl5.32.0-DateTime-Format-DateParse-0.05/share/man/ and (possibly) its parents
shrinking RPATHs of ELF executables and libraries in /nix/store/8hprcgbakind45mfj6rz2i0058jqcx5g-perl5.32.0-DateTime-Format-DateParse-0.05
strip is /nix/store/psyzbhp4p088sb9qcs378hfbslcalasl-binutils-2.31.1/bin/strip
stripping (with command strip and flags -S) in /nix/store/8hprcgbakind45mfj6rz2i0058jqcx5g-perl5.32.0-DateTime-Format-DateParse-0.05/lib
patching script interpreter paths in /nix/store/8hprcgbakind45mfj6rz2i0058jqcx5g-perl5.32.0-DateTime-Format-DateParse-0.05
checking for references to /build/ in /nix/store/8hprcgbakind45mfj6rz2i0058jqcx5g-perl5.32.0-DateTime-Format-DateParse-0.05...
shrinking RPATHs of ELF executables and libraries in /nix/store/iqsag47lqvkvfabkgy1wkhxkq29xfmsy-perl5.32.0-DateTime-Format-DateParse-0.05-devdoc
gzipping man pages under /nix/store/iqsag47lqvkvfabkgy1wkhxkq29xfmsy-perl5.32.0-DateTime-Format-DateParse-0.05-devdoc/share/man/
strip is /nix/store/psyzbhp4p088sb9qcs378hfbslcalasl-binutils-2.31.1/bin/strip
patching script interpreter paths in /nix/store/iqsag47lqvkvfabkgy1wkhxkq29xfmsy-perl5.32.0-DateTime-Format-DateParse-0.05-devdoc
checking for references to /build/ in /nix/store/iqsag47lqvkvfabkgy1wkhxkq29xfmsy-perl5.32.0-DateTime-Format-DateParse-0.05-devdoc...
/nix/store/8hprcgbakind45mfj6rz2i0058jqcx5g-perl5.32.0-DateTime-Format-DateParse-0.05
