these derivations will be built:
  /nix/store/yhlhl1zkc8gxldrij97vb23zypshbpdh-perl5.32.0-DateTimeX-Easy-0.089.drv
these paths will be fetched (0.03 MiB download, 0.03 MiB unpacked):
  /nix/store/8fzcwi56694gk8kab7viqbn7nyhrkywk-DateTimeX-Easy-0.089.tar.gz
copying path '/nix/store/8fzcwi56694gk8kab7viqbn7nyhrkywk-DateTimeX-Easy-0.089.tar.gz' from 'https://cache.nixos.org'...
building '/nix/store/yhlhl1zkc8gxldrij97vb23zypshbpdh-perl5.32.0-DateTimeX-Easy-0.089.drv'...
unpacking sources
unpacking source archive /nix/store/8fzcwi56694gk8kab7viqbn7nyhrkywk-DateTimeX-Easy-0.089.tar.gz
source root is DateTimeX-Easy-0.089
setting SOURCE_DATE_EPOCH to timestamp 1282623147 of file DateTimeX-Easy-0.089/MANIFEST
patching sources
configuring
patching ./t/01-basic.t...
patching ./t/03-parse.t...
patching ./t/02-tz-parse.t...
Checking if your kit is complete...
Looks good
Generating a Unix-style Makefile
Writing Makefile for DateTimeX::Easy
Writing MYMETA.yml and MYMETA.json
no configure script, doing nothing
building
build flags: SHELL=/nix/store/9fqwwd4iybmhjqyxiaxycknslw6bgwh1-bash-4.4-p23/bin/bash
cp lib/DateTimeX/Easy/DateParse.pm blib/lib/DateTimeX/Easy/DateParse.pm
cp lib/DateTimeX/Easy.pm blib/lib/DateTimeX/Easy.pm
Manifying 2 pod documents
installing
install flags: SHELL=/nix/store/9fqwwd4iybmhjqyxiaxycknslw6bgwh1-bash-4.4-p23/bin/bash pkgconfigdir=/nix/store/5s1cbmn3l6jz8n50jymc190dbc3vbq76-perl5.32.0-DateTimeX-Easy-0.089/lib/pkgconfig m4datadir=/nix/store/5s1cbmn3l6jz8n50jymc190dbc3vbq76-perl5.32.0-DateTimeX-Easy-0.089/share/aclocal aclocaldir=/nix/store/5s1cbmn3l6jz8n50jymc190dbc3vbq76-perl5.32.0-DateTimeX-Easy-0.089/share/aclocal install
Manifying 2 pod documents
Installing /nix/store/5s1cbmn3l6jz8n50jymc190dbc3vbq76-perl5.32.0-DateTimeX-Easy-0.089/lib/perl5/site_perl/5.32.0/DateTimeX/Easy.pm
Installing /nix/store/5s1cbmn3l6jz8n50jymc190dbc3vbq76-perl5.32.0-DateTimeX-Easy-0.089/lib/perl5/site_perl/5.32.0/DateTimeX/Easy/DateParse.pm
Installing /nix/store/5s1cbmn3l6jz8n50jymc190dbc3vbq76-perl5.32.0-DateTimeX-Easy-0.089/share/man/man3/DateTimeX::Easy.3
Installing /nix/store/5s1cbmn3l6jz8n50jymc190dbc3vbq76-perl5.32.0-DateTimeX-Easy-0.089/share/man/man3/DateTimeX::Easy::DateParse.3
Appending installation info to /nix/store/5s1cbmn3l6jz8n50jymc190dbc3vbq76-perl5.32.0-DateTimeX-Easy-0.089/lib/perl5/5.32.0/x86_64-linux-thread-multi/perllocal.pod
post-installation fixup
Moving /nix/store/5s1cbmn3l6jz8n50jymc190dbc3vbq76-perl5.32.0-DateTimeX-Easy-0.089/share/man/man3 to /nix/store/52ydvpshb0wb9d2w0ba7707pmvrk4rlg-perl5.32.0-DateTimeX-Easy-0.089-devdoc/share/man/man3
Removing empty /nix/store/5s1cbmn3l6jz8n50jymc190dbc3vbq76-perl5.32.0-DateTimeX-Easy-0.089/share/man/ and (possibly) its parents
shrinking RPATHs of ELF executables and libraries in /nix/store/5s1cbmn3l6jz8n50jymc190dbc3vbq76-perl5.32.0-DateTimeX-Easy-0.089
strip is /nix/store/psyzbhp4p088sb9qcs378hfbslcalasl-binutils-2.31.1/bin/strip
stripping (with command strip and flags -S) in /nix/store/5s1cbmn3l6jz8n50jymc190dbc3vbq76-perl5.32.0-DateTimeX-Easy-0.089/lib
patching script interpreter paths in /nix/store/5s1cbmn3l6jz8n50jymc190dbc3vbq76-perl5.32.0-DateTimeX-Easy-0.089
checking for references to /build/ in /nix/store/5s1cbmn3l6jz8n50jymc190dbc3vbq76-perl5.32.0-DateTimeX-Easy-0.089...
shrinking RPATHs of ELF executables and libraries in /nix/store/52ydvpshb0wb9d2w0ba7707pmvrk4rlg-perl5.32.0-DateTimeX-Easy-0.089-devdoc
gzipping man pages under /nix/store/52ydvpshb0wb9d2w0ba7707pmvrk4rlg-perl5.32.0-DateTimeX-Easy-0.089-devdoc/share/man/
strip is /nix/store/psyzbhp4p088sb9qcs378hfbslcalasl-binutils-2.31.1/bin/strip
patching script interpreter paths in /nix/store/52ydvpshb0wb9d2w0ba7707pmvrk4rlg-perl5.32.0-DateTimeX-Easy-0.089-devdoc
checking for references to /build/ in /nix/store/52ydvpshb0wb9d2w0ba7707pmvrk4rlg-perl5.32.0-DateTimeX-Easy-0.089-devdoc...
/nix/store/5s1cbmn3l6jz8n50jymc190dbc3vbq76-perl5.32.0-DateTimeX-Easy-0.089
