these derivations will be built:
  /nix/store/80mryzhy4wn27sqbbgmwbafnyxrcngsb-perl5.32.0-DBIx-Simple-1.37.drv
these paths will be fetched (0.02 MiB download, 0.02 MiB unpacked):
  /nix/store/p3rzkqp5zyyqjpb2m38w9si3fw6rb0dd-DBIx-Simple-1.37.tar.gz
copying path '/nix/store/p3rzkqp5zyyqjpb2m38w9si3fw6rb0dd-DBIx-Simple-1.37.tar.gz' from 'https://cache.nixos.org'...
building '/nix/store/80mryzhy4wn27sqbbgmwbafnyxrcngsb-perl5.32.0-DBIx-Simple-1.37.drv'...
unpacking sources
unpacking source archive /nix/store/p3rzkqp5zyyqjpb2m38w9si3fw6rb0dd-DBIx-Simple-1.37.tar.gz
source root is DBIx-Simple-1.37
setting SOURCE_DATE_EPOCH to timestamp 1512773461 of file DBIx-Simple-1.37/META.yml
patching sources
configuring
Checking if your kit is complete...
Looks good
Generating a Unix-style Makefile
Writing Makefile for DBIx::Simple
Writing MYMETA.yml and MYMETA.json
no configure script, doing nothing
building
build flags: SHELL=/nix/store/9fqwwd4iybmhjqyxiaxycknslw6bgwh1-bash-4.4-p23/bin/bash
cp lib/DBIx/Simple/Result/RowObject.pm blib/lib/DBIx/Simple/Result/RowObject.pm
cp lib/DBIx/Simple.pm blib/lib/DBIx/Simple.pm
cp lib/DBIx/Simple/Comparison.pod blib/lib/DBIx/Simple/Comparison.pod
cp lib/DBIx/Simple/Examples.pod blib/lib/DBIx/Simple/Examples.pod
Manifying 4 pod documents
running tests
check flags: SHELL=/nix/store/9fqwwd4iybmhjqyxiaxycknslw6bgwh1-bash-4.4-p23/bin/bash VERBOSE=y test
PERL_DL_NONLAZY=1 "/nix/store/7c044di03qa7qgr5kjjc2d787aspzp0m-perl-5.32.0/bin/perl" "-MExtUtils::Command::MM" "-MTest::Harness" "-e" "undef *Test::Harness::Switches; test_harness(0, 'blib/lib', 'blib/arch')" t/*.t
t/DBIx-Simple.t .. ok
t/pod.t .......... skipped: Test::Pod 1.00 required for testing POD
t/sqlite.t ....... skipped: DBD::SQLite required
t/swap.t ......... ok
All tests successful.
Files=4, Tests=6,  0 wallclock secs ( 0.02 usr  0.01 sys +  0.22 cusr  0.03 csys =  0.28 CPU)
Result: PASS
installing
install flags: SHELL=/nix/store/9fqwwd4iybmhjqyxiaxycknslw6bgwh1-bash-4.4-p23/bin/bash pkgconfigdir=/nix/store/6727cd0r1akc03p0swiis7q8bb7g7cz4-perl5.32.0-DBIx-Simple-1.37/lib/pkgconfig m4datadir=/nix/store/6727cd0r1akc03p0swiis7q8bb7g7cz4-perl5.32.0-DBIx-Simple-1.37/share/aclocal aclocaldir=/nix/store/6727cd0r1akc03p0swiis7q8bb7g7cz4-perl5.32.0-DBIx-Simple-1.37/share/aclocal install
Manifying 4 pod documents
Installing /nix/store/6727cd0r1akc03p0swiis7q8bb7g7cz4-perl5.32.0-DBIx-Simple-1.37/lib/perl5/site_perl/5.32.0/DBIx/Simple.pm
Installing /nix/store/6727cd0r1akc03p0swiis7q8bb7g7cz4-perl5.32.0-DBIx-Simple-1.37/lib/perl5/site_perl/5.32.0/DBIx/Simple/Comparison.pod
Installing /nix/store/6727cd0r1akc03p0swiis7q8bb7g7cz4-perl5.32.0-DBIx-Simple-1.37/lib/perl5/site_perl/5.32.0/DBIx/Simple/Examples.pod
Installing /nix/store/6727cd0r1akc03p0swiis7q8bb7g7cz4-perl5.32.0-DBIx-Simple-1.37/lib/perl5/site_perl/5.32.0/DBIx/Simple/Result/RowObject.pm
Installing /nix/store/6727cd0r1akc03p0swiis7q8bb7g7cz4-perl5.32.0-DBIx-Simple-1.37/share/man/man3/DBIx::Simple::Result::RowObject.3
Installing /nix/store/6727cd0r1akc03p0swiis7q8bb7g7cz4-perl5.32.0-DBIx-Simple-1.37/share/man/man3/DBIx::Simple::Examples.3
Installing /nix/store/6727cd0r1akc03p0swiis7q8bb7g7cz4-perl5.32.0-DBIx-Simple-1.37/share/man/man3/DBIx::Simple::Comparison.3
Installing /nix/store/6727cd0r1akc03p0swiis7q8bb7g7cz4-perl5.32.0-DBIx-Simple-1.37/share/man/man3/DBIx::Simple.3
Appending installation info to /nix/store/6727cd0r1akc03p0swiis7q8bb7g7cz4-perl5.32.0-DBIx-Simple-1.37/lib/perl5/5.32.0/x86_64-linux-thread-multi/perllocal.pod
post-installation fixup
Moving /nix/store/6727cd0r1akc03p0swiis7q8bb7g7cz4-perl5.32.0-DBIx-Simple-1.37/share/man/man3 to /nix/store/wdcwhqk5hwmg5v8qlqr37ycym3d27v34-perl5.32.0-DBIx-Simple-1.37-devdoc/share/man/man3
Removing empty /nix/store/6727cd0r1akc03p0swiis7q8bb7g7cz4-perl5.32.0-DBIx-Simple-1.37/share/man/ and (possibly) its parents
shrinking RPATHs of ELF executables and libraries in /nix/store/6727cd0r1akc03p0swiis7q8bb7g7cz4-perl5.32.0-DBIx-Simple-1.37
strip is /nix/store/psyzbhp4p088sb9qcs378hfbslcalasl-binutils-2.31.1/bin/strip
stripping (with command strip and flags -S) in /nix/store/6727cd0r1akc03p0swiis7q8bb7g7cz4-perl5.32.0-DBIx-Simple-1.37/lib
patching script interpreter paths in /nix/store/6727cd0r1akc03p0swiis7q8bb7g7cz4-perl5.32.0-DBIx-Simple-1.37
checking for references to /build/ in /nix/store/6727cd0r1akc03p0swiis7q8bb7g7cz4-perl5.32.0-DBIx-Simple-1.37...
shrinking RPATHs of ELF executables and libraries in /nix/store/wdcwhqk5hwmg5v8qlqr37ycym3d27v34-perl5.32.0-DBIx-Simple-1.37-devdoc
gzipping man pages under /nix/store/wdcwhqk5hwmg5v8qlqr37ycym3d27v34-perl5.32.0-DBIx-Simple-1.37-devdoc/share/man/
strip is /nix/store/psyzbhp4p088sb9qcs378hfbslcalasl-binutils-2.31.1/bin/strip
patching script interpreter paths in /nix/store/wdcwhqk5hwmg5v8qlqr37ycym3d27v34-perl5.32.0-DBIx-Simple-1.37-devdoc
checking for references to /build/ in /nix/store/wdcwhqk5hwmg5v8qlqr37ycym3d27v34-perl5.32.0-DBIx-Simple-1.37-devdoc...
/nix/store/6727cd0r1akc03p0swiis7q8bb7g7cz4-perl5.32.0-DBIx-Simple-1.37
