these derivations will be built:
  /nix/store/vira8y5302db65ay0swrka9wsc6qwjlh-perl5.32.0-DBIx-Class-DynamicDefault-0.04.drv
these paths will be fetched (0.02 MiB download, 0.02 MiB unpacked):
  /nix/store/ncnalw8jsw8sxc4jhnzvypmfmm1flv9r-DBIx-Class-DynamicDefault-0.04.tar.gz
copying path '/nix/store/ncnalw8jsw8sxc4jhnzvypmfmm1flv9r-DBIx-Class-DynamicDefault-0.04.tar.gz' from 'https://cache.nixos.org'...
building '/nix/store/vira8y5302db65ay0swrka9wsc6qwjlh-perl5.32.0-DBIx-Class-DynamicDefault-0.04.drv'...
unpacking sources
unpacking source archive /nix/store/ncnalw8jsw8sxc4jhnzvypmfmm1flv9r-DBIx-Class-DynamicDefault-0.04.tar.gz
source root is DBIx-Class-DynamicDefault-0.04
setting SOURCE_DATE_EPOCH to timestamp 1334395071 of file DBIx-Class-DynamicDefault-0.04/MYMETA.yml
patching sources
configuring
Cannot determine perl version info from lib/DBIx/Class/DynamicDefault.pm
Checking if your kit is complete...
Looks good
Generating a Unix-style Makefile
Writing Makefile for DBIx::Class::DynamicDefault
Writing MYMETA.yml and MYMETA.json
no configure script, doing nothing
building
build flags: SHELL=/nix/store/9fqwwd4iybmhjqyxiaxycknslw6bgwh1-bash-4.4-p23/bin/bash
cp lib/DBIx/Class/DynamicDefault.pm blib/lib/DBIx/Class/DynamicDefault.pm
Manifying 1 pod document
running tests
check flags: SHELL=/nix/store/9fqwwd4iybmhjqyxiaxycknslw6bgwh1-bash-4.4-p23/bin/bash VERBOSE=y test
"/nix/store/7c044di03qa7qgr5kjjc2d787aspzp0m-perl-5.32.0/bin/perl" "-Iinc" "-MModule::Install::ExtraTests" "-e" "Module::Install::ExtraTests::__harness('Test::Harness', 0, '', 'xt/release', '', 0, 'blib/lib', 'blib/arch')" t/*.t
t/basic.t .. 1/14 DBIx::Class::Storage::DBI::SQLite::_dbi_attrs_for_bind(): Non-integer value supplied for column 'foo' despite the integer datatype at t/basic.t line 15
Argument "update2" isn't numeric in numeric eq (==) at /nix/store/1cxfgac2d2qn0lckic5nwhmd29jx6vb8-perl5.32.0-DBIx-Class-0.082841/lib/perl5/site_perl/5.32.0/DBIx/Class/Row.pm line 1018.
Argument "create" isn't numeric in numeric eq (==) at /nix/store/1cxfgac2d2qn0lckic5nwhmd29jx6vb8-perl5.32.0-DBIx-Class-0.082841/lib/perl5/site_perl/5.32.0/DBIx/Class/Row.pm line 1018.
Argument "update3" isn't numeric in numeric eq (==) at /nix/store/1cxfgac2d2qn0lckic5nwhmd29jx6vb8-perl5.32.0-DBIx-Class-0.082841/lib/perl5/site_perl/5.32.0/DBIx/Class/Row.pm line 1018.
Argument "update2" isn't numeric in numeric eq (==) at /nix/store/1cxfgac2d2qn0lckic5nwhmd29jx6vb8-perl5.32.0-DBIx-Class-0.082841/lib/perl5/site_perl/5.32.0/DBIx/Class/Row.pm line 1018.
DBIx::Class::Storage::DBI::SQLite::_dbi_attrs_for_bind(): Non-integer value supplied for column 'foo' despite the integer datatype at t/basic.t line 35
t/basic.t .. ok
All tests successful.
Files=1, Tests=14,  0 wallclock secs ( 0.04 usr  0.04 sys +  0.36 cusr  0.20 csys =  0.64 CPU)
Result: PASS
installing
install flags: SHELL=/nix/store/9fqwwd4iybmhjqyxiaxycknslw6bgwh1-bash-4.4-p23/bin/bash pkgconfigdir=/nix/store/5747pp2zx76dkyvah808yw0x76g7kygy-perl5.32.0-DBIx-Class-DynamicDefault-0.04/lib/pkgconfig m4datadir=/nix/store/5747pp2zx76dkyvah808yw0x76g7kygy-perl5.32.0-DBIx-Class-DynamicDefault-0.04/share/aclocal aclocaldir=/nix/store/5747pp2zx76dkyvah808yw0x76g7kygy-perl5.32.0-DBIx-Class-DynamicDefault-0.04/share/aclocal install
Manifying 1 pod document
Installing /nix/store/5747pp2zx76dkyvah808yw0x76g7kygy-perl5.32.0-DBIx-Class-DynamicDefault-0.04/lib/perl5/site_perl/5.32.0/DBIx/Class/DynamicDefault.pm
Installing /nix/store/5747pp2zx76dkyvah808yw0x76g7kygy-perl5.32.0-DBIx-Class-DynamicDefault-0.04/share/man/man3/DBIx::Class::DynamicDefault.3
Appending installation info to /nix/store/5747pp2zx76dkyvah808yw0x76g7kygy-perl5.32.0-DBIx-Class-DynamicDefault-0.04/lib/perl5/5.32.0/x86_64-linux-thread-multi/perllocal.pod
post-installation fixup
Moving /nix/store/5747pp2zx76dkyvah808yw0x76g7kygy-perl5.32.0-DBIx-Class-DynamicDefault-0.04/share/man/man3 to /nix/store/01dz66sc1r0rbsl5slsink8vsd5wmrmm-perl5.32.0-DBIx-Class-DynamicDefault-0.04-devdoc/share/man/man3
Removing empty /nix/store/5747pp2zx76dkyvah808yw0x76g7kygy-perl5.32.0-DBIx-Class-DynamicDefault-0.04/share/man/ and (possibly) its parents
shrinking RPATHs of ELF executables and libraries in /nix/store/5747pp2zx76dkyvah808yw0x76g7kygy-perl5.32.0-DBIx-Class-DynamicDefault-0.04
strip is /nix/store/psyzbhp4p088sb9qcs378hfbslcalasl-binutils-2.31.1/bin/strip
stripping (with command strip and flags -S) in /nix/store/5747pp2zx76dkyvah808yw0x76g7kygy-perl5.32.0-DBIx-Class-DynamicDefault-0.04/lib
patching script interpreter paths in /nix/store/5747pp2zx76dkyvah808yw0x76g7kygy-perl5.32.0-DBIx-Class-DynamicDefault-0.04
checking for references to /build/ in /nix/store/5747pp2zx76dkyvah808yw0x76g7kygy-perl5.32.0-DBIx-Class-DynamicDefault-0.04...
shrinking RPATHs of ELF executables and libraries in /nix/store/01dz66sc1r0rbsl5slsink8vsd5wmrmm-perl5.32.0-DBIx-Class-DynamicDefault-0.04-devdoc
gzipping man pages under /nix/store/01dz66sc1r0rbsl5slsink8vsd5wmrmm-perl5.32.0-DBIx-Class-DynamicDefault-0.04-devdoc/share/man/
strip is /nix/store/psyzbhp4p088sb9qcs378hfbslcalasl-binutils-2.31.1/bin/strip
patching script interpreter paths in /nix/store/01dz66sc1r0rbsl5slsink8vsd5wmrmm-perl5.32.0-DBIx-Class-DynamicDefault-0.04-devdoc
checking for references to /build/ in /nix/store/01dz66sc1r0rbsl5slsink8vsd5wmrmm-perl5.32.0-DBIx-Class-DynamicDefault-0.04-devdoc...
/nix/store/5747pp2zx76dkyvah808yw0x76g7kygy-perl5.32.0-DBIx-Class-DynamicDefault-0.04
