these derivations will be built:
  /nix/store/29p6p1x1230virwj1x0mmb7yqk4x7wwl-perl5.32.0-Devel-Leak-0.03.drv
these paths will be fetched (0.00 MiB download, 0.00 MiB unpacked):
  /nix/store/nmdmhj3qi50xrl5qzpxknyb0r2fr1cas-Devel-Leak-0.03.tar.gz
copying path '/nix/store/nmdmhj3qi50xrl5qzpxknyb0r2fr1cas-Devel-Leak-0.03.tar.gz' from 'https://cache.nixos.org'...
building '/nix/store/29p6p1x1230virwj1x0mmb7yqk4x7wwl-perl5.32.0-Devel-Leak-0.03.drv'...
unpacking sources
unpacking source archive /nix/store/nmdmhj3qi50xrl5qzpxknyb0r2fr1cas-Devel-Leak-0.03.tar.gz
source root is Devel-Leak-0.03
setting SOURCE_DATE_EPOCH to timestamp 1079630623 of file Devel-Leak-0.03/Leak.pm
patching sources
configuring
This perl is not compiled with -DDEBUGGING - functions restricted
Checking if your kit is complete...
Looks good
Generating a Unix-style Makefile
Writing Makefile for Devel::Leak
Writing MYMETA.yml and MYMETA.json
no configure script, doing nothing
building
build flags: SHELL=/nix/store/9fqwwd4iybmhjqyxiaxycknslw6bgwh1-bash-4.4-p23/bin/bash
cp Leak.pm blib/lib/Devel/Leak.pm
Running Mkbootstrap for Leak ()
chmod 644 "Leak.bs"
"/nix/store/7c044di03qa7qgr5kjjc2d787aspzp0m-perl-5.32.0/bin/perl" -MExtUtils::Command::MM -e 'cp_nonempty' -- Leak.bs blib/arch/auto/Devel/Leak/Leak.bs 644
"/nix/store/7c044di03qa7qgr5kjjc2d787aspzp0m-perl-5.32.0/bin/perl" "/nix/store/7c044di03qa7qgr5kjjc2d787aspzp0m-perl-5.32.0/lib/perl5/5.32.0/ExtUtils/xsubpp"  -typemap '/nix/store/7c044di03qa7qgr5kjjc2d787aspzp0m-perl-5.32.0/lib/perl5/5.32.0/ExtUtils/typemap' -typemap '/build/Devel-Leak-0.03/typemap'  Leak.xs > Leak.xsc
mv Leak.xsc Leak.c
cc -c   -D_REENTRANT -D_GNU_SOURCE -fwrapv -fno-strict-aliasing -pipe -fstack-protector-strong -I/no-such-path/include -D_LARGEFILE_SOURCE -D_FILE_OFFSET_BITS=64 -O2   -DVERSION=\"0.03\" -DXS_VERSION=\"0.03\" -fPIC "-I/nix/store/7c044di03qa7qgr5kjjc2d787aspzp0m-perl-5.32.0/lib/perl5/5.32.0/x86_64-linux-thread-multi/CORE"   Leak.c
Leak.xs:15: warning: "sv_dump" redefined
   15 | #define sv_dump(sv) PerlIO_printf(PerlIO_stderr(), "\n")
      |
In file included from /nix/store/7c044di03qa7qgr5kjjc2d787aspzp0m-perl-5.32.0/lib/perl5/5.32.0/x86_64-linux-thread-multi/CORE/perl.h:5603,
                 from Leak.xs:8:
/nix/store/7c044di03qa7qgr5kjjc2d787aspzp0m-perl-5.32.0/lib/perl5/5.32.0/x86_64-linux-thread-multi/CORE/embed.h:591: note: this is the location of the previous definition
  591 | #define sv_dump(a)  Perl_sv_dump(aTHX_ a)
      |
Leak.xs: In function 'check_arenas':
Leak.xs:80:13: warning: format '%d' expects argument of type 'int', but argument 4 has type 'long int' [-Wformat=]
   80 |        warn("Odd SvANY for %p @ %p[%d]",sv,sva,(sv-sva));
      |             ^~~~~~~~~~~~~~~~~~~~~~~~~~~        ~~~~~~~~
      |                                                   |
      |                                                   long int
rm -f blib/arch/auto/Devel/Leak/Leak.so
cc  -shared -O2 -L/nix/store/68pw3wxwkrx0rwzjifm7g1jxy5g2sg1p-glibc-2.31/lib -fstack-protector-strong  Leak.o  -o blib/arch/auto/Devel/Leak/Leak.so  \
      \

chmod 755 blib/arch/auto/Devel/Leak/Leak.so
Manifying 1 pod document
running tests
check flags: SHELL=/nix/store/9fqwwd4iybmhjqyxiaxycknslw6bgwh1-bash-4.4-p23/bin/bash VERBOSE=y test
"/nix/store/7c044di03qa7qgr5kjjc2d787aspzp0m-perl-5.32.0/bin/perl" -MExtUtils::Command::MM -e 'cp_nonempty' -- Leak.bs blib/arch/auto/Devel/Leak/Leak.bs 644
PERL_DL_NONLAZY=1 "/nix/store/7c044di03qa7qgr5kjjc2d787aspzp0m-perl-5.32.0/bin/perl" "-MExtUtils::Command::MM" "-MTest::Harness" "-e" "undef *Test::Harness::Switches; test_harness(0, 'blib/lib', 'blib/arch')" t/*.t
t/basic.t .. 1/3 new 0x42abe0 :
new 0x42ac70 :
t/basic.t .. ok
All tests successful.
Files=1, Tests=3,  0 wallclock secs ( 0.02 usr  0.00 sys +  0.01 cusr  0.00 csys =  0.03 CPU)
Result: PASS
installing
install flags: SHELL=/nix/store/9fqwwd4iybmhjqyxiaxycknslw6bgwh1-bash-4.4-p23/bin/bash pkgconfigdir=/nix/store/db48mph2rml7rk0b2m4xw53kzkac86f6-perl5.32.0-Devel-Leak-0.03/lib/pkgconfig m4datadir=/nix/store/db48mph2rml7rk0b2m4xw53kzkac86f6-perl5.32.0-Devel-Leak-0.03/share/aclocal aclocaldir=/nix/store/db48mph2rml7rk0b2m4xw53kzkac86f6-perl5.32.0-Devel-Leak-0.03/share/aclocal install
"/nix/store/7c044di03qa7qgr5kjjc2d787aspzp0m-perl-5.32.0/bin/perl" -MExtUtils::Command::MM -e 'cp_nonempty' -- Leak.bs blib/arch/auto/Devel/Leak/Leak.bs 644
Manifying 1 pod document
Files found in blib/arch: installing files in blib/lib into architecture dependent library tree
Installing /nix/store/db48mph2rml7rk0b2m4xw53kzkac86f6-perl5.32.0-Devel-Leak-0.03/lib/perl5/site_perl/5.32.0/x86_64-linux-thread-multi/auto/Devel/Leak/Leak.so
Installing /nix/store/db48mph2rml7rk0b2m4xw53kzkac86f6-perl5.32.0-Devel-Leak-0.03/lib/perl5/site_perl/5.32.0/x86_64-linux-thread-multi/Devel/Leak.pm
Installing /nix/store/db48mph2rml7rk0b2m4xw53kzkac86f6-perl5.32.0-Devel-Leak-0.03/share/man/man3/Devel::Leak.3
Appending installation info to /nix/store/db48mph2rml7rk0b2m4xw53kzkac86f6-perl5.32.0-Devel-Leak-0.03/lib/perl5/5.32.0/x86_64-linux-thread-multi/perllocal.pod
post-installation fixup
Moving /nix/store/db48mph2rml7rk0b2m4xw53kzkac86f6-perl5.32.0-Devel-Leak-0.03/share/man/man3 to /nix/store/299xr7l9fb8x7fg52x9sjv36yiwm4b3p-perl5.32.0-Devel-Leak-0.03-devdoc/share/man/man3
Removing empty /nix/store/db48mph2rml7rk0b2m4xw53kzkac86f6-perl5.32.0-Devel-Leak-0.03/share/man/ and (possibly) its parents
shrinking RPATHs of ELF executables and libraries in /nix/store/db48mph2rml7rk0b2m4xw53kzkac86f6-perl5.32.0-Devel-Leak-0.03
shrinking /nix/store/db48mph2rml7rk0b2m4xw53kzkac86f6-perl5.32.0-Devel-Leak-0.03/lib/perl5/site_perl/5.32.0/x86_64-linux-thread-multi/auto/Devel/Leak/Leak.so
strip is /nix/store/psyzbhp4p088sb9qcs378hfbslcalasl-binutils-2.31.1/bin/strip
stripping (with command strip and flags -S) in /nix/store/db48mph2rml7rk0b2m4xw53kzkac86f6-perl5.32.0-Devel-Leak-0.03/lib
patching script interpreter paths in /nix/store/db48mph2rml7rk0b2m4xw53kzkac86f6-perl5.32.0-Devel-Leak-0.03
checking for references to /build/ in /nix/store/db48mph2rml7rk0b2m4xw53kzkac86f6-perl5.32.0-Devel-Leak-0.03...
shrinking RPATHs of ELF executables and libraries in /nix/store/299xr7l9fb8x7fg52x9sjv36yiwm4b3p-perl5.32.0-Devel-Leak-0.03-devdoc
gzipping man pages under /nix/store/299xr7l9fb8x7fg52x9sjv36yiwm4b3p-perl5.32.0-Devel-Leak-0.03-devdoc/share/man/
strip is /nix/store/psyzbhp4p088sb9qcs378hfbslcalasl-binutils-2.31.1/bin/strip
patching script interpreter paths in /nix/store/299xr7l9fb8x7fg52x9sjv36yiwm4b3p-perl5.32.0-Devel-Leak-0.03-devdoc
checking for references to /build/ in /nix/store/299xr7l9fb8x7fg52x9sjv36yiwm4b3p-perl5.32.0-Devel-Leak-0.03-devdoc...
/nix/store/db48mph2rml7rk0b2m4xw53kzkac86f6-perl5.32.0-Devel-Leak-0.03
