these derivations will be built:
  /nix/store/1bcw8aqnxj72iair34gchxvvsg05xq0h-perl5.32.0-Devel-Caller-2.06.drv
these paths will be fetched (0.01 MiB download, 0.01 MiB unpacked):
  /nix/store/ych2y4knpiz667bfx1q4cxcib4ryipsa-Devel-Caller-2.06.tar.gz
copying path '/nix/store/ych2y4knpiz667bfx1q4cxcib4ryipsa-Devel-Caller-2.06.tar.gz' from 'https://cache.nixos.org'...
building '/nix/store/1bcw8aqnxj72iair34gchxvvsg05xq0h-perl5.32.0-Devel-Caller-2.06.drv'...
unpacking sources
unpacking source archive /nix/store/ych2y4knpiz667bfx1q4cxcib4ryipsa-Devel-Caller-2.06.tar.gz
source root is Devel-Caller-2.06
setting SOURCE_DATE_EPOCH to timestamp 1358332076 of file Devel-Caller-2.06/META.yml
patching sources
configuring
patching ./t/Devel-Caller.t...
patching ./Makefile.PL...
Checking if your kit is complete...
Looks good
Generating a Unix-style Makefile
Writing Makefile for Devel::Caller
Writing MYMETA.yml and MYMETA.json
no configure script, doing nothing
building
build flags: SHELL=/nix/store/9fqwwd4iybmhjqyxiaxycknslw6bgwh1-bash-4.4-p23/bin/bash
cp lib/Devel/Caller.pm blib/lib/Devel/Caller.pm
Running Mkbootstrap for Caller ()
chmod 644 "Caller.bs"
"/nix/store/7c044di03qa7qgr5kjjc2d787aspzp0m-perl-5.32.0/bin/perl" -MExtUtils::Command::MM -e 'cp_nonempty' -- Caller.bs blib/arch/auto/Devel/Caller/Caller.bs 644
"/nix/store/7c044di03qa7qgr5kjjc2d787aspzp0m-perl-5.32.0/bin/perl" "/nix/store/7c044di03qa7qgr5kjjc2d787aspzp0m-perl-5.32.0/lib/perl5/5.32.0/ExtUtils/xsubpp"  -typemap '/nix/store/7c044di03qa7qgr5kjjc2d787aspzp0m-perl-5.32.0/lib/perl5/5.32.0/ExtUtils/typemap'  Caller.xs > Caller.xsc
Please specify prototyping behavior for Caller.xs (see perlxs manual)
mv Caller.xsc Caller.c
cc -c   -D_REENTRANT -D_GNU_SOURCE -fwrapv -fno-strict-aliasing -pipe -fstack-protector-strong -I/no-such-path/include -D_LARGEFILE_SOURCE -D_FILE_OFFSET_BITS=64 -O2   -DVERSION=\"2.06\" -DXS_VERSION=\"2.06\" -fPIC "-I/nix/store/7c044di03qa7qgr5kjjc2d787aspzp0m-perl-5.32.0/lib/perl5/5.32.0/x86_64-linux-thread-multi/CORE"   Caller.c
rm -f blib/arch/auto/Devel/Caller/Caller.so
cc  -shared -O2 -L/nix/store/68pw3wxwkrx0rwzjifm7g1jxy5g2sg1p-glibc-2.31/lib -fstack-protector-strong  Caller.o  -o blib/arch/auto/Devel/Caller/Caller.so  \
      \

chmod 755 blib/arch/auto/Devel/Caller/Caller.so
Manifying 1 pod document
running tests
check flags: SHELL=/nix/store/9fqwwd4iybmhjqyxiaxycknslw6bgwh1-bash-4.4-p23/bin/bash VERBOSE=y test
"/nix/store/7c044di03qa7qgr5kjjc2d787aspzp0m-perl-5.32.0/bin/perl" -MExtUtils::Command::MM -e 'cp_nonempty' -- Caller.bs blib/arch/auto/Devel/Caller/Caller.bs 644
PERL_DL_NONLAZY=1 "/nix/store/7c044di03qa7qgr5kjjc2d787aspzp0m-perl-5.32.0/bin/perl" "-MExtUtils::Command::MM" "-MTest::Harness" "-e" "undef *Test::Harness::Switches; test_harness(0, 'blib/lib', 'blib/arch')" t/*.t
t/Devel-Caller.t .. ok
All tests successful.
Files=1, Tests=72,  0 wallclock secs ( 0.02 usr  0.01 sys +  0.06 cusr  0.01 csys =  0.10 CPU)
Result: PASS
installing
install flags: SHELL=/nix/store/9fqwwd4iybmhjqyxiaxycknslw6bgwh1-bash-4.4-p23/bin/bash pkgconfigdir=/nix/store/g8f9g5nhiikakv5cmnhx127rdjbfm7y7-perl5.32.0-Devel-Caller-2.06/lib/pkgconfig m4datadir=/nix/store/g8f9g5nhiikakv5cmnhx127rdjbfm7y7-perl5.32.0-Devel-Caller-2.06/share/aclocal aclocaldir=/nix/store/g8f9g5nhiikakv5cmnhx127rdjbfm7y7-perl5.32.0-Devel-Caller-2.06/share/aclocal install
"/nix/store/7c044di03qa7qgr5kjjc2d787aspzp0m-perl-5.32.0/bin/perl" -MExtUtils::Command::MM -e 'cp_nonempty' -- Caller.bs blib/arch/auto/Devel/Caller/Caller.bs 644
Manifying 1 pod document
Files found in blib/arch: installing files in blib/lib into architecture dependent library tree
Installing /nix/store/g8f9g5nhiikakv5cmnhx127rdjbfm7y7-perl5.32.0-Devel-Caller-2.06/lib/perl5/site_perl/5.32.0/x86_64-linux-thread-multi/auto/Devel/Caller/Caller.so
Installing /nix/store/g8f9g5nhiikakv5cmnhx127rdjbfm7y7-perl5.32.0-Devel-Caller-2.06/lib/perl5/site_perl/5.32.0/x86_64-linux-thread-multi/Devel/Caller.pm
Installing /nix/store/g8f9g5nhiikakv5cmnhx127rdjbfm7y7-perl5.32.0-Devel-Caller-2.06/share/man/man3/Devel::Caller.3
Appending installation info to /nix/store/g8f9g5nhiikakv5cmnhx127rdjbfm7y7-perl5.32.0-Devel-Caller-2.06/lib/perl5/5.32.0/x86_64-linux-thread-multi/perllocal.pod
post-installation fixup
Moving /nix/store/g8f9g5nhiikakv5cmnhx127rdjbfm7y7-perl5.32.0-Devel-Caller-2.06/share/man/man3 to /nix/store/3zjmvrkd8rr1xfq4mqgdg0l7k4rfsjbj-perl5.32.0-Devel-Caller-2.06-devdoc/share/man/man3
Removing empty /nix/store/g8f9g5nhiikakv5cmnhx127rdjbfm7y7-perl5.32.0-Devel-Caller-2.06/share/man/ and (possibly) its parents
shrinking RPATHs of ELF executables and libraries in /nix/store/g8f9g5nhiikakv5cmnhx127rdjbfm7y7-perl5.32.0-Devel-Caller-2.06
shrinking /nix/store/g8f9g5nhiikakv5cmnhx127rdjbfm7y7-perl5.32.0-Devel-Caller-2.06/lib/perl5/site_perl/5.32.0/x86_64-linux-thread-multi/auto/Devel/Caller/Caller.so
strip is /nix/store/psyzbhp4p088sb9qcs378hfbslcalasl-binutils-2.31.1/bin/strip
stripping (with command strip and flags -S) in /nix/store/g8f9g5nhiikakv5cmnhx127rdjbfm7y7-perl5.32.0-Devel-Caller-2.06/lib
patching script interpreter paths in /nix/store/g8f9g5nhiikakv5cmnhx127rdjbfm7y7-perl5.32.0-Devel-Caller-2.06
checking for references to /build/ in /nix/store/g8f9g5nhiikakv5cmnhx127rdjbfm7y7-perl5.32.0-Devel-Caller-2.06...
shrinking RPATHs of ELF executables and libraries in /nix/store/3zjmvrkd8rr1xfq4mqgdg0l7k4rfsjbj-perl5.32.0-Devel-Caller-2.06-devdoc
gzipping man pages under /nix/store/3zjmvrkd8rr1xfq4mqgdg0l7k4rfsjbj-perl5.32.0-Devel-Caller-2.06-devdoc/share/man/
strip is /nix/store/psyzbhp4p088sb9qcs378hfbslcalasl-binutils-2.31.1/bin/strip
patching script interpreter paths in /nix/store/3zjmvrkd8rr1xfq4mqgdg0l7k4rfsjbj-perl5.32.0-Devel-Caller-2.06-devdoc
checking for references to /build/ in /nix/store/3zjmvrkd8rr1xfq4mqgdg0l7k4rfsjbj-perl5.32.0-Devel-Caller-2.06-devdoc...
/nix/store/g8f9g5nhiikakv5cmnhx127rdjbfm7y7-perl5.32.0-Devel-Caller-2.06
