these derivations will be built:
  /nix/store/vqhfh7qz4xx1mbbjhvsq5mmznk5cs9gx-perl5.32.0-Devel-Trace-0.12.drv
these paths will be fetched (0.00 MiB download, 0.00 MiB unpacked):
  /nix/store/rgd4y8pgc2cwjz19sa4f94vdz4bw23zq-Devel-Trace-0.12.tar.gz
copying path '/nix/store/rgd4y8pgc2cwjz19sa4f94vdz4bw23zq-Devel-Trace-0.12.tar.gz' from 'https://cache.nixos.org'...
building '/nix/store/vqhfh7qz4xx1mbbjhvsq5mmznk5cs9gx-perl5.32.0-Devel-Trace-0.12.drv'...
unpacking sources
unpacking source archive /nix/store/rgd4y8pgc2cwjz19sa4f94vdz4bw23zq-Devel-Trace-0.12.tar.gz
source root is Devel-Trace-0.12
setting SOURCE_DATE_EPOCH to timestamp 1329413190 of file Devel-Trace-0.12/META.json
patching sources
configuring
patching ./sample...
Checking if your kit is complete...
Looks good
Generating a Unix-style Makefile
Writing Makefile for Devel::Trace
Writing MYMETA.yml and MYMETA.json
no configure script, doing nothing
building
build flags: SHELL=/nix/store/9fqwwd4iybmhjqyxiaxycknslw6bgwh1-bash-4.4-p23/bin/bash
cp Trace.pm blib/lib/Devel/Trace.pm
cp demo.pl blib/lib/Devel/demo.pl
Manifying 1 pod document
running tests
check flags: SHELL=/nix/store/9fqwwd4iybmhjqyxiaxycknslw6bgwh1-bash-4.4-p23/bin/bash VERBOSE=y test
PERL_DL_NONLAZY=1 "/nix/store/7c044di03qa7qgr5kjjc2d787aspzp0m-perl-5.32.0/bin/perl" "-MExtUtils::Command::MM" "-MTest::Harness" "-e" "undef *Test::Harness::Switches; test_harness(0, 'blib/lib', 'blib/arch')" t/*.t
t/compile.t .. ok
All tests successful.
Files=1, Tests=1,  0 wallclock secs ( 0.01 usr  0.01 sys +  0.04 cusr  0.00 csys =  0.06 CPU)
Result: PASS
installing
install flags: SHELL=/nix/store/9fqwwd4iybmhjqyxiaxycknslw6bgwh1-bash-4.4-p23/bin/bash pkgconfigdir=/nix/store/zbwid28zr6a908sk3qfjp1qjpnncnkix-perl5.32.0-Devel-Trace-0.12/lib/pkgconfig m4datadir=/nix/store/zbwid28zr6a908sk3qfjp1qjpnncnkix-perl5.32.0-Devel-Trace-0.12/share/aclocal aclocaldir=/nix/store/zbwid28zr6a908sk3qfjp1qjpnncnkix-perl5.32.0-Devel-Trace-0.12/share/aclocal install
Manifying 1 pod document
Installing /nix/store/zbwid28zr6a908sk3qfjp1qjpnncnkix-perl5.32.0-Devel-Trace-0.12/lib/perl5/site_perl/5.32.0/Devel/Trace.pm
Installing /nix/store/zbwid28zr6a908sk3qfjp1qjpnncnkix-perl5.32.0-Devel-Trace-0.12/lib/perl5/site_perl/5.32.0/Devel/demo.pl
Installing /nix/store/zbwid28zr6a908sk3qfjp1qjpnncnkix-perl5.32.0-Devel-Trace-0.12/share/man/man3/Devel::Trace.3
Appending installation info to /nix/store/zbwid28zr6a908sk3qfjp1qjpnncnkix-perl5.32.0-Devel-Trace-0.12/lib/perl5/5.32.0/x86_64-linux-thread-multi/perllocal.pod
post-installation fixup
Moving /nix/store/zbwid28zr6a908sk3qfjp1qjpnncnkix-perl5.32.0-Devel-Trace-0.12/share/man/man3 to /nix/store/3izk48lr4x34kj20ndr1i81cfnsm8i5a-perl5.32.0-Devel-Trace-0.12-devdoc/share/man/man3
Removing empty /nix/store/zbwid28zr6a908sk3qfjp1qjpnncnkix-perl5.32.0-Devel-Trace-0.12/share/man/ and (possibly) its parents
shrinking RPATHs of ELF executables and libraries in /nix/store/zbwid28zr6a908sk3qfjp1qjpnncnkix-perl5.32.0-Devel-Trace-0.12
strip is /nix/store/psyzbhp4p088sb9qcs378hfbslcalasl-binutils-2.31.1/bin/strip
stripping (with command strip and flags -S) in /nix/store/zbwid28zr6a908sk3qfjp1qjpnncnkix-perl5.32.0-Devel-Trace-0.12/lib
patching script interpreter paths in /nix/store/zbwid28zr6a908sk3qfjp1qjpnncnkix-perl5.32.0-Devel-Trace-0.12
checking for references to /build/ in /nix/store/zbwid28zr6a908sk3qfjp1qjpnncnkix-perl5.32.0-Devel-Trace-0.12...
shrinking RPATHs of ELF executables and libraries in /nix/store/3izk48lr4x34kj20ndr1i81cfnsm8i5a-perl5.32.0-Devel-Trace-0.12-devdoc
gzipping man pages under /nix/store/3izk48lr4x34kj20ndr1i81cfnsm8i5a-perl5.32.0-Devel-Trace-0.12-devdoc/share/man/
strip is /nix/store/psyzbhp4p088sb9qcs378hfbslcalasl-binutils-2.31.1/bin/strip
patching script interpreter paths in /nix/store/3izk48lr4x34kj20ndr1i81cfnsm8i5a-perl5.32.0-Devel-Trace-0.12-devdoc
checking for references to /build/ in /nix/store/3izk48lr4x34kj20ndr1i81cfnsm8i5a-perl5.32.0-Devel-Trace-0.12-devdoc...
/nix/store/zbwid28zr6a908sk3qfjp1qjpnncnkix-perl5.32.0-Devel-Trace-0.12
