these derivations will be built:
  /nix/store/gkvzzb1xmyrlahijb42z5mgcyvq80y10-perl5.32.0-Device-OUI-1.04.drv
  /nix/store/qfb9665dz3ijy3q9nfw3rymmcdfmwk6b-perl5.32.0-Device-MAC-1.00.drv
these paths will be fetched (0.04 MiB download, 0.04 MiB unpacked):
  /nix/store/wf8vwfq7hx86r5lzxl45vxmfb1a4jrgc-Device-MAC-1.00.tar.gz
  /nix/store/wgd347gwlyb7nz666qchw24rk63y33jy-Device-OUI-1.04.tar.gz
copying path '/nix/store/wf8vwfq7hx86r5lzxl45vxmfb1a4jrgc-Device-MAC-1.00.tar.gz' from 'https://cache.nixos.org'...
copying path '/nix/store/wgd347gwlyb7nz666qchw24rk63y33jy-Device-OUI-1.04.tar.gz' from 'https://cache.nixos.org'...
building '/nix/store/gkvzzb1xmyrlahijb42z5mgcyvq80y10-perl5.32.0-Device-OUI-1.04.drv'...
unpacking sources
unpacking source archive /nix/store/wgd347gwlyb7nz666qchw24rk63y33jy-Device-OUI-1.04.tar.gz
source root is Device-OUI-1.04
setting SOURCE_DATE_EPOCH to timestamp 1236392607 of file Device-OUI-1.04/inc/Module/Install/WriteAll.pm
patching sources
applying patch /nix/store/0vckafbhhask5icygl1fys3dlkmgrbzw-Device-OUI-1.04-hash.patch
patching file lib/Device/OUI.pm
configuring
patching ./xt/author/pod-coverage.t...
patching ./xt/author/critic.t...
patching ./xt/author/pod.t...
patching ./t/exceptions.t...
patching ./t/functions.t...
patching ./t/network-online.t...
patching ./t/content.t...
patching ./t/cache.t...
patching ./t/network-offline.t...
patching ./t/device-oui-test-lib.pl...
patching ./t/load-cache.t...
patching ./t/fake-lwp.pl...
patching ./t/00-load.t...
patching ./t/unit-tests.t...
Cannot determine perl version info from lib/Device/OUI.pm
Checking if your kit is complete...
Looks good
Generating a Unix-style Makefile
Writing Makefile for Device::OUI
Writing MYMETA.yml and MYMETA.json
no configure script, doing nothing
building
build flags: SHELL=/nix/store/9fqwwd4iybmhjqyxiaxycknslw6bgwh1-bash-4.4-p23/bin/bash
cp lib/Device/OUI.pm blib/lib/Device/OUI.pm
Manifying 1 pod document
running tests
check flags: SHELL=/nix/store/9fqwwd4iybmhjqyxiaxycknslw6bgwh1-bash-4.4-p23/bin/bash VERBOSE=y test
PERL_DL_NONLAZY=1 "/nix/store/7c044di03qa7qgr5kjjc2d787aspzp0m-perl-5.32.0/bin/perl" "-MExtUtils::Command::MM" "-MTest::Harness" "-e" "undef *Test::Harness::Switches; test_harness(0, 'inc', 'blib/lib', 'blib/arch')" t/*.t
t/00-load.t .......... ok
t/cache.t ............ ok
t/content.t .......... ok
t/exceptions.t ....... ok
t/functions.t ........ ok
t/load-cache.t ....... ok
t/network-offline.t .. ok
t/network-online.t ... skipped: Set ONLINE_TESTS to run the live network tests
t/unit-tests.t ....... ok
All tests successful.
Files=9, Tests=4553,  3 wallclock secs ( 0.34 usr  0.05 sys +  1.90 cusr  1.45 csys =  3.74 CPU)
Result: PASS
installing
install flags: SHELL=/nix/store/9fqwwd4iybmhjqyxiaxycknslw6bgwh1-bash-4.4-p23/bin/bash pkgconfigdir=/nix/store/k3gjss1qbf2mpfc1mmlz2m7p90h22lbj-perl5.32.0-Device-OUI-1.04/lib/pkgconfig m4datadir=/nix/store/k3gjss1qbf2mpfc1mmlz2m7p90h22lbj-perl5.32.0-Device-OUI-1.04/share/aclocal aclocaldir=/nix/store/k3gjss1qbf2mpfc1mmlz2m7p90h22lbj-perl5.32.0-Device-OUI-1.04/share/aclocal install
Manifying 1 pod document
Installing /nix/store/k3gjss1qbf2mpfc1mmlz2m7p90h22lbj-perl5.32.0-Device-OUI-1.04/lib/perl5/site_perl/5.32.0/Device/OUI.pm
Installing /nix/store/k3gjss1qbf2mpfc1mmlz2m7p90h22lbj-perl5.32.0-Device-OUI-1.04/share/man/man3/Device::OUI.3
Appending installation info to /nix/store/k3gjss1qbf2mpfc1mmlz2m7p90h22lbj-perl5.32.0-Device-OUI-1.04/lib/perl5/5.32.0/x86_64-linux-thread-multi/perllocal.pod
post-installation fixup
Moving /nix/store/k3gjss1qbf2mpfc1mmlz2m7p90h22lbj-perl5.32.0-Device-OUI-1.04/share/man/man3 to /nix/store/6qybzk9fmznb9z06nch9pxl60zmpjjyn-perl5.32.0-Device-OUI-1.04-devdoc/share/man/man3
Removing empty /nix/store/k3gjss1qbf2mpfc1mmlz2m7p90h22lbj-perl5.32.0-Device-OUI-1.04/share/man/ and (possibly) its parents
shrinking RPATHs of ELF executables and libraries in /nix/store/k3gjss1qbf2mpfc1mmlz2m7p90h22lbj-perl5.32.0-Device-OUI-1.04
strip is /nix/store/psyzbhp4p088sb9qcs378hfbslcalasl-binutils-2.31.1/bin/strip
stripping (with command strip and flags -S) in /nix/store/k3gjss1qbf2mpfc1mmlz2m7p90h22lbj-perl5.32.0-Device-OUI-1.04/lib
patching script interpreter paths in /nix/store/k3gjss1qbf2mpfc1mmlz2m7p90h22lbj-perl5.32.0-Device-OUI-1.04
checking for references to /build/ in /nix/store/k3gjss1qbf2mpfc1mmlz2m7p90h22lbj-perl5.32.0-Device-OUI-1.04...
shrinking RPATHs of ELF executables and libraries in /nix/store/6qybzk9fmznb9z06nch9pxl60zmpjjyn-perl5.32.0-Device-OUI-1.04-devdoc
gzipping man pages under /nix/store/6qybzk9fmznb9z06nch9pxl60zmpjjyn-perl5.32.0-Device-OUI-1.04-devdoc/share/man/
strip is /nix/store/psyzbhp4p088sb9qcs378hfbslcalasl-binutils-2.31.1/bin/strip
patching script interpreter paths in /nix/store/6qybzk9fmznb9z06nch9pxl60zmpjjyn-perl5.32.0-Device-OUI-1.04-devdoc
checking for references to /build/ in /nix/store/6qybzk9fmznb9z06nch9pxl60zmpjjyn-perl5.32.0-Device-OUI-1.04-devdoc...
building '/nix/store/qfb9665dz3ijy3q9nfw3rymmcdfmwk6b-perl5.32.0-Device-MAC-1.00.drv'...
unpacking sources
unpacking source archive /nix/store/wf8vwfq7hx86r5lzxl45vxmfb1a4jrgc-Device-MAC-1.00.tar.gz
source root is Device-MAC-1.00
setting SOURCE_DATE_EPOCH to timestamp 1235594338 of file Device-MAC-1.00/inc/Module/Install/WriteAll.pm
patching sources
configuring
patching ./xt/author/pod-coverage.t...
patching ./xt/author/critic.t...
patching ./xt/author/pod.t...
patching ./t/Device-MAC.t...
patching ./t/00-load.t...
Cannot determine perl version info from lib/Device/MAC.pm
Checking if your kit is complete...
Looks good
Generating a Unix-style Makefile
Writing Makefile for Device::MAC
Writing MYMETA.yml and MYMETA.json
no configure script, doing nothing
building
build flags: SHELL=/nix/store/9fqwwd4iybmhjqyxiaxycknslw6bgwh1-bash-4.4-p23/bin/bash
cp lib/Device/MAC.pm blib/lib/Device/MAC.pm
Manifying 1 pod document
running tests
check flags: SHELL=/nix/store/9fqwwd4iybmhjqyxiaxycknslw6bgwh1-bash-4.4-p23/bin/bash VERBOSE=y test
"/nix/store/7c044di03qa7qgr5kjjc2d787aspzp0m-perl-5.32.0/bin/perl" "-Iinc" "-MModule::Install::ExtraTests" "-e" "Module::Install::ExtraTests::__harness('Test::Harness', 0, 'xt/author', '', '', 0, 'blib/lib', 'blib/arch')" t/*.t
t/00-load.t ..... ok
t/Device-MAC.t .. ok
All tests successful.
Files=2, Tests=24,  1 wallclock secs ( 0.04 usr  0.05 sys +  0.78 cusr  0.67 csys =  1.54 CPU)
Result: PASS
installing
install flags: SHELL=/nix/store/9fqwwd4iybmhjqyxiaxycknslw6bgwh1-bash-4.4-p23/bin/bash pkgconfigdir=/nix/store/98w8irav6bjch2ic247jamamksfg0x4k-perl5.32.0-Device-MAC-1.00/lib/pkgconfig m4datadir=/nix/store/98w8irav6bjch2ic247jamamksfg0x4k-perl5.32.0-Device-MAC-1.00/share/aclocal aclocaldir=/nix/store/98w8irav6bjch2ic247jamamksfg0x4k-perl5.32.0-Device-MAC-1.00/share/aclocal install
Manifying 1 pod document
Installing /nix/store/98w8irav6bjch2ic247jamamksfg0x4k-perl5.32.0-Device-MAC-1.00/lib/perl5/site_perl/5.32.0/Device/MAC.pm
Installing /nix/store/98w8irav6bjch2ic247jamamksfg0x4k-perl5.32.0-Device-MAC-1.00/share/man/man3/Device::MAC.3
Appending installation info to /nix/store/98w8irav6bjch2ic247jamamksfg0x4k-perl5.32.0-Device-MAC-1.00/lib/perl5/5.32.0/x86_64-linux-thread-multi/perllocal.pod
post-installation fixup
Moving /nix/store/98w8irav6bjch2ic247jamamksfg0x4k-perl5.32.0-Device-MAC-1.00/share/man/man3 to /nix/store/yrgw6km759p3siywh3nnb00pzbbk3mb9-perl5.32.0-Device-MAC-1.00-devdoc/share/man/man3
Removing empty /nix/store/98w8irav6bjch2ic247jamamksfg0x4k-perl5.32.0-Device-MAC-1.00/share/man/ and (possibly) its parents
shrinking RPATHs of ELF executables and libraries in /nix/store/98w8irav6bjch2ic247jamamksfg0x4k-perl5.32.0-Device-MAC-1.00
strip is /nix/store/psyzbhp4p088sb9qcs378hfbslcalasl-binutils-2.31.1/bin/strip
stripping (with command strip and flags -S) in /nix/store/98w8irav6bjch2ic247jamamksfg0x4k-perl5.32.0-Device-MAC-1.00/lib
patching script interpreter paths in /nix/store/98w8irav6bjch2ic247jamamksfg0x4k-perl5.32.0-Device-MAC-1.00
checking for references to /build/ in /nix/store/98w8irav6bjch2ic247jamamksfg0x4k-perl5.32.0-Device-MAC-1.00...
shrinking RPATHs of ELF executables and libraries in /nix/store/yrgw6km759p3siywh3nnb00pzbbk3mb9-perl5.32.0-Device-MAC-1.00-devdoc
gzipping man pages under /nix/store/yrgw6km759p3siywh3nnb00pzbbk3mb9-perl5.32.0-Device-MAC-1.00-devdoc/share/man/
strip is /nix/store/psyzbhp4p088sb9qcs378hfbslcalasl-binutils-2.31.1/bin/strip
patching script interpreter paths in /nix/store/yrgw6km759p3siywh3nnb00pzbbk3mb9-perl5.32.0-Device-MAC-1.00-devdoc
checking for references to /build/ in /nix/store/yrgw6km759p3siywh3nnb00pzbbk3mb9-perl5.32.0-Device-MAC-1.00-devdoc...
/nix/store/98w8irav6bjch2ic247jamamksfg0x4k-perl5.32.0-Device-MAC-1.00
