these derivations will be built:
  /nix/store/3kdn53ll920aj8gvci6y295zwc8a59r9-perl5.32.0-String-Truncate-1.100602.drv
  /nix/store/hwqx6x3h6393ldzgnfs7w3q6jqdczh3r-perl5.32.0-Pod-Eventual-0.094001.drv
  /nix/store/71kmnqjcak51g1kfbzh57r031k9q26lf-perl5.32.0-Pod-Elemental-0.103005.drv
  /nix/store/9npwfai19g7bmijcc8ls0apb7hx15b0j-perl5.32.0-Pod-Weaver-4.015.drv
  /nix/store/ij9pi8qrax2s6j0ym9w34ny7kwajmzfj-perl5.32.0-Pod-Elemental-PerlMunger-0.200006.drv
  /nix/store/8f5dv8hvw38ck4kbs82p7xhbrw9yx40a-perl5.32.0-Dist-Zilla-Plugin-PodWeaver-4.008.drv
these paths will be fetched (0.13 MiB download, 0.13 MiB unpacked):
  /nix/store/2f8kms2pqbvvrdxdcs3yixw93hymq9cg-String-Truncate-1.100602.tar.gz
  /nix/store/2iqg965c3i9dqzdzd9l5vws346z4ivgw-Pod-Elemental-PerlMunger-0.200006.tar.gz
  /nix/store/5ln2blpf7k6hcz96pnvnbwm9p0srfj5n-Pod-Elemental-0.103005.tar.gz
  /nix/store/rbbk2kn608fyp9z8wi0g327bhvd0x06w-Dist-Zilla-Plugin-PodWeaver-4.008.tar.gz
  /nix/store/zi6xzf3y2c2kfzbv4zw6sikjrfyb2scw-Pod-Weaver-4.015.tar.gz
copying path '/nix/store/rbbk2kn608fyp9z8wi0g327bhvd0x06w-Dist-Zilla-Plugin-PodWeaver-4.008.tar.gz' from 'https://cache.nixos.org'...
copying path '/nix/store/2iqg965c3i9dqzdzd9l5vws346z4ivgw-Pod-Elemental-PerlMunger-0.200006.tar.gz' from 'https://cache.nixos.org'...
copying path '/nix/store/zi6xzf3y2c2kfzbv4zw6sikjrfyb2scw-Pod-Weaver-4.015.tar.gz' from 'https://cache.nixos.org'...
copying path '/nix/store/5ln2blpf7k6hcz96pnvnbwm9p0srfj5n-Pod-Elemental-0.103005.tar.gz' from 'https://cache.nixos.org'...
copying path '/nix/store/2f8kms2pqbvvrdxdcs3yixw93hymq9cg-String-Truncate-1.100602.tar.gz' from 'https://cache.nixos.org'...
building '/nix/store/hwqx6x3h6393ldzgnfs7w3q6jqdczh3r-perl5.32.0-Pod-Eventual-0.094001.drv'...
unpacking sources
unpacking source archive /nix/store/4b51r38pa6s562iyx1bs4nv4d5z1g0b6-Pod-Eventual-0.094001.tar.gz
source root is Pod-Eventual-0.094001
setting SOURCE_DATE_EPOCH to timestamp 1383707395 of file Pod-Eventual-0.094001/xt/release/pod-syntax.t
patching sources
configuring
patching ./xt/release/pod-syntax.t...
patching ./xt/release/changes_has_content.t...
patching ./eg/dump.pl...
patching ./eg/non-pod.pl...
building '/nix/store/3kdn53ll920aj8gvci6y295zwc8a59r9-perl5.32.0-String-Truncate-1.100602.drv'...
Checking if your kit is complete...
Looks good
unpacking sources
unpacking source archive /nix/store/2f8kms2pqbvvrdxdcs3yixw93hymq9cg-String-Truncate-1.100602.tar.gz
source root is String-Truncate-1.100602
setting SOURCE_DATE_EPOCH to timestamp 1394900505 of file String-Truncate-1.100602/xt/release/pod-syntax.t
patching sources
configuring
patching ./xt/release/pod-syntax.t...
patching ./xt/release/changes_has_content.t...
patching ./t/exports.t...
Generating a Unix-style Makefile
Writing Makefile for Pod::Eventual
Writing MYMETA.yml and MYMETA.json
no configure script, doing nothing
building
build flags: SHELL=/nix/store/9fqwwd4iybmhjqyxiaxycknslw6bgwh1-bash-4.4-p23/bin/bash
Checking if your kit is complete...
Looks good
Generating a Unix-style Makefile
Writing Makefile for String::Truncate
Writing MYMETA.yml and MYMETA.json
no configure script, doing nothing
building
build flags: SHELL=/nix/store/9fqwwd4iybmhjqyxiaxycknslw6bgwh1-bash-4.4-p23/bin/bash
cp lib/Pod/Eventual.pm blib/lib/Pod/Eventual.pm
cp lib/Pod/Eventual/Simple.pm blib/lib/Pod/Eventual/Simple.pm
Manifying 2 pod documents
running tests
check flags: SHELL=/nix/store/9fqwwd4iybmhjqyxiaxycknslw6bgwh1-bash-4.4-p23/bin/bash VERBOSE=y test
PERL_DL_NONLAZY=1 "/nix/store/7c044di03qa7qgr5kjjc2d787aspzp0m-perl-5.32.0/bin/perl" "-MExtUtils::Command::MM" "-MTest::Harness" "-e" "undef *Test::Harness::Switches; test_harness(0, 'blib/lib', 'blib/arch')" t/*.t
cp lib/String/Truncate.pm blib/lib/String/Truncate.pm
Manifying 1 pod document
running tests
check flags: SHELL=/nix/store/9fqwwd4iybmhjqyxiaxycknslw6bgwh1-bash-4.4-p23/bin/bash VERBOSE=y test
PERL_DL_NONLAZY=1 "/nix/store/7c044di03qa7qgr5kjjc2d787aspzp0m-perl-5.32.0/bin/perl" "-MExtUtils::Command::MM" "-MTest::Harness" "-e" "undef *Test::Harness::Switches; test_harness(0, 'blib/lib', 'blib/arch')" t/*.t
t/000-report-versions-tiny.t .. #
#
# Generated by Dist::Zilla::Plugin::ReportVersions::Tiny v1.10
# perl: 5.032000 (wanted any version) on linux from /nix/store/7c044di03qa7qgr5kjjc2d787aspzp0m-perl-5.32.0/bin/perl
#
# Carp                                          => 1.50       (want any version)
# ExtUtils::MakeMaker                           => 7.44       (want 6.30)
# Mixin::Linewise::Readers                      => 0.108      (want 0.102)
# Test::Deep                                    => 1.130      (want any version)
# Test::More                                    => 1.302175   (want 0.96)
# strict                                        => 1.11       (want any version)
# warnings                                      => 1.47       (want any version)
#
# Thanks for using my code.  I hope it works for you.
# If not, please try and include this output in the bug report.
# That will help me reproduce the issue and solve your problem.
#
t/000-report-versions-tiny.t .. ok
t/000-report-versions-tiny.t .. #
t/basic.t ..................... ok
#
# Generated by Dist::Zilla::Plugin::ReportVersions::Tiny v1.10
# perl: 5.032000 (wanted any version) on linux from /nix/store/7c044di03qa7qgr5kjjc2d787aspzp0m-perl-5.32.0/bin/perl
#
# Carp                                          => 1.50       (want any version)
# ExtUtils::MakeMaker                           => 7.44       (want 6.30)
# Sub::Exporter                                 => 0.987      (want 0.953)
# Sub::Exporter::Util                           => 0.987      (want any version)
# Sub::Install                                  => 0.928      (want 0.03)
# Test::More                                    => 1.302175   (want 0.96)
# strict                                        => 1.11       (want any version)
# warnings                                      => 1.47       (want any version)
#
# Thanks for using my code.  I hope it works for you.
# If not, please try and include this output in the bug report.
# That will help me reproduce the issue and solve your problem.
#
t/000-report-versions-tiny.t .. ok
t/blanks.t .................... ok
t/basic.t ..................... ok
t/ends.t ...................... ok
t/non-pod.t ................... ok
t/exports.t ................... ok
All tests successful.
Files=4, Tests=65,  1 wallclock secs ( 0.03 usr  0.01 sys +  0.33 cusr  0.08 csys =  0.45 CPU)
Result: PASS
installing
install flags: SHELL=/nix/store/9fqwwd4iybmhjqyxiaxycknslw6bgwh1-bash-4.4-p23/bin/bash pkgconfigdir=/nix/store/06virah1iawi12frxyk5mydbxqsw6k32-perl5.32.0-String-Truncate-1.100602/lib/pkgconfig m4datadir=/nix/store/06virah1iawi12frxyk5mydbxqsw6k32-perl5.32.0-String-Truncate-1.100602/share/aclocal aclocaldir=/nix/store/06virah1iawi12frxyk5mydbxqsw6k32-perl5.32.0-String-Truncate-1.100602/share/aclocal install
t/nonempty.t .................. ok
All tests successful.
Files=5, Tests=5,  1 wallclock secs ( 0.02 usr  0.01 sys +  0.42 cusr  0.16 csys =  0.61 CPU)
Result: PASS
installing
install flags: SHELL=/nix/store/9fqwwd4iybmhjqyxiaxycknslw6bgwh1-bash-4.4-p23/bin/bash pkgconfigdir=/nix/store/lh55iygswi4khb9qrswhnjwvk4vihaps-perl5.32.0-Pod-Eventual-0.094001/lib/pkgconfig m4datadir=/nix/store/lh55iygswi4khb9qrswhnjwvk4vihaps-perl5.32.0-Pod-Eventual-0.094001/share/aclocal aclocaldir=/nix/store/lh55iygswi4khb9qrswhnjwvk4vihaps-perl5.32.0-Pod-Eventual-0.094001/share/aclocal install
Manifying 1 pod document
Manifying 2 pod documents
Installing /nix/store/06virah1iawi12frxyk5mydbxqsw6k32-perl5.32.0-String-Truncate-1.100602/lib/perl5/site_perl/5.32.0/String/Truncate.pm
Installing /nix/store/06virah1iawi12frxyk5mydbxqsw6k32-perl5.32.0-String-Truncate-1.100602/share/man/man3/String::Truncate.3
Appending installation info to /nix/store/06virah1iawi12frxyk5mydbxqsw6k32-perl5.32.0-String-Truncate-1.100602/lib/perl5/5.32.0/x86_64-linux-thread-multi/perllocal.pod
Installing /nix/store/lh55iygswi4khb9qrswhnjwvk4vihaps-perl5.32.0-Pod-Eventual-0.094001/lib/perl5/site_perl/5.32.0/Pod/Eventual.pm
Installing /nix/store/lh55iygswi4khb9qrswhnjwvk4vihaps-perl5.32.0-Pod-Eventual-0.094001/lib/perl5/site_perl/5.32.0/Pod/Eventual/Simple.pm
Installing /nix/store/lh55iygswi4khb9qrswhnjwvk4vihaps-perl5.32.0-Pod-Eventual-0.094001/share/man/man3/Pod::Eventual::Simple.3
Installing /nix/store/lh55iygswi4khb9qrswhnjwvk4vihaps-perl5.32.0-Pod-Eventual-0.094001/share/man/man3/Pod::Eventual.3
post-installation fixup
Moving /nix/store/06virah1iawi12frxyk5mydbxqsw6k32-perl5.32.0-String-Truncate-1.100602/share/man/man3 to /nix/store/m2kk9432xb8b0a4q0h7clvldnc11rmjk-perl5.32.0-String-Truncate-1.100602-devdoc/share/man/man3
Appending installation info to /nix/store/lh55iygswi4khb9qrswhnjwvk4vihaps-perl5.32.0-Pod-Eventual-0.094001/lib/perl5/5.32.0/x86_64-linux-thread-multi/perllocal.pod
Removing empty /nix/store/06virah1iawi12frxyk5mydbxqsw6k32-perl5.32.0-String-Truncate-1.100602/share/man/ and (possibly) its parents
shrinking RPATHs of ELF executables and libraries in /nix/store/06virah1iawi12frxyk5mydbxqsw6k32-perl5.32.0-String-Truncate-1.100602
strip is /nix/store/psyzbhp4p088sb9qcs378hfbslcalasl-binutils-2.31.1/bin/strip
stripping (with command strip and flags -S) in /nix/store/06virah1iawi12frxyk5mydbxqsw6k32-perl5.32.0-String-Truncate-1.100602/lib
patching script interpreter paths in /nix/store/06virah1iawi12frxyk5mydbxqsw6k32-perl5.32.0-String-Truncate-1.100602
checking for references to /build/ in /nix/store/06virah1iawi12frxyk5mydbxqsw6k32-perl5.32.0-String-Truncate-1.100602...
shrinking RPATHs of ELF executables and libraries in /nix/store/m2kk9432xb8b0a4q0h7clvldnc11rmjk-perl5.32.0-String-Truncate-1.100602-devdoc
gzipping man pages under /nix/store/m2kk9432xb8b0a4q0h7clvldnc11rmjk-perl5.32.0-String-Truncate-1.100602-devdoc/share/man/
strip is /nix/store/psyzbhp4p088sb9qcs378hfbslcalasl-binutils-2.31.1/bin/strip
patching script interpreter paths in /nix/store/m2kk9432xb8b0a4q0h7clvldnc11rmjk-perl5.32.0-String-Truncate-1.100602-devdoc
checking for references to /build/ in /nix/store/m2kk9432xb8b0a4q0h7clvldnc11rmjk-perl5.32.0-String-Truncate-1.100602-devdoc...
post-installation fixup
Moving /nix/store/lh55iygswi4khb9qrswhnjwvk4vihaps-perl5.32.0-Pod-Eventual-0.094001/share/man/man3 to /nix/store/884cf11lcmmm5h4mfa0m27af52jai8i7-perl5.32.0-Pod-Eventual-0.094001-devdoc/share/man/man3
Removing empty /nix/store/lh55iygswi4khb9qrswhnjwvk4vihaps-perl5.32.0-Pod-Eventual-0.094001/share/man/ and (possibly) its parents
shrinking RPATHs of ELF executables and libraries in /nix/store/lh55iygswi4khb9qrswhnjwvk4vihaps-perl5.32.0-Pod-Eventual-0.094001
strip is /nix/store/psyzbhp4p088sb9qcs378hfbslcalasl-binutils-2.31.1/bin/strip
stripping (with command strip and flags -S) in /nix/store/lh55iygswi4khb9qrswhnjwvk4vihaps-perl5.32.0-Pod-Eventual-0.094001/lib
patching script interpreter paths in /nix/store/lh55iygswi4khb9qrswhnjwvk4vihaps-perl5.32.0-Pod-Eventual-0.094001
checking for references to /build/ in /nix/store/lh55iygswi4khb9qrswhnjwvk4vihaps-perl5.32.0-Pod-Eventual-0.094001...
shrinking RPATHs of ELF executables and libraries in /nix/store/884cf11lcmmm5h4mfa0m27af52jai8i7-perl5.32.0-Pod-Eventual-0.094001-devdoc
gzipping man pages under /nix/store/884cf11lcmmm5h4mfa0m27af52jai8i7-perl5.32.0-Pod-Eventual-0.094001-devdoc/share/man/
strip is /nix/store/psyzbhp4p088sb9qcs378hfbslcalasl-binutils-2.31.1/bin/strip
patching script interpreter paths in /nix/store/884cf11lcmmm5h4mfa0m27af52jai8i7-perl5.32.0-Pod-Eventual-0.094001-devdoc
checking for references to /build/ in /nix/store/884cf11lcmmm5h4mfa0m27af52jai8i7-perl5.32.0-Pod-Eventual-0.094001-devdoc...
building '/nix/store/71kmnqjcak51g1kfbzh57r031k9q26lf-perl5.32.0-Pod-Elemental-0.103005.drv'...
unpacking sources
unpacking source archive /nix/store/5ln2blpf7k6hcz96pnvnbwm9p0srfj5n-Pod-Elemental-0.103005.tar.gz
source root is Pod-Elemental-0.103005
setting SOURCE_DATE_EPOCH to timestamp 1579985609 of file Pod-Elemental-0.103005/xt/release/changes_has_content.t
patching sources
configuring
patching ./xt/author/pod-syntax.t...
patching ./t/00-report-prereqs.t...
patching ./t/from-lol.t...
patching ./t/nester.t...
patching ./t/gather.t...
patching ./t/pod5/region.t...
patching ./t/pod5/for-begin.t...
patching ./t/pod5/data-blanks.t...
patching ./t/pod5/text-type.t...
patching ./t/pod5/nested-same.t...
patching ./t/pod5/combine.t...
patching ./t/pod5/nonpod.t...
patching ./t/pod5/cut.t...
patching ./t/elem/nested.t...
patching ./eg/demo-pod...
patching ./eg/pod-debug...
Checking if your kit is complete...
Looks good
Generating a Unix-style Makefile
Writing Makefile for Pod::Elemental
Writing MYMETA.yml and MYMETA.json
no configure script, doing nothing
building
build flags: SHELL=/nix/store/9fqwwd4iybmhjqyxiaxycknslw6bgwh1-bash-4.4-p23/bin/bash
cp lib/Pod/Elemental/Command.pm blib/lib/Pod/Elemental/Command.pm
cp lib/Pod/Elemental/Transformer/Pod5.pm blib/lib/Pod/Elemental/Transformer/Pod5.pm
cp lib/Pod/Elemental/Autoblank.pm blib/lib/Pod/Elemental/Autoblank.pm
cp lib/Pod/Elemental/Element/Generic/Text.pm blib/lib/Pod/Elemental/Element/Generic/Text.pm
cp lib/Pod/Elemental/Element/Generic/Command.pm blib/lib/Pod/Elemental/Element/Generic/Command.pm
cp lib/Pod/Elemental/Node.pm blib/lib/Pod/Elemental/Node.pm
cp lib/Pod/Elemental/Element/Generic/Blank.pm blib/lib/Pod/Elemental/Element/Generic/Blank.pm
cp lib/Pod/Elemental/Element/Pod5/Nonpod.pm blib/lib/Pod/Elemental/Element/Pod5/Nonpod.pm
cp lib/Pod/Elemental/Selectors.pm blib/lib/Pod/Elemental/Selectors.pm
cp lib/Pod/Elemental/Element/Generic/Nonpod.pm blib/lib/Pod/Elemental/Element/Generic/Nonpod.pm
cp lib/Pod/Elemental/Transformer/Nester.pm blib/lib/Pod/Elemental/Transformer/Nester.pm
cp lib/Pod/Elemental/Document.pm blib/lib/Pod/Elemental/Document.pm
cp lib/Pod/Elemental/Objectifier.pm blib/lib/Pod/Elemental/Objectifier.pm
cp lib/Pod/Elemental/Autochomp.pm blib/lib/Pod/Elemental/Autochomp.pm
cp lib/Pod/Elemental/Element/Pod5/Verbatim.pm blib/lib/Pod/Elemental/Element/Pod5/Verbatim.pm
cp lib/Pod/Elemental/Types.pm blib/lib/Pod/Elemental/Types.pm
cp lib/Pod/Elemental.pm blib/lib/Pod/Elemental.pm
cp lib/Pod/Elemental/Element/Pod5/Command.pm blib/lib/Pod/Elemental/Element/Pod5/Command.pm
cp lib/Pod/Elemental/Element/Pod5/Region.pm blib/lib/Pod/Elemental/Element/Pod5/Region.pm
cp lib/Pod/Elemental/Flat.pm blib/lib/Pod/Elemental/Flat.pm
cp lib/Pod/Elemental/Element/Pod5/Data.pm blib/lib/Pod/Elemental/Element/Pod5/Data.pm
cp lib/Pod/Elemental/Element/Pod5/Ordinary.pm blib/lib/Pod/Elemental/Element/Pod5/Ordinary.pm
cp lib/Pod/Elemental/Paragraph.pm blib/lib/Pod/Elemental/Paragraph.pm
cp lib/Pod/Elemental/Transformer/Gatherer.pm blib/lib/Pod/Elemental/Transformer/Gatherer.pm
cp lib/Pod/Elemental/Element/Nested.pm blib/lib/Pod/Elemental/Element/Nested.pm
cp lib/Pod/Elemental/Transformer.pm blib/lib/Pod/Elemental/Transformer.pm
Manifying 26 pod documents
running tests
check flags: SHELL=/nix/store/9fqwwd4iybmhjqyxiaxycknslw6bgwh1-bash-4.4-p23/bin/bash VERBOSE=y test
PERL_DL_NONLAZY=1 "/nix/store/7c044di03qa7qgr5kjjc2d787aspzp0m-perl-5.32.0/bin/perl" "-MExtUtils::Command::MM" "-MTest::Harness" "-e" "undef *Test::Harness::Switches; test_harness(0, 'blib/lib', 'blib/arch')" t/*.t t/elem/*.t t/pod5/*.t
t/00-report-prereqs.t .. #
# Versions for all modules listed in MYMETA.json (including optional ones):
#
# === Configure Requires ===
#
#     Module              Want Have
#     ------------------- ---- ----
#     ExtUtils::MakeMaker  any 7.44
#
# === Build Requires ===
#
#     Module              Want Have
#     ------------------- ---- ----
#     ExtUtils::MakeMaker  any 7.44
#
# === Test Requires ===
#
#     Module              Want     Have
#     ------------------- ---- --------
#     Data::Dumper         any    2.174
#     ExtUtils::MakeMaker  any     7.44
#     File::Spec           any     3.78
#     Test::Deep           any    1.130
#     Test::Differences    any     0.67
#     Test::More          0.96 1.302175
#
# === Test Recommends ===
#
#     Module         Want     Have
#     ---------- -------- --------
#     CPAN::Meta 2.120900 2.150010
#
# === Runtime Requires ===
#
#     Module                     Want     Have
#     ------------------------- ----- --------
#     Class::Load                 any     0.25
#     Encode                      any     3.06
#     List::Util                 1.33     1.55
#     Mixin::Linewise::Readers    any    0.108
#     Moose                       any   2.2012
#     Moose::Role                0.90   2.2012
#     MooseX::Types               any     0.50
#     MooseX::Types::Moose        any     0.50
#     Pod::Eventual::Simple     0.004 0.094001
#     String::RewritePrefix       any    0.008
#     String::Truncate            any 1.100602
#     Sub::Exporter               any    0.987
#     Sub::Exporter::ForMethods   any 0.100052
#     namespace::autoclean        any     0.29
#     strict                      any     1.11
#     utf8                        any     1.22
#     warnings                    any     1.47
#
t/00-report-prereqs.t .. ok
t/elem/nested.t ........ ok
t/elemental.t .......... ok
t/from-lol.t ........... ok
t/gather.t ............. ok
t/nester.t ............. ok
t/objectifier.t ........ ok
t/pod5/combine.t ....... ok
t/pod5/cut.t ........... ok
t/pod5/data-blanks.t ... ok
t/pod5/for-begin.t ..... ok
t/pod5/nested-same.t ... ok
t/pod5/nonpod.t ........ ok
t/pod5/region.t ........ ok
t/pod5/text-type.t ..... ok
t/selectors.t .......... ok
t/types.t .............. ok
All tests successful.
Files=17, Tests=104, 11 wallclock secs ( 0.11 usr  0.04 sys +  6.67 cusr  4.31 csys = 11.13 CPU)
Result: PASS
installing
install flags: SHELL=/nix/store/9fqwwd4iybmhjqyxiaxycknslw6bgwh1-bash-4.4-p23/bin/bash pkgconfigdir=/nix/store/5752cvwycjyp95s9fcb7dh9gr80pzhkg-perl5.32.0-Pod-Elemental-0.103005/lib/pkgconfig m4datadir=/nix/store/5752cvwycjyp95s9fcb7dh9gr80pzhkg-perl5.32.0-Pod-Elemental-0.103005/share/aclocal aclocaldir=/nix/store/5752cvwycjyp95s9fcb7dh9gr80pzhkg-perl5.32.0-Pod-Elemental-0.103005/share/aclocal install
Manifying 26 pod documents
Installing /nix/store/5752cvwycjyp95s9fcb7dh9gr80pzhkg-perl5.32.0-Pod-Elemental-0.103005/lib/perl5/site_perl/5.32.0/Pod/Elemental.pm
Installing /nix/store/5752cvwycjyp95s9fcb7dh9gr80pzhkg-perl5.32.0-Pod-Elemental-0.103005/lib/perl5/site_perl/5.32.0/Pod/Elemental/Types.pm
Installing /nix/store/5752cvwycjyp95s9fcb7dh9gr80pzhkg-perl5.32.0-Pod-Elemental-0.103005/lib/perl5/site_perl/5.32.0/Pod/Elemental/Selectors.pm
Installing /nix/store/5752cvwycjyp95s9fcb7dh9gr80pzhkg-perl5.32.0-Pod-Elemental-0.103005/lib/perl5/site_perl/5.32.0/Pod/Elemental/Command.pm
Installing /nix/store/5752cvwycjyp95s9fcb7dh9gr80pzhkg-perl5.32.0-Pod-Elemental-0.103005/lib/perl5/site_perl/5.32.0/Pod/Elemental/Flat.pm
Installing /nix/store/5752cvwycjyp95s9fcb7dh9gr80pzhkg-perl5.32.0-Pod-Elemental-0.103005/lib/perl5/site_perl/5.32.0/Pod/Elemental/Autoblank.pm
Installing /nix/store/5752cvwycjyp95s9fcb7dh9gr80pzhkg-perl5.32.0-Pod-Elemental-0.103005/lib/perl5/site_perl/5.32.0/Pod/Elemental/Transformer.pm
Installing /nix/store/5752cvwycjyp95s9fcb7dh9gr80pzhkg-perl5.32.0-Pod-Elemental-0.103005/lib/perl5/site_perl/5.32.0/Pod/Elemental/Document.pm
Installing /nix/store/5752cvwycjyp95s9fcb7dh9gr80pzhkg-perl5.32.0-Pod-Elemental-0.103005/lib/perl5/site_perl/5.32.0/Pod/Elemental/Paragraph.pm
Installing /nix/store/5752cvwycjyp95s9fcb7dh9gr80pzhkg-perl5.32.0-Pod-Elemental-0.103005/lib/perl5/site_perl/5.32.0/Pod/Elemental/Node.pm
Installing /nix/store/5752cvwycjyp95s9fcb7dh9gr80pzhkg-perl5.32.0-Pod-Elemental-0.103005/lib/perl5/site_perl/5.32.0/Pod/Elemental/Objectifier.pm
Installing /nix/store/5752cvwycjyp95s9fcb7dh9gr80pzhkg-perl5.32.0-Pod-Elemental-0.103005/lib/perl5/site_perl/5.32.0/Pod/Elemental/Autochomp.pm
Installing /nix/store/5752cvwycjyp95s9fcb7dh9gr80pzhkg-perl5.32.0-Pod-Elemental-0.103005/lib/perl5/site_perl/5.32.0/Pod/Elemental/Transformer/Pod5.pm
Installing /nix/store/5752cvwycjyp95s9fcb7dh9gr80pzhkg-perl5.32.0-Pod-Elemental-0.103005/lib/perl5/site_perl/5.32.0/Pod/Elemental/Transformer/Gatherer.pm
Installing /nix/store/5752cvwycjyp95s9fcb7dh9gr80pzhkg-perl5.32.0-Pod-Elemental-0.103005/lib/perl5/site_perl/5.32.0/Pod/Elemental/Transformer/Nester.pm
Installing /nix/store/5752cvwycjyp95s9fcb7dh9gr80pzhkg-perl5.32.0-Pod-Elemental-0.103005/lib/perl5/site_perl/5.32.0/Pod/Elemental/Element/Nested.pm
Installing /nix/store/5752cvwycjyp95s9fcb7dh9gr80pzhkg-perl5.32.0-Pod-Elemental-0.103005/lib/perl5/site_perl/5.32.0/Pod/Elemental/Element/Generic/Blank.pm
Installing /nix/store/5752cvwycjyp95s9fcb7dh9gr80pzhkg-perl5.32.0-Pod-Elemental-0.103005/lib/perl5/site_perl/5.32.0/Pod/Elemental/Element/Generic/Command.pm
Installing /nix/store/5752cvwycjyp95s9fcb7dh9gr80pzhkg-perl5.32.0-Pod-Elemental-0.103005/lib/perl5/site_perl/5.32.0/Pod/Elemental/Element/Generic/Nonpod.pm
Installing /nix/store/5752cvwycjyp95s9fcb7dh9gr80pzhkg-perl5.32.0-Pod-Elemental-0.103005/lib/perl5/site_perl/5.32.0/Pod/Elemental/Element/Generic/Text.pm
Installing /nix/store/5752cvwycjyp95s9fcb7dh9gr80pzhkg-perl5.32.0-Pod-Elemental-0.103005/lib/perl5/site_perl/5.32.0/Pod/Elemental/Element/Pod5/Region.pm
Installing /nix/store/5752cvwycjyp95s9fcb7dh9gr80pzhkg-perl5.32.0-Pod-Elemental-0.103005/lib/perl5/site_perl/5.32.0/Pod/Elemental/Element/Pod5/Command.pm
Installing /nix/store/5752cvwycjyp95s9fcb7dh9gr80pzhkg-perl5.32.0-Pod-Elemental-0.103005/lib/perl5/site_perl/5.32.0/Pod/Elemental/Element/Pod5/Verbatim.pm
Installing /nix/store/5752cvwycjyp95s9fcb7dh9gr80pzhkg-perl5.32.0-Pod-Elemental-0.103005/lib/perl5/site_perl/5.32.0/Pod/Elemental/Element/Pod5/Ordinary.pm
Installing /nix/store/5752cvwycjyp95s9fcb7dh9gr80pzhkg-perl5.32.0-Pod-Elemental-0.103005/lib/perl5/site_perl/5.32.0/Pod/Elemental/Element/Pod5/Data.pm
Installing /nix/store/5752cvwycjyp95s9fcb7dh9gr80pzhkg-perl5.32.0-Pod-Elemental-0.103005/lib/perl5/site_perl/5.32.0/Pod/Elemental/Element/Pod5/Nonpod.pm
Installing /nix/store/5752cvwycjyp95s9fcb7dh9gr80pzhkg-perl5.32.0-Pod-Elemental-0.103005/share/man/man3/Pod::Elemental::Element::Generic::Command.3
Installing /nix/store/5752cvwycjyp95s9fcb7dh9gr80pzhkg-perl5.32.0-Pod-Elemental-0.103005/share/man/man3/Pod::Elemental.3
Installing /nix/store/5752cvwycjyp95s9fcb7dh9gr80pzhkg-perl5.32.0-Pod-Elemental-0.103005/share/man/man3/Pod::Elemental::Command.3
Installing /nix/store/5752cvwycjyp95s9fcb7dh9gr80pzhkg-perl5.32.0-Pod-Elemental-0.103005/share/man/man3/Pod::Elemental::Transformer::Pod5.3
Installing /nix/store/5752cvwycjyp95s9fcb7dh9gr80pzhkg-perl5.32.0-Pod-Elemental-0.103005/share/man/man3/Pod::Elemental::Transformer::Nester.3
Installing /nix/store/5752cvwycjyp95s9fcb7dh9gr80pzhkg-perl5.32.0-Pod-Elemental-0.103005/share/man/man3/Pod::Elemental::Element::Pod5::Verbatim.3
Installing /nix/store/5752cvwycjyp95s9fcb7dh9gr80pzhkg-perl5.32.0-Pod-Elemental-0.103005/share/man/man3/Pod::Elemental::Element::Pod5::Region.3
Installing /nix/store/5752cvwycjyp95s9fcb7dh9gr80pzhkg-perl5.32.0-Pod-Elemental-0.103005/share/man/man3/Pod::Elemental::Node.3
Installing /nix/store/5752cvwycjyp95s9fcb7dh9gr80pzhkg-perl5.32.0-Pod-Elemental-0.103005/share/man/man3/Pod::Elemental::Element::Generic::Blank.3
Installing /nix/store/5752cvwycjyp95s9fcb7dh9gr80pzhkg-perl5.32.0-Pod-Elemental-0.103005/share/man/man3/Pod::Elemental::Paragraph.3
Installing /nix/store/5752cvwycjyp95s9fcb7dh9gr80pzhkg-perl5.32.0-Pod-Elemental-0.103005/share/man/man3/Pod::Elemental::Autochomp.3
Installing /nix/store/5752cvwycjyp95s9fcb7dh9gr80pzhkg-perl5.32.0-Pod-Elemental-0.103005/share/man/man3/Pod::Elemental::Element::Pod5::Nonpod.3
Installing /nix/store/5752cvwycjyp95s9fcb7dh9gr80pzhkg-perl5.32.0-Pod-Elemental-0.103005/share/man/man3/Pod::Elemental::Types.3
Installing /nix/store/5752cvwycjyp95s9fcb7dh9gr80pzhkg-perl5.32.0-Pod-Elemental-0.103005/share/man/man3/Pod::Elemental::Transformer.3
Installing /nix/store/5752cvwycjyp95s9fcb7dh9gr80pzhkg-perl5.32.0-Pod-Elemental-0.103005/share/man/man3/Pod::Elemental::Element::Generic::Text.3
Installing /nix/store/5752cvwycjyp95s9fcb7dh9gr80pzhkg-perl5.32.0-Pod-Elemental-0.103005/share/man/man3/Pod::Elemental::Selectors.3
Installing /nix/store/5752cvwycjyp95s9fcb7dh9gr80pzhkg-perl5.32.0-Pod-Elemental-0.103005/share/man/man3/Pod::Elemental::Element::Nested.3
Installing /nix/store/5752cvwycjyp95s9fcb7dh9gr80pzhkg-perl5.32.0-Pod-Elemental-0.103005/share/man/man3/Pod::Elemental::Document.3
Installing /nix/store/5752cvwycjyp95s9fcb7dh9gr80pzhkg-perl5.32.0-Pod-Elemental-0.103005/share/man/man3/Pod::Elemental::Element::Pod5::Data.3
Installing /nix/store/5752cvwycjyp95s9fcb7dh9gr80pzhkg-perl5.32.0-Pod-Elemental-0.103005/share/man/man3/Pod::Elemental::Objectifier.3
Installing /nix/store/5752cvwycjyp95s9fcb7dh9gr80pzhkg-perl5.32.0-Pod-Elemental-0.103005/share/man/man3/Pod::Elemental::Transformer::Gatherer.3
Installing /nix/store/5752cvwycjyp95s9fcb7dh9gr80pzhkg-perl5.32.0-Pod-Elemental-0.103005/share/man/man3/Pod::Elemental::Element::Pod5::Command.3
Installing /nix/store/5752cvwycjyp95s9fcb7dh9gr80pzhkg-perl5.32.0-Pod-Elemental-0.103005/share/man/man3/Pod::Elemental::Autoblank.3
Installing /nix/store/5752cvwycjyp95s9fcb7dh9gr80pzhkg-perl5.32.0-Pod-Elemental-0.103005/share/man/man3/Pod::Elemental::Element::Pod5::Ordinary.3
Installing /nix/store/5752cvwycjyp95s9fcb7dh9gr80pzhkg-perl5.32.0-Pod-Elemental-0.103005/share/man/man3/Pod::Elemental::Flat.3
Installing /nix/store/5752cvwycjyp95s9fcb7dh9gr80pzhkg-perl5.32.0-Pod-Elemental-0.103005/share/man/man3/Pod::Elemental::Element::Generic::Nonpod.3
Appending installation info to /nix/store/5752cvwycjyp95s9fcb7dh9gr80pzhkg-perl5.32.0-Pod-Elemental-0.103005/lib/perl5/5.32.0/x86_64-linux-thread-multi/perllocal.pod
post-installation fixup
Moving /nix/store/5752cvwycjyp95s9fcb7dh9gr80pzhkg-perl5.32.0-Pod-Elemental-0.103005/share/man/man3 to /nix/store/aak0xf4n9pnqsr2j100jaqcq22lzr5vk-perl5.32.0-Pod-Elemental-0.103005-devdoc/share/man/man3
Removing empty /nix/store/5752cvwycjyp95s9fcb7dh9gr80pzhkg-perl5.32.0-Pod-Elemental-0.103005/share/man/ and (possibly) its parents
shrinking RPATHs of ELF executables and libraries in /nix/store/5752cvwycjyp95s9fcb7dh9gr80pzhkg-perl5.32.0-Pod-Elemental-0.103005
strip is /nix/store/psyzbhp4p088sb9qcs378hfbslcalasl-binutils-2.31.1/bin/strip
stripping (with command strip and flags -S) in /nix/store/5752cvwycjyp95s9fcb7dh9gr80pzhkg-perl5.32.0-Pod-Elemental-0.103005/lib
patching script interpreter paths in /nix/store/5752cvwycjyp95s9fcb7dh9gr80pzhkg-perl5.32.0-Pod-Elemental-0.103005
checking for references to /build/ in /nix/store/5752cvwycjyp95s9fcb7dh9gr80pzhkg-perl5.32.0-Pod-Elemental-0.103005...
shrinking RPATHs of ELF executables and libraries in /nix/store/aak0xf4n9pnqsr2j100jaqcq22lzr5vk-perl5.32.0-Pod-Elemental-0.103005-devdoc
gzipping man pages under /nix/store/aak0xf4n9pnqsr2j100jaqcq22lzr5vk-perl5.32.0-Pod-Elemental-0.103005-devdoc/share/man/
strip is /nix/store/psyzbhp4p088sb9qcs378hfbslcalasl-binutils-2.31.1/bin/strip
patching script interpreter paths in /nix/store/aak0xf4n9pnqsr2j100jaqcq22lzr5vk-perl5.32.0-Pod-Elemental-0.103005-devdoc
checking for references to /build/ in /nix/store/aak0xf4n9pnqsr2j100jaqcq22lzr5vk-perl5.32.0-Pod-Elemental-0.103005-devdoc...
building '/nix/store/ij9pi8qrax2s6j0ym9w34ny7kwajmzfj-perl5.32.0-Pod-Elemental-PerlMunger-0.200006.drv'...
building '/nix/store/9npwfai19g7bmijcc8ls0apb7hx15b0j-perl5.32.0-Pod-Weaver-4.015.drv'...
unpacking sources
unpacking source archive /nix/store/2iqg965c3i9dqzdzd9l5vws346z4ivgw-Pod-Elemental-PerlMunger-0.200006.tar.gz
source root is Pod-Elemental-PerlMunger-0.200006
setting SOURCE_DATE_EPOCH to timestamp 1461522163 of file Pod-Elemental-PerlMunger-0.200006/xt/release/changes_has_content.t
patching sources
configuring
patching ./xt/release/changes_has_content.t...
patching ./xt/author/pod-syntax.t...
patching ./t/00-report-prereqs.t...
Checking if your kit is complete...
Looks good
unpacking sources
unpacking source archive /nix/store/zi6xzf3y2c2kfzbv4zw6sikjrfyb2scw-Pod-Weaver-4.015.tar.gz
source root is Pod-Weaver-4.015
setting SOURCE_DATE_EPOCH to timestamp 1476492498 of file Pod-Weaver-4.015/xt/release/changes_has_content.t
patching sources
configuring
Generating a Unix-style Makefile
Writing Makefile for Pod::Elemental::PerlMunger
patching ./xt/release/changes_has_content.t...
patching ./xt/author/pod-syntax.t...
patching ./t/00-report-prereqs.t...
Writing MYMETA.yml and MYMETA.json
no configure script, doing nothing
building
build flags: SHELL=/nix/store/9fqwwd4iybmhjqyxiaxycknslw6bgwh1-bash-4.4-p23/bin/bash
Checking if your kit is complete...
Looks good
cp lib/Pod/Elemental/PerlMunger.pm blib/lib/Pod/Elemental/PerlMunger.pm
Generating a Unix-style Makefile
Writing Makefile for Pod::Weaver
Writing MYMETA.yml and MYMETA.json
no configure script, doing nothing
building
build flags: SHELL=/nix/store/9fqwwd4iybmhjqyxiaxycknslw6bgwh1-bash-4.4-p23/bin/bash
Manifying 1 pod document
running tests
check flags: SHELL=/nix/store/9fqwwd4iybmhjqyxiaxycknslw6bgwh1-bash-4.4-p23/bin/bash VERBOSE=y test
PERL_DL_NONLAZY=1 "/nix/store/7c044di03qa7qgr5kjjc2d787aspzp0m-perl-5.32.0/bin/perl" "-MExtUtils::Command::MM" "-MTest::Harness" "-e" "undef *Test::Harness::Switches; test_harness(0, 'blib/lib', 'blib/arch')" t/*.t
cp lib/Pod/Weaver/Role/StringFromComment.pm blib/lib/Pod/Weaver/Role/StringFromComment.pm
cp lib/Pod/Weaver/PluginBundle/Default.pm blib/lib/Pod/Weaver/PluginBundle/Default.pm
cp lib/Pod/Weaver/Section/Name.pm blib/lib/Pod/Weaver/Section/Name.pm
cp lib/Pod/Weaver/Section/Bugs.pm blib/lib/Pod/Weaver/Section/Bugs.pm
cp lib/Pod/Weaver/Section/Authors.pm blib/lib/Pod/Weaver/Section/Authors.pm
cp lib/Pod/Weaver/Plugin/EnsurePod5.pm blib/lib/Pod/Weaver/Plugin/EnsurePod5.pm
cp lib/Pod/Weaver/Section/Region.pm blib/lib/Pod/Weaver/Section/Region.pm
cp lib/Pod/Weaver/Config/Finder.pm blib/lib/Pod/Weaver/Config/Finder.pm
cp lib/Pod/Weaver/Config.pm blib/lib/Pod/Weaver/Config.pm
cp lib/Pod/Weaver/Section/Version.pm blib/lib/Pod/Weaver/Section/Version.pm
cp lib/Pod/Weaver/Role/Section.pm blib/lib/Pod/Weaver/Role/Section.pm
cp lib/Pod/Weaver/Plugin/SingleEncoding.pm blib/lib/Pod/Weaver/Plugin/SingleEncoding.pm
cp lib/Pod/Weaver/Role/Plugin.pm blib/lib/Pod/Weaver/Role/Plugin.pm
cp lib/Pod/Weaver/Section/Generic.pm blib/lib/Pod/Weaver/Section/Generic.pm
cp lib/Pod/Weaver/Role/Dialect.pm blib/lib/Pod/Weaver/Role/Dialect.pm
cp lib/Pod/Weaver/PluginBundle/CorePrep.pm blib/lib/Pod/Weaver/PluginBundle/CorePrep.pm
cp lib/Pod/Weaver/Role/Transformer.pm blib/lib/Pod/Weaver/Role/Transformer.pm
cp lib/Pod/Weaver/Role/Preparer.pm blib/lib/Pod/Weaver/Role/Preparer.pm
cp lib/Pod/Weaver/Role/Finalizer.pm blib/lib/Pod/Weaver/Role/Finalizer.pm
cp lib/Pod/Weaver/Section/Legal.pm blib/lib/Pod/Weaver/Section/Legal.pm
cp lib/Pod/Weaver/Section/Leftovers.pm blib/lib/Pod/Weaver/Section/Leftovers.pm
cp lib/Pod/Weaver/Plugin/H1Nester.pm blib/lib/Pod/Weaver/Plugin/H1Nester.pm
cp lib/Pod/Weaver/Plugin/Transformer.pm blib/lib/Pod/Weaver/Plugin/Transformer.pm
cp lib/Pod/Weaver/Config/Assembler.pm blib/lib/Pod/Weaver/Config/Assembler.pm
cp lib/Pod/Weaver/Section/Collect.pm blib/lib/Pod/Weaver/Section/Collect.pm
cp lib/Pod/Weaver.pm blib/lib/Pod/Weaver.pm
Manifying 26 pod documents
running tests
check flags: SHELL=/nix/store/9fqwwd4iybmhjqyxiaxycknslw6bgwh1-bash-4.4-p23/bin/bash VERBOSE=y test
PERL_DL_NONLAZY=1 "/nix/store/7c044di03qa7qgr5kjjc2d787aspzp0m-perl-5.32.0/bin/perl" "-MExtUtils::Command::MM" "-MTest::Harness" "-e" "undef *Test::Harness::Switches; test_harness(0, 'blib/lib', 'blib/arch')" t/*.t
t/00-report-prereqs.t .. #
# Versions for all modules listed in MYMETA.json (including optional ones):
#
# === Configure Requires ===
#
#     Module              Want Have
#     ------------------- ---- ----
#     ExtUtils::MakeMaker  any 7.44
#
# === Build Requires ===
#
#     Module              Want Have
#     ------------------- ---- ----
#     ExtUtils::MakeMaker  any 7.44
#
# === Test Requires ===
#
#     Module                  Want     Have
#     ------------------- -------- --------
#     ExtUtils::MakeMaker      any     7.44
#     File::Spec               any     3.78
#     Moose                    any   2.2012
#     Pod::Elemental      0.103000 0.103005
#     Test::More              0.96 1.302175
#     strict                   any     1.11
#     warnings                 any     1.47
#
# === Test Recommends ===
#
#     Module         Want     Have
#     ---------- -------- --------
#     CPAN::Meta 2.120900 2.150010
#
# === Test Suggests ===
#
#     Module            Want Have
#     ----------------- ---- ----
#     Test::Differences  any 0.67
#
# === Runtime Requires ===
#
#     Module                   Want     Have
#     -------------------- -------- --------
#     Encode                    any     3.06
#     List::Util               1.33     1.55
#     Moose                     any   2.2012
#     Moose::Role               any   2.2012
#     PPI                       any    1.270
#     Params::Util              any     1.07
#     Pod::Elemental       0.103000 0.103005
#     namespace::autoclean      any     0.29
#
t/00-report-prereqs.t .. ok
t/perlmunger.t ......... ok
All tests successful.
Files=2, Tests=11,  2 wallclock secs ( 0.05 usr  0.04 sys +  0.85 cusr  0.57 csys =  1.51 CPU)
Result: PASS
installing
install flags: SHELL=/nix/store/9fqwwd4iybmhjqyxiaxycknslw6bgwh1-bash-4.4-p23/bin/bash pkgconfigdir=/nix/store/hlq18gvl7jr7rkf6wysi3mx631zlq2jv-perl5.32.0-Pod-Elemental-PerlMunger-0.200006/lib/pkgconfig m4datadir=/nix/store/hlq18gvl7jr7rkf6wysi3mx631zlq2jv-perl5.32.0-Pod-Elemental-PerlMunger-0.200006/share/aclocal aclocaldir=/nix/store/hlq18gvl7jr7rkf6wysi3mx631zlq2jv-perl5.32.0-Pod-Elemental-PerlMunger-0.200006/share/aclocal install
Manifying 1 pod document
Installing /nix/store/hlq18gvl7jr7rkf6wysi3mx631zlq2jv-perl5.32.0-Pod-Elemental-PerlMunger-0.200006/lib/perl5/site_perl/5.32.0/Pod/Elemental/PerlMunger.pm
Installing /nix/store/hlq18gvl7jr7rkf6wysi3mx631zlq2jv-perl5.32.0-Pod-Elemental-PerlMunger-0.200006/share/man/man3/Pod::Elemental::PerlMunger.3
Appending installation info to /nix/store/hlq18gvl7jr7rkf6wysi3mx631zlq2jv-perl5.32.0-Pod-Elemental-PerlMunger-0.200006/lib/perl5/5.32.0/x86_64-linux-thread-multi/perllocal.pod
post-installation fixup
Moving /nix/store/hlq18gvl7jr7rkf6wysi3mx631zlq2jv-perl5.32.0-Pod-Elemental-PerlMunger-0.200006/share/man/man3 to /nix/store/1xcjsmyxl6g9w97gzwq5plr9ahdyl988-perl5.32.0-Pod-Elemental-PerlMunger-0.200006-devdoc/share/man/man3
Removing empty /nix/store/hlq18gvl7jr7rkf6wysi3mx631zlq2jv-perl5.32.0-Pod-Elemental-PerlMunger-0.200006/share/man/ and (possibly) its parents
shrinking RPATHs of ELF executables and libraries in /nix/store/hlq18gvl7jr7rkf6wysi3mx631zlq2jv-perl5.32.0-Pod-Elemental-PerlMunger-0.200006
strip is /nix/store/psyzbhp4p088sb9qcs378hfbslcalasl-binutils-2.31.1/bin/strip
stripping (with command strip and flags -S) in /nix/store/hlq18gvl7jr7rkf6wysi3mx631zlq2jv-perl5.32.0-Pod-Elemental-PerlMunger-0.200006/lib
patching script interpreter paths in /nix/store/hlq18gvl7jr7rkf6wysi3mx631zlq2jv-perl5.32.0-Pod-Elemental-PerlMunger-0.200006
checking for references to /build/ in /nix/store/hlq18gvl7jr7rkf6wysi3mx631zlq2jv-perl5.32.0-Pod-Elemental-PerlMunger-0.200006...
shrinking RPATHs of ELF executables and libraries in /nix/store/1xcjsmyxl6g9w97gzwq5plr9ahdyl988-perl5.32.0-Pod-Elemental-PerlMunger-0.200006-devdoc
gzipping man pages under /nix/store/1xcjsmyxl6g9w97gzwq5plr9ahdyl988-perl5.32.0-Pod-Elemental-PerlMunger-0.200006-devdoc/share/man/
strip is /nix/store/psyzbhp4p088sb9qcs378hfbslcalasl-binutils-2.31.1/bin/strip
patching script interpreter paths in /nix/store/1xcjsmyxl6g9w97gzwq5plr9ahdyl988-perl5.32.0-Pod-Elemental-PerlMunger-0.200006-devdoc
checking for references to /build/ in /nix/store/1xcjsmyxl6g9w97gzwq5plr9ahdyl988-perl5.32.0-Pod-Elemental-PerlMunger-0.200006-devdoc...
t/00-report-prereqs.t ........ #
# Versions for all modules listed in MYMETA.json (including optional ones):
#
# === Configure Requires ===
#
#     Module              Want Have
#     ------------------- ---- ----
#     ExtUtils::MakeMaker  any 7.44
#
# === Build Requires ===
#
#     Module              Want Have
#     ------------------- ---- ----
#     ExtUtils::MakeMaker  any 7.44
#
# === Test Requires ===
#
#     Module                          Want     Have
#     ------------------------------- ---- --------
#     ExtUtils::MakeMaker              any     7.44
#     File::Spec                       any     3.78
#     PPI                              any    1.270
#     Software::License::Artistic_1_0  any 0.103014
#     Software::License::Perl_5        any 0.103014
#     Test::Differences                any     0.67
#     Test::More                      0.96 1.302175
#     utf8                             any     1.22
#
# === Test Recommends ===
#
#     Module         Want     Have
#     ---------- -------- --------
#     CPAN::Meta 2.120900 2.150010
#
# === Runtime Requires ===
#
#     Module                                      Want      Have
#     --------------------------------------- -------- ---------
#     Config::MVP                                    2  2.200011
#     Config::MVP::Assembler                       any  2.200011
#     Config::MVP::Assembler::WithBundles          any  2.200011
#     Config::MVP::Reader::Finder                  any  2.200011
#     Config::MVP::Reader::INI                     any  2.101463
#     DateTime                                     any      1.52
#     File::Spec                                   any      3.78
#     List::MoreUtils                              any     0.428
#     List::Util                                  1.33      1.55
#     Log::Dispatchouli                       1.100710     2.019
#     Mixin::Linewise::Readers                   0.103     0.108
#     Module::Runtime                              any     0.016
#     Moose                                        any    2.2012
#     Moose::Role                                  any    2.2012
#     Moose::Util::TypeConstraints                 any    2.2012
#     Params::Util                                 any      1.07
#     Pod::Elemental                          0.100220  0.103005
#     Pod::Elemental::Document                     any  0.103005
#     Pod::Elemental::Element::Nested              any  0.103005
#     Pod::Elemental::Element::Pod5::Command       any  0.103005
#     Pod::Elemental::Element::Pod5::Ordinary      any  0.103005
#     Pod::Elemental::Element::Pod5::Region        any  0.103005
#     Pod::Elemental::Element::Pod5::Verbatim      any  0.103005
#     Pod::Elemental::Selectors                    any  0.103005
#     Pod::Elemental::Transformer::Gatherer        any  0.103005
#     Pod::Elemental::Transformer::Nester          any  0.103005
#     Pod::Elemental::Transformer::Pod5            any  0.103005
#     Pod::Elemental::Types                        any  0.103005
#     String::Flogger                                1  1.101245
#     String::Formatter                       0.100680  0.102084
#     String::RewritePrefix                        any     0.008
#     Text::Wrap                                   any 2013.0523
#     namespace::autoclean                         any      0.29
#     strict                                       any      1.11
#     warnings                                     any      1.47
#
t/00-report-prereqs.t ........ ok
t/basic.t .................... ok
t/encoding.t ................. ok
t/ini-config.t ............... ok
t/legal_section.t ............ ok
t/region_options.t ........... ok
t/required_region.t .......... ok
t/required_section.t ......... ok
t/version_options.t .......... ok
t/version_without_package.t .. ok
All tests successful.
Files=10, Tests=174, 15 wallclock secs ( 0.13 usr  0.07 sys +  9.00 cusr  5.13 csys = 14.33 CPU)
Result: PASS
installing
install flags: SHELL=/nix/store/9fqwwd4iybmhjqyxiaxycknslw6bgwh1-bash-4.4-p23/bin/bash pkgconfigdir=/nix/store/z2vg08qav46sjz415j271bwcbczqqhbr-perl5.32.0-Pod-Weaver-4.015/lib/pkgconfig m4datadir=/nix/store/z2vg08qav46sjz415j271bwcbczqqhbr-perl5.32.0-Pod-Weaver-4.015/share/aclocal aclocaldir=/nix/store/z2vg08qav46sjz415j271bwcbczqqhbr-perl5.32.0-Pod-Weaver-4.015/share/aclocal install
Manifying 26 pod documents
Installing /nix/store/z2vg08qav46sjz415j271bwcbczqqhbr-perl5.32.0-Pod-Weaver-4.015/lib/perl5/site_perl/5.32.0/Pod/Weaver.pm
Installing /nix/store/z2vg08qav46sjz415j271bwcbczqqhbr-perl5.32.0-Pod-Weaver-4.015/lib/perl5/site_perl/5.32.0/Pod/Weaver/Config.pm
Installing /nix/store/z2vg08qav46sjz415j271bwcbczqqhbr-perl5.32.0-Pod-Weaver-4.015/lib/perl5/site_perl/5.32.0/Pod/Weaver/Section/Name.pm
Installing /nix/store/z2vg08qav46sjz415j271bwcbczqqhbr-perl5.32.0-Pod-Weaver-4.015/lib/perl5/site_perl/5.32.0/Pod/Weaver/Section/Collect.pm
Installing /nix/store/z2vg08qav46sjz415j271bwcbczqqhbr-perl5.32.0-Pod-Weaver-4.015/lib/perl5/site_perl/5.32.0/Pod/Weaver/Section/Generic.pm
Installing /nix/store/z2vg08qav46sjz415j271bwcbczqqhbr-perl5.32.0-Pod-Weaver-4.015/lib/perl5/site_perl/5.32.0/Pod/Weaver/Section/Legal.pm
Installing /nix/store/z2vg08qav46sjz415j271bwcbczqqhbr-perl5.32.0-Pod-Weaver-4.015/lib/perl5/site_perl/5.32.0/Pod/Weaver/Section/Region.pm
Installing /nix/store/z2vg08qav46sjz415j271bwcbczqqhbr-perl5.32.0-Pod-Weaver-4.015/lib/perl5/site_perl/5.32.0/Pod/Weaver/Section/Leftovers.pm
Installing /nix/store/z2vg08qav46sjz415j271bwcbczqqhbr-perl5.32.0-Pod-Weaver-4.015/lib/perl5/site_perl/5.32.0/Pod/Weaver/Section/Bugs.pm
Installing /nix/store/z2vg08qav46sjz415j271bwcbczqqhbr-perl5.32.0-Pod-Weaver-4.015/lib/perl5/site_perl/5.32.0/Pod/Weaver/Section/Version.pm
Installing /nix/store/z2vg08qav46sjz415j271bwcbczqqhbr-perl5.32.0-Pod-Weaver-4.015/lib/perl5/site_perl/5.32.0/Pod/Weaver/Section/Authors.pm
Installing /nix/store/z2vg08qav46sjz415j271bwcbczqqhbr-perl5.32.0-Pod-Weaver-4.015/lib/perl5/site_perl/5.32.0/Pod/Weaver/Plugin/H1Nester.pm
Installing /nix/store/z2vg08qav46sjz415j271bwcbczqqhbr-perl5.32.0-Pod-Weaver-4.015/lib/perl5/site_perl/5.32.0/Pod/Weaver/Plugin/EnsurePod5.pm
Installing /nix/store/z2vg08qav46sjz415j271bwcbczqqhbr-perl5.32.0-Pod-Weaver-4.015/lib/perl5/site_perl/5.32.0/Pod/Weaver/Plugin/Transformer.pm
Installing /nix/store/z2vg08qav46sjz415j271bwcbczqqhbr-perl5.32.0-Pod-Weaver-4.015/lib/perl5/site_perl/5.32.0/Pod/Weaver/Plugin/SingleEncoding.pm
Installing /nix/store/z2vg08qav46sjz415j271bwcbczqqhbr-perl5.32.0-Pod-Weaver-4.015/lib/perl5/site_perl/5.32.0/Pod/Weaver/PluginBundle/CorePrep.pm
Installing /nix/store/z2vg08qav46sjz415j271bwcbczqqhbr-perl5.32.0-Pod-Weaver-4.015/lib/perl5/site_perl/5.32.0/Pod/Weaver/PluginBundle/Default.pm
Installing /nix/store/z2vg08qav46sjz415j271bwcbczqqhbr-perl5.32.0-Pod-Weaver-4.015/lib/perl5/site_perl/5.32.0/Pod/Weaver/Role/Section.pm
Installing /nix/store/z2vg08qav46sjz415j271bwcbczqqhbr-perl5.32.0-Pod-Weaver-4.015/lib/perl5/site_perl/5.32.0/Pod/Weaver/Role/Finalizer.pm
Installing /nix/store/z2vg08qav46sjz415j271bwcbczqqhbr-perl5.32.0-Pod-Weaver-4.015/lib/perl5/site_perl/5.32.0/Pod/Weaver/Role/Plugin.pm
Installing /nix/store/z2vg08qav46sjz415j271bwcbczqqhbr-perl5.32.0-Pod-Weaver-4.015/lib/perl5/site_perl/5.32.0/Pod/Weaver/Role/Dialect.pm
Installing /nix/store/z2vg08qav46sjz415j271bwcbczqqhbr-perl5.32.0-Pod-Weaver-4.015/lib/perl5/site_perl/5.32.0/Pod/Weaver/Role/Preparer.pm
Installing /nix/store/z2vg08qav46sjz415j271bwcbczqqhbr-perl5.32.0-Pod-Weaver-4.015/lib/perl5/site_perl/5.32.0/Pod/Weaver/Role/Transformer.pm
Installing /nix/store/z2vg08qav46sjz415j271bwcbczqqhbr-perl5.32.0-Pod-Weaver-4.015/lib/perl5/site_perl/5.32.0/Pod/Weaver/Role/StringFromComment.pm
Installing /nix/store/z2vg08qav46sjz415j271bwcbczqqhbr-perl5.32.0-Pod-Weaver-4.015/lib/perl5/site_perl/5.32.0/Pod/Weaver/Config/Finder.pm
Installing /nix/store/z2vg08qav46sjz415j271bwcbczqqhbr-perl5.32.0-Pod-Weaver-4.015/lib/perl5/site_perl/5.32.0/Pod/Weaver/Config/Assembler.pm
Installing /nix/store/z2vg08qav46sjz415j271bwcbczqqhbr-perl5.32.0-Pod-Weaver-4.015/share/man/man3/Pod::Weaver::PluginBundle::CorePrep.3
Installing /nix/store/z2vg08qav46sjz415j271bwcbczqqhbr-perl5.32.0-Pod-Weaver-4.015/share/man/man3/Pod::Weaver::Role::StringFromComment.3
Installing /nix/store/z2vg08qav46sjz415j271bwcbczqqhbr-perl5.32.0-Pod-Weaver-4.015/share/man/man3/Pod::Weaver::Section::Legal.3
Installing /nix/store/z2vg08qav46sjz415j271bwcbczqqhbr-perl5.32.0-Pod-Weaver-4.015/share/man/man3/Pod::Weaver::Section::Leftovers.3
Installing /nix/store/z2vg08qav46sjz415j271bwcbczqqhbr-perl5.32.0-Pod-Weaver-4.015/share/man/man3/Pod::Weaver::Plugin::H1Nester.3
Installing /nix/store/z2vg08qav46sjz415j271bwcbczqqhbr-perl5.32.0-Pod-Weaver-4.015/share/man/man3/Pod::Weaver.3
Installing /nix/store/z2vg08qav46sjz415j271bwcbczqqhbr-perl5.32.0-Pod-Weaver-4.015/share/man/man3/Pod::Weaver::Plugin::SingleEncoding.3
Installing /nix/store/z2vg08qav46sjz415j271bwcbczqqhbr-perl5.32.0-Pod-Weaver-4.015/share/man/man3/Pod::Weaver::Section::Name.3
Installing /nix/store/z2vg08qav46sjz415j271bwcbczqqhbr-perl5.32.0-Pod-Weaver-4.015/share/man/man3/Pod::Weaver::Section::Generic.3
Installing /nix/store/z2vg08qav46sjz415j271bwcbczqqhbr-perl5.32.0-Pod-Weaver-4.015/share/man/man3/Pod::Weaver::Role::Plugin.3
Installing /nix/store/z2vg08qav46sjz415j271bwcbczqqhbr-perl5.32.0-Pod-Weaver-4.015/share/man/man3/Pod::Weaver::Role::Finalizer.3
Installing /nix/store/z2vg08qav46sjz415j271bwcbczqqhbr-perl5.32.0-Pod-Weaver-4.015/share/man/man3/Pod::Weaver::Role::Transformer.3
Installing /nix/store/z2vg08qav46sjz415j271bwcbczqqhbr-perl5.32.0-Pod-Weaver-4.015/share/man/man3/Pod::Weaver::Role::Preparer.3
Installing /nix/store/z2vg08qav46sjz415j271bwcbczqqhbr-perl5.32.0-Pod-Weaver-4.015/share/man/man3/Pod::Weaver::Section::Collect.3
Installing /nix/store/z2vg08qav46sjz415j271bwcbczqqhbr-perl5.32.0-Pod-Weaver-4.015/share/man/man3/Pod::Weaver::Section::Version.3
Installing /nix/store/z2vg08qav46sjz415j271bwcbczqqhbr-perl5.32.0-Pod-Weaver-4.015/share/man/man3/Pod::Weaver::Section::Region.3
Installing /nix/store/z2vg08qav46sjz415j271bwcbczqqhbr-perl5.32.0-Pod-Weaver-4.015/share/man/man3/Pod::Weaver::Role::Dialect.3
Installing /nix/store/z2vg08qav46sjz415j271bwcbczqqhbr-perl5.32.0-Pod-Weaver-4.015/share/man/man3/Pod::Weaver::Config::Finder.3
Installing /nix/store/z2vg08qav46sjz415j271bwcbczqqhbr-perl5.32.0-Pod-Weaver-4.015/share/man/man3/Pod::Weaver::Plugin::EnsurePod5.3
Installing /nix/store/z2vg08qav46sjz415j271bwcbczqqhbr-perl5.32.0-Pod-Weaver-4.015/share/man/man3/Pod::Weaver::Section::Authors.3
Installing /nix/store/z2vg08qav46sjz415j271bwcbczqqhbr-perl5.32.0-Pod-Weaver-4.015/share/man/man3/Pod::Weaver::Section::Bugs.3
Installing /nix/store/z2vg08qav46sjz415j271bwcbczqqhbr-perl5.32.0-Pod-Weaver-4.015/share/man/man3/Pod::Weaver::Config.3
Installing /nix/store/z2vg08qav46sjz415j271bwcbczqqhbr-perl5.32.0-Pod-Weaver-4.015/share/man/man3/Pod::Weaver::Config::Assembler.3
Installing /nix/store/z2vg08qav46sjz415j271bwcbczqqhbr-perl5.32.0-Pod-Weaver-4.015/share/man/man3/Pod::Weaver::Plugin::Transformer.3
Installing /nix/store/z2vg08qav46sjz415j271bwcbczqqhbr-perl5.32.0-Pod-Weaver-4.015/share/man/man3/Pod::Weaver::Role::Section.3
Installing /nix/store/z2vg08qav46sjz415j271bwcbczqqhbr-perl5.32.0-Pod-Weaver-4.015/share/man/man3/Pod::Weaver::PluginBundle::Default.3
Appending installation info to /nix/store/z2vg08qav46sjz415j271bwcbczqqhbr-perl5.32.0-Pod-Weaver-4.015/lib/perl5/5.32.0/x86_64-linux-thread-multi/perllocal.pod
post-installation fixup
Moving /nix/store/z2vg08qav46sjz415j271bwcbczqqhbr-perl5.32.0-Pod-Weaver-4.015/share/man/man3 to /nix/store/xx5fz02v45fbilmrz7r6x8mizv99aymq-perl5.32.0-Pod-Weaver-4.015-devdoc/share/man/man3
Removing empty /nix/store/z2vg08qav46sjz415j271bwcbczqqhbr-perl5.32.0-Pod-Weaver-4.015/share/man/ and (possibly) its parents
shrinking RPATHs of ELF executables and libraries in /nix/store/z2vg08qav46sjz415j271bwcbczqqhbr-perl5.32.0-Pod-Weaver-4.015
strip is /nix/store/psyzbhp4p088sb9qcs378hfbslcalasl-binutils-2.31.1/bin/strip
stripping (with command strip and flags -S) in /nix/store/z2vg08qav46sjz415j271bwcbczqqhbr-perl5.32.0-Pod-Weaver-4.015/lib
patching script interpreter paths in /nix/store/z2vg08qav46sjz415j271bwcbczqqhbr-perl5.32.0-Pod-Weaver-4.015
checking for references to /build/ in /nix/store/z2vg08qav46sjz415j271bwcbczqqhbr-perl5.32.0-Pod-Weaver-4.015...
shrinking RPATHs of ELF executables and libraries in /nix/store/xx5fz02v45fbilmrz7r6x8mizv99aymq-perl5.32.0-Pod-Weaver-4.015-devdoc
gzipping man pages under /nix/store/xx5fz02v45fbilmrz7r6x8mizv99aymq-perl5.32.0-Pod-Weaver-4.015-devdoc/share/man/
strip is /nix/store/psyzbhp4p088sb9qcs378hfbslcalasl-binutils-2.31.1/bin/strip
patching script interpreter paths in /nix/store/xx5fz02v45fbilmrz7r6x8mizv99aymq-perl5.32.0-Pod-Weaver-4.015-devdoc
checking for references to /build/ in /nix/store/xx5fz02v45fbilmrz7r6x8mizv99aymq-perl5.32.0-Pod-Weaver-4.015-devdoc...
building '/nix/store/8f5dv8hvw38ck4kbs82p7xhbrw9yx40a-perl5.32.0-Dist-Zilla-Plugin-PodWeaver-4.008.drv'...
unpacking sources
unpacking source archive /nix/store/rbbk2kn608fyp9z8wi0g327bhvd0x06w-Dist-Zilla-Plugin-PodWeaver-4.008.tar.gz
source root is Dist-Zilla-Plugin-PodWeaver-4.008
setting SOURCE_DATE_EPOCH to timestamp 1461487705 of file Dist-Zilla-Plugin-PodWeaver-4.008/xt/release/changes_has_content.t
patching sources
configuring
patching ./xt/release/changes_has_content.t...
patching ./xt/author/pod-syntax.t...
patching ./t/00-report-prereqs.t...
Checking if your kit is complete...
Looks good
Generating a Unix-style Makefile
Writing Makefile for Dist::Zilla::Plugin::PodWeaver
Writing MYMETA.yml and MYMETA.json
no configure script, doing nothing
building
build flags: SHELL=/nix/store/9fqwwd4iybmhjqyxiaxycknslw6bgwh1-bash-4.4-p23/bin/bash
cp lib/Dist/Zilla/Plugin/PodWeaver.pm blib/lib/Dist/Zilla/Plugin/PodWeaver.pm
Manifying 1 pod document
running tests
check flags: SHELL=/nix/store/9fqwwd4iybmhjqyxiaxycknslw6bgwh1-bash-4.4-p23/bin/bash VERBOSE=y test
PERL_DL_NONLAZY=1 "/nix/store/7c044di03qa7qgr5kjjc2d787aspzp0m-perl-5.32.0/bin/perl" "-MExtUtils::Command::MM" "-MTest::Harness" "-e" "undef *Test::Harness::Switches; test_harness(0, 'blib/lib', 'blib/arch')" t/*.t
t/00-report-prereqs.t .. #
# Versions for all modules listed in MYMETA.json (including optional ones):
#
# === Configure Requires ===
#
#     Module              Want Have
#     ------------------- ---- ----
#     ExtUtils::MakeMaker  any 7.44
#
# === Build Requires ===
#
#     Module              Want Have
#     ------------------- ---- ----
#     ExtUtils::MakeMaker  any 7.44
#
# === Test Requires ===
#
#     Module              Want     Have
#     ------------------- ---- --------
#     ExtUtils::MakeMaker  any     7.44
#     File::Find::Rule     any     0.34
#     File::Spec           any     3.78
#     Test::More          0.96 1.302175
#     strict               any     1.11
#     warnings             any     1.47
#
# === Test Recommends ===
#
#     Module         Want     Have
#     ---------- -------- --------
#     CPAN::Meta 2.120900 2.150010
#
# === Runtime Requires ===
#
#     Module                            Want     Have
#     --------------------------------- ---- --------
#     Dist::Zilla                          5    6.015
#     Dist::Zilla::Role::FileFinderUser  any    6.015
#     Dist::Zilla::Role::FileMunger      any    6.015
#     Moose                              any   2.2012
#     PPI                                any    1.270
#     Pod::Elemental::PerlMunger         0.1 0.200006
#     Pod::Weaver                          4    4.015
#     Pod::Weaver::Config::Assembler     any    4.015
#     namespace::autoclean               any     0.29
#
t/00-report-prereqs.t .. ok
t/basic.t .............. ok
All tests successful.
Files=2, Tests=2,  4 wallclock secs ( 0.10 usr  0.09 sys +  1.69 cusr  1.79 csys =  3.67 CPU)
Result: PASS
installing
install flags: SHELL=/nix/store/9fqwwd4iybmhjqyxiaxycknslw6bgwh1-bash-4.4-p23/bin/bash pkgconfigdir=/nix/store/vqf94wgbmp2l7df155ajlbrp9p997hf3-perl5.32.0-Dist-Zilla-Plugin-PodWeaver-4.008/lib/pkgconfig m4datadir=/nix/store/vqf94wgbmp2l7df155ajlbrp9p997hf3-perl5.32.0-Dist-Zilla-Plugin-PodWeaver-4.008/share/aclocal aclocaldir=/nix/store/vqf94wgbmp2l7df155ajlbrp9p997hf3-perl5.32.0-Dist-Zilla-Plugin-PodWeaver-4.008/share/aclocal install
Manifying 1 pod document
Installing /nix/store/vqf94wgbmp2l7df155ajlbrp9p997hf3-perl5.32.0-Dist-Zilla-Plugin-PodWeaver-4.008/lib/perl5/site_perl/5.32.0/Dist/Zilla/Plugin/PodWeaver.pm
Installing /nix/store/vqf94wgbmp2l7df155ajlbrp9p997hf3-perl5.32.0-Dist-Zilla-Plugin-PodWeaver-4.008/share/man/man3/Dist::Zilla::Plugin::PodWeaver.3
Appending installation info to /nix/store/vqf94wgbmp2l7df155ajlbrp9p997hf3-perl5.32.0-Dist-Zilla-Plugin-PodWeaver-4.008/lib/perl5/5.32.0/x86_64-linux-thread-multi/perllocal.pod
post-installation fixup
Moving /nix/store/vqf94wgbmp2l7df155ajlbrp9p997hf3-perl5.32.0-Dist-Zilla-Plugin-PodWeaver-4.008/share/man/man3 to /nix/store/jkm8mwgm668chrd5ysncnrcc5fmynf8v-perl5.32.0-Dist-Zilla-Plugin-PodWeaver-4.008-devdoc/share/man/man3
Removing empty /nix/store/vqf94wgbmp2l7df155ajlbrp9p997hf3-perl5.32.0-Dist-Zilla-Plugin-PodWeaver-4.008/share/man/ and (possibly) its parents
shrinking RPATHs of ELF executables and libraries in /nix/store/vqf94wgbmp2l7df155ajlbrp9p997hf3-perl5.32.0-Dist-Zilla-Plugin-PodWeaver-4.008
strip is /nix/store/psyzbhp4p088sb9qcs378hfbslcalasl-binutils-2.31.1/bin/strip
stripping (with command strip and flags -S) in /nix/store/vqf94wgbmp2l7df155ajlbrp9p997hf3-perl5.32.0-Dist-Zilla-Plugin-PodWeaver-4.008/lib
patching script interpreter paths in /nix/store/vqf94wgbmp2l7df155ajlbrp9p997hf3-perl5.32.0-Dist-Zilla-Plugin-PodWeaver-4.008
checking for references to /build/ in /nix/store/vqf94wgbmp2l7df155ajlbrp9p997hf3-perl5.32.0-Dist-Zilla-Plugin-PodWeaver-4.008...
shrinking RPATHs of ELF executables and libraries in /nix/store/jkm8mwgm668chrd5ysncnrcc5fmynf8v-perl5.32.0-Dist-Zilla-Plugin-PodWeaver-4.008-devdoc
gzipping man pages under /nix/store/jkm8mwgm668chrd5ysncnrcc5fmynf8v-perl5.32.0-Dist-Zilla-Plugin-PodWeaver-4.008-devdoc/share/man/
strip is /nix/store/psyzbhp4p088sb9qcs378hfbslcalasl-binutils-2.31.1/bin/strip
patching script interpreter paths in /nix/store/jkm8mwgm668chrd5ysncnrcc5fmynf8v-perl5.32.0-Dist-Zilla-Plugin-PodWeaver-4.008-devdoc
checking for references to /build/ in /nix/store/jkm8mwgm668chrd5ysncnrcc5fmynf8v-perl5.32.0-Dist-Zilla-Plugin-PodWeaver-4.008-devdoc...
/nix/store/vqf94wgbmp2l7df155ajlbrp9p997hf3-perl5.32.0-Dist-Zilla-Plugin-PodWeaver-4.008
