these derivations will be built:
  /nix/store/qhycjqi4xgpcagxbxflq65dpvhjavnln-perl5.32.0-Email-MIME-Attachment-Stripper-1.317.drv
these paths will be fetched (0.03 MiB download, 0.03 MiB unpacked):
  /nix/store/xl9gqyskppjk98vh99hfkgxp5bmpylmx-Email-MIME-Attachment-Stripper-1.317.tar.gz
copying path '/nix/store/xl9gqyskppjk98vh99hfkgxp5bmpylmx-Email-MIME-Attachment-Stripper-1.317.tar.gz' from 'https://cache.nixos.org'...
building '/nix/store/qhycjqi4xgpcagxbxflq65dpvhjavnln-perl5.32.0-Email-MIME-Attachment-Stripper-1.317.drv'...
unpacking sources
unpacking source archive /nix/store/xl9gqyskppjk98vh99hfkgxp5bmpylmx-Email-MIME-Attachment-Stripper-1.317.tar.gz
source root is Email-MIME-Attachment-Stripper-1.317
setting SOURCE_DATE_EPOCH to timestamp 1378007075 of file Email-MIME-Attachment-Stripper-1.317/xt/release/pod-syntax.t
patching sources
configuring
patching ./xt/release/pod-syntax.t...
patching ./xt/release/changes_has_content.t...
patching ./t/mixed.t...
patching ./t/altern.t...
Checking if your kit is complete...
Looks good
Generating a Unix-style Makefile
Writing Makefile for Email::MIME::Attachment::Stripper
Writing MYMETA.yml and MYMETA.json
no configure script, doing nothing
building
build flags: SHELL=/nix/store/9fqwwd4iybmhjqyxiaxycknslw6bgwh1-bash-4.4-p23/bin/bash
cp lib/Email/MIME/Attachment/Stripper.pm blib/lib/Email/MIME/Attachment/Stripper.pm
Manifying 1 pod document
running tests
check flags: SHELL=/nix/store/9fqwwd4iybmhjqyxiaxycknslw6bgwh1-bash-4.4-p23/bin/bash VERBOSE=y test
PERL_DL_NONLAZY=1 "/nix/store/7c044di03qa7qgr5kjjc2d787aspzp0m-perl-5.32.0/bin/perl" "-MExtUtils::Command::MM" "-MTest::Harness" "-e" "undef *Test::Harness::Switches; test_harness(0, 'blib/lib', 'blib/arch')" t/*.t
t/00-compile.t ................ ok
t/000-report-versions-tiny.t .. #
#
# Generated by Dist::Zilla::Plugin::ReportVersions::Tiny v1.09
# perl: 5.032000 (wanted any version) on linux from /nix/store/7c044di03qa7qgr5kjjc2d787aspzp0m-perl-5.32.0/bin/perl
#
# Capture::Tiny                                 => 0.48       (want any version)
# Carp                                          => 1.50       (want any version)
# Data::Dumper                                  => 2.174      (want any version)
# Email::Abstract                               => 3.008      (want any version)
# Email::MIME                                   => 1.949      (want 1.861)
# Email::MIME::ContentType                      => 1.024      (want 1.016)
# Email::Simple                                 => 2.216      (want any version)
# ExtUtils::MakeMaker                           => 7.44       (want 6.30)
# Test::More                                    => 1.302175   (want 0.96)
# Test::Pod                                     => module not found. (want 1.41)
# blib                                          => 1.07       (want any version)
# strict                                        => 1.11       (want any version)
# version                                       => 0.9924     (want 0.9901)
# warnings                                      => 1.47       (want any version)
#
# Thanks for using my code.  I hope it works for you.
# If not, please try and include this output in the bug report.
# That will help me reproduce the issue and solve your problem.
#
t/000-report-versions-tiny.t .. ok
t/01.t ........................ ok
t/02.t ........................ ok
t/altern.t .................... ok
t/mixed.t ..................... ok
t/nested-parts.t .............. ok
All tests successful.
Files=7, Tests=53,  2 wallclock secs ( 0.04 usr  0.02 sys +  0.80 cusr  0.47 csys =  1.33 CPU)
Result: PASS
installing
install flags: SHELL=/nix/store/9fqwwd4iybmhjqyxiaxycknslw6bgwh1-bash-4.4-p23/bin/bash pkgconfigdir=/nix/store/ijgfn5panxislmv1mhbyn021psn7ibhw-perl5.32.0-Email-MIME-Attachment-Stripper-1.317/lib/pkgconfig m4datadir=/nix/store/ijgfn5panxislmv1mhbyn021psn7ibhw-perl5.32.0-Email-MIME-Attachment-Stripper-1.317/share/aclocal aclocaldir=/nix/store/ijgfn5panxislmv1mhbyn021psn7ibhw-perl5.32.0-Email-MIME-Attachment-Stripper-1.317/share/aclocal install
Manifying 1 pod document
Installing /nix/store/ijgfn5panxislmv1mhbyn021psn7ibhw-perl5.32.0-Email-MIME-Attachment-Stripper-1.317/lib/perl5/site_perl/5.32.0/Email/MIME/Attachment/Stripper.pm
Installing /nix/store/ijgfn5panxislmv1mhbyn021psn7ibhw-perl5.32.0-Email-MIME-Attachment-Stripper-1.317/share/man/man3/Email::MIME::Attachment::Stripper.3
Appending installation info to /nix/store/ijgfn5panxislmv1mhbyn021psn7ibhw-perl5.32.0-Email-MIME-Attachment-Stripper-1.317/lib/perl5/5.32.0/x86_64-linux-thread-multi/perllocal.pod
post-installation fixup
Moving /nix/store/ijgfn5panxislmv1mhbyn021psn7ibhw-perl5.32.0-Email-MIME-Attachment-Stripper-1.317/share/man/man3 to /nix/store/m2cm921ggakhay7634j4018az812r0q6-perl5.32.0-Email-MIME-Attachment-Stripper-1.317-devdoc/share/man/man3
Removing empty /nix/store/ijgfn5panxislmv1mhbyn021psn7ibhw-perl5.32.0-Email-MIME-Attachment-Stripper-1.317/share/man/ and (possibly) its parents
shrinking RPATHs of ELF executables and libraries in /nix/store/ijgfn5panxislmv1mhbyn021psn7ibhw-perl5.32.0-Email-MIME-Attachment-Stripper-1.317
strip is /nix/store/psyzbhp4p088sb9qcs378hfbslcalasl-binutils-2.31.1/bin/strip
stripping (with command strip and flags -S) in /nix/store/ijgfn5panxislmv1mhbyn021psn7ibhw-perl5.32.0-Email-MIME-Attachment-Stripper-1.317/lib
patching script interpreter paths in /nix/store/ijgfn5panxislmv1mhbyn021psn7ibhw-perl5.32.0-Email-MIME-Attachment-Stripper-1.317
checking for references to /build/ in /nix/store/ijgfn5panxislmv1mhbyn021psn7ibhw-perl5.32.0-Email-MIME-Attachment-Stripper-1.317...
shrinking RPATHs of ELF executables and libraries in /nix/store/m2cm921ggakhay7634j4018az812r0q6-perl5.32.0-Email-MIME-Attachment-Stripper-1.317-devdoc
gzipping man pages under /nix/store/m2cm921ggakhay7634j4018az812r0q6-perl5.32.0-Email-MIME-Attachment-Stripper-1.317-devdoc/share/man/
strip is /nix/store/psyzbhp4p088sb9qcs378hfbslcalasl-binutils-2.31.1/bin/strip
patching script interpreter paths in /nix/store/m2cm921ggakhay7634j4018az812r0q6-perl5.32.0-Email-MIME-Attachment-Stripper-1.317-devdoc
checking for references to /build/ in /nix/store/m2cm921ggakhay7634j4018az812r0q6-perl5.32.0-Email-MIME-Attachment-Stripper-1.317-devdoc...
/nix/store/ijgfn5panxislmv1mhbyn021psn7ibhw-perl5.32.0-Email-MIME-Attachment-Stripper-1.317
