these derivations will be built:
  /nix/store/lhzgqncgy1wbwj55jwxfk0ih9q9xiw6k-perl5.32.0-Email-Address-1.912.drv
these paths will be fetched (0.04 MiB download, 0.04 MiB unpacked):
  /nix/store/rhxd31bai6i80yd8makpnwha6kgrlaqi-Email-Address-1.912.tar.gz
copying path '/nix/store/rhxd31bai6i80yd8makpnwha6kgrlaqi-Email-Address-1.912.tar.gz' from 'https://cache.nixos.org'...
building '/nix/store/lhzgqncgy1wbwj55jwxfk0ih9q9xiw6k-perl5.32.0-Email-Address-1.912.drv'...
unpacking sources
unpacking source archive /nix/store/rhxd31bai6i80yd8makpnwha6kgrlaqi-Email-Address-1.912.tar.gz
source root is Email-Address-1.912
setting SOURCE_DATE_EPOCH to timestamp 1546281986 of file Email-Address-1.912/xt/release/changes_has_content.t
patching sources
configuring
patching ./bench/ea-vs-ma.pl...
patching ./xt/author/pod-syntax.t...
patching ./t/00-report-prereqs.t...
patching ./t/quoting.t...
patching ./t/quote-encoded.t...
Checking if your kit is complete...
Looks good
Generating a Unix-style Makefile
Writing Makefile for Email::Address
Writing MYMETA.yml and MYMETA.json
no configure script, doing nothing
building
build flags: SHELL=/nix/store/9fqwwd4iybmhjqyxiaxycknslw6bgwh1-bash-4.4-p23/bin/bash
cp lib/Email/Address.pm blib/lib/Email/Address.pm
Manifying 1 pod document
running tests
check flags: SHELL=/nix/store/9fqwwd4iybmhjqyxiaxycknslw6bgwh1-bash-4.4-p23/bin/bash VERBOSE=y test
PERL_DL_NONLAZY=1 "/nix/store/7c044di03qa7qgr5kjjc2d787aspzp0m-perl-5.32.0/bin/perl" "-MExtUtils::Command::MM" "-MTest::Harness" "-e" "undef *Test::Harness::Switches; test_harness(0, 'blib/lib', 'blib/arch')" t/*.t
t/00-report-prereqs.t .. #
# Versions for all modules listed in MYMETA.json (including optional ones):
#
# === Configure Requires ===
#
#     Module              Want Have
#     ------------------- ---- ----
#     ExtUtils::MakeMaker  any 7.44
#
# === Build Requires ===
#
#     Module              Want Have
#     ------------------- ---- ----
#     ExtUtils::MakeMaker  any 7.44
#
# === Test Requires ===
#
#     Module               Want     Have
#     -------------------- ---- --------
#     Encode                any     3.06
#     Encode::MIME::Header  any     2.28
#     ExtUtils::MakeMaker   any     7.44
#     File::Spec            any     3.78
#     Test::More           0.96 1.302175
#     Time::HiRes           any   1.9764
#
# === Test Recommends ===
#
#     Module         Want     Have
#     ---------- -------- --------
#     CPAN::Meta 2.120900 2.150010
#
# === Runtime Requires ===
#
#     Module   Want Have
#     -------- ---- ----
#     overload  any 1.31
#     strict    any 1.11
#     warnings  any 1.47
#
t/00-report-prereqs.t .. ok
t/ascii.t .............. ok
t/cache-cow.t .......... ok
t/comma-free.t ......... ok
t/format.t ............. ok
t/order.t .............. ok
t/pathological.t ....... ok
t/patterns.t ........... ok
t/quote-encoded.t ...... ok
t/quoting.t ............ ok
t/tests.t .............. ok
All tests successful.
Files=11, Tests=161,  2 wallclock secs ( 0.20 usr  0.03 sys +  1.24 cusr  0.11 csys =  1.58 CPU)
Result: PASS
installing
install flags: SHELL=/nix/store/9fqwwd4iybmhjqyxiaxycknslw6bgwh1-bash-4.4-p23/bin/bash pkgconfigdir=/nix/store/ln8k0pc676rp6sli661z8bpyfmqssz6v-perl5.32.0-Email-Address-1.912/lib/pkgconfig m4datadir=/nix/store/ln8k0pc676rp6sli661z8bpyfmqssz6v-perl5.32.0-Email-Address-1.912/share/aclocal aclocaldir=/nix/store/ln8k0pc676rp6sli661z8bpyfmqssz6v-perl5.32.0-Email-Address-1.912/share/aclocal install
Manifying 1 pod document
Installing /nix/store/ln8k0pc676rp6sli661z8bpyfmqssz6v-perl5.32.0-Email-Address-1.912/lib/perl5/site_perl/5.32.0/Email/Address.pm
Installing /nix/store/ln8k0pc676rp6sli661z8bpyfmqssz6v-perl5.32.0-Email-Address-1.912/share/man/man3/Email::Address.3
Appending installation info to /nix/store/ln8k0pc676rp6sli661z8bpyfmqssz6v-perl5.32.0-Email-Address-1.912/lib/perl5/5.32.0/x86_64-linux-thread-multi/perllocal.pod
post-installation fixup
Moving /nix/store/ln8k0pc676rp6sli661z8bpyfmqssz6v-perl5.32.0-Email-Address-1.912/share/man/man3 to /nix/store/35k6v908ja4abkwc2ka0vv5wqxp8axwz-perl5.32.0-Email-Address-1.912-devdoc/share/man/man3
Removing empty /nix/store/ln8k0pc676rp6sli661z8bpyfmqssz6v-perl5.32.0-Email-Address-1.912/share/man/ and (possibly) its parents
shrinking RPATHs of ELF executables and libraries in /nix/store/ln8k0pc676rp6sli661z8bpyfmqssz6v-perl5.32.0-Email-Address-1.912
strip is /nix/store/psyzbhp4p088sb9qcs378hfbslcalasl-binutils-2.31.1/bin/strip
stripping (with command strip and flags -S) in /nix/store/ln8k0pc676rp6sli661z8bpyfmqssz6v-perl5.32.0-Email-Address-1.912/lib
patching script interpreter paths in /nix/store/ln8k0pc676rp6sli661z8bpyfmqssz6v-perl5.32.0-Email-Address-1.912
checking for references to /build/ in /nix/store/ln8k0pc676rp6sli661z8bpyfmqssz6v-perl5.32.0-Email-Address-1.912...
shrinking RPATHs of ELF executables and libraries in /nix/store/35k6v908ja4abkwc2ka0vv5wqxp8axwz-perl5.32.0-Email-Address-1.912-devdoc
gzipping man pages under /nix/store/35k6v908ja4abkwc2ka0vv5wqxp8axwz-perl5.32.0-Email-Address-1.912-devdoc/share/man/
strip is /nix/store/psyzbhp4p088sb9qcs378hfbslcalasl-binutils-2.31.1/bin/strip
patching script interpreter paths in /nix/store/35k6v908ja4abkwc2ka0vv5wqxp8axwz-perl5.32.0-Email-Address-1.912-devdoc
checking for references to /build/ in /nix/store/35k6v908ja4abkwc2ka0vv5wqxp8axwz-perl5.32.0-Email-Address-1.912-devdoc...
/nix/store/ln8k0pc676rp6sli661z8bpyfmqssz6v-perl5.32.0-Email-Address-1.912
