these derivations will be built:
  /nix/store/r8ifyzq7w51lg73a85k5raipmwq904bw-perl5.32.0-Encode-JIS2K-0.03.drv
these paths will be fetched (0.34 MiB download, 0.40 MiB unpacked):
  /nix/store/whl5k0m2a1qbf7s56mxrsfyhrqlr9wd9-Encode-JIS2K-0.03.tar.gz
copying path '/nix/store/whl5k0m2a1qbf7s56mxrsfyhrqlr9wd9-Encode-JIS2K-0.03.tar.gz' from 'https://cache.nixos.org'...
building '/nix/store/r8ifyzq7w51lg73a85k5raipmwq904bw-perl5.32.0-Encode-JIS2K-0.03.drv'...
unpacking sources
unpacking source archive /nix/store/whl5k0m2a1qbf7s56mxrsfyhrqlr9wd9-Encode-JIS2K-0.03.tar.gz
source root is Encode-JIS2K-0.03
setting SOURCE_DATE_EPOCH to timestamp 1433476702 of file Encode-JIS2K-0.03/META.yml
patching sources
configuring
enc2xs is /nix/store/7c044di03qa7qgr5kjjc2d787aspzp0m-perl-5.32.0/bin/enc2xs
encode.h is at /nix/store/7c044di03qa7qgr5kjjc2d787aspzp0m-perl-5.32.0/lib/perl5/5.32.0/Encode
Checking if your kit is complete...
Looks good
Generating a Unix-style Makefile
Writing Makefile for Encode::JIS2K
Writing MYMETA.yml and MYMETA.json
no configure script, doing nothing
building
build flags: SHELL=/nix/store/9fqwwd4iybmhjqyxiaxycknslw6bgwh1-bash-4.4-p23/bin/bash
cp JIS2K.pm blib/lib/Encode/JIS2K.pm
cp lib/Encode/JIS2K/2022JP3.pm blib/lib/Encode/JIS2K/2022JP3.pm
Running Mkbootstrap for JIS2K ()
chmod 644 "JIS2K.bs"
"/nix/store/7c044di03qa7qgr5kjjc2d787aspzp0m-perl-5.32.0/bin/perl" -MExtUtils::Command::MM -e 'cp_nonempty' -- JIS2K.bs blib/arch/auto/Encode/JIS2K/JIS2K.bs 644
"/nix/store/7c044di03qa7qgr5kjjc2d787aspzp0m-perl-5.32.0/bin/perl"  /nix/store/7c044di03qa7qgr5kjjc2d787aspzp0m-perl-5.32.0/bin/enc2xs -"Q" -o euc2k_t.c -f euc2k_t.fnm
Reading euc-jisx0213 (euc-jisx0213)
"/nix/store/7c044di03qa7qgr5kjjc2d787aspzp0m-perl-5.32.0/bin/perl"  /nix/store/7c044di03qa7qgr5kjjc2d787aspzp0m-perl-5.32.0/bin/enc2xs -"Q" -o raw_t.c -f raw_t.fnm
Reading jis0213-1-raw (jis0213-1-raw)
Reading jis0213-2-raw (jis0213-2-raw)
"/nix/store/7c044di03qa7qgr5kjjc2d787aspzp0m-perl-5.32.0/bin/perl"  /nix/store/7c044di03qa7qgr5kjjc2d787aspzp0m-perl-5.32.0/bin/enc2xs -"Q" -o sjis2k_t.c -f sjis2k_t.fnm
Reading shiftjisx0213 (shiftjisx0213)
"/nix/store/7c044di03qa7qgr5kjjc2d787aspzp0m-perl-5.32.0/bin/perl" "/nix/store/7c044di03qa7qgr5kjjc2d787aspzp0m-perl-5.32.0/lib/perl5/5.32.0/ExtUtils/xsubpp"  -nolinenumbers -typemap '/nix/store/7c044di03qa7qgr5kjjc2d787aspzp0m-perl-5.32.0/lib/perl5/5.32.0/ExtUtils/typemap'  JIS2K.xs > JIS2K.xsc
mv JIS2K.xsc JIS2K.c
cc -c  -I/nix/store/7c044di03qa7qgr5kjjc2d787aspzp0m-perl-5.32.0/lib/perl5/5.32.0/Encode -D_REENTRANT -D_GNU_SOURCE -fwrapv -fno-strict-aliasing -pipe -fstack-protector-strong -I/no-such-path/include -D_LARGEFILE_SOURCE -D_FILE_OFFSET_BITS=64 -O2   -DVERSION=\"0.03\" -DXS_VERSION=\"0.03\" -fPIC "-I/nix/store/7c044di03qa7qgr5kjjc2d787aspzp0m-perl-5.32.0/lib/perl5/5.32.0/x86_64-linux-thread-multi/CORE"   JIS2K.c
cc -c  -I/nix/store/7c044di03qa7qgr5kjjc2d787aspzp0m-perl-5.32.0/lib/perl5/5.32.0/Encode -D_REENTRANT -D_GNU_SOURCE -fwrapv -fno-strict-aliasing -pipe -fstack-protector-strong -I/no-such-path/include -D_LARGEFILE_SOURCE -D_FILE_OFFSET_BITS=64 -O2   -DVERSION=\"0.03\" -DXS_VERSION=\"0.03\" -fPIC "-I/nix/store/7c044di03qa7qgr5kjjc2d787aspzp0m-perl-5.32.0/lib/perl5/5.32.0/x86_64-linux-thread-multi/CORE"   euc2k_t.c
cc -c  -I/nix/store/7c044di03qa7qgr5kjjc2d787aspzp0m-perl-5.32.0/lib/perl5/5.32.0/Encode -D_REENTRANT -D_GNU_SOURCE -fwrapv -fno-strict-aliasing -pipe -fstack-protector-strong -I/no-such-path/include -D_LARGEFILE_SOURCE -D_FILE_OFFSET_BITS=64 -O2   -DVERSION=\"0.03\" -DXS_VERSION=\"0.03\" -fPIC "-I/nix/store/7c044di03qa7qgr5kjjc2d787aspzp0m-perl-5.32.0/lib/perl5/5.32.0/x86_64-linux-thread-multi/CORE"   raw_t.c
cc -c  -I/nix/store/7c044di03qa7qgr5kjjc2d787aspzp0m-perl-5.32.0/lib/perl5/5.32.0/Encode -D_REENTRANT -D_GNU_SOURCE -fwrapv -fno-strict-aliasing -pipe -fstack-protector-strong -I/no-such-path/include -D_LARGEFILE_SOURCE -D_FILE_OFFSET_BITS=64 -O2   -DVERSION=\"0.03\" -DXS_VERSION=\"0.03\" -fPIC "-I/nix/store/7c044di03qa7qgr5kjjc2d787aspzp0m-perl-5.32.0/lib/perl5/5.32.0/x86_64-linux-thread-multi/CORE"   sjis2k_t.c
rm -f blib/arch/auto/Encode/JIS2K/JIS2K.so
cc  -shared -O2 -L/nix/store/68pw3wxwkrx0rwzjifm7g1jxy5g2sg1p-glibc-2.31/lib -fstack-protector-strong  JIS2K.o euc2k_t.o raw_t.o sjis2k_t.o  -o blib/arch/auto/Encode/JIS2K/JIS2K.so  \
      \

chmod 755 blib/arch/auto/Encode/JIS2K/JIS2K.so
running tests
check flags: SHELL=/nix/store/9fqwwd4iybmhjqyxiaxycknslw6bgwh1-bash-4.4-p23/bin/bash VERBOSE=y test
"/nix/store/7c044di03qa7qgr5kjjc2d787aspzp0m-perl-5.32.0/bin/perl" -MExtUtils::Command::MM -e 'cp_nonempty' -- JIS2K.bs blib/arch/auto/Encode/JIS2K/JIS2K.bs 644
PERL_DL_NONLAZY=1 "/nix/store/7c044di03qa7qgr5kjjc2d787aspzp0m-perl-5.32.0/bin/perl" "-MExtUtils::Command::MM" "-MTest::Harness" "-e" "undef *Test::Harness::Switches; test_harness(0, 'blib/lib', 'blib/arch')" t/*.t
t/JIS2K.t .. ok
All tests successful.
Files=1, Tests=19,  0 wallclock secs ( 0.02 usr  0.00 sys +  0.06 cusr  0.01 csys =  0.09 CPU)
Result: PASS
installing
install flags: SHELL=/nix/store/9fqwwd4iybmhjqyxiaxycknslw6bgwh1-bash-4.4-p23/bin/bash install
"/nix/store/7c044di03qa7qgr5kjjc2d787aspzp0m-perl-5.32.0/bin/perl" -MExtUtils::Command::MM -e 'cp_nonempty' -- JIS2K.bs blib/arch/auto/Encode/JIS2K/JIS2K.bs 644
Files found in blib/arch: installing files in blib/lib into architecture dependent library tree
Installing /nix/store/z22j84i2ak6bmha2bi98c4rxx6cdj3j7-perl5.32.0-Encode-JIS2K-0.03/lib/perl5/site_perl/5.32.0/x86_64-linux-thread-multi/auto/Encode/JIS2K/JIS2K.so
Installing /nix/store/z22j84i2ak6bmha2bi98c4rxx6cdj3j7-perl5.32.0-Encode-JIS2K-0.03/lib/perl5/site_perl/5.32.0/x86_64-linux-thread-multi/Encode/JIS2K.pm
Installing /nix/store/z22j84i2ak6bmha2bi98c4rxx6cdj3j7-perl5.32.0-Encode-JIS2K-0.03/lib/perl5/site_perl/5.32.0/x86_64-linux-thread-multi/Encode/JIS2K/2022JP3.pm
Appending installation info to /nix/store/z22j84i2ak6bmha2bi98c4rxx6cdj3j7-perl5.32.0-Encode-JIS2K-0.03/lib/perl5/5.32.0/x86_64-linux-thread-multi/perllocal.pod
post-installation fixup
shrinking RPATHs of ELF executables and libraries in /nix/store/z22j84i2ak6bmha2bi98c4rxx6cdj3j7-perl5.32.0-Encode-JIS2K-0.03
shrinking /nix/store/z22j84i2ak6bmha2bi98c4rxx6cdj3j7-perl5.32.0-Encode-JIS2K-0.03/lib/perl5/site_perl/5.32.0/x86_64-linux-thread-multi/auto/Encode/JIS2K/JIS2K.so
strip is /nix/store/psyzbhp4p088sb9qcs378hfbslcalasl-binutils-2.31.1/bin/strip
stripping (with command strip and flags -S) in /nix/store/z22j84i2ak6bmha2bi98c4rxx6cdj3j7-perl5.32.0-Encode-JIS2K-0.03/lib
patching script interpreter paths in /nix/store/z22j84i2ak6bmha2bi98c4rxx6cdj3j7-perl5.32.0-Encode-JIS2K-0.03
checking for references to /build/ in /nix/store/z22j84i2ak6bmha2bi98c4rxx6cdj3j7-perl5.32.0-Encode-JIS2K-0.03...
/nix/store/z22j84i2ak6bmha2bi98c4rxx6cdj3j7-perl5.32.0-Encode-JIS2K-0.03
