these derivations will be built:
  /nix/store/3vxh697ngny4h9w98ks2c07x482qm41s-perl5.32.0-Test-Unit-Lite-0.1202.drv
  /nix/store/5r91hbrny8qsl68cci3dzkk2b8fzk9xw-perl5.32.0-Exception-Base-0.2501.drv
these paths will be fetched (0.09 MiB download, 0.09 MiB unpacked):
  /nix/store/mafmzx9di3799p5k3snlr6q2xl88cm8s-Exception-Base-0.2501.tar.gz
  /nix/store/s00qdczdnsj68j6543n0bsnvc6gmgzh3-Test-Unit-Lite-0.1202.tar.gz
copying path '/nix/store/mafmzx9di3799p5k3snlr6q2xl88cm8s-Exception-Base-0.2501.tar.gz' from 'https://cache.nixos.org'...
copying path '/nix/store/s00qdczdnsj68j6543n0bsnvc6gmgzh3-Test-Unit-Lite-0.1202.tar.gz' from 'https://cache.nixos.org'...
building '/nix/store/3vxh697ngny4h9w98ks2c07x482qm41s-perl5.32.0-Test-Unit-Lite-0.1202.drv'...
unpacking sources
unpacking source archive /nix/store/s00qdczdnsj68j6543n0bsnvc6gmgzh3-Test-Unit-Lite-0.1202.tar.gz
source root is Test-Unit-Lite-0.1202
setting SOURCE_DATE_EPOCH to timestamp 1356019902 of file Test-Unit-Lite-0.1202/SIGNATURE
patching sources
configuring
patching ./xt/pod_syntax.t...
patching ./xt/signature.t...
patching ./xt/minimumversion.t...
patching ./xt/distribution.t...
patching ./xt/cpan_meta.t...
patching ./xt/check_changes.t...
patching ./xt/no_tabs.t...
patching ./xt/pod_coverage.t...
patching ./xt/pod_spell.t...
patching ./xt/eol.t...
patching ./xt/copyright.t...
patching ./xt/consistent_version_numbers.t...
patching ./xt/cover.pl...
patching ./xt/kwalitee.t...
patching ./xt/portability_files.t...
patching ./xt/perlcritic.t...
patching ./xt/dist_manifest.t...
patching ./xt/cpan_changes.t...
patching ./t/all_tests_tainted.t...
patching ./t/all_tests.t...
patching ./t/test_tainted.pl...
patching ./t/test.pl...
patching ./lib/Test/Unit/Lite.pm...
patching ./Build.PL...
Checking if your kit is complete...
Looks good
Generating a Unix-style Makefile
Writing Makefile for Test::Unit::Lite
Writing MYMETA.yml and MYMETA.json
no configure script, doing nothing
building
Created MYMETA.yml and MYMETA.json
Creating new 'Build' script for 'Test-Unit-Lite' version '0.1202'
Building Test-Unit-Lite
running tests
t/all_tests.t .......... ok
t/all_tests_tainted.t .. skipped: Taint::Runtime missed
All tests successful.
Files=2, Tests=39,  0 wallclock secs ( 0.02 usr  0.00 sys +  0.07 cusr  0.01 csys =  0.10 CPU)
Result: PASS
installing
Building Test-Unit-Lite
Installing /nix/store/w11swnciwxydy3zxmamq74vsy8gdsw6b-perl5.32.0-Test-Unit-Lite-0.1202/lib/perl5/site_perl/5.32.0/Test/Unit/Lite.pm
Installing /nix/store/w11swnciwxydy3zxmamq74vsy8gdsw6b-perl5.32.0-Test-Unit-Lite-0.1202/share/man/man3/Test::Unit::Lite.3
post-installation fixup
Moving /nix/store/w11swnciwxydy3zxmamq74vsy8gdsw6b-perl5.32.0-Test-Unit-Lite-0.1202/share/man/man3 to /nix/store/3z134fs3jy3gp77162c7byrlhryzg0i4-perl5.32.0-Test-Unit-Lite-0.1202-devdoc/share/man/man3
Removing empty /nix/store/w11swnciwxydy3zxmamq74vsy8gdsw6b-perl5.32.0-Test-Unit-Lite-0.1202/share/man/ and (possibly) its parents
shrinking RPATHs of ELF executables and libraries in /nix/store/w11swnciwxydy3zxmamq74vsy8gdsw6b-perl5.32.0-Test-Unit-Lite-0.1202
strip is /nix/store/psyzbhp4p088sb9qcs378hfbslcalasl-binutils-2.31.1/bin/strip
stripping (with command strip and flags -S) in /nix/store/w11swnciwxydy3zxmamq74vsy8gdsw6b-perl5.32.0-Test-Unit-Lite-0.1202/lib
patching script interpreter paths in /nix/store/w11swnciwxydy3zxmamq74vsy8gdsw6b-perl5.32.0-Test-Unit-Lite-0.1202
checking for references to /build/ in /nix/store/w11swnciwxydy3zxmamq74vsy8gdsw6b-perl5.32.0-Test-Unit-Lite-0.1202...
shrinking RPATHs of ELF executables and libraries in /nix/store/3z134fs3jy3gp77162c7byrlhryzg0i4-perl5.32.0-Test-Unit-Lite-0.1202-devdoc
gzipping man pages under /nix/store/3z134fs3jy3gp77162c7byrlhryzg0i4-perl5.32.0-Test-Unit-Lite-0.1202-devdoc/share/man/
strip is /nix/store/psyzbhp4p088sb9qcs378hfbslcalasl-binutils-2.31.1/bin/strip
patching script interpreter paths in /nix/store/3z134fs3jy3gp77162c7byrlhryzg0i4-perl5.32.0-Test-Unit-Lite-0.1202-devdoc
checking for references to /build/ in /nix/store/3z134fs3jy3gp77162c7byrlhryzg0i4-perl5.32.0-Test-Unit-Lite-0.1202-devdoc...
building '/nix/store/5r91hbrny8qsl68cci3dzkk2b8fzk9xw-perl5.32.0-Exception-Base-0.2501.drv'...
unpacking sources
unpacking source archive /nix/store/mafmzx9di3799p5k3snlr6q2xl88cm8s-Exception-Base-0.2501.tar.gz
source root is Exception-Base-0.2501
setting SOURCE_DATE_EPOCH to timestamp 1447937528 of file Exception-Base-0.2501/SIGNATURE
patching sources
configuring
patching ./xt/pod_syntax.t...
patching ./xt/signature.t...
patching ./xt/minimumversion.t...
patching ./xt/distribution.t...
patching ./xt/cpan_meta.t...
patching ./xt/check_changes.t...
patching ./xt/pod.t...
patching ./xt/no_tabs.t...
patching ./xt/pod_coverage.t...
patching ./xt/pod_spell.t...
patching ./xt/benchmark_fail.pl...
patching ./xt/eol.t...
patching ./xt/copyright.t...
patching ./xt/consistent_version_numbers.t...
patching ./xt/cover.pl...
patching ./xt/kwalitee.t...
patching ./xt/portability_files.t...
patching ./xt/perlcritic.t...
patching ./xt/profile_eval.pl...
patching ./xt/dist_manifest.t...
patching ./xt/cpan_changes.t...
patching ./xt/benchmark.pl...
patching ./xt/benchmark_ok.pl...
patching ./examples/file-not-found_exception.pl...
patching ./examples/ignore_package.pl...
patching ./examples/trycatch_try_catch_given_when.pl...
patching ./examples/try_catch.pl...
patching ./examples/eval_throw_if_elsif_else.pl...
patching ./examples/trycatch_try_catch_where.pl...
patching ./examples/die_propagate.pl...
patching ./examples/eval_throw_given_when_default.pl...
patching ./examples/try_tiny_try_catch_given_when.pl...
patching ./t/all_tests.t...
patching ./t/test.pl...
patching ./lib/Exception/Base.pm...
patching ./Build.PL...
Checking if your kit is complete...
Looks good
Generating a Unix-style Makefile
Writing Makefile for Exception::Base
Writing MYMETA.yml and MYMETA.json
no configure script, doing nothing
building
Created MYMETA.yml and MYMETA.json
Creating new 'Build' script for 'Exception-Base' version '0.2501'
Building Exception-Base
running tests
t/all_tests.t .. ok
All tests successful.
Files=1, Tests=50,  0 wallclock secs ( 0.02 usr  0.01 sys +  0.05 cusr  0.02 csys =  0.10 CPU)
Result: PASS
installing
Building Exception-Base
Installing /nix/store/5zylzla8n0n7yn3k52lzkn0smg8h21kf-perl5.32.0-Exception-Base-0.2501/lib/perl5/site_perl/5.32.0/Exception/Base.pm
Installing /nix/store/5zylzla8n0n7yn3k52lzkn0smg8h21kf-perl5.32.0-Exception-Base-0.2501/share/man/man3/Exception::Base.3
post-installation fixup
Moving /nix/store/5zylzla8n0n7yn3k52lzkn0smg8h21kf-perl5.32.0-Exception-Base-0.2501/share/man/man3 to /nix/store/8xix8i6k0pfmi4i1gjwzl6bv3w7aryhp-perl5.32.0-Exception-Base-0.2501-devdoc/share/man/man3
Removing empty /nix/store/5zylzla8n0n7yn3k52lzkn0smg8h21kf-perl5.32.0-Exception-Base-0.2501/share/man/ and (possibly) its parents
shrinking RPATHs of ELF executables and libraries in /nix/store/5zylzla8n0n7yn3k52lzkn0smg8h21kf-perl5.32.0-Exception-Base-0.2501
strip is /nix/store/psyzbhp4p088sb9qcs378hfbslcalasl-binutils-2.31.1/bin/strip
stripping (with command strip and flags -S) in /nix/store/5zylzla8n0n7yn3k52lzkn0smg8h21kf-perl5.32.0-Exception-Base-0.2501/lib
patching script interpreter paths in /nix/store/5zylzla8n0n7yn3k52lzkn0smg8h21kf-perl5.32.0-Exception-Base-0.2501
checking for references to /build/ in /nix/store/5zylzla8n0n7yn3k52lzkn0smg8h21kf-perl5.32.0-Exception-Base-0.2501...
shrinking RPATHs of ELF executables and libraries in /nix/store/8xix8i6k0pfmi4i1gjwzl6bv3w7aryhp-perl5.32.0-Exception-Base-0.2501-devdoc
gzipping man pages under /nix/store/8xix8i6k0pfmi4i1gjwzl6bv3w7aryhp-perl5.32.0-Exception-Base-0.2501-devdoc/share/man/
strip is /nix/store/psyzbhp4p088sb9qcs378hfbslcalasl-binutils-2.31.1/bin/strip
patching script interpreter paths in /nix/store/8xix8i6k0pfmi4i1gjwzl6bv3w7aryhp-perl5.32.0-Exception-Base-0.2501-devdoc
checking for references to /build/ in /nix/store/8xix8i6k0pfmi4i1gjwzl6bv3w7aryhp-perl5.32.0-Exception-Base-0.2501-devdoc...
/nix/store/5zylzla8n0n7yn3k52lzkn0smg8h21kf-perl5.32.0-Exception-Base-0.2501
