these derivations will be built:
  /nix/store/ik1psh7rq8d7lnx3phzfwaix98bbad6r-perl5.32.0-ExtUtils-XSBuilder-0.28.drv
building '/nix/store/ik1psh7rq8d7lnx3phzfwaix98bbad6r-perl5.32.0-ExtUtils-XSBuilder-0.28.drv'...
unpacking sources
unpacking source archive /nix/store/isj80av521c9dbh2r0k21gfgiwm6wrag-ExtUtils-XSBuilder-0.28.tar.gz
source root is ExtUtils-XSBuilder-0.28
setting SOURCE_DATE_EPOCH to timestamp 1144508333 of file ExtUtils-XSBuilder-0.28/META.yml
patching sources
configuring
Checking if your kit is complete...
Looks good
Generating a Unix-style Makefile
Writing Makefile for ExtUtils::XSBuilder
Writing MYMETA.yml and MYMETA.json
no configure script, doing nothing
building
build flags: SHELL=/nix/store/9fqwwd4iybmhjqyxiaxycknslw6bgwh1-bash-4.4-p23/bin/bash
cp XSBuilder/PODTemplate.pm blib/lib/ExtUtils/XSBuilder/PODTemplate.pm
cp XSBuilder/ParseSource.pm blib/lib/ExtUtils/XSBuilder/ParseSource.pm
cp XSBuilder.pm blib/lib/ExtUtils/XSBuilder.pm
cp xsbuilder.osc2002.pod blib/lib/ExtUtils/xsbuilder.osc2002.pod
cp XSBuilder/C/grammar.pm blib/lib/ExtUtils/XSBuilder/C/grammar.pm
cp XSBuilder/StructureMap.pm blib/lib/ExtUtils/XSBuilder/StructureMap.pm
cp XSBuilder/CallbackMap.pm blib/lib/ExtUtils/XSBuilder/CallbackMap.pm
cp XSBuilder/FunctionMap.pm blib/lib/ExtUtils/XSBuilder/FunctionMap.pm
cp XSBuilder/MapUtil.pm blib/lib/ExtUtils/XSBuilder/MapUtil.pm
cp XSBuilder/WrapXS.pm blib/lib/ExtUtils/XSBuilder/WrapXS.pm
cp XSBuilder.pod blib/lib/ExtUtils/XSBuilder.pod
cp XSBuilder/TypeMap.pm blib/lib/ExtUtils/XSBuilder/TypeMap.pm
Manifying 6 pod documents
running tests
check flags: SHELL=/nix/store/9fqwwd4iybmhjqyxiaxycknslw6bgwh1-bash-4.4-p23/bin/bash VERBOSE=y test
PERL_DL_NONLAZY=1 "/nix/store/7c044di03qa7qgr5kjjc2d787aspzp0m-perl-5.32.0/bin/perl" "-Iblib/lib" "-Iblib/arch" test.pl
loading ... ok
installing
install flags: SHELL=/nix/store/9fqwwd4iybmhjqyxiaxycknslw6bgwh1-bash-4.4-p23/bin/bash pkgconfigdir=/nix/store/ni5ar0y8fljhb3iy5bb52gjbhyaqyvkr-perl5.32.0-ExtUtils-XSBuilder-0.28/lib/pkgconfig m4datadir=/nix/store/ni5ar0y8fljhb3iy5bb52gjbhyaqyvkr-perl5.32.0-ExtUtils-XSBuilder-0.28/share/aclocal aclocaldir=/nix/store/ni5ar0y8fljhb3iy5bb52gjbhyaqyvkr-perl5.32.0-ExtUtils-XSBuilder-0.28/share/aclocal install
Manifying 6 pod documents
Installing /nix/store/ni5ar0y8fljhb3iy5bb52gjbhyaqyvkr-perl5.32.0-ExtUtils-XSBuilder-0.28/lib/perl5/site_perl/5.32.0/ExtUtils/xsbuilder.osc2002.pod
Installing /nix/store/ni5ar0y8fljhb3iy5bb52gjbhyaqyvkr-perl5.32.0-ExtUtils-XSBuilder-0.28/lib/perl5/site_perl/5.32.0/ExtUtils/XSBuilder.pm
Installing /nix/store/ni5ar0y8fljhb3iy5bb52gjbhyaqyvkr-perl5.32.0-ExtUtils-XSBuilder-0.28/lib/perl5/site_perl/5.32.0/ExtUtils/XSBuilder.pod
Installing /nix/store/ni5ar0y8fljhb3iy5bb52gjbhyaqyvkr-perl5.32.0-ExtUtils-XSBuilder-0.28/lib/perl5/site_perl/5.32.0/ExtUtils/XSBuilder/StructureMap.pm
Installing /nix/store/ni5ar0y8fljhb3iy5bb52gjbhyaqyvkr-perl5.32.0-ExtUtils-XSBuilder-0.28/lib/perl5/site_perl/5.32.0/ExtUtils/XSBuilder/FunctionMap.pm
Installing /nix/store/ni5ar0y8fljhb3iy5bb52gjbhyaqyvkr-perl5.32.0-ExtUtils-XSBuilder-0.28/lib/perl5/site_perl/5.32.0/ExtUtils/XSBuilder/TypeMap.pm
Installing /nix/store/ni5ar0y8fljhb3iy5bb52gjbhyaqyvkr-perl5.32.0-ExtUtils-XSBuilder-0.28/lib/perl5/site_perl/5.32.0/ExtUtils/XSBuilder/PODTemplate.pm
Installing /nix/store/ni5ar0y8fljhb3iy5bb52gjbhyaqyvkr-perl5.32.0-ExtUtils-XSBuilder-0.28/lib/perl5/site_perl/5.32.0/ExtUtils/XSBuilder/WrapXS.pm
Installing /nix/store/ni5ar0y8fljhb3iy5bb52gjbhyaqyvkr-perl5.32.0-ExtUtils-XSBuilder-0.28/lib/perl5/site_perl/5.32.0/ExtUtils/XSBuilder/CallbackMap.pm
Installing /nix/store/ni5ar0y8fljhb3iy5bb52gjbhyaqyvkr-perl5.32.0-ExtUtils-XSBuilder-0.28/lib/perl5/site_perl/5.32.0/ExtUtils/XSBuilder/ParseSource.pm
Installing /nix/store/ni5ar0y8fljhb3iy5bb52gjbhyaqyvkr-perl5.32.0-ExtUtils-XSBuilder-0.28/lib/perl5/site_perl/5.32.0/ExtUtils/XSBuilder/MapUtil.pm
Installing /nix/store/ni5ar0y8fljhb3iy5bb52gjbhyaqyvkr-perl5.32.0-ExtUtils-XSBuilder-0.28/lib/perl5/site_perl/5.32.0/ExtUtils/XSBuilder/C/grammar.pm
Installing /nix/store/ni5ar0y8fljhb3iy5bb52gjbhyaqyvkr-perl5.32.0-ExtUtils-XSBuilder-0.28/share/man/man3/ExtUtils::XSBuilder::C::grammar.3
Installing /nix/store/ni5ar0y8fljhb3iy5bb52gjbhyaqyvkr-perl5.32.0-ExtUtils-XSBuilder-0.28/share/man/man3/ExtUtils::XSBuilder::ParseSource.3
Installing /nix/store/ni5ar0y8fljhb3iy5bb52gjbhyaqyvkr-perl5.32.0-ExtUtils-XSBuilder-0.28/share/man/man3/ExtUtils::XSBuilder::PODTemplate.3
Installing /nix/store/ni5ar0y8fljhb3iy5bb52gjbhyaqyvkr-perl5.32.0-ExtUtils-XSBuilder-0.28/share/man/man3/ExtUtils::XSBuilder.3
Installing /nix/store/ni5ar0y8fljhb3iy5bb52gjbhyaqyvkr-perl5.32.0-ExtUtils-XSBuilder-0.28/share/man/man3/ExtUtils::XSBuilder::WrapXS.3
Installing /nix/store/ni5ar0y8fljhb3iy5bb52gjbhyaqyvkr-perl5.32.0-ExtUtils-XSBuilder-0.28/share/man/man3/ExtUtils::xsbuilder.osc2002.3
Appending installation info to /nix/store/ni5ar0y8fljhb3iy5bb52gjbhyaqyvkr-perl5.32.0-ExtUtils-XSBuilder-0.28/lib/perl5/5.32.0/x86_64-linux-thread-multi/perllocal.pod
post-installation fixup
Moving /nix/store/ni5ar0y8fljhb3iy5bb52gjbhyaqyvkr-perl5.32.0-ExtUtils-XSBuilder-0.28/share/man/man3 to /nix/store/86mg043r25gw12s7cvl0vwvppcf1f8r1-perl5.32.0-ExtUtils-XSBuilder-0.28-devdoc/share/man/man3
Removing empty /nix/store/ni5ar0y8fljhb3iy5bb52gjbhyaqyvkr-perl5.32.0-ExtUtils-XSBuilder-0.28/share/man/ and (possibly) its parents
shrinking RPATHs of ELF executables and libraries in /nix/store/ni5ar0y8fljhb3iy5bb52gjbhyaqyvkr-perl5.32.0-ExtUtils-XSBuilder-0.28
strip is /nix/store/psyzbhp4p088sb9qcs378hfbslcalasl-binutils-2.31.1/bin/strip
stripping (with command strip and flags -S) in /nix/store/ni5ar0y8fljhb3iy5bb52gjbhyaqyvkr-perl5.32.0-ExtUtils-XSBuilder-0.28/lib
patching script interpreter paths in /nix/store/ni5ar0y8fljhb3iy5bb52gjbhyaqyvkr-perl5.32.0-ExtUtils-XSBuilder-0.28
checking for references to /build/ in /nix/store/ni5ar0y8fljhb3iy5bb52gjbhyaqyvkr-perl5.32.0-ExtUtils-XSBuilder-0.28...
shrinking RPATHs of ELF executables and libraries in /nix/store/86mg043r25gw12s7cvl0vwvppcf1f8r1-perl5.32.0-ExtUtils-XSBuilder-0.28-devdoc
gzipping man pages under /nix/store/86mg043r25gw12s7cvl0vwvppcf1f8r1-perl5.32.0-ExtUtils-XSBuilder-0.28-devdoc/share/man/
strip is /nix/store/psyzbhp4p088sb9qcs378hfbslcalasl-binutils-2.31.1/bin/strip
patching script interpreter paths in /nix/store/86mg043r25gw12s7cvl0vwvppcf1f8r1-perl5.32.0-ExtUtils-XSBuilder-0.28-devdoc
checking for references to /build/ in /nix/store/86mg043r25gw12s7cvl0vwvppcf1f8r1-perl5.32.0-ExtUtils-XSBuilder-0.28-devdoc...
/nix/store/ni5ar0y8fljhb3iy5bb52gjbhyaqyvkr-perl5.32.0-ExtUtils-XSBuilder-0.28
