these derivations will be built:
  /nix/store/hsds1y6jjn16dp49pvx90vy89qx177i3-perl5.32.0-ExtUtils-Manifest-1.72.drv
these paths will be fetched (0.04 MiB download, 0.04 MiB unpacked):
  /nix/store/hs5pm8r1mii10m6r5g3i6l70rkxxn3ib-ExtUtils-Manifest-1.72.tar.gz
copying path '/nix/store/hs5pm8r1mii10m6r5g3i6l70rkxxn3ib-ExtUtils-Manifest-1.72.tar.gz' from 'https://cache.nixos.org'...
building '/nix/store/hsds1y6jjn16dp49pvx90vy89qx177i3-perl5.32.0-ExtUtils-Manifest-1.72.drv'...
unpacking sources
unpacking source archive /nix/store/hs5pm8r1mii10m6r5g3i6l70rkxxn3ib-ExtUtils-Manifest-1.72.tar.gz
source root is ExtUtils-Manifest-1.72
setting SOURCE_DATE_EPOCH to timestamp 1552249598 of file ExtUtils-Manifest-1.72/xt/release/distmeta.t
patching sources
configuring
patching ./xt/release/distmeta.t...
patching ./xt/author/mojibake.t...
patching ./xt/author/pod-syntax.t...
patching ./xt/author/pod-no404s.t...
patching ./xt/author/minimum-version.t...
patching ./t/00-report-prereqs.t...
Checking if your kit is complete...
Looks good
Generating a Unix-style Makefile
Writing Makefile for ExtUtils::Manifest
Writing MYMETA.yml and MYMETA.json
no configure script, doing nothing
building
build flags: SHELL=/nix/store/9fqwwd4iybmhjqyxiaxycknslw6bgwh1-bash-4.4-p23/bin/bash
cp lib/ExtUtils/MANIFEST.SKIP blib/lib/ExtUtils/MANIFEST.SKIP
cp lib/ExtUtils/Manifest.pm blib/lib/ExtUtils/Manifest.pm
Manifying 1 pod document
running tests
check flags: SHELL=/nix/store/9fqwwd4iybmhjqyxiaxycknslw6bgwh1-bash-4.4-p23/bin/bash VERBOSE=y test
PERL_DL_NONLAZY=1 "/nix/store/7c044di03qa7qgr5kjjc2d787aspzp0m-perl-5.32.0/bin/perl" "-MExtUtils::Command::MM" "-MTest::Harness" "-e" "undef *Test::Harness::Switches; test_harness(0, 'blib/lib', 'blib/arch')" t/*.t
t/00-report-prereqs.t .. #
# Versions for all modules listed in MYMETA.json (including optional ones):
#
# === Configure Requires ===
#
#     Module              Want Have
#     ------------------- ---- ----
#     ExtUtils::MakeMaker  any 7.44
#
# === Configure Suggests ===
#
#     Module      Want Have
#     -------- ------- ----
#     JSON::PP 2.27300 4.04
#
# === Build Requires ===
#
#     Module              Want Have
#     ------------------- ---- ----
#     ExtUtils::MakeMaker  any 7.44
#
# === Test Requires ===
#
#     Module              Want     Have
#     ------------------- ---- --------
#     Cwd                  any     3.78
#     Data::Dumper         any    2.174
#     ExtUtils::MakeMaker  any     7.44
#     File::Spec           0.8     3.78
#     Test::More           any 1.302175
#
# === Test Recommends ===
#
#     Module         Want     Have
#     ---------- -------- --------
#     CPAN::Meta 2.120900 2.150010
#
# === Runtime Requires ===
#
#     Module         Want Have
#     -------------- ---- ----
#     Carp            any 1.50
#     Exporter        any 5.74
#     File::Basename  any 2.85
#     File::Copy      any 2.34
#     File::Find      any 1.37
#     File::Path      any 2.16
#     File::Spec      0.8 3.78
#     strict          any 1.11
#     warnings        any 1.47
#
t/00-report-prereqs.t .. ok
t/Manifest.t ........... ok
All tests successful.
Files=2, Tests=99,  0 wallclock secs ( 0.02 usr  0.01 sys +  0.25 cusr  0.03 csys =  0.31 CPU)
Result: PASS
installing
install flags: SHELL=/nix/store/9fqwwd4iybmhjqyxiaxycknslw6bgwh1-bash-4.4-p23/bin/bash pkgconfigdir=/nix/store/bq131dzvcbif8y26dnh9p46apnfyb4hx-perl5.32.0-ExtUtils-Manifest-1.72/lib/pkgconfig m4datadir=/nix/store/bq131dzvcbif8y26dnh9p46apnfyb4hx-perl5.32.0-ExtUtils-Manifest-1.72/share/aclocal aclocaldir=/nix/store/bq131dzvcbif8y26dnh9p46apnfyb4hx-perl5.32.0-ExtUtils-Manifest-1.72/share/aclocal install
Manifying 1 pod document
Installing /nix/store/bq131dzvcbif8y26dnh9p46apnfyb4hx-perl5.32.0-ExtUtils-Manifest-1.72/lib/perl5/site_perl/5.32.0/ExtUtils/Manifest.pm
Installing /nix/store/bq131dzvcbif8y26dnh9p46apnfyb4hx-perl5.32.0-ExtUtils-Manifest-1.72/lib/perl5/site_perl/5.32.0/ExtUtils/MANIFEST.SKIP
Installing /nix/store/bq131dzvcbif8y26dnh9p46apnfyb4hx-perl5.32.0-ExtUtils-Manifest-1.72/share/man/man3/ExtUtils::Manifest.3
Appending installation info to /nix/store/bq131dzvcbif8y26dnh9p46apnfyb4hx-perl5.32.0-ExtUtils-Manifest-1.72/lib/perl5/5.32.0/x86_64-linux-thread-multi/perllocal.pod
post-installation fixup
Moving /nix/store/bq131dzvcbif8y26dnh9p46apnfyb4hx-perl5.32.0-ExtUtils-Manifest-1.72/share/man/man3 to /nix/store/v6cwb4jvkxlxp8jmqqpzpnfa09izfsn8-perl5.32.0-ExtUtils-Manifest-1.72-devdoc/share/man/man3
Removing empty /nix/store/bq131dzvcbif8y26dnh9p46apnfyb4hx-perl5.32.0-ExtUtils-Manifest-1.72/share/man/ and (possibly) its parents
shrinking RPATHs of ELF executables and libraries in /nix/store/bq131dzvcbif8y26dnh9p46apnfyb4hx-perl5.32.0-ExtUtils-Manifest-1.72
strip is /nix/store/psyzbhp4p088sb9qcs378hfbslcalasl-binutils-2.31.1/bin/strip
stripping (with command strip and flags -S) in /nix/store/bq131dzvcbif8y26dnh9p46apnfyb4hx-perl5.32.0-ExtUtils-Manifest-1.72/lib
patching script interpreter paths in /nix/store/bq131dzvcbif8y26dnh9p46apnfyb4hx-perl5.32.0-ExtUtils-Manifest-1.72
checking for references to /build/ in /nix/store/bq131dzvcbif8y26dnh9p46apnfyb4hx-perl5.32.0-ExtUtils-Manifest-1.72...
shrinking RPATHs of ELF executables and libraries in /nix/store/v6cwb4jvkxlxp8jmqqpzpnfa09izfsn8-perl5.32.0-ExtUtils-Manifest-1.72-devdoc
gzipping man pages under /nix/store/v6cwb4jvkxlxp8jmqqpzpnfa09izfsn8-perl5.32.0-ExtUtils-Manifest-1.72-devdoc/share/man/
strip is /nix/store/psyzbhp4p088sb9qcs378hfbslcalasl-binutils-2.31.1/bin/strip
patching script interpreter paths in /nix/store/v6cwb4jvkxlxp8jmqqpzpnfa09izfsn8-perl5.32.0-ExtUtils-Manifest-1.72-devdoc
checking for references to /build/ in /nix/store/v6cwb4jvkxlxp8jmqqpzpnfa09izfsn8-perl5.32.0-ExtUtils-Manifest-1.72-devdoc...
/nix/store/bq131dzvcbif8y26dnh9p46apnfyb4hx-perl5.32.0-ExtUtils-Manifest-1.72
