these derivations will be built:
  /nix/store/l6a8xgzw8wlbfgpvkcmgn4l673qwpgrx-perl5.32.0-ExtUtils-LibBuilder-0.08.drv
these paths will be fetched (0.01 MiB download, 0.01 MiB unpacked):
  /nix/store/5dw82l8xva1x4dw7gxhwii6czsfzr2xa-ExtUtils-LibBuilder-0.08.tar.gz
copying path '/nix/store/5dw82l8xva1x4dw7gxhwii6czsfzr2xa-ExtUtils-LibBuilder-0.08.tar.gz' from 'https://cache.nixos.org'...
building '/nix/store/l6a8xgzw8wlbfgpvkcmgn4l673qwpgrx-perl5.32.0-ExtUtils-LibBuilder-0.08.drv'...
unpacking sources
unpacking source archive /nix/store/5dw82l8xva1x4dw7gxhwii6czsfzr2xa-ExtUtils-LibBuilder-0.08.tar.gz
source root is ExtUtils-LibBuilder-0.08
setting SOURCE_DATE_EPOCH to timestamp 1445273838 of file ExtUtils-LibBuilder-0.08/t/pod.t
patching sources
configuring
patching ./t/pod.t...
patching ./t/01-simple.t...
patching ./t/00-load.t...
no configure script, doing nothing
building
Created MYMETA.yml and MYMETA.json
Creating new 'Build' script for 'ExtUtils-LibBuilder' version '0.08'
Building ExtUtils-LibBuilder
running tests
t/00-load.t ....... 1/1 # Testing ExtUtils::LibBuilder 0.08, Perl 5.032000, /nix/store/7c044di03qa7qgr5kjjc2d787aspzp0m-perl-5.32.0/bin/perl
t/00-load.t ....... ok
t/01-simple.t ..... ok
t/pod-coverage.t .. skipped: Test::Pod::Coverage 1.08 required for testing POD coverage
t/pod.t ........... skipped: Test::Pod 1.22 required for testing POD
All tests successful.
Files=4, Tests=8,  0 wallclock secs ( 0.02 usr  0.00 sys +  0.50 cusr  0.12 csys =  0.64 CPU)
Result: PASS
installing
Building ExtUtils-LibBuilder
Installing /nix/store/agf4hw36sgb44y0s28n89vrpg24ilis4-perl5.32.0-ExtUtils-LibBuilder-0.08/lib/perl5/site_perl/5.32.0/ExtUtils/LibBuilder.pm
Installing /nix/store/agf4hw36sgb44y0s28n89vrpg24ilis4-perl5.32.0-ExtUtils-LibBuilder-0.08/share/man/man3/ExtUtils::LibBuilder.3
post-installation fixup
Moving /nix/store/agf4hw36sgb44y0s28n89vrpg24ilis4-perl5.32.0-ExtUtils-LibBuilder-0.08/share/man/man3 to /nix/store/11z5jg06hckr6ai0mkfg1v50m4y7zr1z-perl5.32.0-ExtUtils-LibBuilder-0.08-devdoc/share/man/man3
Removing empty /nix/store/agf4hw36sgb44y0s28n89vrpg24ilis4-perl5.32.0-ExtUtils-LibBuilder-0.08/share/man/ and (possibly) its parents
shrinking RPATHs of ELF executables and libraries in /nix/store/agf4hw36sgb44y0s28n89vrpg24ilis4-perl5.32.0-ExtUtils-LibBuilder-0.08
strip is /nix/store/psyzbhp4p088sb9qcs378hfbslcalasl-binutils-2.31.1/bin/strip
stripping (with command strip and flags -S) in /nix/store/agf4hw36sgb44y0s28n89vrpg24ilis4-perl5.32.0-ExtUtils-LibBuilder-0.08/lib
patching script interpreter paths in /nix/store/agf4hw36sgb44y0s28n89vrpg24ilis4-perl5.32.0-ExtUtils-LibBuilder-0.08
checking for references to /build/ in /nix/store/agf4hw36sgb44y0s28n89vrpg24ilis4-perl5.32.0-ExtUtils-LibBuilder-0.08...
shrinking RPATHs of ELF executables and libraries in /nix/store/11z5jg06hckr6ai0mkfg1v50m4y7zr1z-perl5.32.0-ExtUtils-LibBuilder-0.08-devdoc
gzipping man pages under /nix/store/11z5jg06hckr6ai0mkfg1v50m4y7zr1z-perl5.32.0-ExtUtils-LibBuilder-0.08-devdoc/share/man/
strip is /nix/store/psyzbhp4p088sb9qcs378hfbslcalasl-binutils-2.31.1/bin/strip
patching script interpreter paths in /nix/store/11z5jg06hckr6ai0mkfg1v50m4y7zr1z-perl5.32.0-ExtUtils-LibBuilder-0.08-devdoc
checking for references to /build/ in /nix/store/11z5jg06hckr6ai0mkfg1v50m4y7zr1z-perl5.32.0-ExtUtils-LibBuilder-0.08-devdoc...
/nix/store/agf4hw36sgb44y0s28n89vrpg24ilis4-perl5.32.0-ExtUtils-LibBuilder-0.08
