these derivations will be built:
  /nix/store/qkfliyjbgkzj4sxiv3zsp90qlx11w0pq-perl5.32.0-FCGI-Client-0.09.drv
these paths will be fetched (0.02 MiB download, 0.02 MiB unpacked):
  /nix/store/9kbs915lvm2671w273sikh162phi2pza-FCGI-Client-0.09.tar.gz
copying path '/nix/store/9kbs915lvm2671w273sikh162phi2pza-FCGI-Client-0.09.tar.gz' from 'https://cache.nixos.org'...
building '/nix/store/qkfliyjbgkzj4sxiv3zsp90qlx11w0pq-perl5.32.0-FCGI-Client-0.09.drv'...
unpacking sources
unpacking source archive /nix/store/9kbs915lvm2671w273sikh162phi2pza-FCGI-Client-0.09.tar.gz
source root is FCGI-Client-0.09
setting SOURCE_DATE_EPOCH to timestamp 1531751016 of file FCGI-Client-0.09/xt/02_perlcritic.t
patching sources
configuring
patching ./scripts/fcgicli.pl...
patching ./t/fcgi/timeout.fcgi...
patching ./t/fcgi/big_post.fcgi...
patching ./t/fcgi/keepalive.fcgi...
patching ./t/fcgi/post.fcgi...
patching ./t/fcgi/ruby.rb...
patching ./t/fcgi/hello.fcgi...
no configure script, doing nothing
building
Creating new 'Build' script for 'FCGI-Client' version '0.09'
cp lib/FCGI/Client/RecordHeader.pm blib/lib/FCGI/Client/RecordHeader.pm
cp lib/FCGI/Client.pm blib/lib/FCGI/Client.pm
cp lib/FCGI/Client/Record.pm blib/lib/FCGI/Client/Record.pm
cp lib/FCGI/Client/RecordFactory.pm blib/lib/FCGI/Client/RecordFactory.pm
cp lib/FCGI/Client/Connection.pm blib/lib/FCGI/Client/Connection.pm
cp lib/FCGI/Client/Constant.pm blib/lib/FCGI/Client/Constant.pm
running tests
t/00_compile.t .. ok
All tests successful.
Files=1, Tests=1,  1 wallclock secs ( 0.03 usr  0.01 sys +  0.11 cusr  0.03 csys =  0.18 CPU)
Result: PASS
installing
Installing /nix/store/86qfm29jkcygi2v8ahnwb4rz93mz4lkg-perl5.32.0-FCGI-Client-0.09/lib/perl5/site_perl/5.32.0/FCGI/Client.pm
Installing /nix/store/86qfm29jkcygi2v8ahnwb4rz93mz4lkg-perl5.32.0-FCGI-Client-0.09/lib/perl5/site_perl/5.32.0/FCGI/Client/Constant.pm
Installing /nix/store/86qfm29jkcygi2v8ahnwb4rz93mz4lkg-perl5.32.0-FCGI-Client-0.09/lib/perl5/site_perl/5.32.0/FCGI/Client/Connection.pm
Installing /nix/store/86qfm29jkcygi2v8ahnwb4rz93mz4lkg-perl5.32.0-FCGI-Client-0.09/lib/perl5/site_perl/5.32.0/FCGI/Client/Record.pm
Installing /nix/store/86qfm29jkcygi2v8ahnwb4rz93mz4lkg-perl5.32.0-FCGI-Client-0.09/lib/perl5/site_perl/5.32.0/FCGI/Client/RecordHeader.pm
Installing /nix/store/86qfm29jkcygi2v8ahnwb4rz93mz4lkg-perl5.32.0-FCGI-Client-0.09/lib/perl5/site_perl/5.32.0/FCGI/Client/RecordFactory.pm
Installing /nix/store/86qfm29jkcygi2v8ahnwb4rz93mz4lkg-perl5.32.0-FCGI-Client-0.09/share/man/man3/FCGI::Client.3
Installing /nix/store/86qfm29jkcygi2v8ahnwb4rz93mz4lkg-perl5.32.0-FCGI-Client-0.09/share/man/man3/FCGI::Client::Constant.3
Installing /nix/store/86qfm29jkcygi2v8ahnwb4rz93mz4lkg-perl5.32.0-FCGI-Client-0.09/share/man/man3/FCGI::Client::RecordFactory.3
Installing /nix/store/86qfm29jkcygi2v8ahnwb4rz93mz4lkg-perl5.32.0-FCGI-Client-0.09/share/man/man3/FCGI::Client::Record.3
Installing /nix/store/86qfm29jkcygi2v8ahnwb4rz93mz4lkg-perl5.32.0-FCGI-Client-0.09/share/man/man3/FCGI::Client::RecordHeader.3
Installing /nix/store/86qfm29jkcygi2v8ahnwb4rz93mz4lkg-perl5.32.0-FCGI-Client-0.09/share/man/man3/FCGI::Client::Connection.3
post-installation fixup
Moving /nix/store/86qfm29jkcygi2v8ahnwb4rz93mz4lkg-perl5.32.0-FCGI-Client-0.09/share/man/man3 to /nix/store/nci78i73d6d3p5498z6zrb8qlh7s9v6s-perl5.32.0-FCGI-Client-0.09-devdoc/share/man/man3
Removing empty /nix/store/86qfm29jkcygi2v8ahnwb4rz93mz4lkg-perl5.32.0-FCGI-Client-0.09/share/man/ and (possibly) its parents
shrinking RPATHs of ELF executables and libraries in /nix/store/86qfm29jkcygi2v8ahnwb4rz93mz4lkg-perl5.32.0-FCGI-Client-0.09
strip is /nix/store/psyzbhp4p088sb9qcs378hfbslcalasl-binutils-2.31.1/bin/strip
stripping (with command strip and flags -S) in /nix/store/86qfm29jkcygi2v8ahnwb4rz93mz4lkg-perl5.32.0-FCGI-Client-0.09/lib
patching script interpreter paths in /nix/store/86qfm29jkcygi2v8ahnwb4rz93mz4lkg-perl5.32.0-FCGI-Client-0.09
checking for references to /build/ in /nix/store/86qfm29jkcygi2v8ahnwb4rz93mz4lkg-perl5.32.0-FCGI-Client-0.09...
shrinking RPATHs of ELF executables and libraries in /nix/store/nci78i73d6d3p5498z6zrb8qlh7s9v6s-perl5.32.0-FCGI-Client-0.09-devdoc
gzipping man pages under /nix/store/nci78i73d6d3p5498z6zrb8qlh7s9v6s-perl5.32.0-FCGI-Client-0.09-devdoc/share/man/
strip is /nix/store/psyzbhp4p088sb9qcs378hfbslcalasl-binutils-2.31.1/bin/strip
patching script interpreter paths in /nix/store/nci78i73d6d3p5498z6zrb8qlh7s9v6s-perl5.32.0-FCGI-Client-0.09-devdoc
checking for references to /build/ in /nix/store/nci78i73d6d3p5498z6zrb8qlh7s9v6s-perl5.32.0-FCGI-Client-0.09-devdoc...
/nix/store/86qfm29jkcygi2v8ahnwb4rz93mz4lkg-perl5.32.0-FCGI-Client-0.09
