these derivations will be built:
  /nix/store/1ksq1ja04vfadv6nihigs9ki50y5428h-perl5.32.0-File-Share-0.25.drv
these paths will be fetched (0.01 MiB download, 0.01 MiB unpacked):
  /nix/store/l8fgkd85lr2sa9rkjmm05k0g2iwpxpdz-File-Share-0.25.tar.gz
copying path '/nix/store/l8fgkd85lr2sa9rkjmm05k0g2iwpxpdz-File-Share-0.25.tar.gz' from 'https://cache.nixos.org'...
building '/nix/store/1ksq1ja04vfadv6nihigs9ki50y5428h-perl5.32.0-File-Share-0.25.drv'...
unpacking sources
unpacking source archive /nix/store/l8fgkd85lr2sa9rkjmm05k0g2iwpxpdz-File-Share-0.25.tar.gz
source root is File-Share-0.25
setting SOURCE_DATE_EPOCH to timestamp 1408647589 of file File-Share-0.25/xt/within-dist.t
patching sources
configuring
patching ./t/release-pod-syntax.t...
Checking if your kit is complete...
Looks good
Generating a Unix-style Makefile
Writing Makefile for File::Share
Writing MYMETA.yml and MYMETA.json
no configure script, doing nothing
building
build flags: SHELL=/nix/store/9fqwwd4iybmhjqyxiaxycknslw6bgwh1-bash-4.4-p23/bin/bash
cp lib/File/Share.pod blib/lib/File/Share.pod
cp lib/File/Share.pm blib/lib/File/Share.pm
Manifying 1 pod document
running tests
check flags: SHELL=/nix/store/9fqwwd4iybmhjqyxiaxycknslw6bgwh1-bash-4.4-p23/bin/bash VERBOSE=y test
PERL_DL_NONLAZY=1 "/nix/store/7c044di03qa7qgr5kjjc2d787aspzp0m-perl-5.32.0/bin/perl" "-MExtUtils::Command::MM" "-MTest::Harness" "-e" "undef *Test::Harness::Switches; test_harness(0, 'blib/lib', 'blib/arch')" t/*.t
t/000-compile-modules.t .. ok
t/release-pod-syntax.t ... skipped: these tests are for release candidate testing
All tests successful.
Files=2, Tests=1,  0 wallclock secs ( 0.03 usr  0.01 sys +  0.11 cusr  0.03 csys =  0.18 CPU)
Result: PASS
installing
install flags: SHELL=/nix/store/9fqwwd4iybmhjqyxiaxycknslw6bgwh1-bash-4.4-p23/bin/bash pkgconfigdir=/nix/store/50d833fpdgfhr50mcg17fk7c4v8jvq4a-perl5.32.0-File-Share-0.25/lib/pkgconfig m4datadir=/nix/store/50d833fpdgfhr50mcg17fk7c4v8jvq4a-perl5.32.0-File-Share-0.25/share/aclocal aclocaldir=/nix/store/50d833fpdgfhr50mcg17fk7c4v8jvq4a-perl5.32.0-File-Share-0.25/share/aclocal install
Manifying 1 pod document
Installing /nix/store/50d833fpdgfhr50mcg17fk7c4v8jvq4a-perl5.32.0-File-Share-0.25/lib/perl5/site_perl/5.32.0/File/Share.pod
Installing /nix/store/50d833fpdgfhr50mcg17fk7c4v8jvq4a-perl5.32.0-File-Share-0.25/lib/perl5/site_perl/5.32.0/File/Share.pm
Installing /nix/store/50d833fpdgfhr50mcg17fk7c4v8jvq4a-perl5.32.0-File-Share-0.25/share/man/man3/File::Share.3
Appending installation info to /nix/store/50d833fpdgfhr50mcg17fk7c4v8jvq4a-perl5.32.0-File-Share-0.25/lib/perl5/5.32.0/x86_64-linux-thread-multi/perllocal.pod
post-installation fixup
Moving /nix/store/50d833fpdgfhr50mcg17fk7c4v8jvq4a-perl5.32.0-File-Share-0.25/share/man/man3 to /nix/store/nlhmqd1ykznj37wwilaw6hyjziricbdv-perl5.32.0-File-Share-0.25-devdoc/share/man/man3
Removing empty /nix/store/50d833fpdgfhr50mcg17fk7c4v8jvq4a-perl5.32.0-File-Share-0.25/share/man/ and (possibly) its parents
shrinking RPATHs of ELF executables and libraries in /nix/store/50d833fpdgfhr50mcg17fk7c4v8jvq4a-perl5.32.0-File-Share-0.25
strip is /nix/store/psyzbhp4p088sb9qcs378hfbslcalasl-binutils-2.31.1/bin/strip
stripping (with command strip and flags -S) in /nix/store/50d833fpdgfhr50mcg17fk7c4v8jvq4a-perl5.32.0-File-Share-0.25/lib
patching script interpreter paths in /nix/store/50d833fpdgfhr50mcg17fk7c4v8jvq4a-perl5.32.0-File-Share-0.25
checking for references to /build/ in /nix/store/50d833fpdgfhr50mcg17fk7c4v8jvq4a-perl5.32.0-File-Share-0.25...
shrinking RPATHs of ELF executables and libraries in /nix/store/nlhmqd1ykznj37wwilaw6hyjziricbdv-perl5.32.0-File-Share-0.25-devdoc
gzipping man pages under /nix/store/nlhmqd1ykznj37wwilaw6hyjziricbdv-perl5.32.0-File-Share-0.25-devdoc/share/man/
strip is /nix/store/psyzbhp4p088sb9qcs378hfbslcalasl-binutils-2.31.1/bin/strip
patching script interpreter paths in /nix/store/nlhmqd1ykznj37wwilaw6hyjziricbdv-perl5.32.0-File-Share-0.25-devdoc
checking for references to /build/ in /nix/store/nlhmqd1ykznj37wwilaw6hyjziricbdv-perl5.32.0-File-Share-0.25-devdoc...
/nix/store/50d833fpdgfhr50mcg17fk7c4v8jvq4a-perl5.32.0-File-Share-0.25
