these derivations will be built:
  /nix/store/kxlia4y5pcb7pv3d5lrb9v94ryfpg05l-perl5.32.0-File-Touch-0.11.drv
these paths will be fetched (0.01 MiB download, 0.01 MiB unpacked):
  /nix/store/7m6v8ipn189cq3a1v34qmwrrsjh3ah5j-File-Touch-0.11.tar.gz
copying path '/nix/store/7m6v8ipn189cq3a1v34qmwrrsjh3ah5j-File-Touch-0.11.tar.gz' from 'https://cache.nixos.org'...
building '/nix/store/kxlia4y5pcb7pv3d5lrb9v94ryfpg05l-perl5.32.0-File-Touch-0.11.drv'...
unpacking sources
unpacking source archive /nix/store/7m6v8ipn189cq3a1v34qmwrrsjh3ah5j-File-Touch-0.11.tar.gz
source root is File-Touch-0.11
setting SOURCE_DATE_EPOCH to timestamp 1456527623 of file File-Touch-0.11/t/02-basic-usage.t
patching sources
configuring
patching ./t/02-basic-usage.t...
patching ./t/01-require.t...
Checking if your kit is complete...
Looks good
Generating a Unix-style Makefile
Writing Makefile for File::Touch
Writing MYMETA.yml and MYMETA.json
no configure script, doing nothing
building
build flags: SHELL=/nix/store/9fqwwd4iybmhjqyxiaxycknslw6bgwh1-bash-4.4-p23/bin/bash
cp lib/File/Touch.pm blib/lib/File/Touch.pm
Manifying 1 pod document
running tests
check flags: SHELL=/nix/store/9fqwwd4iybmhjqyxiaxycknslw6bgwh1-bash-4.4-p23/bin/bash VERBOSE=y test
PERL_DL_NONLAZY=1 "/nix/store/7c044di03qa7qgr5kjjc2d787aspzp0m-perl-5.32.0/bin/perl" "-MExtUtils::Command::MM" "-MTest::Harness" "-e" "undef *Test::Harness::Switches; test_harness(0, 'blib/lib', 'blib/arch')" t/*.t
t/01-require.t ...... ok
t/02-basic-usage.t .. ok
All tests successful.
Files=2, Tests=19,  0 wallclock secs ( 0.02 usr  0.01 sys +  0.10 cusr  0.02 csys =  0.15 CPU)
Result: PASS
installing
install flags: SHELL=/nix/store/9fqwwd4iybmhjqyxiaxycknslw6bgwh1-bash-4.4-p23/bin/bash pkgconfigdir=/nix/store/74qk4wrqlzblq84wg1iy43f48d8nv5wp-perl5.32.0-File-Touch-0.11/lib/pkgconfig m4datadir=/nix/store/74qk4wrqlzblq84wg1iy43f48d8nv5wp-perl5.32.0-File-Touch-0.11/share/aclocal aclocaldir=/nix/store/74qk4wrqlzblq84wg1iy43f48d8nv5wp-perl5.32.0-File-Touch-0.11/share/aclocal install
Manifying 1 pod document
Installing /nix/store/74qk4wrqlzblq84wg1iy43f48d8nv5wp-perl5.32.0-File-Touch-0.11/lib/perl5/site_perl/5.32.0/File/Touch.pm
Installing /nix/store/74qk4wrqlzblq84wg1iy43f48d8nv5wp-perl5.32.0-File-Touch-0.11/share/man/man3/File::Touch.3
Appending installation info to /nix/store/74qk4wrqlzblq84wg1iy43f48d8nv5wp-perl5.32.0-File-Touch-0.11/lib/perl5/5.32.0/x86_64-linux-thread-multi/perllocal.pod
post-installation fixup
Moving /nix/store/74qk4wrqlzblq84wg1iy43f48d8nv5wp-perl5.32.0-File-Touch-0.11/share/man/man3 to /nix/store/qmpd7qpsdzq6d0i8wmvm9h6p42l869sn-perl5.32.0-File-Touch-0.11-devdoc/share/man/man3
Removing empty /nix/store/74qk4wrqlzblq84wg1iy43f48d8nv5wp-perl5.32.0-File-Touch-0.11/share/man/ and (possibly) its parents
shrinking RPATHs of ELF executables and libraries in /nix/store/74qk4wrqlzblq84wg1iy43f48d8nv5wp-perl5.32.0-File-Touch-0.11
strip is /nix/store/psyzbhp4p088sb9qcs378hfbslcalasl-binutils-2.31.1/bin/strip
stripping (with command strip and flags -S) in /nix/store/74qk4wrqlzblq84wg1iy43f48d8nv5wp-perl5.32.0-File-Touch-0.11/lib
patching script interpreter paths in /nix/store/74qk4wrqlzblq84wg1iy43f48d8nv5wp-perl5.32.0-File-Touch-0.11
checking for references to /build/ in /nix/store/74qk4wrqlzblq84wg1iy43f48d8nv5wp-perl5.32.0-File-Touch-0.11...
shrinking RPATHs of ELF executables and libraries in /nix/store/qmpd7qpsdzq6d0i8wmvm9h6p42l869sn-perl5.32.0-File-Touch-0.11-devdoc
gzipping man pages under /nix/store/qmpd7qpsdzq6d0i8wmvm9h6p42l869sn-perl5.32.0-File-Touch-0.11-devdoc/share/man/
strip is /nix/store/psyzbhp4p088sb9qcs378hfbslcalasl-binutils-2.31.1/bin/strip
patching script interpreter paths in /nix/store/qmpd7qpsdzq6d0i8wmvm9h6p42l869sn-perl5.32.0-File-Touch-0.11-devdoc
checking for references to /build/ in /nix/store/qmpd7qpsdzq6d0i8wmvm9h6p42l869sn-perl5.32.0-File-Touch-0.11-devdoc...
/nix/store/74qk4wrqlzblq84wg1iy43f48d8nv5wp-perl5.32.0-File-Touch-0.11
