these derivations will be built:
  /nix/store/hsv37s5cgqdiyfaysp0lk2lcbjhwwwlz-perl5.32.0-FreezeThaw-0.5001.drv
building '/nix/store/hsv37s5cgqdiyfaysp0lk2lcbjhwwwlz-perl5.32.0-FreezeThaw-0.5001.drv'...
unpacking sources
unpacking source archive /nix/store/jxy86pp172adc7l5s0ly8ygznqkbyr64-FreezeThaw-0.5001.tar.gz
source root is FreezeThaw-0.5001
setting SOURCE_DATE_EPOCH to timestamp 1270333664 of file FreezeThaw-0.5001/META.yml
patching sources
configuring
Checking if your kit is complete...
Looks good
Generating a Unix-style Makefile
Writing Makefile for FreezeThaw
Writing MYMETA.yml and MYMETA.json
no configure script, doing nothing
building
build flags: SHELL=/nix/store/9fqwwd4iybmhjqyxiaxycknslw6bgwh1-bash-4.4-p23/bin/bash
cp FreezeThaw.pm blib/lib/FreezeThaw.pm
Manifying 1 pod document
installing
install flags: SHELL=/nix/store/9fqwwd4iybmhjqyxiaxycknslw6bgwh1-bash-4.4-p23/bin/bash pkgconfigdir=/nix/store/3jakjfajkdcf5sl0adlfqmypcfw789kb-perl5.32.0-FreezeThaw-0.5001/lib/pkgconfig m4datadir=/nix/store/3jakjfajkdcf5sl0adlfqmypcfw789kb-perl5.32.0-FreezeThaw-0.5001/share/aclocal aclocaldir=/nix/store/3jakjfajkdcf5sl0adlfqmypcfw789kb-perl5.32.0-FreezeThaw-0.5001/share/aclocal install
Manifying 1 pod document
Installing /nix/store/3jakjfajkdcf5sl0adlfqmypcfw789kb-perl5.32.0-FreezeThaw-0.5001/lib/perl5/site_perl/5.32.0/FreezeThaw.pm
Installing /nix/store/3jakjfajkdcf5sl0adlfqmypcfw789kb-perl5.32.0-FreezeThaw-0.5001/share/man/man3/FreezeThaw.3
Appending installation info to /nix/store/3jakjfajkdcf5sl0adlfqmypcfw789kb-perl5.32.0-FreezeThaw-0.5001/lib/perl5/5.32.0/x86_64-linux-thread-multi/perllocal.pod
post-installation fixup
Moving /nix/store/3jakjfajkdcf5sl0adlfqmypcfw789kb-perl5.32.0-FreezeThaw-0.5001/share/man/man3 to /nix/store/wq2h4sbznin95agy6jh7idrgzb01pcpv-perl5.32.0-FreezeThaw-0.5001-devdoc/share/man/man3
Removing empty /nix/store/3jakjfajkdcf5sl0adlfqmypcfw789kb-perl5.32.0-FreezeThaw-0.5001/share/man/ and (possibly) its parents
shrinking RPATHs of ELF executables and libraries in /nix/store/3jakjfajkdcf5sl0adlfqmypcfw789kb-perl5.32.0-FreezeThaw-0.5001
strip is /nix/store/psyzbhp4p088sb9qcs378hfbslcalasl-binutils-2.31.1/bin/strip
stripping (with command strip and flags -S) in /nix/store/3jakjfajkdcf5sl0adlfqmypcfw789kb-perl5.32.0-FreezeThaw-0.5001/lib
patching script interpreter paths in /nix/store/3jakjfajkdcf5sl0adlfqmypcfw789kb-perl5.32.0-FreezeThaw-0.5001
checking for references to /build/ in /nix/store/3jakjfajkdcf5sl0adlfqmypcfw789kb-perl5.32.0-FreezeThaw-0.5001...
shrinking RPATHs of ELF executables and libraries in /nix/store/wq2h4sbznin95agy6jh7idrgzb01pcpv-perl5.32.0-FreezeThaw-0.5001-devdoc
gzipping man pages under /nix/store/wq2h4sbznin95agy6jh7idrgzb01pcpv-perl5.32.0-FreezeThaw-0.5001-devdoc/share/man/
strip is /nix/store/psyzbhp4p088sb9qcs378hfbslcalasl-binutils-2.31.1/bin/strip
patching script interpreter paths in /nix/store/wq2h4sbznin95agy6jh7idrgzb01pcpv-perl5.32.0-FreezeThaw-0.5001-devdoc
checking for references to /build/ in /nix/store/wq2h4sbznin95agy6jh7idrgzb01pcpv-perl5.32.0-FreezeThaw-0.5001-devdoc...
/nix/store/3jakjfajkdcf5sl0adlfqmypcfw789kb-perl5.32.0-FreezeThaw-0.5001
