these derivations will be built:
  /nix/store/ncddlyix6dvki8crc0ka0s8wfrkny2da-perl5.32.0-Getopt-Tabular-0.3.drv
these paths will be fetched (0.03 MiB download, 0.03 MiB unpacked):
  /nix/store/fxhjqilira601f46yngi213szv7yyifj-Getopt-Tabular-0.3.tar.gz
copying path '/nix/store/fxhjqilira601f46yngi213szv7yyifj-Getopt-Tabular-0.3.tar.gz' from 'https://cache.nixos.org'...
building '/nix/store/ncddlyix6dvki8crc0ka0s8wfrkny2da-perl5.32.0-Getopt-Tabular-0.3.drv'...
unpacking sources
unpacking source archive /nix/store/fxhjqilira601f46yngi213szv7yyifj-Getopt-Tabular-0.3.tar.gz
source root is Getopt-Tabular-0.3
setting SOURCE_DATE_EPOCH to timestamp 923534504 of file Getopt-Tabular-0.3/Changes
patching sources
configuring
patching ./demo...
Checking if your kit is complete...
Looks good
Generating a Unix-style Makefile
Writing Makefile for Getopt::Tabular
Writing MYMETA.yml and MYMETA.json
no configure script, doing nothing
building
build flags: SHELL=/nix/store/9fqwwd4iybmhjqyxiaxycknslw6bgwh1-bash-4.4-p23/bin/bash
cp Tabular.pod blib/lib/Getopt/Tabular.pod
cp Tabular.pm blib/lib/Getopt/Tabular.pm
Manifying 1 pod document
running tests
check flags: SHELL=/nix/store/9fqwwd4iybmhjqyxiaxycknslw6bgwh1-bash-4.4-p23/bin/bash VERBOSE=y test
PERL_DL_NONLAZY=1 "/nix/store/7c044di03qa7qgr5kjjc2d787aspzp0m-perl-5.32.0/bin/perl" "-Iblib/lib" "-Iblib/arch" test.pl
1..9
ok 1
ok 2
ok 3
ok 4
ok 5
ok 6
ok 7
ok 8
ok 9
installing
install flags: SHELL=/nix/store/9fqwwd4iybmhjqyxiaxycknslw6bgwh1-bash-4.4-p23/bin/bash pkgconfigdir=/nix/store/4p0s1yaylhiv29hhvxzzcvnqj458pqip-perl5.32.0-Getopt-Tabular-0.3/lib/pkgconfig m4datadir=/nix/store/4p0s1yaylhiv29hhvxzzcvnqj458pqip-perl5.32.0-Getopt-Tabular-0.3/share/aclocal aclocaldir=/nix/store/4p0s1yaylhiv29hhvxzzcvnqj458pqip-perl5.32.0-Getopt-Tabular-0.3/share/aclocal install
Manifying 1 pod document
Installing /nix/store/4p0s1yaylhiv29hhvxzzcvnqj458pqip-perl5.32.0-Getopt-Tabular-0.3/lib/perl5/site_perl/5.32.0/Getopt/Tabular.pod
Installing /nix/store/4p0s1yaylhiv29hhvxzzcvnqj458pqip-perl5.32.0-Getopt-Tabular-0.3/lib/perl5/site_perl/5.32.0/Getopt/Tabular.pm
Installing /nix/store/4p0s1yaylhiv29hhvxzzcvnqj458pqip-perl5.32.0-Getopt-Tabular-0.3/share/man/man3/Getopt::Tabular.3
Appending installation info to /nix/store/4p0s1yaylhiv29hhvxzzcvnqj458pqip-perl5.32.0-Getopt-Tabular-0.3/lib/perl5/5.32.0/x86_64-linux-thread-multi/perllocal.pod
post-installation fixup
Moving /nix/store/4p0s1yaylhiv29hhvxzzcvnqj458pqip-perl5.32.0-Getopt-Tabular-0.3/share/man/man3 to /nix/store/yx28avmh757agv376hnhp0d97qdcgriy-perl5.32.0-Getopt-Tabular-0.3-devdoc/share/man/man3
Removing empty /nix/store/4p0s1yaylhiv29hhvxzzcvnqj458pqip-perl5.32.0-Getopt-Tabular-0.3/share/man/ and (possibly) its parents
shrinking RPATHs of ELF executables and libraries in /nix/store/4p0s1yaylhiv29hhvxzzcvnqj458pqip-perl5.32.0-Getopt-Tabular-0.3
strip is /nix/store/psyzbhp4p088sb9qcs378hfbslcalasl-binutils-2.31.1/bin/strip
stripping (with command strip and flags -S) in /nix/store/4p0s1yaylhiv29hhvxzzcvnqj458pqip-perl5.32.0-Getopt-Tabular-0.3/lib
patching script interpreter paths in /nix/store/4p0s1yaylhiv29hhvxzzcvnqj458pqip-perl5.32.0-Getopt-Tabular-0.3
checking for references to /build/ in /nix/store/4p0s1yaylhiv29hhvxzzcvnqj458pqip-perl5.32.0-Getopt-Tabular-0.3...
shrinking RPATHs of ELF executables and libraries in /nix/store/yx28avmh757agv376hnhp0d97qdcgriy-perl5.32.0-Getopt-Tabular-0.3-devdoc
gzipping man pages under /nix/store/yx28avmh757agv376hnhp0d97qdcgriy-perl5.32.0-Getopt-Tabular-0.3-devdoc/share/man/
strip is /nix/store/psyzbhp4p088sb9qcs378hfbslcalasl-binutils-2.31.1/bin/strip
patching script interpreter paths in /nix/store/yx28avmh757agv376hnhp0d97qdcgriy-perl5.32.0-Getopt-Tabular-0.3-devdoc
checking for references to /build/ in /nix/store/yx28avmh757agv376hnhp0d97qdcgriy-perl5.32.0-Getopt-Tabular-0.3-devdoc...
/nix/store/4p0s1yaylhiv29hhvxzzcvnqj458pqip-perl5.32.0-Getopt-Tabular-0.3
