these derivations will be built:
  /nix/store/937hgdfghl0n49gwizjsx9qwhaz3krm4-perl5.32.0-Getopt-ArgvFile-1.11.drv
these paths will be fetched (0.02 MiB download, 0.02 MiB unpacked):
  /nix/store/2hri3gjs3xajcmiv3wfh2dr9d2srkq8k-Getopt-ArgvFile-1.11.tar.gz
copying path '/nix/store/2hri3gjs3xajcmiv3wfh2dr9d2srkq8k-Getopt-ArgvFile-1.11.tar.gz' from 'https://cache.nixos.org'...
building '/nix/store/937hgdfghl0n49gwizjsx9qwhaz3krm4-perl5.32.0-Getopt-ArgvFile-1.11.drv'...
unpacking sources
unpacking source archive /nix/store/2hri3gjs3xajcmiv3wfh2dr9d2srkq8k-Getopt-ArgvFile-1.11.tar.gz
source root is Getopt-ArgvFile-1.11
setting SOURCE_DATE_EPOCH to timestamp 1177180682 of file Getopt-ArgvFile-1.11/META.yml
patching sources
configuring
Checking if your kit is complete...
Looks good
Generating a Unix-style Makefile
Writing Makefile for Getopt::ArgvFile
Writing MYMETA.yml and MYMETA.json
no configure script, doing nothing
building
build flags: SHELL=/nix/store/9fqwwd4iybmhjqyxiaxycknslw6bgwh1-bash-4.4-p23/bin/bash
cp ArgvFile.pm blib/lib/Getopt/ArgvFile.pm
Manifying 1 pod document
running tests
check flags: SHELL=/nix/store/9fqwwd4iybmhjqyxiaxycknslw6bgwh1-bash-4.4-p23/bin/bash VERBOSE=y test
PERL_DL_NONLAZY=1 "/nix/store/7c044di03qa7qgr5kjjc2d787aspzp0m-perl-5.32.0/bin/perl" "-MExtUtils::Command::MM" "-MTest::Harness" "-e" "undef *Test::Harness::Switches; test_harness(0, 'blib/lib', 'blib/arch')" t/*.t
t/base.t ........... ok
t/expandenv.t ...... ok
t/fileopt.t ........ ok
t/noHOMEvar.t ...... ok
t/pod-coverage.t ... skipped: Test::Pod::Coverage 1.00 required for testing POD coverage
t/pod.t ............ skipped: Test::Pod 1.00 required for testing POD
t/prefix.t ......... ok
t/resolvepathes.t .. ok
t/use1.t ........... ok
t/use2.t ........... ok
All tests successful.
Files=10, Tests=43,  0 wallclock secs ( 0.03 usr  0.01 sys +  0.53 cusr  0.09 csys =  0.66 CPU)
Result: PASS
installing
install flags: SHELL=/nix/store/9fqwwd4iybmhjqyxiaxycknslw6bgwh1-bash-4.4-p23/bin/bash pkgconfigdir=/nix/store/qbmm5220c8whzidkl7j4fkrvjwjcqxw8-perl5.32.0-Getopt-ArgvFile-1.11/lib/pkgconfig m4datadir=/nix/store/qbmm5220c8whzidkl7j4fkrvjwjcqxw8-perl5.32.0-Getopt-ArgvFile-1.11/share/aclocal aclocaldir=/nix/store/qbmm5220c8whzidkl7j4fkrvjwjcqxw8-perl5.32.0-Getopt-ArgvFile-1.11/share/aclocal install
Manifying 1 pod document
Installing /nix/store/qbmm5220c8whzidkl7j4fkrvjwjcqxw8-perl5.32.0-Getopt-ArgvFile-1.11/lib/perl5/site_perl/5.32.0/Getopt/ArgvFile.pm
Installing /nix/store/qbmm5220c8whzidkl7j4fkrvjwjcqxw8-perl5.32.0-Getopt-ArgvFile-1.11/share/man/man3/Getopt::ArgvFile.3
Appending installation info to /nix/store/qbmm5220c8whzidkl7j4fkrvjwjcqxw8-perl5.32.0-Getopt-ArgvFile-1.11/lib/perl5/5.32.0/x86_64-linux-thread-multi/perllocal.pod
post-installation fixup
Moving /nix/store/qbmm5220c8whzidkl7j4fkrvjwjcqxw8-perl5.32.0-Getopt-ArgvFile-1.11/share/man/man3 to /nix/store/7n8rh44p841bhwva6z1vvyw87a0fx0va-perl5.32.0-Getopt-ArgvFile-1.11-devdoc/share/man/man3
Removing empty /nix/store/qbmm5220c8whzidkl7j4fkrvjwjcqxw8-perl5.32.0-Getopt-ArgvFile-1.11/share/man/ and (possibly) its parents
shrinking RPATHs of ELF executables and libraries in /nix/store/qbmm5220c8whzidkl7j4fkrvjwjcqxw8-perl5.32.0-Getopt-ArgvFile-1.11
strip is /nix/store/psyzbhp4p088sb9qcs378hfbslcalasl-binutils-2.31.1/bin/strip
stripping (with command strip and flags -S) in /nix/store/qbmm5220c8whzidkl7j4fkrvjwjcqxw8-perl5.32.0-Getopt-ArgvFile-1.11/lib
patching script interpreter paths in /nix/store/qbmm5220c8whzidkl7j4fkrvjwjcqxw8-perl5.32.0-Getopt-ArgvFile-1.11
checking for references to /build/ in /nix/store/qbmm5220c8whzidkl7j4fkrvjwjcqxw8-perl5.32.0-Getopt-ArgvFile-1.11...
shrinking RPATHs of ELF executables and libraries in /nix/store/7n8rh44p841bhwva6z1vvyw87a0fx0va-perl5.32.0-Getopt-ArgvFile-1.11-devdoc
gzipping man pages under /nix/store/7n8rh44p841bhwva6z1vvyw87a0fx0va-perl5.32.0-Getopt-ArgvFile-1.11-devdoc/share/man/
strip is /nix/store/psyzbhp4p088sb9qcs378hfbslcalasl-binutils-2.31.1/bin/strip
patching script interpreter paths in /nix/store/7n8rh44p841bhwva6z1vvyw87a0fx0va-perl5.32.0-Getopt-ArgvFile-1.11-devdoc
checking for references to /build/ in /nix/store/7n8rh44p841bhwva6z1vvyw87a0fx0va-perl5.32.0-Getopt-ArgvFile-1.11-devdoc...
/nix/store/qbmm5220c8whzidkl7j4fkrvjwjcqxw8-perl5.32.0-Getopt-ArgvFile-1.11
