these derivations will be built:
  /nix/store/9f7rflb1ca9fdvwkikkq8m5w6arhn2hp-perl5.32.0-Git-0.42.drv
these paths will be fetched (0.08 MiB download, 0.08 MiB unpacked):
  /nix/store/g5qly49xfn0fqfagzlcfdj61zbwkpjxm-Git-0.42.tar.gz
copying path '/nix/store/g5qly49xfn0fqfagzlcfdj61zbwkpjxm-Git-0.42.tar.gz' from 'https://cache.nixos.org'...
building '/nix/store/9f7rflb1ca9fdvwkikkq8m5w6arhn2hp-perl5.32.0-Git-0.42.drv'...
unpacking sources
unpacking source archive /nix/store/g5qly49xfn0fqfagzlcfdj61zbwkpjxm-Git-0.42.tar.gz
source root is Git-0.42
setting SOURCE_DATE_EPOCH to timestamp 1507290360 of file Git-0.42/lib/private-Error.pm
patching sources
configuring
Checking if your kit is complete...
Looks good
Generating a Unix-style Makefile
Writing Makefile for Git
Writing MYMETA.yml and MYMETA.json
no configure script, doing nothing
building
build flags: SHELL=/nix/store/9fqwwd4iybmhjqyxiaxycknslw6bgwh1-bash-4.4-p23/bin/bash
cp lib/Git/SVN/Memoize/YAML.pm blib/lib/Git/SVN/Memoize/YAML.pm
cp lib/Git.pm blib/lib/Git.pm
cp lib/Git/SVN/Migration.pm blib/lib/Git/SVN/Migration.pm
cp lib/Git/SVN/GlobSpec.pm blib/lib/Git/SVN/GlobSpec.pm
cp lib/Git/SVN/Ra.pm blib/lib/Git/SVN/Ra.pm
cp lib/Git/SVN/Editor.pm blib/lib/Git/SVN/Editor.pm
cp lib/Git/SVN/Utils.pm blib/lib/Git/SVN/Utils.pm
cp lib/Git/SVN/Fetcher.pm blib/lib/Git/SVN/Fetcher.pm
cp lib/private-Error.pm blib/lib/private-Error.pm
cp lib/Git/SVN.pm blib/lib/Git/SVN.pm
cp lib/Git/I18N.pm blib/lib/Git/I18N.pm
cp lib/Git/IndexInfo.pm blib/lib/Git/IndexInfo.pm
cp lib/Git/SVN/Prompt.pm blib/lib/Git/SVN/Prompt.pm
cp lib/Git/SVN/Log.pm blib/lib/Git/SVN/Log.pm
Manifying 9 pod documents
running tests
check flags: SHELL=/nix/store/9fqwwd4iybmhjqyxiaxycknslw6bgwh1-bash-4.4-p23/bin/bash VERBOSE=y test
No tests defined for Git extension.
installing
install flags: SHELL=/nix/store/9fqwwd4iybmhjqyxiaxycknslw6bgwh1-bash-4.4-p23/bin/bash pkgconfigdir=/nix/store/z02r3b4afznbiyx9y2s76wbhdv07jalf-perl5.32.0-Git-0.42/lib/pkgconfig m4datadir=/nix/store/z02r3b4afznbiyx9y2s76wbhdv07jalf-perl5.32.0-Git-0.42/share/aclocal aclocaldir=/nix/store/z02r3b4afznbiyx9y2s76wbhdv07jalf-perl5.32.0-Git-0.42/share/aclocal install
Manifying 9 pod documents
Installing /nix/store/z02r3b4afznbiyx9y2s76wbhdv07jalf-perl5.32.0-Git-0.42/lib/perl5/site_perl/5.32.0/Git.pm
Installing /nix/store/z02r3b4afznbiyx9y2s76wbhdv07jalf-perl5.32.0-Git-0.42/lib/perl5/site_perl/5.32.0/private-Error.pm
Installing /nix/store/z02r3b4afznbiyx9y2s76wbhdv07jalf-perl5.32.0-Git-0.42/lib/perl5/site_perl/5.32.0/Git/I18N.pm
Installing /nix/store/z02r3b4afznbiyx9y2s76wbhdv07jalf-perl5.32.0-Git-0.42/lib/perl5/site_perl/5.32.0/Git/SVN.pm
Installing /nix/store/z02r3b4afznbiyx9y2s76wbhdv07jalf-perl5.32.0-Git-0.42/lib/perl5/site_perl/5.32.0/Git/IndexInfo.pm
Installing /nix/store/z02r3b4afznbiyx9y2s76wbhdv07jalf-perl5.32.0-Git-0.42/lib/perl5/site_perl/5.32.0/Git/SVN/Migration.pm
Installing /nix/store/z02r3b4afznbiyx9y2s76wbhdv07jalf-perl5.32.0-Git-0.42/lib/perl5/site_perl/5.32.0/Git/SVN/Ra.pm
Installing /nix/store/z02r3b4afznbiyx9y2s76wbhdv07jalf-perl5.32.0-Git-0.42/lib/perl5/site_perl/5.32.0/Git/SVN/GlobSpec.pm
Installing /nix/store/z02r3b4afznbiyx9y2s76wbhdv07jalf-perl5.32.0-Git-0.42/lib/perl5/site_perl/5.32.0/Git/SVN/Editor.pm
Installing /nix/store/z02r3b4afznbiyx9y2s76wbhdv07jalf-perl5.32.0-Git-0.42/lib/perl5/site_perl/5.32.0/Git/SVN/Prompt.pm
Installing /nix/store/z02r3b4afznbiyx9y2s76wbhdv07jalf-perl5.32.0-Git-0.42/lib/perl5/site_perl/5.32.0/Git/SVN/Fetcher.pm
Installing /nix/store/z02r3b4afznbiyx9y2s76wbhdv07jalf-perl5.32.0-Git-0.42/lib/perl5/site_perl/5.32.0/Git/SVN/Log.pm
Installing /nix/store/z02r3b4afznbiyx9y2s76wbhdv07jalf-perl5.32.0-Git-0.42/lib/perl5/site_perl/5.32.0/Git/SVN/Utils.pm
Installing /nix/store/z02r3b4afznbiyx9y2s76wbhdv07jalf-perl5.32.0-Git-0.42/lib/perl5/site_perl/5.32.0/Git/SVN/Memoize/YAML.pm
Installing /nix/store/z02r3b4afznbiyx9y2s76wbhdv07jalf-perl5.32.0-Git-0.42/share/man/man3/Git::SVN::Fetcher.3
Installing /nix/store/z02r3b4afznbiyx9y2s76wbhdv07jalf-perl5.32.0-Git-0.42/share/man/man3/Git::SVN::Memoize::YAML.3
Installing /nix/store/z02r3b4afznbiyx9y2s76wbhdv07jalf-perl5.32.0-Git-0.42/share/man/man3/Git::I18N.3
Installing /nix/store/z02r3b4afznbiyx9y2s76wbhdv07jalf-perl5.32.0-Git-0.42/share/man/man3/private-Error.3
Installing /nix/store/z02r3b4afznbiyx9y2s76wbhdv07jalf-perl5.32.0-Git-0.42/share/man/man3/Git::SVN::Utils.3
Installing /nix/store/z02r3b4afznbiyx9y2s76wbhdv07jalf-perl5.32.0-Git-0.42/share/man/man3/Git::SVN::Editor.3
Installing /nix/store/z02r3b4afznbiyx9y2s76wbhdv07jalf-perl5.32.0-Git-0.42/share/man/man3/Git.3
Installing /nix/store/z02r3b4afznbiyx9y2s76wbhdv07jalf-perl5.32.0-Git-0.42/share/man/man3/Git::SVN::Prompt.3
Installing /nix/store/z02r3b4afznbiyx9y2s76wbhdv07jalf-perl5.32.0-Git-0.42/share/man/man3/Git::SVN::Ra.3
Appending installation info to /nix/store/z02r3b4afznbiyx9y2s76wbhdv07jalf-perl5.32.0-Git-0.42/lib/perl5/5.32.0/x86_64-linux-thread-multi/perllocal.pod
post-installation fixup
Moving /nix/store/z02r3b4afznbiyx9y2s76wbhdv07jalf-perl5.32.0-Git-0.42/share/man/man3 to /nix/store/83jgm679ib4mshvl9408ciycyvzx8ni4-perl5.32.0-Git-0.42-devdoc/share/man/man3
Removing empty /nix/store/z02r3b4afznbiyx9y2s76wbhdv07jalf-perl5.32.0-Git-0.42/share/man/ and (possibly) its parents
shrinking RPATHs of ELF executables and libraries in /nix/store/z02r3b4afznbiyx9y2s76wbhdv07jalf-perl5.32.0-Git-0.42
strip is /nix/store/psyzbhp4p088sb9qcs378hfbslcalasl-binutils-2.31.1/bin/strip
stripping (with command strip and flags -S) in /nix/store/z02r3b4afznbiyx9y2s76wbhdv07jalf-perl5.32.0-Git-0.42/lib
patching script interpreter paths in /nix/store/z02r3b4afznbiyx9y2s76wbhdv07jalf-perl5.32.0-Git-0.42
checking for references to /build/ in /nix/store/z02r3b4afznbiyx9y2s76wbhdv07jalf-perl5.32.0-Git-0.42...
shrinking RPATHs of ELF executables and libraries in /nix/store/83jgm679ib4mshvl9408ciycyvzx8ni4-perl5.32.0-Git-0.42-devdoc
gzipping man pages under /nix/store/83jgm679ib4mshvl9408ciycyvzx8ni4-perl5.32.0-Git-0.42-devdoc/share/man/
strip is /nix/store/psyzbhp4p088sb9qcs378hfbslcalasl-binutils-2.31.1/bin/strip
patching script interpreter paths in /nix/store/83jgm679ib4mshvl9408ciycyvzx8ni4-perl5.32.0-Git-0.42-devdoc
checking for references to /build/ in /nix/store/83jgm679ib4mshvl9408ciycyvzx8ni4-perl5.32.0-Git-0.42-devdoc...
/nix/store/z02r3b4afznbiyx9y2s76wbhdv07jalf-perl5.32.0-Git-0.42
