these derivations will be built:
  /nix/store/0cv98zkycm05f5a0mqrlyc0gydn7c46w-perl5.32.0-Gtk2-GladeXML-1.007.drv
these paths will be fetched (0.04 MiB download, 0.04 MiB unpacked):
  /nix/store/3hyqzc5fkjq301kdab59if0d34dj0q2f-Gtk2-GladeXML-1.007.tar.gz
copying path '/nix/store/3hyqzc5fkjq301kdab59if0d34dj0q2f-Gtk2-GladeXML-1.007.tar.gz' from 'https://cache.nixos.org'...
building '/nix/store/0cv98zkycm05f5a0mqrlyc0gydn7c46w-perl5.32.0-Gtk2-GladeXML-1.007.drv'...
unpacking sources
unpacking source archive /nix/store/3hyqzc5fkjq301kdab59if0d34dj0q2f-Gtk2-GladeXML-1.007.tar.gz
source root is Gtk2-GladeXML-1.007
setting SOURCE_DATE_EPOCH to timestamp 1220818255 of file Gtk2-GladeXML-1.007/META.yml
patching sources
configuring
patching ./examples/clipboard.pl...
patching ./examples/dnd.pl...
patching ./examples/fileman.pl...
patching ./examples/progress.pl...
patching ./examples/hello-world.pl...
patching ./examples/scribble.pl...
Checking if your kit is complete...
Looks good
Unrecognized argument in LIBS ignored: '-pthread'
Generating a Unix-style Makefile
Writing Makefile for Gtk2::GladeXML
Writing MYMETA.yml and MYMETA.json
no configure script, doing nothing
building
build flags: SHELL=/nix/store/9fqwwd4iybmhjqyxiaxycknslw6bgwh1-bash-4.4-p23/bin/bash
cp build/IFiles.pm blib/arch/Gtk2/GladeXML/Install/Files.pm
cp /build/Gtk2-GladeXML-1.007/gladexmlperl.typemap blib/arch/Gtk2/GladeXML/Install/gladexmlperl.typemap
cp GladeXML.pm blib/lib/Gtk2/GladeXML.pm
cp gladexmlperl.h blib/arch/Gtk2/GladeXML/Install/gladexmlperl.h
Running Mkbootstrap for GladeXML ()
chmod 644 "GladeXML.bs"
"/nix/store/7c044di03qa7qgr5kjjc2d787aspzp0m-perl-5.32.0/bin/perl" -MExtUtils::Command::MM -e 'cp_nonempty' -- GladeXML.bs blib/arch/auto/Gtk2/GladeXML/GladeXML.bs 644
[ XS GladeXML.xs ]
mv GladeXML.xsc GladeXML.c
[ CC GladeXML.c ]
In file included from /nix/store/w7fi1fvji7lw0ck1h4zh25xf9ap4ald0-gtk+-2.24.32-dev/include/gtk-2.0/gtk/gtkobject.h:37,
                 from /nix/store/w7fi1fvji7lw0ck1h4zh25xf9ap4ald0-gtk+-2.24.32-dev/include/gtk-2.0/gtk/gtkwidget.h:36,
                 from /nix/store/w7fi1fvji7lw0ck1h4zh25xf9ap4ald0-gtk+-2.24.32-dev/include/gtk-2.0/gtk/gtkcontainer.h:35,
                 from /nix/store/w7fi1fvji7lw0ck1h4zh25xf9ap4ald0-gtk+-2.24.32-dev/include/gtk-2.0/gtk/gtkbin.h:35,
                 from /nix/store/w7fi1fvji7lw0ck1h4zh25xf9ap4ald0-gtk+-2.24.32-dev/include/gtk-2.0/gtk/gtkwindow.h:36,
                 from /nix/store/w7fi1fvji7lw0ck1h4zh25xf9ap4ald0-gtk+-2.24.32-dev/include/gtk-2.0/gtk/gtkdialog.h:35,
                 from /nix/store/w7fi1fvji7lw0ck1h4zh25xf9ap4ald0-gtk+-2.24.32-dev/include/gtk-2.0/gtk/gtkaboutdialog.h:32,
                 from /nix/store/w7fi1fvji7lw0ck1h4zh25xf9ap4ald0-gtk+-2.24.32-dev/include/gtk-2.0/gtk/gtk.h:33,
                 from /nix/store/xf1yc9xb65sbbx8ah8czayn6n39i39pl-perl5.32.0-Gtk2-1.24993/lib/perl5/site_perl/5.32.0/x86_64-linux-thread-multi/Gtk2/Install/gtk2perl.h:29,
                 from gladexmlperl.h:8,
                 from GladeXML.xs:6:
/nix/store/w7fi1fvji7lw0ck1h4zh25xf9ap4ald0-gtk+-2.24.32-dev/include/gtk-2.0/gtk/gtktypeutils.h:236:1: warning: 'GTypeDebugFlags' is deprecated [-Wdeprecated-declarations]
  236 | void            gtk_type_init   (GTypeDebugFlags    debug_flags);
      | ^~~~
In file included from /nix/store/s2ysdiwvmzi1m71yhsywyya94annyrwk-glib-2.64.3-dev/include/glib-2.0/gobject/gobject.h:24,
                 from /nix/store/s2ysdiwvmzi1m71yhsywyya94annyrwk-glib-2.64.3-dev/include/glib-2.0/gobject/gbinding.h:29,
                 from /nix/store/s2ysdiwvmzi1m71yhsywyya94annyrwk-glib-2.64.3-dev/include/glib-2.0/glib-object.h:22,
                 from /nix/store/vl7c0gjqjy2hriyg4fdcykmjlppbba88-perl5.32.0-Glib-1.3293/lib/perl5/site_perl/5.32.0/x86_64-linux-thread-multi/Glib/Install/gperl.h:37,
                 from /nix/store/xf1yc9xb65sbbx8ah8czayn6n39i39pl-perl5.32.0-Gtk2-1.24993/lib/perl5/site_perl/5.32.0/x86_64-linux-thread-multi/Gtk2/Install/gtk2perl.h:27,
                 from gladexmlperl.h:8,
                 from GladeXML.xs:6:
/nix/store/s2ysdiwvmzi1m71yhsywyya94annyrwk-glib-2.64.3-dev/include/glib-2.0/gobject/gtype.h:679:1: note: declared here
  679 | {
      | ^
In file included from /nix/store/w7fi1fvji7lw0ck1h4zh25xf9ap4ald0-gtk+-2.24.32-dev/include/gtk-2.0/gtk/gtktoolitem.h:31,
                 from /nix/store/w7fi1fvji7lw0ck1h4zh25xf9ap4ald0-gtk+-2.24.32-dev/include/gtk-2.0/gtk/gtktoolbutton.h:30,
                 from /nix/store/w7fi1fvji7lw0ck1h4zh25xf9ap4ald0-gtk+-2.24.32-dev/include/gtk-2.0/gtk/gtkmenutoolbutton.h:30,
                 from /nix/store/w7fi1fvji7lw0ck1h4zh25xf9ap4ald0-gtk+-2.24.32-dev/include/gtk-2.0/gtk/gtk.h:126,
                 from /nix/store/xf1yc9xb65sbbx8ah8czayn6n39i39pl-perl5.32.0-Gtk2-1.24993/lib/perl5/site_perl/5.32.0/x86_64-linux-thread-multi/Gtk2/Install/gtk2perl.h:29,
                 from gladexmlperl.h:8,
                 from GladeXML.xs:6:
/nix/store/w7fi1fvji7lw0ck1h4zh25xf9ap4ald0-gtk+-2.24.32-dev/include/gtk-2.0/gtk/gtktooltips.h:73:3: warning: 'GTimeVal' is deprecated: Use 'GDateTime' instead [-Wdeprecated-declarations]
   73 |   GTimeVal last_popdown;
      |   ^~~~~~~~
In file included from /nix/store/s2ysdiwvmzi1m71yhsywyya94annyrwk-glib-2.64.3-dev/include/glib-2.0/glib/galloca.h:32,
                 from /nix/store/s2ysdiwvmzi1m71yhsywyya94annyrwk-glib-2.64.3-dev/include/glib-2.0/glib.h:30,
                 from /nix/store/s2ysdiwvmzi1m71yhsywyya94annyrwk-glib-2.64.3-dev/include/glib-2.0/gobject/gbinding.h:28,
                 from /nix/store/s2ysdiwvmzi1m71yhsywyya94annyrwk-glib-2.64.3-dev/include/glib-2.0/glib-object.h:22,
                 from /nix/store/vl7c0gjqjy2hriyg4fdcykmjlppbba88-perl5.32.0-Glib-1.3293/lib/perl5/site_perl/5.32.0/x86_64-linux-thread-multi/Glib/Install/gperl.h:37,
                 from /nix/store/xf1yc9xb65sbbx8ah8czayn6n39i39pl-perl5.32.0-Gtk2-1.24993/lib/perl5/site_perl/5.32.0/x86_64-linux-thread-multi/Gtk2/Install/gtk2perl.h:27,
                 from gladexmlperl.h:8,
                 from GladeXML.xs:6:
/nix/store/s2ysdiwvmzi1m71yhsywyya94annyrwk-glib-2.64.3-dev/include/glib-2.0/glib/gtypes.h:547:8: note: declared here
  547 | struct _GTimeVal
      |        ^~~~~~~~~
rm -f blib/arch/auto/Gtk2/GladeXML/GladeXML.so
[ LD blib/arch/auto/Gtk2/GladeXML/GladeXML.so ]
chmod 755 blib/arch/auto/Gtk2/GladeXML/GladeXML.so
Manifying 1 pod document
running tests
check flags: SHELL=/nix/store/9fqwwd4iybmhjqyxiaxycknslw6bgwh1-bash-4.4-p23/bin/bash VERBOSE=y test
"/nix/store/7c044di03qa7qgr5kjjc2d787aspzp0m-perl-5.32.0/bin/perl" -MExtUtils::Command::MM -e 'cp_nonempty' -- GladeXML.bs blib/arch/auto/Gtk2/GladeXML/GladeXML.bs 644
PERL_DL_NONLAZY=1 "/nix/store/7c044di03qa7qgr5kjjc2d787aspzp0m-perl-5.32.0/bin/perl" "-MExtUtils::Command::MM" "-MTest::Harness" "-e" "undef *Test::Harness::Switches; test_harness(0, 'blib/lib', 'blib/arch')" t/*.t
t/0.GladeXML.t .. skipped: Gtk2->init_check failed, probably unable to open DISPLAY
t/custom.t ...... skipped: No DISPLAY
t/more.t ........ skipped: No DISPLAY
Files=3, Tests=0,  1 wallclock secs ( 0.02 usr  0.01 sys +  0.24 cusr  0.07 csys =  0.34 CPU)
Result: NOTESTS
glibPreInstallPhase
installing
install flags: SHELL=/nix/store/9fqwwd4iybmhjqyxiaxycknslw6bgwh1-bash-4.4-p23/bin/bash gsettingsschemadir=/nix/store/mmfwcv1im984nlxx0xkdrgs9m86jd24c-perl5.32.0-Gtk2-GladeXML-1.007/share/gsettings-schemas/perl5.32.0-Gtk2-GladeXML-1.007/glib-2.0/schemas/ pkgconfigdir=/nix/store/mmfwcv1im984nlxx0xkdrgs9m86jd24c-perl5.32.0-Gtk2-GladeXML-1.007/lib/pkgconfig m4datadir=/nix/store/mmfwcv1im984nlxx0xkdrgs9m86jd24c-perl5.32.0-Gtk2-GladeXML-1.007/share/aclocal aclocaldir=/nix/store/mmfwcv1im984nlxx0xkdrgs9m86jd24c-perl5.32.0-Gtk2-GladeXML-1.007/share/aclocal install
"/nix/store/7c044di03qa7qgr5kjjc2d787aspzp0m-perl-5.32.0/bin/perl" -MExtUtils::Command::MM -e 'cp_nonempty' -- GladeXML.bs blib/arch/auto/Gtk2/GladeXML/GladeXML.bs 644
Manifying 1 pod document
Files found in blib/arch: installing files in blib/lib into architecture dependent library tree
Installing /nix/store/mmfwcv1im984nlxx0xkdrgs9m86jd24c-perl5.32.0-Gtk2-GladeXML-1.007/lib/perl5/site_perl/5.32.0/x86_64-linux-thread-multi/Gtk2/GladeXML/Install/gladexmlperl.typemap
Installing /nix/store/mmfwcv1im984nlxx0xkdrgs9m86jd24c-perl5.32.0-Gtk2-GladeXML-1.007/lib/perl5/site_perl/5.32.0/x86_64-linux-thread-multi/Gtk2/GladeXML/Install/Files.pm
Installing /nix/store/mmfwcv1im984nlxx0xkdrgs9m86jd24c-perl5.32.0-Gtk2-GladeXML-1.007/lib/perl5/site_perl/5.32.0/x86_64-linux-thread-multi/Gtk2/GladeXML/Install/gladexmlperl.h
Installing /nix/store/mmfwcv1im984nlxx0xkdrgs9m86jd24c-perl5.32.0-Gtk2-GladeXML-1.007/lib/perl5/site_perl/5.32.0/x86_64-linux-thread-multi/auto/Gtk2/GladeXML/GladeXML.so
Installing /nix/store/mmfwcv1im984nlxx0xkdrgs9m86jd24c-perl5.32.0-Gtk2-GladeXML-1.007/lib/perl5/site_perl/5.32.0/x86_64-linux-thread-multi/Gtk2/GladeXML.pm
Installing /nix/store/mmfwcv1im984nlxx0xkdrgs9m86jd24c-perl5.32.0-Gtk2-GladeXML-1.007/share/man/man3/Gtk2::GladeXML.3
Appending installation info to /nix/store/mmfwcv1im984nlxx0xkdrgs9m86jd24c-perl5.32.0-Gtk2-GladeXML-1.007/lib/perl5/5.32.0/x86_64-linux-thread-multi/perllocal.pod
dropIconThemeCache
glibPreFixupPhase
post-installation fixup
Moving /nix/store/mmfwcv1im984nlxx0xkdrgs9m86jd24c-perl5.32.0-Gtk2-GladeXML-1.007/share/man/man3 to /nix/store/a452bagv5yr0r2yl4vqhlmjahgfxzi18-perl5.32.0-Gtk2-GladeXML-1.007-devdoc/share/man/man3
Removing empty /nix/store/mmfwcv1im984nlxx0xkdrgs9m86jd24c-perl5.32.0-Gtk2-GladeXML-1.007/share/man/ and (possibly) its parents
shrinking RPATHs of ELF executables and libraries in /nix/store/mmfwcv1im984nlxx0xkdrgs9m86jd24c-perl5.32.0-Gtk2-GladeXML-1.007
shrinking /nix/store/mmfwcv1im984nlxx0xkdrgs9m86jd24c-perl5.32.0-Gtk2-GladeXML-1.007/lib/perl5/site_perl/5.32.0/x86_64-linux-thread-multi/auto/Gtk2/GladeXML/GladeXML.so
strip is /nix/store/psyzbhp4p088sb9qcs378hfbslcalasl-binutils-2.31.1/bin/strip
stripping (with command strip and flags -S) in /nix/store/mmfwcv1im984nlxx0xkdrgs9m86jd24c-perl5.32.0-Gtk2-GladeXML-1.007/lib
patching script interpreter paths in /nix/store/mmfwcv1im984nlxx0xkdrgs9m86jd24c-perl5.32.0-Gtk2-GladeXML-1.007
checking for references to /build/ in /nix/store/mmfwcv1im984nlxx0xkdrgs9m86jd24c-perl5.32.0-Gtk2-GladeXML-1.007...
shrinking RPATHs of ELF executables and libraries in /nix/store/a452bagv5yr0r2yl4vqhlmjahgfxzi18-perl5.32.0-Gtk2-GladeXML-1.007-devdoc
gzipping man pages under /nix/store/a452bagv5yr0r2yl4vqhlmjahgfxzi18-perl5.32.0-Gtk2-GladeXML-1.007-devdoc/share/man/
strip is /nix/store/psyzbhp4p088sb9qcs378hfbslcalasl-binutils-2.31.1/bin/strip
patching script interpreter paths in /nix/store/a452bagv5yr0r2yl4vqhlmjahgfxzi18-perl5.32.0-Gtk2-GladeXML-1.007-devdoc
checking for references to /build/ in /nix/store/a452bagv5yr0r2yl4vqhlmjahgfxzi18-perl5.32.0-Gtk2-GladeXML-1.007-devdoc...
/nix/store/mmfwcv1im984nlxx0xkdrgs9m86jd24c-perl5.32.0-Gtk2-GladeXML-1.007
