these derivations will be built:
  /nix/store/h997pnkyzgwmgkaz7nyfpvswkrk9jhvj-perl5.32.0-Hash-Diff-0.010.drv
these paths will be fetched (0.01 MiB download, 0.01 MiB unpacked):
  /nix/store/k6wq5pv3ak0k5xy643jzfzy8i4lnkz10-Hash-Diff-0.010.tar.gz
copying path '/nix/store/k6wq5pv3ak0k5xy643jzfzy8i4lnkz10-Hash-Diff-0.010.tar.gz' from 'https://cache.nixos.org'...
building '/nix/store/h997pnkyzgwmgkaz7nyfpvswkrk9jhvj-perl5.32.0-Hash-Diff-0.010.drv'...
unpacking sources
unpacking source archive /nix/store/k6wq5pv3ak0k5xy643jzfzy8i4lnkz10-Hash-Diff-0.010.tar.gz
source root is Hash-Diff-0.010
setting SOURCE_DATE_EPOCH to timestamp 1533632691 of file Hash-Diff-0.010/t/91_RT101708_undef_diff.t
patching sources
configuring
patching ./t/03synopsis.t...
patching ./t/91_RT101708_undef_diff.t...
patching ./t/02diff.t...
patching ./t/01use.t...
Checking if your kit is complete...
Looks good
Generating a Unix-style Makefile
Writing Makefile for Hash::Diff
Writing MYMETA.yml and MYMETA.json
no configure script, doing nothing
building
build flags: SHELL=/nix/store/9fqwwd4iybmhjqyxiaxycknslw6bgwh1-bash-4.4-p23/bin/bash
cp lib/Hash/Diff.pm blib/lib/Hash/Diff.pm
Manifying 1 pod document
running tests
check flags: SHELL=/nix/store/9fqwwd4iybmhjqyxiaxycknslw6bgwh1-bash-4.4-p23/bin/bash VERBOSE=y test
PERL_DL_NONLAZY=1 "/nix/store/7c044di03qa7qgr5kjjc2d787aspzp0m-perl-5.32.0/bin/perl" "-MExtUtils::Command::MM" "-MTest::Harness" "-e" "undef *Test::Harness::Switches; test_harness(0, 'blib/lib', 'blib/arch')" t/*.t
t/01use.t ................... ok
t/02diff.t .................. ok
t/03synopsis.t .............. ok
t/91_RT101708_undef_diff.t .. ok
All tests successful.
Files=4, Tests=10,  1 wallclock secs ( 0.03 usr  0.00 sys +  0.21 cusr  0.04 csys =  0.28 CPU)
Result: PASS
installing
install flags: SHELL=/nix/store/9fqwwd4iybmhjqyxiaxycknslw6bgwh1-bash-4.4-p23/bin/bash pkgconfigdir=/nix/store/ydc8pnris4xp61ls43bf0g3vwksz2rmf-perl5.32.0-Hash-Diff-0.010/lib/pkgconfig m4datadir=/nix/store/ydc8pnris4xp61ls43bf0g3vwksz2rmf-perl5.32.0-Hash-Diff-0.010/share/aclocal aclocaldir=/nix/store/ydc8pnris4xp61ls43bf0g3vwksz2rmf-perl5.32.0-Hash-Diff-0.010/share/aclocal install
Manifying 1 pod document
Installing /nix/store/ydc8pnris4xp61ls43bf0g3vwksz2rmf-perl5.32.0-Hash-Diff-0.010/lib/perl5/site_perl/5.32.0/Hash/Diff.pm
Installing /nix/store/ydc8pnris4xp61ls43bf0g3vwksz2rmf-perl5.32.0-Hash-Diff-0.010/share/man/man3/Hash::Diff.3
Appending installation info to /nix/store/ydc8pnris4xp61ls43bf0g3vwksz2rmf-perl5.32.0-Hash-Diff-0.010/lib/perl5/5.32.0/x86_64-linux-thread-multi/perllocal.pod
post-installation fixup
Moving /nix/store/ydc8pnris4xp61ls43bf0g3vwksz2rmf-perl5.32.0-Hash-Diff-0.010/share/man/man3 to /nix/store/9vc77hqf0a4pmscxvh34qhz8amcyhdgr-perl5.32.0-Hash-Diff-0.010-devdoc/share/man/man3
Removing empty /nix/store/ydc8pnris4xp61ls43bf0g3vwksz2rmf-perl5.32.0-Hash-Diff-0.010/share/man/ and (possibly) its parents
shrinking RPATHs of ELF executables and libraries in /nix/store/ydc8pnris4xp61ls43bf0g3vwksz2rmf-perl5.32.0-Hash-Diff-0.010
strip is /nix/store/psyzbhp4p088sb9qcs378hfbslcalasl-binutils-2.31.1/bin/strip
stripping (with command strip and flags -S) in /nix/store/ydc8pnris4xp61ls43bf0g3vwksz2rmf-perl5.32.0-Hash-Diff-0.010/lib
patching script interpreter paths in /nix/store/ydc8pnris4xp61ls43bf0g3vwksz2rmf-perl5.32.0-Hash-Diff-0.010
checking for references to /build/ in /nix/store/ydc8pnris4xp61ls43bf0g3vwksz2rmf-perl5.32.0-Hash-Diff-0.010...
shrinking RPATHs of ELF executables and libraries in /nix/store/9vc77hqf0a4pmscxvh34qhz8amcyhdgr-perl5.32.0-Hash-Diff-0.010-devdoc
gzipping man pages under /nix/store/9vc77hqf0a4pmscxvh34qhz8amcyhdgr-perl5.32.0-Hash-Diff-0.010-devdoc/share/man/
strip is /nix/store/psyzbhp4p088sb9qcs378hfbslcalasl-binutils-2.31.1/bin/strip
patching script interpreter paths in /nix/store/9vc77hqf0a4pmscxvh34qhz8amcyhdgr-perl5.32.0-Hash-Diff-0.010-devdoc
checking for references to /build/ in /nix/store/9vc77hqf0a4pmscxvh34qhz8amcyhdgr-perl5.32.0-Hash-Diff-0.010-devdoc...
/nix/store/ydc8pnris4xp61ls43bf0g3vwksz2rmf-perl5.32.0-Hash-Diff-0.010
