these derivations will be built:
  /nix/store/gb1gyaqdnjqxy4jjwc6f3fdrdpi6ra98-perl5.32.0-HTML-Clean-1.4.drv
these paths will be fetched (0.05 MiB download, 0.05 MiB unpacked):
  /nix/store/x33jn22ghidpar1kshxldabvd4gjw9r4-HTML-Clean-1.4.tar.gz
copying path '/nix/store/x33jn22ghidpar1kshxldabvd4gjw9r4-HTML-Clean-1.4.tar.gz' from 'https://cache.nixos.org'...
building '/nix/store/gb1gyaqdnjqxy4jjwc6f3fdrdpi6ra98-perl5.32.0-HTML-Clean-1.4.drv'...
unpacking sources
unpacking source archive /nix/store/x33jn22ghidpar1kshxldabvd4gjw9r4-HTML-Clean-1.4.tar.gz
source root is HTML-Clean-1.4
setting SOURCE_DATE_EPOCH to timestamp 1568374593 of file HTML-Clean-1.4/Changes
patching sources
configuring
patching ./t/files.t...
patching ./bin/htmlclean...
Checking if your kit is complete...
Looks good
Generating a Unix-style Makefile
Writing Makefile for HTML::Clean
Writing MYMETA.yml and MYMETA.json
no configure script, doing nothing
building
build flags: SHELL=/nix/store/9fqwwd4iybmhjqyxiaxycknslw6bgwh1-bash-4.4-p23/bin/bash
cp lib/HTML/Clean.pm blib/lib/HTML/Clean.pm
AutoSplitting blib/lib/HTML/Clean.pm (blib/lib/auto/HTML/Clean)
cp bin/htmlclean blib/script/htmlclean
"/nix/store/7c044di03qa7qgr5kjjc2d787aspzp0m-perl-5.32.0/bin/perl" -MExtUtils::MY -e 'MY->fixin(shift)' -- blib/script/htmlclean
Manifying 1 pod document
Manifying 1 pod document
running tests
check flags: SHELL=/nix/store/9fqwwd4iybmhjqyxiaxycknslw6bgwh1-bash-4.4-p23/bin/bash VERBOSE=y test
PERL_DL_NONLAZY=1 "/nix/store/7c044di03qa7qgr5kjjc2d787aspzp0m-perl-5.32.0/bin/perl" "-MExtUtils::Command::MM" "-MTest::Harness" "-e" "undef *Test::Harness::Switches; test_harness(0, 'blib/lib', 'blib/arch')" t/*.t
t/basic.t .. ok
t/files.t .. ok
All tests successful.
Files=2, Tests=15,  1 wallclock secs ( 0.02 usr  0.01 sys +  0.06 cusr  0.00 csys =  0.09 CPU)
Result: PASS
installing
install flags: SHELL=/nix/store/9fqwwd4iybmhjqyxiaxycknslw6bgwh1-bash-4.4-p23/bin/bash pkgconfigdir=/nix/store/9dbw75zbwnflvnycy0l3f8mi5jw122q3-perl5.32.0-HTML-Clean-1.4/lib/pkgconfig m4datadir=/nix/store/9dbw75zbwnflvnycy0l3f8mi5jw122q3-perl5.32.0-HTML-Clean-1.4/share/aclocal aclocaldir=/nix/store/9dbw75zbwnflvnycy0l3f8mi5jw122q3-perl5.32.0-HTML-Clean-1.4/share/aclocal install
Manifying 1 pod document
Manifying 1 pod document
Installing /nix/store/9dbw75zbwnflvnycy0l3f8mi5jw122q3-perl5.32.0-HTML-Clean-1.4/lib/perl5/site_perl/5.32.0/auto/HTML/Clean/autosplit.ix
Installing /nix/store/9dbw75zbwnflvnycy0l3f8mi5jw122q3-perl5.32.0-HTML-Clean-1.4/lib/perl5/site_perl/5.32.0/HTML/Clean.pm
Installing /nix/store/9dbw75zbwnflvnycy0l3f8mi5jw122q3-perl5.32.0-HTML-Clean-1.4/share/man/man1/htmlclean.1
Installing /nix/store/9dbw75zbwnflvnycy0l3f8mi5jw122q3-perl5.32.0-HTML-Clean-1.4/share/man/man3/HTML::Clean.3
Installing /nix/store/9dbw75zbwnflvnycy0l3f8mi5jw122q3-perl5.32.0-HTML-Clean-1.4/bin/htmlclean
Appending installation info to /nix/store/9dbw75zbwnflvnycy0l3f8mi5jw122q3-perl5.32.0-HTML-Clean-1.4/lib/perl5/5.32.0/x86_64-linux-thread-multi/perllocal.pod
post-installation fixup
Moving /nix/store/9dbw75zbwnflvnycy0l3f8mi5jw122q3-perl5.32.0-HTML-Clean-1.4/share/man/man3 to /nix/store/p1s563366iz8cj13mr2zf8b2x6v1ycna-perl5.32.0-HTML-Clean-1.4-devdoc/share/man/man3
rmdir: failed to remove '/nix/store/9dbw75zbwnflvnycy0l3f8mi5jw122q3-perl5.32.0-HTML-Clean-1.4/share/man': Directory not empty
shrinking RPATHs of ELF executables and libraries in /nix/store/9dbw75zbwnflvnycy0l3f8mi5jw122q3-perl5.32.0-HTML-Clean-1.4
gzipping man pages under /nix/store/9dbw75zbwnflvnycy0l3f8mi5jw122q3-perl5.32.0-HTML-Clean-1.4/share/man/
strip is /nix/store/psyzbhp4p088sb9qcs378hfbslcalasl-binutils-2.31.1/bin/strip
stripping (with command strip and flags -S) in /nix/store/9dbw75zbwnflvnycy0l3f8mi5jw122q3-perl5.32.0-HTML-Clean-1.4/lib  /nix/store/9dbw75zbwnflvnycy0l3f8mi5jw122q3-perl5.32.0-HTML-Clean-1.4/bin
patching script interpreter paths in /nix/store/9dbw75zbwnflvnycy0l3f8mi5jw122q3-perl5.32.0-HTML-Clean-1.4
checking for references to /build/ in /nix/store/9dbw75zbwnflvnycy0l3f8mi5jw122q3-perl5.32.0-HTML-Clean-1.4...
shrinking RPATHs of ELF executables and libraries in /nix/store/p1s563366iz8cj13mr2zf8b2x6v1ycna-perl5.32.0-HTML-Clean-1.4-devdoc
gzipping man pages under /nix/store/p1s563366iz8cj13mr2zf8b2x6v1ycna-perl5.32.0-HTML-Clean-1.4-devdoc/share/man/
strip is /nix/store/psyzbhp4p088sb9qcs378hfbslcalasl-binutils-2.31.1/bin/strip
patching script interpreter paths in /nix/store/p1s563366iz8cj13mr2zf8b2x6v1ycna-perl5.32.0-HTML-Clean-1.4-devdoc
checking for references to /build/ in /nix/store/p1s563366iz8cj13mr2zf8b2x6v1ycna-perl5.32.0-HTML-Clean-1.4-devdoc...
/nix/store/9dbw75zbwnflvnycy0l3f8mi5jw122q3-perl5.32.0-HTML-Clean-1.4
