these derivations will be built:
  /nix/store/44bzibqfp4032w7k3nkqp17j09jj689j-perl5.32.0-HTTP-HeaderParser-XS-0.20.drv
building '/nix/store/44bzibqfp4032w7k3nkqp17j09jj689j-perl5.32.0-HTTP-HeaderParser-XS-0.20.drv'...
unpacking sources
unpacking source archive /nix/store/420c1czhllaq1wcy7dliwzxnx1ggzy5g-HTTP-HeaderParser-XS-0.20.tar.gz
source root is HTTP-HeaderParser-XS-0.20
setting SOURCE_DATE_EPOCH to timestamp 1207346713 of file HTTP-HeaderParser-XS-0.20/META.yml
patching sources
configuring
Checking if your kit is complete...
Looks good
Use of uninitialized value $thispth in concatenation (.) or string at /nix/store/7c044di03qa7qgr5kjjc2d787aspzp0m-perl-5.32.0/lib/perl5/5.32.0/ExtUtils/Liblist/Kid.pm line 162.
Use of uninitialized value $thispth in concatenation (.) or string at /nix/store/7c044di03qa7qgr5kjjc2d787aspzp0m-perl-5.32.0/lib/perl5/5.32.0/ExtUtils/Liblist/Kid.pm line 166.
Use of uninitialized value $thispth in concatenation (.) or string at /nix/store/7c044di03qa7qgr5kjjc2d787aspzp0m-perl-5.32.0/lib/perl5/5.32.0/ExtUtils/Liblist/Kid.pm line 171.
Use of uninitialized value $thispth in concatenation (.) or string at /nix/store/7c044di03qa7qgr5kjjc2d787aspzp0m-perl-5.32.0/lib/perl5/5.32.0/ExtUtils/Liblist/Kid.pm line 173.
Use of uninitialized value $thispth in concatenation (.) or string at /nix/store/7c044di03qa7qgr5kjjc2d787aspzp0m-perl-5.32.0/lib/perl5/5.32.0/ExtUtils/Liblist/Kid.pm line 177.
Use of uninitialized value $thispth in concatenation (.) or string at /nix/store/7c044di03qa7qgr5kjjc2d787aspzp0m-perl-5.32.0/lib/perl5/5.32.0/ExtUtils/Liblist/Kid.pm line 179.
Use of uninitialized value $thispth in concatenation (.) or string at /nix/store/7c044di03qa7qgr5kjjc2d787aspzp0m-perl-5.32.0/lib/perl5/5.32.0/ExtUtils/Liblist/Kid.pm line 183.
Warning (mostly harmless): No library found for -lstdc++
Generating a Unix-style Makefile
Writing Makefile for HTTP::HeaderParser::XS
Writing MYMETA.yml and MYMETA.json
no configure script, doing nothing
building
build flags: SHELL=/nix/store/9fqwwd4iybmhjqyxiaxycknslw6bgwh1-bash-4.4-p23/bin/bash
cp lib/HTTP/HeaderParser/XS.pm blib/lib/HTTP/HeaderParser/XS.pm
AutoSplitting blib/lib/HTTP/HeaderParser/XS.pm (blib/lib/auto/HTTP/HeaderParser/XS)
Running Mkbootstrap for XS ()
chmod 644 "XS.bs"
"/nix/store/7c044di03qa7qgr5kjjc2d787aspzp0m-perl-5.32.0/bin/perl" -MExtUtils::Command::MM -e 'cp_nonempty' -- XS.bs blib/arch/auto/HTTP/HeaderParser/XS/XS.bs 644
g++ -c  -I. -g -O2   -DVERSION=\"0.20\" -DXS_VERSION=\"0.20\" -fPIC "-I/nix/store/7c044di03qa7qgr5kjjc2d787aspzp0m-perl-5.32.0/lib/perl5/5.32.0/x86_64-linux-thread-multi/CORE"   headers.cpp
headers.cpp: In member function 'SV* HTTPHeaders::setURI(char*)':
headers.cpp:557:25: warning: ISO C++ forbids converting a string constant to 'char*' [-Wwrite-strings]
  557 |             methodstr = "GET";
      |                         ^~~~~
headers.cpp:560:25: warning: ISO C++ forbids converting a string constant to 'char*' [-Wwrite-strings]
  560 |             methodstr = "POST";
      |                         ^~~~~~
headers.cpp:563:25: warning: ISO C++ forbids converting a string constant to 'char*' [-Wwrite-strings]
  563 |             methodstr = "OPTIONS";
      |                         ^~~~~~~~~
headers.cpp:566:25: warning: ISO C++ forbids converting a string constant to 'char*' [-Wwrite-strings]
  566 |             methodstr = "PUT";
      |                         ^~~~~
headers.cpp:569:25: warning: ISO C++ forbids converting a string constant to 'char*' [-Wwrite-strings]
  569 |             methodstr = "DELETE";
      |                         ^~~~~~~~
headers.cpp:572:25: warning: ISO C++ forbids converting a string constant to 'char*' [-Wwrite-strings]
  572 |             methodstr = "HEAD";
      |                         ^~~~~~
"/nix/store/7c044di03qa7qgr5kjjc2d787aspzp0m-perl-5.32.0/bin/perl" "/nix/store/7c044di03qa7qgr5kjjc2d787aspzp0m-perl-5.32.0/lib/perl5/5.32.0/ExtUtils/xsubpp"  -C++ -typemap '/nix/store/7c044di03qa7qgr5kjjc2d787aspzp0m-perl-5.32.0/lib/perl5/5.32.0/ExtUtils/typemap' -typemap '/build/HTTP-HeaderParser-XS-0.20/typemap'  HTTPHeaders.xs > HTTPHeaders.xsc
mv HTTPHeaders.xsc HTTPHeaders.c
g++ -c  -I. -g -O2   -DVERSION=\"0.20\" -DXS_VERSION=\"0.20\" -fPIC "-I/nix/store/7c044di03qa7qgr5kjjc2d787aspzp0m-perl-5.32.0/lib/perl5/5.32.0/x86_64-linux-thread-multi/CORE"   HTTPHeaders.c
In file included from HTTPHeaders.xs:17:
ppport.h:231: warning: "PERL_UNUSED_DECL" redefined
  231 | #  define PERL_UNUSED_DECL
      |
In file included from HTTPHeaders.xs:14:
/nix/store/7c044di03qa7qgr5kjjc2d787aspzp0m-perl-5.32.0/lib/perl5/5.32.0/x86_64-linux-thread-multi/CORE/perl.h:435: note: this is the location of the previous definition
  435 | #  define PERL_UNUSED_DECL __attribute__unused__
      |
rm -f blib/arch/auto/HTTP/HeaderParser/XS/XS.so
g++  -shared -O2 -L/nix/store/68pw3wxwkrx0rwzjifm7g1jxy5g2sg1p-glibc-2.31/lib -fstack-protector-strong  headers.o HTTPHeaders.o  -o blib/arch/auto/HTTP/HeaderParser/XS/XS.so  \
      \

chmod 755 blib/arch/auto/HTTP/HeaderParser/XS/XS.so
Manifying 1 pod document
running tests
check flags: SHELL=/nix/store/9fqwwd4iybmhjqyxiaxycknslw6bgwh1-bash-4.4-p23/bin/bash VERBOSE=y test
"/nix/store/7c044di03qa7qgr5kjjc2d787aspzp0m-perl-5.32.0/bin/perl" -MExtUtils::Command::MM -e 'cp_nonempty' -- XS.bs blib/arch/auto/HTTP/HeaderParser/XS/XS.bs 644
PERL_DL_NONLAZY=1 "/nix/store/7c044di03qa7qgr5kjjc2d787aspzp0m-perl-5.32.0/bin/perl" "-MExtUtils::Command::MM" "-MTest::Harness" "-e" "undef *Test::Harness::Switches; test_harness(0, 'blib/lib', 'blib/arch')" t/*.t
t/10-basic.t .. ok
All tests successful.
Files=1, Tests=39,  0 wallclock secs ( 0.02 usr  0.01 sys +  0.06 cusr  0.01 csys =  0.10 CPU)
Result: PASS
installing
install flags: SHELL=/nix/store/9fqwwd4iybmhjqyxiaxycknslw6bgwh1-bash-4.4-p23/bin/bash pkgconfigdir=/nix/store/p8w7g1wpj7qsnh6plb8hwzrvmwzdwa9v-perl5.32.0-HTTP-HeaderParser-XS-0.20/lib/pkgconfig m4datadir=/nix/store/p8w7g1wpj7qsnh6plb8hwzrvmwzdwa9v-perl5.32.0-HTTP-HeaderParser-XS-0.20/share/aclocal aclocaldir=/nix/store/p8w7g1wpj7qsnh6plb8hwzrvmwzdwa9v-perl5.32.0-HTTP-HeaderParser-XS-0.20/share/aclocal install
"/nix/store/7c044di03qa7qgr5kjjc2d787aspzp0m-perl-5.32.0/bin/perl" -MExtUtils::Command::MM -e 'cp_nonempty' -- XS.bs blib/arch/auto/HTTP/HeaderParser/XS/XS.bs 644
Manifying 1 pod document
Files found in blib/arch: installing files in blib/lib into architecture dependent library tree
Installing /nix/store/p8w7g1wpj7qsnh6plb8hwzrvmwzdwa9v-perl5.32.0-HTTP-HeaderParser-XS-0.20/lib/perl5/site_perl/5.32.0/x86_64-linux-thread-multi/auto/HTTP/HeaderParser/XS/XS.so
Installing /nix/store/p8w7g1wpj7qsnh6plb8hwzrvmwzdwa9v-perl5.32.0-HTTP-HeaderParser-XS-0.20/lib/perl5/site_perl/5.32.0/x86_64-linux-thread-multi/auto/HTTP/HeaderParser/XS/autosplit.ix
Installing /nix/store/p8w7g1wpj7qsnh6plb8hwzrvmwzdwa9v-perl5.32.0-HTTP-HeaderParser-XS-0.20/lib/perl5/site_perl/5.32.0/x86_64-linux-thread-multi/HTTP/HeaderParser/XS.pm
Installing /nix/store/p8w7g1wpj7qsnh6plb8hwzrvmwzdwa9v-perl5.32.0-HTTP-HeaderParser-XS-0.20/share/man/man3/HTTP::HeaderParser::XS.3
Appending installation info to /nix/store/p8w7g1wpj7qsnh6plb8hwzrvmwzdwa9v-perl5.32.0-HTTP-HeaderParser-XS-0.20/lib/perl5/5.32.0/x86_64-linux-thread-multi/perllocal.pod
post-installation fixup
Moving /nix/store/p8w7g1wpj7qsnh6plb8hwzrvmwzdwa9v-perl5.32.0-HTTP-HeaderParser-XS-0.20/share/man/man3 to /nix/store/pij5r7a8pclmwrc15fv7x3hxi83q4955-perl5.32.0-HTTP-HeaderParser-XS-0.20-devdoc/share/man/man3
Removing empty /nix/store/p8w7g1wpj7qsnh6plb8hwzrvmwzdwa9v-perl5.32.0-HTTP-HeaderParser-XS-0.20/share/man/ and (possibly) its parents
shrinking RPATHs of ELF executables and libraries in /nix/store/p8w7g1wpj7qsnh6plb8hwzrvmwzdwa9v-perl5.32.0-HTTP-HeaderParser-XS-0.20
shrinking /nix/store/p8w7g1wpj7qsnh6plb8hwzrvmwzdwa9v-perl5.32.0-HTTP-HeaderParser-XS-0.20/lib/perl5/site_perl/5.32.0/x86_64-linux-thread-multi/auto/HTTP/HeaderParser/XS/XS.so
strip is /nix/store/psyzbhp4p088sb9qcs378hfbslcalasl-binutils-2.31.1/bin/strip
stripping (with command strip and flags -S) in /nix/store/p8w7g1wpj7qsnh6plb8hwzrvmwzdwa9v-perl5.32.0-HTTP-HeaderParser-XS-0.20/lib
patching script interpreter paths in /nix/store/p8w7g1wpj7qsnh6plb8hwzrvmwzdwa9v-perl5.32.0-HTTP-HeaderParser-XS-0.20
checking for references to /build/ in /nix/store/p8w7g1wpj7qsnh6plb8hwzrvmwzdwa9v-perl5.32.0-HTTP-HeaderParser-XS-0.20...
shrinking RPATHs of ELF executables and libraries in /nix/store/pij5r7a8pclmwrc15fv7x3hxi83q4955-perl5.32.0-HTTP-HeaderParser-XS-0.20-devdoc
gzipping man pages under /nix/store/pij5r7a8pclmwrc15fv7x3hxi83q4955-perl5.32.0-HTTP-HeaderParser-XS-0.20-devdoc/share/man/
strip is /nix/store/psyzbhp4p088sb9qcs378hfbslcalasl-binutils-2.31.1/bin/strip
patching script interpreter paths in /nix/store/pij5r7a8pclmwrc15fv7x3hxi83q4955-perl5.32.0-HTTP-HeaderParser-XS-0.20-devdoc
checking for references to /build/ in /nix/store/pij5r7a8pclmwrc15fv7x3hxi83q4955-perl5.32.0-HTTP-HeaderParser-XS-0.20-devdoc...
/nix/store/p8w7g1wpj7qsnh6plb8hwzrvmwzdwa9v-perl5.32.0-HTTP-HeaderParser-XS-0.20
