these derivations will be built:
  /nix/store/mcng5xkavql675dl8snj1w0xzpa8in1k-perl5.32.0-IMAP-Client-0.13.drv
building '/nix/store/mcng5xkavql675dl8snj1w0xzpa8in1k-perl5.32.0-IMAP-Client-0.13.drv'...
unpacking sources
unpacking source archive /nix/store/z04pdrlnwrgchjb6ny45w8gssar0xjgm-IMAP-Client-0.13.tar.gz
source root is IMAP-Client-0.13
setting SOURCE_DATE_EPOCH to timestamp 1159465419 of file IMAP-Client-0.13/lib/IMAP/Client.pm
patching sources
configuring
patching ./testclients/usertest.pl...
patching ./testclients/runtests.pl...
patching ./testclients/admintest.pl...
Warning: prerequisite IO::Socket::SSL 0 not found.
Warning: prerequisite URI::Escape 0 not found.
Warning: prerequisite URI::imap 0 not found.
Generating a Unix-style Makefile
Writing Makefile for IMAP::Client
Writing MYMETA.yml and MYMETA.json
no configure script, doing nothing
building
build flags: SHELL=/nix/store/9fqwwd4iybmhjqyxiaxycknslw6bgwh1-bash-4.4-p23/bin/bash
cp lib/IMAP/Client.pm blib/lib/IMAP/Client.pm
Manifying 1 pod document
installing
install flags: SHELL=/nix/store/9fqwwd4iybmhjqyxiaxycknslw6bgwh1-bash-4.4-p23/bin/bash pkgconfigdir=/nix/store/3w3f23cmvy390cf2qwg7jlixzcmncz8z-perl5.32.0-IMAP-Client-0.13/lib/pkgconfig m4datadir=/nix/store/3w3f23cmvy390cf2qwg7jlixzcmncz8z-perl5.32.0-IMAP-Client-0.13/share/aclocal aclocaldir=/nix/store/3w3f23cmvy390cf2qwg7jlixzcmncz8z-perl5.32.0-IMAP-Client-0.13/share/aclocal install
Manifying 1 pod document
Installing /nix/store/3w3f23cmvy390cf2qwg7jlixzcmncz8z-perl5.32.0-IMAP-Client-0.13/lib/perl5/site_perl/5.32.0/IMAP/Client.pm
Installing /nix/store/3w3f23cmvy390cf2qwg7jlixzcmncz8z-perl5.32.0-IMAP-Client-0.13/share/man/man3/IMAP::Client.3
Appending installation info to /nix/store/3w3f23cmvy390cf2qwg7jlixzcmncz8z-perl5.32.0-IMAP-Client-0.13/lib/perl5/5.32.0/x86_64-linux-thread-multi/perllocal.pod
post-installation fixup
Moving /nix/store/3w3f23cmvy390cf2qwg7jlixzcmncz8z-perl5.32.0-IMAP-Client-0.13/share/man/man3 to /nix/store/w6xxrf2qpd3g8sj379b7h1b4660zklmb-perl5.32.0-IMAP-Client-0.13-devdoc/share/man/man3
Removing empty /nix/store/3w3f23cmvy390cf2qwg7jlixzcmncz8z-perl5.32.0-IMAP-Client-0.13/share/man/ and (possibly) its parents
shrinking RPATHs of ELF executables and libraries in /nix/store/3w3f23cmvy390cf2qwg7jlixzcmncz8z-perl5.32.0-IMAP-Client-0.13
strip is /nix/store/psyzbhp4p088sb9qcs378hfbslcalasl-binutils-2.31.1/bin/strip
stripping (with command strip and flags -S) in /nix/store/3w3f23cmvy390cf2qwg7jlixzcmncz8z-perl5.32.0-IMAP-Client-0.13/lib
patching script interpreter paths in /nix/store/3w3f23cmvy390cf2qwg7jlixzcmncz8z-perl5.32.0-IMAP-Client-0.13
checking for references to /build/ in /nix/store/3w3f23cmvy390cf2qwg7jlixzcmncz8z-perl5.32.0-IMAP-Client-0.13...
shrinking RPATHs of ELF executables and libraries in /nix/store/w6xxrf2qpd3g8sj379b7h1b4660zklmb-perl5.32.0-IMAP-Client-0.13-devdoc
gzipping man pages under /nix/store/w6xxrf2qpd3g8sj379b7h1b4660zklmb-perl5.32.0-IMAP-Client-0.13-devdoc/share/man/
strip is /nix/store/psyzbhp4p088sb9qcs378hfbslcalasl-binutils-2.31.1/bin/strip
patching script interpreter paths in /nix/store/w6xxrf2qpd3g8sj379b7h1b4660zklmb-perl5.32.0-IMAP-Client-0.13-devdoc
checking for references to /build/ in /nix/store/w6xxrf2qpd3g8sj379b7h1b4660zklmb-perl5.32.0-IMAP-Client-0.13-devdoc...
/nix/store/3w3f23cmvy390cf2qwg7jlixzcmncz8z-perl5.32.0-IMAP-Client-0.13
