these derivations will be built:
  /nix/store/li0yjc18w1g4cjl3wzwpncm5j4x4csc5-perl5.32.0-IO-Compress-2.093.drv
building '/nix/store/li0yjc18w1g4cjl3wzwpncm5j4x4csc5-perl5.32.0-IO-Compress-2.093.drv'...
unpacking sources
unpacking source archive /nix/store/gkxm76grdi2cziaw80pr1wwqb93awb8k-IO-Compress-2.093.tar.gz
source root is IO-Compress-2.093
setting SOURCE_DATE_EPOCH to timestamp 1575731799 of file IO-Compress-2.093/META.json
patching sources
configuring
patching ./examples/compress-zlib/filtinf...
patching ./examples/compress-zlib/gzstream...
patching ./examples/compress-zlib/filtdef...
patching ./examples/compress-zlib/gzcat...
patching ./examples/compress-zlib/gzgrep...
patching ./examples/io/anycat...
patching ./examples/io/bzip2/bzstream...
patching ./examples/io/bzip2/bzgrep...
patching ./examples/io/bzip2/bzcat...
patching ./examples/io/gzip/gzstream...
patching ./examples/io/gzip/gzappend...
patching ./examples/io/gzip/gzcat...
patching ./examples/io/gzip/gzgrep...
patching ./bin/zipdetails...
patching ./bin/streamzip...
patching ./Makefile.PL...
Up/Downgrade not needed.
Checking if your kit is complete...
Looks good
Generating a Unix-style Makefile
Writing Makefile for IO::Compress
Writing MYMETA.yml and MYMETA.json
no configure script, doing nothing
building
build flags: SHELL=/nix/store/9fqwwd4iybmhjqyxiaxycknslw6bgwh1-bash-4.4-p23/bin/bash
cp lib/IO/Uncompress/Adapter/Inflate.pm blib/lib/IO/Uncompress/Adapter/Inflate.pm
cp lib/IO/Compress/Gzip.pm blib/lib/IO/Compress/Gzip.pm
cp lib/IO/Compress/Base.pm blib/lib/IO/Compress/Base.pm
cp lib/IO/Uncompress/Bunzip2.pm blib/lib/IO/Uncompress/Bunzip2.pm
cp lib/IO/Uncompress/Unzip.pm blib/lib/IO/Uncompress/Unzip.pm
cp lib/IO/Uncompress/Gunzip.pm blib/lib/IO/Uncompress/Gunzip.pm
cp lib/IO/Compress/Deflate.pm blib/lib/IO/Compress/Deflate.pm
cp lib/IO/Uncompress/Inflate.pm blib/lib/IO/Uncompress/Inflate.pm
cp lib/IO/Uncompress/AnyInflate.pm blib/lib/IO/Uncompress/AnyInflate.pm
cp lib/IO/Uncompress/Adapter/Bunzip2.pm blib/lib/IO/Uncompress/Adapter/Bunzip2.pm
cp lib/IO/Uncompress/Adapter/Identity.pm blib/lib/IO/Uncompress/Adapter/Identity.pm
cp lib/IO/Compress/FAQ.pod blib/lib/IO/Compress/FAQ.pod
cp lib/IO/Uncompress/Base.pm blib/lib/IO/Uncompress/Base.pm
cp lib/IO/Uncompress/AnyUncompress.pm blib/lib/IO/Uncompress/AnyUncompress.pm
cp lib/IO/Compress/Bzip2.pm blib/lib/IO/Compress/Bzip2.pm
cp lib/IO/Compress/Gzip/Constants.pm blib/lib/IO/Compress/Gzip/Constants.pm
cp lib/IO/Compress/Adapter/Deflate.pm blib/lib/IO/Compress/Adapter/Deflate.pm
cp lib/IO/Compress/RawDeflate.pm blib/lib/IO/Compress/RawDeflate.pm
cp lib/IO/Uncompress/RawInflate.pm blib/lib/IO/Uncompress/RawInflate.pm
cp lib/IO/Compress/Zlib/Constants.pm blib/lib/IO/Compress/Zlib/Constants.pm
cp lib/IO/Compress/Zip/Constants.pm blib/lib/IO/Compress/Zip/Constants.pm
cp lib/IO/Compress/Adapter/Bzip2.pm blib/lib/IO/Compress/Adapter/Bzip2.pm
cp lib/IO/Compress/Zlib/Extra.pm blib/lib/IO/Compress/Zlib/Extra.pm
cp lib/IO/Compress/Base/Common.pm blib/lib/IO/Compress/Base/Common.pm
cp lib/IO/Compress/Adapter/Identity.pm blib/lib/IO/Compress/Adapter/Identity.pm
cp lib/Compress/Zlib.pm blib/lib/Compress/Zlib.pm
cp lib/IO/Compress/Zip.pm blib/lib/IO/Compress/Zip.pm
cp lib/File/GlobMapper.pm blib/lib/File/GlobMapper.pm
cp bin/streamzip blib/script/streamzip
"/nix/store/7c044di03qa7qgr5kjjc2d787aspzp0m-perl-5.32.0/bin/perl" -MExtUtils::MY -e 'MY->fixin(shift)' -- blib/script/streamzip
cp bin/zipdetails blib/script/zipdetails
"/nix/store/7c044di03qa7qgr5kjjc2d787aspzp0m-perl-5.32.0/bin/perl" -MExtUtils::MY -e 'MY->fixin(shift)' -- blib/script/zipdetails
Manifying 2 pod documents
Manifying 17 pod documents
installing
install flags: SHELL=/nix/store/9fqwwd4iybmhjqyxiaxycknslw6bgwh1-bash-4.4-p23/bin/bash pkgconfigdir=/nix/store/d8lhbpn7mfckzxnhnrm39ib6z9f2bhy1-perl5.32.0-IO-Compress-2.093/lib/pkgconfig m4datadir=/nix/store/d8lhbpn7mfckzxnhnrm39ib6z9f2bhy1-perl5.32.0-IO-Compress-2.093/share/aclocal aclocaldir=/nix/store/d8lhbpn7mfckzxnhnrm39ib6z9f2bhy1-perl5.32.0-IO-Compress-2.093/share/aclocal install
Manifying 2 pod documents
Manifying 17 pod documents
Installing /nix/store/d8lhbpn7mfckzxnhnrm39ib6z9f2bhy1-perl5.32.0-IO-Compress-2.093/lib/perl5/site_perl/5.32.0/File/GlobMapper.pm
Installing /nix/store/d8lhbpn7mfckzxnhnrm39ib6z9f2bhy1-perl5.32.0-IO-Compress-2.093/lib/perl5/site_perl/5.32.0/IO/Uncompress/AnyInflate.pm
Installing /nix/store/d8lhbpn7mfckzxnhnrm39ib6z9f2bhy1-perl5.32.0-IO-Compress-2.093/lib/perl5/site_perl/5.32.0/IO/Uncompress/AnyUncompress.pm
Installing /nix/store/d8lhbpn7mfckzxnhnrm39ib6z9f2bhy1-perl5.32.0-IO-Compress-2.093/lib/perl5/site_perl/5.32.0/IO/Uncompress/Inflate.pm
Installing /nix/store/d8lhbpn7mfckzxnhnrm39ib6z9f2bhy1-perl5.32.0-IO-Compress-2.093/lib/perl5/site_perl/5.32.0/IO/Uncompress/Gunzip.pm
Installing /nix/store/d8lhbpn7mfckzxnhnrm39ib6z9f2bhy1-perl5.32.0-IO-Compress-2.093/lib/perl5/site_perl/5.32.0/IO/Uncompress/Bunzip2.pm
Installing /nix/store/d8lhbpn7mfckzxnhnrm39ib6z9f2bhy1-perl5.32.0-IO-Compress-2.093/lib/perl5/site_perl/5.32.0/IO/Uncompress/RawInflate.pm
Installing /nix/store/d8lhbpn7mfckzxnhnrm39ib6z9f2bhy1-perl5.32.0-IO-Compress-2.093/lib/perl5/site_perl/5.32.0/IO/Uncompress/Unzip.pm
Installing /nix/store/d8lhbpn7mfckzxnhnrm39ib6z9f2bhy1-perl5.32.0-IO-Compress-2.093/lib/perl5/site_perl/5.32.0/IO/Uncompress/Base.pm
Installing /nix/store/d8lhbpn7mfckzxnhnrm39ib6z9f2bhy1-perl5.32.0-IO-Compress-2.093/lib/perl5/site_perl/5.32.0/IO/Uncompress/Adapter/Inflate.pm
Installing /nix/store/d8lhbpn7mfckzxnhnrm39ib6z9f2bhy1-perl5.32.0-IO-Compress-2.093/lib/perl5/site_perl/5.32.0/IO/Uncompress/Adapter/Bunzip2.pm
Installing /nix/store/d8lhbpn7mfckzxnhnrm39ib6z9f2bhy1-perl5.32.0-IO-Compress-2.093/lib/perl5/site_perl/5.32.0/IO/Uncompress/Adapter/Identity.pm
Installing /nix/store/d8lhbpn7mfckzxnhnrm39ib6z9f2bhy1-perl5.32.0-IO-Compress-2.093/lib/perl5/site_perl/5.32.0/IO/Compress/Bzip2.pm
Installing /nix/store/d8lhbpn7mfckzxnhnrm39ib6z9f2bhy1-perl5.32.0-IO-Compress-2.093/lib/perl5/site_perl/5.32.0/IO/Compress/Zip.pm
Installing /nix/store/d8lhbpn7mfckzxnhnrm39ib6z9f2bhy1-perl5.32.0-IO-Compress-2.093/lib/perl5/site_perl/5.32.0/IO/Compress/RawDeflate.pm
Installing /nix/store/d8lhbpn7mfckzxnhnrm39ib6z9f2bhy1-perl5.32.0-IO-Compress-2.093/lib/perl5/site_perl/5.32.0/IO/Compress/Gzip.pm
Installing /nix/store/d8lhbpn7mfckzxnhnrm39ib6z9f2bhy1-perl5.32.0-IO-Compress-2.093/lib/perl5/site_perl/5.32.0/IO/Compress/Deflate.pm
Installing /nix/store/d8lhbpn7mfckzxnhnrm39ib6z9f2bhy1-perl5.32.0-IO-Compress-2.093/lib/perl5/site_perl/5.32.0/IO/Compress/Base.pm
Installing /nix/store/d8lhbpn7mfckzxnhnrm39ib6z9f2bhy1-perl5.32.0-IO-Compress-2.093/lib/perl5/site_perl/5.32.0/IO/Compress/FAQ.pod
Installing /nix/store/d8lhbpn7mfckzxnhnrm39ib6z9f2bhy1-perl5.32.0-IO-Compress-2.093/lib/perl5/site_perl/5.32.0/IO/Compress/Base/Common.pm
Installing /nix/store/d8lhbpn7mfckzxnhnrm39ib6z9f2bhy1-perl5.32.0-IO-Compress-2.093/lib/perl5/site_perl/5.32.0/IO/Compress/Zlib/Extra.pm
Installing /nix/store/d8lhbpn7mfckzxnhnrm39ib6z9f2bhy1-perl5.32.0-IO-Compress-2.093/lib/perl5/site_perl/5.32.0/IO/Compress/Zlib/Constants.pm
Installing /nix/store/d8lhbpn7mfckzxnhnrm39ib6z9f2bhy1-perl5.32.0-IO-Compress-2.093/lib/perl5/site_perl/5.32.0/IO/Compress/Gzip/Constants.pm
Installing /nix/store/d8lhbpn7mfckzxnhnrm39ib6z9f2bhy1-perl5.32.0-IO-Compress-2.093/lib/perl5/site_perl/5.32.0/IO/Compress/Zip/Constants.pm
Installing /nix/store/d8lhbpn7mfckzxnhnrm39ib6z9f2bhy1-perl5.32.0-IO-Compress-2.093/lib/perl5/site_perl/5.32.0/IO/Compress/Adapter/Bzip2.pm
Installing /nix/store/d8lhbpn7mfckzxnhnrm39ib6z9f2bhy1-perl5.32.0-IO-Compress-2.093/lib/perl5/site_perl/5.32.0/IO/Compress/Adapter/Deflate.pm
Installing /nix/store/d8lhbpn7mfckzxnhnrm39ib6z9f2bhy1-perl5.32.0-IO-Compress-2.093/lib/perl5/site_perl/5.32.0/IO/Compress/Adapter/Identity.pm
Installing /nix/store/d8lhbpn7mfckzxnhnrm39ib6z9f2bhy1-perl5.32.0-IO-Compress-2.093/lib/perl5/site_perl/5.32.0/Compress/Zlib.pm
Installing /nix/store/d8lhbpn7mfckzxnhnrm39ib6z9f2bhy1-perl5.32.0-IO-Compress-2.093/share/man/man1/streamzip.1
Installing /nix/store/d8lhbpn7mfckzxnhnrm39ib6z9f2bhy1-perl5.32.0-IO-Compress-2.093/share/man/man1/zipdetails.1
Installing /nix/store/d8lhbpn7mfckzxnhnrm39ib6z9f2bhy1-perl5.32.0-IO-Compress-2.093/share/man/man3/IO::Uncompress::Unzip.3
Installing /nix/store/d8lhbpn7mfckzxnhnrm39ib6z9f2bhy1-perl5.32.0-IO-Compress-2.093/share/man/man3/IO::Compress::FAQ.3
Installing /nix/store/d8lhbpn7mfckzxnhnrm39ib6z9f2bhy1-perl5.32.0-IO-Compress-2.093/share/man/man3/IO::Uncompress::Base.3
Installing /nix/store/d8lhbpn7mfckzxnhnrm39ib6z9f2bhy1-perl5.32.0-IO-Compress-2.093/share/man/man3/IO::Compress::Bzip2.3
Installing /nix/store/d8lhbpn7mfckzxnhnrm39ib6z9f2bhy1-perl5.32.0-IO-Compress-2.093/share/man/man3/IO::Uncompress::RawInflate.3
Installing /nix/store/d8lhbpn7mfckzxnhnrm39ib6z9f2bhy1-perl5.32.0-IO-Compress-2.093/share/man/man3/IO::Compress::Deflate.3
Installing /nix/store/d8lhbpn7mfckzxnhnrm39ib6z9f2bhy1-perl5.32.0-IO-Compress-2.093/share/man/man3/IO::Compress::Zip.3
Installing /nix/store/d8lhbpn7mfckzxnhnrm39ib6z9f2bhy1-perl5.32.0-IO-Compress-2.093/share/man/man3/Compress::Zlib.3
Installing /nix/store/d8lhbpn7mfckzxnhnrm39ib6z9f2bhy1-perl5.32.0-IO-Compress-2.093/share/man/man3/IO::Compress::RawDeflate.3
Installing /nix/store/d8lhbpn7mfckzxnhnrm39ib6z9f2bhy1-perl5.32.0-IO-Compress-2.093/share/man/man3/IO::Uncompress::Inflate.3
Installing /nix/store/d8lhbpn7mfckzxnhnrm39ib6z9f2bhy1-perl5.32.0-IO-Compress-2.093/share/man/man3/File::GlobMapper.3
Installing /nix/store/d8lhbpn7mfckzxnhnrm39ib6z9f2bhy1-perl5.32.0-IO-Compress-2.093/share/man/man3/IO::Uncompress::Gunzip.3
Installing /nix/store/d8lhbpn7mfckzxnhnrm39ib6z9f2bhy1-perl5.32.0-IO-Compress-2.093/share/man/man3/IO::Compress::Gzip.3
Installing /nix/store/d8lhbpn7mfckzxnhnrm39ib6z9f2bhy1-perl5.32.0-IO-Compress-2.093/share/man/man3/IO::Uncompress::AnyUncompress.3
Installing /nix/store/d8lhbpn7mfckzxnhnrm39ib6z9f2bhy1-perl5.32.0-IO-Compress-2.093/share/man/man3/IO::Uncompress::Bunzip2.3
Installing /nix/store/d8lhbpn7mfckzxnhnrm39ib6z9f2bhy1-perl5.32.0-IO-Compress-2.093/share/man/man3/IO::Uncompress::AnyInflate.3
Installing /nix/store/d8lhbpn7mfckzxnhnrm39ib6z9f2bhy1-perl5.32.0-IO-Compress-2.093/share/man/man3/IO::Compress::Base.3
Installing /nix/store/d8lhbpn7mfckzxnhnrm39ib6z9f2bhy1-perl5.32.0-IO-Compress-2.093/bin/zipdetails
Installing /nix/store/d8lhbpn7mfckzxnhnrm39ib6z9f2bhy1-perl5.32.0-IO-Compress-2.093/bin/streamzip
Appending installation info to /nix/store/d8lhbpn7mfckzxnhnrm39ib6z9f2bhy1-perl5.32.0-IO-Compress-2.093/lib/perl5/5.32.0/x86_64-linux-thread-multi/perllocal.pod
post-installation fixup
Moving /nix/store/d8lhbpn7mfckzxnhnrm39ib6z9f2bhy1-perl5.32.0-IO-Compress-2.093/share/man/man3 to /nix/store/9gvj1lgzl86bif8ycr7krzcnzc1g7vzw-perl5.32.0-IO-Compress-2.093-devdoc/share/man/man3
rmdir: failed to remove '/nix/store/d8lhbpn7mfckzxnhnrm39ib6z9f2bhy1-perl5.32.0-IO-Compress-2.093/share/man': Directory not empty
shrinking RPATHs of ELF executables and libraries in /nix/store/d8lhbpn7mfckzxnhnrm39ib6z9f2bhy1-perl5.32.0-IO-Compress-2.093
gzipping man pages under /nix/store/d8lhbpn7mfckzxnhnrm39ib6z9f2bhy1-perl5.32.0-IO-Compress-2.093/share/man/
strip is /nix/store/psyzbhp4p088sb9qcs378hfbslcalasl-binutils-2.31.1/bin/strip
stripping (with command strip and flags -S) in /nix/store/d8lhbpn7mfckzxnhnrm39ib6z9f2bhy1-perl5.32.0-IO-Compress-2.093/lib  /nix/store/d8lhbpn7mfckzxnhnrm39ib6z9f2bhy1-perl5.32.0-IO-Compress-2.093/bin
patching script interpreter paths in /nix/store/d8lhbpn7mfckzxnhnrm39ib6z9f2bhy1-perl5.32.0-IO-Compress-2.093
checking for references to /build/ in /nix/store/d8lhbpn7mfckzxnhnrm39ib6z9f2bhy1-perl5.32.0-IO-Compress-2.093...
shrinking RPATHs of ELF executables and libraries in /nix/store/9gvj1lgzl86bif8ycr7krzcnzc1g7vzw-perl5.32.0-IO-Compress-2.093-devdoc
gzipping man pages under /nix/store/9gvj1lgzl86bif8ycr7krzcnzc1g7vzw-perl5.32.0-IO-Compress-2.093-devdoc/share/man/
strip is /nix/store/psyzbhp4p088sb9qcs378hfbslcalasl-binutils-2.31.1/bin/strip
patching script interpreter paths in /nix/store/9gvj1lgzl86bif8ycr7krzcnzc1g7vzw-perl5.32.0-IO-Compress-2.093-devdoc
checking for references to /build/ in /nix/store/9gvj1lgzl86bif8ycr7krzcnzc1g7vzw-perl5.32.0-IO-Compress-2.093-devdoc...
/nix/store/d8lhbpn7mfckzxnhnrm39ib6z9f2bhy1-perl5.32.0-IO-Compress-2.093
