these derivations will be built:
  /nix/store/paxv96d708rpr6gvqg5h2djzj2spdaxq-perl5.32.0-IO-Interactive-1.022.drv
building '/nix/store/paxv96d708rpr6gvqg5h2djzj2spdaxq-perl5.32.0-IO-Interactive-1.022.drv'...
unpacking sources
unpacking source archive /nix/store/pf0brwg9snnyf54k6mpbbizcb5c4mc4a-IO-Interactive-1.022.tar.gz
source root is IO-Interactive-1.022
setting SOURCE_DATE_EPOCH to timestamp 1472967116 of file IO-Interactive-1.022/META.yml
patching sources
configuring
patching ./examples/memory_test.pl...
patching ./examples/interactive.pl...
patching ./MANIFEST.SKIP...
patching ./t/pod-coverage.t...
patching ./t/pod.t...
patching ./t/is_interactive.t...
Checking if your kit is complete...
Looks good
WARNING: Older versions of ExtUtils::MakeMaker may errantly install README.pod as part of this distribution. It is recommended to avoid using this path in CPAN modules.
Generating a Unix-style Makefile
Writing Makefile for IO::Interactive
Writing MYMETA.yml and MYMETA.json
no configure script, doing nothing
building
build flags: SHELL=/nix/store/9fqwwd4iybmhjqyxiaxycknslw6bgwh1-bash-4.4-p23/bin/bash
cp lib/IO/Interactive.pm blib/lib/IO/Interactive.pm
Manifying 1 pod document
running tests
check flags: SHELL=/nix/store/9fqwwd4iybmhjqyxiaxycknslw6bgwh1-bash-4.4-p23/bin/bash VERBOSE=y test
PERL_DL_NONLAZY=1 "/nix/store/7c044di03qa7qgr5kjjc2d787aspzp0m-perl-5.32.0/bin/perl" "-MExtUtils::Command::MM" "-MTest::Harness" "-e" "undef *Test::Harness::Switches; test_harness(0, 'blib/lib', 'blib/arch')" t/*.t
t/00.load.t ......... 1/1 # Testing IO::Interactive 1.022
t/00.load.t ......... ok
t/busy.t ............ ok
t/interactive.t ..... ok
t/is_interactive.t .. ok
t/pod-coverage.t .... skipped: Test::Pod::Coverage 1.04 required for testing POD coverage
t/pod.t ............. skipped: Test::Pod 1.14 required for testing POD
All tests successful.
Files=6, Tests=14,  3 wallclock secs ( 0.03 usr  0.01 sys +  0.21 cusr  0.02 csys =  0.27 CPU)
Result: PASS
installing
install flags: SHELL=/nix/store/9fqwwd4iybmhjqyxiaxycknslw6bgwh1-bash-4.4-p23/bin/bash pkgconfigdir=/nix/store/hz8s0rp16jn4h3qh6r2jqz8vb5zm19i5-perl5.32.0-IO-Interactive-1.022/lib/pkgconfig m4datadir=/nix/store/hz8s0rp16jn4h3qh6r2jqz8vb5zm19i5-perl5.32.0-IO-Interactive-1.022/share/aclocal aclocaldir=/nix/store/hz8s0rp16jn4h3qh6r2jqz8vb5zm19i5-perl5.32.0-IO-Interactive-1.022/share/aclocal install
Manifying 1 pod document
Installing /nix/store/hz8s0rp16jn4h3qh6r2jqz8vb5zm19i5-perl5.32.0-IO-Interactive-1.022/lib/perl5/site_perl/5.32.0/IO/Interactive.pm
Installing /nix/store/hz8s0rp16jn4h3qh6r2jqz8vb5zm19i5-perl5.32.0-IO-Interactive-1.022/share/man/man3/IO::Interactive.3
Appending installation info to /nix/store/hz8s0rp16jn4h3qh6r2jqz8vb5zm19i5-perl5.32.0-IO-Interactive-1.022/lib/perl5/5.32.0/x86_64-linux-thread-multi/perllocal.pod
post-installation fixup
Moving /nix/store/hz8s0rp16jn4h3qh6r2jqz8vb5zm19i5-perl5.32.0-IO-Interactive-1.022/share/man/man3 to /nix/store/zgygnrrsd7j00r3ka2jzwaijx05rff38-perl5.32.0-IO-Interactive-1.022-devdoc/share/man/man3
Removing empty /nix/store/hz8s0rp16jn4h3qh6r2jqz8vb5zm19i5-perl5.32.0-IO-Interactive-1.022/share/man/ and (possibly) its parents
shrinking RPATHs of ELF executables and libraries in /nix/store/hz8s0rp16jn4h3qh6r2jqz8vb5zm19i5-perl5.32.0-IO-Interactive-1.022
strip is /nix/store/psyzbhp4p088sb9qcs378hfbslcalasl-binutils-2.31.1/bin/strip
stripping (with command strip and flags -S) in /nix/store/hz8s0rp16jn4h3qh6r2jqz8vb5zm19i5-perl5.32.0-IO-Interactive-1.022/lib
patching script interpreter paths in /nix/store/hz8s0rp16jn4h3qh6r2jqz8vb5zm19i5-perl5.32.0-IO-Interactive-1.022
checking for references to /build/ in /nix/store/hz8s0rp16jn4h3qh6r2jqz8vb5zm19i5-perl5.32.0-IO-Interactive-1.022...
shrinking RPATHs of ELF executables and libraries in /nix/store/zgygnrrsd7j00r3ka2jzwaijx05rff38-perl5.32.0-IO-Interactive-1.022-devdoc
gzipping man pages under /nix/store/zgygnrrsd7j00r3ka2jzwaijx05rff38-perl5.32.0-IO-Interactive-1.022-devdoc/share/man/
strip is /nix/store/psyzbhp4p088sb9qcs378hfbslcalasl-binutils-2.31.1/bin/strip
patching script interpreter paths in /nix/store/zgygnrrsd7j00r3ka2jzwaijx05rff38-perl5.32.0-IO-Interactive-1.022-devdoc
checking for references to /build/ in /nix/store/zgygnrrsd7j00r3ka2jzwaijx05rff38-perl5.32.0-IO-Interactive-1.022-devdoc...
/nix/store/hz8s0rp16jn4h3qh6r2jqz8vb5zm19i5-perl5.32.0-IO-Interactive-1.022
