these derivations will be built:
  /nix/store/sp3334fin1a00g8cgp0cr2dzjiqagh1g-perl5.32.0-IP-Country-2.28.drv
building '/nix/store/sp3334fin1a00g8cgp0cr2dzjiqagh1g-perl5.32.0-IP-Country-2.28.drv'...
unpacking sources
unpacking source archive /nix/store/5aaibb1bi1jnqmzm6nv42rbs21svlrdv-IP-Country-2.28.tar.gz
source root is IP-Country-2.28
setting SOURCE_DATE_EPOCH to timestamp 1368634911 of file IP-Country-2.28/META.yml
patching sources
configuring
patching ./dbmScripts/ipauth_loader.pl...
patching ./dbmScripts/ipcc_loader.pl...
patching ./dbmScripts/whois_filenames...
patching ./dbmScripts/ipcc_maker.pl...
patching ./dbmScripts/ipauth_maker.pl...
Undefined requirement for Geography::Countries treated as '0' at /nix/store/7c044di03qa7qgr5kjjc2d787aspzp0m-perl-5.32.0/lib/perl5/5.32.0/ExtUtils/MakeMaker.pm line 470.
Checking if your kit is complete...
Looks good
Generating a Unix-style Makefile
Writing Makefile for IP::Country
Writing MYMETA.yml and MYMETA.json
no configure script, doing nothing
building
build flags: SHELL=/nix/store/9fqwwd4iybmhjqyxiaxycknslw6bgwh1-bash-4.4-p23/bin/bash
cp lib/IP/Authority.pm blib/lib/IP/Authority.pm
cp lib/IP/Country/Slow.pm blib/lib/IP/Country/Slow.pm
cp lib/IP/Country/Fast.pm blib/lib/IP/Country/Fast.pm
cp lib/IP/Country/Medium.pm blib/lib/IP/Country/Medium.pm
cp lib/IP/Authority/ipauth.gif blib/lib/IP/Authority/ipauth.gif
cp lib/IP/Country/Fast/ip.gif blib/lib/IP/Country/Fast/ip.gif
cp lib/IP/Country.pm blib/lib/IP/Country.pm
cp lib/IP/Country/Fast/cc.gif blib/lib/IP/Country/Fast/cc.gif
cp lib/IP/Country/MaxMind.pm blib/lib/IP/Country/MaxMind.pm
cp lib/IP/Authority/auth.gif blib/lib/IP/Authority/auth.gif
"/nix/store/7c044di03qa7qgr5kjjc2d787aspzp0m-perl-5.32.0/bin/perl" "-Iblib/arch" "-Iblib/lib" bin/ip2cc.PL bin/ip2cc
Extracting ip2cc (with variable substitutions)
cp bin/ip2cc blib/script/ip2cc
"/nix/store/7c044di03qa7qgr5kjjc2d787aspzp0m-perl-5.32.0/bin/perl" -MExtUtils::MY -e 'MY->fixin(shift)' -- blib/script/ip2cc
Manifying 1 pod document
Manifying 6 pod documents
running tests
check flags: SHELL=/nix/store/9fqwwd4iybmhjqyxiaxycknslw6bgwh1-bash-4.4-p23/bin/bash VERBOSE=y test
PERL_DL_NONLAZY=1 "/nix/store/7c044di03qa7qgr5kjjc2d787aspzp0m-perl-5.32.0/bin/perl" "-MExtUtils::Command::MM" "-MTest::Harness" "-e" "undef *Test::Harness::Switches; test_harness(0, 'blib/lib', 'blib/arch')" t/*.t
t/01object_creation.t .. ok
t/02fast_lookup.t ...... ok
t/03medium_lookup.t .... ok
t/04auth_lookup.t ...... ok
t/05fast_bench.t ....... 1/1  # random find (84%, 32767 lookups/sec)
t/05fast_bench.t ....... ok
All tests successful.
Files=5, Tests=93,  1 wallclock secs ( 0.03 usr  0.01 sys +  0.97 cusr  0.01 csys =  1.02 CPU)
Result: PASS
installing
install flags: SHELL=/nix/store/9fqwwd4iybmhjqyxiaxycknslw6bgwh1-bash-4.4-p23/bin/bash pkgconfigdir=/nix/store/ymzksiakvwvb41bhiwkkbg0hq75xw1kn-perl5.32.0-IP-Country-2.28/lib/pkgconfig m4datadir=/nix/store/ymzksiakvwvb41bhiwkkbg0hq75xw1kn-perl5.32.0-IP-Country-2.28/share/aclocal aclocaldir=/nix/store/ymzksiakvwvb41bhiwkkbg0hq75xw1kn-perl5.32.0-IP-Country-2.28/share/aclocal install
Manifying 1 pod document
Manifying 6 pod documents
Installing /nix/store/ymzksiakvwvb41bhiwkkbg0hq75xw1kn-perl5.32.0-IP-Country-2.28/lib/perl5/site_perl/5.32.0/IP/Authority.pm
Installing /nix/store/ymzksiakvwvb41bhiwkkbg0hq75xw1kn-perl5.32.0-IP-Country-2.28/lib/perl5/site_perl/5.32.0/IP/Country.pm
Installing /nix/store/ymzksiakvwvb41bhiwkkbg0hq75xw1kn-perl5.32.0-IP-Country-2.28/lib/perl5/site_perl/5.32.0/IP/Country/Medium.pm
Installing /nix/store/ymzksiakvwvb41bhiwkkbg0hq75xw1kn-perl5.32.0-IP-Country-2.28/lib/perl5/site_perl/5.32.0/IP/Country/MaxMind.pm
Installing /nix/store/ymzksiakvwvb41bhiwkkbg0hq75xw1kn-perl5.32.0-IP-Country-2.28/lib/perl5/site_perl/5.32.0/IP/Country/Slow.pm
Installing /nix/store/ymzksiakvwvb41bhiwkkbg0hq75xw1kn-perl5.32.0-IP-Country-2.28/lib/perl5/site_perl/5.32.0/IP/Country/Fast.pm
Installing /nix/store/ymzksiakvwvb41bhiwkkbg0hq75xw1kn-perl5.32.0-IP-Country-2.28/lib/perl5/site_perl/5.32.0/IP/Country/Fast/ip.gif
Installing /nix/store/ymzksiakvwvb41bhiwkkbg0hq75xw1kn-perl5.32.0-IP-Country-2.28/lib/perl5/site_perl/5.32.0/IP/Country/Fast/cc.gif
Installing /nix/store/ymzksiakvwvb41bhiwkkbg0hq75xw1kn-perl5.32.0-IP-Country-2.28/lib/perl5/site_perl/5.32.0/IP/Authority/ipauth.gif
Installing /nix/store/ymzksiakvwvb41bhiwkkbg0hq75xw1kn-perl5.32.0-IP-Country-2.28/lib/perl5/site_perl/5.32.0/IP/Authority/auth.gif
Installing /nix/store/ymzksiakvwvb41bhiwkkbg0hq75xw1kn-perl5.32.0-IP-Country-2.28/share/man/man1/ip2cc.1
Installing /nix/store/ymzksiakvwvb41bhiwkkbg0hq75xw1kn-perl5.32.0-IP-Country-2.28/share/man/man3/IP::Country::Medium.3
Installing /nix/store/ymzksiakvwvb41bhiwkkbg0hq75xw1kn-perl5.32.0-IP-Country-2.28/share/man/man3/IP::Country::Fast.3
Installing /nix/store/ymzksiakvwvb41bhiwkkbg0hq75xw1kn-perl5.32.0-IP-Country-2.28/share/man/man3/IP::Country::MaxMind.3
Installing /nix/store/ymzksiakvwvb41bhiwkkbg0hq75xw1kn-perl5.32.0-IP-Country-2.28/share/man/man3/IP::Country.3
Installing /nix/store/ymzksiakvwvb41bhiwkkbg0hq75xw1kn-perl5.32.0-IP-Country-2.28/share/man/man3/IP::Authority.3
Installing /nix/store/ymzksiakvwvb41bhiwkkbg0hq75xw1kn-perl5.32.0-IP-Country-2.28/share/man/man3/IP::Country::Slow.3
Installing /nix/store/ymzksiakvwvb41bhiwkkbg0hq75xw1kn-perl5.32.0-IP-Country-2.28/bin/ip2cc
Appending installation info to /nix/store/ymzksiakvwvb41bhiwkkbg0hq75xw1kn-perl5.32.0-IP-Country-2.28/lib/perl5/5.32.0/x86_64-linux-thread-multi/perllocal.pod
post-installation fixup
Moving /nix/store/ymzksiakvwvb41bhiwkkbg0hq75xw1kn-perl5.32.0-IP-Country-2.28/share/man/man3 to /nix/store/hsk5l7kngzbd3q2kfad4d8ynyiddi395-perl5.32.0-IP-Country-2.28-devdoc/share/man/man3
rmdir: failed to remove '/nix/store/ymzksiakvwvb41bhiwkkbg0hq75xw1kn-perl5.32.0-IP-Country-2.28/share/man': Directory not empty
shrinking RPATHs of ELF executables and libraries in /nix/store/ymzksiakvwvb41bhiwkkbg0hq75xw1kn-perl5.32.0-IP-Country-2.28
gzipping man pages under /nix/store/ymzksiakvwvb41bhiwkkbg0hq75xw1kn-perl5.32.0-IP-Country-2.28/share/man/
strip is /nix/store/psyzbhp4p088sb9qcs378hfbslcalasl-binutils-2.31.1/bin/strip
stripping (with command strip and flags -S) in /nix/store/ymzksiakvwvb41bhiwkkbg0hq75xw1kn-perl5.32.0-IP-Country-2.28/lib  /nix/store/ymzksiakvwvb41bhiwkkbg0hq75xw1kn-perl5.32.0-IP-Country-2.28/bin
patching script interpreter paths in /nix/store/ymzksiakvwvb41bhiwkkbg0hq75xw1kn-perl5.32.0-IP-Country-2.28
checking for references to /build/ in /nix/store/ymzksiakvwvb41bhiwkkbg0hq75xw1kn-perl5.32.0-IP-Country-2.28...
shrinking RPATHs of ELF executables and libraries in /nix/store/hsk5l7kngzbd3q2kfad4d8ynyiddi395-perl5.32.0-IP-Country-2.28-devdoc
gzipping man pages under /nix/store/hsk5l7kngzbd3q2kfad4d8ynyiddi395-perl5.32.0-IP-Country-2.28-devdoc/share/man/
strip is /nix/store/psyzbhp4p088sb9qcs378hfbslcalasl-binutils-2.31.1/bin/strip
patching script interpreter paths in /nix/store/hsk5l7kngzbd3q2kfad4d8ynyiddi395-perl5.32.0-IP-Country-2.28-devdoc
checking for references to /build/ in /nix/store/hsk5l7kngzbd3q2kfad4d8ynyiddi395-perl5.32.0-IP-Country-2.28-devdoc...
/nix/store/ymzksiakvwvb41bhiwkkbg0hq75xw1kn-perl5.32.0-IP-Country-2.28
