these derivations will be built:
  /nix/store/vqrch8g9yk7r9fa9cv842y9s3ra32vwg-perl5.32.0-IRC-Utils-0.12.drv
building '/nix/store/vqrch8g9yk7r9fa9cv842y9s3ra32vwg-perl5.32.0-IRC-Utils-0.12.drv'...
unpacking sources
unpacking source archive /nix/store/bx9i1h46rgsrpx23wxyqw8xdr7nk42v8-IRC-Utils-0.12.tar.gz
source root is IRC-Utils-0.12
setting SOURCE_DATE_EPOCH to timestamp 1317934100 of file IRC-Utils-0.12/t/02_functions.t
patching sources
configuring
Checking if your kit is complete...
Looks good
Generating a Unix-style Makefile
Writing Makefile for IRC::Utils
Writing MYMETA.yml and MYMETA.json
no configure script, doing nothing
building
build flags: SHELL=/nix/store/9fqwwd4iybmhjqyxiaxycknslw6bgwh1-bash-4.4-p23/bin/bash
cp lib/IRC/Utils.pm blib/lib/IRC/Utils.pm
Manifying 1 pod document
running tests
check flags: SHELL=/nix/store/9fqwwd4iybmhjqyxiaxycknslw6bgwh1-bash-4.4-p23/bin/bash VERBOSE=y test
PERL_DL_NONLAZY=1 "/nix/store/7c044di03qa7qgr5kjjc2d787aspzp0m-perl-5.32.0/bin/perl" "-MExtUtils::Command::MM" "-MTest::Harness" "-e" "undef *Test::Harness::Switches; test_harness(0, 'blib/lib', 'blib/arch')" t/*.t
t/01_compile.t .... ok
t/02_functions.t .. ok
All tests successful.
Files=2, Tests=47,  0 wallclock secs ( 0.02 usr  0.00 sys +  0.11 cusr  0.01 csys =  0.14 CPU)
Result: PASS
installing
install flags: SHELL=/nix/store/9fqwwd4iybmhjqyxiaxycknslw6bgwh1-bash-4.4-p23/bin/bash pkgconfigdir=/nix/store/bg5na4hch3ci8ma9i0lqpv1010bhx0h5-perl5.32.0-IRC-Utils-0.12/lib/pkgconfig m4datadir=/nix/store/bg5na4hch3ci8ma9i0lqpv1010bhx0h5-perl5.32.0-IRC-Utils-0.12/share/aclocal aclocaldir=/nix/store/bg5na4hch3ci8ma9i0lqpv1010bhx0h5-perl5.32.0-IRC-Utils-0.12/share/aclocal install
Manifying 1 pod document
Installing /nix/store/bg5na4hch3ci8ma9i0lqpv1010bhx0h5-perl5.32.0-IRC-Utils-0.12/lib/perl5/site_perl/5.32.0/IRC/Utils.pm
Installing /nix/store/bg5na4hch3ci8ma9i0lqpv1010bhx0h5-perl5.32.0-IRC-Utils-0.12/share/man/man3/IRC::Utils.3
Appending installation info to /nix/store/bg5na4hch3ci8ma9i0lqpv1010bhx0h5-perl5.32.0-IRC-Utils-0.12/lib/perl5/5.32.0/x86_64-linux-thread-multi/perllocal.pod
post-installation fixup
Moving /nix/store/bg5na4hch3ci8ma9i0lqpv1010bhx0h5-perl5.32.0-IRC-Utils-0.12/share/man/man3 to /nix/store/gcgbz70yhwzfdigvy7kjgfcb4y7hlqd9-perl5.32.0-IRC-Utils-0.12-devdoc/share/man/man3
Removing empty /nix/store/bg5na4hch3ci8ma9i0lqpv1010bhx0h5-perl5.32.0-IRC-Utils-0.12/share/man/ and (possibly) its parents
shrinking RPATHs of ELF executables and libraries in /nix/store/bg5na4hch3ci8ma9i0lqpv1010bhx0h5-perl5.32.0-IRC-Utils-0.12
strip is /nix/store/psyzbhp4p088sb9qcs378hfbslcalasl-binutils-2.31.1/bin/strip
stripping (with command strip and flags -S) in /nix/store/bg5na4hch3ci8ma9i0lqpv1010bhx0h5-perl5.32.0-IRC-Utils-0.12/lib
patching script interpreter paths in /nix/store/bg5na4hch3ci8ma9i0lqpv1010bhx0h5-perl5.32.0-IRC-Utils-0.12
checking for references to /build/ in /nix/store/bg5na4hch3ci8ma9i0lqpv1010bhx0h5-perl5.32.0-IRC-Utils-0.12...
shrinking RPATHs of ELF executables and libraries in /nix/store/gcgbz70yhwzfdigvy7kjgfcb4y7hlqd9-perl5.32.0-IRC-Utils-0.12-devdoc
gzipping man pages under /nix/store/gcgbz70yhwzfdigvy7kjgfcb4y7hlqd9-perl5.32.0-IRC-Utils-0.12-devdoc/share/man/
strip is /nix/store/psyzbhp4p088sb9qcs378hfbslcalasl-binutils-2.31.1/bin/strip
patching script interpreter paths in /nix/store/gcgbz70yhwzfdigvy7kjgfcb4y7hlqd9-perl5.32.0-IRC-Utils-0.12-devdoc
checking for references to /build/ in /nix/store/gcgbz70yhwzfdigvy7kjgfcb4y7hlqd9-perl5.32.0-IRC-Utils-0.12-devdoc...
/nix/store/bg5na4hch3ci8ma9i0lqpv1010bhx0h5-perl5.32.0-IRC-Utils-0.12
