these derivations will be built:
  /nix/store/40lgbg7c7ikvbsml7rhpqw6mi4l82nwv-perl5.32.0-Locale-Utils-PlaceholderNamed-1.004.drv
  /nix/store/gpi7jf81b891nl3ljgx37lvhzxz7xb6f-perl5.32.0-Locale-Utils-PlaceholderBabelFish-0.006.drv
  /nix/store/v6hbnzdycrgqjrnhycy03mdpygky31rb-perl5.32.0-Locale-Utils-PlaceholderMaketext-1.005.drv
  /nix/store/yz6jwm101clkbh0438ijc8v4449d0i1q-perl5.32.0-Tie-Sub-1.001.drv
  /nix/store/dn164dc3s8z8205qrqy2mi7vrm3cssa1-perl5.32.0-Locale-TextDomain-OO-1.036.drv
building '/nix/store/gpi7jf81b891nl3ljgx37lvhzxz7xb6f-perl5.32.0-Locale-Utils-PlaceholderBabelFish-0.006.drv'...
building '/nix/store/v6hbnzdycrgqjrnhycy03mdpygky31rb-perl5.32.0-Locale-Utils-PlaceholderMaketext-1.005.drv'...
building '/nix/store/40lgbg7c7ikvbsml7rhpqw6mi4l82nwv-perl5.32.0-Locale-Utils-PlaceholderNamed-1.004.drv'...
building '/nix/store/yz6jwm101clkbh0438ijc8v4449d0i1q-perl5.32.0-Tie-Sub-1.001.drv'...
unpacking sources
unpacking source archive /nix/store/n0q9jmvrf5apa7akrhrv9p02zkaail3c-Locale-Utils-PlaceholderMaketext-1.005.tar.gz
unpacking sources
unpacking source archive /nix/store/0y0n3f5nhxfwk5xkhakgs5ynzpvr30pb-Tie-Sub-1.001.tar.gz
source root is Tie-Sub-1.001
source root is Locale-Utils-PlaceholderMaketext-1.005
setting SOURCE_DATE_EPOCH to timestamp 1500463978 of file Locale-Utils-PlaceholderMaketext-1.005/Makefile.PL
setting SOURCE_DATE_EPOCH to timestamp 1345440769 of file Tie-Sub-1.001/Makefile.PL
unpacking sources
patching sources
unpacking source archive /nix/store/vqczxdkm0bnwpi81i38m022mf2rqbf4c-Locale-Utils-PlaceholderBabelFish-0.006.tar.gz
patching sources
configuring
configuring
source root is Locale-Utils-PlaceholderBabelFish-0.006
setting SOURCE_DATE_EPOCH to timestamp 1500463401 of file Locale-Utils-PlaceholderBabelFish-0.006/MANIFEST
patching sources
patching ./example/01_example.pl...
patching ./example/11_expand_maketext.pl...
configuring
patching ./example/02_default_hash.pl...
patching ./example/01_maketext_to_gettext.pl...
patching ./t/pod.t...
patching ./example/12_expand_gettext.pl...
patching ./t/pod_coverage.t...
patching ./example/02_gettext_to_maketext.pl...
patching ./t/11_test_examples.t...
patching ./example/01_expand_babel_fish.pl...
patching ./t/21_expand_maketext.t...
patching ./t/11_maketext_to_gettext.t...
patching ./t/31_test_examples.t...
patching ./t/05_expand_plural.t...
patching ./t/prereq_build.t...
patching ./t/22_expand_gettext.t...
patching ./t/pod.t...
patching ./t/perl_critic.t...
patching ./t/pod.t...
patching ./t/chars.t...
patching ./t/pod_coverage.t...
patching ./t/pod_coverage.t...
patching ./t/04_modifier_code.t...
patching ./t/12_gettext_to_maketext.t...
patching ./t/11_test_examples.t...
patching ./t/prereq_build.t...
patching ./t/03_expand_named.t...
patching ./t/perl_critic.t...
patching ./t/prereq_build.t...
patching ./t/chars.t...
patching ./t/perl_critic.t...
patching ./t/01_use.t...
patching ./t/chars.t...
unpacking sources
unpacking source archive /nix/store/na4bmngbynw2gvp50q5c43bipz2pspkv-Locale-Utils-PlaceholderNamed-1.004.tar.gz
patching ./t/01_use.t...
patching ./t/02_exceptions.t...
source root is Locale-Utils-PlaceholderNamed-1.004
patching ./t/02_exceptions.t...
setting SOURCE_DATE_EPOCH to timestamp 1500464534 of file Locale-Utils-PlaceholderNamed-1.004/MANIFEST
patching sources
configuring
patching ./example/02_modifier_code.pl...
patching ./example/01_expand_named.pl...
patching ./t/pod.t...
patching ./t/pod_coverage.t...
patching ./t/21_test_examples.t...
patching ./t/12_modifier_code.t...
patching ./t/prereq_build.t...
patching ./t/perl_critic.t...
patching ./t/chars.t...
patching ./t/01_use.t...
patching ./t/11_expand_named.t...
patching ./t/02_exceptions.t...
Checking if your kit is complete...
Looks good
Checking if your kit is complete...
Generating a Unix-style Makefile
Writing Makefile for Tie::Sub
Looks good
Checking if your kit is complete...
Writing MYMETA.yml and MYMETA.json
no configure script, doing nothing
building
build flags: SHELL=/nix/store/9fqwwd4iybmhjqyxiaxycknslw6bgwh1-bash-4.4-p23/bin/bash
Looks good
Checking if your kit is complete...
Generating a Unix-style Makefile
Writing Makefile for Locale::Utils::PlaceholderBabelFish
Looks good
Generating a Unix-style Makefile
Writing Makefile for Locale::Utils::PlaceholderMaketext
Writing MYMETA.yml and MYMETA.json
no configure script, doing nothing
building
build flags: SHELL=/nix/store/9fqwwd4iybmhjqyxiaxycknslw6bgwh1-bash-4.4-p23/bin/bash
Writing MYMETA.yml and MYMETA.json
no configure script, doing nothing
building
build flags: SHELL=/nix/store/9fqwwd4iybmhjqyxiaxycknslw6bgwh1-bash-4.4-p23/bin/bash
Generating a Unix-style Makefile
Writing Makefile for Locale::Utils::PlaceholderNamed
Writing MYMETA.yml and MYMETA.json
no configure script, doing nothing
building
build flags: SHELL=/nix/store/9fqwwd4iybmhjqyxiaxycknslw6bgwh1-bash-4.4-p23/bin/bash
cp lib/Tie/Sub.pm blib/lib/Tie/Sub.pm
Manifying 1 pod document
running tests
check flags: SHELL=/nix/store/9fqwwd4iybmhjqyxiaxycknslw6bgwh1-bash-4.4-p23/bin/bash VERBOSE=y test
PERL_DL_NONLAZY=1 "/nix/store/7c044di03qa7qgr5kjjc2d787aspzp0m-perl-5.32.0/bin/perl" "-MExtUtils::Command::MM" "-MTest::Harness" "-e" "undef *Test::Harness::Switches; test_harness(0, 'blib/lib', 'blib/arch')" t/*.t
cp lib/Locale/Utils/PlaceholderBabelFish.pm blib/lib/Locale/Utils/PlaceholderBabelFish.pm
cp lib/Locale/Utils/PlaceholderMaketext.pm blib/lib/Locale/Utils/PlaceholderMaketext.pm
cp lib/Locale/Utils/PlaceholderNamed.pm blib/lib/Locale/Utils/PlaceholderNamed.pm
Manifying 1 pod document
Manifying 1 pod document
running tests
check flags: SHELL=/nix/store/9fqwwd4iybmhjqyxiaxycknslw6bgwh1-bash-4.4-p23/bin/bash VERBOSE=y test
running tests
check flags: SHELL=/nix/store/9fqwwd4iybmhjqyxiaxycknslw6bgwh1-bash-4.4-p23/bin/bash VERBOSE=y test
PERL_DL_NONLAZY=1 "/nix/store/7c044di03qa7qgr5kjjc2d787aspzp0m-perl-5.32.0/bin/perl" "-MExtUtils::Command::MM" "-MTest::Harness" "-e" "undef *Test::Harness::Switches; test_harness(0, 'blib/lib', 'blib/arch')" t/*.t
PERL_DL_NONLAZY=1 "/nix/store/7c044di03qa7qgr5kjjc2d787aspzp0m-perl-5.32.0/bin/perl" "-MExtUtils::Command::MM" "-MTest::Harness" "-e" "undef *Test::Harness::Switches; test_harness(0, 'blib/lib', 'blib/arch')" t/*.t
Manifying 1 pod document
running tests
check flags: SHELL=/nix/store/9fqwwd4iybmhjqyxiaxycknslw6bgwh1-bash-4.4-p23/bin/bash VERBOSE=y test
PERL_DL_NONLAZY=1 "/nix/store/7c044di03qa7qgr5kjjc2d787aspzp0m-perl-5.32.0/bin/perl" "-MExtUtils::Command::MM" "-MTest::Harness" "-e" "undef *Test::Harness::Switches; test_harness(0, 'blib/lib', 'blib/arch')" t/*.t
t/01_basics.t ......... ok
t/02_like_function.t .. ok
t/03_like_sub.t ....... ok
t/04_like_method.t .... ok
t/01_use.t ............ ok
t/01_use.t ............ ok
t/01_use.t .................. ok
t/02_exceptions.t ..... skipped: Author test. Set $ENV{AUTHOR_TESTING} to a true value to run.
t/11_test_examples.t .. skipped: Set $ENV{AUTHOR_TESTING} to run this test.
t/02_exceptions.t ........... skipped: Author test. Set $ENV{AUTHOR_TESTING} to a true value to run.
t/02_exceptions.t ..... skipped: Author test. Set $ENV{AUTHOR_TESTING} to a true value to run.
t/chars.t ............. skipped: Author test. Set $ENV{AUTHOR_TESTING} to a true value to run.
t/11_expand_named.t ... ok
t/perl_critic.t ....... skipped: Test::Perl::Critic required
t/pod.t ............... skipped: Test::Pod 1.14 required for testing POD
t/11_maketext_to_gettext.t .. ok
t/pod_coverage.t ...... skipped: Test::Pod::Coverage 1.04 required for testing POD coverage
t/03_expand_named.t ... ok
t/12_modifier_code.t .. ok
t/prereq_build.t ...... skipped: Author test.  Set $ENV{RELEASE_TESTING} to a true value to run.
All tests successful.
Files=10, Tests=19,  1 wallclock secs ( 0.05 usr  0.03 sys +  0.85 cusr  0.55 csys =  1.48 CPU)
Result: PASS
installing
install flags: SHELL=/nix/store/9fqwwd4iybmhjqyxiaxycknslw6bgwh1-bash-4.4-p23/bin/bash pkgconfigdir=/nix/store/cshsvh7iynsrmk02c7vc2v678a1wd5vq-perl5.32.0-Tie-Sub-1.001/lib/pkgconfig m4datadir=/nix/store/cshsvh7iynsrmk02c7vc2v678a1wd5vq-perl5.32.0-Tie-Sub-1.001/share/aclocal aclocaldir=/nix/store/cshsvh7iynsrmk02c7vc2v678a1wd5vq-perl5.32.0-Tie-Sub-1.001/share/aclocal install
t/12_gettext_to_maketext.t .. ok
t/04_modifier_code.t .. ok
t/21_test_examples.t .. skipped: Set $ENV{AUTHOR_TESTING} to run this test.
Manifying 1 pod document
Installing /nix/store/cshsvh7iynsrmk02c7vc2v678a1wd5vq-perl5.32.0-Tie-Sub-1.001/lib/perl5/site_perl/5.32.0/Tie/Sub.pm
Installing /nix/store/cshsvh7iynsrmk02c7vc2v678a1wd5vq-perl5.32.0-Tie-Sub-1.001/share/man/man3/Tie::Sub.3
Appending installation info to /nix/store/cshsvh7iynsrmk02c7vc2v678a1wd5vq-perl5.32.0-Tie-Sub-1.001/lib/perl5/5.32.0/x86_64-linux-thread-multi/perllocal.pod
post-installation fixup
Moving /nix/store/cshsvh7iynsrmk02c7vc2v678a1wd5vq-perl5.32.0-Tie-Sub-1.001/share/man/man3 to /nix/store/xq9dqbcmrlxkxxfdf5hh1icyxgc80159-perl5.32.0-Tie-Sub-1.001-devdoc/share/man/man3
Removing empty /nix/store/cshsvh7iynsrmk02c7vc2v678a1wd5vq-perl5.32.0-Tie-Sub-1.001/share/man/ and (possibly) its parents
shrinking RPATHs of ELF executables and libraries in /nix/store/cshsvh7iynsrmk02c7vc2v678a1wd5vq-perl5.32.0-Tie-Sub-1.001
strip is /nix/store/psyzbhp4p088sb9qcs378hfbslcalasl-binutils-2.31.1/bin/strip
stripping (with command strip and flags -S) in /nix/store/cshsvh7iynsrmk02c7vc2v678a1wd5vq-perl5.32.0-Tie-Sub-1.001/lib
patching script interpreter paths in /nix/store/cshsvh7iynsrmk02c7vc2v678a1wd5vq-perl5.32.0-Tie-Sub-1.001
checking for references to /build/ in /nix/store/cshsvh7iynsrmk02c7vc2v678a1wd5vq-perl5.32.0-Tie-Sub-1.001...
shrinking RPATHs of ELF executables and libraries in /nix/store/xq9dqbcmrlxkxxfdf5hh1icyxgc80159-perl5.32.0-Tie-Sub-1.001-devdoc
gzipping man pages under /nix/store/xq9dqbcmrlxkxxfdf5hh1icyxgc80159-perl5.32.0-Tie-Sub-1.001-devdoc/share/man/
strip is /nix/store/psyzbhp4p088sb9qcs378hfbslcalasl-binutils-2.31.1/bin/strip
patching script interpreter paths in /nix/store/xq9dqbcmrlxkxxfdf5hh1icyxgc80159-perl5.32.0-Tie-Sub-1.001-devdoc
checking for references to /build/ in /nix/store/xq9dqbcmrlxkxxfdf5hh1icyxgc80159-perl5.32.0-Tie-Sub-1.001-devdoc...
t/21_expand_maketext.t ...... ok
t/chars.t ............. skipped: Author test. Set $ENV{AUTHOR_TESTING} to a true value to run.
t/05_expand_plural.t .. ok
t/22_expand_gettext.t ....... ok
t/perl_critic.t ....... skipped: Author test. Set $ENV{AUTHOR_TESTING} to a true value to run.
t/11_test_examples.t .. skipped: Set $ENV{AUTHOR_TESTING} to run this test.
t/pod.t ............... skipped: Test::Pod 1.14 required for testing POD
t/31_test_examples.t ........ skipped: Set $ENV{AUTHOR_TESTING} to run this test.
t/pod_coverage.t ...... skipped: Test::Pod::Coverage 1.04 required for testing POD coverage
t/chars.t ............. skipped: Author test. Set $ENV{AUTHOR_TESTING} to a true value to run.
t/chars.t ................... skipped: Author test. Set $ENV{AUTHOR_TESTING} to a true value to run.
t/prereq_build.t ...... skipped: Author test.  Set $ENV{RELEASE_TESTING} to a true value to run.
All tests successful.
Files=10, Tests=16,  3 wallclock secs ( 0.07 usr  0.03 sys +  1.20 cusr  1.04 csys =  2.34 CPU)
Result: PASS
installing
install flags: SHELL=/nix/store/9fqwwd4iybmhjqyxiaxycknslw6bgwh1-bash-4.4-p23/bin/bash pkgconfigdir=/nix/store/r6zir5fb1sw23njmscbb480rx3vn62vw-perl5.32.0-Locale-Utils-PlaceholderNamed-1.004/lib/pkgconfig m4datadir=/nix/store/r6zir5fb1sw23njmscbb480rx3vn62vw-perl5.32.0-Locale-Utils-PlaceholderNamed-1.004/share/aclocal aclocaldir=/nix/store/r6zir5fb1sw23njmscbb480rx3vn62vw-perl5.32.0-Locale-Utils-PlaceholderNamed-1.004/share/aclocal install
t/perl_critic.t ....... skipped: Author test. Set $ENV{AUTHOR_TESTING} to a true value to run.
Manifying 1 pod document
t/pod.t ............... skipped: Test::Pod 1.14 required for testing POD
t/perl_critic.t ............. skipped: Author test. Set $ENV{AUTHOR_TESTING} to a true value to run.
Installing /nix/store/r6zir5fb1sw23njmscbb480rx3vn62vw-perl5.32.0-Locale-Utils-PlaceholderNamed-1.004/lib/perl5/site_perl/5.32.0/Locale/Utils/PlaceholderNamed.pm
Installing /nix/store/r6zir5fb1sw23njmscbb480rx3vn62vw-perl5.32.0-Locale-Utils-PlaceholderNamed-1.004/share/man/man3/Locale::Utils::PlaceholderNamed.3
Appending installation info to /nix/store/r6zir5fb1sw23njmscbb480rx3vn62vw-perl5.32.0-Locale-Utils-PlaceholderNamed-1.004/lib/perl5/5.32.0/x86_64-linux-thread-multi/perllocal.pod
post-installation fixup
Moving /nix/store/r6zir5fb1sw23njmscbb480rx3vn62vw-perl5.32.0-Locale-Utils-PlaceholderNamed-1.004/share/man/man3 to /nix/store/3ld91rki6rsalrq02aza0qrsxfdx9mqq-perl5.32.0-Locale-Utils-PlaceholderNamed-1.004-devdoc/share/man/man3
Removing empty /nix/store/r6zir5fb1sw23njmscbb480rx3vn62vw-perl5.32.0-Locale-Utils-PlaceholderNamed-1.004/share/man/ and (possibly) its parents
shrinking RPATHs of ELF executables and libraries in /nix/store/r6zir5fb1sw23njmscbb480rx3vn62vw-perl5.32.0-Locale-Utils-PlaceholderNamed-1.004
strip is /nix/store/psyzbhp4p088sb9qcs378hfbslcalasl-binutils-2.31.1/bin/strip
stripping (with command strip and flags -S) in /nix/store/r6zir5fb1sw23njmscbb480rx3vn62vw-perl5.32.0-Locale-Utils-PlaceholderNamed-1.004/lib
patching script interpreter paths in /nix/store/r6zir5fb1sw23njmscbb480rx3vn62vw-perl5.32.0-Locale-Utils-PlaceholderNamed-1.004
checking for references to /build/ in /nix/store/r6zir5fb1sw23njmscbb480rx3vn62vw-perl5.32.0-Locale-Utils-PlaceholderNamed-1.004...
shrinking RPATHs of ELF executables and libraries in /nix/store/3ld91rki6rsalrq02aza0qrsxfdx9mqq-perl5.32.0-Locale-Utils-PlaceholderNamed-1.004-devdoc
gzipping man pages under /nix/store/3ld91rki6rsalrq02aza0qrsxfdx9mqq-perl5.32.0-Locale-Utils-PlaceholderNamed-1.004-devdoc/share/man/
strip is /nix/store/psyzbhp4p088sb9qcs378hfbslcalasl-binutils-2.31.1/bin/strip
patching script interpreter paths in /nix/store/3ld91rki6rsalrq02aza0qrsxfdx9mqq-perl5.32.0-Locale-Utils-PlaceholderNamed-1.004-devdoc
checking for references to /build/ in /nix/store/3ld91rki6rsalrq02aza0qrsxfdx9mqq-perl5.32.0-Locale-Utils-PlaceholderNamed-1.004-devdoc...
t/pod.t ..................... skipped: Test::Pod 1.14 required for testing POD
t/pod_coverage.t ...... skipped: Test::Pod::Coverage 1.04 required for testing POD coverage
t/pod_coverage.t ............ skipped: Test::Pod::Coverage 1.04 required for testing POD coverage
t/prereq_build.t ...... skipped: Author test.  Set $ENV{RELEASE_TESTING} to a true value to run.
All tests successful.
Files=11, Tests=30,  3 wallclock secs ( 0.09 usr  0.03 sys +  1.53 cusr  1.42 csys =  3.07 CPU)
Result: PASS
installing
install flags: SHELL=/nix/store/9fqwwd4iybmhjqyxiaxycknslw6bgwh1-bash-4.4-p23/bin/bash pkgconfigdir=/nix/store/ihmmp9dc3iacdaip2nzbjqwhblkiysvy-perl5.32.0-Locale-Utils-PlaceholderBabelFish-0.006/lib/pkgconfig m4datadir=/nix/store/ihmmp9dc3iacdaip2nzbjqwhblkiysvy-perl5.32.0-Locale-Utils-PlaceholderBabelFish-0.006/share/aclocal aclocaldir=/nix/store/ihmmp9dc3iacdaip2nzbjqwhblkiysvy-perl5.32.0-Locale-Utils-PlaceholderBabelFish-0.006/share/aclocal install
Manifying 1 pod document
t/prereq_build.t ............ skipped: Author test.  Set $ENV{RELEASE_TESTING} to a true value to run.
All tests successful.
Files=12, Tests=99,  3 wallclock secs ( 0.09 usr  0.05 sys +  1.66 cusr  1.41 csys =  3.21 CPU)
Result: PASS
installing
install flags: SHELL=/nix/store/9fqwwd4iybmhjqyxiaxycknslw6bgwh1-bash-4.4-p23/bin/bash pkgconfigdir=/nix/store/1b22940vg6l41567g4jg3d9lmsnm8089-perl5.32.0-Locale-Utils-PlaceholderMaketext-1.005/lib/pkgconfig m4datadir=/nix/store/1b22940vg6l41567g4jg3d9lmsnm8089-perl5.32.0-Locale-Utils-PlaceholderMaketext-1.005/share/aclocal aclocaldir=/nix/store/1b22940vg6l41567g4jg3d9lmsnm8089-perl5.32.0-Locale-Utils-PlaceholderMaketext-1.005/share/aclocal install
Installing /nix/store/ihmmp9dc3iacdaip2nzbjqwhblkiysvy-perl5.32.0-Locale-Utils-PlaceholderBabelFish-0.006/lib/perl5/site_perl/5.32.0/Locale/Utils/PlaceholderBabelFish.pm
Installing /nix/store/ihmmp9dc3iacdaip2nzbjqwhblkiysvy-perl5.32.0-Locale-Utils-PlaceholderBabelFish-0.006/share/man/man3/Locale::Utils::PlaceholderBabelFish.3
Appending installation info to /nix/store/ihmmp9dc3iacdaip2nzbjqwhblkiysvy-perl5.32.0-Locale-Utils-PlaceholderBabelFish-0.006/lib/perl5/5.32.0/x86_64-linux-thread-multi/perllocal.pod
Manifying 1 pod document
post-installation fixup
Moving /nix/store/ihmmp9dc3iacdaip2nzbjqwhblkiysvy-perl5.32.0-Locale-Utils-PlaceholderBabelFish-0.006/share/man/man3 to /nix/store/q1sh8z10v1mynd43n3bdvmimlijiqq5l-perl5.32.0-Locale-Utils-PlaceholderBabelFish-0.006-devdoc/share/man/man3
Removing empty /nix/store/ihmmp9dc3iacdaip2nzbjqwhblkiysvy-perl5.32.0-Locale-Utils-PlaceholderBabelFish-0.006/share/man/ and (possibly) its parents
shrinking RPATHs of ELF executables and libraries in /nix/store/ihmmp9dc3iacdaip2nzbjqwhblkiysvy-perl5.32.0-Locale-Utils-PlaceholderBabelFish-0.006
strip is /nix/store/psyzbhp4p088sb9qcs378hfbslcalasl-binutils-2.31.1/bin/strip
stripping (with command strip and flags -S) in /nix/store/ihmmp9dc3iacdaip2nzbjqwhblkiysvy-perl5.32.0-Locale-Utils-PlaceholderBabelFish-0.006/lib
patching script interpreter paths in /nix/store/ihmmp9dc3iacdaip2nzbjqwhblkiysvy-perl5.32.0-Locale-Utils-PlaceholderBabelFish-0.006
checking for references to /build/ in /nix/store/ihmmp9dc3iacdaip2nzbjqwhblkiysvy-perl5.32.0-Locale-Utils-PlaceholderBabelFish-0.006...
shrinking RPATHs of ELF executables and libraries in /nix/store/q1sh8z10v1mynd43n3bdvmimlijiqq5l-perl5.32.0-Locale-Utils-PlaceholderBabelFish-0.006-devdoc
gzipping man pages under /nix/store/q1sh8z10v1mynd43n3bdvmimlijiqq5l-perl5.32.0-Locale-Utils-PlaceholderBabelFish-0.006-devdoc/share/man/
strip is /nix/store/psyzbhp4p088sb9qcs378hfbslcalasl-binutils-2.31.1/bin/strip
patching script interpreter paths in /nix/store/q1sh8z10v1mynd43n3bdvmimlijiqq5l-perl5.32.0-Locale-Utils-PlaceholderBabelFish-0.006-devdoc
checking for references to /build/ in /nix/store/q1sh8z10v1mynd43n3bdvmimlijiqq5l-perl5.32.0-Locale-Utils-PlaceholderBabelFish-0.006-devdoc...
Installing /nix/store/1b22940vg6l41567g4jg3d9lmsnm8089-perl5.32.0-Locale-Utils-PlaceholderMaketext-1.005/lib/perl5/site_perl/5.32.0/Locale/Utils/PlaceholderMaketext.pm
Installing /nix/store/1b22940vg6l41567g4jg3d9lmsnm8089-perl5.32.0-Locale-Utils-PlaceholderMaketext-1.005/share/man/man3/Locale::Utils::PlaceholderMaketext.3
Appending installation info to /nix/store/1b22940vg6l41567g4jg3d9lmsnm8089-perl5.32.0-Locale-Utils-PlaceholderMaketext-1.005/lib/perl5/5.32.0/x86_64-linux-thread-multi/perllocal.pod
post-installation fixup
Moving /nix/store/1b22940vg6l41567g4jg3d9lmsnm8089-perl5.32.0-Locale-Utils-PlaceholderMaketext-1.005/share/man/man3 to /nix/store/lqsgz071chc32y6ac62ffmf5x88hxqg6-perl5.32.0-Locale-Utils-PlaceholderMaketext-1.005-devdoc/share/man/man3
Removing empty /nix/store/1b22940vg6l41567g4jg3d9lmsnm8089-perl5.32.0-Locale-Utils-PlaceholderMaketext-1.005/share/man/ and (possibly) its parents
shrinking RPATHs of ELF executables and libraries in /nix/store/1b22940vg6l41567g4jg3d9lmsnm8089-perl5.32.0-Locale-Utils-PlaceholderMaketext-1.005
strip is /nix/store/psyzbhp4p088sb9qcs378hfbslcalasl-binutils-2.31.1/bin/strip
stripping (with command strip and flags -S) in /nix/store/1b22940vg6l41567g4jg3d9lmsnm8089-perl5.32.0-Locale-Utils-PlaceholderMaketext-1.005/lib
patching script interpreter paths in /nix/store/1b22940vg6l41567g4jg3d9lmsnm8089-perl5.32.0-Locale-Utils-PlaceholderMaketext-1.005
checking for references to /build/ in /nix/store/1b22940vg6l41567g4jg3d9lmsnm8089-perl5.32.0-Locale-Utils-PlaceholderMaketext-1.005...
shrinking RPATHs of ELF executables and libraries in /nix/store/lqsgz071chc32y6ac62ffmf5x88hxqg6-perl5.32.0-Locale-Utils-PlaceholderMaketext-1.005-devdoc
gzipping man pages under /nix/store/lqsgz071chc32y6ac62ffmf5x88hxqg6-perl5.32.0-Locale-Utils-PlaceholderMaketext-1.005-devdoc/share/man/
strip is /nix/store/psyzbhp4p088sb9qcs378hfbslcalasl-binutils-2.31.1/bin/strip
patching script interpreter paths in /nix/store/lqsgz071chc32y6ac62ffmf5x88hxqg6-perl5.32.0-Locale-Utils-PlaceholderMaketext-1.005-devdoc
checking for references to /build/ in /nix/store/lqsgz071chc32y6ac62ffmf5x88hxqg6-perl5.32.0-Locale-Utils-PlaceholderMaketext-1.005-devdoc...
building '/nix/store/dn164dc3s8z8205qrqy2mi7vrm3cssa1-perl5.32.0-Locale-TextDomain-OO-1.036.drv'...
unpacking sources
unpacking source archive /nix/store/yyfv8ilj4akp0cpgp7fdrmas0lvgii2h-Locale-TextDomain-OO-1.036.tar.gz
source root is Locale-TextDomain-OO-1.036
setting SOURCE_DATE_EPOCH to timestamp 1552664369 of file Locale-TextDomain-OO-1.036/META.yml
patching sources
configuring
patching ./example/23_localize_mo_utf-8.pl...
patching ./example/18_autotranslation_cached.pl...
patching ./example/06_expand_maketext_formatter_code.pl...
patching ./example/11_gettext_hash.pl...
patching ./example/15_gettext_N__.pl...
patching ./example/13_gettext_po_utf-8.pl...
patching ./example/14_gettext_mo_cp1252.pl...
patching ./example/02_filter.pl...
patching ./example/12_gettext_mo_utf-8.pl...
patching ./example/05_expand_gettext_modifier.pl...
patching ./example/41_tied_interface.pl...
patching ./example/04_merge_move_copy_delete_lexicon_utf-8.pl...
patching ./example/11_gettext_named_hash.pl...
patching ./example/42_functional_interface.pl...
patching ./example/15_gettext_Nloc_.pl...
patching ./example/03_language_of_languages.pl...
patching ./example/11_gettext_loc_hash.pl...
patching ./example/04_lexicon_store_JSON_utf-8.pl...
patching ./example/17_multiplural_mo_utf-8.pl...
patching ./example/21_maketext_mo_utf-8.pl...
patching ./example/22_loc_mo_style_gettext.pl...
patching ./t/22_loc_mo_style_gettext.t...
patching ./t/05_expand_gettext_modifier.t...
patching ./t/31_begin_end_d.t...
patching ./t/14_gettext_cp1252.t...
patching ./t/06_expand_maketext_formatter_code.t...
patching ./t/17_multiplural_mo_utf-8.t...
patching ./t/32_loc_begin_end_c.t...
patching ./t/32_begin_end_c.t...
patching ./t/16_gettext_exceptions.t...
patching ./t/18_lexicon_move_copy_delete.t...
patching ./t/pod.t...
patching ./t/42_functional_interface.t...
patching ./t/pod_coverage.t...
patching ./t/01_translate.t...
patching ./t/33_locn_begin_end_dc.t...
patching ./t/12_gettext_mo_utf-8.t...
patching ./t/02_filter.t...
patching ./t/15_gettext_N__.t...
patching ./t/07_expand_babel_fish_modifier.t...
patching ./t/13_gettext_po_utf-8.t...
patching ./t/11_gettext_loc_hash_utf-8.t...
patching ./t/04_merge_move_copy_delete_lexicon_utf-8.t...
patching ./t/19_lexicon_merge_utf-8.t...
patching ./t/41_tied_interface.t...
patching ./t/11_gettext_hash_utf-8.t...
patching ./t/33_begin_end_dc.t...
patching ./t/43_singleton_gettext_mo.t...
patching ./t/32_locn_begin_end_c.t...
patching ./t/11_gettext_named_hash_utf-8.t...
patching ./t/23_localize_mo_utf-8.t...
patching ./t/51_test_examples.t...
patching ./t/33_loc_begin_end_dc.t...
patching ./t/21_maketext_mo_utf-8.t...
patching ./t/03_language_of_languages.t...
patching ./t/prereq_build.t...
patching ./t/perl_critic.t...
patching ./t/15_gettext_Nloc_.t...
patching ./t/chars.t...
patching ./t/04_lexicon_store_JSON.t...
patching ./t/31_locn_begin_end_d.t...
patching ./t/31_loc_begin_end_d.t...
Checking if your kit is complete...
Looks good
Generating a Unix-style Makefile
Writing Makefile for Locale::TextDomain::OO
Writing MYMETA.yml and MYMETA.json
no configure script, doing nothing
building
build flags: SHELL=/nix/store/9fqwwd4iybmhjqyxiaxycknslw6bgwh1-bash-4.4-p23/bin/bash
cp lib/Locale/TextDomain/OO/Plugin/Language/LanguageOfLanguages.pm blib/lib/Locale/TextDomain/OO/Plugin/Language/LanguageOfLanguages.pm
cp lib/Locale/TextDomain/OO/Plugin/Expand/Gettext/DomainAndCategory.pm blib/lib/Locale/TextDomain/OO/Plugin/Expand/Gettext/DomainAndCategory.pm
cp lib/Locale/TextDomain/OO/Plugin/Expand/Maketext/Localize.pm blib/lib/Locale/TextDomain/OO/Plugin/Expand/Maketext/Localize.pm
cp lib/Locale/TextDomain/OO/Lexicon/Role/StoreFile.pm blib/lib/Locale/TextDomain/OO/Lexicon/Role/StoreFile.pm
cp lib/Locale/TextDomain/OO/Lexicon/File/MO.pm blib/lib/Locale/TextDomain/OO/Lexicon/File/MO.pm
cp lib/Locale/TextDomain/OO/Lexicon/Role/File.pm blib/lib/Locale/TextDomain/OO/Lexicon/Role/File.pm
cp lib/Locale/TextDomain/OO/Lexicon/File/PO.pm blib/lib/Locale/TextDomain/OO/Lexicon/File/PO.pm
cp lib/Locale/TextDomain/OO/Lexicon/StoreJSON.pm blib/lib/Locale/TextDomain/OO/Lexicon/StoreJSON.pm
cp lib/Locale/TextDomain/OO/JavaScript.pm blib/lib/Locale/TextDomain/OO/JavaScript.pm
cp lib/Locale/TextDomain/OO/Plugin/Expand/Gettext.pm blib/lib/Locale/TextDomain/OO/Plugin/Expand/Gettext.pm
cp lib/Locale/TextDomain/OO/Lexicon/Role/GettextToMaketext.pm blib/lib/Locale/TextDomain/OO/Lexicon/Role/GettextToMaketext.pm
cp lib/Locale/TextDomain/OO/Plugin/Expand/Gettext/Loc/DomainAndCategory.pm blib/lib/Locale/TextDomain/OO/Plugin/Expand/Gettext/Loc/DomainAndCategory.pm
cp lib/Locale/TextDomain/OO/Plugin/Expand/BabelFish/Loc/DomainAndCategory.pm blib/lib/Locale/TextDomain/OO/Plugin/Expand/BabelFish/Loc/DomainAndCategory.pm
cp lib/Locale/TextDomain/OO/Lexicon/Role/StoreFilter.pm blib/lib/Locale/TextDomain/OO/Lexicon/Role/StoreFilter.pm
cp lib/Locale/TextDomain/OO/Plugin/Expand/Maketext/Localise.pm blib/lib/Locale/TextDomain/OO/Plugin/Expand/Maketext/Localise.pm
cp lib/Locale/TextDomain/OO/Plugin/Expand/Maketext/Loc.pm blib/lib/Locale/TextDomain/OO/Plugin/Expand/Maketext/Loc.pm
cp lib/Locale/TextDomain/OO.pm blib/lib/Locale/TextDomain/OO.pm
cp lib/Locale/TextDomain/OO/Plugin/Expand/Gettext/Loc.pm blib/lib/Locale/TextDomain/OO/Plugin/Expand/Gettext/Loc.pm
cp lib/Locale/TextDomain/OO/FunctionalInterface.pm blib/lib/Locale/TextDomain/OO/FunctionalInterface.pm
cp lib/Locale/TextDomain/OO/Plugin/Expand/BabelFish/Loc.pm blib/lib/Locale/TextDomain/OO/Plugin/Expand/BabelFish/Loc.pm
cp lib/Locale/TextDomain/OO/Plugin/Expand/Gettext/Named.pm blib/lib/Locale/TextDomain/OO/Plugin/Expand/Gettext/Named.pm
cp lib/Locale/TextDomain/OO/Lexicon/Hash.pm blib/lib/Locale/TextDomain/OO/Lexicon/Hash.pm
cp lib/Locale/TextDomain/OO/Plugin/Expand/Maketext.pm blib/lib/Locale/TextDomain/OO/Plugin/Expand/Maketext.pm
cp lib/Locale/TextDomain/OO/Role/Logger.pm blib/lib/Locale/TextDomain/OO/Role/Logger.pm
cp lib/Locale/TextDomain/OO/Translator.pm blib/lib/Locale/TextDomain/OO/Translator.pm
cp lib/Locale/TextDomain/OO/Singleton/Lexicon.pm blib/lib/Locale/TextDomain/OO/Singleton/Lexicon.pm
cp lib/Locale/TextDomain/OO/Role/DomainAndCategory.pm blib/lib/Locale/TextDomain/OO/Role/DomainAndCategory.pm
cp lib/Locale/TextDomain/OO/Singleton/Translator.pm blib/lib/Locale/TextDomain/OO/Singleton/Translator.pm
cp lib/Locale/TextDomain/OO/TiedInterface.pm blib/lib/Locale/TextDomain/OO/TiedInterface.pm
Manifying 21 pod documents
Manifying 8 pod documents
running tests
check flags: SHELL=/nix/store/9fqwwd4iybmhjqyxiaxycknslw6bgwh1-bash-4.4-p23/bin/bash VERBOSE=y test
PERL_DL_NONLAZY=1 "/nix/store/7c044di03qa7qgr5kjjc2d787aspzp0m-perl-5.32.0/bin/perl" "-MExtUtils::Command::MM" "-MTest::Harness" "-e" "undef *Test::Harness::Switches; test_harness(0, 'blib/lib', 'blib/arch')" t/*.t
t/01_translate.t ............................. ok
t/02_filter.t ................................ ok
t/03_language_of_languages.t ................. ok
t/04_lexicon_store_JSON.t .................... ok
t/04_merge_move_copy_delete_lexicon_utf-8.t .. ok
t/05_expand_gettext_modifier.t ............... ok
t/06_expand_maketext_formatter_code.t ........ ok
t/07_expand_babel_fish_modifier.t ............ ok
t/11_gettext_hash_utf-8.t .................... ok
t/11_gettext_loc_hash_utf-8.t ................ ok
t/11_gettext_named_hash_utf-8.t .............. ok
t/12_gettext_mo_utf-8.t ...................... ok
t/13_gettext_po_utf-8.t ...................... ok
t/14_gettext_cp1252.t ........................ ok
t/15_gettext_N__.t ........................... ok
t/15_gettext_Nloc_.t ......................... ok
t/16_gettext_exceptions.t .................... ok
t/17_multiplural_mo_utf-8.t .................. ok
t/18_lexicon_move_copy_delete.t .............. ok
t/19_lexicon_merge_utf-8.t ................... ok
t/21_maketext_mo_utf-8.t ..................... ok
t/22_loc_mo_style_gettext.t .................. ok
t/23_localize_mo_utf-8.t ..................... ok
t/31_begin_end_d.t ........................... ok
t/31_loc_begin_end_d.t ....................... ok
t/31_locn_begin_end_d.t ...................... ok
t/32_begin_end_c.t ........................... ok
t/32_loc_begin_end_c.t ....................... ok
t/32_locn_begin_end_c.t ...................... ok
t/33_begin_end_dc.t .......................... ok
t/33_loc_begin_end_dc.t ...................... ok
t/33_locn_begin_end_dc.t ..................... ok
t/41_tied_interface.t ........................ ok
t/42_functional_interface.t .................. ok
t/43_singleton_gettext_mo.t .................. ok
t/51_test_examples.t ......................... skipped: Set $ENV{AUTHOR_TESTING} to run this test.
t/52_test_examples_utf-8.t ................... skipped: Set $ENV{AUTHOR_TESTING} to run this test.
t/chars.t .................................... skipped: Author test. Set $ENV{AUTHOR_TESTING} to a true value to run.
t/perl_critic.t .............................. skipped: Author test. Set $ENV{AUTHOR_TESTING} to a true value to run.
t/pod.t ...................................... skipped: Test::Pod 1.14 required for testing POD
t/pod_coverage.t ............................. skipped: Test::Pod::Coverage 1.04 required for testing POD coverage
t/prereq_build.t ............................. skipped: Author test.  Set $ENV{RELEASE_TESTING} to a true value to run.
All tests successful.
Files=42, Tests=419, 16 wallclock secs ( 0.27 usr  0.07 sys +  8.99 cusr  7.43 csys = 16.76 CPU)
Result: PASS
installing
install flags: SHELL=/nix/store/9fqwwd4iybmhjqyxiaxycknslw6bgwh1-bash-4.4-p23/bin/bash pkgconfigdir=/nix/store/7l0mpvlypb63jvx9bx7vgji56kmf2382-perl5.32.0-Locale-TextDomain-OO-1.036/lib/pkgconfig m4datadir=/nix/store/7l0mpvlypb63jvx9bx7vgji56kmf2382-perl5.32.0-Locale-TextDomain-OO-1.036/share/aclocal aclocaldir=/nix/store/7l0mpvlypb63jvx9bx7vgji56kmf2382-perl5.32.0-Locale-TextDomain-OO-1.036/share/aclocal install
Manifying 21 pod documents
Manifying 8 pod documents
Installing /nix/store/7l0mpvlypb63jvx9bx7vgji56kmf2382-perl5.32.0-Locale-TextDomain-OO-1.036/lib/perl5/site_perl/5.32.0/Locale/TextDomain/OO.pm
Installing /nix/store/7l0mpvlypb63jvx9bx7vgji56kmf2382-perl5.32.0-Locale-TextDomain-OO-1.036/lib/perl5/site_perl/5.32.0/Locale/TextDomain/OO/TiedInterface.pm
Installing /nix/store/7l0mpvlypb63jvx9bx7vgji56kmf2382-perl5.32.0-Locale-TextDomain-OO-1.036/lib/perl5/site_perl/5.32.0/Locale/TextDomain/OO/FunctionalInterface.pm
Installing /nix/store/7l0mpvlypb63jvx9bx7vgji56kmf2382-perl5.32.0-Locale-TextDomain-OO-1.036/lib/perl5/site_perl/5.32.0/Locale/TextDomain/OO/Translator.pm
Installing /nix/store/7l0mpvlypb63jvx9bx7vgji56kmf2382-perl5.32.0-Locale-TextDomain-OO-1.036/lib/perl5/site_perl/5.32.0/Locale/TextDomain/OO/JavaScript.pm
Installing /nix/store/7l0mpvlypb63jvx9bx7vgji56kmf2382-perl5.32.0-Locale-TextDomain-OO-1.036/lib/perl5/site_perl/5.32.0/Locale/TextDomain/OO/Plugin/Language/LanguageOfLanguages.pm
Installing /nix/store/7l0mpvlypb63jvx9bx7vgji56kmf2382-perl5.32.0-Locale-TextDomain-OO-1.036/lib/perl5/site_perl/5.32.0/Locale/TextDomain/OO/Plugin/Expand/Maketext.pm
Installing /nix/store/7l0mpvlypb63jvx9bx7vgji56kmf2382-perl5.32.0-Locale-TextDomain-OO-1.036/lib/perl5/site_perl/5.32.0/Locale/TextDomain/OO/Plugin/Expand/Gettext.pm
Installing /nix/store/7l0mpvlypb63jvx9bx7vgji56kmf2382-perl5.32.0-Locale-TextDomain-OO-1.036/lib/perl5/site_perl/5.32.0/Locale/TextDomain/OO/Plugin/Expand/BabelFish/Loc.pm
Installing /nix/store/7l0mpvlypb63jvx9bx7vgji56kmf2382-perl5.32.0-Locale-TextDomain-OO-1.036/lib/perl5/site_perl/5.32.0/Locale/TextDomain/OO/Plugin/Expand/BabelFish/Loc/DomainAndCategory.pm
Installing /nix/store/7l0mpvlypb63jvx9bx7vgji56kmf2382-perl5.32.0-Locale-TextDomain-OO-1.036/lib/perl5/site_perl/5.32.0/Locale/TextDomain/OO/Plugin/Expand/Gettext/Loc.pm
Installing /nix/store/7l0mpvlypb63jvx9bx7vgji56kmf2382-perl5.32.0-Locale-TextDomain-OO-1.036/lib/perl5/site_perl/5.32.0/Locale/TextDomain/OO/Plugin/Expand/Gettext/Named.pm
Installing /nix/store/7l0mpvlypb63jvx9bx7vgji56kmf2382-perl5.32.0-Locale-TextDomain-OO-1.036/lib/perl5/site_perl/5.32.0/Locale/TextDomain/OO/Plugin/Expand/Gettext/DomainAndCategory.pm
Installing /nix/store/7l0mpvlypb63jvx9bx7vgji56kmf2382-perl5.32.0-Locale-TextDomain-OO-1.036/lib/perl5/site_perl/5.32.0/Locale/TextDomain/OO/Plugin/Expand/Gettext/Loc/DomainAndCategory.pm
Installing /nix/store/7l0mpvlypb63jvx9bx7vgji56kmf2382-perl5.32.0-Locale-TextDomain-OO-1.036/lib/perl5/site_perl/5.32.0/Locale/TextDomain/OO/Plugin/Expand/Maketext/Loc.pm
Installing /nix/store/7l0mpvlypb63jvx9bx7vgji56kmf2382-perl5.32.0-Locale-TextDomain-OO-1.036/lib/perl5/site_perl/5.32.0/Locale/TextDomain/OO/Plugin/Expand/Maketext/Localize.pm
Installing /nix/store/7l0mpvlypb63jvx9bx7vgji56kmf2382-perl5.32.0-Locale-TextDomain-OO-1.036/lib/perl5/site_perl/5.32.0/Locale/TextDomain/OO/Plugin/Expand/Maketext/Localise.pm
Installing /nix/store/7l0mpvlypb63jvx9bx7vgji56kmf2382-perl5.32.0-Locale-TextDomain-OO-1.036/lib/perl5/site_perl/5.32.0/Locale/TextDomain/OO/Lexicon/StoreJSON.pm
Installing /nix/store/7l0mpvlypb63jvx9bx7vgji56kmf2382-perl5.32.0-Locale-TextDomain-OO-1.036/lib/perl5/site_perl/5.32.0/Locale/TextDomain/OO/Lexicon/Hash.pm
Installing /nix/store/7l0mpvlypb63jvx9bx7vgji56kmf2382-perl5.32.0-Locale-TextDomain-OO-1.036/lib/perl5/site_perl/5.32.0/Locale/TextDomain/OO/Lexicon/File/PO.pm
Installing /nix/store/7l0mpvlypb63jvx9bx7vgji56kmf2382-perl5.32.0-Locale-TextDomain-OO-1.036/lib/perl5/site_perl/5.32.0/Locale/TextDomain/OO/Lexicon/File/MO.pm
Installing /nix/store/7l0mpvlypb63jvx9bx7vgji56kmf2382-perl5.32.0-Locale-TextDomain-OO-1.036/lib/perl5/site_perl/5.32.0/Locale/TextDomain/OO/Lexicon/Role/StoreFile.pm
Installing /nix/store/7l0mpvlypb63jvx9bx7vgji56kmf2382-perl5.32.0-Locale-TextDomain-OO-1.036/lib/perl5/site_perl/5.32.0/Locale/TextDomain/OO/Lexicon/Role/File.pm
Installing /nix/store/7l0mpvlypb63jvx9bx7vgji56kmf2382-perl5.32.0-Locale-TextDomain-OO-1.036/lib/perl5/site_perl/5.32.0/Locale/TextDomain/OO/Lexicon/Role/GettextToMaketext.pm
Installing /nix/store/7l0mpvlypb63jvx9bx7vgji56kmf2382-perl5.32.0-Locale-TextDomain-OO-1.036/lib/perl5/site_perl/5.32.0/Locale/TextDomain/OO/Lexicon/Role/StoreFilter.pm
Installing /nix/store/7l0mpvlypb63jvx9bx7vgji56kmf2382-perl5.32.0-Locale-TextDomain-OO-1.036/lib/perl5/site_perl/5.32.0/Locale/TextDomain/OO/Singleton/Lexicon.pm
Installing /nix/store/7l0mpvlypb63jvx9bx7vgji56kmf2382-perl5.32.0-Locale-TextDomain-OO-1.036/lib/perl5/site_perl/5.32.0/Locale/TextDomain/OO/Singleton/Translator.pm
Installing /nix/store/7l0mpvlypb63jvx9bx7vgji56kmf2382-perl5.32.0-Locale-TextDomain-OO-1.036/lib/perl5/site_perl/5.32.0/Locale/TextDomain/OO/Role/DomainAndCategory.pm
Installing /nix/store/7l0mpvlypb63jvx9bx7vgji56kmf2382-perl5.32.0-Locale-TextDomain-OO-1.036/lib/perl5/site_perl/5.32.0/Locale/TextDomain/OO/Role/Logger.pm
Installing /nix/store/7l0mpvlypb63jvx9bx7vgji56kmf2382-perl5.32.0-Locale-TextDomain-OO-1.036/share/man/man3/Locale::TextDomain::OO::Plugin::Expand::Gettext::Loc::DomainAndCategory.3
Installing /nix/store/7l0mpvlypb63jvx9bx7vgji56kmf2382-perl5.32.0-Locale-TextDomain-OO-1.036/share/man/man3/Locale::TextDomain::OO::Plugin::Expand::Maketext::Localize.3
Installing /nix/store/7l0mpvlypb63jvx9bx7vgji56kmf2382-perl5.32.0-Locale-TextDomain-OO-1.036/share/man/man3/Locale::TextDomain::OO::TiedInterface.3
Installing /nix/store/7l0mpvlypb63jvx9bx7vgji56kmf2382-perl5.32.0-Locale-TextDomain-OO-1.036/share/man/man3/Locale::TextDomain::OO::Lexicon::Role::StoreFile.3
Installing /nix/store/7l0mpvlypb63jvx9bx7vgji56kmf2382-perl5.32.0-Locale-TextDomain-OO-1.036/share/man/man3/Locale::TextDomain::OO::Plugin::Language::LanguageOfLanguages.3
Installing /nix/store/7l0mpvlypb63jvx9bx7vgji56kmf2382-perl5.32.0-Locale-TextDomain-OO-1.036/share/man/man3/Locale::TextDomain::OO::Singleton::Lexicon.3
Installing /nix/store/7l0mpvlypb63jvx9bx7vgji56kmf2382-perl5.32.0-Locale-TextDomain-OO-1.036/share/man/man3/Locale::TextDomain::OO::Plugin::Expand::Maketext::Loc.3
Installing /nix/store/7l0mpvlypb63jvx9bx7vgji56kmf2382-perl5.32.0-Locale-TextDomain-OO-1.036/share/man/man3/Locale::TextDomain::OO::Lexicon::Hash.3
Installing /nix/store/7l0mpvlypb63jvx9bx7vgji56kmf2382-perl5.32.0-Locale-TextDomain-OO-1.036/share/man/man3/Locale::TextDomain::OO::Lexicon::StoreJSON.3
Installing /nix/store/7l0mpvlypb63jvx9bx7vgji56kmf2382-perl5.32.0-Locale-TextDomain-OO-1.036/share/man/man3/Locale::TextDomain::OO::Lexicon::Role::File.3
Installing /nix/store/7l0mpvlypb63jvx9bx7vgji56kmf2382-perl5.32.0-Locale-TextDomain-OO-1.036/share/man/man3/Locale::TextDomain::OO::Plugin::Expand::BabelFish::Loc.3
Installing /nix/store/7l0mpvlypb63jvx9bx7vgji56kmf2382-perl5.32.0-Locale-TextDomain-OO-1.036/share/man/man3/Locale::TextDomain::OO::Plugin::Expand::BabelFish::Loc::DomainAndCategory.3
Installing /nix/store/7l0mpvlypb63jvx9bx7vgji56kmf2382-perl5.32.0-Locale-TextDomain-OO-1.036/share/man/man3/Locale::TextDomain::OO::Translator.3
Installing /nix/store/7l0mpvlypb63jvx9bx7vgji56kmf2382-perl5.32.0-Locale-TextDomain-OO-1.036/share/man/man3/Locale::TextDomain::OO::Role::Logger.3
Installing /nix/store/7l0mpvlypb63jvx9bx7vgji56kmf2382-perl5.32.0-Locale-TextDomain-OO-1.036/share/man/man3/Locale::TextDomain::OO::Role::DomainAndCategory.3
Installing /nix/store/7l0mpvlypb63jvx9bx7vgji56kmf2382-perl5.32.0-Locale-TextDomain-OO-1.036/share/man/man3/Locale::TextDomain::OO::Plugin::Expand::Gettext::Named.3
Installing /nix/store/7l0mpvlypb63jvx9bx7vgji56kmf2382-perl5.32.0-Locale-TextDomain-OO-1.036/share/man/man3/Locale::TextDomain::OO::Plugin::Expand::Gettext::Loc.3
Installing /nix/store/7l0mpvlypb63jvx9bx7vgji56kmf2382-perl5.32.0-Locale-TextDomain-OO-1.036/share/man/man3/Locale::TextDomain::OO::JavaScript.3
Installing /nix/store/7l0mpvlypb63jvx9bx7vgji56kmf2382-perl5.32.0-Locale-TextDomain-OO-1.036/share/man/man3/Locale::TextDomain::OO::Plugin::Expand::Maketext::Localise.3
Installing /nix/store/7l0mpvlypb63jvx9bx7vgji56kmf2382-perl5.32.0-Locale-TextDomain-OO-1.036/share/man/man3/Locale::TextDomain::OO::Lexicon::File::PO.3
Installing /nix/store/7l0mpvlypb63jvx9bx7vgji56kmf2382-perl5.32.0-Locale-TextDomain-OO-1.036/share/man/man3/Locale::TextDomain::OO::Lexicon::Role::GettextToMaketext.3
Installing /nix/store/7l0mpvlypb63jvx9bx7vgji56kmf2382-perl5.32.0-Locale-TextDomain-OO-1.036/share/man/man3/Locale::TextDomain::OO::Plugin::Expand::Maketext.3
Installing /nix/store/7l0mpvlypb63jvx9bx7vgji56kmf2382-perl5.32.0-Locale-TextDomain-OO-1.036/share/man/man3/Locale::TextDomain::OO::Lexicon::Role::StoreFilter.3
Installing /nix/store/7l0mpvlypb63jvx9bx7vgji56kmf2382-perl5.32.0-Locale-TextDomain-OO-1.036/share/man/man3/Locale::TextDomain::OO::Lexicon::File::MO.3
Installing /nix/store/7l0mpvlypb63jvx9bx7vgji56kmf2382-perl5.32.0-Locale-TextDomain-OO-1.036/share/man/man3/Locale::TextDomain::OO.3
Installing /nix/store/7l0mpvlypb63jvx9bx7vgji56kmf2382-perl5.32.0-Locale-TextDomain-OO-1.036/share/man/man3/Locale::TextDomain::OO::Plugin::Expand::Gettext::DomainAndCategory.3
Installing /nix/store/7l0mpvlypb63jvx9bx7vgji56kmf2382-perl5.32.0-Locale-TextDomain-OO-1.036/share/man/man3/Locale::TextDomain::OO::Plugin::Expand::Gettext.3
Installing /nix/store/7l0mpvlypb63jvx9bx7vgji56kmf2382-perl5.32.0-Locale-TextDomain-OO-1.036/share/man/man3/Locale::TextDomain::OO::Singleton::Translator.3
Installing /nix/store/7l0mpvlypb63jvx9bx7vgji56kmf2382-perl5.32.0-Locale-TextDomain-OO-1.036/share/man/man3/Locale::TextDomain::OO::FunctionalInterface.3
Appending installation info to /nix/store/7l0mpvlypb63jvx9bx7vgji56kmf2382-perl5.32.0-Locale-TextDomain-OO-1.036/lib/perl5/5.32.0/x86_64-linux-thread-multi/perllocal.pod
post-installation fixup
Moving /nix/store/7l0mpvlypb63jvx9bx7vgji56kmf2382-perl5.32.0-Locale-TextDomain-OO-1.036/share/man/man3 to /nix/store/vsqkh3y07wnfw1ym779sjh6bmacfmzjx-perl5.32.0-Locale-TextDomain-OO-1.036-devdoc/share/man/man3
Removing empty /nix/store/7l0mpvlypb63jvx9bx7vgji56kmf2382-perl5.32.0-Locale-TextDomain-OO-1.036/share/man/ and (possibly) its parents
shrinking RPATHs of ELF executables and libraries in /nix/store/7l0mpvlypb63jvx9bx7vgji56kmf2382-perl5.32.0-Locale-TextDomain-OO-1.036
strip is /nix/store/psyzbhp4p088sb9qcs378hfbslcalasl-binutils-2.31.1/bin/strip
stripping (with command strip and flags -S) in /nix/store/7l0mpvlypb63jvx9bx7vgji56kmf2382-perl5.32.0-Locale-TextDomain-OO-1.036/lib
patching script interpreter paths in /nix/store/7l0mpvlypb63jvx9bx7vgji56kmf2382-perl5.32.0-Locale-TextDomain-OO-1.036
checking for references to /build/ in /nix/store/7l0mpvlypb63jvx9bx7vgji56kmf2382-perl5.32.0-Locale-TextDomain-OO-1.036...
shrinking RPATHs of ELF executables and libraries in /nix/store/vsqkh3y07wnfw1ym779sjh6bmacfmzjx-perl5.32.0-Locale-TextDomain-OO-1.036-devdoc
gzipping man pages under /nix/store/vsqkh3y07wnfw1ym779sjh6bmacfmzjx-perl5.32.0-Locale-TextDomain-OO-1.036-devdoc/share/man/
strip is /nix/store/psyzbhp4p088sb9qcs378hfbslcalasl-binutils-2.31.1/bin/strip
patching script interpreter paths in /nix/store/vsqkh3y07wnfw1ym779sjh6bmacfmzjx-perl5.32.0-Locale-TextDomain-OO-1.036-devdoc
checking for references to /build/ in /nix/store/vsqkh3y07wnfw1ym779sjh6bmacfmzjx-perl5.32.0-Locale-TextDomain-OO-1.036-devdoc...
/nix/store/7l0mpvlypb63jvx9bx7vgji56kmf2382-perl5.32.0-Locale-TextDomain-OO-1.036
