these derivations will be built:
  /nix/store/zhwb47rjdy6addcdg676lgck5j0rffgv-perl5.32.0-Mail-POP3Client-2.19.drv
these paths will be fetched (0.02 MiB download, 0.02 MiB unpacked):
  /nix/store/yvxjlr9ij9zlhha6hd45bimrlk5sd9jd-Mail-POP3Client-2.19.tar.gz
copying path '/nix/store/yvxjlr9ij9zlhha6hd45bimrlk5sd9jd-Mail-POP3Client-2.19.tar.gz' from 'https://cache.nixos.org'...
building '/nix/store/zhwb47rjdy6addcdg676lgck5j0rffgv-perl5.32.0-Mail-POP3Client-2.19.drv'...
unpacking sources
unpacking source archive /nix/store/yvxjlr9ij9zlhha6hd45bimrlk5sd9jd-Mail-POP3Client-2.19.tar.gz
source root is Mail-POP3Client-2.19
setting SOURCE_DATE_EPOCH to timestamp 1380824038 of file Mail-POP3Client-2.19/META.yml
patching sources
configuring
Checking if your kit is complete...
Looks good
Generating a Unix-style Makefile
Writing Makefile for Mail::POP3Client
Writing MYMETA.yml and MYMETA.json
no configure script, doing nothing
building
build flags: SHELL=/nix/store/9fqwwd4iybmhjqyxiaxycknslw6bgwh1-bash-4.4-p23/bin/bash
cp lib/Mail/POP3Client.pm blib/lib/Mail/POP3Client.pm
Manifying 1 pod document
running tests
check flags: SHELL=/nix/store/9fqwwd4iybmhjqyxiaxycknslw6bgwh1-bash-4.4-p23/bin/bash VERBOSE=y test
PERL_DL_NONLAZY=1 "/nix/store/7c044di03qa7qgr5kjjc2d787aspzp0m-perl-5.32.0/bin/perl" "-MExtUtils::Command::MM" "-MTest::Harness" "-e" "undef *Test::Harness::Switches; test_harness(0, 'blib/lib', 'blib/arch')" t/*.t
t/pod.t ...... skipped: Test::Pod 1.00 required for testing POD
t/poptest.t .. 1/26
Tests 2-26 skipped, try setting POPTESTACCOUNT=user:pass:host in environment.
t/poptest.t .. ok
t/version.t .. ok
All tests successful.
Files=3, Tests=27,  0 wallclock secs ( 0.02 usr  0.00 sys +  0.12 cusr  0.01 csys =  0.15 CPU)
Result: PASS
installing
install flags: SHELL=/nix/store/9fqwwd4iybmhjqyxiaxycknslw6bgwh1-bash-4.4-p23/bin/bash pkgconfigdir=/nix/store/1k98m4wzy7cw44j6fsqynp170i8r5ii6-perl5.32.0-Mail-POP3Client-2.19/lib/pkgconfig m4datadir=/nix/store/1k98m4wzy7cw44j6fsqynp170i8r5ii6-perl5.32.0-Mail-POP3Client-2.19/share/aclocal aclocaldir=/nix/store/1k98m4wzy7cw44j6fsqynp170i8r5ii6-perl5.32.0-Mail-POP3Client-2.19/share/aclocal install
Manifying 1 pod document
Installing /nix/store/1k98m4wzy7cw44j6fsqynp170i8r5ii6-perl5.32.0-Mail-POP3Client-2.19/lib/perl5/site_perl/5.32.0/Mail/POP3Client.pm
Installing /nix/store/1k98m4wzy7cw44j6fsqynp170i8r5ii6-perl5.32.0-Mail-POP3Client-2.19/share/man/man3/Mail::POP3Client.3
Appending installation info to /nix/store/1k98m4wzy7cw44j6fsqynp170i8r5ii6-perl5.32.0-Mail-POP3Client-2.19/lib/perl5/5.32.0/x86_64-linux-thread-multi/perllocal.pod
post-installation fixup
Moving /nix/store/1k98m4wzy7cw44j6fsqynp170i8r5ii6-perl5.32.0-Mail-POP3Client-2.19/share/man/man3 to /nix/store/8k4a8h1ppkbwv8sjrv7rz402xbig435a-perl5.32.0-Mail-POP3Client-2.19-devdoc/share/man/man3
Removing empty /nix/store/1k98m4wzy7cw44j6fsqynp170i8r5ii6-perl5.32.0-Mail-POP3Client-2.19/share/man/ and (possibly) its parents
shrinking RPATHs of ELF executables and libraries in /nix/store/1k98m4wzy7cw44j6fsqynp170i8r5ii6-perl5.32.0-Mail-POP3Client-2.19
strip is /nix/store/psyzbhp4p088sb9qcs378hfbslcalasl-binutils-2.31.1/bin/strip
stripping (with command strip and flags -S) in /nix/store/1k98m4wzy7cw44j6fsqynp170i8r5ii6-perl5.32.0-Mail-POP3Client-2.19/lib
patching script interpreter paths in /nix/store/1k98m4wzy7cw44j6fsqynp170i8r5ii6-perl5.32.0-Mail-POP3Client-2.19
checking for references to /build/ in /nix/store/1k98m4wzy7cw44j6fsqynp170i8r5ii6-perl5.32.0-Mail-POP3Client-2.19...
shrinking RPATHs of ELF executables and libraries in /nix/store/8k4a8h1ppkbwv8sjrv7rz402xbig435a-perl5.32.0-Mail-POP3Client-2.19-devdoc
gzipping man pages under /nix/store/8k4a8h1ppkbwv8sjrv7rz402xbig435a-perl5.32.0-Mail-POP3Client-2.19-devdoc/share/man/
strip is /nix/store/psyzbhp4p088sb9qcs378hfbslcalasl-binutils-2.31.1/bin/strip
patching script interpreter paths in /nix/store/8k4a8h1ppkbwv8sjrv7rz402xbig435a-perl5.32.0-Mail-POP3Client-2.19-devdoc
checking for references to /build/ in /nix/store/8k4a8h1ppkbwv8sjrv7rz402xbig435a-perl5.32.0-Mail-POP3Client-2.19-devdoc...
/nix/store/1k98m4wzy7cw44j6fsqynp170i8r5ii6-perl5.32.0-Mail-POP3Client-2.19
