these derivations will be built:
  /nix/store/sfqy7lv2pdg85lbn5y67yqbxw4m7qwpr-perl5.32.0-Mail-Sendmail-0.80.drv
these paths will be fetched (0.02 MiB download, 0.02 MiB unpacked):
  /nix/store/y495hs4vzzsq07rvf043rmwrhyxdawyl-Mail-Sendmail-0.80.tar.gz
copying path '/nix/store/y495hs4vzzsq07rvf043rmwrhyxdawyl-Mail-Sendmail-0.80.tar.gz' from 'https://cache.nixos.org'...
building '/nix/store/sfqy7lv2pdg85lbn5y67yqbxw4m7qwpr-perl5.32.0-Mail-Sendmail-0.80.drv'...
unpacking sources
unpacking source archive /nix/store/y495hs4vzzsq07rvf043rmwrhyxdawyl-Mail-Sendmail-0.80.tar.gz
source root is Mail-Sendmail-0.80
setting SOURCE_DATE_EPOCH to timestamp 1503256887 of file Mail-Sendmail-0.80/t/original.t
patching sources
configuring
patching ./t/original.t...
Checking if your kit is complete...
Looks good
Generating a Unix-style Makefile
Writing Makefile for Mail::Sendmail
Writing MYMETA.yml and MYMETA.json
no configure script, doing nothing
building
build flags: SHELL=/nix/store/9fqwwd4iybmhjqyxiaxycknslw6bgwh1-bash-4.4-p23/bin/bash
cp lib/Mail/Sendmail.pm blib/lib/Mail/Sendmail.pm
Manifying 1 pod document
running tests
1..1
ok 1
installing
install flags: SHELL=/nix/store/9fqwwd4iybmhjqyxiaxycknslw6bgwh1-bash-4.4-p23/bin/bash pkgconfigdir=/nix/store/hf5jz9bjhjqj6p0yndc3pvw96qhfsn3v-perl5.32.0-Mail-Sendmail-0.80/lib/pkgconfig m4datadir=/nix/store/hf5jz9bjhjqj6p0yndc3pvw96qhfsn3v-perl5.32.0-Mail-Sendmail-0.80/share/aclocal aclocaldir=/nix/store/hf5jz9bjhjqj6p0yndc3pvw96qhfsn3v-perl5.32.0-Mail-Sendmail-0.80/share/aclocal install
Manifying 1 pod document
Installing /nix/store/hf5jz9bjhjqj6p0yndc3pvw96qhfsn3v-perl5.32.0-Mail-Sendmail-0.80/lib/perl5/site_perl/5.32.0/Mail/Sendmail.pm
Installing /nix/store/hf5jz9bjhjqj6p0yndc3pvw96qhfsn3v-perl5.32.0-Mail-Sendmail-0.80/share/man/man3/Mail::Sendmail.3
Appending installation info to /nix/store/hf5jz9bjhjqj6p0yndc3pvw96qhfsn3v-perl5.32.0-Mail-Sendmail-0.80/lib/perl5/5.32.0/x86_64-linux-thread-multi/perllocal.pod
post-installation fixup
Moving /nix/store/hf5jz9bjhjqj6p0yndc3pvw96qhfsn3v-perl5.32.0-Mail-Sendmail-0.80/share/man/man3 to /nix/store/w89lbi6904zp8b4v7pag48qjfb6sm4dz-perl5.32.0-Mail-Sendmail-0.80-devdoc/share/man/man3
Removing empty /nix/store/hf5jz9bjhjqj6p0yndc3pvw96qhfsn3v-perl5.32.0-Mail-Sendmail-0.80/share/man/ and (possibly) its parents
shrinking RPATHs of ELF executables and libraries in /nix/store/hf5jz9bjhjqj6p0yndc3pvw96qhfsn3v-perl5.32.0-Mail-Sendmail-0.80
strip is /nix/store/psyzbhp4p088sb9qcs378hfbslcalasl-binutils-2.31.1/bin/strip
stripping (with command strip and flags -S) in /nix/store/hf5jz9bjhjqj6p0yndc3pvw96qhfsn3v-perl5.32.0-Mail-Sendmail-0.80/lib
patching script interpreter paths in /nix/store/hf5jz9bjhjqj6p0yndc3pvw96qhfsn3v-perl5.32.0-Mail-Sendmail-0.80
checking for references to /build/ in /nix/store/hf5jz9bjhjqj6p0yndc3pvw96qhfsn3v-perl5.32.0-Mail-Sendmail-0.80...
shrinking RPATHs of ELF executables and libraries in /nix/store/w89lbi6904zp8b4v7pag48qjfb6sm4dz-perl5.32.0-Mail-Sendmail-0.80-devdoc
gzipping man pages under /nix/store/w89lbi6904zp8b4v7pag48qjfb6sm4dz-perl5.32.0-Mail-Sendmail-0.80-devdoc/share/man/
strip is /nix/store/psyzbhp4p088sb9qcs378hfbslcalasl-binutils-2.31.1/bin/strip
patching script interpreter paths in /nix/store/w89lbi6904zp8b4v7pag48qjfb6sm4dz-perl5.32.0-Mail-Sendmail-0.80-devdoc
checking for references to /build/ in /nix/store/w89lbi6904zp8b4v7pag48qjfb6sm4dz-perl5.32.0-Mail-Sendmail-0.80-devdoc...
/nix/store/hf5jz9bjhjqj6p0yndc3pvw96qhfsn3v-perl5.32.0-Mail-Sendmail-0.80
