these derivations will be built:
  /nix/store/9ppz5zq18j6aqaxir2fn7znpqqlyh8mg-perl5.32.0-Mail-AuthenticationResults-1.20200331.1.drv
these paths will be fetched (0.03 MiB download, 0.03 MiB unpacked):
  /nix/store/dzapybdzgql5mnggdl4lhgw55xa2rxg1-Mail-AuthenticationResults-1.20200331.1.tar.gz
copying path '/nix/store/dzapybdzgql5mnggdl4lhgw55xa2rxg1-Mail-AuthenticationResults-1.20200331.1.tar.gz' from 'https://cache.nixos.org'...
building '/nix/store/9ppz5zq18j6aqaxir2fn7znpqqlyh8mg-perl5.32.0-Mail-AuthenticationResults-1.20200331.1.drv'...
unpacking sources
unpacking source archive /nix/store/dzapybdzgql5mnggdl4lhgw55xa2rxg1-Mail-AuthenticationResults-1.20200331.1.tar.gz
source root is Mail-AuthenticationResults-1.20200331.1
setting SOURCE_DATE_EPOCH to timestamp 1585625480 of file Mail-AuthenticationResults-1.20200331.1/weaver.ini
patching sources
configuring
patching ./t/03-parser-bogus.t...
patching ./t/author-critic.t...
patching ./t/03-search.t...
patching ./t/02-parser-quoted.t...
patching ./t/author-pod-syntax.t...
patching ./t/author-pod-coverage.t...
patching ./t/04-mail.ru.t...
patching ./t/03-search-has.t...
patching ./t/02-parser.t...
patching ./t/02-comment.t...
patching ./t/05-eol.t...
patching ./t/04-aol.t...
patching ./t/05-as_string-styles.t...
patching ./t/04-yandex.t...
patching ./t/03-search-authserv-id.t...
patching ./t/04-icloud.t...
patching ./t/03-parser.t...
patching ./t/04-gmail.t...
patching ./t/04-fastmail.t...
patching ./t/02-tokens.t...
patching ./t/04-outlook.t...
patching ./t/02-safe_set.t...
patching ./t/04-yahoo.t...
patching ./t/02-none.t...
patching ./t/05-as-json.t...
patching ./t/02-get.t...
patching ./t/05-as_string-wrap.t...
patching ./t/02-parser-begin-dot.t...
patching ./t/02-children.t...
patching ./t/05-parser-comment-heavy.t...
patching ./t/02-set.t...
Checking if your kit is complete...
Looks good
Generating a Unix-style Makefile
Writing Makefile for Mail::AuthenticationResults
Writing MYMETA.yml and MYMETA.json
no configure script, doing nothing
building
build flags: SHELL=/nix/store/9fqwwd4iybmhjqyxiaxycknslw6bgwh1-bash-4.4-p23/bin/bash
cp lib/Mail/AuthenticationResults/Token/Comment.pm blib/lib/Mail/AuthenticationResults/Token/Comment.pm
cp lib/Mail/AuthenticationResults/FoldableHeader.pm blib/lib/Mail/AuthenticationResults/FoldableHeader.pm
cp lib/Mail/AuthenticationResults/Token/QuotedString.pm blib/lib/Mail/AuthenticationResults/Token/QuotedString.pm
cp lib/Mail/AuthenticationResults/Header.pm blib/lib/Mail/AuthenticationResults/Header.pm
cp lib/Mail/AuthenticationResults/Header/SubEntry.pm blib/lib/Mail/AuthenticationResults/Header/SubEntry.pm
cp lib/Mail/AuthenticationResults/Header/Version.pm blib/lib/Mail/AuthenticationResults/Header/Version.pm
cp lib/Mail/AuthenticationResults/Token.pm blib/lib/Mail/AuthenticationResults/Token.pm
cp lib/Mail/AuthenticationResults/Token/String.pm blib/lib/Mail/AuthenticationResults/Token/String.pm
cp lib/Mail/AuthenticationResults/Header/Base.pm blib/lib/Mail/AuthenticationResults/Header/Base.pm
cp lib/Mail/AuthenticationResults/Token/Assignment.pm blib/lib/Mail/AuthenticationResults/Token/Assignment.pm
cp lib/Mail/AuthenticationResults/Token/Space.pm blib/lib/Mail/AuthenticationResults/Token/Space.pm
cp lib/Mail/AuthenticationResults/Header/Group.pm blib/lib/Mail/AuthenticationResults/Header/Group.pm
cp lib/Mail/AuthenticationResults/Header/AuthServID.pm blib/lib/Mail/AuthenticationResults/Header/AuthServID.pm
cp lib/Mail/AuthenticationResults/Header/Entry.pm blib/lib/Mail/AuthenticationResults/Header/Entry.pm
cp lib/Mail/AuthenticationResults.pm blib/lib/Mail/AuthenticationResults.pm
cp lib/Mail/AuthenticationResults/Parser.pm blib/lib/Mail/AuthenticationResults/Parser.pm
cp lib/Mail/AuthenticationResults/Token/Separator.pm blib/lib/Mail/AuthenticationResults/Token/Separator.pm
cp lib/Mail/AuthenticationResults/Header/Comment.pm blib/lib/Mail/AuthenticationResults/Header/Comment.pm
Manifying 18 pod documents
running tests
check flags: SHELL=/nix/store/9fqwwd4iybmhjqyxiaxycknslw6bgwh1-bash-4.4-p23/bin/bash VERBOSE=y test
PERL_DL_NONLAZY=1 "/nix/store/7c044di03qa7qgr5kjjc2d787aspzp0m-perl-5.32.0/bin/perl" "-MExtUtils::Command::MM" "-MTest::Harness" "-e" "undef *Test::Harness::Switches; test_harness(0, 'blib/lib', 'blib/arch')" t/*.t
t/02-children.t .............. ok
t/02-comment.t ............... ok
t/02-get.t ................... ok
t/02-none.t .................. ok
t/02-parser-begin-dot.t ...... ok
t/02-parser-quoted.t ......... ok
t/02-parser.t ................ ok
t/02-safe_set.t .............. ok
t/02-set.t ................... ok
t/02-tokens.t ................ ok
t/03-parser-bogus.t .......... ok
t/03-parser.t ................ ok
t/03-search-authserv-id.t .... ok
t/03-search-has.t ............ ok
t/03-search.t ................ ok
t/04-aol.t ................... ok
t/04-fastmail.t .............. ok
t/04-gmail.t ................. ok
t/04-icloud.t ................ ok
t/04-mail.ru.t ............... ok
t/04-outlook.t ............... ok
t/04-yahoo.t ................. ok
t/04-yandex.t ................ ok
t/05-as-json.t ............... ok
t/05-as_string-styles.t ...... ok
t/05-as_string-wrap.t ........ ok
t/05-eol.t ................... ok
t/05-parser-comment-heavy.t .. ok
t/author-critic.t ............ skipped: these tests are for testing by the author
t/author-pod-coverage.t ...... skipped: these tests are for testing by the author
t/author-pod-syntax.t ........ skipped: these tests are for testing by the author
All tests successful.
Files=31, Tests=363,  2 wallclock secs ( 0.12 usr  0.02 sys +  1.91 cusr  0.23 csys =  2.28 CPU)
Result: PASS
installing
install flags: SHELL=/nix/store/9fqwwd4iybmhjqyxiaxycknslw6bgwh1-bash-4.4-p23/bin/bash pkgconfigdir=/nix/store/5q7vs54iz3dq2iid5h51aikdwz4927kj-perl5.32.0-Mail-AuthenticationResults-1.20200331.1/lib/pkgconfig m4datadir=/nix/store/5q7vs54iz3dq2iid5h51aikdwz4927kj-perl5.32.0-Mail-AuthenticationResults-1.20200331.1/share/aclocal aclocaldir=/nix/store/5q7vs54iz3dq2iid5h51aikdwz4927kj-perl5.32.0-Mail-AuthenticationResults-1.20200331.1/share/aclocal install
Manifying 18 pod documents
Installing /nix/store/5q7vs54iz3dq2iid5h51aikdwz4927kj-perl5.32.0-Mail-AuthenticationResults-1.20200331.1/lib/perl5/site_perl/5.32.0/Mail/AuthenticationResults.pm
Installing /nix/store/5q7vs54iz3dq2iid5h51aikdwz4927kj-perl5.32.0-Mail-AuthenticationResults-1.20200331.1/lib/perl5/site_perl/5.32.0/Mail/AuthenticationResults/Header.pm
Installing /nix/store/5q7vs54iz3dq2iid5h51aikdwz4927kj-perl5.32.0-Mail-AuthenticationResults-1.20200331.1/lib/perl5/site_perl/5.32.0/Mail/AuthenticationResults/Parser.pm
Installing /nix/store/5q7vs54iz3dq2iid5h51aikdwz4927kj-perl5.32.0-Mail-AuthenticationResults-1.20200331.1/lib/perl5/site_perl/5.32.0/Mail/AuthenticationResults/FoldableHeader.pm
Installing /nix/store/5q7vs54iz3dq2iid5h51aikdwz4927kj-perl5.32.0-Mail-AuthenticationResults-1.20200331.1/lib/perl5/site_perl/5.32.0/Mail/AuthenticationResults/Token.pm
Installing /nix/store/5q7vs54iz3dq2iid5h51aikdwz4927kj-perl5.32.0-Mail-AuthenticationResults-1.20200331.1/lib/perl5/site_perl/5.32.0/Mail/AuthenticationResults/Header/Entry.pm
Installing /nix/store/5q7vs54iz3dq2iid5h51aikdwz4927kj-perl5.32.0-Mail-AuthenticationResults-1.20200331.1/lib/perl5/site_perl/5.32.0/Mail/AuthenticationResults/Header/AuthServID.pm
Installing /nix/store/5q7vs54iz3dq2iid5h51aikdwz4927kj-perl5.32.0-Mail-AuthenticationResults-1.20200331.1/lib/perl5/site_perl/5.32.0/Mail/AuthenticationResults/Header/Version.pm
Installing /nix/store/5q7vs54iz3dq2iid5h51aikdwz4927kj-perl5.32.0-Mail-AuthenticationResults-1.20200331.1/lib/perl5/site_perl/5.32.0/Mail/AuthenticationResults/Header/Comment.pm
Installing /nix/store/5q7vs54iz3dq2iid5h51aikdwz4927kj-perl5.32.0-Mail-AuthenticationResults-1.20200331.1/lib/perl5/site_perl/5.32.0/Mail/AuthenticationResults/Header/SubEntry.pm
Installing /nix/store/5q7vs54iz3dq2iid5h51aikdwz4927kj-perl5.32.0-Mail-AuthenticationResults-1.20200331.1/lib/perl5/site_perl/5.32.0/Mail/AuthenticationResults/Header/Group.pm
Installing /nix/store/5q7vs54iz3dq2iid5h51aikdwz4927kj-perl5.32.0-Mail-AuthenticationResults-1.20200331.1/lib/perl5/site_perl/5.32.0/Mail/AuthenticationResults/Header/Base.pm
Installing /nix/store/5q7vs54iz3dq2iid5h51aikdwz4927kj-perl5.32.0-Mail-AuthenticationResults-1.20200331.1/lib/perl5/site_perl/5.32.0/Mail/AuthenticationResults/Token/QuotedString.pm
Installing /nix/store/5q7vs54iz3dq2iid5h51aikdwz4927kj-perl5.32.0-Mail-AuthenticationResults-1.20200331.1/lib/perl5/site_perl/5.32.0/Mail/AuthenticationResults/Token/Assignment.pm
Installing /nix/store/5q7vs54iz3dq2iid5h51aikdwz4927kj-perl5.32.0-Mail-AuthenticationResults-1.20200331.1/lib/perl5/site_perl/5.32.0/Mail/AuthenticationResults/Token/Space.pm
Installing /nix/store/5q7vs54iz3dq2iid5h51aikdwz4927kj-perl5.32.0-Mail-AuthenticationResults-1.20200331.1/lib/perl5/site_perl/5.32.0/Mail/AuthenticationResults/Token/Separator.pm
Installing /nix/store/5q7vs54iz3dq2iid5h51aikdwz4927kj-perl5.32.0-Mail-AuthenticationResults-1.20200331.1/lib/perl5/site_perl/5.32.0/Mail/AuthenticationResults/Token/String.pm
Installing /nix/store/5q7vs54iz3dq2iid5h51aikdwz4927kj-perl5.32.0-Mail-AuthenticationResults-1.20200331.1/lib/perl5/site_perl/5.32.0/Mail/AuthenticationResults/Token/Comment.pm
Installing /nix/store/5q7vs54iz3dq2iid5h51aikdwz4927kj-perl5.32.0-Mail-AuthenticationResults-1.20200331.1/share/man/man3/Mail::AuthenticationResults::Header::SubEntry.3
Installing /nix/store/5q7vs54iz3dq2iid5h51aikdwz4927kj-perl5.32.0-Mail-AuthenticationResults-1.20200331.1/share/man/man3/Mail::AuthenticationResults::Parser.3
Installing /nix/store/5q7vs54iz3dq2iid5h51aikdwz4927kj-perl5.32.0-Mail-AuthenticationResults-1.20200331.1/share/man/man3/Mail::AuthenticationResults::Token::Assignment.3
Installing /nix/store/5q7vs54iz3dq2iid5h51aikdwz4927kj-perl5.32.0-Mail-AuthenticationResults-1.20200331.1/share/man/man3/Mail::AuthenticationResults::Header.3
Installing /nix/store/5q7vs54iz3dq2iid5h51aikdwz4927kj-perl5.32.0-Mail-AuthenticationResults-1.20200331.1/share/man/man3/Mail::AuthenticationResults::Token::Separator.3
Installing /nix/store/5q7vs54iz3dq2iid5h51aikdwz4927kj-perl5.32.0-Mail-AuthenticationResults-1.20200331.1/share/man/man3/Mail::AuthenticationResults::Header::AuthServID.3
Installing /nix/store/5q7vs54iz3dq2iid5h51aikdwz4927kj-perl5.32.0-Mail-AuthenticationResults-1.20200331.1/share/man/man3/Mail::AuthenticationResults::Header::Entry.3
Installing /nix/store/5q7vs54iz3dq2iid5h51aikdwz4927kj-perl5.32.0-Mail-AuthenticationResults-1.20200331.1/share/man/man3/Mail::AuthenticationResults::Token::String.3
Installing /nix/store/5q7vs54iz3dq2iid5h51aikdwz4927kj-perl5.32.0-Mail-AuthenticationResults-1.20200331.1/share/man/man3/Mail::AuthenticationResults::Token::Comment.3
Installing /nix/store/5q7vs54iz3dq2iid5h51aikdwz4927kj-perl5.32.0-Mail-AuthenticationResults-1.20200331.1/share/man/man3/Mail::AuthenticationResults::Token::Space.3
Installing /nix/store/5q7vs54iz3dq2iid5h51aikdwz4927kj-perl5.32.0-Mail-AuthenticationResults-1.20200331.1/share/man/man3/Mail::AuthenticationResults::Token::QuotedString.3
Installing /nix/store/5q7vs54iz3dq2iid5h51aikdwz4927kj-perl5.32.0-Mail-AuthenticationResults-1.20200331.1/share/man/man3/Mail::AuthenticationResults::FoldableHeader.3
Installing /nix/store/5q7vs54iz3dq2iid5h51aikdwz4927kj-perl5.32.0-Mail-AuthenticationResults-1.20200331.1/share/man/man3/Mail::AuthenticationResults::Header::Group.3
Installing /nix/store/5q7vs54iz3dq2iid5h51aikdwz4927kj-perl5.32.0-Mail-AuthenticationResults-1.20200331.1/share/man/man3/Mail::AuthenticationResults::Header::Comment.3
Installing /nix/store/5q7vs54iz3dq2iid5h51aikdwz4927kj-perl5.32.0-Mail-AuthenticationResults-1.20200331.1/share/man/man3/Mail::AuthenticationResults::Header::Version.3
Installing /nix/store/5q7vs54iz3dq2iid5h51aikdwz4927kj-perl5.32.0-Mail-AuthenticationResults-1.20200331.1/share/man/man3/Mail::AuthenticationResults::Header::Base.3
Installing /nix/store/5q7vs54iz3dq2iid5h51aikdwz4927kj-perl5.32.0-Mail-AuthenticationResults-1.20200331.1/share/man/man3/Mail::AuthenticationResults::Token.3
Installing /nix/store/5q7vs54iz3dq2iid5h51aikdwz4927kj-perl5.32.0-Mail-AuthenticationResults-1.20200331.1/share/man/man3/Mail::AuthenticationResults.3
Appending installation info to /nix/store/5q7vs54iz3dq2iid5h51aikdwz4927kj-perl5.32.0-Mail-AuthenticationResults-1.20200331.1/lib/perl5/5.32.0/x86_64-linux-thread-multi/perllocal.pod
post-installation fixup
Moving /nix/store/5q7vs54iz3dq2iid5h51aikdwz4927kj-perl5.32.0-Mail-AuthenticationResults-1.20200331.1/share/man/man3 to /nix/store/749kmq8yc7jdqblxxm77ynmrwql38gz0-perl5.32.0-Mail-AuthenticationResults-1.20200331.1-devdoc/share/man/man3
Removing empty /nix/store/5q7vs54iz3dq2iid5h51aikdwz4927kj-perl5.32.0-Mail-AuthenticationResults-1.20200331.1/share/man/ and (possibly) its parents
shrinking RPATHs of ELF executables and libraries in /nix/store/5q7vs54iz3dq2iid5h51aikdwz4927kj-perl5.32.0-Mail-AuthenticationResults-1.20200331.1
strip is /nix/store/psyzbhp4p088sb9qcs378hfbslcalasl-binutils-2.31.1/bin/strip
stripping (with command strip and flags -S) in /nix/store/5q7vs54iz3dq2iid5h51aikdwz4927kj-perl5.32.0-Mail-AuthenticationResults-1.20200331.1/lib
patching script interpreter paths in /nix/store/5q7vs54iz3dq2iid5h51aikdwz4927kj-perl5.32.0-Mail-AuthenticationResults-1.20200331.1
checking for references to /build/ in /nix/store/5q7vs54iz3dq2iid5h51aikdwz4927kj-perl5.32.0-Mail-AuthenticationResults-1.20200331.1...
shrinking RPATHs of ELF executables and libraries in /nix/store/749kmq8yc7jdqblxxm77ynmrwql38gz0-perl5.32.0-Mail-AuthenticationResults-1.20200331.1-devdoc
gzipping man pages under /nix/store/749kmq8yc7jdqblxxm77ynmrwql38gz0-perl5.32.0-Mail-AuthenticationResults-1.20200331.1-devdoc/share/man/
strip is /nix/store/psyzbhp4p088sb9qcs378hfbslcalasl-binutils-2.31.1/bin/strip
patching script interpreter paths in /nix/store/749kmq8yc7jdqblxxm77ynmrwql38gz0-perl5.32.0-Mail-AuthenticationResults-1.20200331.1-devdoc
checking for references to /build/ in /nix/store/749kmq8yc7jdqblxxm77ynmrwql38gz0-perl5.32.0-Mail-AuthenticationResults-1.20200331.1-devdoc...
/nix/store/5q7vs54iz3dq2iid5h51aikdwz4927kj-perl5.32.0-Mail-AuthenticationResults-1.20200331.1
