these derivations will be built:
  /nix/store/842b2r4v6lwlfphggpw1959h945v8b3y-perl5.32.0-Math-Random-0.72.drv
these paths will be fetched (0.04 MiB download, 0.04 MiB unpacked):
  /nix/store/46wfr2xlfy2v971igxjcadhrjjlyiais-Math-Random-0.72.tar.gz
copying path '/nix/store/46wfr2xlfy2v971igxjcadhrjjlyiais-Math-Random-0.72.tar.gz' from 'https://cache.nixos.org'...
building '/nix/store/842b2r4v6lwlfphggpw1959h945v8b3y-perl5.32.0-Math-Random-0.72.drv'...
unpacking sources
unpacking source archive /nix/store/46wfr2xlfy2v971igxjcadhrjjlyiais-Math-Random-0.72.tar.gz
source root is Math-Random-0.72
setting SOURCE_DATE_EPOCH to timestamp 1440882296 of file Math-Random-0.72/META.yml
patching sources
configuring
patching ./example.pl...
Checking if your kit is complete...
Looks good
Use of uninitialized value $thispth in concatenation (.) or string at /nix/store/7c044di03qa7qgr5kjjc2d787aspzp0m-perl-5.32.0/lib/perl5/5.32.0/ExtUtils/Liblist/Kid.pm line 162.
Use of uninitialized value $thispth in concatenation (.) or string at /nix/store/7c044di03qa7qgr5kjjc2d787aspzp0m-perl-5.32.0/lib/perl5/5.32.0/ExtUtils/Liblist/Kid.pm line 166.
Use of uninitialized value $thispth in concatenation (.) or string at /nix/store/7c044di03qa7qgr5kjjc2d787aspzp0m-perl-5.32.0/lib/perl5/5.32.0/ExtUtils/Liblist/Kid.pm line 171.
Use of uninitialized value $thispth in concatenation (.) or string at /nix/store/7c044di03qa7qgr5kjjc2d787aspzp0m-perl-5.32.0/lib/perl5/5.32.0/ExtUtils/Liblist/Kid.pm line 173.
Use of uninitialized value $thispth in concatenation (.) or string at /nix/store/7c044di03qa7qgr5kjjc2d787aspzp0m-perl-5.32.0/lib/perl5/5.32.0/ExtUtils/Liblist/Kid.pm line 177.
Use of uninitialized value $thispth in concatenation (.) or string at /nix/store/7c044di03qa7qgr5kjjc2d787aspzp0m-perl-5.32.0/lib/perl5/5.32.0/ExtUtils/Liblist/Kid.pm line 179.
Use of uninitialized value $thispth in concatenation (.) or string at /nix/store/7c044di03qa7qgr5kjjc2d787aspzp0m-perl-5.32.0/lib/perl5/5.32.0/ExtUtils/Liblist/Kid.pm line 183.
Warning (mostly harmless): No library found for -lm
Generating a Unix-style Makefile
Writing Makefile for Math::Random
Writing MYMETA.yml and MYMETA.json
no configure script, doing nothing
building
build flags: SHELL=/nix/store/9fqwwd4iybmhjqyxiaxycknslw6bgwh1-bash-4.4-p23/bin/bash
cp example.pl blib/lib/Math/example.pl
cp Random.pm blib/lib/Math/Random.pm
AutoSplitting blib/lib/Math/Random.pm (blib/lib/auto/Math/Random)
cp test1.pl blib/lib/Math/test1.pl
cp test2.pl blib/lib/Math/test2.pl
Running Mkbootstrap for Random ()
chmod 644 "Random.bs"
"/nix/store/7c044di03qa7qgr5kjjc2d787aspzp0m-perl-5.32.0/bin/perl" -MExtUtils::Command::MM -e 'cp_nonempty' -- Random.bs blib/arch/auto/Math/Random/Random.bs 644
"/nix/store/7c044di03qa7qgr5kjjc2d787aspzp0m-perl-5.32.0/bin/perl" "/nix/store/7c044di03qa7qgr5kjjc2d787aspzp0m-perl-5.32.0/lib/perl5/5.32.0/ExtUtils/xsubpp"  -typemap '/nix/store/7c044di03qa7qgr5kjjc2d787aspzp0m-perl-5.32.0/lib/perl5/5.32.0/ExtUtils/typemap'  Random.xs > Random.xsc
mv Random.xsc Random.c
cc -c   -D_REENTRANT -D_GNU_SOURCE -fwrapv -fno-strict-aliasing -pipe -fstack-protector-strong -I/no-such-path/include -D_LARGEFILE_SOURCE -D_FILE_OFFSET_BITS=64 -O2   -DVERSION=\"0.72\" -DXS_VERSION=\"0.72\" -fPIC "-I/nix/store/7c044di03qa7qgr5kjjc2d787aspzp0m-perl-5.32.0/lib/perl5/5.32.0/x86_64-linux-thread-multi/CORE"   Random.c
cc -c   -D_REENTRANT -D_GNU_SOURCE -fwrapv -fno-strict-aliasing -pipe -fstack-protector-strong -I/no-such-path/include -D_LARGEFILE_SOURCE -D_FILE_OFFSET_BITS=64 -O2   -DVERSION=\"0.72\" -DXS_VERSION=\"0.72\" -fPIC "-I/nix/store/7c044di03qa7qgr5kjjc2d787aspzp0m-perl-5.32.0/lib/perl5/5.32.0/x86_64-linux-thread-multi/CORE"   com.c
cc -c   -D_REENTRANT -D_GNU_SOURCE -fwrapv -fno-strict-aliasing -pipe -fstack-protector-strong -I/no-such-path/include -D_LARGEFILE_SOURCE -D_FILE_OFFSET_BITS=64 -O2   -DVERSION=\"0.72\" -DXS_VERSION=\"0.72\" -fPIC "-I/nix/store/7c044di03qa7qgr5kjjc2d787aspzp0m-perl-5.32.0/lib/perl5/5.32.0/x86_64-linux-thread-multi/CORE"   helper.c
cc -c   -D_REENTRANT -D_GNU_SOURCE -fwrapv -fno-strict-aliasing -pipe -fstack-protector-strong -I/no-such-path/include -D_LARGEFILE_SOURCE -D_FILE_OFFSET_BITS=64 -O2   -DVERSION=\"0.72\" -DXS_VERSION=\"0.72\" -fPIC "-I/nix/store/7c044di03qa7qgr5kjjc2d787aspzp0m-perl-5.32.0/lib/perl5/5.32.0/x86_64-linux-thread-multi/CORE"   linpack.c
cc -c   -D_REENTRANT -D_GNU_SOURCE -fwrapv -fno-strict-aliasing -pipe -fstack-protector-strong -I/no-such-path/include -D_LARGEFILE_SOURCE -D_FILE_OFFSET_BITS=64 -O2   -DVERSION=\"0.72\" -DXS_VERSION=\"0.72\" -fPIC "-I/nix/store/7c044di03qa7qgr5kjjc2d787aspzp0m-perl-5.32.0/lib/perl5/5.32.0/x86_64-linux-thread-multi/CORE"   randlib.c
rm -f blib/arch/auto/Math/Random/Random.so
cc  -shared -O2 -L/nix/store/68pw3wxwkrx0rwzjifm7g1jxy5g2sg1p-glibc-2.31/lib -fstack-protector-strong  Random.o com.o helper.o linpack.o randlib.o  -o blib/arch/auto/Math/Random/Random.so  \
      \

chmod 755 blib/arch/auto/Math/Random/Random.so
Manifying 1 pod document
running tests
check flags: SHELL=/nix/store/9fqwwd4iybmhjqyxiaxycknslw6bgwh1-bash-4.4-p23/bin/bash VERBOSE=y test
"/nix/store/7c044di03qa7qgr5kjjc2d787aspzp0m-perl-5.32.0/bin/perl" -MExtUtils::Command::MM -e 'cp_nonempty' -- Random.bs blib/arch/auto/Math/Random/Random.bs 644
PERL_DL_NONLAZY=1 "/nix/store/7c044di03qa7qgr5kjjc2d787aspzp0m-perl-5.32.0/bin/perl" "-Iblib/lib" "-Iblib/arch" test.pl
1..16
ok 1
random_uniform..................ok 2
random_uniform_integer..........ok 3
random_permutation..............ok 4
random_permuted_index...........ok 5
random_normal...................ok 6
random_chi_square...............ok 7
random_f........................ok 8
random_beta.....................ok 9
random_binomial.................ok 10
random_poisson..................ok 11
random_exponential..............ok 12
random_gamma....................ok 13
random_multinomial..............ok 14
random_negative_binomial........ok 15
random_multivariate_normal......ok 16
All tests successful.
installing
install flags: SHELL=/nix/store/9fqwwd4iybmhjqyxiaxycknslw6bgwh1-bash-4.4-p23/bin/bash pkgconfigdir=/nix/store/lwggmmg0g8jiz1z6w48kl83jycx995rj-perl5.32.0-Math-Random-0.72/lib/pkgconfig m4datadir=/nix/store/lwggmmg0g8jiz1z6w48kl83jycx995rj-perl5.32.0-Math-Random-0.72/share/aclocal aclocaldir=/nix/store/lwggmmg0g8jiz1z6w48kl83jycx995rj-perl5.32.0-Math-Random-0.72/share/aclocal install
"/nix/store/7c044di03qa7qgr5kjjc2d787aspzp0m-perl-5.32.0/bin/perl" -MExtUtils::Command::MM -e 'cp_nonempty' -- Random.bs blib/arch/auto/Math/Random/Random.bs 644
Manifying 1 pod document
Files found in blib/arch: installing files in blib/lib into architecture dependent library tree
Installing /nix/store/lwggmmg0g8jiz1z6w48kl83jycx995rj-perl5.32.0-Math-Random-0.72/lib/perl5/site_perl/5.32.0/x86_64-linux-thread-multi/auto/Math/Random/Random.so
Installing /nix/store/lwggmmg0g8jiz1z6w48kl83jycx995rj-perl5.32.0-Math-Random-0.72/lib/perl5/site_perl/5.32.0/x86_64-linux-thread-multi/Math/example.pl
Installing /nix/store/lwggmmg0g8jiz1z6w48kl83jycx995rj-perl5.32.0-Math-Random-0.72/lib/perl5/site_perl/5.32.0/x86_64-linux-thread-multi/Math/test1.pl
Installing /nix/store/lwggmmg0g8jiz1z6w48kl83jycx995rj-perl5.32.0-Math-Random-0.72/lib/perl5/site_perl/5.32.0/x86_64-linux-thread-multi/Math/test2.pl
Installing /nix/store/lwggmmg0g8jiz1z6w48kl83jycx995rj-perl5.32.0-Math-Random-0.72/lib/perl5/site_perl/5.32.0/x86_64-linux-thread-multi/Math/Random.pm
Installing /nix/store/lwggmmg0g8jiz1z6w48kl83jycx995rj-perl5.32.0-Math-Random-0.72/lib/perl5/site_perl/5.32.0/x86_64-linux-thread-multi/auto/Math/Random/autosplit.ix
Installing /nix/store/lwggmmg0g8jiz1z6w48kl83jycx995rj-perl5.32.0-Math-Random-0.72/share/man/man3/Math::Random.3
Appending installation info to /nix/store/lwggmmg0g8jiz1z6w48kl83jycx995rj-perl5.32.0-Math-Random-0.72/lib/perl5/5.32.0/x86_64-linux-thread-multi/perllocal.pod
post-installation fixup
Moving /nix/store/lwggmmg0g8jiz1z6w48kl83jycx995rj-perl5.32.0-Math-Random-0.72/share/man/man3 to /nix/store/930k8a4lny06p5fqgqwhnbfhfqc0jp2n-perl5.32.0-Math-Random-0.72-devdoc/share/man/man3
Removing empty /nix/store/lwggmmg0g8jiz1z6w48kl83jycx995rj-perl5.32.0-Math-Random-0.72/share/man/ and (possibly) its parents
shrinking RPATHs of ELF executables and libraries in /nix/store/lwggmmg0g8jiz1z6w48kl83jycx995rj-perl5.32.0-Math-Random-0.72
shrinking /nix/store/lwggmmg0g8jiz1z6w48kl83jycx995rj-perl5.32.0-Math-Random-0.72/lib/perl5/site_perl/5.32.0/x86_64-linux-thread-multi/auto/Math/Random/Random.so
strip is /nix/store/psyzbhp4p088sb9qcs378hfbslcalasl-binutils-2.31.1/bin/strip
stripping (with command strip and flags -S) in /nix/store/lwggmmg0g8jiz1z6w48kl83jycx995rj-perl5.32.0-Math-Random-0.72/lib
patching script interpreter paths in /nix/store/lwggmmg0g8jiz1z6w48kl83jycx995rj-perl5.32.0-Math-Random-0.72
/nix/store/lwggmmg0g8jiz1z6w48kl83jycx995rj-perl5.32.0-Math-Random-0.72/lib/perl5/site_perl/5.32.0/x86_64-linux-thread-multi/Math/example.pl: interpreter directive changed from "/usr/bin/perl -w -I/nix/store/7c044di03qa7qgr5kjjc2d787aspzp0m-perl-5.32.0/lib/perl5/site_perl -I/nix/store/7c044di03qa7qgr5kjjc2d787aspzp0m-perl-5.32.0/lib/perl5/site_perl -I/nix/store/7c044di03qa7qgr5kjjc2d787aspzp0m-perl-5.32.0/lib/perl5/site_perl -I/nix/store/7c044di03qa7qgr5kjjc2d787aspzp0m-perl-5.32.0/lib/perl5/site_perl -I/nix/store/7c044di03qa7qgr5kjjc2d787aspzp0m-perl-5.32.0/lib/perl5/site_perl -I/nix/store/lwggmmg0g8jiz1z6w48kl83jycx995rj-perl5.32.0-Math-Random-0.72/lib/perl5/site_perl" to "/nix/store/7c044di03qa7qgr5kjjc2d787aspzp0m-perl-5.32.0/bin/perl -w -I/nix/store/7c044di03qa7qgr5kjjc2d787aspzp0m-perl-5.32.0/lib/perl5/site_perl -I/nix/store/7c044di03qa7qgr5kjjc2d787aspzp0m-perl-5.32.0/lib/perl5/site_perl -I/nix/store/7c044di03qa7qgr5kjjc2d787aspzp0m-perl-5.32.0/lib/perl5/site_perl -I/nix/store/7c044di03qa7qgr5kjjc2d787aspzp0m-perl-5.32.0/lib/perl5/site_perl -I/nix/store/7c044di03qa7qgr5kjjc2d787aspzp0m-perl-5.32.0/lib/perl5/site_perl -I/nix/store/lwggmmg0g8jiz1z6w48kl83jycx995rj-perl5.32.0-Math-Random-0.72/lib/perl5/site_perl"
checking for references to /build/ in /nix/store/lwggmmg0g8jiz1z6w48kl83jycx995rj-perl5.32.0-Math-Random-0.72...
shrinking RPATHs of ELF executables and libraries in /nix/store/930k8a4lny06p5fqgqwhnbfhfqc0jp2n-perl5.32.0-Math-Random-0.72-devdoc
gzipping man pages under /nix/store/930k8a4lny06p5fqgqwhnbfhfqc0jp2n-perl5.32.0-Math-Random-0.72-devdoc/share/man/
strip is /nix/store/psyzbhp4p088sb9qcs378hfbslcalasl-binutils-2.31.1/bin/strip
patching script interpreter paths in /nix/store/930k8a4lny06p5fqgqwhnbfhfqc0jp2n-perl5.32.0-Math-Random-0.72-devdoc
checking for references to /build/ in /nix/store/930k8a4lny06p5fqgqwhnbfhfqc0jp2n-perl5.32.0-Math-Random-0.72-devdoc...
/nix/store/lwggmmg0g8jiz1z6w48kl83jycx995rj-perl5.32.0-Math-Random-0.72
