these derivations will be built:
  /nix/store/j17qb5xc9zgzg4k5ci4pbnw5ixz9yfz4-perl5.32.0-Math-Int64-0.54.drv
  /nix/store/kvf2n7qbrln8n9pkpxci62n7asb0s3lf-perl5.32.0-Math-Int128-0.22.drv
these paths will be fetched (0.21 MiB download, 0.21 MiB unpacked):
  /nix/store/fxhc4916jza53bvypq9npb6igzvgqcr2-Math-Int128-0.22.tar.gz
  /nix/store/j2s79w3paz72yn4ay5k1nz79pbrqh3zs-Math-Int64-0.54.tar.gz
copying path '/nix/store/fxhc4916jza53bvypq9npb6igzvgqcr2-Math-Int128-0.22.tar.gz' from 'https://cache.nixos.org'...
copying path '/nix/store/j2s79w3paz72yn4ay5k1nz79pbrqh3zs-Math-Int64-0.54.tar.gz' from 'https://cache.nixos.org'...
building '/nix/store/j17qb5xc9zgzg4k5ci4pbnw5ixz9yfz4-perl5.32.0-Math-Int64-0.54.drv'...
unpacking sources
unpacking source archive /nix/store/j2s79w3paz72yn4ay5k1nz79pbrqh3zs-Math-Int64-0.54.tar.gz
source root is Math-Int64-0.54
setting SOURCE_DATE_EPOCH to timestamp 1451898440 of file Math-Int64-0.54/weaver.ini
patching sources
configuring
patching ./examples/rand64.pl...
patching ./t/00-report-prereqs.t...
patching ./t/author-pod-syntax.t...
patching ./t/as_int64.t...
patching ./t/die_on_overflow.t...
patching ./t/Math-UInt64-Native.t...
patching ./t/storable.t...
patching ./t/release-synopsis.t...
patching ./t/Math-Int64-Native.t...
patching ./t/pow.t...
patching ./t/release-portability.t...
patching ./t/Math-Int64.t...
patching ./t/release-cpan-changes.t...
patching ./t/MSC.t...
patching ./t/Math-UInt64.t...
patching ./t/release-pod-coverage.t...
Using IV backend
Checking for stdlib.h... yes
Checking for stdarg.h... yes
Checking for string.h... yes
Checking for float.h... yes
Checking for assert.h... yes
Checking for ctype.h... yes
Checking for errno.h... yes
Checking for limits.h... yes
Checking for locale.h... yes
Checking for math.h... yes
Checking for setjmp.h... yes
Checking for signal.h... yes
Checking for stddef.h... yes
Checking for stdio.h... yes
Checking for time.h... yes
Checking for sys/types.h... yes
Checking for sys/stat.h... yes
Checking for memory.h... yes
Checking for strings.h... yes
Checking for inttypes.h... yes
Checking for stdint.h... yes
Checking for unistd.h... yes
Checking for int64_t... yes
Checking for stdint.h... (cached) yes
Checking if your kit is complete...
Looks good
Generating a Unix-style Makefile
Writing Makefile for Math::Int64
Writing MYMETA.yml and MYMETA.json
no configure script, doing nothing
building
build flags: SHELL=/nix/store/9fqwwd4iybmhjqyxiaxycknslw6bgwh1-bash-4.4-p23/bin/bash
cp lib/Math/Int64/die_on_overflow.pm blib/lib/Math/Int64/die_on_overflow.pm
cp lib/Math/Int64.pm blib/lib/Math/Int64.pm
cp lib/Math/Int64/native_if_available.pm blib/lib/Math/Int64/native_if_available.pm
cp lib/Math/UInt64.pm blib/lib/Math/UInt64.pm
Running Mkbootstrap for Int64 ()
chmod 644 "Int64.bs"
"/nix/store/7c044di03qa7qgr5kjjc2d787aspzp0m-perl-5.32.0/bin/perl" -MExtUtils::Command::MM -e 'cp_nonempty' -- Int64.bs blib/arch/auto/Math/Int64/Int64.bs 644
"/nix/store/7c044di03qa7qgr5kjjc2d787aspzp0m-perl-5.32.0/bin/perl" "/nix/store/7c044di03qa7qgr5kjjc2d787aspzp0m-perl-5.32.0/lib/perl5/5.32.0/ExtUtils/xsubpp"  -typemap '/nix/store/7c044di03qa7qgr5kjjc2d787aspzp0m-perl-5.32.0/lib/perl5/5.32.0/ExtUtils/typemap' -typemap '/build/Math-Int64-0.54/typemap'  Int64.xs > Int64.xsc
mv Int64.xsc Int64.c
cc -c   -D_REENTRANT -D_GNU_SOURCE -fwrapv -fno-strict-aliasing -pipe -fstack-protector-strong -I/no-such-path/include -D_LARGEFILE_SOURCE -D_FILE_OFFSET_BITS=64 -O2   -DVERSION=\"0.54\" -DXS_VERSION=\"0.54\" -fPIC "-I/nix/store/7c044di03qa7qgr5kjjc2d787aspzp0m-perl-5.32.0/lib/perl5/5.32.0/x86_64-linux-thread-multi/CORE"  -DINT64_BACKEND_IV -DUSE_INT64_T -DHAS_STDINT_H Int64.c
rm -f blib/arch/auto/Math/Int64/Int64.so
cc  -shared -O2 -L/nix/store/68pw3wxwkrx0rwzjifm7g1jxy5g2sg1p-glibc-2.31/lib -fstack-protector-strong  Int64.o  -o blib/arch/auto/Math/Int64/Int64.so  \
      \

chmod 755 blib/arch/auto/Math/Int64/Int64.so
Manifying 4 pod documents
running tests
check flags: SHELL=/nix/store/9fqwwd4iybmhjqyxiaxycknslw6bgwh1-bash-4.4-p23/bin/bash VERBOSE=y test
"/nix/store/7c044di03qa7qgr5kjjc2d787aspzp0m-perl-5.32.0/bin/perl" -MExtUtils::Command::MM -e 'cp_nonempty' -- Int64.bs blib/arch/auto/Math/Int64/Int64.bs 644
PERL_DL_NONLAZY=1 "/nix/store/7c044di03qa7qgr5kjjc2d787aspzp0m-perl-5.32.0/bin/perl" "-MExtUtils::Command::MM" "-MTest::Harness" "-e" "undef *Test::Harness::Switches; test_harness(0, 'blib/lib', 'blib/arch')" t/*.t
t/00-compile.t ............ ok
t/00-report-prereqs.t ..... #
# Versions for all modules listed in MYMETA.json (including optional ones):
#
# === Configure Requires ===
#
#     Module              Want Have
#     ------------------- ---- ----
#     ExtUtils::MakeMaker  any 7.44
#
# === Build Requires ===
#
#     Module              Want Have
#     ------------------- ---- ----
#     ExtUtils::MakeMaker  any 7.44
#
# === Test Requires ===
#
#     Module              Want     Have
#     ------------------- ---- --------
#     ExtUtils::MakeMaker  any     7.44
#     File::Spec           any     3.78
#     IO::Handle           any     1.42
#     IPC::Open3           any     1.21
#     Storable             any     3.21
#     Test::More          0.96 1.302175
#     blib                1.01     1.07
#
# === Test Recommends ===
#
#     Module         Want     Have
#     ---------- -------- --------
#     CPAN::Meta 2.120900 2.150010
#
# === Runtime Requires ===
#
#     Module             Want Have
#     ------------------ ---- ----
#     Exporter            any 5.74
#     XSLoader            any 0.30
#     constant            any 1.33
#     overload            any 1.31
#     strict              any 1.11
#     warnings            any 1.47
#     warnings::register  any 1.04
#
t/00-report-prereqs.t ..... ok
t/as_int64.t .............. ok
t/author-eol.t ............ skipped: these tests are for testing by the author
t/author-no-tabs.t ........ skipped: these tests are for testing by the author
t/author-pod-spell.t ...... skipped: these tests are for testing by the author
t/author-pod-syntax.t ..... skipped: these tests are for testing by the author
t/die_on_overflow.t ....... ok
t/Math-Int64-Native.t ..... ok
t/Math-Int64.t ............ ok
t/Math-UInt64-Native.t .... ok
t/Math-UInt64.t ........... ok
t/MSC.t ................... ok
t/pow.t ................... ok
t/release-cpan-changes.t .. skipped: these tests are for release candidate testing
t/release-pod-coverage.t .. skipped: these tests are for release candidate testing
t/release-portability.t ... skipped: these tests are for release candidate testing
t/release-synopsis.t ...... skipped: these tests are for release candidate testing
t/storable.t .............. ok
All tests successful.
Files=19, Tests=2525,  1 wallclock secs ( 0.17 usr  0.03 sys +  1.30 cusr  0.17 csys =  1.67 CPU)
Result: PASS
installing
install flags: SHELL=/nix/store/9fqwwd4iybmhjqyxiaxycknslw6bgwh1-bash-4.4-p23/bin/bash pkgconfigdir=/nix/store/dj1xryz1vx5i0918l4f4ja0nr0hchpg7-perl5.32.0-Math-Int64-0.54/lib/pkgconfig m4datadir=/nix/store/dj1xryz1vx5i0918l4f4ja0nr0hchpg7-perl5.32.0-Math-Int64-0.54/share/aclocal aclocaldir=/nix/store/dj1xryz1vx5i0918l4f4ja0nr0hchpg7-perl5.32.0-Math-Int64-0.54/share/aclocal install
"/nix/store/7c044di03qa7qgr5kjjc2d787aspzp0m-perl-5.32.0/bin/perl" -MExtUtils::Command::MM -e 'cp_nonempty' -- Int64.bs blib/arch/auto/Math/Int64/Int64.bs 644
Manifying 4 pod documents
Files found in blib/arch: installing files in blib/lib into architecture dependent library tree
Installing /nix/store/dj1xryz1vx5i0918l4f4ja0nr0hchpg7-perl5.32.0-Math-Int64-0.54/lib/perl5/site_perl/5.32.0/x86_64-linux-thread-multi/auto/Math/Int64/Int64.so
Installing /nix/store/dj1xryz1vx5i0918l4f4ja0nr0hchpg7-perl5.32.0-Math-Int64-0.54/lib/perl5/site_perl/5.32.0/x86_64-linux-thread-multi/Math/Int64.pm
Installing /nix/store/dj1xryz1vx5i0918l4f4ja0nr0hchpg7-perl5.32.0-Math-Int64-0.54/lib/perl5/site_perl/5.32.0/x86_64-linux-thread-multi/Math/UInt64.pm
Installing /nix/store/dj1xryz1vx5i0918l4f4ja0nr0hchpg7-perl5.32.0-Math-Int64-0.54/lib/perl5/site_perl/5.32.0/x86_64-linux-thread-multi/Math/Int64/native_if_available.pm
Installing /nix/store/dj1xryz1vx5i0918l4f4ja0nr0hchpg7-perl5.32.0-Math-Int64-0.54/lib/perl5/site_perl/5.32.0/x86_64-linux-thread-multi/Math/Int64/die_on_overflow.pm
Installing /nix/store/dj1xryz1vx5i0918l4f4ja0nr0hchpg7-perl5.32.0-Math-Int64-0.54/share/man/man3/Math::Int64::native_if_available.3
Installing /nix/store/dj1xryz1vx5i0918l4f4ja0nr0hchpg7-perl5.32.0-Math-Int64-0.54/share/man/man3/Math::UInt64.3
Installing /nix/store/dj1xryz1vx5i0918l4f4ja0nr0hchpg7-perl5.32.0-Math-Int64-0.54/share/man/man3/Math::Int64::die_on_overflow.3
Installing /nix/store/dj1xryz1vx5i0918l4f4ja0nr0hchpg7-perl5.32.0-Math-Int64-0.54/share/man/man3/Math::Int64.3
Appending installation info to /nix/store/dj1xryz1vx5i0918l4f4ja0nr0hchpg7-perl5.32.0-Math-Int64-0.54/lib/perl5/5.32.0/x86_64-linux-thread-multi/perllocal.pod
post-installation fixup
Moving /nix/store/dj1xryz1vx5i0918l4f4ja0nr0hchpg7-perl5.32.0-Math-Int64-0.54/share/man/man3 to /nix/store/j090c6nkxb3h2gvsxr47qw60d7rqn7rh-perl5.32.0-Math-Int64-0.54-devdoc/share/man/man3
Removing empty /nix/store/dj1xryz1vx5i0918l4f4ja0nr0hchpg7-perl5.32.0-Math-Int64-0.54/share/man/ and (possibly) its parents
shrinking RPATHs of ELF executables and libraries in /nix/store/dj1xryz1vx5i0918l4f4ja0nr0hchpg7-perl5.32.0-Math-Int64-0.54
shrinking /nix/store/dj1xryz1vx5i0918l4f4ja0nr0hchpg7-perl5.32.0-Math-Int64-0.54/lib/perl5/site_perl/5.32.0/x86_64-linux-thread-multi/auto/Math/Int64/Int64.so
strip is /nix/store/psyzbhp4p088sb9qcs378hfbslcalasl-binutils-2.31.1/bin/strip
stripping (with command strip and flags -S) in /nix/store/dj1xryz1vx5i0918l4f4ja0nr0hchpg7-perl5.32.0-Math-Int64-0.54/lib
patching script interpreter paths in /nix/store/dj1xryz1vx5i0918l4f4ja0nr0hchpg7-perl5.32.0-Math-Int64-0.54
checking for references to /build/ in /nix/store/dj1xryz1vx5i0918l4f4ja0nr0hchpg7-perl5.32.0-Math-Int64-0.54...
shrinking RPATHs of ELF executables and libraries in /nix/store/j090c6nkxb3h2gvsxr47qw60d7rqn7rh-perl5.32.0-Math-Int64-0.54-devdoc
gzipping man pages under /nix/store/j090c6nkxb3h2gvsxr47qw60d7rqn7rh-perl5.32.0-Math-Int64-0.54-devdoc/share/man/
strip is /nix/store/psyzbhp4p088sb9qcs378hfbslcalasl-binutils-2.31.1/bin/strip
patching script interpreter paths in /nix/store/j090c6nkxb3h2gvsxr47qw60d7rqn7rh-perl5.32.0-Math-Int64-0.54-devdoc
checking for references to /build/ in /nix/store/j090c6nkxb3h2gvsxr47qw60d7rqn7rh-perl5.32.0-Math-Int64-0.54-devdoc...
building '/nix/store/kvf2n7qbrln8n9pkpxci62n7asb0s3lf-perl5.32.0-Math-Int128-0.22.drv'...
unpacking sources
unpacking source archive /nix/store/fxhc4916jza53bvypq9npb6igzvgqcr2-Math-Int128-0.22.tar.gz
source root is Math-Int128-0.22
setting SOURCE_DATE_EPOCH to timestamp 1428415700 of file Math-Int128-0.22/weaver.ini
patching sources
configuring
patching ./benchmarks/mod128.pl...
patching ./benchmarks/bm.pl...
patching ./t/00-report-prereqs.t...
patching ./t/Math-Int128.t...
patching ./t/release-synopsis.t...
patching ./t/Math-UInt128.t...
patching ./t/release-portability.t...
patching ./t/release-cpan-changes.t...
patching ./t/release-pod-syntax.t...
patching ./t/bugs.t...
patching ./travis/setup.pl...
Checking for stdlib.h... yes
Checking for stdarg.h... yes
Checking for string.h... yes
Checking for float.h... yes
Checking for assert.h... yes
Checking for ctype.h... yes
Checking for errno.h... yes
Checking for limits.h... yes
Checking for locale.h... yes
Checking for math.h... yes
Checking for setjmp.h... yes
Checking for signal.h... yes
Checking for stddef.h... yes
Checking for stdio.h... yes
Checking for time.h... yes
Checking for sys/types.h... yes
Checking for sys/stat.h... yes
Checking for memory.h... yes
Checking for strings.h... yes
Checking for inttypes.h... yes
Checking for stdint.h... yes
Checking for unistd.h... yes
Checking for uint64_t... yes
Checking for __int128... yes
Checking if your kit is complete...
Looks good
Generating a Unix-style Makefile
Writing Makefile for Math::Int128
Writing MYMETA.yml and MYMETA.json
no configure script, doing nothing
building
build flags: SHELL=/nix/store/9fqwwd4iybmhjqyxiaxycknslw6bgwh1-bash-4.4-p23/bin/bash
cp lib/Math/Int128.pm blib/lib/Math/Int128.pm
cp lib/Math/Int128/die_on_overflow.pm blib/lib/Math/Int128/die_on_overflow.pm
Running Mkbootstrap for Int128 ()
chmod 644 "Int128.bs"
"/nix/store/7c044di03qa7qgr5kjjc2d787aspzp0m-perl-5.32.0/bin/perl" -MExtUtils::Command::MM -e 'cp_nonempty' -- Int128.bs blib/arch/auto/Math/Int128/Int128.bs 644
"/nix/store/7c044di03qa7qgr5kjjc2d787aspzp0m-perl-5.32.0/bin/perl" "/nix/store/7c044di03qa7qgr5kjjc2d787aspzp0m-perl-5.32.0/lib/perl5/5.32.0/ExtUtils/xsubpp"  -typemap '/nix/store/7c044di03qa7qgr5kjjc2d787aspzp0m-perl-5.32.0/lib/perl5/5.32.0/ExtUtils/typemap' -typemap '/build/Math-Int128-0.22/typemap'  Int128.xs > Int128.xsc
mv Int128.xsc Int128.c
cc -c   -D_REENTRANT -D_GNU_SOURCE -fwrapv -fno-strict-aliasing -pipe -fstack-protector-strong -I/no-such-path/include -D_LARGEFILE_SOURCE -D_FILE_OFFSET_BITS=64 -O2   -DVERSION=\"0.22\" -DXS_VERSION=\"0.22\" -fPIC "-I/nix/store/7c044di03qa7qgr5kjjc2d787aspzp0m-perl-5.32.0/lib/perl5/5.32.0/x86_64-linux-thread-multi/CORE"  -D__INT128 Int128.c
cc -c   -D_REENTRANT -D_GNU_SOURCE -fwrapv -fno-strict-aliasing -pipe -fstack-protector-strong -I/no-such-path/include -D_LARGEFILE_SOURCE -D_FILE_OFFSET_BITS=64 -O2   -DVERSION=\"0.22\" -DXS_VERSION=\"0.22\" -fPIC "-I/nix/store/7c044di03qa7qgr5kjjc2d787aspzp0m-perl-5.32.0/lib/perl5/5.32.0/x86_64-linux-thread-multi/CORE"  -D__INT128 perl_math_int64.c
rm -f blib/arch/auto/Math/Int128/Int128.so
cc  -shared -O2 -L/nix/store/68pw3wxwkrx0rwzjifm7g1jxy5g2sg1p-glibc-2.31/lib -fstack-protector-strong  Int128.o perl_math_int64.o  -o blib/arch/auto/Math/Int128/Int128.so  \
      \

chmod 755 blib/arch/auto/Math/Int128/Int128.so
Manifying 2 pod documents
running tests
check flags: SHELL=/nix/store/9fqwwd4iybmhjqyxiaxycknslw6bgwh1-bash-4.4-p23/bin/bash VERBOSE=y test
"/nix/store/7c044di03qa7qgr5kjjc2d787aspzp0m-perl-5.32.0/bin/perl" -MExtUtils::Command::MM -e 'cp_nonempty' -- Int128.bs blib/arch/auto/Math/Int128/Int128.bs 644
PERL_DL_NONLAZY=1 "/nix/store/7c044di03qa7qgr5kjjc2d787aspzp0m-perl-5.32.0/bin/perl" "-MExtUtils::Command::MM" "-MTest::Harness" "-e" "undef *Test::Harness::Switches; test_harness(0, 'blib/lib', 'blib/arch')" t/*.t
t/00-compile.t ............ ok
t/00-report-prereqs.t ..... #
# Versions for all modules listed in MYMETA.json (including optional ones):
#
# === Configure Requires ===
#
#     Module              Want Have
#     ------------------- ---- ----
#     ExtUtils::MakeMaker  any 7.44
#
# === Build Requires ===
#
#     Module              Want Have
#     ------------------- ---- ----
#     ExtUtils::MakeMaker  any 7.44
#
# === Test Requires ===
#
#     Module              Want     Have
#     ------------------- ---- --------
#     ExtUtils::MakeMaker  any     7.44
#     File::Spec           any     3.78
#     IO::Handle           any     1.42
#     IPC::Open3           any     1.21
#     Math::BigInt         any 1.999818
#     Test::More          0.96 1.302175
#     integer              any     1.01
#
# === Test Recommends ===
#
#     Module         Want     Have
#     ---------- -------- --------
#     CPAN::Meta 2.120900 2.150010
#
# === Runtime Requires ===
#
#     Module      Want Have
#     ----------- ---- ----
#     Exporter     any 5.74
#     Math::Int64 0.51 0.54
#     XSLoader     any 0.30
#     constant     any 1.33
#     overload     any 1.31
#     strict       any 1.11
#     warnings     any 1.47
#
t/00-report-prereqs.t ..... ok
t/author-eol.t ............ skipped: these tests are for testing by the author
t/author-no-tabs.t ........ skipped: these tests are for testing by the author
t/author-pod-spell.t ...... skipped: these tests are for testing by the author
t/bugs.t .................. ok
t/Math-Int128.t ........... ok
t/Math-UInt128.t .......... ok
t/release-cpan-changes.t .. skipped: these tests are for release candidate testing
t/release-pod-syntax.t .... skipped: these tests are for release candidate testing
t/release-portability.t ... skipped: these tests are for release candidate testing
t/release-synopsis.t ...... skipped: these tests are for release candidate testing
All tests successful.
Files=12, Tests=2177,  1 wallclock secs ( 0.15 usr  0.02 sys +  0.99 cusr  0.17 csys =  1.33 CPU)
Result: PASS
installing
install flags: SHELL=/nix/store/9fqwwd4iybmhjqyxiaxycknslw6bgwh1-bash-4.4-p23/bin/bash pkgconfigdir=/nix/store/9mvdk35ymbk3jbrkq8bd67j5zkqgbdd6-perl5.32.0-Math-Int128-0.22/lib/pkgconfig m4datadir=/nix/store/9mvdk35ymbk3jbrkq8bd67j5zkqgbdd6-perl5.32.0-Math-Int128-0.22/share/aclocal aclocaldir=/nix/store/9mvdk35ymbk3jbrkq8bd67j5zkqgbdd6-perl5.32.0-Math-Int128-0.22/share/aclocal install
"/nix/store/7c044di03qa7qgr5kjjc2d787aspzp0m-perl-5.32.0/bin/perl" -MExtUtils::Command::MM -e 'cp_nonempty' -- Int128.bs blib/arch/auto/Math/Int128/Int128.bs 644
Manifying 2 pod documents
Files found in blib/arch: installing files in blib/lib into architecture dependent library tree
Installing /nix/store/9mvdk35ymbk3jbrkq8bd67j5zkqgbdd6-perl5.32.0-Math-Int128-0.22/lib/perl5/site_perl/5.32.0/x86_64-linux-thread-multi/auto/Math/Int128/Int128.so
Installing /nix/store/9mvdk35ymbk3jbrkq8bd67j5zkqgbdd6-perl5.32.0-Math-Int128-0.22/lib/perl5/site_perl/5.32.0/x86_64-linux-thread-multi/Math/Int128.pm
Installing /nix/store/9mvdk35ymbk3jbrkq8bd67j5zkqgbdd6-perl5.32.0-Math-Int128-0.22/lib/perl5/site_perl/5.32.0/x86_64-linux-thread-multi/Math/Int128/die_on_overflow.pm
Installing /nix/store/9mvdk35ymbk3jbrkq8bd67j5zkqgbdd6-perl5.32.0-Math-Int128-0.22/share/man/man3/Math::Int128::die_on_overflow.3
Installing /nix/store/9mvdk35ymbk3jbrkq8bd67j5zkqgbdd6-perl5.32.0-Math-Int128-0.22/share/man/man3/Math::Int128.3
Appending installation info to /nix/store/9mvdk35ymbk3jbrkq8bd67j5zkqgbdd6-perl5.32.0-Math-Int128-0.22/lib/perl5/5.32.0/x86_64-linux-thread-multi/perllocal.pod
post-installation fixup
Moving /nix/store/9mvdk35ymbk3jbrkq8bd67j5zkqgbdd6-perl5.32.0-Math-Int128-0.22/share/man/man3 to /nix/store/xmxrglyh1kdf5nwxmvvjcvaraz1pyn2w-perl5.32.0-Math-Int128-0.22-devdoc/share/man/man3
Removing empty /nix/store/9mvdk35ymbk3jbrkq8bd67j5zkqgbdd6-perl5.32.0-Math-Int128-0.22/share/man/ and (possibly) its parents
shrinking RPATHs of ELF executables and libraries in /nix/store/9mvdk35ymbk3jbrkq8bd67j5zkqgbdd6-perl5.32.0-Math-Int128-0.22
shrinking /nix/store/9mvdk35ymbk3jbrkq8bd67j5zkqgbdd6-perl5.32.0-Math-Int128-0.22/lib/perl5/site_perl/5.32.0/x86_64-linux-thread-multi/auto/Math/Int128/Int128.so
strip is /nix/store/psyzbhp4p088sb9qcs378hfbslcalasl-binutils-2.31.1/bin/strip
stripping (with command strip and flags -S) in /nix/store/9mvdk35ymbk3jbrkq8bd67j5zkqgbdd6-perl5.32.0-Math-Int128-0.22/lib
patching script interpreter paths in /nix/store/9mvdk35ymbk3jbrkq8bd67j5zkqgbdd6-perl5.32.0-Math-Int128-0.22
checking for references to /build/ in /nix/store/9mvdk35ymbk3jbrkq8bd67j5zkqgbdd6-perl5.32.0-Math-Int128-0.22...
shrinking RPATHs of ELF executables and libraries in /nix/store/xmxrglyh1kdf5nwxmvvjcvaraz1pyn2w-perl5.32.0-Math-Int128-0.22-devdoc
gzipping man pages under /nix/store/xmxrglyh1kdf5nwxmvvjcvaraz1pyn2w-perl5.32.0-Math-Int128-0.22-devdoc/share/man/
strip is /nix/store/psyzbhp4p088sb9qcs378hfbslcalasl-binutils-2.31.1/bin/strip
patching script interpreter paths in /nix/store/xmxrglyh1kdf5nwxmvvjcvaraz1pyn2w-perl5.32.0-Math-Int128-0.22-devdoc
checking for references to /build/ in /nix/store/xmxrglyh1kdf5nwxmvvjcvaraz1pyn2w-perl5.32.0-Math-Int128-0.22-devdoc...
/nix/store/9mvdk35ymbk3jbrkq8bd67j5zkqgbdd6-perl5.32.0-Math-Int128-0.22
