these derivations will be built:
  /nix/store/h9r3pyg5ras51ybdzgmx148jn3bcfjg7-perl5.32.0-Math-VecStat-0.08.drv
these paths will be fetched (0.00 MiB download, 0.00 MiB unpacked):
  /nix/store/z7g91ygjxzcq8ljqf50g8yhsjghndmwx-Math-VecStat-0.08.tar.gz
copying path '/nix/store/z7g91ygjxzcq8ljqf50g8yhsjghndmwx-Math-VecStat-0.08.tar.gz' from 'https://cache.nixos.org'...
building '/nix/store/h9r3pyg5ras51ybdzgmx148jn3bcfjg7-perl5.32.0-Math-VecStat-0.08.drv'...
unpacking sources
unpacking source archive /nix/store/z7g91ygjxzcq8ljqf50g8yhsjghndmwx-Math-VecStat-0.08.tar.gz
source root is Math-VecStat-0.08
setting SOURCE_DATE_EPOCH to timestamp 1050793234 of file Math-VecStat-0.08/VecStat.pm
patching sources
configuring
Checking if your kit is complete...
Looks good
Generating a Unix-style Makefile
Writing Makefile for Math::VecStat
Writing MYMETA.yml and MYMETA.json
no configure script, doing nothing
building
build flags: SHELL=/nix/store/9fqwwd4iybmhjqyxiaxycknslw6bgwh1-bash-4.4-p23/bin/bash
cp VecStat.pm blib/lib/Math/VecStat.pm
Manifying 1 pod document
running tests
check flags: SHELL=/nix/store/9fqwwd4iybmhjqyxiaxycknslw6bgwh1-bash-4.4-p23/bin/bash VERBOSE=y test
PERL_DL_NONLAZY=1 "/nix/store/7c044di03qa7qgr5kjjc2d787aspzp0m-perl-5.32.0/bin/perl" "-MExtUtils::Command::MM" "-MTest::Harness" "-e" "undef *Test::Harness::Switches; test_harness(0, 'blib/lib', 'blib/arch')" t/*.t
t/VecStat.t .. ok
All tests successful.
Files=1, Tests=40,  0 wallclock secs ( 0.02 usr +  0.00 sys =  0.02 CPU)
Result: PASS
installing
install flags: SHELL=/nix/store/9fqwwd4iybmhjqyxiaxycknslw6bgwh1-bash-4.4-p23/bin/bash pkgconfigdir=/nix/store/fplx099brplqp0f4rc31mh9x2jnrwc6d-perl5.32.0-Math-VecStat-0.08/lib/pkgconfig m4datadir=/nix/store/fplx099brplqp0f4rc31mh9x2jnrwc6d-perl5.32.0-Math-VecStat-0.08/share/aclocal aclocaldir=/nix/store/fplx099brplqp0f4rc31mh9x2jnrwc6d-perl5.32.0-Math-VecStat-0.08/share/aclocal install
Manifying 1 pod document
Installing /nix/store/fplx099brplqp0f4rc31mh9x2jnrwc6d-perl5.32.0-Math-VecStat-0.08/lib/perl5/site_perl/5.32.0/Math/VecStat.pm
Installing /nix/store/fplx099brplqp0f4rc31mh9x2jnrwc6d-perl5.32.0-Math-VecStat-0.08/share/man/man3/Math::VecStat.3
Appending installation info to /nix/store/fplx099brplqp0f4rc31mh9x2jnrwc6d-perl5.32.0-Math-VecStat-0.08/lib/perl5/5.32.0/x86_64-linux-thread-multi/perllocal.pod
post-installation fixup
Moving /nix/store/fplx099brplqp0f4rc31mh9x2jnrwc6d-perl5.32.0-Math-VecStat-0.08/share/man/man3 to /nix/store/savfi6zzd4gw8a0a575bhw44kzby69nq-perl5.32.0-Math-VecStat-0.08-devdoc/share/man/man3
Removing empty /nix/store/fplx099brplqp0f4rc31mh9x2jnrwc6d-perl5.32.0-Math-VecStat-0.08/share/man/ and (possibly) its parents
shrinking RPATHs of ELF executables and libraries in /nix/store/fplx099brplqp0f4rc31mh9x2jnrwc6d-perl5.32.0-Math-VecStat-0.08
strip is /nix/store/psyzbhp4p088sb9qcs378hfbslcalasl-binutils-2.31.1/bin/strip
stripping (with command strip and flags -S) in /nix/store/fplx099brplqp0f4rc31mh9x2jnrwc6d-perl5.32.0-Math-VecStat-0.08/lib
patching script interpreter paths in /nix/store/fplx099brplqp0f4rc31mh9x2jnrwc6d-perl5.32.0-Math-VecStat-0.08
checking for references to /build/ in /nix/store/fplx099brplqp0f4rc31mh9x2jnrwc6d-perl5.32.0-Math-VecStat-0.08...
shrinking RPATHs of ELF executables and libraries in /nix/store/savfi6zzd4gw8a0a575bhw44kzby69nq-perl5.32.0-Math-VecStat-0.08-devdoc
gzipping man pages under /nix/store/savfi6zzd4gw8a0a575bhw44kzby69nq-perl5.32.0-Math-VecStat-0.08-devdoc/share/man/
strip is /nix/store/psyzbhp4p088sb9qcs378hfbslcalasl-binutils-2.31.1/bin/strip
patching script interpreter paths in /nix/store/savfi6zzd4gw8a0a575bhw44kzby69nq-perl5.32.0-Math-VecStat-0.08-devdoc
checking for references to /build/ in /nix/store/savfi6zzd4gw8a0a575bhw44kzby69nq-perl5.32.0-Math-VecStat-0.08-devdoc...
/nix/store/fplx099brplqp0f4rc31mh9x2jnrwc6d-perl5.32.0-Math-VecStat-0.08
