these derivations will be built:
  /nix/store/1gqy0b849cvzg1nni6crxqhi55vsgnrp-perl5.32.0-Module-Compile-0.37.drv
these paths will be fetched (0.03 MiB download, 0.03 MiB unpacked):
  /nix/store/7x530bqiqsfh9vb2hvx3qf3i81sh7rb4-Module-Compile-0.37.tar.gz
copying path '/nix/store/7x530bqiqsfh9vb2hvx3qf3i81sh7rb4-Module-Compile-0.37.tar.gz' from 'https://cache.nixos.org'...
building '/nix/store/1gqy0b849cvzg1nni6crxqhi55vsgnrp-perl5.32.0-Module-Compile-0.37.drv'...
unpacking sources
unpacking source archive /nix/store/7x530bqiqsfh9vb2hvx3qf3i81sh7rb4-Module-Compile-0.37.tar.gz
source root is Module-Compile-0.37
setting SOURCE_DATE_EPOCH to timestamp 1525055480 of file Module-Compile-0.37/t/pmc.t
patching sources
configuring
patching ./t/author-pod-syntax.t...
Checking if your kit is complete...
Looks good
Generating a Unix-style Makefile
Writing Makefile for Module::Compile
Writing MYMETA.yml and MYMETA.json
no configure script, doing nothing
building
build flags: SHELL=/nix/store/9fqwwd4iybmhjqyxiaxycknslw6bgwh1-bash-4.4-p23/bin/bash
cp lib/Module/Compile/Opt.pod blib/lib/Module/Compile/Opt.pod
cp lib/Module/Compile.pm blib/lib/Module/Compile.pm
cp lib/Module/Compile.pod blib/lib/Module/Compile.pod
cp lib/Module/Optimize.pod blib/lib/Module/Optimize.pod
cp lib/Module/Optimize.pm blib/lib/Module/Optimize.pm
cp lib/Module/Compile/Opt.pm blib/lib/Module/Compile/Opt.pm
Manifying 3 pod documents
running tests
check flags: SHELL=/nix/store/9fqwwd4iybmhjqyxiaxycknslw6bgwh1-bash-4.4-p23/bin/bash VERBOSE=y test
PERL_DL_NONLAZY=1 "/nix/store/7c044di03qa7qgr5kjjc2d787aspzp0m-perl-5.32.0/bin/perl" "-MExtUtils::Command::MM" "-MTest::Harness" "-e" "undef *Test::Harness::Switches; test_harness(0, 'blib/lib', 'blib/arch')" t/*.t
t/author-pod-syntax.t .. skipped: these tests are for testing by the author
t/compile.t ............ ok
t/data1.t .............. ok
t/fold_blocks.t ........ ok
t/lexical.t ............ ok
t/orz.t ................ ok
t/parse.t .............. ok
t/pm.t ................. skipped: In progress...
t/pmc.t ................ ok
All tests successful.
Files=9, Tests=23,  1 wallclock secs ( 0.04 usr  0.01 sys +  0.61 cusr  0.10 csys =  0.76 CPU)
Result: PASS
installing
install flags: SHELL=/nix/store/9fqwwd4iybmhjqyxiaxycknslw6bgwh1-bash-4.4-p23/bin/bash pkgconfigdir=/nix/store/19ccilj3s4cvmdf4f04cll5h9b42wrjb-perl5.32.0-Module-Compile-0.37/lib/pkgconfig m4datadir=/nix/store/19ccilj3s4cvmdf4f04cll5h9b42wrjb-perl5.32.0-Module-Compile-0.37/share/aclocal aclocaldir=/nix/store/19ccilj3s4cvmdf4f04cll5h9b42wrjb-perl5.32.0-Module-Compile-0.37/share/aclocal install
Manifying 3 pod documents
Installing /nix/store/19ccilj3s4cvmdf4f04cll5h9b42wrjb-perl5.32.0-Module-Compile-0.37/lib/perl5/site_perl/5.32.0/Module/Optimize.pod
Installing /nix/store/19ccilj3s4cvmdf4f04cll5h9b42wrjb-perl5.32.0-Module-Compile-0.37/lib/perl5/site_perl/5.32.0/Module/Optimize.pm
Installing /nix/store/19ccilj3s4cvmdf4f04cll5h9b42wrjb-perl5.32.0-Module-Compile-0.37/lib/perl5/site_perl/5.32.0/Module/Compile.pod
Installing /nix/store/19ccilj3s4cvmdf4f04cll5h9b42wrjb-perl5.32.0-Module-Compile-0.37/lib/perl5/site_perl/5.32.0/Module/Compile.pm
Installing /nix/store/19ccilj3s4cvmdf4f04cll5h9b42wrjb-perl5.32.0-Module-Compile-0.37/lib/perl5/site_perl/5.32.0/Module/Compile/Opt.pod
Installing /nix/store/19ccilj3s4cvmdf4f04cll5h9b42wrjb-perl5.32.0-Module-Compile-0.37/lib/perl5/site_perl/5.32.0/Module/Compile/Opt.pm
Installing /nix/store/19ccilj3s4cvmdf4f04cll5h9b42wrjb-perl5.32.0-Module-Compile-0.37/share/man/man3/Module::Optimize.3
Installing /nix/store/19ccilj3s4cvmdf4f04cll5h9b42wrjb-perl5.32.0-Module-Compile-0.37/share/man/man3/Module::Compile.3
Installing /nix/store/19ccilj3s4cvmdf4f04cll5h9b42wrjb-perl5.32.0-Module-Compile-0.37/share/man/man3/Module::Compile::Opt.3
Appending installation info to /nix/store/19ccilj3s4cvmdf4f04cll5h9b42wrjb-perl5.32.0-Module-Compile-0.37/lib/perl5/5.32.0/x86_64-linux-thread-multi/perllocal.pod
post-installation fixup
Moving /nix/store/19ccilj3s4cvmdf4f04cll5h9b42wrjb-perl5.32.0-Module-Compile-0.37/share/man/man3 to /nix/store/bshy16g1cbd7ljiz8vgvid7vayz5waf3-perl5.32.0-Module-Compile-0.37-devdoc/share/man/man3
Removing empty /nix/store/19ccilj3s4cvmdf4f04cll5h9b42wrjb-perl5.32.0-Module-Compile-0.37/share/man/ and (possibly) its parents
shrinking RPATHs of ELF executables and libraries in /nix/store/19ccilj3s4cvmdf4f04cll5h9b42wrjb-perl5.32.0-Module-Compile-0.37
strip is /nix/store/psyzbhp4p088sb9qcs378hfbslcalasl-binutils-2.31.1/bin/strip
stripping (with command strip and flags -S) in /nix/store/19ccilj3s4cvmdf4f04cll5h9b42wrjb-perl5.32.0-Module-Compile-0.37/lib
patching script interpreter paths in /nix/store/19ccilj3s4cvmdf4f04cll5h9b42wrjb-perl5.32.0-Module-Compile-0.37
checking for references to /build/ in /nix/store/19ccilj3s4cvmdf4f04cll5h9b42wrjb-perl5.32.0-Module-Compile-0.37...
shrinking RPATHs of ELF executables and libraries in /nix/store/bshy16g1cbd7ljiz8vgvid7vayz5waf3-perl5.32.0-Module-Compile-0.37-devdoc
gzipping man pages under /nix/store/bshy16g1cbd7ljiz8vgvid7vayz5waf3-perl5.32.0-Module-Compile-0.37-devdoc/share/man/
strip is /nix/store/psyzbhp4p088sb9qcs378hfbslcalasl-binutils-2.31.1/bin/strip
patching script interpreter paths in /nix/store/bshy16g1cbd7ljiz8vgvid7vayz5waf3-perl5.32.0-Module-Compile-0.37-devdoc
checking for references to /build/ in /nix/store/bshy16g1cbd7ljiz8vgvid7vayz5waf3-perl5.32.0-Module-Compile-0.37-devdoc...
/nix/store/19ccilj3s4cvmdf4f04cll5h9b42wrjb-perl5.32.0-Module-Compile-0.37
