these derivations will be built:
  /nix/store/37ficz3ng31yxhbxxf38m0wfvbk195hf-perl5.32.0-Module-Versions-0.02.drv
these paths will be fetched (0.02 MiB download, 0.02 MiB unpacked):
  /nix/store/zwlb4w1xv0khqc83vsbjc018iagk7sv6-Module-Versions-0.02.zip
copying path '/nix/store/zwlb4w1xv0khqc83vsbjc018iagk7sv6-Module-Versions-0.02.zip' from 'https://cache.nixos.org'...
building '/nix/store/37ficz3ng31yxhbxxf38m0wfvbk195hf-perl5.32.0-Module-Versions-0.02.drv'...
unpacking sources
unpacking source archive /nix/store/zwlb4w1xv0khqc83vsbjc018iagk7sv6-Module-Versions-0.02.zip
source root is Module-Versions-0.02
setting SOURCE_DATE_EPOCH to timestamp 1158741442 of file Module-Versions-0.02/META.yml
patching sources
configuring
Checking if your kit is complete...
Looks good
Generating a Unix-style Makefile
Writing Makefile for Module::Versions
Writing MYMETA.yml and MYMETA.json
no configure script, doing nothing
building
build flags: SHELL=/nix/store/9fqwwd4iybmhjqyxiaxycknslw6bgwh1-bash-4.4-p23/bin/bash
cp lib/Module/Versions.pm blib/lib/Module/Versions.pm
Manifying 1 pod document
running tests
check flags: SHELL=/nix/store/9fqwwd4iybmhjqyxiaxycknslw6bgwh1-bash-4.4-p23/bin/bash VERBOSE=y test
PERL_DL_NONLAZY=1 "/nix/store/7c044di03qa7qgr5kjjc2d787aspzp0m-perl-5.32.0/bin/perl" "-MExtUtils::Command::MM" "-MTest::Harness" "-e" "undef *Test::Harness::Switches; test_harness(0, 'blib/lib', 'blib/arch')" t/*.t
t/01-Module-Versions.t .. ok
t/02-new.t .............. ok
t/03-get.t .............. ok
t/04-list.t ............. ok
t/05-data.t ............. ok
t/06-preform.t .......... ok
t/98-pod_coverage.t ..... skipped: Test::Pod::Coverage 1.00 required for testing POD coverage
t/99-pod.t .............. skipped: Test::Pod 1.00 required for testing POD
All tests successful.
Files=8, Tests=131,  1 wallclock secs ( 0.04 usr  0.01 sys +  0.66 cusr  0.06 csys =  0.77 CPU)
Result: PASS
installing
install flags: SHELL=/nix/store/9fqwwd4iybmhjqyxiaxycknslw6bgwh1-bash-4.4-p23/bin/bash pkgconfigdir=/nix/store/3dzrs7iqihg50nj82ahl6dhdp3hrlnr1-perl5.32.0-Module-Versions-0.02/lib/pkgconfig m4datadir=/nix/store/3dzrs7iqihg50nj82ahl6dhdp3hrlnr1-perl5.32.0-Module-Versions-0.02/share/aclocal aclocaldir=/nix/store/3dzrs7iqihg50nj82ahl6dhdp3hrlnr1-perl5.32.0-Module-Versions-0.02/share/aclocal install
Manifying 1 pod document
Installing /nix/store/3dzrs7iqihg50nj82ahl6dhdp3hrlnr1-perl5.32.0-Module-Versions-0.02/lib/perl5/site_perl/5.32.0/Module/Versions.pm
Installing /nix/store/3dzrs7iqihg50nj82ahl6dhdp3hrlnr1-perl5.32.0-Module-Versions-0.02/share/man/man3/Module::Versions.3
Appending installation info to /nix/store/3dzrs7iqihg50nj82ahl6dhdp3hrlnr1-perl5.32.0-Module-Versions-0.02/lib/perl5/5.32.0/x86_64-linux-thread-multi/perllocal.pod
post-installation fixup
Moving /nix/store/3dzrs7iqihg50nj82ahl6dhdp3hrlnr1-perl5.32.0-Module-Versions-0.02/share/man/man3 to /nix/store/qpc33bld187m7k3nfs9v5z4nnsksqzz2-perl5.32.0-Module-Versions-0.02-devdoc/share/man/man3
Removing empty /nix/store/3dzrs7iqihg50nj82ahl6dhdp3hrlnr1-perl5.32.0-Module-Versions-0.02/share/man/ and (possibly) its parents
shrinking RPATHs of ELF executables and libraries in /nix/store/3dzrs7iqihg50nj82ahl6dhdp3hrlnr1-perl5.32.0-Module-Versions-0.02
strip is /nix/store/psyzbhp4p088sb9qcs378hfbslcalasl-binutils-2.31.1/bin/strip
stripping (with command strip and flags -S) in /nix/store/3dzrs7iqihg50nj82ahl6dhdp3hrlnr1-perl5.32.0-Module-Versions-0.02/lib
patching script interpreter paths in /nix/store/3dzrs7iqihg50nj82ahl6dhdp3hrlnr1-perl5.32.0-Module-Versions-0.02
checking for references to /build/ in /nix/store/3dzrs7iqihg50nj82ahl6dhdp3hrlnr1-perl5.32.0-Module-Versions-0.02...
shrinking RPATHs of ELF executables and libraries in /nix/store/qpc33bld187m7k3nfs9v5z4nnsksqzz2-perl5.32.0-Module-Versions-0.02-devdoc
gzipping man pages under /nix/store/qpc33bld187m7k3nfs9v5z4nnsksqzz2-perl5.32.0-Module-Versions-0.02-devdoc/share/man/
strip is /nix/store/psyzbhp4p088sb9qcs378hfbslcalasl-binutils-2.31.1/bin/strip
patching script interpreter paths in /nix/store/qpc33bld187m7k3nfs9v5z4nnsksqzz2-perl5.32.0-Module-Versions-0.02-devdoc
checking for references to /build/ in /nix/store/qpc33bld187m7k3nfs9v5z4nnsksqzz2-perl5.32.0-Module-Versions-0.02-devdoc...
/nix/store/3dzrs7iqihg50nj82ahl6dhdp3hrlnr1-perl5.32.0-Module-Versions-0.02
