these derivations will be built:
  /nix/store/zl6p7caahnvjdpfkqaw7as87d61rprl3-perl5.32.0-Module-Build-Deprecated-0.4210.drv
these paths will be fetched (0.01 MiB download, 0.01 MiB unpacked):
  /nix/store/mnakyn7xfnd4khjq36vsxcq28p5xhdys-Module-Build-Deprecated-0.4210.tar.gz
copying path '/nix/store/mnakyn7xfnd4khjq36vsxcq28p5xhdys-Module-Build-Deprecated-0.4210.tar.gz' from 'https://cache.nixos.org'...
building '/nix/store/zl6p7caahnvjdpfkqaw7as87d61rprl3-perl5.32.0-Module-Build-Deprecated-0.4210.drv'...
unpacking sources
unpacking source archive /nix/store/mnakyn7xfnd4khjq36vsxcq28p5xhdys-Module-Build-Deprecated-0.4210.tar.gz
source root is Module-Build-Deprecated-0.4210
setting SOURCE_DATE_EPOCH to timestamp 1408473238 of file Module-Build-Deprecated-0.4210/t/release-pod-syntax.t
patching sources
configuring
patching ./t/release-pod-syntax.t...
patching ./t/release-pod-coverage.t...
no configure script, doing nothing
building
Created MYMETA.yml and MYMETA.json
Creating new 'Build' script for 'Module-Build-Deprecated' version '0.4210'
Building Module-Build-Deprecated
installing
Building Module-Build-Deprecated
Installing /nix/store/jnggwdwyfyqm8zdk3vsdhymwzg4a85cf-perl5.32.0-Module-Build-Deprecated-0.4210/lib/perl5/site_perl/5.32.0/Module/Build/Deprecated.pm
Installing /nix/store/jnggwdwyfyqm8zdk3vsdhymwzg4a85cf-perl5.32.0-Module-Build-Deprecated-0.4210/lib/perl5/site_perl/5.32.0/Module/Build/ModuleInfo.pm
Installing /nix/store/jnggwdwyfyqm8zdk3vsdhymwzg4a85cf-perl5.32.0-Module-Build-Deprecated-0.4210/lib/perl5/site_perl/5.32.0/Module/Build/Version.pm
Installing /nix/store/jnggwdwyfyqm8zdk3vsdhymwzg4a85cf-perl5.32.0-Module-Build-Deprecated-0.4210/lib/perl5/site_perl/5.32.0/Module/Build/YAML.pm
Installing /nix/store/jnggwdwyfyqm8zdk3vsdhymwzg4a85cf-perl5.32.0-Module-Build-Deprecated-0.4210/share/man/man3/Module::Build::Deprecated.3
Installing /nix/store/jnggwdwyfyqm8zdk3vsdhymwzg4a85cf-perl5.32.0-Module-Build-Deprecated-0.4210/share/man/man3/Module::Build::ModuleInfo.3
Installing /nix/store/jnggwdwyfyqm8zdk3vsdhymwzg4a85cf-perl5.32.0-Module-Build-Deprecated-0.4210/share/man/man3/Module::Build::YAML.3
Installing /nix/store/jnggwdwyfyqm8zdk3vsdhymwzg4a85cf-perl5.32.0-Module-Build-Deprecated-0.4210/share/man/man3/Module::Build::Version.3
post-installation fixup
Moving /nix/store/jnggwdwyfyqm8zdk3vsdhymwzg4a85cf-perl5.32.0-Module-Build-Deprecated-0.4210/share/man/man3 to /nix/store/3l6bm2znwki160j9kk8a3wdbzhmgnl8g-perl5.32.0-Module-Build-Deprecated-0.4210-devdoc/share/man/man3
Removing empty /nix/store/jnggwdwyfyqm8zdk3vsdhymwzg4a85cf-perl5.32.0-Module-Build-Deprecated-0.4210/share/man/ and (possibly) its parents
shrinking RPATHs of ELF executables and libraries in /nix/store/jnggwdwyfyqm8zdk3vsdhymwzg4a85cf-perl5.32.0-Module-Build-Deprecated-0.4210
strip is /nix/store/psyzbhp4p088sb9qcs378hfbslcalasl-binutils-2.31.1/bin/strip
stripping (with command strip and flags -S) in /nix/store/jnggwdwyfyqm8zdk3vsdhymwzg4a85cf-perl5.32.0-Module-Build-Deprecated-0.4210/lib
patching script interpreter paths in /nix/store/jnggwdwyfyqm8zdk3vsdhymwzg4a85cf-perl5.32.0-Module-Build-Deprecated-0.4210
checking for references to /build/ in /nix/store/jnggwdwyfyqm8zdk3vsdhymwzg4a85cf-perl5.32.0-Module-Build-Deprecated-0.4210...
shrinking RPATHs of ELF executables and libraries in /nix/store/3l6bm2znwki160j9kk8a3wdbzhmgnl8g-perl5.32.0-Module-Build-Deprecated-0.4210-devdoc
gzipping man pages under /nix/store/3l6bm2znwki160j9kk8a3wdbzhmgnl8g-perl5.32.0-Module-Build-Deprecated-0.4210-devdoc/share/man/
strip is /nix/store/psyzbhp4p088sb9qcs378hfbslcalasl-binutils-2.31.1/bin/strip
patching script interpreter paths in /nix/store/3l6bm2znwki160j9kk8a3wdbzhmgnl8g-perl5.32.0-Module-Build-Deprecated-0.4210-devdoc
checking for references to /build/ in /nix/store/3l6bm2znwki160j9kk8a3wdbzhmgnl8g-perl5.32.0-Module-Build-Deprecated-0.4210-devdoc...
/nix/store/jnggwdwyfyqm8zdk3vsdhymwzg4a85cf-perl5.32.0-Module-Build-Deprecated-0.4210
