these derivations will be built:
  /nix/store/ks254w44iyzs3npwa7s8magf359c615j-perl5.32.0-Module-Versions-Report-1.06.drv
these paths will be fetched (0.01 MiB download, 0.01 MiB unpacked):
  /nix/store/p9ib7cfxi1ss8hzdss93qm5h5d7py9ak-Module-Versions-Report-1.06.tar.gz
copying path '/nix/store/p9ib7cfxi1ss8hzdss93qm5h5d7py9ak-Module-Versions-Report-1.06.tar.gz' from 'https://cache.nixos.org'...
building '/nix/store/ks254w44iyzs3npwa7s8magf359c615j-perl5.32.0-Module-Versions-Report-1.06.drv'...
unpacking sources
unpacking source archive /nix/store/p9ib7cfxi1ss8hzdss93qm5h5d7py9ak-Module-Versions-Report-1.06.tar.gz
source root is Module-Versions-Report-1.06
setting SOURCE_DATE_EPOCH to timestamp 1224595624 of file Module-Versions-Report-1.06/META.yml
patching sources
configuring
Checking if your kit is complete...
Looks good
Warning: NAME must be a package name
Generating a Unix-style Makefile
Writing Makefile for Module-Versions-Report
Writing MYMETA.yml and MYMETA.json
no configure script, doing nothing
building
build flags: SHELL=/nix/store/9fqwwd4iybmhjqyxiaxycknslw6bgwh1-bash-4.4-p23/bin/bash
cp lib/Module/Versions/Report.pm blib/lib/Module/Versions/Report.pm
Manifying 1 pod document
running tests
check flags: SHELL=/nix/store/9fqwwd4iybmhjqyxiaxycknslw6bgwh1-bash-4.4-p23/bin/bash VERBOSE=y test
PERL_DL_NONLAZY=1 "/nix/store/7c044di03qa7qgr5kjjc2d787aspzp0m-perl-5.32.0/bin/perl" "-MExtUtils::Command::MM" "-MTest::Harness" "-e" "undef *Test::Harness::Switches; test_harness(0, 'blib/lib', 'blib/arch')" t/*.t
t/00about.t .. ok
t/10load.t ... ok
All tests successful.
Files=2, Tests=33,  0 wallclock secs ( 0.03 usr  0.00 sys +  0.04 cusr  0.01 csys =  0.08 CPU)
Result: PASS
installing
install flags: SHELL=/nix/store/9fqwwd4iybmhjqyxiaxycknslw6bgwh1-bash-4.4-p23/bin/bash pkgconfigdir=/nix/store/vbz6h5lhi1va81nx8ay1kkl1y9kbwfdv-perl5.32.0-Module-Versions-Report-1.06/lib/pkgconfig m4datadir=/nix/store/vbz6h5lhi1va81nx8ay1kkl1y9kbwfdv-perl5.32.0-Module-Versions-Report-1.06/share/aclocal aclocaldir=/nix/store/vbz6h5lhi1va81nx8ay1kkl1y9kbwfdv-perl5.32.0-Module-Versions-Report-1.06/share/aclocal install
Manifying 1 pod document
Installing /nix/store/vbz6h5lhi1va81nx8ay1kkl1y9kbwfdv-perl5.32.0-Module-Versions-Report-1.06/lib/perl5/site_perl/5.32.0/Module/Versions/Report.pm
Installing /nix/store/vbz6h5lhi1va81nx8ay1kkl1y9kbwfdv-perl5.32.0-Module-Versions-Report-1.06/share/man/man3/Module::Versions::Report.3
Appending installation info to /nix/store/vbz6h5lhi1va81nx8ay1kkl1y9kbwfdv-perl5.32.0-Module-Versions-Report-1.06/lib/perl5/5.32.0/x86_64-linux-thread-multi/perllocal.pod
post-installation fixup
Moving /nix/store/vbz6h5lhi1va81nx8ay1kkl1y9kbwfdv-perl5.32.0-Module-Versions-Report-1.06/share/man/man3 to /nix/store/734z2m96hif6n2rr8533rpchsixhhrbh-perl5.32.0-Module-Versions-Report-1.06-devdoc/share/man/man3
Removing empty /nix/store/vbz6h5lhi1va81nx8ay1kkl1y9kbwfdv-perl5.32.0-Module-Versions-Report-1.06/share/man/ and (possibly) its parents
shrinking RPATHs of ELF executables and libraries in /nix/store/vbz6h5lhi1va81nx8ay1kkl1y9kbwfdv-perl5.32.0-Module-Versions-Report-1.06
strip is /nix/store/psyzbhp4p088sb9qcs378hfbslcalasl-binutils-2.31.1/bin/strip
stripping (with command strip and flags -S) in /nix/store/vbz6h5lhi1va81nx8ay1kkl1y9kbwfdv-perl5.32.0-Module-Versions-Report-1.06/lib
patching script interpreter paths in /nix/store/vbz6h5lhi1va81nx8ay1kkl1y9kbwfdv-perl5.32.0-Module-Versions-Report-1.06
checking for references to /build/ in /nix/store/vbz6h5lhi1va81nx8ay1kkl1y9kbwfdv-perl5.32.0-Module-Versions-Report-1.06...
shrinking RPATHs of ELF executables and libraries in /nix/store/734z2m96hif6n2rr8533rpchsixhhrbh-perl5.32.0-Module-Versions-Report-1.06-devdoc
gzipping man pages under /nix/store/734z2m96hif6n2rr8533rpchsixhhrbh-perl5.32.0-Module-Versions-Report-1.06-devdoc/share/man/
strip is /nix/store/psyzbhp4p088sb9qcs378hfbslcalasl-binutils-2.31.1/bin/strip
patching script interpreter paths in /nix/store/734z2m96hif6n2rr8533rpchsixhhrbh-perl5.32.0-Module-Versions-Report-1.06-devdoc
checking for references to /build/ in /nix/store/734z2m96hif6n2rr8533rpchsixhhrbh-perl5.32.0-Module-Versions-Report-1.06-devdoc...
/nix/store/vbz6h5lhi1va81nx8ay1kkl1y9kbwfdv-perl5.32.0-Module-Versions-Report-1.06
