these derivations will be built:
  /nix/store/07rxypgpbrqg3sfqmrsilwjkpmr1h4mc-perl5.32.0-WebService-MusicBrainz-1.0.5.drv
these paths will be fetched (0.01 MiB download, 0.01 MiB unpacked):
  /nix/store/gfdmb3nhk2190j7kgmzr74vl0s8r2ri9-WebService-MusicBrainz-1.0.5.tar.gz
copying path '/nix/store/gfdmb3nhk2190j7kgmzr74vl0s8r2ri9-WebService-MusicBrainz-1.0.5.tar.gz' from 'https://cache.nixos.org'...
building '/nix/store/07rxypgpbrqg3sfqmrsilwjkpmr1h4mc-perl5.32.0-WebService-MusicBrainz-1.0.5.drv'...
unpacking sources
unpacking source archive /nix/store/gfdmb3nhk2190j7kgmzr74vl0s8r2ri9-WebService-MusicBrainz-1.0.5.tar.gz
source root is WebService-MusicBrainz-1.0.5
setting SOURCE_DATE_EPOCH to timestamp 1552964942 of file WebService-MusicBrainz-1.0.5/t/Release.t
patching sources
configuring
Checking if your kit is complete...
Looks good
Generating a Unix-style Makefile
Writing Makefile for WebService::MusicBrainz
Writing MYMETA.yml and MYMETA.json
no configure script, doing nothing
building
Created MYMETA.yml and MYMETA.json
Creating new 'Build' script for 'WebService-MusicBrainz' version '1.0.5'
Building WebService-MusicBrainz
installing
Building WebService-MusicBrainz
Installing /nix/store/dvgdzwv6jwr64hm0yd1yq6ccrh1ljss3-perl5.32.0-WebService-MusicBrainz-1.0.5/lib/perl5/site_perl/5.32.0/WebService/MusicBrainz.pm
Installing /nix/store/dvgdzwv6jwr64hm0yd1yq6ccrh1ljss3-perl5.32.0-WebService-MusicBrainz-1.0.5/lib/perl5/site_perl/5.32.0/WebService/MusicBrainz/Request.pm
Installing /nix/store/dvgdzwv6jwr64hm0yd1yq6ccrh1ljss3-perl5.32.0-WebService-MusicBrainz-1.0.5/share/man/man3/WebService::MusicBrainz::Request.3
Installing /nix/store/dvgdzwv6jwr64hm0yd1yq6ccrh1ljss3-perl5.32.0-WebService-MusicBrainz-1.0.5/share/man/man3/WebService::MusicBrainz.3
post-installation fixup
Moving /nix/store/dvgdzwv6jwr64hm0yd1yq6ccrh1ljss3-perl5.32.0-WebService-MusicBrainz-1.0.5/share/man/man3 to /nix/store/y9mxbvnwvj854ciw924ss7ni6r0vq6dm-perl5.32.0-WebService-MusicBrainz-1.0.5-devdoc/share/man/man3
Removing empty /nix/store/dvgdzwv6jwr64hm0yd1yq6ccrh1ljss3-perl5.32.0-WebService-MusicBrainz-1.0.5/share/man/ and (possibly) its parents
shrinking RPATHs of ELF executables and libraries in /nix/store/dvgdzwv6jwr64hm0yd1yq6ccrh1ljss3-perl5.32.0-WebService-MusicBrainz-1.0.5
strip is /nix/store/psyzbhp4p088sb9qcs378hfbslcalasl-binutils-2.31.1/bin/strip
stripping (with command strip and flags -S) in /nix/store/dvgdzwv6jwr64hm0yd1yq6ccrh1ljss3-perl5.32.0-WebService-MusicBrainz-1.0.5/lib
patching script interpreter paths in /nix/store/dvgdzwv6jwr64hm0yd1yq6ccrh1ljss3-perl5.32.0-WebService-MusicBrainz-1.0.5
checking for references to /build/ in /nix/store/dvgdzwv6jwr64hm0yd1yq6ccrh1ljss3-perl5.32.0-WebService-MusicBrainz-1.0.5...
shrinking RPATHs of ELF executables and libraries in /nix/store/y9mxbvnwvj854ciw924ss7ni6r0vq6dm-perl5.32.0-WebService-MusicBrainz-1.0.5-devdoc
gzipping man pages under /nix/store/y9mxbvnwvj854ciw924ss7ni6r0vq6dm-perl5.32.0-WebService-MusicBrainz-1.0.5-devdoc/share/man/
strip is /nix/store/psyzbhp4p088sb9qcs378hfbslcalasl-binutils-2.31.1/bin/strip
patching script interpreter paths in /nix/store/y9mxbvnwvj854ciw924ss7ni6r0vq6dm-perl5.32.0-WebService-MusicBrainz-1.0.5-devdoc
checking for references to /build/ in /nix/store/y9mxbvnwvj854ciw924ss7ni6r0vq6dm-perl5.32.0-WebService-MusicBrainz-1.0.5-devdoc...
/nix/store/dvgdzwv6jwr64hm0yd1yq6ccrh1ljss3-perl5.32.0-WebService-MusicBrainz-1.0.5
