these derivations will be built:
  /nix/store/2yjjf03kvrp3c9pjnkxklkjvmwf5c7if-perl5.32.0-Net-Amazon-AWSSign-0.12.drv
these paths will be fetched (0.01 MiB download, 0.01 MiB unpacked):
  /nix/store/3i4alw2vpbnm4h46m1xxpijhbp1sdy2p-Net-Amazon-AWSSign-0.12.tar.gz
copying path '/nix/store/3i4alw2vpbnm4h46m1xxpijhbp1sdy2p-Net-Amazon-AWSSign-0.12.tar.gz' from 'https://cache.nixos.org'...
building '/nix/store/2yjjf03kvrp3c9pjnkxklkjvmwf5c7if-perl5.32.0-Net-Amazon-AWSSign-0.12.drv'...
unpacking sources
unpacking source archive /nix/store/3i4alw2vpbnm4h46m1xxpijhbp1sdy2p-Net-Amazon-AWSSign-0.12.tar.gz
source root is Net-Amazon-AWSSign-0.12
setting SOURCE_DATE_EPOCH to timestamp 1322058968 of file Net-Amazon-AWSSign-0.12/META.yml
patching sources
configuring
Checking if your kit is complete...
Looks good
Generating a Unix-style Makefile
Writing Makefile for Net::Amazon::AWSSign
Writing MYMETA.yml and MYMETA.json
no configure script, doing nothing
building
build flags: SHELL=/nix/store/9fqwwd4iybmhjqyxiaxycknslw6bgwh1-bash-4.4-p23/bin/bash
cp lib/Net/Amazon/AWSSign.pm blib/lib/Net/Amazon/AWSSign.pm
Manifying 1 pod document
running tests
check flags: SHELL=/nix/store/9fqwwd4iybmhjqyxiaxycknslw6bgwh1-bash-4.4-p23/bin/bash VERBOSE=y test
PERL_DL_NONLAZY=1 "/nix/store/7c044di03qa7qgr5kjjc2d787aspzp0m-perl-5.32.0/bin/perl" "-MExtUtils::Command::MM" "-MTest::Harness" "-e" "undef *Test::Harness::Switches; test_harness(0, 'blib/lib', 'blib/arch')" t/*.t
t/Net-Amazon-AWSSign.t .. ok
All tests successful.
Files=1, Tests=5,  0 wallclock secs ( 0.02 usr  0.00 sys +  0.04 cusr  0.01 csys =  0.07 CPU)
Result: PASS
installing
install flags: SHELL=/nix/store/9fqwwd4iybmhjqyxiaxycknslw6bgwh1-bash-4.4-p23/bin/bash pkgconfigdir=/nix/store/a0jl20dxaaji8757521j9ifvzsnvchvq-perl5.32.0-Net-Amazon-AWSSign-0.12/lib/pkgconfig m4datadir=/nix/store/a0jl20dxaaji8757521j9ifvzsnvchvq-perl5.32.0-Net-Amazon-AWSSign-0.12/share/aclocal aclocaldir=/nix/store/a0jl20dxaaji8757521j9ifvzsnvchvq-perl5.32.0-Net-Amazon-AWSSign-0.12/share/aclocal install
Manifying 1 pod document
Installing /nix/store/a0jl20dxaaji8757521j9ifvzsnvchvq-perl5.32.0-Net-Amazon-AWSSign-0.12/lib/perl5/site_perl/5.32.0/Net/Amazon/AWSSign.pm
Installing /nix/store/a0jl20dxaaji8757521j9ifvzsnvchvq-perl5.32.0-Net-Amazon-AWSSign-0.12/share/man/man3/Net::Amazon::AWSSign.3
Appending installation info to /nix/store/a0jl20dxaaji8757521j9ifvzsnvchvq-perl5.32.0-Net-Amazon-AWSSign-0.12/lib/perl5/5.32.0/x86_64-linux-thread-multi/perllocal.pod
post-installation fixup
Moving /nix/store/a0jl20dxaaji8757521j9ifvzsnvchvq-perl5.32.0-Net-Amazon-AWSSign-0.12/share/man/man3 to /nix/store/pz6li1832g512wcvb7g94n583sazjw9c-perl5.32.0-Net-Amazon-AWSSign-0.12-devdoc/share/man/man3
Removing empty /nix/store/a0jl20dxaaji8757521j9ifvzsnvchvq-perl5.32.0-Net-Amazon-AWSSign-0.12/share/man/ and (possibly) its parents
shrinking RPATHs of ELF executables and libraries in /nix/store/a0jl20dxaaji8757521j9ifvzsnvchvq-perl5.32.0-Net-Amazon-AWSSign-0.12
strip is /nix/store/psyzbhp4p088sb9qcs378hfbslcalasl-binutils-2.31.1/bin/strip
stripping (with command strip and flags -S) in /nix/store/a0jl20dxaaji8757521j9ifvzsnvchvq-perl5.32.0-Net-Amazon-AWSSign-0.12/lib
patching script interpreter paths in /nix/store/a0jl20dxaaji8757521j9ifvzsnvchvq-perl5.32.0-Net-Amazon-AWSSign-0.12
checking for references to /build/ in /nix/store/a0jl20dxaaji8757521j9ifvzsnvchvq-perl5.32.0-Net-Amazon-AWSSign-0.12...
shrinking RPATHs of ELF executables and libraries in /nix/store/pz6li1832g512wcvb7g94n583sazjw9c-perl5.32.0-Net-Amazon-AWSSign-0.12-devdoc
gzipping man pages under /nix/store/pz6li1832g512wcvb7g94n583sazjw9c-perl5.32.0-Net-Amazon-AWSSign-0.12-devdoc/share/man/
strip is /nix/store/psyzbhp4p088sb9qcs378hfbslcalasl-binutils-2.31.1/bin/strip
patching script interpreter paths in /nix/store/pz6li1832g512wcvb7g94n583sazjw9c-perl5.32.0-Net-Amazon-AWSSign-0.12-devdoc
checking for references to /build/ in /nix/store/pz6li1832g512wcvb7g94n583sazjw9c-perl5.32.0-Net-Amazon-AWSSign-0.12-devdoc...
/nix/store/a0jl20dxaaji8757521j9ifvzsnvchvq-perl5.32.0-Net-Amazon-AWSSign-0.12
