these derivations will be built:
  /nix/store/yhb6giqcilz5ppdpfsd6ivl2d8zcfvfl-perl5.32.0-Net-Ping-2.73.drv
these paths will be fetched (0.05 MiB download, 0.05 MiB unpacked):
  /nix/store/w4xmygq8zv43m08p2s7bsds6f6h8rk6f-Net-Ping-2.73.tar.gz
copying path '/nix/store/w4xmygq8zv43m08p2s7bsds6f6h8rk6f-Net-Ping-2.73.tar.gz' from 'https://cache.nixos.org'...
building '/nix/store/yhb6giqcilz5ppdpfsd6ivl2d8zcfvfl-perl5.32.0-Net-Ping-2.73.drv'...
unpacking sources
unpacking source archive /nix/store/w4xmygq8zv43m08p2s7bsds6f6h8rk6f-Net-Ping-2.73.tar.gz
source root is Net-Ping-2.73
setting SOURCE_DATE_EPOCH to timestamp 1582812860 of file Net-Ping-2.73/SIGNATURE
patching sources
configuring
patching ./t/600_pod.t...
patching ./t/000_load.t...
Checking if your kit is complete...
Looks good
Generating a Unix-style Makefile
Writing Makefile for Net::Ping
Writing MYMETA.yml and MYMETA.json
no configure script, doing nothing
building
build flags: SHELL=/nix/store/9fqwwd4iybmhjqyxiaxycknslw6bgwh1-bash-4.4-p23/bin/bash
cp lib/Net/Ping.pm blib/lib/Net/Ping.pm
Manifying 1 pod document
running tests
check flags: SHELL=/nix/store/9fqwwd4iybmhjqyxiaxycknslw6bgwh1-bash-4.4-p23/bin/bash VERBOSE=y test
PERL_DL_NONLAZY=1 "/nix/store/7c044di03qa7qgr5kjjc2d787aspzp0m-perl-5.32.0/bin/perl" "-MExtUtils::Command::MM" "-MTest::Harness" "-e" "undef *Test::Harness::Switches; test_harness(0, 'blib/lib', 'blib/arch')" t/*.t
t/000_load.t ........... 1/? # Testing Net::Ping 2.73, Perl 5.032000, /nix/store/7c044di03qa7qgr5kjjc2d787aspzp0m-perl-5.32.0/bin/perl
t/000_load.t ........... ok
t/001_new.t ............ skipped: no echo port
t/010_pingecho.t ....... skipped: no echo port
t/020_external.t ....... ok
t/110_icmp_inst.t ...... ok
t/120_udp_inst.t ....... skipped: no echo port
t/130_tcp_inst.t ....... skipped: no echo port
t/140_stream_inst.t .... skipped: no echo port
t/150_syn_inst.t ....... skipped: no echo port
t/190_alarm.t .......... skipped: no echo port
t/200_ping_tcp.t ....... skipped: no echo port
t/250_ping_hires.t ..... skipped: no echo port
t/300_ping_stream.t .... skipped: no echo port
t/400_ping_syn.t ....... skipped: no echo port
t/410_syn_host.t ....... skipped: no echo port
t/420_ping_syn_port.t .. skipped: no echo port
t/450_service.t ........ skipped: no echo port
t/500_ping_icmp.t ...... skipped: no sudo/failed
t/501_ping_icmpv6.t .... skipped: no sudo/failed
t/510_ping_udp.t ....... ok
t/520_icmp_ttl.t ....... ok
t/600_pod.t ............ skipped: Test::Pod 1.22 required for testing POD
t/601_pod-coverage.t ... skipped: This test is only run for the module author
All tests successful.
Files=23, Tests=13,  1 wallclock secs ( 0.05 usr  0.02 sys +  0.62 cusr  0.11 csys =  0.80 CPU)
Result: PASS
installing
install flags: SHELL=/nix/store/9fqwwd4iybmhjqyxiaxycknslw6bgwh1-bash-4.4-p23/bin/bash pkgconfigdir=/nix/store/71wpc2srf0z54835hdnkwcr1xaawgzna-perl5.32.0-Net-Ping-2.73/lib/pkgconfig m4datadir=/nix/store/71wpc2srf0z54835hdnkwcr1xaawgzna-perl5.32.0-Net-Ping-2.73/share/aclocal aclocaldir=/nix/store/71wpc2srf0z54835hdnkwcr1xaawgzna-perl5.32.0-Net-Ping-2.73/share/aclocal install
Manifying 1 pod document
Installing /nix/store/71wpc2srf0z54835hdnkwcr1xaawgzna-perl5.32.0-Net-Ping-2.73/lib/perl5/site_perl/5.32.0/Net/Ping.pm
Installing /nix/store/71wpc2srf0z54835hdnkwcr1xaawgzna-perl5.32.0-Net-Ping-2.73/share/man/man3/Net::Ping.3
Appending installation info to /nix/store/71wpc2srf0z54835hdnkwcr1xaawgzna-perl5.32.0-Net-Ping-2.73/lib/perl5/5.32.0/x86_64-linux-thread-multi/perllocal.pod
post-installation fixup
Moving /nix/store/71wpc2srf0z54835hdnkwcr1xaawgzna-perl5.32.0-Net-Ping-2.73/share/man/man3 to /nix/store/p7bmxs4mh0bqbk5i6h2qyls9b2b906vs-perl5.32.0-Net-Ping-2.73-devdoc/share/man/man3
Removing empty /nix/store/71wpc2srf0z54835hdnkwcr1xaawgzna-perl5.32.0-Net-Ping-2.73/share/man/ and (possibly) its parents
shrinking RPATHs of ELF executables and libraries in /nix/store/71wpc2srf0z54835hdnkwcr1xaawgzna-perl5.32.0-Net-Ping-2.73
strip is /nix/store/psyzbhp4p088sb9qcs378hfbslcalasl-binutils-2.31.1/bin/strip
stripping (with command strip and flags -S) in /nix/store/71wpc2srf0z54835hdnkwcr1xaawgzna-perl5.32.0-Net-Ping-2.73/lib
patching script interpreter paths in /nix/store/71wpc2srf0z54835hdnkwcr1xaawgzna-perl5.32.0-Net-Ping-2.73
checking for references to /build/ in /nix/store/71wpc2srf0z54835hdnkwcr1xaawgzna-perl5.32.0-Net-Ping-2.73...
shrinking RPATHs of ELF executables and libraries in /nix/store/p7bmxs4mh0bqbk5i6h2qyls9b2b906vs-perl5.32.0-Net-Ping-2.73-devdoc
gzipping man pages under /nix/store/p7bmxs4mh0bqbk5i6h2qyls9b2b906vs-perl5.32.0-Net-Ping-2.73-devdoc/share/man/
strip is /nix/store/psyzbhp4p088sb9qcs378hfbslcalasl-binutils-2.31.1/bin/strip
patching script interpreter paths in /nix/store/p7bmxs4mh0bqbk5i6h2qyls9b2b906vs-perl5.32.0-Net-Ping-2.73-devdoc
checking for references to /build/ in /nix/store/p7bmxs4mh0bqbk5i6h2qyls9b2b906vs-perl5.32.0-Net-Ping-2.73-devdoc...
/nix/store/71wpc2srf0z54835hdnkwcr1xaawgzna-perl5.32.0-Net-Ping-2.73
