these derivations will be built:
  /nix/store/24fgxhg39djv19a9i8mi6hy6r9gycg2b-perl5.32.0-Net-SMTP-TLS-ButMaintained-0.24.drv
these paths will be fetched (0.02 MiB download, 0.02 MiB unpacked):
  /nix/store/biqj0bvndwpsx1km23zzn38ql8pghx12-Net-SMTP-TLS-ButMaintained-0.24.tar.gz
copying path '/nix/store/biqj0bvndwpsx1km23zzn38ql8pghx12-Net-SMTP-TLS-ButMaintained-0.24.tar.gz' from 'https://cache.nixos.org'...
building '/nix/store/24fgxhg39djv19a9i8mi6hy6r9gycg2b-perl5.32.0-Net-SMTP-TLS-ButMaintained-0.24.drv'...
unpacking sources
unpacking source archive /nix/store/biqj0bvndwpsx1km23zzn38ql8pghx12-Net-SMTP-TLS-ButMaintained-0.24.tar.gz
source root is Net-SMTP-TLS-ButMaintained-0.24
setting SOURCE_DATE_EPOCH to timestamp 1368325233 of file Net-SMTP-TLS-ButMaintained-0.24/t/release-pod-syntax.t
patching sources
configuring
patching ./t/00-compile.t...
patching ./t/ok.t...
patching ./t/live.t...
patching ./t/release-pod-syntax.t...
patching ./t/release-pod-coverage.t...
Checking if your kit is complete...
Looks good
Generating a Unix-style Makefile
Writing Makefile for Net::SMTP::TLS::ButMaintained
Writing MYMETA.yml and MYMETA.json
no configure script, doing nothing
building
build flags: SHELL=/nix/store/9fqwwd4iybmhjqyxiaxycknslw6bgwh1-bash-4.4-p23/bin/bash
cp lib/Net/SMTP/TLS/ButMaintained.pm blib/lib/Net/SMTP/TLS/ButMaintained.pm
Manifying 1 pod document
running tests
check flags: SHELL=/nix/store/9fqwwd4iybmhjqyxiaxycknslw6bgwh1-bash-4.4-p23/bin/bash VERBOSE=y test
PERL_DL_NONLAZY=1 "/nix/store/7c044di03qa7qgr5kjjc2d787aspzp0m-perl-5.32.0/bin/perl" "-MExtUtils::Command::MM" "-MTest::Harness" "-e" "undef *Test::Harness::Switches; test_harness(0, 'blib/lib', 'blib/arch')" t/*.t
t/00-compile.t ............ ok
t/live.t .................. skipped: set $ENV{TEST_TLS} to test
t/ok.t .................... ok
t/release-pod-coverage.t .. skipped: these tests are for release candidate testing
t/release-pod-syntax.t .... skipped: these tests are for release candidate testing
All tests successful.
Files=5, Tests=2,  0 wallclock secs ( 0.03 usr  0.01 sys +  0.35 cusr  0.14 csys =  0.53 CPU)
Result: PASS
installing
install flags: SHELL=/nix/store/9fqwwd4iybmhjqyxiaxycknslw6bgwh1-bash-4.4-p23/bin/bash pkgconfigdir=/nix/store/6yqsxxk8ml30dzfd3851j6ayxrhkgs41-perl5.32.0-Net-SMTP-TLS-ButMaintained-0.24/lib/pkgconfig m4datadir=/nix/store/6yqsxxk8ml30dzfd3851j6ayxrhkgs41-perl5.32.0-Net-SMTP-TLS-ButMaintained-0.24/share/aclocal aclocaldir=/nix/store/6yqsxxk8ml30dzfd3851j6ayxrhkgs41-perl5.32.0-Net-SMTP-TLS-ButMaintained-0.24/share/aclocal install
Manifying 1 pod document
Installing /nix/store/6yqsxxk8ml30dzfd3851j6ayxrhkgs41-perl5.32.0-Net-SMTP-TLS-ButMaintained-0.24/lib/perl5/site_perl/5.32.0/Net/SMTP/TLS/ButMaintained.pm
Installing /nix/store/6yqsxxk8ml30dzfd3851j6ayxrhkgs41-perl5.32.0-Net-SMTP-TLS-ButMaintained-0.24/share/man/man3/Net::SMTP::TLS::ButMaintained.3
Appending installation info to /nix/store/6yqsxxk8ml30dzfd3851j6ayxrhkgs41-perl5.32.0-Net-SMTP-TLS-ButMaintained-0.24/lib/perl5/5.32.0/x86_64-linux-thread-multi/perllocal.pod
post-installation fixup
Moving /nix/store/6yqsxxk8ml30dzfd3851j6ayxrhkgs41-perl5.32.0-Net-SMTP-TLS-ButMaintained-0.24/share/man/man3 to /nix/store/nq2jn9xxaz4wdlv876ksmz3r0qzpdk0w-perl5.32.0-Net-SMTP-TLS-ButMaintained-0.24-devdoc/share/man/man3
Removing empty /nix/store/6yqsxxk8ml30dzfd3851j6ayxrhkgs41-perl5.32.0-Net-SMTP-TLS-ButMaintained-0.24/share/man/ and (possibly) its parents
shrinking RPATHs of ELF executables and libraries in /nix/store/6yqsxxk8ml30dzfd3851j6ayxrhkgs41-perl5.32.0-Net-SMTP-TLS-ButMaintained-0.24
strip is /nix/store/psyzbhp4p088sb9qcs378hfbslcalasl-binutils-2.31.1/bin/strip
stripping (with command strip and flags -S) in /nix/store/6yqsxxk8ml30dzfd3851j6ayxrhkgs41-perl5.32.0-Net-SMTP-TLS-ButMaintained-0.24/lib
patching script interpreter paths in /nix/store/6yqsxxk8ml30dzfd3851j6ayxrhkgs41-perl5.32.0-Net-SMTP-TLS-ButMaintained-0.24
checking for references to /build/ in /nix/store/6yqsxxk8ml30dzfd3851j6ayxrhkgs41-perl5.32.0-Net-SMTP-TLS-ButMaintained-0.24...
shrinking RPATHs of ELF executables and libraries in /nix/store/nq2jn9xxaz4wdlv876ksmz3r0qzpdk0w-perl5.32.0-Net-SMTP-TLS-ButMaintained-0.24-devdoc
gzipping man pages under /nix/store/nq2jn9xxaz4wdlv876ksmz3r0qzpdk0w-perl5.32.0-Net-SMTP-TLS-ButMaintained-0.24-devdoc/share/man/
strip is /nix/store/psyzbhp4p088sb9qcs378hfbslcalasl-binutils-2.31.1/bin/strip
patching script interpreter paths in /nix/store/nq2jn9xxaz4wdlv876ksmz3r0qzpdk0w-perl5.32.0-Net-SMTP-TLS-ButMaintained-0.24-devdoc
checking for references to /build/ in /nix/store/nq2jn9xxaz4wdlv876ksmz3r0qzpdk0w-perl5.32.0-Net-SMTP-TLS-ButMaintained-0.24-devdoc...
/nix/store/6yqsxxk8ml30dzfd3851j6ayxrhkgs41-perl5.32.0-Net-SMTP-TLS-ButMaintained-0.24
