these derivations will be built:
  /nix/store/hjg02qnqj8z4578hmp9bgb79msfyybda-perl5.32.0-Net-SMTP-SSL-1.04.drv
these paths will be fetched (0.00 MiB download, 0.00 MiB unpacked):
  /nix/store/p232kjanqm1vjdzlb4nlgcx9kpbpmlj1-Net-SMTP-SSL-1.04.tar.gz
copying path '/nix/store/p232kjanqm1vjdzlb4nlgcx9kpbpmlj1-Net-SMTP-SSL-1.04.tar.gz' from 'https://cache.nixos.org'...
building '/nix/store/hjg02qnqj8z4578hmp9bgb79msfyybda-perl5.32.0-Net-SMTP-SSL-1.04.drv'...
unpacking sources
unpacking source archive /nix/store/p232kjanqm1vjdzlb4nlgcx9kpbpmlj1-Net-SMTP-SSL-1.04.tar.gz
source root is Net-SMTP-SSL-1.04
setting SOURCE_DATE_EPOCH to timestamp 1476068869 of file Net-SMTP-SSL-1.04/META.yml
patching sources
configuring
Checking if your kit is complete...
Looks good
Generating a Unix-style Makefile
Writing Makefile for Net::SMTP::SSL
Writing MYMETA.yml and MYMETA.json
no configure script, doing nothing
building
build flags: SHELL=/nix/store/9fqwwd4iybmhjqyxiaxycknslw6bgwh1-bash-4.4-p23/bin/bash
cp lib/Net/SMTP/SSL.pm blib/lib/Net/SMTP/SSL.pm
Manifying 1 pod document
running tests
check flags: SHELL=/nix/store/9fqwwd4iybmhjqyxiaxycknslw6bgwh1-bash-4.4-p23/bin/bash VERBOSE=y test
PERL_DL_NONLAZY=1 "/nix/store/7c044di03qa7qgr5kjjc2d787aspzp0m-perl-5.32.0/bin/perl" "-MExtUtils::Command::MM" "-MTest::Harness" "-e" "undef *Test::Harness::Switches; test_harness(0, 'blib/lib', 'blib/arch')" t/*.t
t/test.t .. ok
All tests successful.
Files=1, Tests=1,  0 wallclock secs ( 0.02 usr  0.00 sys +  0.09 cusr  0.01 csys =  0.12 CPU)
Result: PASS
installing
install flags: SHELL=/nix/store/9fqwwd4iybmhjqyxiaxycknslw6bgwh1-bash-4.4-p23/bin/bash pkgconfigdir=/nix/store/hdzlh1k5irkff2vwcyfmlabsi7fgmswr-perl5.32.0-Net-SMTP-SSL-1.04/lib/pkgconfig m4datadir=/nix/store/hdzlh1k5irkff2vwcyfmlabsi7fgmswr-perl5.32.0-Net-SMTP-SSL-1.04/share/aclocal aclocaldir=/nix/store/hdzlh1k5irkff2vwcyfmlabsi7fgmswr-perl5.32.0-Net-SMTP-SSL-1.04/share/aclocal install
Manifying 1 pod document
Installing /nix/store/hdzlh1k5irkff2vwcyfmlabsi7fgmswr-perl5.32.0-Net-SMTP-SSL-1.04/lib/perl5/site_perl/5.32.0/Net/SMTP/SSL.pm
Installing /nix/store/hdzlh1k5irkff2vwcyfmlabsi7fgmswr-perl5.32.0-Net-SMTP-SSL-1.04/share/man/man3/Net::SMTP::SSL.3
Appending installation info to /nix/store/hdzlh1k5irkff2vwcyfmlabsi7fgmswr-perl5.32.0-Net-SMTP-SSL-1.04/lib/perl5/5.32.0/x86_64-linux-thread-multi/perllocal.pod
post-installation fixup
Moving /nix/store/hdzlh1k5irkff2vwcyfmlabsi7fgmswr-perl5.32.0-Net-SMTP-SSL-1.04/share/man/man3 to /nix/store/1n7ajiyn43xzi6iw3c9642dsw6z4ciqb-perl5.32.0-Net-SMTP-SSL-1.04-devdoc/share/man/man3
Removing empty /nix/store/hdzlh1k5irkff2vwcyfmlabsi7fgmswr-perl5.32.0-Net-SMTP-SSL-1.04/share/man/ and (possibly) its parents
shrinking RPATHs of ELF executables and libraries in /nix/store/hdzlh1k5irkff2vwcyfmlabsi7fgmswr-perl5.32.0-Net-SMTP-SSL-1.04
strip is /nix/store/psyzbhp4p088sb9qcs378hfbslcalasl-binutils-2.31.1/bin/strip
stripping (with command strip and flags -S) in /nix/store/hdzlh1k5irkff2vwcyfmlabsi7fgmswr-perl5.32.0-Net-SMTP-SSL-1.04/lib
patching script interpreter paths in /nix/store/hdzlh1k5irkff2vwcyfmlabsi7fgmswr-perl5.32.0-Net-SMTP-SSL-1.04
checking for references to /build/ in /nix/store/hdzlh1k5irkff2vwcyfmlabsi7fgmswr-perl5.32.0-Net-SMTP-SSL-1.04...
shrinking RPATHs of ELF executables and libraries in /nix/store/1n7ajiyn43xzi6iw3c9642dsw6z4ciqb-perl5.32.0-Net-SMTP-SSL-1.04-devdoc
gzipping man pages under /nix/store/1n7ajiyn43xzi6iw3c9642dsw6z4ciqb-perl5.32.0-Net-SMTP-SSL-1.04-devdoc/share/man/
strip is /nix/store/psyzbhp4p088sb9qcs378hfbslcalasl-binutils-2.31.1/bin/strip
patching script interpreter paths in /nix/store/1n7ajiyn43xzi6iw3c9642dsw6z4ciqb-perl5.32.0-Net-SMTP-SSL-1.04-devdoc
checking for references to /build/ in /nix/store/1n7ajiyn43xzi6iw3c9642dsw6z4ciqb-perl5.32.0-Net-SMTP-SSL-1.04-devdoc...
/nix/store/hdzlh1k5irkff2vwcyfmlabsi7fgmswr-perl5.32.0-Net-SMTP-SSL-1.04
