these derivations will be built:
  /nix/store/f7nmf4d965rbaj982pdi1vd09pzndgic-perl5.32.0-Net-Twitter-Lite-0.12008.drv
these paths will be fetched (0.08 MiB download, 0.08 MiB unpacked):
  /nix/store/pglhxvqq5dyw1dgrhqlcfnc1p5zs4gbc-Net-Twitter-Lite-0.12008.tar.gz
copying path '/nix/store/pglhxvqq5dyw1dgrhqlcfnc1p5zs4gbc-Net-Twitter-Lite-0.12008.tar.gz' from 'https://cache.nixos.org'...
building '/nix/store/f7nmf4d965rbaj982pdi1vd09pzndgic-perl5.32.0-Net-Twitter-Lite-0.12008.drv'...
unpacking sources
unpacking source archive /nix/store/pglhxvqq5dyw1dgrhqlcfnc1p5zs4gbc-Net-Twitter-Lite-0.12008.tar.gz
source root is Net-Twitter-Lite-0.12008
setting SOURCE_DATE_EPOCH to timestamp 1480987291 of file Net-Twitter-Lite-0.12008/t/unicode.t
patching sources
configuring
patching ./examples/oauth_webapp.pl...
patching ./examples/oauth_desktop.pl...
patching ./t/new-lists.t...
patching ./t/author-pod-syntax.t...
patching ./t/author-pod-coverage.t...
patching ./t/ssl.t...
patching ./t/04-wrapresult.t...
patching ./t/unicode.t...
patching ./t/99-pod_spelling.t...
patching ./t/02_regression.t...
patching ./t/03-v1_1.t...
patching ./t/00_load.t...
patching ./t/01_basic.t...
patching ./t/legacy_lists_api.t...
no configure script, doing nothing
building
Creating new 'Build' script for 'Net-Twitter-Lite' version '0.12008'
cp lib/Net/Twitter/Lite/API/V1_1.pm blib/lib/Net/Twitter/Lite/API/V1_1.pm
cp lib/Net/Twitter/Lite/WithAPIv1_1.pm blib/lib/Net/Twitter/Lite/WithAPIv1_1.pm
cp lib/Net/Twitter/Lite/Error.pm blib/lib/Net/Twitter/Lite/Error.pm
cp lib/Net/Twitter/Lite.pm blib/lib/Net/Twitter/Lite.pm
cp lib/Net/Twitter/Lite.pod blib/lib/Net/Twitter/Lite.pod
cp lib/Net/Twitter/Lite/API/V1.pm blib/lib/Net/Twitter/Lite/API/V1.pm
cp lib/Net/Twitter/Lite/WrapResult.pm blib/lib/Net/Twitter/Lite/WrapResult.pm
cp lib/Net/Twitter/Lite/WithAPIv1_1.pod blib/lib/Net/Twitter/Lite/WithAPIv1_1.pod
installing
Installing /nix/store/0r5y2gcqpmvy5a207kn5c0zkhkq89bkz-perl5.32.0-Net-Twitter-Lite-0.12008/lib/perl5/site_perl/5.32.0/Net/Twitter/Lite.pod
Installing /nix/store/0r5y2gcqpmvy5a207kn5c0zkhkq89bkz-perl5.32.0-Net-Twitter-Lite-0.12008/lib/perl5/site_perl/5.32.0/Net/Twitter/Lite.pm
Installing /nix/store/0r5y2gcqpmvy5a207kn5c0zkhkq89bkz-perl5.32.0-Net-Twitter-Lite-0.12008/lib/perl5/site_perl/5.32.0/Net/Twitter/Lite/WithAPIv1_1.pod
Installing /nix/store/0r5y2gcqpmvy5a207kn5c0zkhkq89bkz-perl5.32.0-Net-Twitter-Lite-0.12008/lib/perl5/site_perl/5.32.0/Net/Twitter/Lite/WrapResult.pm
Installing /nix/store/0r5y2gcqpmvy5a207kn5c0zkhkq89bkz-perl5.32.0-Net-Twitter-Lite-0.12008/lib/perl5/site_perl/5.32.0/Net/Twitter/Lite/WithAPIv1_1.pm
Installing /nix/store/0r5y2gcqpmvy5a207kn5c0zkhkq89bkz-perl5.32.0-Net-Twitter-Lite-0.12008/lib/perl5/site_perl/5.32.0/Net/Twitter/Lite/Error.pm
Installing /nix/store/0r5y2gcqpmvy5a207kn5c0zkhkq89bkz-perl5.32.0-Net-Twitter-Lite-0.12008/lib/perl5/site_perl/5.32.0/Net/Twitter/Lite/API/V1_1.pm
Installing /nix/store/0r5y2gcqpmvy5a207kn5c0zkhkq89bkz-perl5.32.0-Net-Twitter-Lite-0.12008/lib/perl5/site_perl/5.32.0/Net/Twitter/Lite/API/V1.pm
Installing /nix/store/0r5y2gcqpmvy5a207kn5c0zkhkq89bkz-perl5.32.0-Net-Twitter-Lite-0.12008/share/man/man3/Net::Twitter::Lite::API::V1_1.3
Installing /nix/store/0r5y2gcqpmvy5a207kn5c0zkhkq89bkz-perl5.32.0-Net-Twitter-Lite-0.12008/share/man/man3/Net::Twitter::Lite.3
Installing /nix/store/0r5y2gcqpmvy5a207kn5c0zkhkq89bkz-perl5.32.0-Net-Twitter-Lite-0.12008/share/man/man3/Net::Twitter::Lite::WrapResult.3
Installing /nix/store/0r5y2gcqpmvy5a207kn5c0zkhkq89bkz-perl5.32.0-Net-Twitter-Lite-0.12008/share/man/man3/Net::Twitter::Lite::Error.3
Installing /nix/store/0r5y2gcqpmvy5a207kn5c0zkhkq89bkz-perl5.32.0-Net-Twitter-Lite-0.12008/share/man/man3/Net::Twitter::Lite::API::V1.3
Installing /nix/store/0r5y2gcqpmvy5a207kn5c0zkhkq89bkz-perl5.32.0-Net-Twitter-Lite-0.12008/share/man/man3/Net::Twitter::Lite::WithAPIv1_1.3
post-installation fixup
Moving /nix/store/0r5y2gcqpmvy5a207kn5c0zkhkq89bkz-perl5.32.0-Net-Twitter-Lite-0.12008/share/man/man3 to /nix/store/icp3j5d2cgnz6yr8s5i0ypyy0ah2a5f5-perl5.32.0-Net-Twitter-Lite-0.12008-devdoc/share/man/man3
Removing empty /nix/store/0r5y2gcqpmvy5a207kn5c0zkhkq89bkz-perl5.32.0-Net-Twitter-Lite-0.12008/share/man/ and (possibly) its parents
shrinking RPATHs of ELF executables and libraries in /nix/store/0r5y2gcqpmvy5a207kn5c0zkhkq89bkz-perl5.32.0-Net-Twitter-Lite-0.12008
strip is /nix/store/psyzbhp4p088sb9qcs378hfbslcalasl-binutils-2.31.1/bin/strip
stripping (with command strip and flags -S) in /nix/store/0r5y2gcqpmvy5a207kn5c0zkhkq89bkz-perl5.32.0-Net-Twitter-Lite-0.12008/lib
patching script interpreter paths in /nix/store/0r5y2gcqpmvy5a207kn5c0zkhkq89bkz-perl5.32.0-Net-Twitter-Lite-0.12008
checking for references to /build/ in /nix/store/0r5y2gcqpmvy5a207kn5c0zkhkq89bkz-perl5.32.0-Net-Twitter-Lite-0.12008...
shrinking RPATHs of ELF executables and libraries in /nix/store/icp3j5d2cgnz6yr8s5i0ypyy0ah2a5f5-perl5.32.0-Net-Twitter-Lite-0.12008-devdoc
gzipping man pages under /nix/store/icp3j5d2cgnz6yr8s5i0ypyy0ah2a5f5-perl5.32.0-Net-Twitter-Lite-0.12008-devdoc/share/man/
strip is /nix/store/psyzbhp4p088sb9qcs378hfbslcalasl-binutils-2.31.1/bin/strip
patching script interpreter paths in /nix/store/icp3j5d2cgnz6yr8s5i0ypyy0ah2a5f5-perl5.32.0-Net-Twitter-Lite-0.12008-devdoc
checking for references to /build/ in /nix/store/icp3j5d2cgnz6yr8s5i0ypyy0ah2a5f5-perl5.32.0-Net-Twitter-Lite-0.12008-devdoc...
/nix/store/0r5y2gcqpmvy5a207kn5c0zkhkq89bkz-perl5.32.0-Net-Twitter-Lite-0.12008
