these derivations will be built:
  /nix/store/bcyg0nv8dcj44ddv8njzxajdgw634hyk-perl5.32.0-Parse-DebControl-2.005.drv
these paths will be fetched (0.01 MiB download, 0.01 MiB unpacked):
  /nix/store/w12cb6jp6012ygav1yaqqnjpa8kji2q0-Parse-DebControl-2.005.tar.gz
copying path '/nix/store/w12cb6jp6012ygav1yaqqnjpa8kji2q0-Parse-DebControl-2.005.tar.gz' from 'https://cache.nixos.org'...
building '/nix/store/bcyg0nv8dcj44ddv8njzxajdgw634hyk-perl5.32.0-Parse-DebControl-2.005.drv'...
unpacking sources
unpacking source archive /nix/store/w12cb6jp6012ygav1yaqqnjpa8kji2q0-Parse-DebControl-2.005.tar.gz
source root is Parse-DebControl-2.005
setting SOURCE_DATE_EPOCH to timestamp 1073971655 of file Parse-DebControl-2.005/CHANGES
patching sources
configuring
patching ./t/20new.t...
patching ./t/31stripcomments.t...
patching ./t/32trygzip.t...
patching ./t/33parseweb.t...
patching ./t/50pod.t...
patching ./t/51podcoverage.t...
patching ./t/41writegzip.t...
patching ./t/42writefile.t...
patching ./t/10objects.t...
patching ./t/40write.t...
patching ./t/30parse.t...
Checking if your kit is complete...
Looks good
Generating a Unix-style Makefile
Writing Makefile for Parse::DebControl
Writing MYMETA.yml and MYMETA.json
no configure script, doing nothing
building
build flags: SHELL=/nix/store/9fqwwd4iybmhjqyxiaxycknslw6bgwh1-bash-4.4-p23/bin/bash
cp lib/Parse/DebControl.pm blib/lib/Parse/DebControl.pm
Manifying 1 pod document
running tests
check flags: SHELL=/nix/store/9fqwwd4iybmhjqyxiaxycknslw6bgwh1-bash-4.4-p23/bin/bash VERBOSE=y test
PERL_DL_NONLAZY=1 "/nix/store/7c044di03qa7qgr5kjjc2d787aspzp0m-perl-5.32.0/bin/perl" "-MExtUtils::Command::MM" "-MTest::Harness" "-e" "undef *Test::Harness::Switches; test_harness(0, 'blib/lib', 'blib/arch')" t/*.t
t/10objects.t ........ ok
t/20new.t ............ ok
t/30parse.t .......... ok
t/31stripcomments.t .. ok
t/32trygzip.t ........ ok
t/33parseweb.t ....... ok
t/40write.t .......... ok
t/41writegzip.t ...... ok
t/42writefile.t ...... ok
t/50pod.t ............ skipped: Test::Pod 1.00 required for testing POD
t/51podcoverage.t .... ok
All tests successful.
Files=11, Tests=154,  3 wallclock secs ( 0.06 usr  0.03 sys +  1.56 cusr  1.19 csys =  2.84 CPU)
Result: PASS
installing
install flags: SHELL=/nix/store/9fqwwd4iybmhjqyxiaxycknslw6bgwh1-bash-4.4-p23/bin/bash pkgconfigdir=/nix/store/aj6bwa9ag3gd0hwa4w5jvgvmha6qs58g-perl5.32.0-Parse-DebControl-2.005/lib/pkgconfig m4datadir=/nix/store/aj6bwa9ag3gd0hwa4w5jvgvmha6qs58g-perl5.32.0-Parse-DebControl-2.005/share/aclocal aclocaldir=/nix/store/aj6bwa9ag3gd0hwa4w5jvgvmha6qs58g-perl5.32.0-Parse-DebControl-2.005/share/aclocal install
Manifying 1 pod document
Installing /nix/store/aj6bwa9ag3gd0hwa4w5jvgvmha6qs58g-perl5.32.0-Parse-DebControl-2.005/lib/perl5/site_perl/5.32.0/Parse/DebControl.pm
Installing /nix/store/aj6bwa9ag3gd0hwa4w5jvgvmha6qs58g-perl5.32.0-Parse-DebControl-2.005/share/man/man3/Parse::DebControl.3
Appending installation info to /nix/store/aj6bwa9ag3gd0hwa4w5jvgvmha6qs58g-perl5.32.0-Parse-DebControl-2.005/lib/perl5/5.32.0/x86_64-linux-thread-multi/perllocal.pod
post-installation fixup
Moving /nix/store/aj6bwa9ag3gd0hwa4w5jvgvmha6qs58g-perl5.32.0-Parse-DebControl-2.005/share/man/man3 to /nix/store/8c7h9z3rhqlqqwijl0rizl8niza3vq2h-perl5.32.0-Parse-DebControl-2.005-devdoc/share/man/man3
Removing empty /nix/store/aj6bwa9ag3gd0hwa4w5jvgvmha6qs58g-perl5.32.0-Parse-DebControl-2.005/share/man/ and (possibly) its parents
shrinking RPATHs of ELF executables and libraries in /nix/store/aj6bwa9ag3gd0hwa4w5jvgvmha6qs58g-perl5.32.0-Parse-DebControl-2.005
strip is /nix/store/psyzbhp4p088sb9qcs378hfbslcalasl-binutils-2.31.1/bin/strip
stripping (with command strip and flags -S) in /nix/store/aj6bwa9ag3gd0hwa4w5jvgvmha6qs58g-perl5.32.0-Parse-DebControl-2.005/lib
patching script interpreter paths in /nix/store/aj6bwa9ag3gd0hwa4w5jvgvmha6qs58g-perl5.32.0-Parse-DebControl-2.005
checking for references to /build/ in /nix/store/aj6bwa9ag3gd0hwa4w5jvgvmha6qs58g-perl5.32.0-Parse-DebControl-2.005...
shrinking RPATHs of ELF executables and libraries in /nix/store/8c7h9z3rhqlqqwijl0rizl8niza3vq2h-perl5.32.0-Parse-DebControl-2.005-devdoc
gzipping man pages under /nix/store/8c7h9z3rhqlqqwijl0rizl8niza3vq2h-perl5.32.0-Parse-DebControl-2.005-devdoc/share/man/
strip is /nix/store/psyzbhp4p088sb9qcs378hfbslcalasl-binutils-2.31.1/bin/strip
patching script interpreter paths in /nix/store/8c7h9z3rhqlqqwijl0rizl8niza3vq2h-perl5.32.0-Parse-DebControl-2.005-devdoc
checking for references to /build/ in /nix/store/8c7h9z3rhqlqqwijl0rizl8niza3vq2h-perl5.32.0-Parse-DebControl-2.005-devdoc...
/nix/store/aj6bwa9ag3gd0hwa4w5jvgvmha6qs58g-perl5.32.0-Parse-DebControl-2.005
