these derivations will be built:
  /nix/store/xbv1m0p9i2vc22byjwba0cwglhs4lyii-perl5.32.0-PatchReader-0.9.6.drv
these paths will be fetched (0.01 MiB download, 0.01 MiB unpacked):
  /nix/store/ain48lv0viyb0b7iqkahassq5ggv406g-PatchReader-0.9.6.tar.gz
copying path '/nix/store/ain48lv0viyb0b7iqkahassq5ggv406g-PatchReader-0.9.6.tar.gz' from 'https://cache.nixos.org'...
building '/nix/store/xbv1m0p9i2vc22byjwba0cwglhs4lyii-perl5.32.0-PatchReader-0.9.6.drv'...
unpacking sources
unpacking source archive /nix/store/ain48lv0viyb0b7iqkahassq5ggv406g-PatchReader-0.9.6.tar.gz
source root is PatchReader-0.9.6
setting SOURCE_DATE_EPOCH to timestamp 1302503390 of file PatchReader-0.9.6/META.yml
patching sources
configuring
patching ./t/005doseol.t...
patching ./t/008multifile.t...
patching ./t/001use.t...
patching ./t/004attic.t...
patching ./t/003fixroot.t...
patching ./t/002cvsdiff.t...
patching ./t/007spaces.t...
patching ./t/006plusminus.t...
Checking if your kit is complete...
Looks good
Generating a Unix-style Makefile
Writing Makefile for PatchReader
Writing MYMETA.yml and MYMETA.json
no configure script, doing nothing
building
build flags: SHELL=/nix/store/9fqwwd4iybmhjqyxiaxycknslw6bgwh1-bash-4.4-p23/bin/bash
cp lib/PatchReader/DiffPrinter/raw.pm blib/lib/PatchReader/DiffPrinter/raw.pm
cp lib/PatchReader/Base.pm blib/lib/PatchReader/Base.pm
cp lib/PatchReader/DiffPrinter/template.pm blib/lib/PatchReader/DiffPrinter/template.pm
cp lib/PatchReader/PatchInfoGrabber.pm blib/lib/PatchReader/PatchInfoGrabber.pm
cp lib/PatchReader.pm blib/lib/PatchReader.pm
cp lib/PatchReader/AddCVSContext.pm blib/lib/PatchReader/AddCVSContext.pm
cp lib/PatchReader/FilterPatch.pm blib/lib/PatchReader/FilterPatch.pm
cp lib/PatchReader/CVSClient.pm blib/lib/PatchReader/CVSClient.pm
cp lib/PatchReader/Raw.pm blib/lib/PatchReader/Raw.pm
cp lib/PatchReader/NarrowPatch.pm blib/lib/PatchReader/NarrowPatch.pm
cp lib/PatchReader/FixPatchRoot.pm blib/lib/PatchReader/FixPatchRoot.pm
Manifying 1 pod document
running tests
check flags: SHELL=/nix/store/9fqwwd4iybmhjqyxiaxycknslw6bgwh1-bash-4.4-p23/bin/bash VERBOSE=y test
PERL_DL_NONLAZY=1 "/nix/store/7c044di03qa7qgr5kjjc2d787aspzp0m-perl-5.32.0/bin/perl" "-MExtUtils::Command::MM" "-MTest::Harness" "-e" "undef *Test::Harness::Switches; test_harness(0, 'blib/lib', 'blib/arch')" t/*.t
t/001use.t ........ ok
t/002cvsdiff.t .... ok
t/003fixroot.t .... ok
t/004attic.t ...... ok
t/005doseol.t ..... ok
t/006plusminus.t .. ok
t/007spaces.t ..... ok
t/008multifile.t .. ok
All tests successful.
Files=8, Tests=114,  0 wallclock secs ( 0.04 usr  0.00 sys +  0.43 cusr  0.04 csys =  0.51 CPU)
Result: PASS
installing
install flags: SHELL=/nix/store/9fqwwd4iybmhjqyxiaxycknslw6bgwh1-bash-4.4-p23/bin/bash pkgconfigdir=/nix/store/ql1sf3qiz4zbh8f8p4xvyhrbrvq5lji4-perl5.32.0-PatchReader-0.9.6/lib/pkgconfig m4datadir=/nix/store/ql1sf3qiz4zbh8f8p4xvyhrbrvq5lji4-perl5.32.0-PatchReader-0.9.6/share/aclocal aclocaldir=/nix/store/ql1sf3qiz4zbh8f8p4xvyhrbrvq5lji4-perl5.32.0-PatchReader-0.9.6/share/aclocal install
Manifying 1 pod document
Installing /nix/store/ql1sf3qiz4zbh8f8p4xvyhrbrvq5lji4-perl5.32.0-PatchReader-0.9.6/lib/perl5/site_perl/5.32.0/PatchReader.pm
Installing /nix/store/ql1sf3qiz4zbh8f8p4xvyhrbrvq5lji4-perl5.32.0-PatchReader-0.9.6/lib/perl5/site_perl/5.32.0/PatchReader/CVSClient.pm
Installing /nix/store/ql1sf3qiz4zbh8f8p4xvyhrbrvq5lji4-perl5.32.0-PatchReader-0.9.6/lib/perl5/site_perl/5.32.0/PatchReader/PatchInfoGrabber.pm
Installing /nix/store/ql1sf3qiz4zbh8f8p4xvyhrbrvq5lji4-perl5.32.0-PatchReader-0.9.6/lib/perl5/site_perl/5.32.0/PatchReader/AddCVSContext.pm
Installing /nix/store/ql1sf3qiz4zbh8f8p4xvyhrbrvq5lji4-perl5.32.0-PatchReader-0.9.6/lib/perl5/site_perl/5.32.0/PatchReader/FilterPatch.pm
Installing /nix/store/ql1sf3qiz4zbh8f8p4xvyhrbrvq5lji4-perl5.32.0-PatchReader-0.9.6/lib/perl5/site_perl/5.32.0/PatchReader/FixPatchRoot.pm
Installing /nix/store/ql1sf3qiz4zbh8f8p4xvyhrbrvq5lji4-perl5.32.0-PatchReader-0.9.6/lib/perl5/site_perl/5.32.0/PatchReader/Raw.pm
Installing /nix/store/ql1sf3qiz4zbh8f8p4xvyhrbrvq5lji4-perl5.32.0-PatchReader-0.9.6/lib/perl5/site_perl/5.32.0/PatchReader/NarrowPatch.pm
Installing /nix/store/ql1sf3qiz4zbh8f8p4xvyhrbrvq5lji4-perl5.32.0-PatchReader-0.9.6/lib/perl5/site_perl/5.32.0/PatchReader/Base.pm
Installing /nix/store/ql1sf3qiz4zbh8f8p4xvyhrbrvq5lji4-perl5.32.0-PatchReader-0.9.6/lib/perl5/site_perl/5.32.0/PatchReader/DiffPrinter/template.pm
Installing /nix/store/ql1sf3qiz4zbh8f8p4xvyhrbrvq5lji4-perl5.32.0-PatchReader-0.9.6/lib/perl5/site_perl/5.32.0/PatchReader/DiffPrinter/raw.pm
Installing /nix/store/ql1sf3qiz4zbh8f8p4xvyhrbrvq5lji4-perl5.32.0-PatchReader-0.9.6/share/man/man3/PatchReader.3
Appending installation info to /nix/store/ql1sf3qiz4zbh8f8p4xvyhrbrvq5lji4-perl5.32.0-PatchReader-0.9.6/lib/perl5/5.32.0/x86_64-linux-thread-multi/perllocal.pod
post-installation fixup
Moving /nix/store/ql1sf3qiz4zbh8f8p4xvyhrbrvq5lji4-perl5.32.0-PatchReader-0.9.6/share/man/man3 to /nix/store/mxvrisf6yah4gm82b4rk81cm45c80aaf-perl5.32.0-PatchReader-0.9.6-devdoc/share/man/man3
Removing empty /nix/store/ql1sf3qiz4zbh8f8p4xvyhrbrvq5lji4-perl5.32.0-PatchReader-0.9.6/share/man/ and (possibly) its parents
shrinking RPATHs of ELF executables and libraries in /nix/store/ql1sf3qiz4zbh8f8p4xvyhrbrvq5lji4-perl5.32.0-PatchReader-0.9.6
strip is /nix/store/psyzbhp4p088sb9qcs378hfbslcalasl-binutils-2.31.1/bin/strip
stripping (with command strip and flags -S) in /nix/store/ql1sf3qiz4zbh8f8p4xvyhrbrvq5lji4-perl5.32.0-PatchReader-0.9.6/lib
patching script interpreter paths in /nix/store/ql1sf3qiz4zbh8f8p4xvyhrbrvq5lji4-perl5.32.0-PatchReader-0.9.6
checking for references to /build/ in /nix/store/ql1sf3qiz4zbh8f8p4xvyhrbrvq5lji4-perl5.32.0-PatchReader-0.9.6...
shrinking RPATHs of ELF executables and libraries in /nix/store/mxvrisf6yah4gm82b4rk81cm45c80aaf-perl5.32.0-PatchReader-0.9.6-devdoc
gzipping man pages under /nix/store/mxvrisf6yah4gm82b4rk81cm45c80aaf-perl5.32.0-PatchReader-0.9.6-devdoc/share/man/
strip is /nix/store/psyzbhp4p088sb9qcs378hfbslcalasl-binutils-2.31.1/bin/strip
patching script interpreter paths in /nix/store/mxvrisf6yah4gm82b4rk81cm45c80aaf-perl5.32.0-PatchReader-0.9.6-devdoc
checking for references to /build/ in /nix/store/mxvrisf6yah4gm82b4rk81cm45c80aaf-perl5.32.0-PatchReader-0.9.6-devdoc...
/nix/store/ql1sf3qiz4zbh8f8p4xvyhrbrvq5lji4-perl5.32.0-PatchReader-0.9.6
