these derivations will be built:
  /nix/store/g2nkr1wc4y2l3ddz5lqz0a1a1kyqjwgr-perl5.32.0-perl5lib-1.02.drv
these paths will be fetched (0.00 MiB download, 0.00 MiB unpacked):
  /nix/store/qzy2l5q3sf1gfhy6lz3cfizw1z48vvrk-perl5lib-1.02.tar.gz
copying path '/nix/store/qzy2l5q3sf1gfhy6lz3cfizw1z48vvrk-perl5lib-1.02.tar.gz' from 'https://cache.nixos.org'...
building '/nix/store/g2nkr1wc4y2l3ddz5lqz0a1a1kyqjwgr-perl5.32.0-perl5lib-1.02.drv'...
unpacking sources
unpacking source archive /nix/store/qzy2l5q3sf1gfhy6lz3cfizw1z48vvrk-perl5lib-1.02.tar.gz
source root is perl5lib-1.02
setting SOURCE_DATE_EPOCH to timestamp 1061222136 of file perl5lib-1.02/Changes
patching sources
configuring
patching ./t/no_test.t...
patching ./Makefile.PL...
Checking if your kit is complete...
Looks good
Generating a Unix-style Makefile
Writing Makefile for perl5lib
Writing MYMETA.yml and MYMETA.json
no configure script, doing nothing
building
build flags: SHELL=/nix/store/9fqwwd4iybmhjqyxiaxycknslw6bgwh1-bash-4.4-p23/bin/bash
cp lib/perl5lib.pm blib/lib/perl5lib.pm
Manifying 1 pod document
running tests
check flags: SHELL=/nix/store/9fqwwd4iybmhjqyxiaxycknslw6bgwh1-bash-4.4-p23/bin/bash VERBOSE=y test
PERL_DL_NONLAZY=1 "/nix/store/7c044di03qa7qgr5kjjc2d787aspzp0m-perl-5.32.0/bin/perl" "-MExtUtils::Command::MM" "-MTest::Harness" "-e" "undef *Test::Harness::Switches; test_harness(0, 'blib/lib', 'blib/arch')" t/*.t
t/no_test.t .. ok
All tests successful.
Files=1, Tests=1,  0 wallclock secs ( 0.02 usr +  0.01 sys =  0.03 CPU)
Result: PASS
installing
install flags: SHELL=/nix/store/9fqwwd4iybmhjqyxiaxycknslw6bgwh1-bash-4.4-p23/bin/bash pkgconfigdir=/nix/store/8h92c9vl5606blq3mx3fjgdbldl1q5fx-perl5.32.0-perl5lib-1.02/lib/pkgconfig m4datadir=/nix/store/8h92c9vl5606blq3mx3fjgdbldl1q5fx-perl5.32.0-perl5lib-1.02/share/aclocal aclocaldir=/nix/store/8h92c9vl5606blq3mx3fjgdbldl1q5fx-perl5.32.0-perl5lib-1.02/share/aclocal install
Manifying 1 pod document
Installing /nix/store/8h92c9vl5606blq3mx3fjgdbldl1q5fx-perl5.32.0-perl5lib-1.02/lib/perl5/site_perl/5.32.0/perl5lib.pm
Installing /nix/store/8h92c9vl5606blq3mx3fjgdbldl1q5fx-perl5.32.0-perl5lib-1.02/share/man/man3/perl5lib.3
Appending installation info to /nix/store/8h92c9vl5606blq3mx3fjgdbldl1q5fx-perl5.32.0-perl5lib-1.02/lib/perl5/5.32.0/x86_64-linux-thread-multi/perllocal.pod
post-installation fixup
Moving /nix/store/8h92c9vl5606blq3mx3fjgdbldl1q5fx-perl5.32.0-perl5lib-1.02/share/man/man3 to /nix/store/n1jmwhgr5d4ciqniyz25c6mhac4hkbpw-perl5.32.0-perl5lib-1.02-devdoc/share/man/man3
Removing empty /nix/store/8h92c9vl5606blq3mx3fjgdbldl1q5fx-perl5.32.0-perl5lib-1.02/share/man/ and (possibly) its parents
shrinking RPATHs of ELF executables and libraries in /nix/store/8h92c9vl5606blq3mx3fjgdbldl1q5fx-perl5.32.0-perl5lib-1.02
strip is /nix/store/psyzbhp4p088sb9qcs378hfbslcalasl-binutils-2.31.1/bin/strip
stripping (with command strip and flags -S) in /nix/store/8h92c9vl5606blq3mx3fjgdbldl1q5fx-perl5.32.0-perl5lib-1.02/lib
patching script interpreter paths in /nix/store/8h92c9vl5606blq3mx3fjgdbldl1q5fx-perl5.32.0-perl5lib-1.02
checking for references to /build/ in /nix/store/8h92c9vl5606blq3mx3fjgdbldl1q5fx-perl5.32.0-perl5lib-1.02...
shrinking RPATHs of ELF executables and libraries in /nix/store/n1jmwhgr5d4ciqniyz25c6mhac4hkbpw-perl5.32.0-perl5lib-1.02-devdoc
gzipping man pages under /nix/store/n1jmwhgr5d4ciqniyz25c6mhac4hkbpw-perl5.32.0-perl5lib-1.02-devdoc/share/man/
strip is /nix/store/psyzbhp4p088sb9qcs378hfbslcalasl-binutils-2.31.1/bin/strip
patching script interpreter paths in /nix/store/n1jmwhgr5d4ciqniyz25c6mhac4hkbpw-perl5.32.0-perl5lib-1.02-devdoc
checking for references to /build/ in /nix/store/n1jmwhgr5d4ciqniyz25c6mhac4hkbpw-perl5.32.0-perl5lib-1.02-devdoc...
/nix/store/8h92c9vl5606blq3mx3fjgdbldl1q5fx-perl5.32.0-perl5lib-1.02
