these derivations will be built:
  /nix/store/snfr7a3997lfn412db7981z5w3y85120-perl5.32.0-Plack-Middleware-ConsoleLogger-0.05.drv
these paths will be fetched (0.01 MiB download, 0.01 MiB unpacked):
  /nix/store/3p2kwvascdl8hpizn5s5fiaxhlca7ik5-Plack-Middleware-ConsoleLogger-0.05.tar.gz
copying path '/nix/store/3p2kwvascdl8hpizn5s5fiaxhlca7ik5-Plack-Middleware-ConsoleLogger-0.05.tar.gz' from 'https://cache.nixos.org'...
building '/nix/store/snfr7a3997lfn412db7981z5w3y85120-perl5.32.0-Plack-Middleware-ConsoleLogger-0.05.drv'...
unpacking sources
unpacking source archive /nix/store/3p2kwvascdl8hpizn5s5fiaxhlca7ik5-Plack-Middleware-ConsoleLogger-0.05.tar.gz
source root is Plack-Middleware-ConsoleLogger-0.05
setting SOURCE_DATE_EPOCH to timestamp 1421785319 of file Plack-Middleware-ConsoleLogger-0.05/xt/synopsis.t
patching sources
configuring
patching ./t/release-pod-syntax.t...
no configure script, doing nothing
building
Creating new 'Build' script for 'Plack-Middleware-ConsoleLogger' version '0.05'
cp lib/Plack/Middleware/ConsoleLogger.pm blib/lib/Plack/Middleware/ConsoleLogger.pm
running tests
t/01_basic.t ............ ok
t/02_utf8.t ............. ok
t/release-pod-syntax.t .. skipped: these tests are for release candidate testing
All tests successful.
Files=3, Tests=5,  1 wallclock secs ( 0.04 usr  0.04 sys +  0.33 cusr  0.26 csys =  0.67 CPU)
Result: PASS
installing
Installing /nix/store/fd11wjscwlvijwnmv1sy58nvkkxvycmg-perl5.32.0-Plack-Middleware-ConsoleLogger-0.05/lib/perl5/site_perl/5.32.0/Plack/Middleware/ConsoleLogger.pm
Installing /nix/store/fd11wjscwlvijwnmv1sy58nvkkxvycmg-perl5.32.0-Plack-Middleware-ConsoleLogger-0.05/share/man/man3/Plack::Middleware::ConsoleLogger.3
post-installation fixup
Moving /nix/store/fd11wjscwlvijwnmv1sy58nvkkxvycmg-perl5.32.0-Plack-Middleware-ConsoleLogger-0.05/share/man/man3 to /nix/store/h3g4pxjp6ll5mfmld1y43k0q4830gy4i-perl5.32.0-Plack-Middleware-ConsoleLogger-0.05-devdoc/share/man/man3
Removing empty /nix/store/fd11wjscwlvijwnmv1sy58nvkkxvycmg-perl5.32.0-Plack-Middleware-ConsoleLogger-0.05/share/man/ and (possibly) its parents
shrinking RPATHs of ELF executables and libraries in /nix/store/fd11wjscwlvijwnmv1sy58nvkkxvycmg-perl5.32.0-Plack-Middleware-ConsoleLogger-0.05
strip is /nix/store/psyzbhp4p088sb9qcs378hfbslcalasl-binutils-2.31.1/bin/strip
stripping (with command strip and flags -S) in /nix/store/fd11wjscwlvijwnmv1sy58nvkkxvycmg-perl5.32.0-Plack-Middleware-ConsoleLogger-0.05/lib
patching script interpreter paths in /nix/store/fd11wjscwlvijwnmv1sy58nvkkxvycmg-perl5.32.0-Plack-Middleware-ConsoleLogger-0.05
checking for references to /build/ in /nix/store/fd11wjscwlvijwnmv1sy58nvkkxvycmg-perl5.32.0-Plack-Middleware-ConsoleLogger-0.05...
shrinking RPATHs of ELF executables and libraries in /nix/store/h3g4pxjp6ll5mfmld1y43k0q4830gy4i-perl5.32.0-Plack-Middleware-ConsoleLogger-0.05-devdoc
gzipping man pages under /nix/store/h3g4pxjp6ll5mfmld1y43k0q4830gy4i-perl5.32.0-Plack-Middleware-ConsoleLogger-0.05-devdoc/share/man/
strip is /nix/store/psyzbhp4p088sb9qcs378hfbslcalasl-binutils-2.31.1/bin/strip
patching script interpreter paths in /nix/store/h3g4pxjp6ll5mfmld1y43k0q4830gy4i-perl5.32.0-Plack-Middleware-ConsoleLogger-0.05-devdoc
checking for references to /build/ in /nix/store/h3g4pxjp6ll5mfmld1y43k0q4830gy4i-perl5.32.0-Plack-Middleware-ConsoleLogger-0.05-devdoc...
/nix/store/fd11wjscwlvijwnmv1sy58nvkkxvycmg-perl5.32.0-Plack-Middleware-ConsoleLogger-0.05
