these derivations will be built:
  /nix/store/kjjan70mvjmfhz9sriwx78wf68hsbwxq-perl5.32.0-POE-Test-Loops-1.360.drv
  /nix/store/a91gjs9isljas19hjwmd3iigib3wryj5-perl5.32.0-POE-1.368.drv
these paths will be fetched (0.43 MiB download, 0.43 MiB unpacked):
  /nix/store/qr4lgb7jwni4129daf0pn1j0z5fvh8l4-POE-Test-Loops-1.360.tar.gz
  /nix/store/v2p0dk2bafjixv1y83pd2mfa4ys9dgs8-POE-1.368.tar.gz
copying path '/nix/store/v2p0dk2bafjixv1y83pd2mfa4ys9dgs8-POE-1.368.tar.gz' from 'https://cache.nixos.org'...
copying path '/nix/store/qr4lgb7jwni4129daf0pn1j0z5fvh8l4-POE-Test-Loops-1.360.tar.gz' from 'https://cache.nixos.org'...
building '/nix/store/kjjan70mvjmfhz9sriwx78wf68hsbwxq-perl5.32.0-POE-Test-Loops-1.360.drv'...
unpacking sources
unpacking source archive /nix/store/qr4lgb7jwni4129daf0pn1j0z5fvh8l4-POE-Test-Loops-1.360.tar.gz
source root is POE-Test-Loops-1.360
setting SOURCE_DATE_EPOCH to timestamp 1415039954 of file POE-Test-Loops-1.360/xt/release/pod-syntax.t
patching sources
configuring
patching ./xt/release/pod-coverage.t...
patching ./xt/release/pod-syntax.t...
patching ./t/000-report-versions.t...
patching ./lib/POE/Test/Loops/z_leolo_wheel_run.pm...
patching ./lib/POE/Test/Loops/ses_session.pm...
patching ./lib/POE/Test/Loops/k_selects.pm...
patching ./lib/POE/Test/Loops/wheel_sf_udp.pm...
patching ./lib/POE/Test/Loops/wheel_sf_ipv6.pm...
patching ./lib/POE/Test/Loops/z_rt39872_sigchld.pm...
patching ./lib/POE/Test/Loops/wheel_sf_unix.pm...
patching ./lib/POE/Test/Loops/k_sig_child.pm...
patching ./lib/POE/Test/Loops/wheel_curses.pm...
patching ./lib/POE/Test/Loops/all_errors.pm...
patching ./lib/POE/Test/Loops/z_rt39872_sigchld_stop.pm...
patching ./lib/POE/Test/Loops/k_aliases.pm...
patching ./lib/POE/Test/Loops/z_merijn_sigchld_system.pm...
patching ./lib/POE/Test/Loops/connect_errors.pm...
patching ./lib/POE/Test/Loops/wheel_run_size.pm...
patching ./lib/POE/Test/Loops/comp_tcp_concurrent.pm...
patching ./lib/POE/Test/Loops/wheel_sf_tcp.pm...
patching ./lib/POE/Test/Loops/wheel_readwrite.pm...
patching ./lib/POE/Test/Loops/wheel_accept.pm...
patching ./lib/POE/Test/Loops/k_detach.pm...
patching ./lib/POE/Test/Loops/ses_nfa.pm...
patching ./lib/POE/Test/Loops/k_alarms.pm...
patching ./lib/POE/Test/Loops/k_run_returns.pm...
patching ./lib/POE/Test/Loops/z_rt54319_bazerka_followtail.pm...
patching ./lib/POE/Test/Loops/z_rt53302_fh_watchers.pm...
patching ./lib/POE/Test/Loops/wheel_tail.pm...
patching ./lib/POE/Test/Loops/wheel_run.pm...
patching ./lib/POE/Test/Loops/00_info.pm...
patching ./lib/POE/Test/Loops/comp_tcp.pm...
patching ./lib/POE/Test/Loops/wheel_readline.pm...
patching ./lib/POE/Test/Loops/z_steinert_signal_integrity.pm...
patching ./lib/POE/Test/Loops/k_signals.pm...
patching ./lib/POE/Test/Loops/sbk_signal_init.pm...
patching ./bin/poe-gen-tests...
Checking if your kit is complete...
Looks good
Generating a Unix-style Makefile
Writing Makefile for POE::Test::Loops
Writing MYMETA.yml and MYMETA.json
no configure script, doing nothing
building
build flags: SHELL=/nix/store/9fqwwd4iybmhjqyxiaxycknslw6bgwh1-bash-4.4-p23/bin/bash
cp lib/POE/Test/Loops/z_kogman_sig_order.pm blib/lib/POE/Test/Loops/z_kogman_sig_order.pm
cp lib/POE/Test/Loops/z_leolo_wheel_run.pm blib/lib/POE/Test/Loops/z_leolo_wheel_run.pm
cp lib/POE/Test/Loops/wheel_readline.pm blib/lib/POE/Test/Loops/wheel_readline.pm
cp lib/POE/Test/Loops/ses_nfa.pm blib/lib/POE/Test/Loops/ses_nfa.pm
cp lib/POE/Test/Loops/k_alarms.pm blib/lib/POE/Test/Loops/k_alarms.pm
cp lib/POE/Test/Loops/wheel_curses.pm blib/lib/POE/Test/Loops/wheel_curses.pm
cp lib/POE/Test/DondeEstan.pm blib/lib/POE/Test/DondeEstan.pm
cp lib/POE/Test/Loops/k_sig_child.pm blib/lib/POE/Test/Loops/k_sig_child.pm
cp lib/POE/Test/Loops/z_merijn_sigchld_system.pm blib/lib/POE/Test/Loops/z_merijn_sigchld_system.pm
cp lib/POE/Test/Loops/all_errors.pm blib/lib/POE/Test/Loops/all_errors.pm
cp lib/POE/Test/Loops/k_detach.pm blib/lib/POE/Test/Loops/k_detach.pm
cp lib/POE/Test/Loops/00_info.pm blib/lib/POE/Test/Loops/00_info.pm
cp lib/POE/Test/Loops/wheel_sf_udp.pm blib/lib/POE/Test/Loops/wheel_sf_udp.pm
cp lib/POE/Test/Loops/wheel_tail.pm blib/lib/POE/Test/Loops/wheel_tail.pm
cp lib/POE/Test/Loops/wheel_sf_ipv6.pm blib/lib/POE/Test/Loops/wheel_sf_ipv6.pm
cp lib/POE/Test/Loops/k_signals.pm blib/lib/POE/Test/Loops/k_signals.pm
cp lib/POE/Test/Loops/wheel_run_size.pm blib/lib/POE/Test/Loops/wheel_run_size.pm
cp lib/POE/Test/Loops/k_aliases.pm blib/lib/POE/Test/Loops/k_aliases.pm
cp lib/POE/Test/Loops/wheel_accept.pm blib/lib/POE/Test/Loops/wheel_accept.pm
cp lib/POE/Test/Loops/k_run_returns.pm blib/lib/POE/Test/Loops/k_run_returns.pm
cp lib/POE/Test/Loops/wheel_readwrite.pm blib/lib/POE/Test/Loops/wheel_readwrite.pm
cp lib/POE/Test/Loops/sbk_signal_init.pm blib/lib/POE/Test/Loops/sbk_signal_init.pm
cp lib/POE/Test/Loops/k_signals_rerun.pm blib/lib/POE/Test/Loops/k_signals_rerun.pm
cp lib/POE/Test/Loops/wheel_run.pm blib/lib/POE/Test/Loops/wheel_run.pm
cp lib/POE/Test/Loops.pm blib/lib/POE/Test/Loops.pm
cp lib/POE/Test/Loops/z_rt39872_sigchld.pm blib/lib/POE/Test/Loops/z_rt39872_sigchld.pm
cp lib/POE/Test/Loops/comp_tcp.pm blib/lib/POE/Test/Loops/comp_tcp.pm
cp lib/POE/Test/Loops/wheel_sf_unix.pm blib/lib/POE/Test/Loops/wheel_sf_unix.pm
cp lib/POE/Test/Loops/k_selects.pm blib/lib/POE/Test/Loops/k_selects.pm
cp lib/POE/Test/Loops/connect_errors.pm blib/lib/POE/Test/Loops/connect_errors.pm
cp lib/POE/Test/Loops/comp_tcp_concurrent.pm blib/lib/POE/Test/Loops/comp_tcp_concurrent.pm
cp lib/POE/Test/Loops/ses_session.pm blib/lib/POE/Test/Loops/ses_session.pm
cp lib/POE/Test/Loops/wheel_sf_tcp.pm blib/lib/POE/Test/Loops/wheel_sf_tcp.pm
cp lib/POE/Test/Loops/z_rt53302_fh_watchers.pm blib/lib/POE/Test/Loops/z_rt53302_fh_watchers.pm
cp lib/POE/Test/Loops/z_rt54319_bazerka_followtail.pm blib/lib/POE/Test/Loops/z_rt54319_bazerka_followtail.pm
cp lib/POE/Test/Loops/z_steinert_signal_integrity.pm blib/lib/POE/Test/Loops/z_steinert_signal_integrity.pm
cp lib/POE/Test/Loops/z_rt39872_sigchld_stop.pm blib/lib/POE/Test/Loops/z_rt39872_sigchld_stop.pm
cp bin/poe-gen-tests blib/script/poe-gen-tests
"/nix/store/7c044di03qa7qgr5kjjc2d787aspzp0m-perl-5.32.0/bin/perl" -MExtUtils::MY -e 'MY->fixin(shift)' -- blib/script/poe-gen-tests
Manifying 1 pod document
Manifying 1 pod document
running tests
check flags: SHELL=/nix/store/9fqwwd4iybmhjqyxiaxycknslw6bgwh1-bash-4.4-p23/bin/bash VERBOSE=y test
PERL_DL_NONLAZY=1 "/nix/store/7c044di03qa7qgr5kjjc2d787aspzp0m-perl-5.32.0/bin/perl" "-MExtUtils::Command::MM" "-MTest::Harness" "-e" "undef *Test::Harness::Switches; test_harness(0, 'blib/lib', 'blib/arch')" t/*.t
t/000-report-versions.t .. # Testing with Perl 5.032000, /nix/store/7c044di03qa7qgr5kjjc2d787aspzp0m-perl-5.32.0/bin/perl
t/000-report-versions.t .. 1/? #     ExtUtils::MakeMaker version is 7.44
#     Test::More version is 1.302175
t/000-report-versions.t .. ok
t/01_no_tests.t .......... ok
All tests successful.
Files=2, Tests=3,  0 wallclock secs ( 0.02 usr  0.00 sys +  0.17 cusr  0.02 csys =  0.21 CPU)
Result: PASS
installing
install flags: SHELL=/nix/store/9fqwwd4iybmhjqyxiaxycknslw6bgwh1-bash-4.4-p23/bin/bash pkgconfigdir=/nix/store/zqhpfn5ggfjzgf5g0c0p7cxw7ar6fdh8-perl5.32.0-POE-Test-Loops-1.360/lib/pkgconfig m4datadir=/nix/store/zqhpfn5ggfjzgf5g0c0p7cxw7ar6fdh8-perl5.32.0-POE-Test-Loops-1.360/share/aclocal aclocaldir=/nix/store/zqhpfn5ggfjzgf5g0c0p7cxw7ar6fdh8-perl5.32.0-POE-Test-Loops-1.360/share/aclocal install
Manifying 1 pod document
Manifying 1 pod document
Installing /nix/store/zqhpfn5ggfjzgf5g0c0p7cxw7ar6fdh8-perl5.32.0-POE-Test-Loops-1.360/lib/perl5/site_perl/5.32.0/POE/Test/Loops.pm
Installing /nix/store/zqhpfn5ggfjzgf5g0c0p7cxw7ar6fdh8-perl5.32.0-POE-Test-Loops-1.360/lib/perl5/site_perl/5.32.0/POE/Test/DondeEstan.pm
Installing /nix/store/zqhpfn5ggfjzgf5g0c0p7cxw7ar6fdh8-perl5.32.0-POE-Test-Loops-1.360/lib/perl5/site_perl/5.32.0/POE/Test/Loops/z_leolo_wheel_run.pm
Installing /nix/store/zqhpfn5ggfjzgf5g0c0p7cxw7ar6fdh8-perl5.32.0-POE-Test-Loops-1.360/lib/perl5/site_perl/5.32.0/POE/Test/Loops/ses_session.pm
Installing /nix/store/zqhpfn5ggfjzgf5g0c0p7cxw7ar6fdh8-perl5.32.0-POE-Test-Loops-1.360/lib/perl5/site_perl/5.32.0/POE/Test/Loops/k_selects.pm
Installing /nix/store/zqhpfn5ggfjzgf5g0c0p7cxw7ar6fdh8-perl5.32.0-POE-Test-Loops-1.360/lib/perl5/site_perl/5.32.0/POE/Test/Loops/wheel_sf_udp.pm
Installing /nix/store/zqhpfn5ggfjzgf5g0c0p7cxw7ar6fdh8-perl5.32.0-POE-Test-Loops-1.360/lib/perl5/site_perl/5.32.0/POE/Test/Loops/wheel_sf_ipv6.pm
Installing /nix/store/zqhpfn5ggfjzgf5g0c0p7cxw7ar6fdh8-perl5.32.0-POE-Test-Loops-1.360/lib/perl5/site_perl/5.32.0/POE/Test/Loops/z_rt39872_sigchld.pm
Installing /nix/store/zqhpfn5ggfjzgf5g0c0p7cxw7ar6fdh8-perl5.32.0-POE-Test-Loops-1.360/lib/perl5/site_perl/5.32.0/POE/Test/Loops/wheel_sf_unix.pm
Installing /nix/store/zqhpfn5ggfjzgf5g0c0p7cxw7ar6fdh8-perl5.32.0-POE-Test-Loops-1.360/lib/perl5/site_perl/5.32.0/POE/Test/Loops/k_sig_child.pm
Installing /nix/store/zqhpfn5ggfjzgf5g0c0p7cxw7ar6fdh8-perl5.32.0-POE-Test-Loops-1.360/lib/perl5/site_perl/5.32.0/POE/Test/Loops/wheel_curses.pm
Installing /nix/store/zqhpfn5ggfjzgf5g0c0p7cxw7ar6fdh8-perl5.32.0-POE-Test-Loops-1.360/lib/perl5/site_perl/5.32.0/POE/Test/Loops/all_errors.pm
Installing /nix/store/zqhpfn5ggfjzgf5g0c0p7cxw7ar6fdh8-perl5.32.0-POE-Test-Loops-1.360/lib/perl5/site_perl/5.32.0/POE/Test/Loops/z_rt39872_sigchld_stop.pm
Installing /nix/store/zqhpfn5ggfjzgf5g0c0p7cxw7ar6fdh8-perl5.32.0-POE-Test-Loops-1.360/lib/perl5/site_perl/5.32.0/POE/Test/Loops/k_aliases.pm
Installing /nix/store/zqhpfn5ggfjzgf5g0c0p7cxw7ar6fdh8-perl5.32.0-POE-Test-Loops-1.360/lib/perl5/site_perl/5.32.0/POE/Test/Loops/z_kogman_sig_order.pm
Installing /nix/store/zqhpfn5ggfjzgf5g0c0p7cxw7ar6fdh8-perl5.32.0-POE-Test-Loops-1.360/lib/perl5/site_perl/5.32.0/POE/Test/Loops/z_merijn_sigchld_system.pm
Installing /nix/store/zqhpfn5ggfjzgf5g0c0p7cxw7ar6fdh8-perl5.32.0-POE-Test-Loops-1.360/lib/perl5/site_perl/5.32.0/POE/Test/Loops/connect_errors.pm
Installing /nix/store/zqhpfn5ggfjzgf5g0c0p7cxw7ar6fdh8-perl5.32.0-POE-Test-Loops-1.360/lib/perl5/site_perl/5.32.0/POE/Test/Loops/wheel_run_size.pm
Installing /nix/store/zqhpfn5ggfjzgf5g0c0p7cxw7ar6fdh8-perl5.32.0-POE-Test-Loops-1.360/lib/perl5/site_perl/5.32.0/POE/Test/Loops/comp_tcp_concurrent.pm
Installing /nix/store/zqhpfn5ggfjzgf5g0c0p7cxw7ar6fdh8-perl5.32.0-POE-Test-Loops-1.360/lib/perl5/site_perl/5.32.0/POE/Test/Loops/wheel_sf_tcp.pm
Installing /nix/store/zqhpfn5ggfjzgf5g0c0p7cxw7ar6fdh8-perl5.32.0-POE-Test-Loops-1.360/lib/perl5/site_perl/5.32.0/POE/Test/Loops/wheel_readwrite.pm
Installing /nix/store/zqhpfn5ggfjzgf5g0c0p7cxw7ar6fdh8-perl5.32.0-POE-Test-Loops-1.360/lib/perl5/site_perl/5.32.0/POE/Test/Loops/wheel_accept.pm
Installing /nix/store/zqhpfn5ggfjzgf5g0c0p7cxw7ar6fdh8-perl5.32.0-POE-Test-Loops-1.360/lib/perl5/site_perl/5.32.0/POE/Test/Loops/k_detach.pm
Installing /nix/store/zqhpfn5ggfjzgf5g0c0p7cxw7ar6fdh8-perl5.32.0-POE-Test-Loops-1.360/lib/perl5/site_perl/5.32.0/POE/Test/Loops/ses_nfa.pm
Installing /nix/store/zqhpfn5ggfjzgf5g0c0p7cxw7ar6fdh8-perl5.32.0-POE-Test-Loops-1.360/lib/perl5/site_perl/5.32.0/POE/Test/Loops/k_alarms.pm
Installing /nix/store/zqhpfn5ggfjzgf5g0c0p7cxw7ar6fdh8-perl5.32.0-POE-Test-Loops-1.360/lib/perl5/site_perl/5.32.0/POE/Test/Loops/k_run_returns.pm
Installing /nix/store/zqhpfn5ggfjzgf5g0c0p7cxw7ar6fdh8-perl5.32.0-POE-Test-Loops-1.360/lib/perl5/site_perl/5.32.0/POE/Test/Loops/k_signals_rerun.pm
Installing /nix/store/zqhpfn5ggfjzgf5g0c0p7cxw7ar6fdh8-perl5.32.0-POE-Test-Loops-1.360/lib/perl5/site_perl/5.32.0/POE/Test/Loops/z_rt54319_bazerka_followtail.pm
Installing /nix/store/zqhpfn5ggfjzgf5g0c0p7cxw7ar6fdh8-perl5.32.0-POE-Test-Loops-1.360/lib/perl5/site_perl/5.32.0/POE/Test/Loops/z_rt53302_fh_watchers.pm
Installing /nix/store/zqhpfn5ggfjzgf5g0c0p7cxw7ar6fdh8-perl5.32.0-POE-Test-Loops-1.360/lib/perl5/site_perl/5.32.0/POE/Test/Loops/wheel_tail.pm
Installing /nix/store/zqhpfn5ggfjzgf5g0c0p7cxw7ar6fdh8-perl5.32.0-POE-Test-Loops-1.360/lib/perl5/site_perl/5.32.0/POE/Test/Loops/wheel_run.pm
Installing /nix/store/zqhpfn5ggfjzgf5g0c0p7cxw7ar6fdh8-perl5.32.0-POE-Test-Loops-1.360/lib/perl5/site_perl/5.32.0/POE/Test/Loops/00_info.pm
Installing /nix/store/zqhpfn5ggfjzgf5g0c0p7cxw7ar6fdh8-perl5.32.0-POE-Test-Loops-1.360/lib/perl5/site_perl/5.32.0/POE/Test/Loops/comp_tcp.pm
Installing /nix/store/zqhpfn5ggfjzgf5g0c0p7cxw7ar6fdh8-perl5.32.0-POE-Test-Loops-1.360/lib/perl5/site_perl/5.32.0/POE/Test/Loops/wheel_readline.pm
Installing /nix/store/zqhpfn5ggfjzgf5g0c0p7cxw7ar6fdh8-perl5.32.0-POE-Test-Loops-1.360/lib/perl5/site_perl/5.32.0/POE/Test/Loops/z_steinert_signal_integrity.pm
Installing /nix/store/zqhpfn5ggfjzgf5g0c0p7cxw7ar6fdh8-perl5.32.0-POE-Test-Loops-1.360/lib/perl5/site_perl/5.32.0/POE/Test/Loops/k_signals.pm
Installing /nix/store/zqhpfn5ggfjzgf5g0c0p7cxw7ar6fdh8-perl5.32.0-POE-Test-Loops-1.360/lib/perl5/site_perl/5.32.0/POE/Test/Loops/sbk_signal_init.pm
Installing /nix/store/zqhpfn5ggfjzgf5g0c0p7cxw7ar6fdh8-perl5.32.0-POE-Test-Loops-1.360/share/man/man1/poe-gen-tests.1
Installing /nix/store/zqhpfn5ggfjzgf5g0c0p7cxw7ar6fdh8-perl5.32.0-POE-Test-Loops-1.360/share/man/man3/POE::Test::Loops.3
Installing /nix/store/zqhpfn5ggfjzgf5g0c0p7cxw7ar6fdh8-perl5.32.0-POE-Test-Loops-1.360/bin/poe-gen-tests
Appending installation info to /nix/store/zqhpfn5ggfjzgf5g0c0p7cxw7ar6fdh8-perl5.32.0-POE-Test-Loops-1.360/lib/perl5/5.32.0/x86_64-linux-thread-multi/perllocal.pod
post-installation fixup
Moving /nix/store/zqhpfn5ggfjzgf5g0c0p7cxw7ar6fdh8-perl5.32.0-POE-Test-Loops-1.360/share/man/man3 to /nix/store/8p0yi965vbdplq8909s0d4csdrc83xkl-perl5.32.0-POE-Test-Loops-1.360-devdoc/share/man/man3
rmdir: failed to remove '/nix/store/zqhpfn5ggfjzgf5g0c0p7cxw7ar6fdh8-perl5.32.0-POE-Test-Loops-1.360/share/man': Directory not empty
shrinking RPATHs of ELF executables and libraries in /nix/store/zqhpfn5ggfjzgf5g0c0p7cxw7ar6fdh8-perl5.32.0-POE-Test-Loops-1.360
gzipping man pages under /nix/store/zqhpfn5ggfjzgf5g0c0p7cxw7ar6fdh8-perl5.32.0-POE-Test-Loops-1.360/share/man/
strip is /nix/store/psyzbhp4p088sb9qcs378hfbslcalasl-binutils-2.31.1/bin/strip
stripping (with command strip and flags -S) in /nix/store/zqhpfn5ggfjzgf5g0c0p7cxw7ar6fdh8-perl5.32.0-POE-Test-Loops-1.360/lib  /nix/store/zqhpfn5ggfjzgf5g0c0p7cxw7ar6fdh8-perl5.32.0-POE-Test-Loops-1.360/bin
patching script interpreter paths in /nix/store/zqhpfn5ggfjzgf5g0c0p7cxw7ar6fdh8-perl5.32.0-POE-Test-Loops-1.360
checking for references to /build/ in /nix/store/zqhpfn5ggfjzgf5g0c0p7cxw7ar6fdh8-perl5.32.0-POE-Test-Loops-1.360...
shrinking RPATHs of ELF executables and libraries in /nix/store/8p0yi965vbdplq8909s0d4csdrc83xkl-perl5.32.0-POE-Test-Loops-1.360-devdoc
gzipping man pages under /nix/store/8p0yi965vbdplq8909s0d4csdrc83xkl-perl5.32.0-POE-Test-Loops-1.360-devdoc/share/man/
strip is /nix/store/psyzbhp4p088sb9qcs378hfbslcalasl-binutils-2.31.1/bin/strip
patching script interpreter paths in /nix/store/8p0yi965vbdplq8909s0d4csdrc83xkl-perl5.32.0-POE-Test-Loops-1.360-devdoc
checking for references to /build/ in /nix/store/8p0yi965vbdplq8909s0d4csdrc83xkl-perl5.32.0-POE-Test-Loops-1.360-devdoc...
building '/nix/store/a91gjs9isljas19hjwmd3iigib3wryj5-perl5.32.0-POE-1.368.drv'...
unpacking sources
unpacking source archive /nix/store/v2p0dk2bafjixv1y83pd2mfa4ys9dgs8-POE-1.368.tar.gz
source root is POE-1.368
setting SOURCE_DATE_EPOCH to timestamp 1580650570 of file POE-1.368/CHANGES
patching sources
configuring
patching ./mylib/gen-tests.perl...
patching ./mylib/svn-log.perl...
patching ./mylib/events_per_second.pl...
patching ./mylib/cpan-test.perl...
patching ./mylib/coverage.perl...
patching ./examples/thrash.perl...
patching ./examples/create.perl...
patching ./examples/wheels2.perl...
patching ./examples/sessions.perl...
patching ./examples/packagesessions.perl...
patching ./examples/fakelogin.perl...
patching ./examples/watermarks.perl...
patching ./examples/names.perl...
patching ./examples/forkbomb.perl...
patching ./examples/signals.perl...
patching ./examples/selects.perl...
patching ./examples/objmaps.perl...
patching ./examples/objsessions.perl...
patching ./examples/queue.perl...
patching ./examples/tcp_watermarks.perl...
patching ./t/00_info.t...
patching ./t/10_units/04_drivers/01_sysrw.t...
patching ./t/10_units/06_queues/01_array.t...
patching ./t/10_units/03_base/15_kernel_internal.t...
patching ./t/10_units/03_base/07_queue.t...
patching ./t/10_units/03_base/06_loop.t...
patching ./t/10_units/03_base/13_assert_data.t...
patching ./t/10_units/03_base/03_component.t...
patching ./t/10_units/03_base/01_poe.t...
patching ./t/10_units/03_base/08_resource.t...
patching ./t/10_units/03_base/12_assert_retval.t...
patching ./t/10_units/03_base/10_wheel.t...
patching ./t/10_units/03_base/09_resources.t...
patching ./t/10_units/03_base/04_driver.t...
patching ./t/10_units/03_base/11_assert_usage.t...
patching ./t/10_units/03_base/05_filter.t...
patching ./t/10_units/03_base/14_kernel.t...
patching ./t/10_units/02_pipes/01_base.t...
patching ./t/10_units/02_pipes/03_twoway.t...
patching ./t/10_units/02_pipes/02_oneway.t...
patching ./t/10_units/01_pod/03_pod_no404s.t...
patching ./t/10_units/01_pod/04_pod_linkcheck.t...
patching ./t/10_units/08_loops/06_kernel_loop_poll.t...
patching ./t/10_units/08_loops/04_explicit_loop_envvar.t...
patching ./t/10_units/08_loops/07_kernel_loop_fail.t...
patching ./t/10_units/08_loops/05_kernel_loop.t...
patching ./t/10_units/08_loops/10_naive_loop_load_poll.t...
patching ./t/10_units/08_loops/09_naive_loop_load.t...
patching ./t/10_units/08_loops/02_explicit_loop_fail.t...
patching ./t/10_units/08_loops/11_double_loop.t...
patching ./t/10_units/08_loops/08_kernel_loop_search_poll.t...
patching ./t/10_units/08_loops/01_explicit_loop.t...
patching ./t/10_units/08_loops/03_explicit_loop_poll.t...
patching ./t/10_units/05_filters/02_grep.t...
patching ./t/10_units/05_filters/05_map.t...
patching ./t/10_units/05_filters/03_http.t...
patching ./t/10_units/05_filters/04_line.t...
patching ./t/10_units/05_filters/51_reference_die.t...
patching ./t/10_units/05_filters/99_filterchange.t...
patching ./t/10_units/05_filters/50_stackable.t...
patching ./t/10_units/05_filters/06_recordblock.t...
patching ./t/10_units/05_filters/01_block.t...
patching ./t/10_units/05_filters/08_stream.t...
patching ./t/10_units/05_filters/07_reference.t...
patching ./t/90_regression/grinnz-die-in-die.t...
patching ./t/90_regression/kjeldahl-stop-start-sig-nopipe.t...
patching ./t/90_regression/neyuki_detach.t...
patching ./t/90_regression/pipe-followtail.t...
patching ./t/90_regression/kjeldahl-stop-start-sig-pipe.t...
patching ./t/90_regression/ton-stop-corruption.t...
patching ./t/90_regression/socketfactory-timeout.t...
patching ./t/90_regression/rt19908-merlyn-stop.t...
patching ./t/90_regression/kjeldahl-stop-start-polling.t...
patching ./t/90_regression/ferrari-server-unix.t...
patching ./t/90_regression/rt1648-tied-stderr.t...
patching ./t/90_regression/prumike-win32-stat.t...
patching ./t/90_regression/suzman_windows.t...
patching ./t/90_regression/rt47966-sigchld.t...
patching ./t/90_regression/cfedde-filter-httpd.t...
patching ./t/90_regression/hinrik-wheel-run-die.t...
patching ./t/90_regression/whjackson-followtail.t...
patching ./t/90_regression/rt65460-forking.t...
patching ./t/90_regression/rt23181-sigchld-rc.t...
patching ./t/90_regression/tracing-sane-exit.t...
patching ./t/90_regression/bingos-followtail.t...
patching ./t/90_regression/rt14444-arg1.t...
patching ./t/90_regression/agaran-filter-httpd.t...
patching ./t/90_regression/broeren-win32-nbio.t...
patching ./t/90_regression/whelan-dieprop.t...
patching ./t/90_regression/averell-callback-ret.t...
patching ./t/90_regression/rt56417-wheel-run.t...
patching ./t/90_regression/meh-startstop-return.t...
patching ./t/90_regression/steinert-passed-wheel.t...
patching ./t/90_regression/leolo-sig-die.t...
patching ./t/20_resources/00_base/caller_state.pm...
patching ./lib/POE/Wheel/Curses.pm...
patching ./Makefile.PL...

=============================================

STDIN is not a terminal.  Assuming --default.

=============================================

Some of POE's tests require a functional network.
You can skip these tests if you'd like.

Would you like to skip the network tests? [n] n


*** Some optional features may not be available:
***   Curses 1.08 could not be loaded.
***   LWP 5.79 could not be loaded.
***   Term::ReadKey 2.21 could not be loaded.
***   URI 1.3 could not be loaded.
Checking if your kit is complete...
Looks good
Generating a Unix-style Makefile
Writing Makefile for POE
Writing MYMETA.yml and MYMETA.json
no configure script, doing nothing
building
build flags: SHELL=/nix/store/9fqwwd4iybmhjqyxiaxycknslw6bgwh1-bash-4.4-p23/bin/bash
"/nix/store/7c044di03qa7qgr5kjjc2d787aspzp0m-perl-5.32.0/bin/perl" mylib/gen-tests.perl lib/POE.pm
cp lib/POE/Filter/Reference.pm blib/lib/POE/Filter/Reference.pm
cp lib/POE/Filter/Grep.pm blib/lib/POE/Filter/Grep.pm
cp lib/POE/Resource/Sessions.pm blib/lib/POE/Resource/Sessions.pm
cp lib/POE/Resource.pm blib/lib/POE/Resource.pm
cp lib/POE/Queue.pm blib/lib/POE/Queue.pm
cp lib/POE/Resource/FileHandles.pm blib/lib/POE/Resource/FileHandles.pm
cp lib/POE/Driver.pm blib/lib/POE/Driver.pm
cp lib/POE/Pipe/OneWay.pm blib/lib/POE/Pipe/OneWay.pm
cp lib/POE/Resource/Extrefs.pm blib/lib/POE/Resource/Extrefs.pm
cp lib/POE/Resource/Signals.pm blib/lib/POE/Resource/Signals.pm
cp lib/POE/Filter/HTTPD.pm blib/lib/POE/Filter/HTTPD.pm
cp lib/POE/Driver/SysRW.pm blib/lib/POE/Driver/SysRW.pm
cp lib/POE/Filter/RecordBlock.pm blib/lib/POE/Filter/RecordBlock.pm
cp lib/POE/Pipe.pm blib/lib/POE/Pipe.pm
cp lib/POE/Loop/Select.pm blib/lib/POE/Loop/Select.pm
cp lib/POE/Wheel/Curses.pm blib/lib/POE/Wheel/Curses.pm
cp lib/POE/Session.pm blib/lib/POE/Session.pm
cp lib/POE/Filter/Stackable.pm blib/lib/POE/Filter/Stackable.pm
cp lib/POE/Resources.pm blib/lib/POE/Resources.pm
cp lib/POE/Loop/PerlSignals.pm blib/lib/POE/Loop/PerlSignals.pm
cp lib/POE/Resource/SIDs.pm blib/lib/POE/Resource/SIDs.pm
cp lib/POE/Filter.pm blib/lib/POE/Filter.pm
cp lib/POE/Wheel/FollowTail.pm blib/lib/POE/Wheel/FollowTail.pm
cp lib/POE/Component/Server/TCP.pm blib/lib/POE/Component/Server/TCP.pm
cp lib/POE/Filter/Block.pm blib/lib/POE/Filter/Block.pm
cp lib/POE/Kernel.pm blib/lib/POE/Kernel.pm
cp lib/POE/Component/Client/TCP.pm blib/lib/POE/Component/Client/TCP.pm
cp lib/POE/Wheel.pm blib/lib/POE/Wheel.pm
cp lib/POE/Resource/Events.pm blib/lib/POE/Resource/Events.pm
cp lib/POE/Component.pm blib/lib/POE/Component.pm
cp lib/POE/Filter/Stream.pm blib/lib/POE/Filter/Stream.pm
cp lib/POE/Resource/Clock.pm blib/lib/POE/Resource/Clock.pm
cp lib/POE/NFA.pm blib/lib/POE/NFA.pm
cp lib/POE/Pipe/TwoWay.pm blib/lib/POE/Pipe/TwoWay.pm
cp lib/POE/Loop/IO_Poll.pm blib/lib/POE/Loop/IO_Poll.pm
cp lib/POE/Test/Sequence.pm blib/lib/POE/Test/Sequence.pm
cp lib/POE/Wheel/ReadWrite.pm blib/lib/POE/Wheel/ReadWrite.pm
cp lib/POE/Filter/Line.pm blib/lib/POE/Filter/Line.pm
cp lib/POE/Filter/Map.pm blib/lib/POE/Filter/Map.pm
cp lib/POE/Wheel/ReadLine.pm blib/lib/POE/Wheel/ReadLine.pm
cp lib/POE/Resource/Aliases.pm blib/lib/POE/Resource/Aliases.pm
cp lib/POE.pm blib/lib/POE.pm
cp lib/POE/Wheel/ListenAccept.pm blib/lib/POE/Wheel/ListenAccept.pm
cp lib/POE/Queue/Array.pm blib/lib/POE/Queue/Array.pm
cp lib/POE/Loop.pm blib/lib/POE/Loop.pm
cp lib/POE/Wheel/Run.pm blib/lib/POE/Wheel/Run.pm
cp lib/POE/Wheel/SocketFactory.pm blib/lib/POE/Wheel/SocketFactory.pm
Manifying 38 pod documents
Manifying 9 pod documents
running tests
++++ : Makefile.PL touches the following file as a marker to indicate
++++ : it should perform tests which use the network. Delete this file
++++ : for sandbox builds.
++++ rm -f run_network_tests
++++ : Certs are required if not running in a sandbox.
++++ export SSL_CERT_FILE=/nix/store/5nd6zwzlgszhccwr4wp2x8vin125x50b-nss-cacert-3.52.1/etc/ssl/certs/ca-bundle.crt
++++ SSL_CERT_FILE=/nix/store/5nd6zwzlgszhccwr4wp2x8vin125x50b-nss-cacert-3.52.1/etc/ssl/certs/ca-bundle.crt
++++ : The following flag enables extra tests not normally performed.
++++ export RELEASE_TESTING=1
++++ RELEASE_TESTING=1
++++ set +x
check flags: SHELL=/nix/store/9fqwwd4iybmhjqyxiaxycknslw6bgwh1-bash-4.4-p23/bin/bash VERBOSE=y test
"/nix/store/7c044di03qa7qgr5kjjc2d787aspzp0m-perl-5.32.0/bin/perl" mylib/gen-tests.perl lib/POE.pm
PERL_DL_NONLAZY=1 "/nix/store/7c044di03qa7qgr5kjjc2d787aspzp0m-perl-5.32.0/bin/perl" "-MExtUtils::Command::MM" "-MTest::Harness" "-e" "undef *Test::Harness::Switches; test_harness(0, 'blib/lib', 'blib/arch')" t/*.t t/*/*.t t/*/*/*.t
t/00_info.t ........................................ 1/1 # Testing POE 1.368, POE::Test::Loops 1.360, Perl 5.032000, /nix/store/7c044di03qa7qgr5kjjc2d787aspzp0m-perl-5.32.0/bin/perl on linux
# pogomips: 16465664
t/00_info.t ........................................ ok
t/10_units/01_pod/01_pod.t ......................... skipped: Test::Pod 1.00 required for testing POD
t/10_units/01_pod/02_pod_coverage.t ................ skipped: Test::Pod::Coverage 1.08 required for testing POD coverage
t/10_units/01_pod/03_pod_no404s.t .................. skipped: Need network access (and permission) for these tests
t/10_units/01_pod/04_pod_linkcheck.t ............... skipped: Test::Pod::LinkCheck is needed for these tests.
t/10_units/02_pipes/01_base.t ...................... skipped: not implemented yet
t/10_units/02_pipes/02_oneway.t .................... ok
t/10_units/02_pipes/03_twoway.t .................... ok
t/10_units/03_base/01_poe.t ........................ ok
t/10_units/03_base/03_component.t .................. ok
t/10_units/03_base/04_driver.t ..................... ok
t/10_units/03_base/05_filter.t ..................... ok
t/10_units/03_base/06_loop.t ....................... ok
t/10_units/03_base/07_queue.t ...................... ok
t/10_units/03_base/08_resource.t ................... ok
t/10_units/03_base/09_resources.t .................. ok
t/10_units/03_base/10_wheel.t ...................... ok
t/10_units/03_base/11_assert_usage.t ............... ok
t/10_units/03_base/12_assert_retval.t .............. ok
t/10_units/03_base/13_assert_data.t ................ ok
t/10_units/03_base/14_kernel.t ..................... ok
t/10_units/03_base/15_kernel_internal.t ............ ok
t/10_units/03_base/16_nfa_usage.t .................. ok
t/10_units/03_base/17_detach_start.t ............... ok
t/10_units/04_drivers/01_sysrw.t ................... ok
t/10_units/05_filters/01_block.t ................... ok
t/10_units/05_filters/02_grep.t .................... ok
t/10_units/05_filters/03_http.t .................... skipped: Need network access (and permission) for these tests
t/10_units/05_filters/04_line.t .................... ok
t/10_units/05_filters/05_map.t ..................... ok
t/10_units/05_filters/06_recordblock.t ............. ok
t/10_units/05_filters/07_reference.t ............... ok
t/10_units/05_filters/08_stream.t .................. ok
t/10_units/05_filters/50_stackable.t ............... ok
t/10_units/05_filters/51_reference_die.t ........... skipped: YAML module not available
t/10_units/05_filters/99_filterchange.t ............ ok
t/10_units/06_queues/01_array.t .................... ok
t/10_units/07_exceptions/01_normal.t ............... ok
t/10_units/07_exceptions/02_turn_off.t ............. ok
t/10_units/07_exceptions/03_not_handled.t .......... ok
t/10_units/08_loops/01_explicit_loop.t ............. ok
t/10_units/08_loops/02_explicit_loop_fail.t ........ ok
t/10_units/08_loops/03_explicit_loop_poll.t ........ ok
t/10_units/08_loops/04_explicit_loop_envvar.t ...... ok
t/10_units/08_loops/05_kernel_loop.t ............... ok
t/10_units/08_loops/06_kernel_loop_poll.t .......... ok
t/10_units/08_loops/07_kernel_loop_fail.t .......... ok
t/10_units/08_loops/08_kernel_loop_search_poll.t ... ok
t/10_units/08_loops/09_naive_loop_load.t ........... ok
t/10_units/08_loops/10_naive_loop_load_poll.t ...... ok
t/10_units/08_loops/11_double_loop.t ............... ok
t/20_resources/10_perl/aliases.t ................... ok
t/20_resources/10_perl/caller_state.t .............. ok
t/20_resources/10_perl/events.t .................... ok
t/20_resources/10_perl/extrefs.t ................... ok
t/20_resources/10_perl/extrefs_gc.t ................ ok
t/20_resources/10_perl/filehandles.t ............... skipped: Network access (and permission) required to run this test
t/20_resources/10_perl/sessions.t .................. ok
t/20_resources/10_perl/sids.t ...................... ok
t/20_resources/10_perl/signals.t ................... ok
t/30_loops/io_poll/00_info.t ....................... 1/2 # Testing POE 1.368, POE::Test::Loops 1.360, Using Loop(POE::Loop::IO_Poll), Perl 5.032000, /nix/store/7c044di03qa7qgr5kjjc2d787aspzp0m-perl-5.32.0/bin/perl on linux
t/30_loops/io_poll/00_info.t ....................... ok
t/30_loops/io_poll/all_errors.t .................... skipped: most of these should move into other test files
t/30_loops/io_poll/comp_tcp.t ...................... skipped: Network access (and permission) required to run this test
t/30_loops/io_poll/comp_tcp_concurrent.t ........... skipped: Network access (and permission) required to run this test
t/30_loops/io_poll/connect_errors.t ................ skipped: Network access (and permission) required to run this test
t/30_loops/io_poll/k_alarms.t ...................... ok
t/30_loops/io_poll/k_aliases.t ..................... ok
t/30_loops/io_poll/k_detach.t ...................... ok
t/30_loops/io_poll/k_run_returns.t ................. ok
t/30_loops/io_poll/k_selects.t ..................... ok
t/30_loops/io_poll/k_sig_child.t ................... ok
t/30_loops/io_poll/k_signals.t ..................... ok
t/30_loops/io_poll/k_signals_rerun.t ............... ok
t/30_loops/io_poll/sbk_signal_init.t ............... ok
t/30_loops/io_poll/ses_nfa.t ....................... ok
t/30_loops/io_poll/ses_session.t ................... # This test generates some STDERR during trace testing.
t/30_loops/io_poll/ses_session.t ................... 10/41 === 627 === 23 -> _start (from /build/POE-1.368/blib/lib/POE/Kernel.pm at 1498)
=== 627 === 23 -> woot (from /nix/store/zqhpfn5ggfjzgf5g0c0p7cxw7ar6fdh8-perl5.32.0-POE-Test-Loops-1.360/lib/perl5/site_perl/5.32.0/POE/Test/Loops/ses_session.pm at 691)
=== 627 === 23 -> narf (from /nix/store/zqhpfn5ggfjzgf5g0c0p7cxw7ar6fdh8-perl5.32.0-POE-Test-Loops-1.360/lib/perl5/site_perl/5.32.0/POE/Test/Loops/ses_session.pm at 692)
t/30_loops/io_poll/ses_session.t ................... 39/41 === 627 === 23 -> _stop (from /build/POE-1.368/blib/lib/POE/Resource/Sessions.pm at 571)
t/30_loops/io_poll/ses_session.t ................... ok
t/30_loops/io_poll/wheel_accept.t .................. skipped: Network access (and permission) required to run this test
t/30_loops/io_poll/wheel_curses.t .................. skipped: Curses not available
t/30_loops/io_poll/wheel_readline.t ................ skipped: not running in a terminal
t/30_loops/io_poll/wheel_readwrite.t ............... ok
t/30_loops/io_poll/wheel_run.t ..................... 1/103 setsid() failed, strange behavior may result: Operation not permitted
setsid() failed, strange behavior may result: Operation not permitted
setsid() failed, strange behavior may result: Operation not permitted
setsid() failed, strange behavior may result: Operation not permitted
t/30_loops/io_poll/wheel_run.t ..................... ok
t/30_loops/io_poll/wheel_run_size.t ................ skipped: This test requires Term::Size
t/30_loops/io_poll/wheel_sf_ipv6.t ................. skipped: Socket::GetAddrInfo is needed for IPv6 tests
t/30_loops/io_poll/wheel_sf_tcp.t .................. skipped: Network access (and permission) required to run this test
t/30_loops/io_poll/wheel_sf_udp.t .................. skipped: Network access (and permission) required to run this test
t/30_loops/io_poll/wheel_sf_unix.t ................. skipped: Network access (and permission) required to run this test
t/30_loops/io_poll/wheel_tail.t .................... ok
t/30_loops/io_poll/z_kogman_sig_order.t ............ ok
t/30_loops/io_poll/z_leolo_wheel_run.t ............. setsid() failed, strange behavior may result: Operation not permitted
setsid() failed, strange behavior may result: Operation not permitted
t/30_loops/io_poll/z_leolo_wheel_run.t ............. ok
t/30_loops/io_poll/z_merijn_sigchld_system.t ....... ok
t/30_loops/io_poll/z_rt39872_sigchld.t ............. ok
t/30_loops/io_poll/z_rt39872_sigchld_stop.t ........ # Parent 663 waiting 3sec for slow systems to settle.
# sending sigusr1
# sent sigusr1
t/30_loops/io_poll/z_rt39872_sigchld_stop.t ........ ok
t/30_loops/io_poll/z_rt53302_fh_watchers.t ......... skipped: Network access (and permission) required to run this test
t/30_loops/io_poll/z_rt54319_bazerka_followtail.t .. ok
t/30_loops/io_poll/z_steinert_signal_integrity.t ... ok
t/30_loops/select/00_info.t ........................ 1/2 # Testing POE 1.368, POE::Test::Loops 1.360, Using Loop(POE::Loop::Select), Perl 5.032000, /nix/store/7c044di03qa7qgr5kjjc2d787aspzp0m-perl-5.32.0/bin/perl on linux
t/30_loops/select/00_info.t ........................ ok
t/30_loops/select/all_errors.t ..................... skipped: most of these should move into other test files
t/30_loops/select/comp_tcp.t ....................... skipped: Network access (and permission) required to run this test
t/30_loops/select/comp_tcp_concurrent.t ............ skipped: Network access (and permission) required to run this test
t/30_loops/select/connect_errors.t ................. skipped: Network access (and permission) required to run this test
t/30_loops/select/k_alarms.t ....................... ok
t/30_loops/select/k_aliases.t ...................... ok
t/30_loops/select/k_detach.t ....................... ok
t/30_loops/select/k_run_returns.t .................. ok
t/30_loops/select/k_selects.t ...................... ok
t/30_loops/select/k_sig_child.t .................... ok
t/30_loops/select/k_signals.t ...................... ok
t/30_loops/select/k_signals_rerun.t ................ ok
t/30_loops/select/sbk_signal_init.t ................ ok
t/30_loops/select/ses_nfa.t ........................ ok
t/30_loops/select/ses_session.t .................... # This test generates some STDERR during trace testing.
t/30_loops/select/ses_session.t .................... 10/41 === 708 === 23 -> _start (from /build/POE-1.368/blib/lib/POE/Kernel.pm at 1498)
=== 708 === 23 -> woot (from /nix/store/zqhpfn5ggfjzgf5g0c0p7cxw7ar6fdh8-perl5.32.0-POE-Test-Loops-1.360/lib/perl5/site_perl/5.32.0/POE/Test/Loops/ses_session.pm at 691)
=== 708 === 23 -> narf (from /nix/store/zqhpfn5ggfjzgf5g0c0p7cxw7ar6fdh8-perl5.32.0-POE-Test-Loops-1.360/lib/perl5/site_perl/5.32.0/POE/Test/Loops/ses_session.pm at 692)
t/30_loops/select/ses_session.t .................... 39/41 === 708 === 23 -> _stop (from /build/POE-1.368/blib/lib/POE/Resource/Sessions.pm at 571)
t/30_loops/select/ses_session.t .................... ok
t/30_loops/select/wheel_accept.t ................... skipped: Network access (and permission) required to run this test
t/30_loops/select/wheel_curses.t ................... skipped: Curses not available
t/30_loops/select/wheel_readline.t ................. skipped: not running in a terminal
t/30_loops/select/wheel_readwrite.t ................ ok
t/30_loops/select/wheel_run.t ...................... 1/103 setsid() failed, strange behavior may result: Operation not permitted
setsid() failed, strange behavior may result: Operation not permitted
setsid() failed, strange behavior may result: Operation not permitted
setsid() failed, strange behavior may result: Operation not permitted
t/30_loops/select/wheel_run.t ...................... ok
t/30_loops/select/wheel_run_size.t ................. skipped: This test requires Term::Size
t/30_loops/select/wheel_sf_ipv6.t .................. skipped: Socket::GetAddrInfo is needed for IPv6 tests
t/30_loops/select/wheel_sf_tcp.t ................... skipped: Network access (and permission) required to run this test
t/30_loops/select/wheel_sf_udp.t ................... skipped: Network access (and permission) required to run this test
t/30_loops/select/wheel_sf_unix.t .................. skipped: Network access (and permission) required to run this test
t/30_loops/select/wheel_tail.t ..................... ok
t/30_loops/select/z_kogman_sig_order.t ............. ok
t/30_loops/select/z_leolo_wheel_run.t .............. setsid() failed, strange behavior may result: Operation not permitted
setsid() failed, strange behavior may result: Operation not permitted
t/30_loops/select/z_leolo_wheel_run.t .............. ok
t/30_loops/select/z_merijn_sigchld_system.t ........ ok
t/30_loops/select/z_rt39872_sigchld.t .............. ok
t/30_loops/select/z_rt39872_sigchld_stop.t ......... # Parent 744 waiting 3sec for slow systems to settle.
# sending sigusr1
# sent sigusr1
t/30_loops/select/z_rt39872_sigchld_stop.t ......... ok
t/30_loops/select/z_rt53302_fh_watchers.t .......... skipped: Network access (and permission) required to run this test
t/30_loops/select/z_rt54319_bazerka_followtail.t ... ok
t/30_loops/select/z_steinert_signal_integrity.t .... ok
t/90_regression/agaran-filter-httpd.t .............. skipped: - HTTP::Request needed to test POE::Filter::HTTPD
t/90_regression/averell-callback-ret.t ............. ok
t/90_regression/bingos-followtail.t ................ ok
t/90_regression/broeren-win32-nbio.t ............... skipped: This test examines ActiveState Perl behavior.
t/90_regression/cfedde-filter-httpd.t .............. skipped: - Network access (and permission) required to run this test
t/90_regression/ferrari-server-unix.t .............. skipped: Network access (and permission) required to run this test
t/90_regression/grinnz-die-in-die.t ................ ok
t/90_regression/hinrik-wheel-run-die.t ............. Died at t/90_regression/hinrik-wheel-run-die.t line 21.
t/90_regression/hinrik-wheel-run-die.t ............. ok
t/90_regression/kjeldahl-stop-start-polling.t ...... # This test can take up to 10 seconds
t/90_regression/kjeldahl-stop-start-polling.t ...... ok
t/90_regression/kjeldahl-stop-start-sig-nopipe.t ... # This test can take up to 10 seconds
t/90_regression/kjeldahl-stop-start-sig-nopipe.t ... ok
t/90_regression/kjeldahl-stop-start-sig-pipe.t ..... # This test can take up to 10 seconds
t/90_regression/kjeldahl-stop-start-sig-pipe.t ..... ok
t/90_regression/leolo-sig-die.t .................... ok
t/90_regression/meh-startstop-return.t ............. ok
t/90_regression/neyuki_detach.t .................... ok
t/90_regression/pipe-followtail.t .................. ok
t/90_regression/prumike-win32-stat.t ............... skipped: This test examines Strawberry/ActiveState Perl behavior.
t/90_regression/rt14444-arg1.t ..................... ok
t/90_regression/rt1648-tied-stderr.t ............... ok
t/90_regression/rt19908-merlyn-stop.t .............. ok
t/90_regression/rt23181-sigchld-rc.t ............... ok
t/90_regression/rt47966-sigchld.t .................. # This test can take up to about 20 seconds
t/90_regression/rt47966-sigchld.t .................. ok
t/90_regression/rt56417-wheel-run.t ................ ok
t/90_regression/rt65460-forking.t .................. ok
t/90_regression/socketfactory-timeout.t ............ ok
t/90_regression/somni-poco-server-tcp.t ............ skipped: Network access (and permission) required to run this test
t/90_regression/steinert-passed-wheel.t ............ ok
t/90_regression/suzman_windows.t ................... ok
t/90_regression/ton-stop-corruption.t .............. ok
t/90_regression/tracing-sane-exit.t ................ ok
t/90_regression/whelan-dieprop.t ................... ok
t/90_regression/whjackson-followtail.t ............. ok
All tests successful.
Files=161, Tests=3767, 93 wallclock secs ( 0.60 usr  0.13 sys + 16.25 cusr  3.29 csys = 20.27 CPU)
Result: PASS
installing
install flags: SHELL=/nix/store/9fqwwd4iybmhjqyxiaxycknslw6bgwh1-bash-4.4-p23/bin/bash pkgconfigdir=/nix/store/9npxzc343gb2myqya94ha227q56qkyax-perl5.32.0-POE-1.368/lib/pkgconfig m4datadir=/nix/store/9npxzc343gb2myqya94ha227q56qkyax-perl5.32.0-POE-1.368/share/aclocal aclocaldir=/nix/store/9npxzc343gb2myqya94ha227q56qkyax-perl5.32.0-POE-1.368/share/aclocal install
"/nix/store/7c044di03qa7qgr5kjjc2d787aspzp0m-perl-5.32.0/bin/perl" mylib/gen-tests.perl lib/POE.pm
Manifying 38 pod documents
Manifying 9 pod documents
Installing /nix/store/9npxzc343gb2myqya94ha227q56qkyax-perl5.32.0-POE-1.368/lib/perl5/site_perl/5.32.0/POE.pm
Installing /nix/store/9npxzc343gb2myqya94ha227q56qkyax-perl5.32.0-POE-1.368/lib/perl5/site_perl/5.32.0/POE/Resource.pm
Installing /nix/store/9npxzc343gb2myqya94ha227q56qkyax-perl5.32.0-POE-1.368/lib/perl5/site_perl/5.32.0/POE/Component.pm
Installing /nix/store/9npxzc343gb2myqya94ha227q56qkyax-perl5.32.0-POE-1.368/lib/perl5/site_perl/5.32.0/POE/Pipe.pm
Installing /nix/store/9npxzc343gb2myqya94ha227q56qkyax-perl5.32.0-POE-1.368/lib/perl5/site_perl/5.32.0/POE/Wheel.pm
Installing /nix/store/9npxzc343gb2myqya94ha227q56qkyax-perl5.32.0-POE-1.368/lib/perl5/site_perl/5.32.0/POE/Loop.pm
Installing /nix/store/9npxzc343gb2myqya94ha227q56qkyax-perl5.32.0-POE-1.368/lib/perl5/site_perl/5.32.0/POE/Session.pm
Installing /nix/store/9npxzc343gb2myqya94ha227q56qkyax-perl5.32.0-POE-1.368/lib/perl5/site_perl/5.32.0/POE/Queue.pm
Installing /nix/store/9npxzc343gb2myqya94ha227q56qkyax-perl5.32.0-POE-1.368/lib/perl5/site_perl/5.32.0/POE/Filter.pm
Installing /nix/store/9npxzc343gb2myqya94ha227q56qkyax-perl5.32.0-POE-1.368/lib/perl5/site_perl/5.32.0/POE/NFA.pm
Installing /nix/store/9npxzc343gb2myqya94ha227q56qkyax-perl5.32.0-POE-1.368/lib/perl5/site_perl/5.32.0/POE/Kernel.pm
Installing /nix/store/9npxzc343gb2myqya94ha227q56qkyax-perl5.32.0-POE-1.368/lib/perl5/site_perl/5.32.0/POE/Resources.pm
Installing /nix/store/9npxzc343gb2myqya94ha227q56qkyax-perl5.32.0-POE-1.368/lib/perl5/site_perl/5.32.0/POE/Driver.pm
Installing /nix/store/9npxzc343gb2myqya94ha227q56qkyax-perl5.32.0-POE-1.368/lib/perl5/site_perl/5.32.0/POE/Loop/PerlSignals.pm
Installing /nix/store/9npxzc343gb2myqya94ha227q56qkyax-perl5.32.0-POE-1.368/lib/perl5/site_perl/5.32.0/POE/Loop/IO_Poll.pm
Installing /nix/store/9npxzc343gb2myqya94ha227q56qkyax-perl5.32.0-POE-1.368/lib/perl5/site_perl/5.32.0/POE/Loop/Select.pm
Installing /nix/store/9npxzc343gb2myqya94ha227q56qkyax-perl5.32.0-POE-1.368/lib/perl5/site_perl/5.32.0/POE/Pipe/TwoWay.pm
Installing /nix/store/9npxzc343gb2myqya94ha227q56qkyax-perl5.32.0-POE-1.368/lib/perl5/site_perl/5.32.0/POE/Pipe/OneWay.pm
Installing /nix/store/9npxzc343gb2myqya94ha227q56qkyax-perl5.32.0-POE-1.368/lib/perl5/site_perl/5.32.0/POE/Test/Sequence.pm
Installing /nix/store/9npxzc343gb2myqya94ha227q56qkyax-perl5.32.0-POE-1.368/lib/perl5/site_perl/5.32.0/POE/Resource/Signals.pm
Installing /nix/store/9npxzc343gb2myqya94ha227q56qkyax-perl5.32.0-POE-1.368/lib/perl5/site_perl/5.32.0/POE/Resource/Aliases.pm
Installing /nix/store/9npxzc343gb2myqya94ha227q56qkyax-perl5.32.0-POE-1.368/lib/perl5/site_perl/5.32.0/POE/Resource/FileHandles.pm
Installing /nix/store/9npxzc343gb2myqya94ha227q56qkyax-perl5.32.0-POE-1.368/lib/perl5/site_perl/5.32.0/POE/Resource/Extrefs.pm
Installing /nix/store/9npxzc343gb2myqya94ha227q56qkyax-perl5.32.0-POE-1.368/lib/perl5/site_perl/5.32.0/POE/Resource/SIDs.pm
Installing /nix/store/9npxzc343gb2myqya94ha227q56qkyax-perl5.32.0-POE-1.368/lib/perl5/site_perl/5.32.0/POE/Resource/Events.pm
Installing /nix/store/9npxzc343gb2myqya94ha227q56qkyax-perl5.32.0-POE-1.368/lib/perl5/site_perl/5.32.0/POE/Resource/Clock.pm
Installing /nix/store/9npxzc343gb2myqya94ha227q56qkyax-perl5.32.0-POE-1.368/lib/perl5/site_perl/5.32.0/POE/Resource/Sessions.pm
Installing /nix/store/9npxzc343gb2myqya94ha227q56qkyax-perl5.32.0-POE-1.368/lib/perl5/site_perl/5.32.0/POE/Queue/Array.pm
Installing /nix/store/9npxzc343gb2myqya94ha227q56qkyax-perl5.32.0-POE-1.368/lib/perl5/site_perl/5.32.0/POE/Wheel/Run.pm
Installing /nix/store/9npxzc343gb2myqya94ha227q56qkyax-perl5.32.0-POE-1.368/lib/perl5/site_perl/5.32.0/POE/Wheel/SocketFactory.pm
Installing /nix/store/9npxzc343gb2myqya94ha227q56qkyax-perl5.32.0-POE-1.368/lib/perl5/site_perl/5.32.0/POE/Wheel/FollowTail.pm
Installing /nix/store/9npxzc343gb2myqya94ha227q56qkyax-perl5.32.0-POE-1.368/lib/perl5/site_perl/5.32.0/POE/Wheel/ReadLine.pm
Installing /nix/store/9npxzc343gb2myqya94ha227q56qkyax-perl5.32.0-POE-1.368/lib/perl5/site_perl/5.32.0/POE/Wheel/ListenAccept.pm
Installing /nix/store/9npxzc343gb2myqya94ha227q56qkyax-perl5.32.0-POE-1.368/lib/perl5/site_perl/5.32.0/POE/Wheel/Curses.pm
Installing /nix/store/9npxzc343gb2myqya94ha227q56qkyax-perl5.32.0-POE-1.368/lib/perl5/site_perl/5.32.0/POE/Wheel/ReadWrite.pm
Installing /nix/store/9npxzc343gb2myqya94ha227q56qkyax-perl5.32.0-POE-1.368/lib/perl5/site_perl/5.32.0/POE/Driver/SysRW.pm
Installing /nix/store/9npxzc343gb2myqya94ha227q56qkyax-perl5.32.0-POE-1.368/lib/perl5/site_perl/5.32.0/POE/Filter/Reference.pm
Installing /nix/store/9npxzc343gb2myqya94ha227q56qkyax-perl5.32.0-POE-1.368/lib/perl5/site_perl/5.32.0/POE/Filter/Grep.pm
Installing /nix/store/9npxzc343gb2myqya94ha227q56qkyax-perl5.32.0-POE-1.368/lib/perl5/site_perl/5.32.0/POE/Filter/HTTPD.pm
Installing /nix/store/9npxzc343gb2myqya94ha227q56qkyax-perl5.32.0-POE-1.368/lib/perl5/site_perl/5.32.0/POE/Filter/Map.pm
Installing /nix/store/9npxzc343gb2myqya94ha227q56qkyax-perl5.32.0-POE-1.368/lib/perl5/site_perl/5.32.0/POE/Filter/Line.pm
Installing /nix/store/9npxzc343gb2myqya94ha227q56qkyax-perl5.32.0-POE-1.368/lib/perl5/site_perl/5.32.0/POE/Filter/Stackable.pm
Installing /nix/store/9npxzc343gb2myqya94ha227q56qkyax-perl5.32.0-POE-1.368/lib/perl5/site_perl/5.32.0/POE/Filter/Block.pm
Installing /nix/store/9npxzc343gb2myqya94ha227q56qkyax-perl5.32.0-POE-1.368/lib/perl5/site_perl/5.32.0/POE/Filter/RecordBlock.pm
Installing /nix/store/9npxzc343gb2myqya94ha227q56qkyax-perl5.32.0-POE-1.368/lib/perl5/site_perl/5.32.0/POE/Filter/Stream.pm
Installing /nix/store/9npxzc343gb2myqya94ha227q56qkyax-perl5.32.0-POE-1.368/lib/perl5/site_perl/5.32.0/POE/Component/Server/TCP.pm
Installing /nix/store/9npxzc343gb2myqya94ha227q56qkyax-perl5.32.0-POE-1.368/lib/perl5/site_perl/5.32.0/POE/Component/Client/TCP.pm
Installing /nix/store/9npxzc343gb2myqya94ha227q56qkyax-perl5.32.0-POE-1.368/share/man/man3/POE::NFA.3
Installing /nix/store/9npxzc343gb2myqya94ha227q56qkyax-perl5.32.0-POE-1.368/share/man/man3/POE::Resource.3
Installing /nix/store/9npxzc343gb2myqya94ha227q56qkyax-perl5.32.0-POE-1.368/share/man/man3/POE::Resource::Events.3
Installing /nix/store/9npxzc343gb2myqya94ha227q56qkyax-perl5.32.0-POE-1.368/share/man/man3/POE::Filter.3
Installing /nix/store/9npxzc343gb2myqya94ha227q56qkyax-perl5.32.0-POE-1.368/share/man/man3/POE::Resource::Aliases.3
Installing /nix/store/9npxzc343gb2myqya94ha227q56qkyax-perl5.32.0-POE-1.368/share/man/man3/POE::Driver::SysRW.3
Installing /nix/store/9npxzc343gb2myqya94ha227q56qkyax-perl5.32.0-POE-1.368/share/man/man3/POE::Kernel.3
Installing /nix/store/9npxzc343gb2myqya94ha227q56qkyax-perl5.32.0-POE-1.368/share/man/man3/POE::Component::Server::TCP.3
Installing /nix/store/9npxzc343gb2myqya94ha227q56qkyax-perl5.32.0-POE-1.368/share/man/man3/POE::Filter::HTTPD.3
Installing /nix/store/9npxzc343gb2myqya94ha227q56qkyax-perl5.32.0-POE-1.368/share/man/man3/POE::Wheel::Curses.3
Installing /nix/store/9npxzc343gb2myqya94ha227q56qkyax-perl5.32.0-POE-1.368/share/man/man3/POE::Filter::Line.3
Installing /nix/store/9npxzc343gb2myqya94ha227q56qkyax-perl5.32.0-POE-1.368/share/man/man3/POE::Filter::Stream.3
Installing /nix/store/9npxzc343gb2myqya94ha227q56qkyax-perl5.32.0-POE-1.368/share/man/man3/POE::Queue::Array.3
Installing /nix/store/9npxzc343gb2myqya94ha227q56qkyax-perl5.32.0-POE-1.368/share/man/man3/POE::Filter::Grep.3
Installing /nix/store/9npxzc343gb2myqya94ha227q56qkyax-perl5.32.0-POE-1.368/share/man/man3/POE::Resource::Clock.3
Installing /nix/store/9npxzc343gb2myqya94ha227q56qkyax-perl5.32.0-POE-1.368/share/man/man3/POE::Component::Client::TCP.3
Installing /nix/store/9npxzc343gb2myqya94ha227q56qkyax-perl5.32.0-POE-1.368/share/man/man3/POE::Filter::Stackable.3
Installing /nix/store/9npxzc343gb2myqya94ha227q56qkyax-perl5.32.0-POE-1.368/share/man/man3/POE::Pipe::TwoWay.3
Installing /nix/store/9npxzc343gb2myqya94ha227q56qkyax-perl5.32.0-POE-1.368/share/man/man3/POE::Driver.3
Installing /nix/store/9npxzc343gb2myqya94ha227q56qkyax-perl5.32.0-POE-1.368/share/man/man3/POE::Loop.3
Installing /nix/store/9npxzc343gb2myqya94ha227q56qkyax-perl5.32.0-POE-1.368/share/man/man3/POE.3
Installing /nix/store/9npxzc343gb2myqya94ha227q56qkyax-perl5.32.0-POE-1.368/share/man/man3/POE::Wheel::Run.3
Installing /nix/store/9npxzc343gb2myqya94ha227q56qkyax-perl5.32.0-POE-1.368/share/man/man3/POE::Resource::Sessions.3
Installing /nix/store/9npxzc343gb2myqya94ha227q56qkyax-perl5.32.0-POE-1.368/share/man/man3/POE::Pipe::OneWay.3
Installing /nix/store/9npxzc343gb2myqya94ha227q56qkyax-perl5.32.0-POE-1.368/share/man/man3/POE::Test::Sequence.3
Installing /nix/store/9npxzc343gb2myqya94ha227q56qkyax-perl5.32.0-POE-1.368/share/man/man3/POE::Loop::Select.3
Installing /nix/store/9npxzc343gb2myqya94ha227q56qkyax-perl5.32.0-POE-1.368/share/man/man3/POE::Filter::Map.3
Installing /nix/store/9npxzc343gb2myqya94ha227q56qkyax-perl5.32.0-POE-1.368/share/man/man3/POE::Resources.3
Installing /nix/store/9npxzc343gb2myqya94ha227q56qkyax-perl5.32.0-POE-1.368/share/man/man3/POE::Pipe.3
Installing /nix/store/9npxzc343gb2myqya94ha227q56qkyax-perl5.32.0-POE-1.368/share/man/man3/POE::Filter::Reference.3
Installing /nix/store/9npxzc343gb2myqya94ha227q56qkyax-perl5.32.0-POE-1.368/share/man/man3/POE::Queue.3
Installing /nix/store/9npxzc343gb2myqya94ha227q56qkyax-perl5.32.0-POE-1.368/share/man/man3/POE::Resource::SIDs.3
Installing /nix/store/9npxzc343gb2myqya94ha227q56qkyax-perl5.32.0-POE-1.368/share/man/man3/POE::Resource::Extrefs.3
Installing /nix/store/9npxzc343gb2myqya94ha227q56qkyax-perl5.32.0-POE-1.368/share/man/man3/POE::Loop::IO_Poll.3
Installing /nix/store/9npxzc343gb2myqya94ha227q56qkyax-perl5.32.0-POE-1.368/share/man/man3/POE::Resource::Signals.3
Installing /nix/store/9npxzc343gb2myqya94ha227q56qkyax-perl5.32.0-POE-1.368/share/man/man3/POE::Component.3
Installing /nix/store/9npxzc343gb2myqya94ha227q56qkyax-perl5.32.0-POE-1.368/share/man/man3/POE::Session.3
Installing /nix/store/9npxzc343gb2myqya94ha227q56qkyax-perl5.32.0-POE-1.368/share/man/man3/POE::Loop::PerlSignals.3
Installing /nix/store/9npxzc343gb2myqya94ha227q56qkyax-perl5.32.0-POE-1.368/share/man/man3/POE::Wheel::ReadWrite.3
Installing /nix/store/9npxzc343gb2myqya94ha227q56qkyax-perl5.32.0-POE-1.368/share/man/man3/POE::Filter::Block.3
Installing /nix/store/9npxzc343gb2myqya94ha227q56qkyax-perl5.32.0-POE-1.368/share/man/man3/POE::Filter::RecordBlock.3
Installing /nix/store/9npxzc343gb2myqya94ha227q56qkyax-perl5.32.0-POE-1.368/share/man/man3/POE::Wheel::FollowTail.3
Installing /nix/store/9npxzc343gb2myqya94ha227q56qkyax-perl5.32.0-POE-1.368/share/man/man3/POE::Wheel::ReadLine.3
Installing /nix/store/9npxzc343gb2myqya94ha227q56qkyax-perl5.32.0-POE-1.368/share/man/man3/POE::Resource::FileHandles.3
Installing /nix/store/9npxzc343gb2myqya94ha227q56qkyax-perl5.32.0-POE-1.368/share/man/man3/POE::Wheel.3
Installing /nix/store/9npxzc343gb2myqya94ha227q56qkyax-perl5.32.0-POE-1.368/share/man/man3/POE::Wheel::SocketFactory.3
Installing /nix/store/9npxzc343gb2myqya94ha227q56qkyax-perl5.32.0-POE-1.368/share/man/man3/POE::Wheel::ListenAccept.3
Appending installation info to /nix/store/9npxzc343gb2myqya94ha227q56qkyax-perl5.32.0-POE-1.368/lib/perl5/5.32.0/x86_64-linux-thread-multi/perllocal.pod
post-installation fixup
Moving /nix/store/9npxzc343gb2myqya94ha227q56qkyax-perl5.32.0-POE-1.368/share/man/man3 to /nix/store/1jyjrnjf6jd62y4axwr581sb8m2q77xk-perl5.32.0-POE-1.368-devdoc/share/man/man3
Removing empty /nix/store/9npxzc343gb2myqya94ha227q56qkyax-perl5.32.0-POE-1.368/share/man/ and (possibly) its parents
shrinking RPATHs of ELF executables and libraries in /nix/store/9npxzc343gb2myqya94ha227q56qkyax-perl5.32.0-POE-1.368
strip is /nix/store/psyzbhp4p088sb9qcs378hfbslcalasl-binutils-2.31.1/bin/strip
stripping (with command strip and flags -S) in /nix/store/9npxzc343gb2myqya94ha227q56qkyax-perl5.32.0-POE-1.368/lib
patching script interpreter paths in /nix/store/9npxzc343gb2myqya94ha227q56qkyax-perl5.32.0-POE-1.368
checking for references to /build/ in /nix/store/9npxzc343gb2myqya94ha227q56qkyax-perl5.32.0-POE-1.368...
shrinking RPATHs of ELF executables and libraries in /nix/store/1jyjrnjf6jd62y4axwr581sb8m2q77xk-perl5.32.0-POE-1.368-devdoc
gzipping man pages under /nix/store/1jyjrnjf6jd62y4axwr581sb8m2q77xk-perl5.32.0-POE-1.368-devdoc/share/man/
strip is /nix/store/psyzbhp4p088sb9qcs378hfbslcalasl-binutils-2.31.1/bin/strip
patching script interpreter paths in /nix/store/1jyjrnjf6jd62y4axwr581sb8m2q77xk-perl5.32.0-POE-1.368-devdoc
checking for references to /build/ in /nix/store/1jyjrnjf6jd62y4axwr581sb8m2q77xk-perl5.32.0-POE-1.368-devdoc...
/nix/store/9npxzc343gb2myqya94ha227q56qkyax-perl5.32.0-POE-1.368
