these derivations will be built:
  /nix/store/4b9bycr1f7xhi3bad2dmz5w9kk8h60jd-perl5.32.0-PPIx-Regexp-0.072.drv
building '/nix/store/4b9bycr1f7xhi3bad2dmz5w9kk8h60jd-perl5.32.0-PPIx-Regexp-0.072.drv'...
unpacking sources
unpacking source archive /nix/store/dpf62ihy8wrs3q6y0qhic81vz9jihx9l-PPIx-Regexp-0.072.tar.gz
source root is PPIx-Regexp-0.072
setting SOURCE_DATE_EPOCH to timestamp 1589979813 of file PPIx-Regexp-0.072/xt/author/unit_left_curly.t
patching sources
configuring
patching ./eg/preslurp...
patching ./eg/interpolated...
patching ./eg/find-variable-length-lookarounds...
patching ./eg/predump...
patching ./eg/prenav...
patching ./eg/preaccepts...
Checking if your kit is complete...
Looks good
Generating a Unix-style Makefile
Writing Makefile for PPIx::Regexp
Writing MYMETA.yml and MYMETA.json
no configure script, doing nothing
building
Created MYMETA.yml and MYMETA.json
Creating new 'Build' script for 'PPIx-Regexp' version '0.072'
Building PPIx-Regexp
running tests
t/basic.t ....... ok
t/fuzz.t ........ ok
t/locations.t ... ok
t/parse.t ....... ok
t/unit-adhoc.t .. ok
t/unit.t ........ ok
t/version.t ..... ok
t/xplain.t ...... ok
All tests successful.
Files=8, Tests=10368, 13 wallclock secs ( 0.99 usr  0.10 sys + 11.07 cusr  0.25 csys = 12.41 CPU)
Result: PASS
installing
Building PPIx-Regexp
Installing /nix/store/xz4w7av0bn8p0043w4dr4kr567hndcc2-perl5.32.0-PPIx-Regexp-0.072/lib/perl5/site_perl/5.32.0/PPIx/Regexp.pm
Installing /nix/store/xz4w7av0bn8p0043w4dr4kr567hndcc2-perl5.32.0-PPIx-Regexp-0.072/lib/perl5/site_perl/5.32.0/PPIx/Regexp/Lexer.pm
Installing /nix/store/xz4w7av0bn8p0043w4dr4kr567hndcc2-perl5.32.0-PPIx-Regexp-0.072/lib/perl5/site_perl/5.32.0/PPIx/Regexp/Element.pm
Installing /nix/store/xz4w7av0bn8p0043w4dr4kr567hndcc2-perl5.32.0-PPIx-Regexp-0.072/lib/perl5/site_perl/5.32.0/PPIx/Regexp/Token.pm
Installing /nix/store/xz4w7av0bn8p0043w4dr4kr567hndcc2-perl5.32.0-PPIx-Regexp-0.072/lib/perl5/site_perl/5.32.0/PPIx/Regexp/Tokenizer.pm
Installing /nix/store/xz4w7av0bn8p0043w4dr4kr567hndcc2-perl5.32.0-PPIx-Regexp-0.072/lib/perl5/site_perl/5.32.0/PPIx/Regexp/Dumper.pm
Installing /nix/store/xz4w7av0bn8p0043w4dr4kr567hndcc2-perl5.32.0-PPIx-Regexp-0.072/lib/perl5/site_perl/5.32.0/PPIx/Regexp/Util.pm
Installing /nix/store/xz4w7av0bn8p0043w4dr4kr567hndcc2-perl5.32.0-PPIx-Regexp-0.072/lib/perl5/site_perl/5.32.0/PPIx/Regexp/Constant.pm
Installing /nix/store/xz4w7av0bn8p0043w4dr4kr567hndcc2-perl5.32.0-PPIx-Regexp-0.072/lib/perl5/site_perl/5.32.0/PPIx/Regexp/Structure.pm
Installing /nix/store/xz4w7av0bn8p0043w4dr4kr567hndcc2-perl5.32.0-PPIx-Regexp-0.072/lib/perl5/site_perl/5.32.0/PPIx/Regexp/Support.pm
Installing /nix/store/xz4w7av0bn8p0043w4dr4kr567hndcc2-perl5.32.0-PPIx-Regexp-0.072/lib/perl5/site_perl/5.32.0/PPIx/Regexp/StringTokenizer.pm
Installing /nix/store/xz4w7av0bn8p0043w4dr4kr567hndcc2-perl5.32.0-PPIx-Regexp-0.072/lib/perl5/site_perl/5.32.0/PPIx/Regexp/Node.pm
Installing /nix/store/xz4w7av0bn8p0043w4dr4kr567hndcc2-perl5.32.0-PPIx-Regexp-0.072/lib/perl5/site_perl/5.32.0/PPIx/Regexp/Structure/Atomic_Script_Run.pm
Installing /nix/store/xz4w7av0bn8p0043w4dr4kr567hndcc2-perl5.32.0-PPIx-Regexp-0.072/lib/perl5/site_perl/5.32.0/PPIx/Regexp/Structure/Main.pm
Installing /nix/store/xz4w7av0bn8p0043w4dr4kr567hndcc2-perl5.32.0-PPIx-Regexp-0.072/lib/perl5/site_perl/5.32.0/PPIx/Regexp/Structure/NamedCapture.pm
Installing /nix/store/xz4w7av0bn8p0043w4dr4kr567hndcc2-perl5.32.0-PPIx-Regexp-0.072/lib/perl5/site_perl/5.32.0/PPIx/Regexp/Structure/RegexSet.pm
Installing /nix/store/xz4w7av0bn8p0043w4dr4kr567hndcc2-perl5.32.0-PPIx-Regexp-0.072/lib/perl5/site_perl/5.32.0/PPIx/Regexp/Structure/Unknown.pm
Installing /nix/store/xz4w7av0bn8p0043w4dr4kr567hndcc2-perl5.32.0-PPIx-Regexp-0.072/lib/perl5/site_perl/5.32.0/PPIx/Regexp/Structure/Regexp.pm
Installing /nix/store/xz4w7av0bn8p0043w4dr4kr567hndcc2-perl5.32.0-PPIx-Regexp-0.072/lib/perl5/site_perl/5.32.0/PPIx/Regexp/Structure/Capture.pm
Installing /nix/store/xz4w7av0bn8p0043w4dr4kr567hndcc2-perl5.32.0-PPIx-Regexp-0.072/lib/perl5/site_perl/5.32.0/PPIx/Regexp/Structure/Quantifier.pm
Installing /nix/store/xz4w7av0bn8p0043w4dr4kr567hndcc2-perl5.32.0-PPIx-Regexp-0.072/lib/perl5/site_perl/5.32.0/PPIx/Regexp/Structure/Assertion.pm
Installing /nix/store/xz4w7av0bn8p0043w4dr4kr567hndcc2-perl5.32.0-PPIx-Regexp-0.072/lib/perl5/site_perl/5.32.0/PPIx/Regexp/Structure/Subexpression.pm
Installing /nix/store/xz4w7av0bn8p0043w4dr4kr567hndcc2-perl5.32.0-PPIx-Regexp-0.072/lib/perl5/site_perl/5.32.0/PPIx/Regexp/Structure/CharClass.pm
Installing /nix/store/xz4w7av0bn8p0043w4dr4kr567hndcc2-perl5.32.0-PPIx-Regexp-0.072/lib/perl5/site_perl/5.32.0/PPIx/Regexp/Structure/Script_Run.pm
Installing /nix/store/xz4w7av0bn8p0043w4dr4kr567hndcc2-perl5.32.0-PPIx-Regexp-0.072/lib/perl5/site_perl/5.32.0/PPIx/Regexp/Structure/Replacement.pm
Installing /nix/store/xz4w7av0bn8p0043w4dr4kr567hndcc2-perl5.32.0-PPIx-Regexp-0.072/lib/perl5/site_perl/5.32.0/PPIx/Regexp/Structure/Modifier.pm
Installing /nix/store/xz4w7av0bn8p0043w4dr4kr567hndcc2-perl5.32.0-PPIx-Regexp-0.072/lib/perl5/site_perl/5.32.0/PPIx/Regexp/Structure/Code.pm
Installing /nix/store/xz4w7av0bn8p0043w4dr4kr567hndcc2-perl5.32.0-PPIx-Regexp-0.072/lib/perl5/site_perl/5.32.0/PPIx/Regexp/Structure/BranchReset.pm
Installing /nix/store/xz4w7av0bn8p0043w4dr4kr567hndcc2-perl5.32.0-PPIx-Regexp-0.072/lib/perl5/site_perl/5.32.0/PPIx/Regexp/Structure/Switch.pm
Installing /nix/store/xz4w7av0bn8p0043w4dr4kr567hndcc2-perl5.32.0-PPIx-Regexp-0.072/lib/perl5/site_perl/5.32.0/PPIx/Regexp/Node/Unknown.pm
Installing /nix/store/xz4w7av0bn8p0043w4dr4kr567hndcc2-perl5.32.0-PPIx-Regexp-0.072/lib/perl5/site_perl/5.32.0/PPIx/Regexp/Node/Range.pm
Installing /nix/store/xz4w7av0bn8p0043w4dr4kr567hndcc2-perl5.32.0-PPIx-Regexp-0.072/lib/perl5/site_perl/5.32.0/PPIx/Regexp/Token/Reference.pm
Installing /nix/store/xz4w7av0bn8p0043w4dr4kr567hndcc2-perl5.32.0-PPIx-Regexp-0.072/lib/perl5/site_perl/5.32.0/PPIx/Regexp/Token/Recursion.pm
Installing /nix/store/xz4w7av0bn8p0043w4dr4kr567hndcc2-perl5.32.0-PPIx-Regexp-0.072/lib/perl5/site_perl/5.32.0/PPIx/Regexp/Token/Backtrack.pm
Installing /nix/store/xz4w7av0bn8p0043w4dr4kr567hndcc2-perl5.32.0-PPIx-Regexp-0.072/lib/perl5/site_perl/5.32.0/PPIx/Regexp/Token/Literal.pm
Installing /nix/store/xz4w7av0bn8p0043w4dr4kr567hndcc2-perl5.32.0-PPIx-Regexp-0.072/lib/perl5/site_perl/5.32.0/PPIx/Regexp/Token/GroupType.pm
Installing /nix/store/xz4w7av0bn8p0043w4dr4kr567hndcc2-perl5.32.0-PPIx-Regexp-0.072/lib/perl5/site_perl/5.32.0/PPIx/Regexp/Token/Whitespace.pm
Installing /nix/store/xz4w7av0bn8p0043w4dr4kr567hndcc2-perl5.32.0-PPIx-Regexp-0.072/lib/perl5/site_perl/5.32.0/PPIx/Regexp/Token/NoOp.pm
Installing /nix/store/xz4w7av0bn8p0043w4dr4kr567hndcc2-perl5.32.0-PPIx-Regexp-0.072/lib/perl5/site_perl/5.32.0/PPIx/Regexp/Token/Unknown.pm
Installing /nix/store/xz4w7av0bn8p0043w4dr4kr567hndcc2-perl5.32.0-PPIx-Regexp-0.072/lib/perl5/site_perl/5.32.0/PPIx/Regexp/Token/Unmatched.pm
Installing /nix/store/xz4w7av0bn8p0043w4dr4kr567hndcc2-perl5.32.0-PPIx-Regexp-0.072/lib/perl5/site_perl/5.32.0/PPIx/Regexp/Token/Structure.pm
Installing /nix/store/xz4w7av0bn8p0043w4dr4kr567hndcc2-perl5.32.0-PPIx-Regexp-0.072/lib/perl5/site_perl/5.32.0/PPIx/Regexp/Token/Backreference.pm
Installing /nix/store/xz4w7av0bn8p0043w4dr4kr567hndcc2-perl5.32.0-PPIx-Regexp-0.072/lib/perl5/site_perl/5.32.0/PPIx/Regexp/Token/Quantifier.pm
Installing /nix/store/xz4w7av0bn8p0043w4dr4kr567hndcc2-perl5.32.0-PPIx-Regexp-0.072/lib/perl5/site_perl/5.32.0/PPIx/Regexp/Token/Operator.pm
Installing /nix/store/xz4w7av0bn8p0043w4dr4kr567hndcc2-perl5.32.0-PPIx-Regexp-0.072/lib/perl5/site_perl/5.32.0/PPIx/Regexp/Token/Assertion.pm
Installing /nix/store/xz4w7av0bn8p0043w4dr4kr567hndcc2-perl5.32.0-PPIx-Regexp-0.072/lib/perl5/site_perl/5.32.0/PPIx/Regexp/Token/CharClass.pm
Installing /nix/store/xz4w7av0bn8p0043w4dr4kr567hndcc2-perl5.32.0-PPIx-Regexp-0.072/lib/perl5/site_perl/5.32.0/PPIx/Regexp/Token/Condition.pm
Installing /nix/store/xz4w7av0bn8p0043w4dr4kr567hndcc2-perl5.32.0-PPIx-Regexp-0.072/lib/perl5/site_perl/5.32.0/PPIx/Regexp/Token/Control.pm
Installing /nix/store/xz4w7av0bn8p0043w4dr4kr567hndcc2-perl5.32.0-PPIx-Regexp-0.072/lib/perl5/site_perl/5.32.0/PPIx/Regexp/Token/Interpolation.pm
Installing /nix/store/xz4w7av0bn8p0043w4dr4kr567hndcc2-perl5.32.0-PPIx-Regexp-0.072/lib/perl5/site_perl/5.32.0/PPIx/Regexp/Token/Modifier.pm
Installing /nix/store/xz4w7av0bn8p0043w4dr4kr567hndcc2-perl5.32.0-PPIx-Regexp-0.072/lib/perl5/site_perl/5.32.0/PPIx/Regexp/Token/Comment.pm
Installing /nix/store/xz4w7av0bn8p0043w4dr4kr567hndcc2-perl5.32.0-PPIx-Regexp-0.072/lib/perl5/site_perl/5.32.0/PPIx/Regexp/Token/Code.pm
Installing /nix/store/xz4w7av0bn8p0043w4dr4kr567hndcc2-perl5.32.0-PPIx-Regexp-0.072/lib/perl5/site_perl/5.32.0/PPIx/Regexp/Token/Delimiter.pm
Installing /nix/store/xz4w7av0bn8p0043w4dr4kr567hndcc2-perl5.32.0-PPIx-Regexp-0.072/lib/perl5/site_perl/5.32.0/PPIx/Regexp/Token/Greediness.pm
Installing /nix/store/xz4w7av0bn8p0043w4dr4kr567hndcc2-perl5.32.0-PPIx-Regexp-0.072/lib/perl5/site_perl/5.32.0/PPIx/Regexp/Token/GroupType/Atomic_Script_Run.pm
Installing /nix/store/xz4w7av0bn8p0043w4dr4kr567hndcc2-perl5.32.0-PPIx-Regexp-0.072/lib/perl5/site_perl/5.32.0/PPIx/Regexp/Token/GroupType/NamedCapture.pm
Installing /nix/store/xz4w7av0bn8p0043w4dr4kr567hndcc2-perl5.32.0-PPIx-Regexp-0.072/lib/perl5/site_perl/5.32.0/PPIx/Regexp/Token/GroupType/Assertion.pm
Installing /nix/store/xz4w7av0bn8p0043w4dr4kr567hndcc2-perl5.32.0-PPIx-Regexp-0.072/lib/perl5/site_perl/5.32.0/PPIx/Regexp/Token/GroupType/Subexpression.pm
Installing /nix/store/xz4w7av0bn8p0043w4dr4kr567hndcc2-perl5.32.0-PPIx-Regexp-0.072/lib/perl5/site_perl/5.32.0/PPIx/Regexp/Token/GroupType/Script_Run.pm
Installing /nix/store/xz4w7av0bn8p0043w4dr4kr567hndcc2-perl5.32.0-PPIx-Regexp-0.072/lib/perl5/site_perl/5.32.0/PPIx/Regexp/Token/GroupType/Modifier.pm
Installing /nix/store/xz4w7av0bn8p0043w4dr4kr567hndcc2-perl5.32.0-PPIx-Regexp-0.072/lib/perl5/site_perl/5.32.0/PPIx/Regexp/Token/GroupType/Code.pm
Installing /nix/store/xz4w7av0bn8p0043w4dr4kr567hndcc2-perl5.32.0-PPIx-Regexp-0.072/lib/perl5/site_perl/5.32.0/PPIx/Regexp/Token/GroupType/BranchReset.pm
Installing /nix/store/xz4w7av0bn8p0043w4dr4kr567hndcc2-perl5.32.0-PPIx-Regexp-0.072/lib/perl5/site_perl/5.32.0/PPIx/Regexp/Token/GroupType/Switch.pm
Installing /nix/store/xz4w7av0bn8p0043w4dr4kr567hndcc2-perl5.32.0-PPIx-Regexp-0.072/lib/perl5/site_perl/5.32.0/PPIx/Regexp/Token/CharClass/POSIX.pm
Installing /nix/store/xz4w7av0bn8p0043w4dr4kr567hndcc2-perl5.32.0-PPIx-Regexp-0.072/lib/perl5/site_perl/5.32.0/PPIx/Regexp/Token/CharClass/Simple.pm
Installing /nix/store/xz4w7av0bn8p0043w4dr4kr567hndcc2-perl5.32.0-PPIx-Regexp-0.072/lib/perl5/site_perl/5.32.0/PPIx/Regexp/Token/CharClass/POSIX/Unknown.pm
Installing /nix/store/xz4w7av0bn8p0043w4dr4kr567hndcc2-perl5.32.0-PPIx-Regexp-0.072/share/man/man3/PPIx::Regexp::Dumper.3
Installing /nix/store/xz4w7av0bn8p0043w4dr4kr567hndcc2-perl5.32.0-PPIx-Regexp-0.072/share/man/man3/PPIx::Regexp::Token::Quantifier.3
Installing /nix/store/xz4w7av0bn8p0043w4dr4kr567hndcc2-perl5.32.0-PPIx-Regexp-0.072/share/man/man3/PPIx::Regexp::Node::Unknown.3
Installing /nix/store/xz4w7av0bn8p0043w4dr4kr567hndcc2-perl5.32.0-PPIx-Regexp-0.072/share/man/man3/PPIx::Regexp::Token::CharClass.3
Installing /nix/store/xz4w7av0bn8p0043w4dr4kr567hndcc2-perl5.32.0-PPIx-Regexp-0.072/share/man/man3/PPIx::Regexp::Structure::Replacement.3
Installing /nix/store/xz4w7av0bn8p0043w4dr4kr567hndcc2-perl5.32.0-PPIx-Regexp-0.072/share/man/man3/PPIx::Regexp::Token::Comment.3
Installing /nix/store/xz4w7av0bn8p0043w4dr4kr567hndcc2-perl5.32.0-PPIx-Regexp-0.072/share/man/man3/PPIx::Regexp::Tokenizer.3
Installing /nix/store/xz4w7av0bn8p0043w4dr4kr567hndcc2-perl5.32.0-PPIx-Regexp-0.072/share/man/man3/PPIx::Regexp::Token::GroupType::Assertion.3
Installing /nix/store/xz4w7av0bn8p0043w4dr4kr567hndcc2-perl5.32.0-PPIx-Regexp-0.072/share/man/man3/PPIx::Regexp::Element.3
Installing /nix/store/xz4w7av0bn8p0043w4dr4kr567hndcc2-perl5.32.0-PPIx-Regexp-0.072/share/man/man3/PPIx::Regexp::Token::Interpolation.3
Installing /nix/store/xz4w7av0bn8p0043w4dr4kr567hndcc2-perl5.32.0-PPIx-Regexp-0.072/share/man/man3/PPIx::Regexp::Token::GroupType::Modifier.3
Installing /nix/store/xz4w7av0bn8p0043w4dr4kr567hndcc2-perl5.32.0-PPIx-Regexp-0.072/share/man/man3/PPIx::Regexp::Token::Modifier.3
Installing /nix/store/xz4w7av0bn8p0043w4dr4kr567hndcc2-perl5.32.0-PPIx-Regexp-0.072/share/man/man3/PPIx::Regexp::Node.3
Installing /nix/store/xz4w7av0bn8p0043w4dr4kr567hndcc2-perl5.32.0-PPIx-Regexp-0.072/share/man/man3/PPIx::Regexp::Token::Operator.3
Installing /nix/store/xz4w7av0bn8p0043w4dr4kr567hndcc2-perl5.32.0-PPIx-Regexp-0.072/share/man/man3/PPIx::Regexp::Token::CharClass::Simple.3
Installing /nix/store/xz4w7av0bn8p0043w4dr4kr567hndcc2-perl5.32.0-PPIx-Regexp-0.072/share/man/man3/PPIx::Regexp::Token::Reference.3
Installing /nix/store/xz4w7av0bn8p0043w4dr4kr567hndcc2-perl5.32.0-PPIx-Regexp-0.072/share/man/man3/PPIx::Regexp::Structure::BranchReset.3
Installing /nix/store/xz4w7av0bn8p0043w4dr4kr567hndcc2-perl5.32.0-PPIx-Regexp-0.072/share/man/man3/PPIx::Regexp::Token::NoOp.3
Installing /nix/store/xz4w7av0bn8p0043w4dr4kr567hndcc2-perl5.32.0-PPIx-Regexp-0.072/share/man/man3/PPIx::Regexp::Token::Delimiter.3
Installing /nix/store/xz4w7av0bn8p0043w4dr4kr567hndcc2-perl5.32.0-PPIx-Regexp-0.072/share/man/man3/PPIx::Regexp::Support.3
Installing /nix/store/xz4w7av0bn8p0043w4dr4kr567hndcc2-perl5.32.0-PPIx-Regexp-0.072/share/man/man3/PPIx::Regexp::Token::GroupType::NamedCapture.3
Installing /nix/store/xz4w7av0bn8p0043w4dr4kr567hndcc2-perl5.32.0-PPIx-Regexp-0.072/share/man/man3/PPIx::Regexp::Token::Code.3
Installing /nix/store/xz4w7av0bn8p0043w4dr4kr567hndcc2-perl5.32.0-PPIx-Regexp-0.072/share/man/man3/PPIx::Regexp::Structure.3
Installing /nix/store/xz4w7av0bn8p0043w4dr4kr567hndcc2-perl5.32.0-PPIx-Regexp-0.072/share/man/man3/PPIx::Regexp::Node::Range.3
Installing /nix/store/xz4w7av0bn8p0043w4dr4kr567hndcc2-perl5.32.0-PPIx-Regexp-0.072/share/man/man3/PPIx::Regexp::Token::Literal.3
Installing /nix/store/xz4w7av0bn8p0043w4dr4kr567hndcc2-perl5.32.0-PPIx-Regexp-0.072/share/man/man3/PPIx::Regexp::Token::CharClass::POSIX.3
Installing /nix/store/xz4w7av0bn8p0043w4dr4kr567hndcc2-perl5.32.0-PPIx-Regexp-0.072/share/man/man3/PPIx::Regexp::Structure::Unknown.3
Installing /nix/store/xz4w7av0bn8p0043w4dr4kr567hndcc2-perl5.32.0-PPIx-Regexp-0.072/share/man/man3/PPIx::Regexp::Token::GroupType::Atomic_Script_Run.3
Installing /nix/store/xz4w7av0bn8p0043w4dr4kr567hndcc2-perl5.32.0-PPIx-Regexp-0.072/share/man/man3/PPIx::Regexp::Structure::CharClass.3
Installing /nix/store/xz4w7av0bn8p0043w4dr4kr567hndcc2-perl5.32.0-PPIx-Regexp-0.072/share/man/man3/PPIx::Regexp::Token::Control.3
Installing /nix/store/xz4w7av0bn8p0043w4dr4kr567hndcc2-perl5.32.0-PPIx-Regexp-0.072/share/man/man3/PPIx::Regexp::Token::Whitespace.3
Installing /nix/store/xz4w7av0bn8p0043w4dr4kr567hndcc2-perl5.32.0-PPIx-Regexp-0.072/share/man/man3/PPIx::Regexp::Token::Unmatched.3
Installing /nix/store/xz4w7av0bn8p0043w4dr4kr567hndcc2-perl5.32.0-PPIx-Regexp-0.072/share/man/man3/PPIx::Regexp::Structure::NamedCapture.3
Installing /nix/store/xz4w7av0bn8p0043w4dr4kr567hndcc2-perl5.32.0-PPIx-Regexp-0.072/share/man/man3/PPIx::Regexp::Token::Greediness.3
Installing /nix/store/xz4w7av0bn8p0043w4dr4kr567hndcc2-perl5.32.0-PPIx-Regexp-0.072/share/man/man3/PPIx::Regexp::Structure::RegexSet.3
Installing /nix/store/xz4w7av0bn8p0043w4dr4kr567hndcc2-perl5.32.0-PPIx-Regexp-0.072/share/man/man3/PPIx::Regexp::StringTokenizer.3
Installing /nix/store/xz4w7av0bn8p0043w4dr4kr567hndcc2-perl5.32.0-PPIx-Regexp-0.072/share/man/man3/PPIx::Regexp::Token::Condition.3
Installing /nix/store/xz4w7av0bn8p0043w4dr4kr567hndcc2-perl5.32.0-PPIx-Regexp-0.072/share/man/man3/PPIx::Regexp::Structure::Code.3
Installing /nix/store/xz4w7av0bn8p0043w4dr4kr567hndcc2-perl5.32.0-PPIx-Regexp-0.072/share/man/man3/PPIx::Regexp::Structure::Assertion.3
Installing /nix/store/xz4w7av0bn8p0043w4dr4kr567hndcc2-perl5.32.0-PPIx-Regexp-0.072/share/man/man3/PPIx::Regexp::Token::GroupType::Script_Run.3
Installing /nix/store/xz4w7av0bn8p0043w4dr4kr567hndcc2-perl5.32.0-PPIx-Regexp-0.072/share/man/man3/PPIx::Regexp::Structure::Subexpression.3
Installing /nix/store/xz4w7av0bn8p0043w4dr4kr567hndcc2-perl5.32.0-PPIx-Regexp-0.072/share/man/man3/PPIx::Regexp::Structure::Regexp.3
Installing /nix/store/xz4w7av0bn8p0043w4dr4kr567hndcc2-perl5.32.0-PPIx-Regexp-0.072/share/man/man3/PPIx::Regexp::Util.3
Installing /nix/store/xz4w7av0bn8p0043w4dr4kr567hndcc2-perl5.32.0-PPIx-Regexp-0.072/share/man/man3/PPIx::Regexp::Token.3
Installing /nix/store/xz4w7av0bn8p0043w4dr4kr567hndcc2-perl5.32.0-PPIx-Regexp-0.072/share/man/man3/PPIx::Regexp::Token::Backreference.3
Installing /nix/store/xz4w7av0bn8p0043w4dr4kr567hndcc2-perl5.32.0-PPIx-Regexp-0.072/share/man/man3/PPIx::Regexp.3
Installing /nix/store/xz4w7av0bn8p0043w4dr4kr567hndcc2-perl5.32.0-PPIx-Regexp-0.072/share/man/man3/PPIx::Regexp::Structure::Script_Run.3
Installing /nix/store/xz4w7av0bn8p0043w4dr4kr567hndcc2-perl5.32.0-PPIx-Regexp-0.072/share/man/man3/PPIx::Regexp::Structure::Modifier.3
Installing /nix/store/xz4w7av0bn8p0043w4dr4kr567hndcc2-perl5.32.0-PPIx-Regexp-0.072/share/man/man3/PPIx::Regexp::Token::Structure.3
Installing /nix/store/xz4w7av0bn8p0043w4dr4kr567hndcc2-perl5.32.0-PPIx-Regexp-0.072/share/man/man3/PPIx::Regexp::Structure::Atomic_Script_Run.3
Installing /nix/store/xz4w7av0bn8p0043w4dr4kr567hndcc2-perl5.32.0-PPIx-Regexp-0.072/share/man/man3/PPIx::Regexp::Token::GroupType::Code.3
Installing /nix/store/xz4w7av0bn8p0043w4dr4kr567hndcc2-perl5.32.0-PPIx-Regexp-0.072/share/man/man3/PPIx::Regexp::Token::GroupType::Switch.3
Installing /nix/store/xz4w7av0bn8p0043w4dr4kr567hndcc2-perl5.32.0-PPIx-Regexp-0.072/share/man/man3/PPIx::Regexp::Structure::Switch.3
Installing /nix/store/xz4w7av0bn8p0043w4dr4kr567hndcc2-perl5.32.0-PPIx-Regexp-0.072/share/man/man3/PPIx::Regexp::Structure::Main.3
Installing /nix/store/xz4w7av0bn8p0043w4dr4kr567hndcc2-perl5.32.0-PPIx-Regexp-0.072/share/man/man3/PPIx::Regexp::Structure::Capture.3
Installing /nix/store/xz4w7av0bn8p0043w4dr4kr567hndcc2-perl5.32.0-PPIx-Regexp-0.072/share/man/man3/PPIx::Regexp::Token::GroupType::BranchReset.3
Installing /nix/store/xz4w7av0bn8p0043w4dr4kr567hndcc2-perl5.32.0-PPIx-Regexp-0.072/share/man/man3/PPIx::Regexp::Token::CharClass::POSIX::Unknown.3
Installing /nix/store/xz4w7av0bn8p0043w4dr4kr567hndcc2-perl5.32.0-PPIx-Regexp-0.072/share/man/man3/PPIx::Regexp::Token::GroupType::Subexpression.3
Installing /nix/store/xz4w7av0bn8p0043w4dr4kr567hndcc2-perl5.32.0-PPIx-Regexp-0.072/share/man/man3/PPIx::Regexp::Lexer.3
Installing /nix/store/xz4w7av0bn8p0043w4dr4kr567hndcc2-perl5.32.0-PPIx-Regexp-0.072/share/man/man3/PPIx::Regexp::Token::GroupType.3
Installing /nix/store/xz4w7av0bn8p0043w4dr4kr567hndcc2-perl5.32.0-PPIx-Regexp-0.072/share/man/man3/PPIx::Regexp::Token::Assertion.3
Installing /nix/store/xz4w7av0bn8p0043w4dr4kr567hndcc2-perl5.32.0-PPIx-Regexp-0.072/share/man/man3/PPIx::Regexp::Token::Backtrack.3
Installing /nix/store/xz4w7av0bn8p0043w4dr4kr567hndcc2-perl5.32.0-PPIx-Regexp-0.072/share/man/man3/PPIx::Regexp::Structure::Quantifier.3
Installing /nix/store/xz4w7av0bn8p0043w4dr4kr567hndcc2-perl5.32.0-PPIx-Regexp-0.072/share/man/man3/PPIx::Regexp::Constant.3
Installing /nix/store/xz4w7av0bn8p0043w4dr4kr567hndcc2-perl5.32.0-PPIx-Regexp-0.072/share/man/man3/PPIx::Regexp::Token::Unknown.3
Installing /nix/store/xz4w7av0bn8p0043w4dr4kr567hndcc2-perl5.32.0-PPIx-Regexp-0.072/share/man/man3/PPIx::Regexp::Token::Recursion.3
post-installation fixup
Moving /nix/store/xz4w7av0bn8p0043w4dr4kr567hndcc2-perl5.32.0-PPIx-Regexp-0.072/share/man/man3 to /nix/store/l0gvj40wvjdwzw0nn4ghhda8x7i6b3an-perl5.32.0-PPIx-Regexp-0.072-devdoc/share/man/man3
Removing empty /nix/store/xz4w7av0bn8p0043w4dr4kr567hndcc2-perl5.32.0-PPIx-Regexp-0.072/share/man/ and (possibly) its parents
shrinking RPATHs of ELF executables and libraries in /nix/store/xz4w7av0bn8p0043w4dr4kr567hndcc2-perl5.32.0-PPIx-Regexp-0.072
strip is /nix/store/psyzbhp4p088sb9qcs378hfbslcalasl-binutils-2.31.1/bin/strip
stripping (with command strip and flags -S) in /nix/store/xz4w7av0bn8p0043w4dr4kr567hndcc2-perl5.32.0-PPIx-Regexp-0.072/lib
patching script interpreter paths in /nix/store/xz4w7av0bn8p0043w4dr4kr567hndcc2-perl5.32.0-PPIx-Regexp-0.072
checking for references to /build/ in /nix/store/xz4w7av0bn8p0043w4dr4kr567hndcc2-perl5.32.0-PPIx-Regexp-0.072...
shrinking RPATHs of ELF executables and libraries in /nix/store/l0gvj40wvjdwzw0nn4ghhda8x7i6b3an-perl5.32.0-PPIx-Regexp-0.072-devdoc
gzipping man pages under /nix/store/l0gvj40wvjdwzw0nn4ghhda8x7i6b3an-perl5.32.0-PPIx-Regexp-0.072-devdoc/share/man/
strip is /nix/store/psyzbhp4p088sb9qcs378hfbslcalasl-binutils-2.31.1/bin/strip
patching script interpreter paths in /nix/store/l0gvj40wvjdwzw0nn4ghhda8x7i6b3an-perl5.32.0-PPIx-Regexp-0.072-devdoc
checking for references to /build/ in /nix/store/l0gvj40wvjdwzw0nn4ghhda8x7i6b3an-perl5.32.0-PPIx-Regexp-0.072-devdoc...
/nix/store/xz4w7av0bn8p0043w4dr4kr567hndcc2-perl5.32.0-PPIx-Regexp-0.072
