these derivations will be built:
  /nix/store/3lis37nnx6bksiff5kqqd30ifda05xb7-perl5.32.0-Proc-Background-1.21.drv
these paths will be fetched (0.02 MiB download, 0.02 MiB unpacked):
  /nix/store/6xah57cp6fwwydf44j5xhrx2a11rdmvd-Proc-Background-1.21.tar.gz
copying path '/nix/store/6xah57cp6fwwydf44j5xhrx2a11rdmvd-Proc-Background-1.21.tar.gz' from 'https://cache.nixos.org'...
building '/nix/store/3lis37nnx6bksiff5kqqd30ifda05xb7-perl5.32.0-Proc-Background-1.21.drv'...
unpacking sources
unpacking source archive /nix/store/6xah57cp6fwwydf44j5xhrx2a11rdmvd-Proc-Background-1.21.tar.gz
source root is Proc-Background-1.21
setting SOURCE_DATE_EPOCH to timestamp 1572993642 of file Proc-Background-1.21/weaver.ini
patching sources
configuring
patching ./t/author-pod-syntax.t...
Checking if your kit is complete...
Looks good
Generating a Unix-style Makefile
Writing Makefile for Proc::Background
Writing MYMETA.yml and MYMETA.json
no configure script, doing nothing
building
build flags: SHELL=/nix/store/9fqwwd4iybmhjqyxiaxycknslw6bgwh1-bash-4.4-p23/bin/bash
cp lib/Proc/Background.pm blib/lib/Proc/Background.pm
cp lib/Proc/Background/Unix.pm blib/lib/Proc/Background/Unix.pm
cp lib/Proc/Background/Win32.pm blib/lib/Proc/Background/Win32.pm
"/nix/store/7c044di03qa7qgr5kjjc2d787aspzp0m-perl-5.32.0/bin/perl" "-Iblib/arch" "-Iblib/lib" bin/timed-process.PL bin/timed-process
Extracting timed-process (with variable substitutions)
cp bin/timed-process blib/script/timed-process
"/nix/store/7c044di03qa7qgr5kjjc2d787aspzp0m-perl-5.32.0/bin/perl" -MExtUtils::MY -e 'MY->fixin(shift)' -- blib/script/timed-process
Manifying 1 pod document
Manifying 3 pod documents
running tests
check flags: SHELL=/nix/store/9fqwwd4iybmhjqyxiaxycknslw6bgwh1-bash-4.4-p23/bin/bash VERBOSE=y test
PERL_DL_NONLAZY=1 "/nix/store/7c044di03qa7qgr5kjjc2d787aspzp0m-perl-5.32.0/bin/perl" "-MExtUtils::Command::MM" "-MTest::Harness" "-e" "undef *Test::Harness::Switches; test_harness(0, 'blib/lib', 'blib/arch')" t/*.t
t/01proc.t ............. 1/50 ./t/sleep_exit.pl: sleep 2 and exit 26.
./t/sleep_exit.pl now exiting.
t/01proc.t ............. 4/50 ./t/sleep_exit.pl: sleep 2 and exit 5.
./t/sleep_exit.pl now exiting.
t/01proc.t ............. 8/50 ./t/sleep_exit.pl: sleep 10 and exit 0.
t/01proc.t ............. 13/50 ./t/sleep_exit.pl: sleep 0 and exit 26.
./t/sleep_exit.pl now exiting.
./t/sleep_exit.pl: sleep 0 and exit 26.
./t/sleep_exit.pl now exiting.
./t/sleep_exit.pl: sleep 4 and exit 0.
./t/sleep_exit.pl: sleep 4 and exit 0.
t/01proc.t ............. 21/50 ./t/sleep_exit.pl: sleep 0 and exit 0.
./t/sleep_exit.pl now exiting.
t/01proc.t ............. 27/50 ./t/sleep_exit.pl: sleep 2 and exit 26.
./t/sleep_exit.pl now exiting.
t/01proc.t ............. 31/50 ./t/sleep_exit.pl: sleep 0 and exit 237.
./t/sleep_exit.pl now exiting.
./t/sleep_exit.pl: sleep 10 and exit 27.
t/01proc.t ............. 36/50 ./t/sleep_exit.pl: sleep 10 and exit 27.
t/01proc.t ............. 39/50 ./t/sleep_exit.pl: sleep 0 and exit 43.
./t/sleep_exit.pl now exiting.
./t/sleep_exit.pl: sleep 99999 and exit 98.
t/01proc.t ............. 47/50 ./t/sleep_exit.pl: sleep 10 and exit 0.
t/01proc.t ............. ok
t/author-pod-syntax.t .. skipped: these tests are for testing by the author
All tests successful.
Files=2, Tests=50, 19 wallclock secs ( 0.02 usr  0.00 sys +  0.10 cusr  0.04 csys =  0.16 CPU)
Result: PASS
installing
install flags: SHELL=/nix/store/9fqwwd4iybmhjqyxiaxycknslw6bgwh1-bash-4.4-p23/bin/bash pkgconfigdir=/nix/store/xzg5zbsgs9ysqj29dmnggrn102vfvk2a-perl5.32.0-Proc-Background-1.21/lib/pkgconfig m4datadir=/nix/store/xzg5zbsgs9ysqj29dmnggrn102vfvk2a-perl5.32.0-Proc-Background-1.21/share/aclocal aclocaldir=/nix/store/xzg5zbsgs9ysqj29dmnggrn102vfvk2a-perl5.32.0-Proc-Background-1.21/share/aclocal install
Manifying 1 pod document
Manifying 3 pod documents
Installing /nix/store/xzg5zbsgs9ysqj29dmnggrn102vfvk2a-perl5.32.0-Proc-Background-1.21/lib/perl5/site_perl/5.32.0/Proc/Background.pm
Installing /nix/store/xzg5zbsgs9ysqj29dmnggrn102vfvk2a-perl5.32.0-Proc-Background-1.21/lib/perl5/site_perl/5.32.0/Proc/Background/Unix.pm
Installing /nix/store/xzg5zbsgs9ysqj29dmnggrn102vfvk2a-perl5.32.0-Proc-Background-1.21/lib/perl5/site_perl/5.32.0/Proc/Background/Win32.pm
Installing /nix/store/xzg5zbsgs9ysqj29dmnggrn102vfvk2a-perl5.32.0-Proc-Background-1.21/share/man/man1/timed-process.1
Installing /nix/store/xzg5zbsgs9ysqj29dmnggrn102vfvk2a-perl5.32.0-Proc-Background-1.21/share/man/man3/Proc::Background.3
Installing /nix/store/xzg5zbsgs9ysqj29dmnggrn102vfvk2a-perl5.32.0-Proc-Background-1.21/share/man/man3/Proc::Background::Win32.3
Installing /nix/store/xzg5zbsgs9ysqj29dmnggrn102vfvk2a-perl5.32.0-Proc-Background-1.21/share/man/man3/Proc::Background::Unix.3
Installing /nix/store/xzg5zbsgs9ysqj29dmnggrn102vfvk2a-perl5.32.0-Proc-Background-1.21/bin/timed-process
Appending installation info to /nix/store/xzg5zbsgs9ysqj29dmnggrn102vfvk2a-perl5.32.0-Proc-Background-1.21/lib/perl5/5.32.0/x86_64-linux-thread-multi/perllocal.pod
post-installation fixup
Moving /nix/store/xzg5zbsgs9ysqj29dmnggrn102vfvk2a-perl5.32.0-Proc-Background-1.21/share/man/man3 to /nix/store/csvzskpi88vrprqn8k41dwnp1hg16whm-perl5.32.0-Proc-Background-1.21-devdoc/share/man/man3
rmdir: failed to remove '/nix/store/xzg5zbsgs9ysqj29dmnggrn102vfvk2a-perl5.32.0-Proc-Background-1.21/share/man': Directory not empty
shrinking RPATHs of ELF executables and libraries in /nix/store/xzg5zbsgs9ysqj29dmnggrn102vfvk2a-perl5.32.0-Proc-Background-1.21
gzipping man pages under /nix/store/xzg5zbsgs9ysqj29dmnggrn102vfvk2a-perl5.32.0-Proc-Background-1.21/share/man/
strip is /nix/store/psyzbhp4p088sb9qcs378hfbslcalasl-binutils-2.31.1/bin/strip
stripping (with command strip and flags -S) in /nix/store/xzg5zbsgs9ysqj29dmnggrn102vfvk2a-perl5.32.0-Proc-Background-1.21/lib  /nix/store/xzg5zbsgs9ysqj29dmnggrn102vfvk2a-perl5.32.0-Proc-Background-1.21/bin
patching script interpreter paths in /nix/store/xzg5zbsgs9ysqj29dmnggrn102vfvk2a-perl5.32.0-Proc-Background-1.21
checking for references to /build/ in /nix/store/xzg5zbsgs9ysqj29dmnggrn102vfvk2a-perl5.32.0-Proc-Background-1.21...
shrinking RPATHs of ELF executables and libraries in /nix/store/csvzskpi88vrprqn8k41dwnp1hg16whm-perl5.32.0-Proc-Background-1.21-devdoc
gzipping man pages under /nix/store/csvzskpi88vrprqn8k41dwnp1hg16whm-perl5.32.0-Proc-Background-1.21-devdoc/share/man/
strip is /nix/store/psyzbhp4p088sb9qcs378hfbslcalasl-binutils-2.31.1/bin/strip
patching script interpreter paths in /nix/store/csvzskpi88vrprqn8k41dwnp1hg16whm-perl5.32.0-Proc-Background-1.21-devdoc
checking for references to /build/ in /nix/store/csvzskpi88vrprqn8k41dwnp1hg16whm-perl5.32.0-Proc-Background-1.21-devdoc...
/nix/store/xzg5zbsgs9ysqj29dmnggrn102vfvk2a-perl5.32.0-Proc-Background-1.21
