these derivations will be built:
  /nix/store/ahx9029b79l4lfyffp7zdlicjm6g55pk-perl5.32.0-PSGI-1.102.drv
these paths will be fetched (0.04 MiB download, 0.04 MiB unpacked):
  /nix/store/yvfh1i7swym8j5yjm8ap6n3g4scbyjbn-PSGI-1.102.tar.gz
copying path '/nix/store/yvfh1i7swym8j5yjm8ap6n3g4scbyjbn-PSGI-1.102.tar.gz' from 'https://cache.nixos.org'...
building '/nix/store/ahx9029b79l4lfyffp7zdlicjm6g55pk-perl5.32.0-PSGI-1.102.drv'...
unpacking sources
unpacking source archive /nix/store/yvfh1i7swym8j5yjm8ap6n3g4scbyjbn-PSGI-1.102.tar.gz
source root is PSGI-1.102
setting SOURCE_DATE_EPOCH to timestamp 1374696798 of file PSGI-1.102/META.yml
patching sources
configuring
Cannot determine perl version info from PSGI.pm
Cannot determine license info from PSGI.pod
Checking if your kit is complete...
Looks good
Generating a Unix-style Makefile
Writing Makefile for PSGI
Writing MYMETA.yml and MYMETA.json
no configure script, doing nothing
building
build flags: SHELL=/nix/store/9fqwwd4iybmhjqyxiaxycknslw6bgwh1-bash-4.4-p23/bin/bash
cp PSGI.pm blib/lib/PSGI.pm
cp PSGI/FAQ.pod blib/lib/PSGI/FAQ.pod
cp PSGI.pod blib/lib/PSGI.pod
cp PSGI/Extensions.pod blib/lib/PSGI/Extensions.pod
Manifying 3 pod documents
running tests
check flags: SHELL=/nix/store/9fqwwd4iybmhjqyxiaxycknslw6bgwh1-bash-4.4-p23/bin/bash VERBOSE=y test
No tests defined for PSGI extension.
installing
install flags: SHELL=/nix/store/9fqwwd4iybmhjqyxiaxycknslw6bgwh1-bash-4.4-p23/bin/bash pkgconfigdir=/nix/store/fii6w46r64qqsxc6sg167x3g5ia1vyf4-perl5.32.0-PSGI-1.102/lib/pkgconfig m4datadir=/nix/store/fii6w46r64qqsxc6sg167x3g5ia1vyf4-perl5.32.0-PSGI-1.102/share/aclocal aclocaldir=/nix/store/fii6w46r64qqsxc6sg167x3g5ia1vyf4-perl5.32.0-PSGI-1.102/share/aclocal install
Manifying 3 pod documents
Installing /nix/store/fii6w46r64qqsxc6sg167x3g5ia1vyf4-perl5.32.0-PSGI-1.102/lib/perl5/site_perl/5.32.0/PSGI.pod
Installing /nix/store/fii6w46r64qqsxc6sg167x3g5ia1vyf4-perl5.32.0-PSGI-1.102/lib/perl5/site_perl/5.32.0/PSGI.pm
Installing /nix/store/fii6w46r64qqsxc6sg167x3g5ia1vyf4-perl5.32.0-PSGI-1.102/lib/perl5/site_perl/5.32.0/PSGI/Extensions.pod
Installing /nix/store/fii6w46r64qqsxc6sg167x3g5ia1vyf4-perl5.32.0-PSGI-1.102/lib/perl5/site_perl/5.32.0/PSGI/FAQ.pod
Installing /nix/store/fii6w46r64qqsxc6sg167x3g5ia1vyf4-perl5.32.0-PSGI-1.102/share/man/man3/PSGI::Extensions.3
Installing /nix/store/fii6w46r64qqsxc6sg167x3g5ia1vyf4-perl5.32.0-PSGI-1.102/share/man/man3/PSGI::FAQ.3
Installing /nix/store/fii6w46r64qqsxc6sg167x3g5ia1vyf4-perl5.32.0-PSGI-1.102/share/man/man3/PSGI.3
Appending installation info to /nix/store/fii6w46r64qqsxc6sg167x3g5ia1vyf4-perl5.32.0-PSGI-1.102/lib/perl5/5.32.0/x86_64-linux-thread-multi/perllocal.pod
post-installation fixup
Moving /nix/store/fii6w46r64qqsxc6sg167x3g5ia1vyf4-perl5.32.0-PSGI-1.102/share/man/man3 to /nix/store/dk7lfgwk7kbjwpvqrj0g6y3dv607q83b-perl5.32.0-PSGI-1.102-devdoc/share/man/man3
Removing empty /nix/store/fii6w46r64qqsxc6sg167x3g5ia1vyf4-perl5.32.0-PSGI-1.102/share/man/ and (possibly) its parents
shrinking RPATHs of ELF executables and libraries in /nix/store/fii6w46r64qqsxc6sg167x3g5ia1vyf4-perl5.32.0-PSGI-1.102
strip is /nix/store/psyzbhp4p088sb9qcs378hfbslcalasl-binutils-2.31.1/bin/strip
stripping (with command strip and flags -S) in /nix/store/fii6w46r64qqsxc6sg167x3g5ia1vyf4-perl5.32.0-PSGI-1.102/lib
patching script interpreter paths in /nix/store/fii6w46r64qqsxc6sg167x3g5ia1vyf4-perl5.32.0-PSGI-1.102
checking for references to /build/ in /nix/store/fii6w46r64qqsxc6sg167x3g5ia1vyf4-perl5.32.0-PSGI-1.102...
shrinking RPATHs of ELF executables and libraries in /nix/store/dk7lfgwk7kbjwpvqrj0g6y3dv607q83b-perl5.32.0-PSGI-1.102-devdoc
gzipping man pages under /nix/store/dk7lfgwk7kbjwpvqrj0g6y3dv607q83b-perl5.32.0-PSGI-1.102-devdoc/share/man/
strip is /nix/store/psyzbhp4p088sb9qcs378hfbslcalasl-binutils-2.31.1/bin/strip
patching script interpreter paths in /nix/store/dk7lfgwk7kbjwpvqrj0g6y3dv607q83b-perl5.32.0-PSGI-1.102-devdoc
checking for references to /build/ in /nix/store/dk7lfgwk7kbjwpvqrj0g6y3dv607q83b-perl5.32.0-PSGI-1.102-devdoc...
/nix/store/fii6w46r64qqsxc6sg167x3g5ia1vyf4-perl5.32.0-PSGI-1.102
