these derivations will be built:
  /nix/store/fwakrfqrw269k1fxmdwjr11z5ypm23cf-perl5.32.0-Regexp-Common-net-CIDR-0.03.drv
these paths will be fetched (0.03 MiB download, 0.03 MiB unpacked):
  /nix/store/hqqsrdqlc7xx09d7kx7i0p8h5qnx55d9-Regexp-Common-net-CIDR-0.03.tar.gz
copying path '/nix/store/hqqsrdqlc7xx09d7kx7i0p8h5qnx55d9-Regexp-Common-net-CIDR-0.03.tar.gz' from 'https://cache.nixos.org'...
building '/nix/store/fwakrfqrw269k1fxmdwjr11z5ypm23cf-perl5.32.0-Regexp-Common-net-CIDR-0.03.drv'...
unpacking sources
unpacking source archive /nix/store/hqqsrdqlc7xx09d7kx7i0p8h5qnx55d9-Regexp-Common-net-CIDR-0.03.tar.gz
source root is Regexp-Common-net-CIDR-0.03
setting SOURCE_DATE_EPOCH to timestamp 1433362796 of file Regexp-Common-net-CIDR-0.03/MANIFEST
patching sources
configuring
*** Module::AutoInstall version 1.06
*** Checking for Perl dependencies...
[Core Features]
- Regexp::Common ...loaded. (2017060201)
*** Module::AutoInstall configuration finished.
Checking if your kit is complete...
Looks good
Generating a Unix-style Makefile
Writing Makefile for Regexp::Common::net::CIDR
Writing MYMETA.yml and MYMETA.json
no configure script, doing nothing
building
build flags: SHELL=/nix/store/9fqwwd4iybmhjqyxiaxycknslw6bgwh1-bash-4.4-p23/bin/bash
cp lib/Regexp/Common/net/CIDR.pm blib/lib/Regexp/Common/net/CIDR.pm
Manifying 1 pod document
running tests
check flags: SHELL=/nix/store/9fqwwd4iybmhjqyxiaxycknslw6bgwh1-bash-4.4-p23/bin/bash VERBOSE=y test
No tests defined for Regexp::Common::net::CIDR extension.
installing
install flags: SHELL=/nix/store/9fqwwd4iybmhjqyxiaxycknslw6bgwh1-bash-4.4-p23/bin/bash pkgconfigdir=/nix/store/qpwh91iwwaqqsrw8i9dbvhjq20c76r2x-perl5.32.0-Regexp-Common-net-CIDR-0.03/lib/pkgconfig m4datadir=/nix/store/qpwh91iwwaqqsrw8i9dbvhjq20c76r2x-perl5.32.0-Regexp-Common-net-CIDR-0.03/share/aclocal aclocaldir=/nix/store/qpwh91iwwaqqsrw8i9dbvhjq20c76r2x-perl5.32.0-Regexp-Common-net-CIDR-0.03/share/aclocal install
Manifying 1 pod document
Installing /nix/store/qpwh91iwwaqqsrw8i9dbvhjq20c76r2x-perl5.32.0-Regexp-Common-net-CIDR-0.03/lib/perl5/site_perl/5.32.0/Regexp/Common/net/CIDR.pm
Installing /nix/store/qpwh91iwwaqqsrw8i9dbvhjq20c76r2x-perl5.32.0-Regexp-Common-net-CIDR-0.03/share/man/man3/Regexp::Common::net::CIDR.3
Appending installation info to /nix/store/qpwh91iwwaqqsrw8i9dbvhjq20c76r2x-perl5.32.0-Regexp-Common-net-CIDR-0.03/lib/perl5/5.32.0/x86_64-linux-thread-multi/perllocal.pod
post-installation fixup
Moving /nix/store/qpwh91iwwaqqsrw8i9dbvhjq20c76r2x-perl5.32.0-Regexp-Common-net-CIDR-0.03/share/man/man3 to /nix/store/xvq07znvc9qpr3xm6wdrdyddm37hirgb-perl5.32.0-Regexp-Common-net-CIDR-0.03-devdoc/share/man/man3
Removing empty /nix/store/qpwh91iwwaqqsrw8i9dbvhjq20c76r2x-perl5.32.0-Regexp-Common-net-CIDR-0.03/share/man/ and (possibly) its parents
shrinking RPATHs of ELF executables and libraries in /nix/store/qpwh91iwwaqqsrw8i9dbvhjq20c76r2x-perl5.32.0-Regexp-Common-net-CIDR-0.03
strip is /nix/store/psyzbhp4p088sb9qcs378hfbslcalasl-binutils-2.31.1/bin/strip
stripping (with command strip and flags -S) in /nix/store/qpwh91iwwaqqsrw8i9dbvhjq20c76r2x-perl5.32.0-Regexp-Common-net-CIDR-0.03/lib
patching script interpreter paths in /nix/store/qpwh91iwwaqqsrw8i9dbvhjq20c76r2x-perl5.32.0-Regexp-Common-net-CIDR-0.03
checking for references to /build/ in /nix/store/qpwh91iwwaqqsrw8i9dbvhjq20c76r2x-perl5.32.0-Regexp-Common-net-CIDR-0.03...
shrinking RPATHs of ELF executables and libraries in /nix/store/xvq07znvc9qpr3xm6wdrdyddm37hirgb-perl5.32.0-Regexp-Common-net-CIDR-0.03-devdoc
gzipping man pages under /nix/store/xvq07znvc9qpr3xm6wdrdyddm37hirgb-perl5.32.0-Regexp-Common-net-CIDR-0.03-devdoc/share/man/
strip is /nix/store/psyzbhp4p088sb9qcs378hfbslcalasl-binutils-2.31.1/bin/strip
patching script interpreter paths in /nix/store/xvq07znvc9qpr3xm6wdrdyddm37hirgb-perl5.32.0-Regexp-Common-net-CIDR-0.03-devdoc
checking for references to /build/ in /nix/store/xvq07znvc9qpr3xm6wdrdyddm37hirgb-perl5.32.0-Regexp-Common-net-CIDR-0.03-devdoc...
/nix/store/qpwh91iwwaqqsrw8i9dbvhjq20c76r2x-perl5.32.0-Regexp-Common-net-CIDR-0.03
