these derivations will be built:
  /nix/store/1iahdwzbkh2zavdndcp47rmmzk06lyw4-perl5.32.0-RSS-Parser-Lite-0.12.drv
these paths will be fetched (0.00 MiB download, 0.00 MiB unpacked):
  /nix/store/61l6csjxijx0jr99s7yk0dxjyy4zg7iw-RSS-Parser-Lite-0.12.tar.gz
copying path '/nix/store/61l6csjxijx0jr99s7yk0dxjyy4zg7iw-RSS-Parser-Lite-0.12.tar.gz' from 'https://cache.nixos.org'...
building '/nix/store/1iahdwzbkh2zavdndcp47rmmzk06lyw4-perl5.32.0-RSS-Parser-Lite-0.12.drv'...
unpacking sources
unpacking source archive /nix/store/61l6csjxijx0jr99s7yk0dxjyy4zg7iw-RSS-Parser-Lite-0.12.tar.gz
source root is RSS-Parser-Lite-0.12
setting SOURCE_DATE_EPOCH to timestamp 1380631698 of file RSS-Parser-Lite-0.12/t/01_get-elements.t
patching sources
configuring
Checking if your kit is complete...
Warning: the following files are missing in your kit:
        t/RSS-Parser-Lite.t
Please inform the author.
Warning: prerequisite XML::Parser::Lite 0 not found.
Generating a Unix-style Makefile
Writing Makefile for XML::RSS::Parser::Lite
Writing MYMETA.yml and MYMETA.json
no configure script, doing nothing
building
build flags: SHELL=/nix/store/9fqwwd4iybmhjqyxiaxycknslw6bgwh1-bash-4.4-p23/bin/bash
cp lib/XML/RSS/Parser/Lite.pm blib/lib/XML/RSS/Parser/Lite.pm
Manifying 1 pod document
installing
install flags: SHELL=/nix/store/9fqwwd4iybmhjqyxiaxycknslw6bgwh1-bash-4.4-p23/bin/bash pkgconfigdir=/nix/store/4s4wfdw2cbjj30hgdgckpk1b6s65cs41-perl5.32.0-RSS-Parser-Lite-0.12/lib/pkgconfig m4datadir=/nix/store/4s4wfdw2cbjj30hgdgckpk1b6s65cs41-perl5.32.0-RSS-Parser-Lite-0.12/share/aclocal aclocaldir=/nix/store/4s4wfdw2cbjj30hgdgckpk1b6s65cs41-perl5.32.0-RSS-Parser-Lite-0.12/share/aclocal install
Manifying 1 pod document
Installing /nix/store/4s4wfdw2cbjj30hgdgckpk1b6s65cs41-perl5.32.0-RSS-Parser-Lite-0.12/lib/perl5/site_perl/5.32.0/XML/RSS/Parser/Lite.pm
Installing /nix/store/4s4wfdw2cbjj30hgdgckpk1b6s65cs41-perl5.32.0-RSS-Parser-Lite-0.12/share/man/man3/XML::RSS::Parser::Lite.3
Appending installation info to /nix/store/4s4wfdw2cbjj30hgdgckpk1b6s65cs41-perl5.32.0-RSS-Parser-Lite-0.12/lib/perl5/5.32.0/x86_64-linux-thread-multi/perllocal.pod
post-installation fixup
Moving /nix/store/4s4wfdw2cbjj30hgdgckpk1b6s65cs41-perl5.32.0-RSS-Parser-Lite-0.12/share/man/man3 to /nix/store/pjnmwfzlncv9931abkyp677jdvjhzw1v-perl5.32.0-RSS-Parser-Lite-0.12-devdoc/share/man/man3
Removing empty /nix/store/4s4wfdw2cbjj30hgdgckpk1b6s65cs41-perl5.32.0-RSS-Parser-Lite-0.12/share/man/ and (possibly) its parents
shrinking RPATHs of ELF executables and libraries in /nix/store/4s4wfdw2cbjj30hgdgckpk1b6s65cs41-perl5.32.0-RSS-Parser-Lite-0.12
strip is /nix/store/psyzbhp4p088sb9qcs378hfbslcalasl-binutils-2.31.1/bin/strip
stripping (with command strip and flags -S) in /nix/store/4s4wfdw2cbjj30hgdgckpk1b6s65cs41-perl5.32.0-RSS-Parser-Lite-0.12/lib
patching script interpreter paths in /nix/store/4s4wfdw2cbjj30hgdgckpk1b6s65cs41-perl5.32.0-RSS-Parser-Lite-0.12
checking for references to /build/ in /nix/store/4s4wfdw2cbjj30hgdgckpk1b6s65cs41-perl5.32.0-RSS-Parser-Lite-0.12...
shrinking RPATHs of ELF executables and libraries in /nix/store/pjnmwfzlncv9931abkyp677jdvjhzw1v-perl5.32.0-RSS-Parser-Lite-0.12-devdoc
gzipping man pages under /nix/store/pjnmwfzlncv9931abkyp677jdvjhzw1v-perl5.32.0-RSS-Parser-Lite-0.12-devdoc/share/man/
strip is /nix/store/psyzbhp4p088sb9qcs378hfbslcalasl-binutils-2.31.1/bin/strip
patching script interpreter paths in /nix/store/pjnmwfzlncv9931abkyp677jdvjhzw1v-perl5.32.0-RSS-Parser-Lite-0.12-devdoc
checking for references to /build/ in /nix/store/pjnmwfzlncv9931abkyp677jdvjhzw1v-perl5.32.0-RSS-Parser-Lite-0.12-devdoc...
/nix/store/4s4wfdw2cbjj30hgdgckpk1b6s65cs41-perl5.32.0-RSS-Parser-Lite-0.12
