these derivations will be built:
  /nix/store/vqmrv04n8k2ivj3sln2s6qxrd46phpz1-perl5.32.0-SGMLSpm-1.1.drv
these paths will be fetched (0.11 MiB download, 0.11 MiB unpacked):
  /nix/store/kjsw28k444rbdn6l0s6zz1x4hgmyr3db-SGMLSpm-1.1.tar.gz
copying path '/nix/store/kjsw28k444rbdn6l0s6zz1x4hgmyr3db-SGMLSpm-1.1.tar.gz' from 'https://cache.nixos.org'...
building '/nix/store/vqmrv04n8k2ivj3sln2s6qxrd46phpz1-perl5.32.0-SGMLSpm-1.1.drv'...
unpacking sources
unpacking source archive /nix/store/kjsw28k444rbdn6l0s6zz1x4hgmyr3db-SGMLSpm-1.1.tar.gz
source root is SGMLSpm-1.1
setting SOURCE_DATE_EPOCH to timestamp 1289426745 of file SGMLSpm-1.1/t/test-SGMLS.pl
patching sources
configuring
patching ./DOC/HTML/SGMLSpm/sample.pl...
patching ./DOC/sample.pl...
patching ./DOC/LaTeX/sample.pl...
patching ./script/sgmlspl.pl...
Checking if your kit is complete...
Looks good
Generating a Unix-style Makefile
Writing Makefile for SGMLSpm
Writing MYMETA.yml and MYMETA.json
no configure script, doing nothing
building
Created MYMETA.yml and MYMETA.json
Creating new 'Build' script for 'SGMLSpm' version '1.1'
Building SGMLSpm
running tests
No tests defined.
installing
Building SGMLSpm
Installing /nix/store/1fm4k7rkp67y4bnxscax2i1nrx5x7grl-perl5.32.0-SGMLSpm-1.1/lib/perl5/site_perl/5.32.0/SGMLS.pm
Installing /nix/store/1fm4k7rkp67y4bnxscax2i1nrx5x7grl-perl5.32.0-SGMLSpm-1.1/lib/perl5/site_perl/5.32.0/sgmlspl-specs/skel.pl
Installing /nix/store/1fm4k7rkp67y4bnxscax2i1nrx5x7grl-perl5.32.0-SGMLSpm-1.1/lib/perl5/site_perl/5.32.0/SGMLS/Output.pm
Installing /nix/store/1fm4k7rkp67y4bnxscax2i1nrx5x7grl-perl5.32.0-SGMLSpm-1.1/lib/perl5/site_perl/5.32.0/SGMLS/Refs.pm
Installing /nix/store/1fm4k7rkp67y4bnxscax2i1nrx5x7grl-perl5.32.0-SGMLSpm-1.1/share/man/man3/SGMLS.3
Installing /nix/store/1fm4k7rkp67y4bnxscax2i1nrx5x7grl-perl5.32.0-SGMLSpm-1.1/share/man/man3/SGMLS::Refs.3
Installing /nix/store/1fm4k7rkp67y4bnxscax2i1nrx5x7grl-perl5.32.0-SGMLSpm-1.1/share/man/man3/SGMLS::Output.3
Installing /nix/store/1fm4k7rkp67y4bnxscax2i1nrx5x7grl-perl5.32.0-SGMLSpm-1.1/bin/sgmlspl.pl
post-installation fixup
Moving /nix/store/1fm4k7rkp67y4bnxscax2i1nrx5x7grl-perl5.32.0-SGMLSpm-1.1/share/man/man3 to /nix/store/j7f8xap30r07gzg037bw9n73lcvpwrs9-perl5.32.0-SGMLSpm-1.1-devdoc/share/man/man3
Removing empty /nix/store/1fm4k7rkp67y4bnxscax2i1nrx5x7grl-perl5.32.0-SGMLSpm-1.1/share/man/ and (possibly) its parents
shrinking RPATHs of ELF executables and libraries in /nix/store/1fm4k7rkp67y4bnxscax2i1nrx5x7grl-perl5.32.0-SGMLSpm-1.1
strip is /nix/store/psyzbhp4p088sb9qcs378hfbslcalasl-binutils-2.31.1/bin/strip
stripping (with command strip and flags -S) in /nix/store/1fm4k7rkp67y4bnxscax2i1nrx5x7grl-perl5.32.0-SGMLSpm-1.1/lib  /nix/store/1fm4k7rkp67y4bnxscax2i1nrx5x7grl-perl5.32.0-SGMLSpm-1.1/bin
patching script interpreter paths in /nix/store/1fm4k7rkp67y4bnxscax2i1nrx5x7grl-perl5.32.0-SGMLSpm-1.1
checking for references to /build/ in /nix/store/1fm4k7rkp67y4bnxscax2i1nrx5x7grl-perl5.32.0-SGMLSpm-1.1...
shrinking RPATHs of ELF executables and libraries in /nix/store/j7f8xap30r07gzg037bw9n73lcvpwrs9-perl5.32.0-SGMLSpm-1.1-devdoc
gzipping man pages under /nix/store/j7f8xap30r07gzg037bw9n73lcvpwrs9-perl5.32.0-SGMLSpm-1.1-devdoc/share/man/
strip is /nix/store/psyzbhp4p088sb9qcs378hfbslcalasl-binutils-2.31.1/bin/strip
patching script interpreter paths in /nix/store/j7f8xap30r07gzg037bw9n73lcvpwrs9-perl5.32.0-SGMLSpm-1.1-devdoc
checking for references to /build/ in /nix/store/j7f8xap30r07gzg037bw9n73lcvpwrs9-perl5.32.0-SGMLSpm-1.1-devdoc...
/nix/store/1fm4k7rkp67y4bnxscax2i1nrx5x7grl-perl5.32.0-SGMLSpm-1.1
