these derivations will be built:
  /nix/store/85aiy70ddfmc3w6fglalfqxkdkwrqih4-perl5.32.0-Statistics-Distributions-1.02.drv
these paths will be fetched (0.01 MiB download, 0.01 MiB unpacked):
  /nix/store/bgx8g4n6awwl66r9ijl6lpd7ffh1691m-Statistics-Distributions-1.02.tar.gz
copying path '/nix/store/bgx8g4n6awwl66r9ijl6lpd7ffh1691m-Statistics-Distributions-1.02.tar.gz' from 'https://cache.nixos.org'...
building '/nix/store/85aiy70ddfmc3w6fglalfqxkdkwrqih4-perl5.32.0-Statistics-Distributions-1.02.drv'...
unpacking sources
unpacking source archive /nix/store/bgx8g4n6awwl66r9ijl6lpd7ffh1691m-Statistics-Distributions-1.02.tar.gz
source root is Statistics-Distributions-1.02
setting SOURCE_DATE_EPOCH to timestamp 1065039598 of file Statistics-Distributions-1.02/Changes
patching sources
configuring
Checking if your kit is complete...
Looks good
Generating a Unix-style Makefile
Writing Makefile for Statistics::Distributions
Writing MYMETA.yml and MYMETA.json
no configure script, doing nothing
building
build flags: SHELL=/nix/store/9fqwwd4iybmhjqyxiaxycknslw6bgwh1-bash-4.4-p23/bin/bash
cp Distributions.pm blib/lib/Statistics/Distributions.pm
AutoSplitting blib/lib/Statistics/Distributions.pm (blib/lib/auto/Statistics/Distributions)
Manifying 1 pod document
running tests
check flags: SHELL=/nix/store/9fqwwd4iybmhjqyxiaxycknslw6bgwh1-bash-4.4-p23/bin/bash VERBOSE=y test
PERL_DL_NONLAZY=1 "/nix/store/7c044di03qa7qgr5kjjc2d787aspzp0m-perl-5.32.0/bin/perl" "-Iblib/lib" "-Iblib/arch" test.pl
1..9
ok 1
ok 2
ok 3
ok 4
ok 5
ok 6
ok 7
ok 8
ok 9
installing
install flags: SHELL=/nix/store/9fqwwd4iybmhjqyxiaxycknslw6bgwh1-bash-4.4-p23/bin/bash pkgconfigdir=/nix/store/vbwg9a3zg0wzdhx84zz0wx7nsma682gd-perl5.32.0-Statistics-Distributions-1.02/lib/pkgconfig m4datadir=/nix/store/vbwg9a3zg0wzdhx84zz0wx7nsma682gd-perl5.32.0-Statistics-Distributions-1.02/share/aclocal aclocaldir=/nix/store/vbwg9a3zg0wzdhx84zz0wx7nsma682gd-perl5.32.0-Statistics-Distributions-1.02/share/aclocal install
Manifying 1 pod document
Installing /nix/store/vbwg9a3zg0wzdhx84zz0wx7nsma682gd-perl5.32.0-Statistics-Distributions-1.02/lib/perl5/site_perl/5.32.0/Statistics/Distributions.pm
Installing /nix/store/vbwg9a3zg0wzdhx84zz0wx7nsma682gd-perl5.32.0-Statistics-Distributions-1.02/lib/perl5/site_perl/5.32.0/auto/Statistics/Distributions/autosplit.ix
Installing /nix/store/vbwg9a3zg0wzdhx84zz0wx7nsma682gd-perl5.32.0-Statistics-Distributions-1.02/share/man/man3/Statistics::Distributions.3
Appending installation info to /nix/store/vbwg9a3zg0wzdhx84zz0wx7nsma682gd-perl5.32.0-Statistics-Distributions-1.02/lib/perl5/5.32.0/x86_64-linux-thread-multi/perllocal.pod
post-installation fixup
Moving /nix/store/vbwg9a3zg0wzdhx84zz0wx7nsma682gd-perl5.32.0-Statistics-Distributions-1.02/share/man/man3 to /nix/store/q1j1w4wm94rr58mskviqlscyfd3nixc5-perl5.32.0-Statistics-Distributions-1.02-devdoc/share/man/man3
Removing empty /nix/store/vbwg9a3zg0wzdhx84zz0wx7nsma682gd-perl5.32.0-Statistics-Distributions-1.02/share/man/ and (possibly) its parents
shrinking RPATHs of ELF executables and libraries in /nix/store/vbwg9a3zg0wzdhx84zz0wx7nsma682gd-perl5.32.0-Statistics-Distributions-1.02
strip is /nix/store/psyzbhp4p088sb9qcs378hfbslcalasl-binutils-2.31.1/bin/strip
stripping (with command strip and flags -S) in /nix/store/vbwg9a3zg0wzdhx84zz0wx7nsma682gd-perl5.32.0-Statistics-Distributions-1.02/lib
patching script interpreter paths in /nix/store/vbwg9a3zg0wzdhx84zz0wx7nsma682gd-perl5.32.0-Statistics-Distributions-1.02
checking for references to /build/ in /nix/store/vbwg9a3zg0wzdhx84zz0wx7nsma682gd-perl5.32.0-Statistics-Distributions-1.02...
shrinking RPATHs of ELF executables and libraries in /nix/store/q1j1w4wm94rr58mskviqlscyfd3nixc5-perl5.32.0-Statistics-Distributions-1.02-devdoc
gzipping man pages under /nix/store/q1j1w4wm94rr58mskviqlscyfd3nixc5-perl5.32.0-Statistics-Distributions-1.02-devdoc/share/man/
strip is /nix/store/psyzbhp4p088sb9qcs378hfbslcalasl-binutils-2.31.1/bin/strip
patching script interpreter paths in /nix/store/q1j1w4wm94rr58mskviqlscyfd3nixc5-perl5.32.0-Statistics-Distributions-1.02-devdoc
checking for references to /build/ in /nix/store/q1j1w4wm94rr58mskviqlscyfd3nixc5-perl5.32.0-Statistics-Distributions-1.02-devdoc...
/nix/store/vbwg9a3zg0wzdhx84zz0wx7nsma682gd-perl5.32.0-Statistics-Distributions-1.02
