these derivations will be built:
  /nix/store/82zfqxgp2nrppmhjr107nj8pmigbp4nv-perl5.32.0-Statistics-Basic-1.6611.drv
these paths will be fetched (0.03 MiB download, 0.03 MiB unpacked):
  /nix/store/rd8w8cklg8dy8dn05xqkpkfy1w9rfz6z-Statistics-Basic-1.6611.tar.gz
copying path '/nix/store/rd8w8cklg8dy8dn05xqkpkfy1w9rfz6z-Statistics-Basic-1.6611.tar.gz' from 'https://cache.nixos.org'...
building '/nix/store/82zfqxgp2nrppmhjr107nj8pmigbp4nv-perl5.32.0-Statistics-Basic-1.6611.drv'...
unpacking sources
unpacking source archive /nix/store/rd8w8cklg8dy8dn05xqkpkfy1w9rfz6z-Statistics-Basic-1.6611.tar.gz
source root is Statistics-Basic-1.6611
setting SOURCE_DATE_EPOCH to timestamp 1418890730 of file Statistics-Basic-1.6611/META.yml
patching sources
configuring
patching ./t/critic.t...
patching ./t/pod.t...
patching ./t/pod_coverage.t...
Checking if your kit is complete...
Looks good
Generating a Unix-style Makefile
Writing Makefile for Statistics::Basic
Writing MYMETA.yml and MYMETA.json
no configure script, doing nothing
building
build flags: SHELL=/nix/store/9fqwwd4iybmhjqyxiaxycknslw6bgwh1-bash-4.4-p23/bin/bash
cp lib/Statistics/Basic/Mode.pod blib/lib/Statistics/Basic/Mode.pod
cp Basic/ComputedVector.pm blib/lib/Statistics/Basic/ComputedVector.pm
cp Basic.pm blib/lib/Statistics/Basic.pm
cp lib/Statistics/Basic/StdDev.pod blib/lib/Statistics/Basic/StdDev.pod
cp lib/Statistics/Basic/Variance.pod blib/lib/Statistics/Basic/Variance.pod
cp Basic/Mode.pm blib/lib/Statistics/Basic/Mode.pm
cp lib/Statistics/Basic.pod blib/lib/Statistics/Basic.pod
cp Basic/LeastSquareFit.pm blib/lib/Statistics/Basic/LeastSquareFit.pm
cp lib/Statistics/Basic/Covariance.pod blib/lib/Statistics/Basic/Covariance.pod
cp lib/Statistics/Basic/_OneVectorBase.pod blib/lib/Statistics/Basic/_OneVectorBase.pod
cp lib/Statistics/Basic/Correlation.pod blib/lib/Statistics/Basic/Correlation.pod
cp Basic/Correlation.pm blib/lib/Statistics/Basic/Correlation.pm
cp lib/Statistics/Basic/Mean.pod blib/lib/Statistics/Basic/Mean.pod
cp Basic/Vector.pm blib/lib/Statistics/Basic/Vector.pm
cp lib/Statistics/Basic/Median.pod blib/lib/Statistics/Basic/Median.pod
cp lib/Statistics/Basic/_TwoVectorBase.pod blib/lib/Statistics/Basic/_TwoVectorBase.pod
cp Basic/Mean.pm blib/lib/Statistics/Basic/Mean.pm
cp Basic/Median.pm blib/lib/Statistics/Basic/Median.pm
cp lib/Statistics/Basic/ComputedVector.pod blib/lib/Statistics/Basic/ComputedVector.pod
cp Basic/Variance.pm blib/lib/Statistics/Basic/Variance.pm
cp Basic/StdDev.pm blib/lib/Statistics/Basic/StdDev.pm
cp Basic/Covariance.pm blib/lib/Statistics/Basic/Covariance.pm
cp lib/Statistics/Basic/LeastSquareFit.pod blib/lib/Statistics/Basic/LeastSquareFit.pod
cp Basic/_TwoVectorBase.pm blib/lib/Statistics/Basic/_TwoVectorBase.pm
cp Basic/_OneVectorBase.pm blib/lib/Statistics/Basic/_OneVectorBase.pm
cp lib/Statistics/Basic/Vector.pod blib/lib/Statistics/Basic/Vector.pod
Manifying 13 pod documents
running tests
check flags: SHELL=/nix/store/9fqwwd4iybmhjqyxiaxycknslw6bgwh1-bash-4.4-p23/bin/bash VERBOSE=y test
PERL_DL_NONLAZY=1 "/nix/store/7c044di03qa7qgr5kjjc2d787aspzp0m-perl-5.32.0/bin/perl" "-MExtUtils::Command::MM" "-MTest::Harness" "-e" "undef *Test::Harness::Switches; test_harness(0, 'blib/lib', 'blib/arch')" t/*.t
t/05_load_them.t ................... ok
t/07_vector.t ...................... ok
t/08_cvec.t ........................ ok
t/08_filter_outliers.t ............. ok
t/09_test_importer_vars_debug.t .... ok
t/09_test_importer_vars_debug0.t ... ok
t/09_test_importer_vars_debug1.t ... ok
t/09_test_importer_vars_ipres.t .... ok
t/09_test_importer_vars_ipres1.t ... ok
t/09_test_importer_vars_ipres2.t ... ok
t/09_test_importer_vars_nofill.t ... ok
t/09_test_importer_vars_nofill0.t .. ok
t/09_test_importer_vars_nofill1.t .. ok
t/09_test_importer_vars_toler.t .... ok
t/09_test_importer_vars_toler1.t ... ok
t/10_mean.t ........................ ok
t/10_median.t ...................... ok
t/10_mode.t ........................ ok
t/10_moving_average.t .............. ok
t/15_covariance.t .................. ok
t/15_variance.t .................... ok
t/17_stddev.t ...................... ok
t/19_combo.t ....................... ok
t/20_correlation.t ................. ok
t/20_LSF.t ......................... ok
t/25_correlate_computed.t .......... ok
t/30_empty_constructor_tests.t ..... ok
t/53_co_persistance.t .............. ok
t/53_persistance.t ................. ok
t/54_doc_example.t ................. ok
t/60_bigfloats.t ...................  [M::BF version: 1.999818]
t/60_bigfloats.t ................... ok
t/75_filtered_missings.t ........... ok
t/75_missing_correlated.t .......... ok
t/critic.t ......................... skipped: Author test.
t/pod.t ............................ skipped: Author test.
t/pod_coverage.t ................... skipped: Author test.
All tests successful.
Files=36, Tests=221,  1 wallclock secs ( 0.10 usr  0.03 sys +  1.08 cusr  0.19 csys =  1.40 CPU)
Result: PASS
installing
install flags: SHELL=/nix/store/9fqwwd4iybmhjqyxiaxycknslw6bgwh1-bash-4.4-p23/bin/bash pkgconfigdir=/nix/store/xgh2xbsb41rkizsr0da2w419bmm58c3q-perl5.32.0-Statistics-Basic-1.6611/lib/pkgconfig m4datadir=/nix/store/xgh2xbsb41rkizsr0da2w419bmm58c3q-perl5.32.0-Statistics-Basic-1.6611/share/aclocal aclocaldir=/nix/store/xgh2xbsb41rkizsr0da2w419bmm58c3q-perl5.32.0-Statistics-Basic-1.6611/share/aclocal install
Manifying 13 pod documents
Installing /nix/store/xgh2xbsb41rkizsr0da2w419bmm58c3q-perl5.32.0-Statistics-Basic-1.6611/lib/perl5/site_perl/5.32.0/Statistics/Basic.pm
Installing /nix/store/xgh2xbsb41rkizsr0da2w419bmm58c3q-perl5.32.0-Statistics-Basic-1.6611/lib/perl5/site_perl/5.32.0/Statistics/Basic.pod
Installing /nix/store/xgh2xbsb41rkizsr0da2w419bmm58c3q-perl5.32.0-Statistics-Basic-1.6611/lib/perl5/site_perl/5.32.0/Statistics/Basic/Covariance.pm
Installing /nix/store/xgh2xbsb41rkizsr0da2w419bmm58c3q-perl5.32.0-Statistics-Basic-1.6611/lib/perl5/site_perl/5.32.0/Statistics/Basic/Correlation.pm
Installing /nix/store/xgh2xbsb41rkizsr0da2w419bmm58c3q-perl5.32.0-Statistics-Basic-1.6611/lib/perl5/site_perl/5.32.0/Statistics/Basic/Correlation.pod
Installing /nix/store/xgh2xbsb41rkizsr0da2w419bmm58c3q-perl5.32.0-Statistics-Basic-1.6611/lib/perl5/site_perl/5.32.0/Statistics/Basic/_OneVectorBase.pod
Installing /nix/store/xgh2xbsb41rkizsr0da2w419bmm58c3q-perl5.32.0-Statistics-Basic-1.6611/lib/perl5/site_perl/5.32.0/Statistics/Basic/Mean.pod
Installing /nix/store/xgh2xbsb41rkizsr0da2w419bmm58c3q-perl5.32.0-Statistics-Basic-1.6611/lib/perl5/site_perl/5.32.0/Statistics/Basic/Median.pod
Installing /nix/store/xgh2xbsb41rkizsr0da2w419bmm58c3q-perl5.32.0-Statistics-Basic-1.6611/lib/perl5/site_perl/5.32.0/Statistics/Basic/Mode.pod
Installing /nix/store/xgh2xbsb41rkizsr0da2w419bmm58c3q-perl5.32.0-Statistics-Basic-1.6611/lib/perl5/site_perl/5.32.0/Statistics/Basic/StdDev.pm
Installing /nix/store/xgh2xbsb41rkizsr0da2w419bmm58c3q-perl5.32.0-Statistics-Basic-1.6611/lib/perl5/site_perl/5.32.0/Statistics/Basic/Variance.pm
Installing /nix/store/xgh2xbsb41rkizsr0da2w419bmm58c3q-perl5.32.0-Statistics-Basic-1.6611/lib/perl5/site_perl/5.32.0/Statistics/Basic/ComputedVector.pod
Installing /nix/store/xgh2xbsb41rkizsr0da2w419bmm58c3q-perl5.32.0-Statistics-Basic-1.6611/lib/perl5/site_perl/5.32.0/Statistics/Basic/Mean.pm
Installing /nix/store/xgh2xbsb41rkizsr0da2w419bmm58c3q-perl5.32.0-Statistics-Basic-1.6611/lib/perl5/site_perl/5.32.0/Statistics/Basic/LeastSquareFit.pod
Installing /nix/store/xgh2xbsb41rkizsr0da2w419bmm58c3q-perl5.32.0-Statistics-Basic-1.6611/lib/perl5/site_perl/5.32.0/Statistics/Basic/Vector.pm
Installing /nix/store/xgh2xbsb41rkizsr0da2w419bmm58c3q-perl5.32.0-Statistics-Basic-1.6611/lib/perl5/site_perl/5.32.0/Statistics/Basic/ComputedVector.pm
Installing /nix/store/xgh2xbsb41rkizsr0da2w419bmm58c3q-perl5.32.0-Statistics-Basic-1.6611/lib/perl5/site_perl/5.32.0/Statistics/Basic/_TwoVectorBase.pod
Installing /nix/store/xgh2xbsb41rkizsr0da2w419bmm58c3q-perl5.32.0-Statistics-Basic-1.6611/lib/perl5/site_perl/5.32.0/Statistics/Basic/StdDev.pod
Installing /nix/store/xgh2xbsb41rkizsr0da2w419bmm58c3q-perl5.32.0-Statistics-Basic-1.6611/lib/perl5/site_perl/5.32.0/Statistics/Basic/Variance.pod
Installing /nix/store/xgh2xbsb41rkizsr0da2w419bmm58c3q-perl5.32.0-Statistics-Basic-1.6611/lib/perl5/site_perl/5.32.0/Statistics/Basic/Mode.pm
Installing /nix/store/xgh2xbsb41rkizsr0da2w419bmm58c3q-perl5.32.0-Statistics-Basic-1.6611/lib/perl5/site_perl/5.32.0/Statistics/Basic/_OneVectorBase.pm
Installing /nix/store/xgh2xbsb41rkizsr0da2w419bmm58c3q-perl5.32.0-Statistics-Basic-1.6611/lib/perl5/site_perl/5.32.0/Statistics/Basic/Covariance.pod
Installing /nix/store/xgh2xbsb41rkizsr0da2w419bmm58c3q-perl5.32.0-Statistics-Basic-1.6611/lib/perl5/site_perl/5.32.0/Statistics/Basic/_TwoVectorBase.pm
Installing /nix/store/xgh2xbsb41rkizsr0da2w419bmm58c3q-perl5.32.0-Statistics-Basic-1.6611/lib/perl5/site_perl/5.32.0/Statistics/Basic/LeastSquareFit.pm
Installing /nix/store/xgh2xbsb41rkizsr0da2w419bmm58c3q-perl5.32.0-Statistics-Basic-1.6611/lib/perl5/site_perl/5.32.0/Statistics/Basic/Vector.pod
Installing /nix/store/xgh2xbsb41rkizsr0da2w419bmm58c3q-perl5.32.0-Statistics-Basic-1.6611/lib/perl5/site_perl/5.32.0/Statistics/Basic/Median.pm
Installing /nix/store/xgh2xbsb41rkizsr0da2w419bmm58c3q-perl5.32.0-Statistics-Basic-1.6611/share/man/man3/Statistics::Basic::_OneVectorBase.3
Installing /nix/store/xgh2xbsb41rkizsr0da2w419bmm58c3q-perl5.32.0-Statistics-Basic-1.6611/share/man/man3/Statistics::Basic::Correlation.3
Installing /nix/store/xgh2xbsb41rkizsr0da2w419bmm58c3q-perl5.32.0-Statistics-Basic-1.6611/share/man/man3/Statistics::Basic::Mode.3
Installing /nix/store/xgh2xbsb41rkizsr0da2w419bmm58c3q-perl5.32.0-Statistics-Basic-1.6611/share/man/man3/Statistics::Basic::ComputedVector.3
Installing /nix/store/xgh2xbsb41rkizsr0da2w419bmm58c3q-perl5.32.0-Statistics-Basic-1.6611/share/man/man3/Statistics::Basic::Median.3
Installing /nix/store/xgh2xbsb41rkizsr0da2w419bmm58c3q-perl5.32.0-Statistics-Basic-1.6611/share/man/man3/Statistics::Basic::Covariance.3
Installing /nix/store/xgh2xbsb41rkizsr0da2w419bmm58c3q-perl5.32.0-Statistics-Basic-1.6611/share/man/man3/Statistics::Basic::_TwoVectorBase.3
Installing /nix/store/xgh2xbsb41rkizsr0da2w419bmm58c3q-perl5.32.0-Statistics-Basic-1.6611/share/man/man3/Statistics::Basic::Vector.3
Installing /nix/store/xgh2xbsb41rkizsr0da2w419bmm58c3q-perl5.32.0-Statistics-Basic-1.6611/share/man/man3/Statistics::Basic::LeastSquareFit.3
Installing /nix/store/xgh2xbsb41rkizsr0da2w419bmm58c3q-perl5.32.0-Statistics-Basic-1.6611/share/man/man3/Statistics::Basic::Variance.3
Installing /nix/store/xgh2xbsb41rkizsr0da2w419bmm58c3q-perl5.32.0-Statistics-Basic-1.6611/share/man/man3/Statistics::Basic::StdDev.3
Installing /nix/store/xgh2xbsb41rkizsr0da2w419bmm58c3q-perl5.32.0-Statistics-Basic-1.6611/share/man/man3/Statistics::Basic.3
Installing /nix/store/xgh2xbsb41rkizsr0da2w419bmm58c3q-perl5.32.0-Statistics-Basic-1.6611/share/man/man3/Statistics::Basic::Mean.3
Appending installation info to /nix/store/xgh2xbsb41rkizsr0da2w419bmm58c3q-perl5.32.0-Statistics-Basic-1.6611/lib/perl5/5.32.0/x86_64-linux-thread-multi/perllocal.pod
post-installation fixup
Moving /nix/store/xgh2xbsb41rkizsr0da2w419bmm58c3q-perl5.32.0-Statistics-Basic-1.6611/share/man/man3 to /nix/store/y0ym45yqppksyqj4wc36h77w6byqi6qm-perl5.32.0-Statistics-Basic-1.6611-devdoc/share/man/man3
Removing empty /nix/store/xgh2xbsb41rkizsr0da2w419bmm58c3q-perl5.32.0-Statistics-Basic-1.6611/share/man/ and (possibly) its parents
shrinking RPATHs of ELF executables and libraries in /nix/store/xgh2xbsb41rkizsr0da2w419bmm58c3q-perl5.32.0-Statistics-Basic-1.6611
strip is /nix/store/psyzbhp4p088sb9qcs378hfbslcalasl-binutils-2.31.1/bin/strip
stripping (with command strip and flags -S) in /nix/store/xgh2xbsb41rkizsr0da2w419bmm58c3q-perl5.32.0-Statistics-Basic-1.6611/lib
patching script interpreter paths in /nix/store/xgh2xbsb41rkizsr0da2w419bmm58c3q-perl5.32.0-Statistics-Basic-1.6611
checking for references to /build/ in /nix/store/xgh2xbsb41rkizsr0da2w419bmm58c3q-perl5.32.0-Statistics-Basic-1.6611...
shrinking RPATHs of ELF executables and libraries in /nix/store/y0ym45yqppksyqj4wc36h77w6byqi6qm-perl5.32.0-Statistics-Basic-1.6611-devdoc
gzipping man pages under /nix/store/y0ym45yqppksyqj4wc36h77w6byqi6qm-perl5.32.0-Statistics-Basic-1.6611-devdoc/share/man/
strip is /nix/store/psyzbhp4p088sb9qcs378hfbslcalasl-binutils-2.31.1/bin/strip
patching script interpreter paths in /nix/store/y0ym45yqppksyqj4wc36h77w6byqi6qm-perl5.32.0-Statistics-Basic-1.6611-devdoc
checking for references to /build/ in /nix/store/y0ym45yqppksyqj4wc36h77w6byqi6qm-perl5.32.0-Statistics-Basic-1.6611-devdoc...
/nix/store/xgh2xbsb41rkizsr0da2w419bmm58c3q-perl5.32.0-Statistics-Basic-1.6611
