these derivations will be built:
  /nix/store/i5gvmpgkhlllihw9b077wi1dl8bcn3mm-perl5.32.0-String-Random-0.30.drv
these paths will be fetched (0.02 MiB download, 0.02 MiB unpacked):
  /nix/store/xxih5c5vjijsjidrcnpgm02phd4lk8wp-String-Random-0.30.tar.gz
copying path '/nix/store/xxih5c5vjijsjidrcnpgm02phd4lk8wp-String-Random-0.30.tar.gz' from 'https://cache.nixos.org'...
building '/nix/store/i5gvmpgkhlllihw9b077wi1dl8bcn3mm-perl5.32.0-String-Random-0.30.drv'...
unpacking sources
unpacking source archive /nix/store/xxih5c5vjijsjidrcnpgm02phd4lk8wp-String-Random-0.30.tar.gz
source root is String-Random-0.30
setting SOURCE_DATE_EPOCH to timestamp 1527011755 of file String-Random-0.30/xt/release/trailing-space.t
patching sources
configuring
patching ./xt/release/trailing-space.t...
patching ./xt/author/pod-coverage.t...
patching ./xt/author/pod-syntax.t...
no configure script, doing nothing
building
Created MYMETA.yml and MYMETA.json
Creating new 'Build' script for 'String-Random' version '0.30'
Building String-Random
running tests
t/00-compile.t ........ ok
t/01_use.t ............ ok
t/02_new.t ............ ok
t/03_random_string.t .. ok
t/04_randpattern.t .... ok
t/05_randregex.t ...... ok
t/06_random_regex.t ... ok
t/07_rand_gen.t ....... ok
All tests successful.
Files=8, Tests=165,  1 wallclock secs ( 0.04 usr  0.00 sys +  0.42 cusr  0.07 csys =  0.53 CPU)
Result: PASS
installing
Building String-Random
Installing /nix/store/8vwm9m7v02n8p2d6jgvf46h2zzpfrzsa-perl5.32.0-String-Random-0.30/lib/perl5/site_perl/5.32.0/String/Random.pm
Installing /nix/store/8vwm9m7v02n8p2d6jgvf46h2zzpfrzsa-perl5.32.0-String-Random-0.30/share/man/man3/String::Random.3
post-installation fixup
Moving /nix/store/8vwm9m7v02n8p2d6jgvf46h2zzpfrzsa-perl5.32.0-String-Random-0.30/share/man/man3 to /nix/store/p5x535rggvb8d1vsqi1wjh5w74hkbnzw-perl5.32.0-String-Random-0.30-devdoc/share/man/man3
Removing empty /nix/store/8vwm9m7v02n8p2d6jgvf46h2zzpfrzsa-perl5.32.0-String-Random-0.30/share/man/ and (possibly) its parents
shrinking RPATHs of ELF executables and libraries in /nix/store/8vwm9m7v02n8p2d6jgvf46h2zzpfrzsa-perl5.32.0-String-Random-0.30
strip is /nix/store/psyzbhp4p088sb9qcs378hfbslcalasl-binutils-2.31.1/bin/strip
stripping (with command strip and flags -S) in /nix/store/8vwm9m7v02n8p2d6jgvf46h2zzpfrzsa-perl5.32.0-String-Random-0.30/lib
patching script interpreter paths in /nix/store/8vwm9m7v02n8p2d6jgvf46h2zzpfrzsa-perl5.32.0-String-Random-0.30
checking for references to /build/ in /nix/store/8vwm9m7v02n8p2d6jgvf46h2zzpfrzsa-perl5.32.0-String-Random-0.30...
shrinking RPATHs of ELF executables and libraries in /nix/store/p5x535rggvb8d1vsqi1wjh5w74hkbnzw-perl5.32.0-String-Random-0.30-devdoc
gzipping man pages under /nix/store/p5x535rggvb8d1vsqi1wjh5w74hkbnzw-perl5.32.0-String-Random-0.30-devdoc/share/man/
strip is /nix/store/psyzbhp4p088sb9qcs378hfbslcalasl-binutils-2.31.1/bin/strip
patching script interpreter paths in /nix/store/p5x535rggvb8d1vsqi1wjh5w74hkbnzw-perl5.32.0-String-Random-0.30-devdoc
checking for references to /build/ in /nix/store/p5x535rggvb8d1vsqi1wjh5w74hkbnzw-perl5.32.0-String-Random-0.30-devdoc...
/nix/store/8vwm9m7v02n8p2d6jgvf46h2zzpfrzsa-perl5.32.0-String-Random-0.30
