these derivations will be built:
  /nix/store/knlmqxc7wcp8n8vb09iwx5smnzkhb5k3-perl5.32.0-String-Approx-3.28.drv
these paths will be fetched (0.04 MiB download, 0.04 MiB unpacked):
  /nix/store/xk74yl3bn4qx2a1dv16bjzzrqznbxk1b-String-Approx-3.28.tar.gz
copying path '/nix/store/xk74yl3bn4qx2a1dv16bjzzrqznbxk1b-String-Approx-3.28.tar.gz' from 'https://cache.nixos.org'...
building '/nix/store/knlmqxc7wcp8n8vb09iwx5smnzkhb5k3-perl5.32.0-String-Approx-3.28.drv'...
unpacking sources
unpacking source archive /nix/store/xk74yl3bn4qx2a1dv16bjzzrqznbxk1b-String-Approx-3.28.tar.gz
source root is String-Approx-3.28
setting SOURCE_DATE_EPOCH to timestamp 1492332621 of file String-Approx-3.28/META.yml
patching sources
configuring
Checking if your kit is complete...
Looks good
Generating a Unix-style Makefile
Writing Makefile for String::Approx
Writing MYMETA.yml and MYMETA.json
no configure script, doing nothing
building
build flags: SHELL=/nix/store/9fqwwd4iybmhjqyxiaxycknslw6bgwh1-bash-4.4-p23/bin/bash
cp Approx.pm blib/lib/String/Approx.pm
Running Mkbootstrap for Approx ()
chmod 644 "Approx.bs"
"/nix/store/7c044di03qa7qgr5kjjc2d787aspzp0m-perl-5.32.0/bin/perl" -MExtUtils::Command::MM -e 'cp_nonempty' -- Approx.bs blib/arch/auto/String/Approx/Approx.bs 644
"/nix/store/7c044di03qa7qgr5kjjc2d787aspzp0m-perl-5.32.0/bin/perl" "/nix/store/7c044di03qa7qgr5kjjc2d787aspzp0m-perl-5.32.0/lib/perl5/5.32.0/ExtUtils/xsubpp"  -typemap '/nix/store/7c044di03qa7qgr5kjjc2d787aspzp0m-perl-5.32.0/lib/perl5/5.32.0/ExtUtils/typemap' -typemap '/build/String-Approx-3.28/typemap'  Approx.xs > Approx.xsc
mv Approx.xsc Approx.c
cc -c   -D_REENTRANT -D_GNU_SOURCE -fwrapv -fno-strict-aliasing -pipe -fstack-protector-strong -I/no-such-path/include -D_LARGEFILE_SOURCE -D_FILE_OFFSET_BITS=64 -O2   -DVERSION=\"3.28\" -DXS_VERSION=\"3.28\" -fPIC "-I/nix/store/7c044di03qa7qgr5kjjc2d787aspzp0m-perl-5.32.0/lib/perl5/5.32.0/x86_64-linux-thread-multi/CORE"   Approx.c
cc -c   -D_REENTRANT -D_GNU_SOURCE -fwrapv -fno-strict-aliasing -pipe -fstack-protector-strong -I/no-such-path/include -D_LARGEFILE_SOURCE -D_FILE_OFFSET_BITS=64 -O2   -DVERSION=\"3.28\" -DXS_VERSION=\"3.28\" -fPIC "-I/nix/store/7c044di03qa7qgr5kjjc2d787aspzp0m-perl-5.32.0/lib/perl5/5.32.0/x86_64-linux-thread-multi/CORE"   apse.c
rm -f blib/arch/auto/String/Approx/Approx.so
cc  -shared -O2 -L/nix/store/68pw3wxwkrx0rwzjifm7g1jxy5g2sg1p-glibc-2.31/lib -fstack-protector-strong  Approx.o apse.o  -o blib/arch/auto/String/Approx/Approx.so  \
      \

chmod 755 blib/arch/auto/String/Approx/Approx.so
Manifying 1 pod document
running tests
check flags: SHELL=/nix/store/9fqwwd4iybmhjqyxiaxycknslw6bgwh1-bash-4.4-p23/bin/bash VERBOSE=y test
"/nix/store/7c044di03qa7qgr5kjjc2d787aspzp0m-perl-5.32.0/bin/perl" -MExtUtils::Command::MM -e 'cp_nonempty' -- Approx.bs blib/arch/auto/String/Approx/Approx.bs 644
PERL_DL_NONLAZY=1 "/nix/store/7c044di03qa7qgr5kjjc2d787aspzp0m-perl-5.32.0/bin/perl" "-MExtUtils::Command::MM" "-MTest::Harness" "-e" "undef *Test::Harness::Switches; test_harness(0, 'blib/lib', 'blib/arch')" t/*.t
t/adist.t .... ok
t/aindex.t ... ok
t/amatch.t ... ok
t/arindex.t .. ok
t/aslice.t ... ok
t/asubst.t ... ok
t/user.t ..... ok
All tests successful.
Files=7, Tests=140,  1 wallclock secs ( 0.04 usr  0.01 sys +  0.34 cusr  0.06 csys =  0.45 CPU)
Result: PASS
installing
install flags: SHELL=/nix/store/9fqwwd4iybmhjqyxiaxycknslw6bgwh1-bash-4.4-p23/bin/bash pkgconfigdir=/nix/store/40xpbj9g4v0v7d9c0igrsxwvjhada4jc-perl5.32.0-String-Approx-3.28/lib/pkgconfig m4datadir=/nix/store/40xpbj9g4v0v7d9c0igrsxwvjhada4jc-perl5.32.0-String-Approx-3.28/share/aclocal aclocaldir=/nix/store/40xpbj9g4v0v7d9c0igrsxwvjhada4jc-perl5.32.0-String-Approx-3.28/share/aclocal install
"/nix/store/7c044di03qa7qgr5kjjc2d787aspzp0m-perl-5.32.0/bin/perl" -MExtUtils::Command::MM -e 'cp_nonempty' -- Approx.bs blib/arch/auto/String/Approx/Approx.bs 644
Manifying 1 pod document
Files found in blib/arch: installing files in blib/lib into architecture dependent library tree
Installing /nix/store/40xpbj9g4v0v7d9c0igrsxwvjhada4jc-perl5.32.0-String-Approx-3.28/lib/perl5/site_perl/5.32.0/x86_64-linux-thread-multi/auto/String/Approx/Approx.so
Installing /nix/store/40xpbj9g4v0v7d9c0igrsxwvjhada4jc-perl5.32.0-String-Approx-3.28/lib/perl5/site_perl/5.32.0/x86_64-linux-thread-multi/String/Approx.pm
Installing /nix/store/40xpbj9g4v0v7d9c0igrsxwvjhada4jc-perl5.32.0-String-Approx-3.28/share/man/man3/String::Approx.3
Appending installation info to /nix/store/40xpbj9g4v0v7d9c0igrsxwvjhada4jc-perl5.32.0-String-Approx-3.28/lib/perl5/5.32.0/x86_64-linux-thread-multi/perllocal.pod
post-installation fixup
Moving /nix/store/40xpbj9g4v0v7d9c0igrsxwvjhada4jc-perl5.32.0-String-Approx-3.28/share/man/man3 to /nix/store/i3jd61pr3gl2q7pls4a6i4g16xgrlm7h-perl5.32.0-String-Approx-3.28-devdoc/share/man/man3
Removing empty /nix/store/40xpbj9g4v0v7d9c0igrsxwvjhada4jc-perl5.32.0-String-Approx-3.28/share/man/ and (possibly) its parents
shrinking RPATHs of ELF executables and libraries in /nix/store/40xpbj9g4v0v7d9c0igrsxwvjhada4jc-perl5.32.0-String-Approx-3.28
shrinking /nix/store/40xpbj9g4v0v7d9c0igrsxwvjhada4jc-perl5.32.0-String-Approx-3.28/lib/perl5/site_perl/5.32.0/x86_64-linux-thread-multi/auto/String/Approx/Approx.so
strip is /nix/store/psyzbhp4p088sb9qcs378hfbslcalasl-binutils-2.31.1/bin/strip
stripping (with command strip and flags -S) in /nix/store/40xpbj9g4v0v7d9c0igrsxwvjhada4jc-perl5.32.0-String-Approx-3.28/lib
patching script interpreter paths in /nix/store/40xpbj9g4v0v7d9c0igrsxwvjhada4jc-perl5.32.0-String-Approx-3.28
checking for references to /build/ in /nix/store/40xpbj9g4v0v7d9c0igrsxwvjhada4jc-perl5.32.0-String-Approx-3.28...
shrinking RPATHs of ELF executables and libraries in /nix/store/i3jd61pr3gl2q7pls4a6i4g16xgrlm7h-perl5.32.0-String-Approx-3.28-devdoc
gzipping man pages under /nix/store/i3jd61pr3gl2q7pls4a6i4g16xgrlm7h-perl5.32.0-String-Approx-3.28-devdoc/share/man/
strip is /nix/store/psyzbhp4p088sb9qcs378hfbslcalasl-binutils-2.31.1/bin/strip
patching script interpreter paths in /nix/store/i3jd61pr3gl2q7pls4a6i4g16xgrlm7h-perl5.32.0-String-Approx-3.28-devdoc
checking for references to /build/ in /nix/store/i3jd61pr3gl2q7pls4a6i4g16xgrlm7h-perl5.32.0-String-Approx-3.28-devdoc...
/nix/store/40xpbj9g4v0v7d9c0igrsxwvjhada4jc-perl5.32.0-String-Approx-3.28
