these derivations will be built:
  /nix/store/p5p00c6y5mv83h1kd5pdrl64dx7iasqp-perl5.32.0-Symbol-Global-Name-0.05.drv
these paths will be fetched (0.02 MiB download, 0.02 MiB unpacked):
  /nix/store/79wf4dyj5kf613bkbvcwgiy073v70ix5-Symbol-Global-Name-0.05.tar.gz
copying path '/nix/store/79wf4dyj5kf613bkbvcwgiy073v70ix5-Symbol-Global-Name-0.05.tar.gz' from 'https://cache.nixos.org'...
building '/nix/store/p5p00c6y5mv83h1kd5pdrl64dx7iasqp-perl5.32.0-Symbol-Global-Name-0.05.drv'...
unpacking sources
unpacking source archive /nix/store/79wf4dyj5kf613bkbvcwgiy073v70ix5-Symbol-Global-Name-0.05.tar.gz
source root is Symbol-Global-Name-0.05
setting SOURCE_DATE_EPOCH to timestamp 1392324369 of file Symbol-Global-Name-0.05/SIGNATURE
patching sources
configuring
Checking if your kit is complete...
Looks good
Generating a Unix-style Makefile
Writing Makefile for Symbol::Global::Name
Writing MYMETA.yml and MYMETA.json
no configure script, doing nothing
building
build flags: SHELL=/nix/store/9fqwwd4iybmhjqyxiaxycknslw6bgwh1-bash-4.4-p23/bin/bash
cp lib/Symbol/Global/Name.pm blib/lib/Symbol/Global/Name.pm
Manifying 1 pod document
running tests
check flags: SHELL=/nix/store/9fqwwd4iybmhjqyxiaxycknslw6bgwh1-bash-4.4-p23/bin/bash VERBOSE=y test
PERL_DL_NONLAZY=1 "/nix/store/7c044di03qa7qgr5kjjc2d787aspzp0m-perl-5.32.0/bin/perl" "-MExtUtils::Command::MM" "-MTest::Harness" "-e" "undef *Test::Harness::Switches; test_harness(0, 'inc', 'blib/lib', 'blib/arch')" t/*.t
t/basics.t .. ok
All tests successful.
Files=1, Tests=6,  1 wallclock secs ( 0.02 usr  0.01 sys +  0.05 cusr  0.00 csys =  0.08 CPU)
Result: PASS
installing
install flags: SHELL=/nix/store/9fqwwd4iybmhjqyxiaxycknslw6bgwh1-bash-4.4-p23/bin/bash pkgconfigdir=/nix/store/8iiqrm6hq52k6rcmwsaylg639nni87w0-perl5.32.0-Symbol-Global-Name-0.05/lib/pkgconfig m4datadir=/nix/store/8iiqrm6hq52k6rcmwsaylg639nni87w0-perl5.32.0-Symbol-Global-Name-0.05/share/aclocal aclocaldir=/nix/store/8iiqrm6hq52k6rcmwsaylg639nni87w0-perl5.32.0-Symbol-Global-Name-0.05/share/aclocal install
Manifying 1 pod document
Installing /nix/store/8iiqrm6hq52k6rcmwsaylg639nni87w0-perl5.32.0-Symbol-Global-Name-0.05/lib/perl5/site_perl/5.32.0/Symbol/Global/Name.pm
Installing /nix/store/8iiqrm6hq52k6rcmwsaylg639nni87w0-perl5.32.0-Symbol-Global-Name-0.05/share/man/man3/Symbol::Global::Name.3
Appending installation info to /nix/store/8iiqrm6hq52k6rcmwsaylg639nni87w0-perl5.32.0-Symbol-Global-Name-0.05/lib/perl5/5.32.0/x86_64-linux-thread-multi/perllocal.pod
post-installation fixup
Moving /nix/store/8iiqrm6hq52k6rcmwsaylg639nni87w0-perl5.32.0-Symbol-Global-Name-0.05/share/man/man3 to /nix/store/gg1w8mzs2ia5xgbjwa45ylfhhvqhyqgh-perl5.32.0-Symbol-Global-Name-0.05-devdoc/share/man/man3
Removing empty /nix/store/8iiqrm6hq52k6rcmwsaylg639nni87w0-perl5.32.0-Symbol-Global-Name-0.05/share/man/ and (possibly) its parents
shrinking RPATHs of ELF executables and libraries in /nix/store/8iiqrm6hq52k6rcmwsaylg639nni87w0-perl5.32.0-Symbol-Global-Name-0.05
strip is /nix/store/psyzbhp4p088sb9qcs378hfbslcalasl-binutils-2.31.1/bin/strip
stripping (with command strip and flags -S) in /nix/store/8iiqrm6hq52k6rcmwsaylg639nni87w0-perl5.32.0-Symbol-Global-Name-0.05/lib
patching script interpreter paths in /nix/store/8iiqrm6hq52k6rcmwsaylg639nni87w0-perl5.32.0-Symbol-Global-Name-0.05
checking for references to /build/ in /nix/store/8iiqrm6hq52k6rcmwsaylg639nni87w0-perl5.32.0-Symbol-Global-Name-0.05...
shrinking RPATHs of ELF executables and libraries in /nix/store/gg1w8mzs2ia5xgbjwa45ylfhhvqhyqgh-perl5.32.0-Symbol-Global-Name-0.05-devdoc
gzipping man pages under /nix/store/gg1w8mzs2ia5xgbjwa45ylfhhvqhyqgh-perl5.32.0-Symbol-Global-Name-0.05-devdoc/share/man/
strip is /nix/store/psyzbhp4p088sb9qcs378hfbslcalasl-binutils-2.31.1/bin/strip
patching script interpreter paths in /nix/store/gg1w8mzs2ia5xgbjwa45ylfhhvqhyqgh-perl5.32.0-Symbol-Global-Name-0.05-devdoc
checking for references to /build/ in /nix/store/gg1w8mzs2ia5xgbjwa45ylfhhvqhyqgh-perl5.32.0-Symbol-Global-Name-0.05-devdoc...
/nix/store/8iiqrm6hq52k6rcmwsaylg639nni87w0-perl5.32.0-Symbol-Global-Name-0.05
