these derivations will be built:
  /nix/store/fzwfp1jvg38y0ymw2avlcdf33p62d7l9-perl5.32.0-Template-Plugin-IO-All-0.01.drv
these paths will be fetched (0.01 MiB download, 0.01 MiB unpacked):
  /nix/store/6byljdds7azl8j57wy1igcq17mdr0dii-Template-Plugin-IO-All-0.01.tar.gz
copying path '/nix/store/6byljdds7azl8j57wy1igcq17mdr0dii-Template-Plugin-IO-All-0.01.tar.gz' from 'https://cache.nixos.org'...
building '/nix/store/fzwfp1jvg38y0ymw2avlcdf33p62d7l9-perl5.32.0-Template-Plugin-IO-All-0.01.drv'...
unpacking sources
unpacking source archive /nix/store/6byljdds7azl8j57wy1igcq17mdr0dii-Template-Plugin-IO-All-0.01.tar.gz
source root is Template-Plugin-IO-All-0.01
setting SOURCE_DATE_EPOCH to timestamp 1136121434 of file Template-Plugin-IO-All-0.01/inc/Module/Install/WriteAll.pm
patching sources
configuring
Checking if your kit is complete...
Looks good
Generating a Unix-style Makefile
Writing Makefile for Template::Plugin::IO::All
Writing MYMETA.yml and MYMETA.json
no configure script, doing nothing
building
build flags: SHELL=/nix/store/9fqwwd4iybmhjqyxiaxycknslw6bgwh1-bash-4.4-p23/bin/bash
cp lib/Template/Plugin/IO/All.pm blib/lib/Template/Plugin/IO/All.pm
Manifying 1 pod document
running tests
check flags: SHELL=/nix/store/9fqwwd4iybmhjqyxiaxycknslw6bgwh1-bash-4.4-p23/bin/bash VERBOSE=y test
PERL_DL_NONLAZY=1 "/nix/store/7c044di03qa7qgr5kjjc2d787aspzp0m-perl-5.32.0/bin/perl" "-MExtUtils::Command::MM" "-MTest::Harness" "-e" "undef *Test::Harness::Switches; test_harness(0, 'inc', 'blib/lib', 'blib/arch')" t/*.t
t/Template-Plugin-IO-All.t .. ok
All tests successful.
Files=1, Tests=5,  0 wallclock secs ( 0.01 usr  0.01 sys +  0.13 cusr  0.02 csys =  0.17 CPU)
Result: PASS
installing
install flags: SHELL=/nix/store/9fqwwd4iybmhjqyxiaxycknslw6bgwh1-bash-4.4-p23/bin/bash pkgconfigdir=/nix/store/sgx92i80b6319kn7zm2dskj1vbh2km2z-perl5.32.0-Template-Plugin-IO-All-0.01/lib/pkgconfig m4datadir=/nix/store/sgx92i80b6319kn7zm2dskj1vbh2km2z-perl5.32.0-Template-Plugin-IO-All-0.01/share/aclocal aclocaldir=/nix/store/sgx92i80b6319kn7zm2dskj1vbh2km2z-perl5.32.0-Template-Plugin-IO-All-0.01/share/aclocal install
Manifying 1 pod document
Installing /nix/store/sgx92i80b6319kn7zm2dskj1vbh2km2z-perl5.32.0-Template-Plugin-IO-All-0.01/lib/perl5/site_perl/5.32.0/Template/Plugin/IO/All.pm
Installing /nix/store/sgx92i80b6319kn7zm2dskj1vbh2km2z-perl5.32.0-Template-Plugin-IO-All-0.01/share/man/man3/Template::Plugin::IO::All.3
Appending installation info to /nix/store/sgx92i80b6319kn7zm2dskj1vbh2km2z-perl5.32.0-Template-Plugin-IO-All-0.01/lib/perl5/5.32.0/x86_64-linux-thread-multi/perllocal.pod
post-installation fixup
Moving /nix/store/sgx92i80b6319kn7zm2dskj1vbh2km2z-perl5.32.0-Template-Plugin-IO-All-0.01/share/man/man3 to /nix/store/fvcaq8rdqk6k2y8snlisdw6cmgsjs56c-perl5.32.0-Template-Plugin-IO-All-0.01-devdoc/share/man/man3
Removing empty /nix/store/sgx92i80b6319kn7zm2dskj1vbh2km2z-perl5.32.0-Template-Plugin-IO-All-0.01/share/man/ and (possibly) its parents
shrinking RPATHs of ELF executables and libraries in /nix/store/sgx92i80b6319kn7zm2dskj1vbh2km2z-perl5.32.0-Template-Plugin-IO-All-0.01
strip is /nix/store/psyzbhp4p088sb9qcs378hfbslcalasl-binutils-2.31.1/bin/strip
stripping (with command strip and flags -S) in /nix/store/sgx92i80b6319kn7zm2dskj1vbh2km2z-perl5.32.0-Template-Plugin-IO-All-0.01/lib
patching script interpreter paths in /nix/store/sgx92i80b6319kn7zm2dskj1vbh2km2z-perl5.32.0-Template-Plugin-IO-All-0.01
checking for references to /build/ in /nix/store/sgx92i80b6319kn7zm2dskj1vbh2km2z-perl5.32.0-Template-Plugin-IO-All-0.01...
shrinking RPATHs of ELF executables and libraries in /nix/store/fvcaq8rdqk6k2y8snlisdw6cmgsjs56c-perl5.32.0-Template-Plugin-IO-All-0.01-devdoc
gzipping man pages under /nix/store/fvcaq8rdqk6k2y8snlisdw6cmgsjs56c-perl5.32.0-Template-Plugin-IO-All-0.01-devdoc/share/man/
strip is /nix/store/psyzbhp4p088sb9qcs378hfbslcalasl-binutils-2.31.1/bin/strip
patching script interpreter paths in /nix/store/fvcaq8rdqk6k2y8snlisdw6cmgsjs56c-perl5.32.0-Template-Plugin-IO-All-0.01-devdoc
checking for references to /build/ in /nix/store/fvcaq8rdqk6k2y8snlisdw6cmgsjs56c-perl5.32.0-Template-Plugin-IO-All-0.01-devdoc...
/nix/store/sgx92i80b6319kn7zm2dskj1vbh2km2z-perl5.32.0-Template-Plugin-IO-All-0.01
