these derivations will be built:
  /nix/store/4a271c6hn2z7zax6iy6an5a9wsf4iyzx-perl5.32.0-Template-Plugin-JSON-Escape-0.02.drv
these paths will be fetched (0.00 MiB download, 0.00 MiB unpacked):
  /nix/store/r43s6yx63m3azqmidfxxqrmchka5rs5j-Template-Plugin-JSON-Escape-0.02.tar.gz
copying path '/nix/store/r43s6yx63m3azqmidfxxqrmchka5rs5j-Template-Plugin-JSON-Escape-0.02.tar.gz' from 'https://cache.nixos.org'...
building '/nix/store/4a271c6hn2z7zax6iy6an5a9wsf4iyzx-perl5.32.0-Template-Plugin-JSON-Escape-0.02.drv'...
unpacking sources
unpacking source archive /nix/store/r43s6yx63m3azqmidfxxqrmchka5rs5j-Template-Plugin-JSON-Escape-0.02.tar.gz
source root is Template-Plugin-JSON-Escape-0.02
setting SOURCE_DATE_EPOCH to timestamp 1307965654 of file Template-Plugin-JSON-Escape-0.02/META.yml
patching sources
configuring
patching ./Makefile.PL...
Checking if your kit is complete...
Looks good
Generating a Unix-style Makefile
Writing Makefile for Template::Plugin::JSON::Escape
Writing MYMETA.yml and MYMETA.json
JSON::XS is reccomended, you should probably install it for better performance.
no configure script, doing nothing
building
build flags: SHELL=/nix/store/9fqwwd4iybmhjqyxiaxycknslw6bgwh1-bash-4.4-p23/bin/bash
cp lib/Template/Plugin/JSON/Escape.pm blib/lib/Template/Plugin/JSON/Escape.pm
Manifying 1 pod document
running tests
check flags: SHELL=/nix/store/9fqwwd4iybmhjqyxiaxycknslw6bgwh1-bash-4.4-p23/bin/bash VERBOSE=y test
PERL_DL_NONLAZY=1 "/nix/store/7c044di03qa7qgr5kjjc2d787aspzp0m-perl-5.32.0/bin/perl" "-MExtUtils::Command::MM" "-MTest::Harness" "-e" "undef *Test::Harness::Switches; test_harness(0, 'blib/lib', 'blib/arch')" t/*.t
t/live.t .. ok
All tests successful.
Files=1, Tests=14,  0 wallclock secs ( 0.02 usr  0.01 sys +  0.10 cusr  0.02 csys =  0.15 CPU)
Result: PASS
installing
install flags: SHELL=/nix/store/9fqwwd4iybmhjqyxiaxycknslw6bgwh1-bash-4.4-p23/bin/bash pkgconfigdir=/nix/store/k693h2p3sjj5lgfadk283jhll8i75a5j-perl5.32.0-Template-Plugin-JSON-Escape-0.02/lib/pkgconfig m4datadir=/nix/store/k693h2p3sjj5lgfadk283jhll8i75a5j-perl5.32.0-Template-Plugin-JSON-Escape-0.02/share/aclocal aclocaldir=/nix/store/k693h2p3sjj5lgfadk283jhll8i75a5j-perl5.32.0-Template-Plugin-JSON-Escape-0.02/share/aclocal install
Manifying 1 pod document
Installing /nix/store/k693h2p3sjj5lgfadk283jhll8i75a5j-perl5.32.0-Template-Plugin-JSON-Escape-0.02/lib/perl5/site_perl/5.32.0/Template/Plugin/JSON/Escape.pm
Installing /nix/store/k693h2p3sjj5lgfadk283jhll8i75a5j-perl5.32.0-Template-Plugin-JSON-Escape-0.02/share/man/man3/Template::Plugin::JSON::Escape.3
Appending installation info to /nix/store/k693h2p3sjj5lgfadk283jhll8i75a5j-perl5.32.0-Template-Plugin-JSON-Escape-0.02/lib/perl5/5.32.0/x86_64-linux-thread-multi/perllocal.pod
post-installation fixup
Moving /nix/store/k693h2p3sjj5lgfadk283jhll8i75a5j-perl5.32.0-Template-Plugin-JSON-Escape-0.02/share/man/man3 to /nix/store/xsqfxdqihnriy4i2zg3105spw140168m-perl5.32.0-Template-Plugin-JSON-Escape-0.02-devdoc/share/man/man3
Removing empty /nix/store/k693h2p3sjj5lgfadk283jhll8i75a5j-perl5.32.0-Template-Plugin-JSON-Escape-0.02/share/man/ and (possibly) its parents
shrinking RPATHs of ELF executables and libraries in /nix/store/k693h2p3sjj5lgfadk283jhll8i75a5j-perl5.32.0-Template-Plugin-JSON-Escape-0.02
strip is /nix/store/psyzbhp4p088sb9qcs378hfbslcalasl-binutils-2.31.1/bin/strip
stripping (with command strip and flags -S) in /nix/store/k693h2p3sjj5lgfadk283jhll8i75a5j-perl5.32.0-Template-Plugin-JSON-Escape-0.02/lib
patching script interpreter paths in /nix/store/k693h2p3sjj5lgfadk283jhll8i75a5j-perl5.32.0-Template-Plugin-JSON-Escape-0.02
checking for references to /build/ in /nix/store/k693h2p3sjj5lgfadk283jhll8i75a5j-perl5.32.0-Template-Plugin-JSON-Escape-0.02...
shrinking RPATHs of ELF executables and libraries in /nix/store/xsqfxdqihnriy4i2zg3105spw140168m-perl5.32.0-Template-Plugin-JSON-Escape-0.02-devdoc
gzipping man pages under /nix/store/xsqfxdqihnriy4i2zg3105spw140168m-perl5.32.0-Template-Plugin-JSON-Escape-0.02-devdoc/share/man/
strip is /nix/store/psyzbhp4p088sb9qcs378hfbslcalasl-binutils-2.31.1/bin/strip
patching script interpreter paths in /nix/store/xsqfxdqihnriy4i2zg3105spw140168m-perl5.32.0-Template-Plugin-JSON-Escape-0.02-devdoc
checking for references to /build/ in /nix/store/xsqfxdqihnriy4i2zg3105spw140168m-perl5.32.0-Template-Plugin-JSON-Escape-0.02-devdoc...
/nix/store/k693h2p3sjj5lgfadk283jhll8i75a5j-perl5.32.0-Template-Plugin-JSON-Escape-0.02
