these derivations will be built:
  /nix/store/f496jx2sn7dpaf0h6gkghz2255shpar9-perl5.32.0-Text-Iconv-1.7.drv
these paths will be fetched (0.01 MiB download, 0.01 MiB unpacked):
  /nix/store/19dv0d129jhw2gzlblflbzb75rhlzl9v-Text-Iconv-1.7.tar.gz
copying path '/nix/store/19dv0d129jhw2gzlblflbzb75rhlzl9v-Text-Iconv-1.7.tar.gz' from 'https://cache.nixos.org'...
building '/nix/store/f496jx2sn7dpaf0h6gkghz2255shpar9-perl5.32.0-Text-Iconv-1.7.drv'...
unpacking sources
unpacking source archive /nix/store/19dv0d129jhw2gzlblflbzb75rhlzl9v-Text-Iconv-1.7.tar.gz
source root is Text-Iconv-1.7
setting SOURCE_DATE_EPOCH to timestamp 1192630506 of file Text-Iconv-1.7/META.yml
patching sources
configuring
Checking for iconv ... ok (iconv apparently in libc)

NOTE: If you have multiple iconv implementations installed, you might
      want to make sure that I've found the one you want to use.
      If necessary, you can explicitly specify paths like this:

      perl Makefile.PL LIBS='-L/path/to/lib' INC='-I/path/to/include'

Checking if your kit is complete...
Looks good
Generating a Unix-style Makefile
Writing Makefile for Text::Iconv
Writing MYMETA.yml and MYMETA.json
no configure script, doing nothing
building
build flags: SHELL=/nix/store/9fqwwd4iybmhjqyxiaxycknslw6bgwh1-bash-4.4-p23/bin/bash
cp Iconv.pm blib/lib/Text/Iconv.pm
AutoSplitting blib/lib/Text/Iconv.pm (blib/lib/auto/Text/Iconv)
Running Mkbootstrap for Iconv ()
chmod 644 "Iconv.bs"
"/nix/store/7c044di03qa7qgr5kjjc2d787aspzp0m-perl-5.32.0/bin/perl" -MExtUtils::Command::MM -e 'cp_nonempty' -- Iconv.bs blib/arch/auto/Text/Iconv/Iconv.bs 644
"/nix/store/7c044di03qa7qgr5kjjc2d787aspzp0m-perl-5.32.0/bin/perl" "/nix/store/7c044di03qa7qgr5kjjc2d787aspzp0m-perl-5.32.0/lib/perl5/5.32.0/ExtUtils/xsubpp"  -typemap '/nix/store/7c044di03qa7qgr5kjjc2d787aspzp0m-perl-5.32.0/lib/perl5/5.32.0/ExtUtils/typemap' -typemap '/build/Text-Iconv-1.7/typemap'  Iconv.xs > Iconv.xsc
mv Iconv.xsc Iconv.c
cc -c   -D_REENTRANT -D_GNU_SOURCE -fwrapv -fno-strict-aliasing -pipe -fstack-protector-strong -I/no-such-path/include -D_LARGEFILE_SOURCE -D_FILE_OFFSET_BITS=64 -O2   -DVERSION=\"1.7\" -DXS_VERSION=\"1.7\" -fPIC "-I/nix/store/7c044di03qa7qgr5kjjc2d787aspzp0m-perl-5.32.0/lib/perl5/5.32.0/x86_64-linux-thread-multi/CORE"   Iconv.c
rm -f blib/arch/auto/Text/Iconv/Iconv.so
cc  -shared -O2 -L/nix/store/68pw3wxwkrx0rwzjifm7g1jxy5g2sg1p-glibc-2.31/lib -fstack-protector-strong  Iconv.o  -o blib/arch/auto/Text/Iconv/Iconv.so  \
      \

chmod 755 blib/arch/auto/Text/Iconv/Iconv.so
Manifying 1 pod document
running tests
check flags: SHELL=/nix/store/9fqwwd4iybmhjqyxiaxycknslw6bgwh1-bash-4.4-p23/bin/bash VERBOSE=y test
"/nix/store/7c044di03qa7qgr5kjjc2d787aspzp0m-perl-5.32.0/bin/perl" -MExtUtils::Command::MM -e 'cp_nonempty' -- Iconv.bs blib/arch/auto/Text/Iconv/Iconv.bs 644
PERL_DL_NONLAZY=1 "/nix/store/7c044di03qa7qgr5kjjc2d787aspzp0m-perl-5.32.0/bin/perl" "-MExtUtils::Command::MM" "-MTest::Harness" "-e" "undef *Test::Harness::Switches; test_harness(0, 'blib/lib', 'blib/arch')" t/*.t
t/00_load.t ...... ok
t/01_charsets.t .. ok
All tests successful.
Files=2, Tests=14,  0 wallclock secs ( 0.02 usr  0.00 sys +  0.01 cusr  0.00 csys =  0.03 CPU)
Result: PASS
installing
install flags: SHELL=/nix/store/9fqwwd4iybmhjqyxiaxycknslw6bgwh1-bash-4.4-p23/bin/bash pkgconfigdir=/nix/store/wwwinf8vfyd64hpbyk196jha80ywcn4r-perl5.32.0-Text-Iconv-1.7/lib/pkgconfig m4datadir=/nix/store/wwwinf8vfyd64hpbyk196jha80ywcn4r-perl5.32.0-Text-Iconv-1.7/share/aclocal aclocaldir=/nix/store/wwwinf8vfyd64hpbyk196jha80ywcn4r-perl5.32.0-Text-Iconv-1.7/share/aclocal install
"/nix/store/7c044di03qa7qgr5kjjc2d787aspzp0m-perl-5.32.0/bin/perl" -MExtUtils::Command::MM -e 'cp_nonempty' -- Iconv.bs blib/arch/auto/Text/Iconv/Iconv.bs 644
Manifying 1 pod document
Files found in blib/arch: installing files in blib/lib into architecture dependent library tree
Installing /nix/store/wwwinf8vfyd64hpbyk196jha80ywcn4r-perl5.32.0-Text-Iconv-1.7/lib/perl5/site_perl/5.32.0/x86_64-linux-thread-multi/auto/Text/Iconv/Iconv.so
Installing /nix/store/wwwinf8vfyd64hpbyk196jha80ywcn4r-perl5.32.0-Text-Iconv-1.7/lib/perl5/site_perl/5.32.0/x86_64-linux-thread-multi/auto/Text/Iconv/autosplit.ix
Installing /nix/store/wwwinf8vfyd64hpbyk196jha80ywcn4r-perl5.32.0-Text-Iconv-1.7/lib/perl5/site_perl/5.32.0/x86_64-linux-thread-multi/Text/Iconv.pm
Installing /nix/store/wwwinf8vfyd64hpbyk196jha80ywcn4r-perl5.32.0-Text-Iconv-1.7/share/man/man3/Text::Iconv.3
Appending installation info to /nix/store/wwwinf8vfyd64hpbyk196jha80ywcn4r-perl5.32.0-Text-Iconv-1.7/lib/perl5/5.32.0/x86_64-linux-thread-multi/perllocal.pod
post-installation fixup
Moving /nix/store/wwwinf8vfyd64hpbyk196jha80ywcn4r-perl5.32.0-Text-Iconv-1.7/share/man/man3 to /nix/store/py86ascajhcnyf48jbnk7hkaxzg0pdqm-perl5.32.0-Text-Iconv-1.7-devdoc/share/man/man3
Removing empty /nix/store/wwwinf8vfyd64hpbyk196jha80ywcn4r-perl5.32.0-Text-Iconv-1.7/share/man/ and (possibly) its parents
shrinking RPATHs of ELF executables and libraries in /nix/store/wwwinf8vfyd64hpbyk196jha80ywcn4r-perl5.32.0-Text-Iconv-1.7
shrinking /nix/store/wwwinf8vfyd64hpbyk196jha80ywcn4r-perl5.32.0-Text-Iconv-1.7/lib/perl5/site_perl/5.32.0/x86_64-linux-thread-multi/auto/Text/Iconv/Iconv.so
strip is /nix/store/psyzbhp4p088sb9qcs378hfbslcalasl-binutils-2.31.1/bin/strip
stripping (with command strip and flags -S) in /nix/store/wwwinf8vfyd64hpbyk196jha80ywcn4r-perl5.32.0-Text-Iconv-1.7/lib
patching script interpreter paths in /nix/store/wwwinf8vfyd64hpbyk196jha80ywcn4r-perl5.32.0-Text-Iconv-1.7
checking for references to /build/ in /nix/store/wwwinf8vfyd64hpbyk196jha80ywcn4r-perl5.32.0-Text-Iconv-1.7...
shrinking RPATHs of ELF executables and libraries in /nix/store/py86ascajhcnyf48jbnk7hkaxzg0pdqm-perl5.32.0-Text-Iconv-1.7-devdoc
gzipping man pages under /nix/store/py86ascajhcnyf48jbnk7hkaxzg0pdqm-perl5.32.0-Text-Iconv-1.7-devdoc/share/man/
strip is /nix/store/psyzbhp4p088sb9qcs378hfbslcalasl-binutils-2.31.1/bin/strip
patching script interpreter paths in /nix/store/py86ascajhcnyf48jbnk7hkaxzg0pdqm-perl5.32.0-Text-Iconv-1.7-devdoc
checking for references to /build/ in /nix/store/py86ascajhcnyf48jbnk7hkaxzg0pdqm-perl5.32.0-Text-Iconv-1.7-devdoc...
/nix/store/wwwinf8vfyd64hpbyk196jha80ywcn4r-perl5.32.0-Text-Iconv-1.7
