these derivations will be built:
  /nix/store/jd2p9ddvrxb3rvmp8f9zss9iq5m7fsbk-perl5.32.0-Text-Format-0.61.drv
these paths will be fetched (0.03 MiB download, 0.03 MiB unpacked):
  /nix/store/93sx5prrhk90l3pc0nzmda7n6g4hyghx-Text-Format-0.61.tar.gz
copying path '/nix/store/93sx5prrhk90l3pc0nzmda7n6g4hyghx-Text-Format-0.61.tar.gz' from 'https://cache.nixos.org'...
building '/nix/store/jd2p9ddvrxb3rvmp8f9zss9iq5m7fsbk-perl5.32.0-Text-Format-0.61.drv'...
unpacking sources
unpacking source archive /nix/store/93sx5prrhk90l3pc0nzmda7n6g4hyghx-Text-Format-0.61.tar.gz
source root is Text-Format-0.61
setting SOURCE_DATE_EPOCH to timestamp 1526934892 of file Text-Format-0.61/xt/release/trailing-space.t
patching sources
configuring
patching ./xt/release/trailing-space.t...
patching ./xt/author/pod-coverage.t...
patching ./xt/author/pod-syntax.t...
patching ./t/justify.t...
Checking if your kit is complete...
Looks good
Generating a Unix-style Makefile
Writing Makefile for Text::Format
Writing MYMETA.yml and MYMETA.json
no configure script, doing nothing
building
Created MYMETA.yml and MYMETA.json
Creating new 'Build' script for 'Text-Format' version '0.61'
Building Text-Format
running tests
t/00-compile.t .. ok
t/format.t ...... ok
t/justify.t ..... ok
All tests successful.
Files=3, Tests=14,  1 wallclock secs ( 0.02 usr  0.01 sys +  0.16 cusr  0.04 csys =  0.23 CPU)
Result: PASS
installing
Building Text-Format
Installing /nix/store/97vafg49v3dc8ks25nw2g7liryf32bsf-perl5.32.0-Text-Format-0.61/lib/perl5/site_perl/5.32.0/Text/Format.pm
Installing /nix/store/97vafg49v3dc8ks25nw2g7liryf32bsf-perl5.32.0-Text-Format-0.61/share/man/man3/Text::Format.3
post-installation fixup
Moving /nix/store/97vafg49v3dc8ks25nw2g7liryf32bsf-perl5.32.0-Text-Format-0.61/share/man/man3 to /nix/store/l3lcw4xpqi6qagg64p7qbl6l05jhdcyv-perl5.32.0-Text-Format-0.61-devdoc/share/man/man3
Removing empty /nix/store/97vafg49v3dc8ks25nw2g7liryf32bsf-perl5.32.0-Text-Format-0.61/share/man/ and (possibly) its parents
shrinking RPATHs of ELF executables and libraries in /nix/store/97vafg49v3dc8ks25nw2g7liryf32bsf-perl5.32.0-Text-Format-0.61
strip is /nix/store/psyzbhp4p088sb9qcs378hfbslcalasl-binutils-2.31.1/bin/strip
stripping (with command strip and flags -S) in /nix/store/97vafg49v3dc8ks25nw2g7liryf32bsf-perl5.32.0-Text-Format-0.61/lib
patching script interpreter paths in /nix/store/97vafg49v3dc8ks25nw2g7liryf32bsf-perl5.32.0-Text-Format-0.61
checking for references to /build/ in /nix/store/97vafg49v3dc8ks25nw2g7liryf32bsf-perl5.32.0-Text-Format-0.61...
shrinking RPATHs of ELF executables and libraries in /nix/store/l3lcw4xpqi6qagg64p7qbl6l05jhdcyv-perl5.32.0-Text-Format-0.61-devdoc
gzipping man pages under /nix/store/l3lcw4xpqi6qagg64p7qbl6l05jhdcyv-perl5.32.0-Text-Format-0.61-devdoc/share/man/
strip is /nix/store/psyzbhp4p088sb9qcs378hfbslcalasl-binutils-2.31.1/bin/strip
patching script interpreter paths in /nix/store/l3lcw4xpqi6qagg64p7qbl6l05jhdcyv-perl5.32.0-Text-Format-0.61-devdoc
checking for references to /build/ in /nix/store/l3lcw4xpqi6qagg64p7qbl6l05jhdcyv-perl5.32.0-Text-Format-0.61-devdoc...
/nix/store/97vafg49v3dc8ks25nw2g7liryf32bsf-perl5.32.0-Text-Format-0.61
