these derivations will be built:
  /nix/store/xwd6blwq7yzj2rzl8j4savqjyi72w303-perl5.32.0-Text-WikiFormat-0.81.drv
these paths will be fetched (0.03 MiB download, 0.03 MiB unpacked):
  /nix/store/0wn97xl07njcvj07c9gsyli9if2xc2yw-Text-WikiFormat-0.81.tar.gz
copying path '/nix/store/0wn97xl07njcvj07c9gsyli9if2xc2yw-Text-WikiFormat-0.81.tar.gz' from 'https://cache.nixos.org'...
building '/nix/store/xwd6blwq7yzj2rzl8j4savqjyi72w303-perl5.32.0-Text-WikiFormat-0.81.drv'...
unpacking sources
unpacking source archive /nix/store/0wn97xl07njcvj07c9gsyli9if2xc2yw-Text-WikiFormat-0.81.tar.gz
source root is Text-WikiFormat-0.81
setting SOURCE_DATE_EPOCH to timestamp 1385386101 of file Text-WikiFormat-0.81/t/tag-override.t
patching sources
configuring
patching ./t/base.t...
patching ./t/embedded-links.t...
patching ./t/tag-override-use-as.t...
patching ./t/lists-nested.t...
patching ./t/kake.t...
patching ./t/explicit.t...
patching ./t/Wiki.t...
patching ./t/developer/pod-coverage.t...
patching ./t/developer/pod.t...
patching ./t/lists.t...
patching ./t/lists-no-indent.t...
patching ./t/bugs.t...
patching ./t/tag-override.t...
patching ./t/implicit.t...
patching ./t/merge-hash.t...
patching ./t/absolute_links.t...
patching ./Build.PL...
Checking if your kit is complete...
Looks good
Generating a Unix-style Makefile
Writing Makefile for Text::WikiFormat
Writing MYMETA.yml and MYMETA.json
no configure script, doing nothing
building
Created MYMETA.yml and MYMETA.json
Creating new 'Build' script for 'Text-WikiFormat' version '0.81'
Building Text-WikiFormat
running tests
t/Wiki.t ................. ok
t/absolute_links.t ....... ok
t/base.t ................. ok
t/bugs.t ................. ok
t/embedded-links.t ....... ok
t/explicit.t ............. ok
t/implicit.t ............. ok
t/kake.t ................. ok
t/lists-nested.t ......... ok
t/lists-no-indent.t ...... ok
t/lists.t ................ ok
t/merge-hash.t ........... ok
t/tag-override-use-as.t .. ok
t/tag-override.t ......... ok
All tests successful.
Files=14, Tests=143,  1 wallclock secs ( 0.06 usr  0.01 sys +  0.83 cusr  0.24 csys =  1.14 CPU)
Result: PASS
installing
Building Text-WikiFormat
Installing /nix/store/hngm3y4fiv09xvcz76zvj63x8119vg36-perl5.32.0-Text-WikiFormat-0.81/lib/perl5/site_perl/5.32.0/Text/WikiFormat.pm
Installing /nix/store/hngm3y4fiv09xvcz76zvj63x8119vg36-perl5.32.0-Text-WikiFormat-0.81/lib/perl5/site_perl/5.32.0/Text/WikiFormat/Blocks.pm
Installing /nix/store/hngm3y4fiv09xvcz76zvj63x8119vg36-perl5.32.0-Text-WikiFormat-0.81/share/man/man3/Text::WikiFormat.3
Installing /nix/store/hngm3y4fiv09xvcz76zvj63x8119vg36-perl5.32.0-Text-WikiFormat-0.81/share/man/man3/Text::WikiFormat::Blocks.3
post-installation fixup
Moving /nix/store/hngm3y4fiv09xvcz76zvj63x8119vg36-perl5.32.0-Text-WikiFormat-0.81/share/man/man3 to /nix/store/rkyy4kkx4r73cdc793nqjgq4ii0xw331-perl5.32.0-Text-WikiFormat-0.81-devdoc/share/man/man3
Removing empty /nix/store/hngm3y4fiv09xvcz76zvj63x8119vg36-perl5.32.0-Text-WikiFormat-0.81/share/man/ and (possibly) its parents
shrinking RPATHs of ELF executables and libraries in /nix/store/hngm3y4fiv09xvcz76zvj63x8119vg36-perl5.32.0-Text-WikiFormat-0.81
strip is /nix/store/psyzbhp4p088sb9qcs378hfbslcalasl-binutils-2.31.1/bin/strip
stripping (with command strip and flags -S) in /nix/store/hngm3y4fiv09xvcz76zvj63x8119vg36-perl5.32.0-Text-WikiFormat-0.81/lib
patching script interpreter paths in /nix/store/hngm3y4fiv09xvcz76zvj63x8119vg36-perl5.32.0-Text-WikiFormat-0.81
checking for references to /build/ in /nix/store/hngm3y4fiv09xvcz76zvj63x8119vg36-perl5.32.0-Text-WikiFormat-0.81...
shrinking RPATHs of ELF executables and libraries in /nix/store/rkyy4kkx4r73cdc793nqjgq4ii0xw331-perl5.32.0-Text-WikiFormat-0.81-devdoc
gzipping man pages under /nix/store/rkyy4kkx4r73cdc793nqjgq4ii0xw331-perl5.32.0-Text-WikiFormat-0.81-devdoc/share/man/
strip is /nix/store/psyzbhp4p088sb9qcs378hfbslcalasl-binutils-2.31.1/bin/strip
patching script interpreter paths in /nix/store/rkyy4kkx4r73cdc793nqjgq4ii0xw331-perl5.32.0-Text-WikiFormat-0.81-devdoc
checking for references to /build/ in /nix/store/rkyy4kkx4r73cdc793nqjgq4ii0xw331-perl5.32.0-Text-WikiFormat-0.81-devdoc...
/nix/store/hngm3y4fiv09xvcz76zvj63x8119vg36-perl5.32.0-Text-WikiFormat-0.81
