these derivations will be built:
  /nix/store/2qa7f8b111f2c20knbmzss16aa9f4r8z-perl5.32.0-Text-Unaccent-1.08.drv
these paths will be fetched (0.08 MiB download, 0.08 MiB unpacked):
  /nix/store/xb9611g1c6aldcvb0ra7spraqbr0yw6f-Text-Unaccent-1.08.tar.gz
copying path '/nix/store/xb9611g1c6aldcvb0ra7spraqbr0yw6f-Text-Unaccent-1.08.tar.gz' from 'https://cache.nixos.org'...
building '/nix/store/2qa7f8b111f2c20knbmzss16aa9f4r8z-perl5.32.0-Text-Unaccent-1.08.drv'...
unpacking sources
unpacking source archive /nix/store/xb9611g1c6aldcvb0ra7spraqbr0yw6f-Text-Unaccent-1.08.tar.gz
source root is Text-Unaccent-1.08
setting SOURCE_DATE_EPOCH to timestamp 1104322038 of file Text-Unaccent-1.08/META.yml
patching sources
configuring
Checking if your kit is complete...
Looks good
Use of uninitialized value $thispth in concatenation (.) or string at /nix/store/7c044di03qa7qgr5kjjc2d787aspzp0m-perl-5.32.0/lib/perl5/5.32.0/ExtUtils/Liblist/Kid.pm line 162.
Use of uninitialized value $thispth in concatenation (.) or string at /nix/store/7c044di03qa7qgr5kjjc2d787aspzp0m-perl-5.32.0/lib/perl5/5.32.0/ExtUtils/Liblist/Kid.pm line 166.
Use of uninitialized value $thispth in concatenation (.) or string at /nix/store/7c044di03qa7qgr5kjjc2d787aspzp0m-perl-5.32.0/lib/perl5/5.32.0/ExtUtils/Liblist/Kid.pm line 171.
Use of uninitialized value $thispth in concatenation (.) or string at /nix/store/7c044di03qa7qgr5kjjc2d787aspzp0m-perl-5.32.0/lib/perl5/5.32.0/ExtUtils/Liblist/Kid.pm line 173.
Use of uninitialized value $thispth in concatenation (.) or string at /nix/store/7c044di03qa7qgr5kjjc2d787aspzp0m-perl-5.32.0/lib/perl5/5.32.0/ExtUtils/Liblist/Kid.pm line 177.
Use of uninitialized value $thispth in concatenation (.) or string at /nix/store/7c044di03qa7qgr5kjjc2d787aspzp0m-perl-5.32.0/lib/perl5/5.32.0/ExtUtils/Liblist/Kid.pm line 179.
Use of uninitialized value $thispth in concatenation (.) or string at /nix/store/7c044di03qa7qgr5kjjc2d787aspzp0m-perl-5.32.0/lib/perl5/5.32.0/ExtUtils/Liblist/Kid.pm line 183.
Warning (mostly harmless): No library found for -liconv
Generating a Unix-style Makefile
Writing Makefile for Text::Unaccent
Writing MYMETA.yml and MYMETA.json
no configure script, doing nothing
building
build flags: SHELL=/nix/store/9fqwwd4iybmhjqyxiaxycknslw6bgwh1-bash-4.4-p23/bin/bash
cp Unaccent.pm blib/lib/Text/Unaccent.pm
Running Mkbootstrap for Unaccent ()
chmod 644 "Unaccent.bs"
"/nix/store/7c044di03qa7qgr5kjjc2d787aspzp0m-perl-5.32.0/bin/perl" -MExtUtils::Command::MM -e 'cp_nonempty' -- Unaccent.bs blib/arch/auto/Text/Unaccent/Unaccent.bs 644
"/nix/store/7c044di03qa7qgr5kjjc2d787aspzp0m-perl-5.32.0/bin/perl" "/nix/store/7c044di03qa7qgr5kjjc2d787aspzp0m-perl-5.32.0/lib/perl5/5.32.0/ExtUtils/xsubpp"  -typemap '/nix/store/7c044di03qa7qgr5kjjc2d787aspzp0m-perl-5.32.0/lib/perl5/5.32.0/ExtUtils/typemap'  Unaccent.xs > Unaccent.xsc
mv Unaccent.xsc Unaccent.c
cc -c  -I. -D_REENTRANT -D_GNU_SOURCE -fwrapv -fno-strict-aliasing -pipe -fstack-protector-strong -I/no-such-path/include -D_LARGEFILE_SOURCE -D_FILE_OFFSET_BITS=64 -O2   -DVERSION=\"1.08\" -DXS_VERSION=\"1.08\" -fPIC "-I/nix/store/7c044di03qa7qgr5kjjc2d787aspzp0m-perl-5.32.0/lib/perl5/5.32.0/x86_64-linux-thread-multi/CORE"  -DHAVE_CONFIG_H Unaccent.c
Unaccent.xs: In function 'XS_Text__Unaccent_unac_string':
Unaccent.xs:71:20: warning: passing argument 5 of 'unac_string' from incompatible pointer type [-Wincompatible-pointer-types]
   71 |           &buffer, &buffer_length) == 0) {
      |                    ^~~~~~~~~~~~~~
      |                    |
      |                    int *
In file included from Unaccent.xs:35:
unac.h:96:23: note: expected 'size_t *' {aka 'long unsigned int *'} but argument is of type 'int *'
   96 |   char** out, size_t* out_length);
      |               ~~~~~~~~^~~~~~~~~~
Unaccent.xs: In function 'XS_Text__Unaccent_unac_string_utf16':
Unaccent.xs:88:19: warning: passing argument 4 of 'unac_string_utf16' from incompatible pointer type [-Wincompatible-pointer-types]
   88 |          &buffer, &buffer_length) == 0) {
      |                   ^~~~~~~~~~~~~~
      |                   |
      |                   int *
In file included from Unaccent.xs:35:
unac.h:79:23: note: expected 'size_t *' {aka 'long unsigned int *'} but argument is of type 'int *'
   79 |   char** out, size_t* out_length);
      |               ~~~~~~~~^~~~~~~~~~
cc -c  -I. -D_REENTRANT -D_GNU_SOURCE -fwrapv -fno-strict-aliasing -pipe -fstack-protector-strong -I/no-such-path/include -D_LARGEFILE_SOURCE -D_FILE_OFFSET_BITS=64 -O2   -DVERSION=\"1.08\" -DXS_VERSION=\"1.08\" -fPIC "-I/nix/store/7c044di03qa7qgr5kjjc2d787aspzp0m-perl-5.32.0/lib/perl5/5.32.0/x86_64-linux-thread-multi/CORE"  -DHAVE_CONFIG_H unac.c
unac.c: In function 'unac_string':
unac.c:13888:59: warning: passing argument 6 of 'convert' from incompatible pointer type [-Wincompatible-pointer-types]
13888 |     if(convert(charset, utf16be(), in, in_length, &utf16, &utf16_length) < 0) {
      |                                                           ^~~~~~~~~~~~~
      |                                                           |
      |                                                           int *
unac.c:13773:27: note: expected 'size_t *' {aka 'long unsigned int *'} but argument is of type 'int *'
13773 |      char** outp, size_t* out_lengthp)
      |                   ~~~~~~~~^~~~~~~~~~~
unac.c:13892:63: warning: passing argument 4 of 'unac_string_utf16' from incompatible pointer type [-Wincompatible-pointer-types]
13892 |     unac_string_utf16(utf16, utf16_length, &utf16_unaccented, &utf16_unaccented_length);
      |                                                               ^~~~~~~~~~~~~~~~~~~~~~~~
      |                                                               |
      |                                                               int *
unac.c:13673:30: note: expected 'size_t *' {aka 'long unsigned int *'} but argument is of type 'int *'
13673 |         char** outp, size_t* out_lengthp)
      |                      ~~~~~~~~^~~~~~~~~~~
rm -f blib/arch/auto/Text/Unaccent/Unaccent.so
cc  -shared -O2 -L/nix/store/68pw3wxwkrx0rwzjifm7g1jxy5g2sg1p-glibc-2.31/lib -fstack-protector-strong  Unaccent.o unac.o  -o blib/arch/auto/Text/Unaccent/Unaccent.so  \
      \

chmod 755 blib/arch/auto/Text/Unaccent/Unaccent.so
Manifying 1 pod document
running tests
check flags: SHELL=/nix/store/9fqwwd4iybmhjqyxiaxycknslw6bgwh1-bash-4.4-p23/bin/bash VERBOSE=y test
"/nix/store/7c044di03qa7qgr5kjjc2d787aspzp0m-perl-5.32.0/bin/perl" -MExtUtils::Command::MM -e 'cp_nonempty' -- Unaccent.bs blib/arch/auto/Text/Unaccent/Unaccent.bs 644
PERL_DL_NONLAZY=1 "/nix/store/7c044di03qa7qgr5kjjc2d787aspzp0m-perl-5.32.0/bin/perl" "-MExtUtils::Command::MM" "-MTest::Harness" "-e" "undef *Test::Harness::Switches; test_harness(0, 'blib/lib', 'blib/arch')" t/*.t
t/unac.t .. ok
All tests successful.
Files=1, Tests=4,  0 wallclock secs ( 0.02 usr  0.01 sys +  0.01 cusr  0.00 csys =  0.04 CPU)
Result: PASS
installing
install flags: SHELL=/nix/store/9fqwwd4iybmhjqyxiaxycknslw6bgwh1-bash-4.4-p23/bin/bash pkgconfigdir=/nix/store/ri2ggpmfq6q21f3dgph83xrv42kdcjmd-perl5.32.0-Text-Unaccent-1.08/lib/pkgconfig m4datadir=/nix/store/ri2ggpmfq6q21f3dgph83xrv42kdcjmd-perl5.32.0-Text-Unaccent-1.08/share/aclocal aclocaldir=/nix/store/ri2ggpmfq6q21f3dgph83xrv42kdcjmd-perl5.32.0-Text-Unaccent-1.08/share/aclocal install
"/nix/store/7c044di03qa7qgr5kjjc2d787aspzp0m-perl-5.32.0/bin/perl" -MExtUtils::Command::MM -e 'cp_nonempty' -- Unaccent.bs blib/arch/auto/Text/Unaccent/Unaccent.bs 644
Manifying 1 pod document
Files found in blib/arch: installing files in blib/lib into architecture dependent library tree
Installing /nix/store/ri2ggpmfq6q21f3dgph83xrv42kdcjmd-perl5.32.0-Text-Unaccent-1.08/lib/perl5/site_perl/5.32.0/x86_64-linux-thread-multi/auto/Text/Unaccent/Unaccent.so
Installing /nix/store/ri2ggpmfq6q21f3dgph83xrv42kdcjmd-perl5.32.0-Text-Unaccent-1.08/lib/perl5/site_perl/5.32.0/x86_64-linux-thread-multi/Text/Unaccent.pm
Installing /nix/store/ri2ggpmfq6q21f3dgph83xrv42kdcjmd-perl5.32.0-Text-Unaccent-1.08/share/man/man3/Text::Unaccent.3
Appending installation info to /nix/store/ri2ggpmfq6q21f3dgph83xrv42kdcjmd-perl5.32.0-Text-Unaccent-1.08/lib/perl5/5.32.0/x86_64-linux-thread-multi/perllocal.pod
post-installation fixup
Moving /nix/store/ri2ggpmfq6q21f3dgph83xrv42kdcjmd-perl5.32.0-Text-Unaccent-1.08/share/man/man3 to /nix/store/zjhv3rgl60yh7mqjw4hlid4alwn6d6zq-perl5.32.0-Text-Unaccent-1.08-devdoc/share/man/man3
Removing empty /nix/store/ri2ggpmfq6q21f3dgph83xrv42kdcjmd-perl5.32.0-Text-Unaccent-1.08/share/man/ and (possibly) its parents
shrinking RPATHs of ELF executables and libraries in /nix/store/ri2ggpmfq6q21f3dgph83xrv42kdcjmd-perl5.32.0-Text-Unaccent-1.08
shrinking /nix/store/ri2ggpmfq6q21f3dgph83xrv42kdcjmd-perl5.32.0-Text-Unaccent-1.08/lib/perl5/site_perl/5.32.0/x86_64-linux-thread-multi/auto/Text/Unaccent/Unaccent.so
strip is /nix/store/psyzbhp4p088sb9qcs378hfbslcalasl-binutils-2.31.1/bin/strip
stripping (with command strip and flags -S) in /nix/store/ri2ggpmfq6q21f3dgph83xrv42kdcjmd-perl5.32.0-Text-Unaccent-1.08/lib
patching script interpreter paths in /nix/store/ri2ggpmfq6q21f3dgph83xrv42kdcjmd-perl5.32.0-Text-Unaccent-1.08
checking for references to /build/ in /nix/store/ri2ggpmfq6q21f3dgph83xrv42kdcjmd-perl5.32.0-Text-Unaccent-1.08...
shrinking RPATHs of ELF executables and libraries in /nix/store/zjhv3rgl60yh7mqjw4hlid4alwn6d6zq-perl5.32.0-Text-Unaccent-1.08-devdoc
gzipping man pages under /nix/store/zjhv3rgl60yh7mqjw4hlid4alwn6d6zq-perl5.32.0-Text-Unaccent-1.08-devdoc/share/man/
strip is /nix/store/psyzbhp4p088sb9qcs378hfbslcalasl-binutils-2.31.1/bin/strip
patching script interpreter paths in /nix/store/zjhv3rgl60yh7mqjw4hlid4alwn6d6zq-perl5.32.0-Text-Unaccent-1.08-devdoc
checking for references to /build/ in /nix/store/zjhv3rgl60yh7mqjw4hlid4alwn6d6zq-perl5.32.0-Text-Unaccent-1.08-devdoc...
/nix/store/ri2ggpmfq6q21f3dgph83xrv42kdcjmd-perl5.32.0-Text-Unaccent-1.08
