these derivations will be built:
  /nix/store/d0m0aqhwcgclmz7ps4wxiynb97qa9wf8-perl5.32.0-Text-Balanced-2.03.drv
these paths will be fetched (0.05 MiB download, 0.05 MiB unpacked):
  /nix/store/ww2pvrs2v8psva3yw951isrx18pxy0ja-Text-Balanced-2.03.tar.gz
copying path '/nix/store/ww2pvrs2v8psva3yw951isrx18pxy0ja-Text-Balanced-2.03.tar.gz' from 'https://cache.nixos.org'...
building '/nix/store/d0m0aqhwcgclmz7ps4wxiynb97qa9wf8-perl5.32.0-Text-Balanced-2.03.drv'...
unpacking sources
unpacking source archive /nix/store/ww2pvrs2v8psva3yw951isrx18pxy0ja-Text-Balanced-2.03.tar.gz
source root is Text-Balanced-2.03
setting SOURCE_DATE_EPOCH to timestamp 1425457533 of file Text-Balanced-2.03/lib/Text/Balanced.pm
patching sources
configuring
patching ./t/98_pod.t...
patching ./t/01_compile.t...
patching ./t/99_pmv.t...
patching ./t/97_meta.t...
patching ./t/06_extqlk.t...
Checking if your kit is complete...
Looks good
Generating a Unix-style Makefile
Writing Makefile for Text::Balanced
Writing MYMETA.yml and MYMETA.json
no configure script, doing nothing
building
build flags: SHELL=/nix/store/9fqwwd4iybmhjqyxiaxycknslw6bgwh1-bash-4.4-p23/bin/bash
cp lib/Text/Balanced.pm blib/lib/Text/Balanced.pm
Manifying 1 pod document
running tests
check flags: SHELL=/nix/store/9fqwwd4iybmhjqyxiaxycknslw6bgwh1-bash-4.4-p23/bin/bash VERBOSE=y test
PERL_DL_NONLAZY=1 "/nix/store/7c044di03qa7qgr5kjjc2d787aspzp0m-perl-5.32.0/bin/perl" "-MExtUtils::Command::MM" "-MTest::Harness" "-e" "undef *Test::Harness::Switches; test_harness(0, 'blib/lib', 'blib/arch')" t/*.t
t/01_compile.t .. ok
t/02_extbrk.t ... ok
t/03_extcbk.t ... ok
t/04_extdel.t ... ok
t/05_extmul.t ... ok
t/06_extqlk.t ... ok
t/07_exttag.t ... ok
t/08_extvar.t ... ok
t/09_gentag.t ... ok
t/97_meta.t ..... skipped: Test::CPAN::Meta 0.12 not available for testing
t/98_pod.t ...... skipped: Test::Pod 1.26 not available for testing
t/99_pmv.t ...... skipped: Perl::MinimumVersion 1.20 not available for testing
All tests successful.
Files=12, Tests=560,  0 wallclock secs ( 0.06 usr  0.02 sys +  0.40 cusr  0.06 csys =  0.54 CPU)
Result: PASS
installing
install flags: SHELL=/nix/store/9fqwwd4iybmhjqyxiaxycknslw6bgwh1-bash-4.4-p23/bin/bash pkgconfigdir=/nix/store/4b4j3p99bzijcjz2p2xahbcmcv96hcw0-perl5.32.0-Text-Balanced-2.03/lib/pkgconfig m4datadir=/nix/store/4b4j3p99bzijcjz2p2xahbcmcv96hcw0-perl5.32.0-Text-Balanced-2.03/share/aclocal aclocaldir=/nix/store/4b4j3p99bzijcjz2p2xahbcmcv96hcw0-perl5.32.0-Text-Balanced-2.03/share/aclocal install
Manifying 1 pod document
Installing /nix/store/4b4j3p99bzijcjz2p2xahbcmcv96hcw0-perl5.32.0-Text-Balanced-2.03/lib/perl5/site_perl/5.32.0/Text/Balanced.pm
Installing /nix/store/4b4j3p99bzijcjz2p2xahbcmcv96hcw0-perl5.32.0-Text-Balanced-2.03/share/man/man3/Text::Balanced.3
Appending installation info to /nix/store/4b4j3p99bzijcjz2p2xahbcmcv96hcw0-perl5.32.0-Text-Balanced-2.03/lib/perl5/5.32.0/x86_64-linux-thread-multi/perllocal.pod
post-installation fixup
Moving /nix/store/4b4j3p99bzijcjz2p2xahbcmcv96hcw0-perl5.32.0-Text-Balanced-2.03/share/man/man3 to /nix/store/k2vj78xb8lmnw1zyhjr0hkwpwwlzzik8-perl5.32.0-Text-Balanced-2.03-devdoc/share/man/man3
Removing empty /nix/store/4b4j3p99bzijcjz2p2xahbcmcv96hcw0-perl5.32.0-Text-Balanced-2.03/share/man/ and (possibly) its parents
shrinking RPATHs of ELF executables and libraries in /nix/store/4b4j3p99bzijcjz2p2xahbcmcv96hcw0-perl5.32.0-Text-Balanced-2.03
strip is /nix/store/psyzbhp4p088sb9qcs378hfbslcalasl-binutils-2.31.1/bin/strip
stripping (with command strip and flags -S) in /nix/store/4b4j3p99bzijcjz2p2xahbcmcv96hcw0-perl5.32.0-Text-Balanced-2.03/lib
patching script interpreter paths in /nix/store/4b4j3p99bzijcjz2p2xahbcmcv96hcw0-perl5.32.0-Text-Balanced-2.03
checking for references to /build/ in /nix/store/4b4j3p99bzijcjz2p2xahbcmcv96hcw0-perl5.32.0-Text-Balanced-2.03...
shrinking RPATHs of ELF executables and libraries in /nix/store/k2vj78xb8lmnw1zyhjr0hkwpwwlzzik8-perl5.32.0-Text-Balanced-2.03-devdoc
gzipping man pages under /nix/store/k2vj78xb8lmnw1zyhjr0hkwpwwlzzik8-perl5.32.0-Text-Balanced-2.03-devdoc/share/man/
strip is /nix/store/psyzbhp4p088sb9qcs378hfbslcalasl-binutils-2.31.1/bin/strip
patching script interpreter paths in /nix/store/k2vj78xb8lmnw1zyhjr0hkwpwwlzzik8-perl5.32.0-Text-Balanced-2.03-devdoc
checking for references to /build/ in /nix/store/k2vj78xb8lmnw1zyhjr0hkwpwwlzzik8-perl5.32.0-Text-Balanced-2.03-devdoc...
/nix/store/4b4j3p99bzijcjz2p2xahbcmcv96hcw0-perl5.32.0-Text-Balanced-2.03
