these derivations will be built:
  /nix/store/85klx078zdcaa6yznrj4kvbam2vk72r6-perl5.32.0-Text-CharWidth-0.04.drv
these paths will be fetched (0.01 MiB download, 0.01 MiB unpacked):
  /nix/store/zpmphv017894z8kdfp3mj8plvwnwip26-Text-CharWidth-0.04.tar.gz
copying path '/nix/store/zpmphv017894z8kdfp3mj8plvwnwip26-Text-CharWidth-0.04.tar.gz' from 'https://cache.nixos.org'...
building '/nix/store/85klx078zdcaa6yznrj4kvbam2vk72r6-perl5.32.0-Text-CharWidth-0.04.drv'...
unpacking sources
unpacking source archive /nix/store/zpmphv017894z8kdfp3mj8plvwnwip26-Text-CharWidth-0.04.tar.gz
source root is Text-CharWidth-0.04
setting SOURCE_DATE_EPOCH to timestamp 1056531797 of file Text-CharWidth-0.04/README
patching sources
configuring
patching ./t/use.t...
Checking if your kit is complete...
Looks good
Generating a Unix-style Makefile
Writing Makefile for Text::CharWidth
Writing MYMETA.yml and MYMETA.json
no configure script, doing nothing
building
build flags: SHELL=/nix/store/9fqwwd4iybmhjqyxiaxycknslw6bgwh1-bash-4.4-p23/bin/bash
cp CharWidth.pm blib/lib/Text/CharWidth.pm
Running Mkbootstrap for CharWidth ()
chmod 644 "CharWidth.bs"
"/nix/store/7c044di03qa7qgr5kjjc2d787aspzp0m-perl-5.32.0/bin/perl" -MExtUtils::Command::MM -e 'cp_nonempty' -- CharWidth.bs blib/arch/auto/Text/CharWidth/CharWidth.bs 644
"/nix/store/7c044di03qa7qgr5kjjc2d787aspzp0m-perl-5.32.0/bin/perl" "/nix/store/7c044di03qa7qgr5kjjc2d787aspzp0m-perl-5.32.0/lib/perl5/5.32.0/ExtUtils/xsubpp"  -typemap '/nix/store/7c044di03qa7qgr5kjjc2d787aspzp0m-perl-5.32.0/lib/perl5/5.32.0/ExtUtils/typemap'  CharWidth.xs > CharWidth.xsc
Please specify prototyping behavior for CharWidth.xs (see perlxs manual)
mv CharWidth.xsc CharWidth.c
cc -c  -I. -D_REENTRANT -D_GNU_SOURCE -fwrapv -fno-strict-aliasing -pipe -fstack-protector-strong -I/no-such-path/include -D_LARGEFILE_SOURCE -D_FILE_OFFSET_BITS=64 -O2   -DVERSION=\"0.04\" -DXS_VERSION=\"0.04\" -fPIC "-I/nix/store/7c044di03qa7qgr5kjjc2d787aspzp0m-perl-5.32.0/lib/perl5/5.32.0/x86_64-linux-thread-multi/CORE"   CharWidth.c
In file included from CharWidth.xs:5:
ppport.h:227: warning: "PERL_UNUSED_DECL" redefined
  227 | #  define PERL_UNUSED_DECL
      |
In file included from CharWidth.xs:2:
/nix/store/7c044di03qa7qgr5kjjc2d787aspzp0m-perl-5.32.0/lib/perl5/5.32.0/x86_64-linux-thread-multi/CORE/perl.h:435: note: this is the location of the previous definition
  435 | #  define PERL_UNUSED_DECL __attribute__unused__
      |
rm -f blib/arch/auto/Text/CharWidth/CharWidth.so
cc  -shared -O2 -L/nix/store/68pw3wxwkrx0rwzjifm7g1jxy5g2sg1p-glibc-2.31/lib -fstack-protector-strong  CharWidth.o  -o blib/arch/auto/Text/CharWidth/CharWidth.so  \
      \

chmod 755 blib/arch/auto/Text/CharWidth/CharWidth.so
Manifying 1 pod document
running tests
check flags: SHELL=/nix/store/9fqwwd4iybmhjqyxiaxycknslw6bgwh1-bash-4.4-p23/bin/bash VERBOSE=y test
"/nix/store/7c044di03qa7qgr5kjjc2d787aspzp0m-perl-5.32.0/bin/perl" -MExtUtils::Command::MM -e 'cp_nonempty' -- CharWidth.bs blib/arch/auto/Text/CharWidth/CharWidth.bs 644
PERL_DL_NONLAZY=1 "/nix/store/7c044di03qa7qgr5kjjc2d787aspzp0m-perl-5.32.0/bin/perl" "-MExtUtils::Command::MM" "-MTest::Harness" "-e" "undef *Test::Harness::Switches; test_harness(0, 'blib/lib', 'blib/arch')" t/*.t
t/use.t .. ok
All tests successful.
Files=1, Tests=5,  0 wallclock secs ( 0.02 usr  0.01 sys +  0.04 cusr  0.01 csys =  0.08 CPU)
Result: PASS
installing
install flags: SHELL=/nix/store/9fqwwd4iybmhjqyxiaxycknslw6bgwh1-bash-4.4-p23/bin/bash pkgconfigdir=/nix/store/x1c7izrgksm5ij6ns5qyiy0rlkk4pa50-perl5.32.0-Text-CharWidth-0.04/lib/pkgconfig m4datadir=/nix/store/x1c7izrgksm5ij6ns5qyiy0rlkk4pa50-perl5.32.0-Text-CharWidth-0.04/share/aclocal aclocaldir=/nix/store/x1c7izrgksm5ij6ns5qyiy0rlkk4pa50-perl5.32.0-Text-CharWidth-0.04/share/aclocal install
"/nix/store/7c044di03qa7qgr5kjjc2d787aspzp0m-perl-5.32.0/bin/perl" -MExtUtils::Command::MM -e 'cp_nonempty' -- CharWidth.bs blib/arch/auto/Text/CharWidth/CharWidth.bs 644
Manifying 1 pod document
Files found in blib/arch: installing files in blib/lib into architecture dependent library tree
Installing /nix/store/x1c7izrgksm5ij6ns5qyiy0rlkk4pa50-perl5.32.0-Text-CharWidth-0.04/lib/perl5/site_perl/5.32.0/x86_64-linux-thread-multi/auto/Text/CharWidth/CharWidth.so
Installing /nix/store/x1c7izrgksm5ij6ns5qyiy0rlkk4pa50-perl5.32.0-Text-CharWidth-0.04/lib/perl5/site_perl/5.32.0/x86_64-linux-thread-multi/Text/CharWidth.pm
Installing /nix/store/x1c7izrgksm5ij6ns5qyiy0rlkk4pa50-perl5.32.0-Text-CharWidth-0.04/share/man/man3/Text::CharWidth.3
Appending installation info to /nix/store/x1c7izrgksm5ij6ns5qyiy0rlkk4pa50-perl5.32.0-Text-CharWidth-0.04/lib/perl5/5.32.0/x86_64-linux-thread-multi/perllocal.pod
post-installation fixup
Moving /nix/store/x1c7izrgksm5ij6ns5qyiy0rlkk4pa50-perl5.32.0-Text-CharWidth-0.04/share/man/man3 to /nix/store/s4w371q7j951v6fh6i6xvkfbhz6wx0wv-perl5.32.0-Text-CharWidth-0.04-devdoc/share/man/man3
Removing empty /nix/store/x1c7izrgksm5ij6ns5qyiy0rlkk4pa50-perl5.32.0-Text-CharWidth-0.04/share/man/ and (possibly) its parents
shrinking RPATHs of ELF executables and libraries in /nix/store/x1c7izrgksm5ij6ns5qyiy0rlkk4pa50-perl5.32.0-Text-CharWidth-0.04
shrinking /nix/store/x1c7izrgksm5ij6ns5qyiy0rlkk4pa50-perl5.32.0-Text-CharWidth-0.04/lib/perl5/site_perl/5.32.0/x86_64-linux-thread-multi/auto/Text/CharWidth/CharWidth.so
strip is /nix/store/psyzbhp4p088sb9qcs378hfbslcalasl-binutils-2.31.1/bin/strip
stripping (with command strip and flags -S) in /nix/store/x1c7izrgksm5ij6ns5qyiy0rlkk4pa50-perl5.32.0-Text-CharWidth-0.04/lib
patching script interpreter paths in /nix/store/x1c7izrgksm5ij6ns5qyiy0rlkk4pa50-perl5.32.0-Text-CharWidth-0.04
checking for references to /build/ in /nix/store/x1c7izrgksm5ij6ns5qyiy0rlkk4pa50-perl5.32.0-Text-CharWidth-0.04...
shrinking RPATHs of ELF executables and libraries in /nix/store/s4w371q7j951v6fh6i6xvkfbhz6wx0wv-perl5.32.0-Text-CharWidth-0.04-devdoc
gzipping man pages under /nix/store/s4w371q7j951v6fh6i6xvkfbhz6wx0wv-perl5.32.0-Text-CharWidth-0.04-devdoc/share/man/
strip is /nix/store/psyzbhp4p088sb9qcs378hfbslcalasl-binutils-2.31.1/bin/strip
patching script interpreter paths in /nix/store/s4w371q7j951v6fh6i6xvkfbhz6wx0wv-perl5.32.0-Text-CharWidth-0.04-devdoc
checking for references to /build/ in /nix/store/s4w371q7j951v6fh6i6xvkfbhz6wx0wv-perl5.32.0-Text-CharWidth-0.04-devdoc...
/nix/store/x1c7izrgksm5ij6ns5qyiy0rlkk4pa50-perl5.32.0-Text-CharWidth-0.04
