these derivations will be built:
  /nix/store/shxc6gvllm6q4l412pp704f04f5ly9xi-perl5.32.0-Thread-Queue-3.13.drv
these paths will be fetched (0.01 MiB download, 0.01 MiB unpacked):
  /nix/store/x1kg1dhh7h1qb2n990yh4l98dw3ywfbp-Thread-Queue-3.13.tar.gz
copying path '/nix/store/x1kg1dhh7h1qb2n990yh4l98dw3ywfbp-Thread-Queue-3.13.tar.gz' from 'https://cache.nixos.org'...
building '/nix/store/shxc6gvllm6q4l412pp704f04f5ly9xi-perl5.32.0-Thread-Queue-3.13.drv'...
unpacking sources
unpacking source archive /nix/store/x1kg1dhh7h1qb2n990yh4l98dw3ywfbp-Thread-Queue-3.13.tar.gz
source root is Thread-Queue-3.13
setting SOURCE_DATE_EPOCH to timestamp 1531881088 of file Thread-Queue-3.13/META.yml
patching sources
configuring
patching ./examples/queue.pl...
patching ./examples/callback.pl...
Checking if your kit is complete...
Looks good
Generating a Unix-style Makefile
Writing Makefile for Thread::Queue
Writing MYMETA.yml and MYMETA.json
no configure script, doing nothing
building
build flags: SHELL=/nix/store/9fqwwd4iybmhjqyxiaxycknslw6bgwh1-bash-4.4-p23/bin/bash
cp lib/Thread/Queue.pm blib/lib/Thread/Queue.pm
Manifying 1 pod document
running tests
check flags: SHELL=/nix/store/9fqwwd4iybmhjqyxiaxycknslw6bgwh1-bash-4.4-p23/bin/bash VERBOSE=y test
PERL_DL_NONLAZY=1 "/nix/store/7c044di03qa7qgr5kjjc2d787aspzp0m-perl-5.32.0/bin/perl" "-MExtUtils::Command::MM" "-MTest::Harness" "-e" "undef *Test::Harness::Switches; test_harness(0, 'blib/lib', 'blib/arch')" t/*.t
t/00_load.t ....... 1/1 # Testing Thread::Queue 3.13
t/00_load.t ....... ok
t/01_basic.t ...... ok
t/02_refs.t ....... ok
t/03_peek.t ....... ok
t/04_errs.t ....... ok
t/05_extract.t .... ok
t/06_insert.t ..... ok
t/07_lock.t ....... ok
t/08_nothreads.t .. ok
t/09_ended.t ...... ok
t/10_timed.t ...... ok
t/11_limit.t ...... ok
t/99_pod.t ........ skipped: Module maintainer tests
All tests successful.
Files=13, Tests=336, 29 wallclock secs ( 0.07 usr  0.01 sys +  1.47 cusr  0.17 csys =  1.72 CPU)
Result: PASS
installing
install flags: SHELL=/nix/store/9fqwwd4iybmhjqyxiaxycknslw6bgwh1-bash-4.4-p23/bin/bash pkgconfigdir=/nix/store/6mdwzf0rgkq8x27jms6gb6a6qnwxx1qy-perl5.32.0-Thread-Queue-3.13/lib/pkgconfig m4datadir=/nix/store/6mdwzf0rgkq8x27jms6gb6a6qnwxx1qy-perl5.32.0-Thread-Queue-3.13/share/aclocal aclocaldir=/nix/store/6mdwzf0rgkq8x27jms6gb6a6qnwxx1qy-perl5.32.0-Thread-Queue-3.13/share/aclocal install
Manifying 1 pod document
Installing /nix/store/6mdwzf0rgkq8x27jms6gb6a6qnwxx1qy-perl5.32.0-Thread-Queue-3.13/lib/perl5/site_perl/5.32.0/Thread/Queue.pm
Installing /nix/store/6mdwzf0rgkq8x27jms6gb6a6qnwxx1qy-perl5.32.0-Thread-Queue-3.13/share/man/man3/Thread::Queue.3
Appending installation info to /nix/store/6mdwzf0rgkq8x27jms6gb6a6qnwxx1qy-perl5.32.0-Thread-Queue-3.13/lib/perl5/5.32.0/x86_64-linux-thread-multi/perllocal.pod
post-installation fixup
Moving /nix/store/6mdwzf0rgkq8x27jms6gb6a6qnwxx1qy-perl5.32.0-Thread-Queue-3.13/share/man/man3 to /nix/store/3l96blvfkww6jvarmm3yi2y55ar8cr7q-perl5.32.0-Thread-Queue-3.13-devdoc/share/man/man3
Removing empty /nix/store/6mdwzf0rgkq8x27jms6gb6a6qnwxx1qy-perl5.32.0-Thread-Queue-3.13/share/man/ and (possibly) its parents
shrinking RPATHs of ELF executables and libraries in /nix/store/6mdwzf0rgkq8x27jms6gb6a6qnwxx1qy-perl5.32.0-Thread-Queue-3.13
strip is /nix/store/psyzbhp4p088sb9qcs378hfbslcalasl-binutils-2.31.1/bin/strip
stripping (with command strip and flags -S) in /nix/store/6mdwzf0rgkq8x27jms6gb6a6qnwxx1qy-perl5.32.0-Thread-Queue-3.13/lib
patching script interpreter paths in /nix/store/6mdwzf0rgkq8x27jms6gb6a6qnwxx1qy-perl5.32.0-Thread-Queue-3.13
checking for references to /build/ in /nix/store/6mdwzf0rgkq8x27jms6gb6a6qnwxx1qy-perl5.32.0-Thread-Queue-3.13...
shrinking RPATHs of ELF executables and libraries in /nix/store/3l96blvfkww6jvarmm3yi2y55ar8cr7q-perl5.32.0-Thread-Queue-3.13-devdoc
gzipping man pages under /nix/store/3l96blvfkww6jvarmm3yi2y55ar8cr7q-perl5.32.0-Thread-Queue-3.13-devdoc/share/man/
strip is /nix/store/psyzbhp4p088sb9qcs378hfbslcalasl-binutils-2.31.1/bin/strip
patching script interpreter paths in /nix/store/3l96blvfkww6jvarmm3yi2y55ar8cr7q-perl5.32.0-Thread-Queue-3.13-devdoc
checking for references to /build/ in /nix/store/3l96blvfkww6jvarmm3yi2y55ar8cr7q-perl5.32.0-Thread-Queue-3.13-devdoc...
/nix/store/6mdwzf0rgkq8x27jms6gb6a6qnwxx1qy-perl5.32.0-Thread-Queue-3.13
