these derivations will be built:
  /nix/store/mpp0ilfqqicjsxprzmwwrhdar1hrfri1-perl5.32.0-Tie-Cache-LRU-20150301.drv
these paths will be fetched (0.14 MiB download, 0.14 MiB unpacked):
  /nix/store/pa127792fbn3yn8hq498dm2czc311xxm-Tie-Cache-LRU-20150301.tar.gz
copying path '/nix/store/pa127792fbn3yn8hq498dm2czc311xxm-Tie-Cache-LRU-20150301.tar.gz' from 'https://cache.nixos.org'...
building '/nix/store/mpp0ilfqqicjsxprzmwwrhdar1hrfri1-perl5.32.0-Tie-Cache-LRU-20150301.drv'...
unpacking sources
unpacking source archive /nix/store/pa127792fbn3yn8hq498dm2czc311xxm-Tie-Cache-LRU-20150301.tar.gz
source root is Tie-Cache-LRU-20150301
setting SOURCE_DATE_EPOCH to timestamp 1425241534 of file Tie-Cache-LRU-20150301/META.yml
patching sources
configuring
patching ./bench/read...
patching ./bench/time...
patching ./t/each_loop.t...
patching ./t/0_Array.t...
patching ./t/LRU.t...
patching ./t/0_LinkedList.t...
patching ./t/Virtual.t...
patching ./Makefile.PL...
Checking if your kit is complete...
Looks good
Generating a Unix-style Makefile
Writing Makefile for Tie::Cache::LRU
Writing MYMETA.yml and MYMETA.json
no configure script, doing nothing
building
build flags: SHELL=/nix/store/9fqwwd4iybmhjqyxiaxycknslw6bgwh1-bash-4.4-p23/bin/bash
cp lib/Tie/Cache/LRU/LinkedList.pm blib/lib/Tie/Cache/LRU/LinkedList.pm
cp lib/Tie/Cache/LRU.pm blib/lib/Tie/Cache/LRU.pm
cp lib/Tie/Cache/LRU/Virtual.pm blib/lib/Tie/Cache/LRU/Virtual.pm
cp lib/Tie/Cache/LRU/Array.pm blib/lib/Tie/Cache/LRU/Array.pm
Manifying 4 pod documents
running tests
check flags: SHELL=/nix/store/9fqwwd4iybmhjqyxiaxycknslw6bgwh1-bash-4.4-p23/bin/bash VERBOSE=y test
PERL_DL_NONLAZY=1 "/nix/store/7c044di03qa7qgr5kjjc2d787aspzp0m-perl-5.32.0/bin/perl" "-MExtUtils::Command::MM" "-MTest::Harness" "-e" "undef *Test::Harness::Switches; test_harness(0, 'blib/lib', 'blib/arch')" t/*.t
t/0_Array.t ....... ok
t/0_LinkedList.t .. ok
t/each_loop.t ..... ok
t/LRU.t ........... ok
t/Virtual.t ....... ok
All tests successful.
Files=5, Tests=38,  1 wallclock secs ( 0.03 usr  0.01 sys +  0.31 cusr  0.15 csys =  0.50 CPU)
Result: PASS
installing
install flags: SHELL=/nix/store/9fqwwd4iybmhjqyxiaxycknslw6bgwh1-bash-4.4-p23/bin/bash pkgconfigdir=/nix/store/h6qp74rnlhg1jy5180nh41w6bq943ik6-perl5.32.0-Tie-Cache-LRU-20150301/lib/pkgconfig m4datadir=/nix/store/h6qp74rnlhg1jy5180nh41w6bq943ik6-perl5.32.0-Tie-Cache-LRU-20150301/share/aclocal aclocaldir=/nix/store/h6qp74rnlhg1jy5180nh41w6bq943ik6-perl5.32.0-Tie-Cache-LRU-20150301/share/aclocal install
Manifying 4 pod documents
Installing /nix/store/h6qp74rnlhg1jy5180nh41w6bq943ik6-perl5.32.0-Tie-Cache-LRU-20150301/lib/perl5/site_perl/5.32.0/Tie/Cache/LRU.pm
Installing /nix/store/h6qp74rnlhg1jy5180nh41w6bq943ik6-perl5.32.0-Tie-Cache-LRU-20150301/lib/perl5/site_perl/5.32.0/Tie/Cache/LRU/LinkedList.pm
Installing /nix/store/h6qp74rnlhg1jy5180nh41w6bq943ik6-perl5.32.0-Tie-Cache-LRU-20150301/lib/perl5/site_perl/5.32.0/Tie/Cache/LRU/Virtual.pm
Installing /nix/store/h6qp74rnlhg1jy5180nh41w6bq943ik6-perl5.32.0-Tie-Cache-LRU-20150301/lib/perl5/site_perl/5.32.0/Tie/Cache/LRU/Array.pm
Installing /nix/store/h6qp74rnlhg1jy5180nh41w6bq943ik6-perl5.32.0-Tie-Cache-LRU-20150301/share/man/man3/Tie::Cache::LRU::Virtual.3
Installing /nix/store/h6qp74rnlhg1jy5180nh41w6bq943ik6-perl5.32.0-Tie-Cache-LRU-20150301/share/man/man3/Tie::Cache::LRU.3
Installing /nix/store/h6qp74rnlhg1jy5180nh41w6bq943ik6-perl5.32.0-Tie-Cache-LRU-20150301/share/man/man3/Tie::Cache::LRU::Array.3
Installing /nix/store/h6qp74rnlhg1jy5180nh41w6bq943ik6-perl5.32.0-Tie-Cache-LRU-20150301/share/man/man3/Tie::Cache::LRU::LinkedList.3
Appending installation info to /nix/store/h6qp74rnlhg1jy5180nh41w6bq943ik6-perl5.32.0-Tie-Cache-LRU-20150301/lib/perl5/5.32.0/x86_64-linux-thread-multi/perllocal.pod
post-installation fixup
Moving /nix/store/h6qp74rnlhg1jy5180nh41w6bq943ik6-perl5.32.0-Tie-Cache-LRU-20150301/share/man/man3 to /nix/store/1yb2pzlbqg6garl100qn5jv9lp2psl5k-perl5.32.0-Tie-Cache-LRU-20150301-devdoc/share/man/man3
Removing empty /nix/store/h6qp74rnlhg1jy5180nh41w6bq943ik6-perl5.32.0-Tie-Cache-LRU-20150301/share/man/ and (possibly) its parents
shrinking RPATHs of ELF executables and libraries in /nix/store/h6qp74rnlhg1jy5180nh41w6bq943ik6-perl5.32.0-Tie-Cache-LRU-20150301
strip is /nix/store/psyzbhp4p088sb9qcs378hfbslcalasl-binutils-2.31.1/bin/strip
stripping (with command strip and flags -S) in /nix/store/h6qp74rnlhg1jy5180nh41w6bq943ik6-perl5.32.0-Tie-Cache-LRU-20150301/lib
patching script interpreter paths in /nix/store/h6qp74rnlhg1jy5180nh41w6bq943ik6-perl5.32.0-Tie-Cache-LRU-20150301
checking for references to /build/ in /nix/store/h6qp74rnlhg1jy5180nh41w6bq943ik6-perl5.32.0-Tie-Cache-LRU-20150301...
shrinking RPATHs of ELF executables and libraries in /nix/store/1yb2pzlbqg6garl100qn5jv9lp2psl5k-perl5.32.0-Tie-Cache-LRU-20150301-devdoc
gzipping man pages under /nix/store/1yb2pzlbqg6garl100qn5jv9lp2psl5k-perl5.32.0-Tie-Cache-LRU-20150301-devdoc/share/man/
strip is /nix/store/psyzbhp4p088sb9qcs378hfbslcalasl-binutils-2.31.1/bin/strip
patching script interpreter paths in /nix/store/1yb2pzlbqg6garl100qn5jv9lp2psl5k-perl5.32.0-Tie-Cache-LRU-20150301-devdoc
checking for references to /build/ in /nix/store/1yb2pzlbqg6garl100qn5jv9lp2psl5k-perl5.32.0-Tie-Cache-LRU-20150301-devdoc...
/nix/store/h6qp74rnlhg1jy5180nh41w6bq943ik6-perl5.32.0-Tie-Cache-LRU-20150301
