these derivations will be built:
  /nix/store/c6hamfw0ziihn00d8h7k1hn5qpsisbyk-perl5.32.0-URI-GoogleChart-1.02.drv
these paths will be fetched (0.01 MiB download, 0.01 MiB unpacked):
  /nix/store/gwiq7spdpgx8azqcwcvi9b3p81z23jjq-URI-GoogleChart-1.02.tar.gz
copying path '/nix/store/gwiq7spdpgx8azqcwcvi9b3p81z23jjq-URI-GoogleChart-1.02.tar.gz' from 'https://cache.nixos.org'...
building '/nix/store/c6hamfw0ziihn00d8h7k1hn5qpsisbyk-perl5.32.0-URI-GoogleChart-1.02.drv'...
unpacking sources
unpacking source archive /nix/store/gwiq7spdpgx8azqcwcvi9b3p81z23jjq-URI-GoogleChart-1.02.tar.gz
source root is URI-GoogleChart-1.02
setting SOURCE_DATE_EPOCH to timestamp 1250330860 of file URI-GoogleChart-1.02/META.yml
patching sources
configuring
patching ./t/eg.t...
patching ./t/basic.t...
Checking if your kit is complete...
Looks good
Generating a Unix-style Makefile
Writing Makefile for URI::GoogleChart
Writing MYMETA.yml and MYMETA.json
no configure script, doing nothing
building
build flags: SHELL=/nix/store/9fqwwd4iybmhjqyxiaxycknslw6bgwh1-bash-4.4-p23/bin/bash
cp lib/URI/GoogleChart.pm blib/lib/URI/GoogleChart.pm
Manifying 1 pod document
running tests
check flags: SHELL=/nix/store/9fqwwd4iybmhjqyxiaxycknslw6bgwh1-bash-4.4-p23/bin/bash VERBOSE=y test
PERL_DL_NONLAZY=1 "/nix/store/7c044di03qa7qgr5kjjc2d787aspzp0m-perl-5.32.0/bin/perl" "-MExtUtils::Command::MM" "-MTest::Harness" "-e" "undef *Test::Harness::Switches; test_harness(0, 'blib/lib', 'blib/arch')" t/*.t
t/basic.t .. ok
t/eg.t ..... ok
All tests successful.
Files=2, Tests=9,  0 wallclock secs ( 0.02 usr  0.01 sys +  0.05 cusr  0.00 csys =  0.08 CPU)
Result: PASS
installing
install flags: SHELL=/nix/store/9fqwwd4iybmhjqyxiaxycknslw6bgwh1-bash-4.4-p23/bin/bash pkgconfigdir=/nix/store/il3xhb3faxgb11bh3jzarm419sxz1v7a-perl5.32.0-URI-GoogleChart-1.02/lib/pkgconfig m4datadir=/nix/store/il3xhb3faxgb11bh3jzarm419sxz1v7a-perl5.32.0-URI-GoogleChart-1.02/share/aclocal aclocaldir=/nix/store/il3xhb3faxgb11bh3jzarm419sxz1v7a-perl5.32.0-URI-GoogleChart-1.02/share/aclocal install
Manifying 1 pod document
Installing /nix/store/il3xhb3faxgb11bh3jzarm419sxz1v7a-perl5.32.0-URI-GoogleChart-1.02/lib/perl5/site_perl/5.32.0/URI/GoogleChart.pm
Installing /nix/store/il3xhb3faxgb11bh3jzarm419sxz1v7a-perl5.32.0-URI-GoogleChart-1.02/share/man/man3/URI::GoogleChart.3
Appending installation info to /nix/store/il3xhb3faxgb11bh3jzarm419sxz1v7a-perl5.32.0-URI-GoogleChart-1.02/lib/perl5/5.32.0/x86_64-linux-thread-multi/perllocal.pod
post-installation fixup
Moving /nix/store/il3xhb3faxgb11bh3jzarm419sxz1v7a-perl5.32.0-URI-GoogleChart-1.02/share/man/man3 to /nix/store/jdkf71yc1imsx3s58mgrkhdb5mikkal9-perl5.32.0-URI-GoogleChart-1.02-devdoc/share/man/man3
Removing empty /nix/store/il3xhb3faxgb11bh3jzarm419sxz1v7a-perl5.32.0-URI-GoogleChart-1.02/share/man/ and (possibly) its parents
shrinking RPATHs of ELF executables and libraries in /nix/store/il3xhb3faxgb11bh3jzarm419sxz1v7a-perl5.32.0-URI-GoogleChart-1.02
strip is /nix/store/psyzbhp4p088sb9qcs378hfbslcalasl-binutils-2.31.1/bin/strip
stripping (with command strip and flags -S) in /nix/store/il3xhb3faxgb11bh3jzarm419sxz1v7a-perl5.32.0-URI-GoogleChart-1.02/lib
patching script interpreter paths in /nix/store/il3xhb3faxgb11bh3jzarm419sxz1v7a-perl5.32.0-URI-GoogleChart-1.02
checking for references to /build/ in /nix/store/il3xhb3faxgb11bh3jzarm419sxz1v7a-perl5.32.0-URI-GoogleChart-1.02...
shrinking RPATHs of ELF executables and libraries in /nix/store/jdkf71yc1imsx3s58mgrkhdb5mikkal9-perl5.32.0-URI-GoogleChart-1.02-devdoc
gzipping man pages under /nix/store/jdkf71yc1imsx3s58mgrkhdb5mikkal9-perl5.32.0-URI-GoogleChart-1.02-devdoc/share/man/
strip is /nix/store/psyzbhp4p088sb9qcs378hfbslcalasl-binutils-2.31.1/bin/strip
patching script interpreter paths in /nix/store/jdkf71yc1imsx3s58mgrkhdb5mikkal9-perl5.32.0-URI-GoogleChart-1.02-devdoc
checking for references to /build/ in /nix/store/jdkf71yc1imsx3s58mgrkhdb5mikkal9-perl5.32.0-URI-GoogleChart-1.02-devdoc...
/nix/store/il3xhb3faxgb11bh3jzarm419sxz1v7a-perl5.32.0-URI-GoogleChart-1.02
