these derivations will be built:
  /nix/store/kkbvwhvafm5lk5ylcid7sn3i4i5nw8cn-perl5.32.0-VM-EC2-Security-CredentialCache-0.25.drv
these paths will be fetched (0.01 MiB download, 0.01 MiB unpacked):
  /nix/store/1b7il479nlrmpjg33n27z9j1khz4wa18-VM-EC2-Security-CredentialCache-0.25.tar.gz
copying path '/nix/store/1b7il479nlrmpjg33n27z9j1khz4wa18-VM-EC2-Security-CredentialCache-0.25.tar.gz' from 'https://cache.nixos.org'...
building '/nix/store/kkbvwhvafm5lk5ylcid7sn3i4i5nw8cn-perl5.32.0-VM-EC2-Security-CredentialCache-0.25.drv'...
unpacking sources
unpacking source archive /nix/store/1b7il479nlrmpjg33n27z9j1khz4wa18-VM-EC2-Security-CredentialCache-0.25.tar.gz
source root is VM-EC2-Security-CredentialCache-0.25
setting SOURCE_DATE_EPOCH to timestamp 1440341325 of file VM-EC2-Security-CredentialCache-0.25/t/00use.t
patching sources
configuring
patching ./t/00use.t...
Checking if your kit is complete...
Looks good
Generating a Unix-style Makefile
Writing Makefile for VM::EC2::Security::CredentialCache
Writing MYMETA.yml and MYMETA.json
no configure script, doing nothing
building
build flags: SHELL=/nix/store/9fqwwd4iybmhjqyxiaxycknslw6bgwh1-bash-4.4-p23/bin/bash
cp lib/VM/EC2/Security/CredentialCache.pm blib/lib/VM/EC2/Security/CredentialCache.pm
Manifying 1 pod document
running tests
check flags: SHELL=/nix/store/9fqwwd4iybmhjqyxiaxycknslw6bgwh1-bash-4.4-p23/bin/bash VERBOSE=y test
PERL_DL_NONLAZY=1 "/nix/store/7c044di03qa7qgr5kjjc2d787aspzp0m-perl-5.32.0/bin/perl" "-MExtUtils::Command::MM" "-MTest::Harness" "-e" "undef *Test::Harness::Switches; test_harness(0, 'blib/lib', 'blib/arch')" t/*.t
t/00use.t .. ok
All tests successful.
Files=1, Tests=1,  1 wallclock secs ( 0.05 usr  0.04 sys +  0.27 cusr  0.08 csys =  0.44 CPU)
Result: PASS
installing
install flags: SHELL=/nix/store/9fqwwd4iybmhjqyxiaxycknslw6bgwh1-bash-4.4-p23/bin/bash pkgconfigdir=/nix/store/0vgzd18fs463bgshp0bdcvhqgnf8jmqm-perl5.32.0-VM-EC2-Security-CredentialCache-0.25/lib/pkgconfig m4datadir=/nix/store/0vgzd18fs463bgshp0bdcvhqgnf8jmqm-perl5.32.0-VM-EC2-Security-CredentialCache-0.25/share/aclocal aclocaldir=/nix/store/0vgzd18fs463bgshp0bdcvhqgnf8jmqm-perl5.32.0-VM-EC2-Security-CredentialCache-0.25/share/aclocal install
Manifying 1 pod document
Installing /nix/store/0vgzd18fs463bgshp0bdcvhqgnf8jmqm-perl5.32.0-VM-EC2-Security-CredentialCache-0.25/lib/perl5/site_perl/5.32.0/VM/EC2/Security/CredentialCache.pm
Installing /nix/store/0vgzd18fs463bgshp0bdcvhqgnf8jmqm-perl5.32.0-VM-EC2-Security-CredentialCache-0.25/share/man/man3/VM::EC2::Security::CredentialCache.3
Appending installation info to /nix/store/0vgzd18fs463bgshp0bdcvhqgnf8jmqm-perl5.32.0-VM-EC2-Security-CredentialCache-0.25/lib/perl5/5.32.0/x86_64-linux-thread-multi/perllocal.pod
post-installation fixup
Moving /nix/store/0vgzd18fs463bgshp0bdcvhqgnf8jmqm-perl5.32.0-VM-EC2-Security-CredentialCache-0.25/share/man/man3 to /nix/store/q50p3fsc6nkdhhhp67fidniw3nhi6pnn-perl5.32.0-VM-EC2-Security-CredentialCache-0.25-devdoc/share/man/man3
Removing empty /nix/store/0vgzd18fs463bgshp0bdcvhqgnf8jmqm-perl5.32.0-VM-EC2-Security-CredentialCache-0.25/share/man/ and (possibly) its parents
shrinking RPATHs of ELF executables and libraries in /nix/store/0vgzd18fs463bgshp0bdcvhqgnf8jmqm-perl5.32.0-VM-EC2-Security-CredentialCache-0.25
strip is /nix/store/psyzbhp4p088sb9qcs378hfbslcalasl-binutils-2.31.1/bin/strip
stripping (with command strip and flags -S) in /nix/store/0vgzd18fs463bgshp0bdcvhqgnf8jmqm-perl5.32.0-VM-EC2-Security-CredentialCache-0.25/lib
patching script interpreter paths in /nix/store/0vgzd18fs463bgshp0bdcvhqgnf8jmqm-perl5.32.0-VM-EC2-Security-CredentialCache-0.25
checking for references to /build/ in /nix/store/0vgzd18fs463bgshp0bdcvhqgnf8jmqm-perl5.32.0-VM-EC2-Security-CredentialCache-0.25...
shrinking RPATHs of ELF executables and libraries in /nix/store/q50p3fsc6nkdhhhp67fidniw3nhi6pnn-perl5.32.0-VM-EC2-Security-CredentialCache-0.25-devdoc
gzipping man pages under /nix/store/q50p3fsc6nkdhhhp67fidniw3nhi6pnn-perl5.32.0-VM-EC2-Security-CredentialCache-0.25-devdoc/share/man/
strip is /nix/store/psyzbhp4p088sb9qcs378hfbslcalasl-binutils-2.31.1/bin/strip
patching script interpreter paths in /nix/store/q50p3fsc6nkdhhhp67fidniw3nhi6pnn-perl5.32.0-VM-EC2-Security-CredentialCache-0.25-devdoc
checking for references to /build/ in /nix/store/q50p3fsc6nkdhhhp67fidniw3nhi6pnn-perl5.32.0-VM-EC2-Security-CredentialCache-0.25-devdoc...
/nix/store/0vgzd18fs463bgshp0bdcvhqgnf8jmqm-perl5.32.0-VM-EC2-Security-CredentialCache-0.25
