these derivations will be built:
  /nix/store/jkd2a5b9hby7kf9ciclk62jbzadbx6qk-perl5.32.0-WebService-Linode-0.29.drv
these paths will be fetched (0.03 MiB download, 0.03 MiB unpacked):
  /nix/store/s2gp2jl6v6p6rkdjyb78bs51amiaf6ls-WebService-Linode-0.29.tar.gz
copying path '/nix/store/s2gp2jl6v6p6rkdjyb78bs51amiaf6ls-WebService-Linode-0.29.tar.gz' from 'https://cache.nixos.org'...
building '/nix/store/jkd2a5b9hby7kf9ciclk62jbzadbx6qk-perl5.32.0-WebService-Linode-0.29.drv'...
unpacking sources
unpacking source archive /nix/store/s2gp2jl6v6p6rkdjyb78bs51amiaf6ls-WebService-Linode-0.29.tar.gz
source root is WebService-Linode-0.29
setting SOURCE_DATE_EPOCH to timestamp 1567661051 of file WebService-Linode-0.29/t/release-kwalitee.t
patching sources
configuring
patching ./examples/run_method.pl...
patching ./examples/dyndns.pl...
patching ./examples/list_records.pl...
patching ./t/author-pod-syntax.t...
patching ./t/boilerplate.t...
patching ./t/01-domains.t...
patching ./t/pod.t...
patching ./t/00-load.t...
no configure script, doing nothing
building
Creating new 'Build' script for 'WebService-Linode' version '0.29'
cp lib/WebService/Linode.pm blib/lib/WebService/Linode.pm
cp lib/WebService/Linode/Base.pm blib/lib/WebService/Linode/Base.pm
cp lib/WebService/Linode/DNS.pm blib/lib/WebService/Linode/DNS.pm
running tests
t/00-load.t ............ 1/3 # Testing WebService::Linode 0.29, Perl 5.032000, /nix/store/7c044di03qa7qgr5kjjc2d787aspzp0m-perl-5.32.0/bin/perl
t/00-load.t ............ ok
t/01-domains.t ......... skipped: Test::MockObject required for these tests
t/author-pod-syntax.t .. skipped: these tests are for testing by the author
t/boilerplate.t ........ ok
t/pod-coverage.t ....... skipped: Test::Pod::Coverage 1.08 required for testing POD coverage
t/pod.t ................ skipped: Test::Pod 1.22 required for testing POD
t/release-kwalitee.t ... skipped: these tests are for release candidate testing
All tests successful.
Files=7, Tests=6,  1 wallclock secs ( 0.06 usr  0.03 sys +  0.60 cusr  0.53 csys =  1.22 CPU)
Result: PASS
installing
Installing /nix/store/qqd1qqmf5cbzhbm9andiammgwr1xa8rg-perl5.32.0-WebService-Linode-0.29/lib/perl5/site_perl/5.32.0/WebService/Linode.pm
Installing /nix/store/qqd1qqmf5cbzhbm9andiammgwr1xa8rg-perl5.32.0-WebService-Linode-0.29/lib/perl5/site_perl/5.32.0/WebService/Linode/DNS.pm
Installing /nix/store/qqd1qqmf5cbzhbm9andiammgwr1xa8rg-perl5.32.0-WebService-Linode-0.29/lib/perl5/site_perl/5.32.0/WebService/Linode/Base.pm
Installing /nix/store/qqd1qqmf5cbzhbm9andiammgwr1xa8rg-perl5.32.0-WebService-Linode-0.29/share/man/man3/WebService::Linode.3
Installing /nix/store/qqd1qqmf5cbzhbm9andiammgwr1xa8rg-perl5.32.0-WebService-Linode-0.29/share/man/man3/WebService::Linode::DNS.3
Installing /nix/store/qqd1qqmf5cbzhbm9andiammgwr1xa8rg-perl5.32.0-WebService-Linode-0.29/share/man/man3/WebService::Linode::Base.3
post-installation fixup
Moving /nix/store/qqd1qqmf5cbzhbm9andiammgwr1xa8rg-perl5.32.0-WebService-Linode-0.29/share/man/man3 to /nix/store/8995ad0cvaa17himnlj15vsnw3inbkwy-perl5.32.0-WebService-Linode-0.29-devdoc/share/man/man3
Removing empty /nix/store/qqd1qqmf5cbzhbm9andiammgwr1xa8rg-perl5.32.0-WebService-Linode-0.29/share/man/ and (possibly) its parents
shrinking RPATHs of ELF executables and libraries in /nix/store/qqd1qqmf5cbzhbm9andiammgwr1xa8rg-perl5.32.0-WebService-Linode-0.29
strip is /nix/store/psyzbhp4p088sb9qcs378hfbslcalasl-binutils-2.31.1/bin/strip
stripping (with command strip and flags -S) in /nix/store/qqd1qqmf5cbzhbm9andiammgwr1xa8rg-perl5.32.0-WebService-Linode-0.29/lib
patching script interpreter paths in /nix/store/qqd1qqmf5cbzhbm9andiammgwr1xa8rg-perl5.32.0-WebService-Linode-0.29
checking for references to /build/ in /nix/store/qqd1qqmf5cbzhbm9andiammgwr1xa8rg-perl5.32.0-WebService-Linode-0.29...
shrinking RPATHs of ELF executables and libraries in /nix/store/8995ad0cvaa17himnlj15vsnw3inbkwy-perl5.32.0-WebService-Linode-0.29-devdoc
gzipping man pages under /nix/store/8995ad0cvaa17himnlj15vsnw3inbkwy-perl5.32.0-WebService-Linode-0.29-devdoc/share/man/
strip is /nix/store/psyzbhp4p088sb9qcs378hfbslcalasl-binutils-2.31.1/bin/strip
patching script interpreter paths in /nix/store/8995ad0cvaa17himnlj15vsnw3inbkwy-perl5.32.0-WebService-Linode-0.29-devdoc
checking for references to /build/ in /nix/store/8995ad0cvaa17himnlj15vsnw3inbkwy-perl5.32.0-WebService-Linode-0.29-devdoc...
/nix/store/qqd1qqmf5cbzhbm9andiammgwr1xa8rg-perl5.32.0-WebService-Linode-0.29
