these derivations will be built:
  /nix/store/4bgkfr7h8h9gwzpcms917yd83rf3h36r-perl5.32.0-XML-Filter-BufferText-1.01.drv
these paths will be fetched (0.00 MiB download, 0.00 MiB unpacked):
  /nix/store/wrbdiwxz1d6kgpv7d8hbdwkf2kiqzwc8-XML-Filter-BufferText-1.01.tar.gz
copying path '/nix/store/wrbdiwxz1d6kgpv7d8hbdwkf2kiqzwc8-XML-Filter-BufferText-1.01.tar.gz' from 'https://cache.nixos.org'...
building '/nix/store/4bgkfr7h8h9gwzpcms917yd83rf3h36r-perl5.32.0-XML-Filter-BufferText-1.01.drv'...
unpacking sources
unpacking source archive /nix/store/wrbdiwxz1d6kgpv7d8hbdwkf2kiqzwc8-XML-Filter-BufferText-1.01.tar.gz
source root is XML-Filter-BufferText-1.01
setting SOURCE_DATE_EPOCH to timestamp 1057348306 of file XML-Filter-BufferText-1.01/Changes
patching sources
configuring
Checking if your kit is complete...
Looks good
Warning: prerequisite XML::SAX 0.04 not found.
Warning: prerequisite XML::SAX::Base 1.03 not found.
Generating a Unix-style Makefile
Writing Makefile for XML::Filter::BufferText
Writing MYMETA.yml and MYMETA.json
no configure script, doing nothing
building
build flags: SHELL=/nix/store/9fqwwd4iybmhjqyxiaxycknslw6bgwh1-bash-4.4-p23/bin/bash
cp BufferText.pm blib/lib/XML/Filter/BufferText.pm
Manifying 1 pod document
installing
install flags: SHELL=/nix/store/9fqwwd4iybmhjqyxiaxycknslw6bgwh1-bash-4.4-p23/bin/bash pkgconfigdir=/nix/store/hd9c4ya2abafjznrhcj4g6qjv17g5xyk-perl5.32.0-XML-Filter-BufferText-1.01/lib/pkgconfig m4datadir=/nix/store/hd9c4ya2abafjznrhcj4g6qjv17g5xyk-perl5.32.0-XML-Filter-BufferText-1.01/share/aclocal aclocaldir=/nix/store/hd9c4ya2abafjznrhcj4g6qjv17g5xyk-perl5.32.0-XML-Filter-BufferText-1.01/share/aclocal install
Manifying 1 pod document
Installing /nix/store/hd9c4ya2abafjznrhcj4g6qjv17g5xyk-perl5.32.0-XML-Filter-BufferText-1.01/lib/perl5/site_perl/5.32.0/XML/Filter/BufferText.pm
Installing /nix/store/hd9c4ya2abafjznrhcj4g6qjv17g5xyk-perl5.32.0-XML-Filter-BufferText-1.01/share/man/man3/XML::Filter::BufferText.3
Appending installation info to /nix/store/hd9c4ya2abafjznrhcj4g6qjv17g5xyk-perl5.32.0-XML-Filter-BufferText-1.01/lib/perl5/5.32.0/x86_64-linux-thread-multi/perllocal.pod
post-installation fixup
Moving /nix/store/hd9c4ya2abafjznrhcj4g6qjv17g5xyk-perl5.32.0-XML-Filter-BufferText-1.01/share/man/man3 to /nix/store/wch4nlbr00mc09qca7711r1pyiqknvqi-perl5.32.0-XML-Filter-BufferText-1.01-devdoc/share/man/man3
Removing empty /nix/store/hd9c4ya2abafjznrhcj4g6qjv17g5xyk-perl5.32.0-XML-Filter-BufferText-1.01/share/man/ and (possibly) its parents
shrinking RPATHs of ELF executables and libraries in /nix/store/hd9c4ya2abafjznrhcj4g6qjv17g5xyk-perl5.32.0-XML-Filter-BufferText-1.01
strip is /nix/store/psyzbhp4p088sb9qcs378hfbslcalasl-binutils-2.31.1/bin/strip
stripping (with command strip and flags -S) in /nix/store/hd9c4ya2abafjznrhcj4g6qjv17g5xyk-perl5.32.0-XML-Filter-BufferText-1.01/lib
patching script interpreter paths in /nix/store/hd9c4ya2abafjznrhcj4g6qjv17g5xyk-perl5.32.0-XML-Filter-BufferText-1.01
checking for references to /build/ in /nix/store/hd9c4ya2abafjznrhcj4g6qjv17g5xyk-perl5.32.0-XML-Filter-BufferText-1.01...
shrinking RPATHs of ELF executables and libraries in /nix/store/wch4nlbr00mc09qca7711r1pyiqknvqi-perl5.32.0-XML-Filter-BufferText-1.01-devdoc
gzipping man pages under /nix/store/wch4nlbr00mc09qca7711r1pyiqknvqi-perl5.32.0-XML-Filter-BufferText-1.01-devdoc/share/man/
strip is /nix/store/psyzbhp4p088sb9qcs378hfbslcalasl-binutils-2.31.1/bin/strip
patching script interpreter paths in /nix/store/wch4nlbr00mc09qca7711r1pyiqknvqi-perl5.32.0-XML-Filter-BufferText-1.01-devdoc
checking for references to /build/ in /nix/store/wch4nlbr00mc09qca7711r1pyiqknvqi-perl5.32.0-XML-Filter-BufferText-1.01-devdoc...
/nix/store/hd9c4ya2abafjznrhcj4g6qjv17g5xyk-perl5.32.0-XML-Filter-BufferText-1.01
