these derivations will be built:
  /nix/store/mh3lkfll79w1m24xgxgbhwgkcq13zlk3-perl5.32.0-XML-Handler-YAWriter-0.23.drv
these paths will be fetched (0.02 MiB download, 0.02 MiB unpacked):
  /nix/store/vzc762ps2xsx6jkgz1jw589prqq2jk07-XML-Handler-YAWriter-0.23.tar.gz
copying path '/nix/store/vzc762ps2xsx6jkgz1jw589prqq2jk07-XML-Handler-YAWriter-0.23.tar.gz' from 'https://cache.nixos.org'...
building '/nix/store/mh3lkfll79w1m24xgxgbhwgkcq13zlk3-perl5.32.0-XML-Handler-YAWriter-0.23.drv'...
unpacking sources
unpacking source archive /nix/store/vzc762ps2xsx6jkgz1jw589prqq2jk07-XML-Handler-YAWriter-0.23.tar.gz
source root is XML-Handler-YAWriter-0.23
setting SOURCE_DATE_EPOCH to timestamp 1012251100 of file XML-Handler-YAWriter-0.23/YAWriter.pm
patching sources
configuring
patching ./xmlpretty...
Checking if your kit is complete...
Looks good
Generating a Unix-style Makefile
Writing Makefile for XML::Handler::YAWriter
Writing MYMETA.yml and MYMETA.json
no configure script, doing nothing
building
build flags: SHELL=/nix/store/9fqwwd4iybmhjqyxiaxycknslw6bgwh1-bash-4.4-p23/bin/bash
cp YAWriter.pm blib/lib/XML/Handler/YAWriter.pm
cp xmlpretty blib/script/xmlpretty
"/nix/store/7c044di03qa7qgr5kjjc2d787aspzp0m-perl-5.32.0/bin/perl" -MExtUtils::MY -e 'MY->fixin(shift)' -- blib/script/xmlpretty
Manifying 1 pod document
Manifying 1 pod document
running tests
check flags: SHELL=/nix/store/9fqwwd4iybmhjqyxiaxycknslw6bgwh1-bash-4.4-p23/bin/bash VERBOSE=y test
PERL_DL_NONLAZY=1 "/nix/store/7c044di03qa7qgr5kjjc2d787aspzp0m-perl-5.32.0/bin/perl" "-Iblib/lib" "-Iblib/arch" test.pl
1..5
ok 1
ok 2
ok 3
ok 4
ok 5
ok 6
ok 7
ok 8
installing
install flags: SHELL=/nix/store/9fqwwd4iybmhjqyxiaxycknslw6bgwh1-bash-4.4-p23/bin/bash pkgconfigdir=/nix/store/ck2jn49jjqn97i80dlsihfv4rhccf0kc-perl5.32.0-XML-Handler-YAWriter-0.23/lib/pkgconfig m4datadir=/nix/store/ck2jn49jjqn97i80dlsihfv4rhccf0kc-perl5.32.0-XML-Handler-YAWriter-0.23/share/aclocal aclocaldir=/nix/store/ck2jn49jjqn97i80dlsihfv4rhccf0kc-perl5.32.0-XML-Handler-YAWriter-0.23/share/aclocal install
Manifying 1 pod document
Manifying 1 pod document
Installing /nix/store/ck2jn49jjqn97i80dlsihfv4rhccf0kc-perl5.32.0-XML-Handler-YAWriter-0.23/lib/perl5/site_perl/5.32.0/XML/Handler/YAWriter.pm
Installing /nix/store/ck2jn49jjqn97i80dlsihfv4rhccf0kc-perl5.32.0-XML-Handler-YAWriter-0.23/share/man/man1/xmlpretty.1
Installing /nix/store/ck2jn49jjqn97i80dlsihfv4rhccf0kc-perl5.32.0-XML-Handler-YAWriter-0.23/share/man/man3/XML::Handler::YAWriter.3
Installing /nix/store/ck2jn49jjqn97i80dlsihfv4rhccf0kc-perl5.32.0-XML-Handler-YAWriter-0.23/bin/xmlpretty
Appending installation info to /nix/store/ck2jn49jjqn97i80dlsihfv4rhccf0kc-perl5.32.0-XML-Handler-YAWriter-0.23/lib/perl5/5.32.0/x86_64-linux-thread-multi/perllocal.pod
post-installation fixup
Moving /nix/store/ck2jn49jjqn97i80dlsihfv4rhccf0kc-perl5.32.0-XML-Handler-YAWriter-0.23/share/man/man3 to /nix/store/jw2qbp7dqrmm1c32qr7fc4crlmsk0csw-perl5.32.0-XML-Handler-YAWriter-0.23-devdoc/share/man/man3
rmdir: failed to remove '/nix/store/ck2jn49jjqn97i80dlsihfv4rhccf0kc-perl5.32.0-XML-Handler-YAWriter-0.23/share/man': Directory not empty
shrinking RPATHs of ELF executables and libraries in /nix/store/ck2jn49jjqn97i80dlsihfv4rhccf0kc-perl5.32.0-XML-Handler-YAWriter-0.23
gzipping man pages under /nix/store/ck2jn49jjqn97i80dlsihfv4rhccf0kc-perl5.32.0-XML-Handler-YAWriter-0.23/share/man/
strip is /nix/store/psyzbhp4p088sb9qcs378hfbslcalasl-binutils-2.31.1/bin/strip
stripping (with command strip and flags -S) in /nix/store/ck2jn49jjqn97i80dlsihfv4rhccf0kc-perl5.32.0-XML-Handler-YAWriter-0.23/lib  /nix/store/ck2jn49jjqn97i80dlsihfv4rhccf0kc-perl5.32.0-XML-Handler-YAWriter-0.23/bin
patching script interpreter paths in /nix/store/ck2jn49jjqn97i80dlsihfv4rhccf0kc-perl5.32.0-XML-Handler-YAWriter-0.23
checking for references to /build/ in /nix/store/ck2jn49jjqn97i80dlsihfv4rhccf0kc-perl5.32.0-XML-Handler-YAWriter-0.23...
shrinking RPATHs of ELF executables and libraries in /nix/store/jw2qbp7dqrmm1c32qr7fc4crlmsk0csw-perl5.32.0-XML-Handler-YAWriter-0.23-devdoc
gzipping man pages under /nix/store/jw2qbp7dqrmm1c32qr7fc4crlmsk0csw-perl5.32.0-XML-Handler-YAWriter-0.23-devdoc/share/man/
strip is /nix/store/psyzbhp4p088sb9qcs378hfbslcalasl-binutils-2.31.1/bin/strip
patching script interpreter paths in /nix/store/jw2qbp7dqrmm1c32qr7fc4crlmsk0csw-perl5.32.0-XML-Handler-YAWriter-0.23-devdoc
checking for references to /build/ in /nix/store/jw2qbp7dqrmm1c32qr7fc4crlmsk0csw-perl5.32.0-XML-Handler-YAWriter-0.23-devdoc...
/nix/store/ck2jn49jjqn97i80dlsihfv4rhccf0kc-perl5.32.0-XML-Handler-YAWriter-0.23
